[0.015s] Invoking command in '/home/fbot/kobuki_base_ros2/build/ecl_threads': AMENT_PREFIX_PATH=/home/fbot/kobuki_base_ros2/install/ecl_utilities:/home/fbot/kobuki_base_ros2/install/ecl_time:/home/fbot/kobuki_base_ros2/install/ecl_time_lite:/home/fbot/kobuki_base_ros2/install/ecl_exceptions:/home/fbot/kobuki_base_ros2/install/ecl_concepts:/home/fbot/kobuki_base_ros2/install/ecl_type_traits:/home/fbot/kobuki_base_ros2/install/ecl_errors:/home/fbot/kobuki_base_ros2/install/ecl_mpl:/home/fbot/kobuki_base_ros2/install/ecl_config:${AMENT_PREFIX_PATH} CMAKE_PREFIX_PATH=/home/fbot/kobuki_base_ros2/install/ecl_utilities:/home/fbot/kobuki_base_ros2/install/ecl_time:/home/fbot/kobuki_base_ros2/install/ecl_time_lite:/home/fbot/kobuki_base_ros2/install/ecl_exceptions:/home/fbot/kobuki_base_ros2/install/ecl_concepts:/home/fbot/kobuki_base_ros2/install/ecl_type_traits:/home/fbot/kobuki_base_ros2/install/ecl_errors:/home/fbot/kobuki_base_ros2/install/ecl_mpl:/home/fbot/kobuki_base_ros2/install/ecl_config:/opt/ros/humble LD_LIBRARY_PATH=/home/fbot/kobuki_base_ros2/install/ecl_time/lib:/home/fbot/kobuki_base_ros2/install/ecl_time_lite/lib:/home/fbot/kobuki_base_ros2/install/ecl_exceptions/lib:/home/fbot/kobuki_base_ros2/install/ecl_type_traits/lib:/home/fbot/kobuki_base_ros2/install/ecl_errors/lib:${LD_LIBRARY_PATH} PATH=/home/fbot/kobuki_base_ros2/install/ecl_type_traits/bin:/home/fbot/kobuki_base_ros2/install/ecl_config/bin:${PATH} /usr/bin/cmake --build /home/fbot/kobuki_base_ros2/build/ecl_threads -- -j12 -l12
[0.043s] [35m[1mConsolidate compiler generated dependencies of target gtest[0m
[0.043s] [35m[1mConsolidate compiler generated dependencies of target gtest_main[0m
[0.043s] [35m[1mConsolidate compiler generated dependencies of target ecl_threads[0m
[0.052s] [ 13%] Built target gtest
[0.053s] [ 30%] Built target gtest_main
[0.053s] [ 47%] Built target ecl_threads
[0.060s] [35m[1mConsolidate compiler generated dependencies of target ecl_test_threadable[0m
[0.061s] [35m[1mConsolidate compiler generated dependencies of target ecl_test_mutex[0m
[0.061s] [35m[1mConsolidate compiler generated dependencies of target ecl_demo_mutex[0m
[0.061s] [35m[1mConsolidate compiler generated dependencies of target ecl_test_threads[0m
[0.063s] [35m[1mConsolidate compiler generated dependencies of target ecl_test_priorities[0m
[0.064s] [35m[1mConsolidate compiler generated dependencies of target ecl_demo_thread[0m
[0.072s] [ 56%] Built target ecl_test_mutex
[0.072s] [ 65%] Built target ecl_test_threadable
[0.072s] [ 73%] Built target ecl_demo_mutex
[0.073s] [ 82%] Built target ecl_test_threads
[0.074s] [ 91%] Built target ecl_test_priorities
[0.075s] [100%] Built target ecl_demo_thread
[0.102s] Invoked command in '/home/fbot/kobuki_base_ros2/build/ecl_threads' returned '0': AMENT_PREFIX_PATH=/home/fbot/kobuki_base_ros2/install/ecl_utilities:/home/fbot/kobuki_base_ros2/install/ecl_time:/home/fbot/kobuki_base_ros2/install/ecl_time_lite:/home/fbot/kobuki_base_ros2/install/ecl_exceptions:/home/fbot/kobuki_base_ros2/install/ecl_concepts:/home/fbot/kobuki_base_ros2/install/ecl_type_traits:/home/fbot/kobuki_base_ros2/install/ecl_errors:/home/fbot/kobuki_base_ros2/install/ecl_mpl:/home/fbot/kobuki_base_ros2/install/ecl_config:${AMENT_PREFIX_PATH} CMAKE_PREFIX_PATH=/home/fbot/kobuki_base_ros2/install/ecl_utilities:/home/fbot/kobuki_base_ros2/install/ecl_time:/home/fbot/kobuki_base_ros2/install/ecl_time_lite:/home/fbot/kobuki_base_ros2/install/ecl_exceptions:/home/fbot/kobuki_base_ros2/install/ecl_concepts:/home/fbot/kobuki_base_ros2/install/ecl_type_traits:/home/fbot/kobuki_base_ros2/install/ecl_errors:/home/fbot/kobuki_base_ros2/install/ecl_mpl:/home/fbot/kobuki_base_ros2/install/ecl_config:/opt/ros/humble LD_LIBRARY_PATH=/home/fbot/kobuki_base_ros2/install/ecl_time/lib:/home/fbot/kobuki_base_ros2/install/ecl_time_lite/lib:/home/fbot/kobuki_base_ros2/install/ecl_exceptions/lib:/home/fbot/kobuki_base_ros2/install/ecl_type_traits/lib:/home/fbot/kobuki_base_ros2/install/ecl_errors/lib:${LD_LIBRARY_PATH} PATH=/home/fbot/kobuki_base_ros2/install/ecl_type_traits/bin:/home/fbot/kobuki_base_ros2/install/ecl_config/bin:${PATH} /usr/bin/cmake --build /home/fbot/kobuki_base_ros2/build/ecl_threads -- -j12 -l12
[0.103s] Invoking command in '/home/fbot/kobuki_base_ros2/build/ecl_threads': AMENT_PREFIX_PATH=/home/fbot/kobuki_base_ros2/install/ecl_utilities:/home/fbot/kobuki_base_ros2/install/ecl_time:/home/fbot/kobuki_base_ros2/install/ecl_time_lite:/home/fbot/kobuki_base_ros2/install/ecl_exceptions:/home/fbot/kobuki_base_ros2/install/ecl_concepts:/home/fbot/kobuki_base_ros2/install/ecl_type_traits:/home/fbot/kobuki_base_ros2/install/ecl_errors:/home/fbot/kobuki_base_ros2/install/ecl_mpl:/home/fbot/kobuki_base_ros2/install/ecl_config:${AMENT_PREFIX_PATH} CMAKE_PREFIX_PATH=/home/fbot/kobuki_base_ros2/install/ecl_utilities:/home/fbot/kobuki_base_ros2/install/ecl_time:/home/fbot/kobuki_base_ros2/install/ecl_time_lite:/home/fbot/kobuki_base_ros2/install/ecl_exceptions:/home/fbot/kobuki_base_ros2/install/ecl_concepts:/home/fbot/kobuki_base_ros2/install/ecl_type_traits:/home/fbot/kobuki_base_ros2/install/ecl_errors:/home/fbot/kobuki_base_ros2/install/ecl_mpl:/home/fbot/kobuki_base_ros2/install/ecl_config:/opt/ros/humble LD_LIBRARY_PATH=/home/fbot/kobuki_base_ros2/install/ecl_time/lib:/home/fbot/kobuki_base_ros2/install/ecl_time_lite/lib:/home/fbot/kobuki_base_ros2/install/ecl_exceptions/lib:/home/fbot/kobuki_base_ros2/install/ecl_type_traits/lib:/home/fbot/kobuki_base_ros2/install/ecl_errors/lib:${LD_LIBRARY_PATH} PATH=/home/fbot/kobuki_base_ros2/install/ecl_type_traits/bin:/home/fbot/kobuki_base_ros2/install/ecl_config/bin:${PATH} /usr/bin/cmake --install /home/fbot/kobuki_base_ros2/build/ecl_threads
[0.109s] -- Install configuration: ""
[0.109s] -- Up-to-date: /home/fbot/kobuki_base_ros2/install/ecl_threads/share/ecl_threads/environment/library_path.sh
[0.109s] -- Up-to-date: /home/fbot/kobuki_base_ros2/install/ecl_threads/share/ecl_threads/environment/library_path.dsv
[0.109s] -- Up-to-date: /home/fbot/kobuki_base_ros2/install/ecl_threads/share/ament_index/resource_index/package_run_dependencies/ecl_threads
[0.109s] -- Up-to-date: /home/fbot/kobuki_base_ros2/install/ecl_threads/share/ament_index/resource_index/parent_prefix_path/ecl_threads
[0.109s] -- Up-to-date: /home/fbot/kobuki_base_ros2/install/ecl_threads/share/ecl_threads/environment/ament_prefix_path.sh
[0.109s] -- Up-to-date: /home/fbot/kobuki_base_ros2/install/ecl_threads/share/ecl_threads/environment/ament_prefix_path.dsv
[0.109s] -- Up-to-date: /home/fbot/kobuki_base_ros2/install/ecl_threads/share/ecl_threads/environment/path.sh
[0.109s] -- Up-to-date: /home/fbot/kobuki_base_ros2/install/ecl_threads/share/ecl_threads/environment/path.dsv
[0.109s] -- Up-to-date: /home/fbot/kobuki_base_ros2/install/ecl_threads/share/ecl_threads/local_setup.bash
[0.109s] -- Up-to-date: /home/fbot/kobuki_base_ros2/install/ecl_threads/share/ecl_threads/local_setup.sh
[0.110s] -- Up-to-date: /home/fbot/kobuki_base_ros2/install/ecl_threads/share/ecl_threads/local_setup.zsh
[0.110s] -- Up-to-date: /home/fbot/kobuki_base_ros2/install/ecl_threads/share/ecl_threads/local_setup.dsv
[0.110s] -- Installing: /home/fbot/kobuki_base_ros2/install/ecl_threads/share/ecl_threads/package.dsv
[0.110s] -- Up-to-date: /home/fbot/kobuki_base_ros2/install/ecl_threads/share/ament_index/resource_index/packages/ecl_threads
[0.110s] -- Up-to-date: /home/fbot/kobuki_base_ros2/install/ecl_threads/share/ecl_threads/cmake/ecl_threadsExport.cmake
[0.110s] -- Up-to-date: /home/fbot/kobuki_base_ros2/install/ecl_threads/share/ecl_threads/cmake/ecl_threadsExport-noconfig.cmake
[0.110s] -- Up-to-date: /home/fbot/kobuki_base_ros2/install/ecl_threads/share/ecl_threads/cmake/ecl_threads-extras.cmake
[0.110s] -- Up-to-date: /home/fbot/kobuki_base_ros2/install/ecl_threads/share/ecl_threads/cmake/ament_cmake_export_targets-extras.cmake
[0.110s] -- Up-to-date: /home/fbot/kobuki_base_ros2/install/ecl_threads/share/ecl_threads/cmake/ament_cmake_export_include_directories-extras.cmake
[0.110s] -- Up-to-date: /home/fbot/kobuki_base_ros2/install/ecl_threads/share/ecl_threads/cmake/ament_cmake_export_libraries-extras.cmake
[0.110s] -- Up-to-date: /home/fbot/kobuki_base_ros2/install/ecl_threads/share/ecl_threads/cmake/ament_cmake_export_dependencies-extras.cmake
[0.110s] -- Up-to-date: /home/fbot/kobuki_base_ros2/install/ecl_threads/share/ecl_threads/cmake/ecl_threadsConfig.cmake
[0.110s] -- Up-to-date: /home/fbot/kobuki_base_ros2/install/ecl_threads/share/ecl_threads/cmake/ecl_threadsConfig-version.cmake
[0.110s] -- Up-to-date: /home/fbot/kobuki_base_ros2/install/ecl_threads/share/ecl_threads/package.xml
[0.110s] -- Up-to-date: /home/fbot/kobuki_base_ros2/install/ecl_threads/include/ecl/threads.hpp
[0.110s] -- Up-to-date: /home/fbot/kobuki_base_ros2/install/ecl_threads/include/ecl/threads/macros.hpp
[0.110s] -- Up-to-date: /home/fbot/kobuki_base_ros2/install/ecl_threads/include/ecl/threads/mutex.hpp
[0.111s] -- Up-to-date: /home/fbot/kobuki_base_ros2/install/ecl_threads/include/ecl/threads/mutex_pos.hpp
[0.111s] -- Up-to-date: /home/fbot/kobuki_base_ros2/install/ecl_threads/include/ecl/threads/mutex_w32.hpp
[0.111s] -- Up-to-date: /home/fbot/kobuki_base_ros2/install/ecl_threads/include/ecl/threads/priority.hpp
[0.111s] -- Up-to-date: /home/fbot/kobuki_base_ros2/install/ecl_threads/include/ecl/threads/priority_common.hpp
[0.111s] -- Up-to-date: /home/fbot/kobuki_base_ros2/install/ecl_threads/include/ecl/threads/priority_pos.hpp
[0.111s] -- Up-to-date: /home/fbot/kobuki_base_ros2/install/ecl_threads/include/ecl/threads/priority_win.hpp
[0.111s] -- Up-to-date: /home/fbot/kobuki_base_ros2/install/ecl_threads/include/ecl/threads/thread.hpp
[0.111s] -- Up-to-date: /home/fbot/kobuki_base_ros2/install/ecl_threads/include/ecl/threads/thread_exceptions_pos.hpp
[0.111s] -- Up-to-date: /home/fbot/kobuki_base_ros2/install/ecl_threads/include/ecl/threads/thread_pos.hpp
[0.111s] -- Up-to-date: /home/fbot/kobuki_base_ros2/install/ecl_threads/include/ecl/threads/thread_win.hpp
[0.111s] -- Up-to-date: /home/fbot/kobuki_base_ros2/install/ecl_threads/include/ecl/threads/threadable.hpp
[0.111s] -- Up-to-date: /home/fbot/kobuki_base_ros2/install/ecl_threads/lib/libecl_threads.so.1.2.1
[0.111s] -- Up-to-date: /home/fbot/kobuki_base_ros2/install/ecl_threads/lib/libecl_threads.so
[0.111s] -- Up-to-date: /home/fbot/kobuki_base_ros2/install/ecl_threads/lib/ecl_threads/demo_thread
[0.112s] -- Up-to-date: /home/fbot/kobuki_base_ros2/install/ecl_threads/lib/ecl_threads/demo_mutex
[0.114s] Invoked command in '/home/fbot/kobuki_base_ros2/build/ecl_threads' returned '0': AMENT_PREFIX_PATH=/home/fbot/kobuki_base_ros2/install/ecl_utilities:/home/fbot/kobuki_base_ros2/install/ecl_time:/home/fbot/kobuki_base_ros2/install/ecl_time_lite:/home/fbot/kobuki_base_ros2/install/ecl_exceptions:/home/fbot/kobuki_base_ros2/install/ecl_concepts:/home/fbot/kobuki_base_ros2/install/ecl_type_traits:/home/fbot/kobuki_base_ros2/install/ecl_errors:/home/fbot/kobuki_base_ros2/install/ecl_mpl:/home/fbot/kobuki_base_ros2/install/ecl_config:${AMENT_PREFIX_PATH} CMAKE_PREFIX_PATH=/home/fbot/kobuki_base_ros2/install/ecl_utilities:/home/fbot/kobuki_base_ros2/install/ecl_time:/home/fbot/kobuki_base_ros2/install/ecl_time_lite:/home/fbot/kobuki_base_ros2/install/ecl_exceptions:/home/fbot/kobuki_base_ros2/install/ecl_concepts:/home/fbot/kobuki_base_ros2/install/ecl_type_traits:/home/fbot/kobuki_base_ros2/install/ecl_errors:/home/fbot/kobuki_base_ros2/install/ecl_mpl:/home/fbot/kobuki_base_ros2/install/ecl_config:/opt/ros/humble LD_LIBRARY_PATH=/home/fbot/kobuki_base_ros2/install/ecl_time/lib:/home/fbot/kobuki_base_ros2/install/ecl_time_lite/lib:/home/fbot/kobuki_base_ros2/install/ecl_exceptions/lib:/home/fbot/kobuki_base_ros2/install/ecl_type_traits/lib:/home/fbot/kobuki_base_ros2/install/ecl_errors/lib:${LD_LIBRARY_PATH} PATH=/home/fbot/kobuki_base_ros2/install/ecl_type_traits/bin:/home/fbot/kobuki_base_ros2/install/ecl_config/bin:${PATH} /usr/bin/cmake --install /home/fbot/kobuki_base_ros2/build/ecl_threads
