[0.079s] Invoking command in '/home/fbot/kobuki_base_ros2/build/ecl_filesystem': AMENT_PREFIX_PATH=/home/fbot/kobuki_base_ros2/install/ecl_errors:/home/fbot/kobuki_base_ros2/install/ecl_config:${AMENT_PREFIX_PATH} CMAKE_PREFIX_PATH=/home/fbot/kobuki_base_ros2/install/ecl_errors:/home/fbot/kobuki_base_ros2/install/ecl_config:/opt/ros/humble LD_LIBRARY_PATH=/home/fbot/kobuki_base_ros2/install/ecl_errors/lib:${LD_LIBRARY_PATH} PATH=/home/fbot/kobuki_base_ros2/install/ecl_config/bin:${PATH} /usr/bin/cmake --build /home/fbot/kobuki_base_ros2/build/ecl_filesystem -- -j12 -l12
[0.134s] [35m[1mConsolidate compiler generated dependencies of target gtest[0m
[0.134s] [35m[1mConsolidate compiler generated dependencies of target ecl_filesystem[0m
[0.134s] [35m[1mConsolidate compiler generated dependencies of target gtest_main[0m
[0.134s] [ 25%] Built target gtest
[0.134s] [ 50%] Built target ecl_filesystem
[0.134s] [ 75%] Built target gtest_main
[0.134s] [35m[1mConsolidate compiler generated dependencies of target ecl_test_realpath[0m
[0.140s] [100%] Built target ecl_test_realpath
[0.166s] Invoked command in '/home/fbot/kobuki_base_ros2/build/ecl_filesystem' returned '0': AMENT_PREFIX_PATH=/home/fbot/kobuki_base_ros2/install/ecl_errors:/home/fbot/kobuki_base_ros2/install/ecl_config:${AMENT_PREFIX_PATH} CMAKE_PREFIX_PATH=/home/fbot/kobuki_base_ros2/install/ecl_errors:/home/fbot/kobuki_base_ros2/install/ecl_config:/opt/ros/humble LD_LIBRARY_PATH=/home/fbot/kobuki_base_ros2/install/ecl_errors/lib:${LD_LIBRARY_PATH} PATH=/home/fbot/kobuki_base_ros2/install/ecl_config/bin:${PATH} /usr/bin/cmake --build /home/fbot/kobuki_base_ros2/build/ecl_filesystem -- -j12 -l12
[0.175s] Invoking command in '/home/fbot/kobuki_base_ros2/build/ecl_filesystem': AMENT_PREFIX_PATH=/home/fbot/kobuki_base_ros2/install/ecl_errors:/home/fbot/kobuki_base_ros2/install/ecl_config:${AMENT_PREFIX_PATH} CMAKE_PREFIX_PATH=/home/fbot/kobuki_base_ros2/install/ecl_errors:/home/fbot/kobuki_base_ros2/install/ecl_config:/opt/ros/humble LD_LIBRARY_PATH=/home/fbot/kobuki_base_ros2/install/ecl_errors/lib:${LD_LIBRARY_PATH} PATH=/home/fbot/kobuki_base_ros2/install/ecl_config/bin:${PATH} /usr/bin/cmake --install /home/fbot/kobuki_base_ros2/build/ecl_filesystem
[0.187s] -- Install configuration: ""
[0.188s] -- Up-to-date: /home/fbot/kobuki_base_ros2/install/ecl_filesystem/share/ecl_filesystem/environment/library_path.sh
[0.188s] -- Up-to-date: /home/fbot/kobuki_base_ros2/install/ecl_filesystem/share/ecl_filesystem/environment/library_path.dsv
[0.188s] -- Up-to-date: /home/fbot/kobuki_base_ros2/install/ecl_filesystem/share/ament_index/resource_index/package_run_dependencies/ecl_filesystem
[0.188s] -- Up-to-date: /home/fbot/kobuki_base_ros2/install/ecl_filesystem/share/ament_index/resource_index/parent_prefix_path/ecl_filesystem
[0.188s] -- Up-to-date: /home/fbot/kobuki_base_ros2/install/ecl_filesystem/share/ecl_filesystem/environment/ament_prefix_path.sh
[0.188s] -- Up-to-date: /home/fbot/kobuki_base_ros2/install/ecl_filesystem/share/ecl_filesystem/environment/ament_prefix_path.dsv
[0.189s] -- Up-to-date: /home/fbot/kobuki_base_ros2/install/ecl_filesystem/share/ecl_filesystem/environment/path.sh
[0.189s] -- Up-to-date: /home/fbot/kobuki_base_ros2/install/ecl_filesystem/share/ecl_filesystem/environment/path.dsv
[0.190s] -- Up-to-date: /home/fbot/kobuki_base_ros2/install/ecl_filesystem/share/ecl_filesystem/local_setup.bash
[0.190s] -- Up-to-date: /home/fbot/kobuki_base_ros2/install/ecl_filesystem/share/ecl_filesystem/local_setup.sh
[0.190s] -- Up-to-date: /home/fbot/kobuki_base_ros2/install/ecl_filesystem/share/ecl_filesystem/local_setup.zsh
[0.190s] -- Up-to-date: /home/fbot/kobuki_base_ros2/install/ecl_filesystem/share/ecl_filesystem/local_setup.dsv
[0.190s] -- Installing: /home/fbot/kobuki_base_ros2/install/ecl_filesystem/share/ecl_filesystem/package.dsv
[0.190s] -- Up-to-date: /home/fbot/kobuki_base_ros2/install/ecl_filesystem/share/ament_index/resource_index/packages/ecl_filesystem
[0.190s] -- Up-to-date: /home/fbot/kobuki_base_ros2/install/ecl_filesystem/share/ecl_filesystem/cmake/ecl_filesystemExport.cmake
[0.191s] -- Up-to-date: /home/fbot/kobuki_base_ros2/install/ecl_filesystem/share/ecl_filesystem/cmake/ecl_filesystemExport-noconfig.cmake
[0.191s] -- Up-to-date: /home/fbot/kobuki_base_ros2/install/ecl_filesystem/share/ecl_filesystem/cmake/ament_cmake_export_targets-extras.cmake
[0.191s] -- Up-to-date: /home/fbot/kobuki_base_ros2/install/ecl_filesystem/share/ecl_filesystem/cmake/ament_cmake_export_include_directories-extras.cmake
[0.191s] -- Up-to-date: /home/fbot/kobuki_base_ros2/install/ecl_filesystem/share/ecl_filesystem/cmake/ament_cmake_export_libraries-extras.cmake
[0.192s] -- Up-to-date: /home/fbot/kobuki_base_ros2/install/ecl_filesystem/share/ecl_filesystem/cmake/ament_cmake_export_dependencies-extras.cmake
[0.193s] -- Up-to-date: /home/fbot/kobuki_base_ros2/install/ecl_filesystem/share/ecl_filesystem/cmake/ecl_filesystemConfig.cmake
[0.193s] -- Up-to-date: /home/fbot/kobuki_base_ros2/install/ecl_filesystem/share/ecl_filesystem/cmake/ecl_filesystemConfig-version.cmake
[0.193s] -- Up-to-date: /home/fbot/kobuki_base_ros2/install/ecl_filesystem/share/ecl_filesystem/package.xml
[0.193s] -- Up-to-date: /home/fbot/kobuki_base_ros2/install/ecl_filesystem/include/ecl/filesystem.hpp
[0.194s] -- Up-to-date: /home/fbot/kobuki_base_ros2/install/ecl_filesystem/include/ecl/filesystem/errors.hpp
[0.194s] -- Up-to-date: /home/fbot/kobuki_base_ros2/install/ecl_filesystem/include/ecl/filesystem/macros.hpp
[0.194s] -- Up-to-date: /home/fbot/kobuki_base_ros2/install/ecl_filesystem/include/ecl/filesystem/realpath.hpp
[0.194s] -- Up-to-date: /home/fbot/kobuki_base_ros2/install/ecl_filesystem/include/ecl/filesystem/config.hpp
[0.194s] -- Up-to-date: /home/fbot/kobuki_base_ros2/install/ecl_filesystem/lib/libecl_filesystem.so.1.2.1
[0.194s] -- Up-to-date: /home/fbot/kobuki_base_ros2/install/ecl_filesystem/lib/libecl_filesystem.so
[0.251s] Invoked command in '/home/fbot/kobuki_base_ros2/build/ecl_filesystem' returned '0': AMENT_PREFIX_PATH=/home/fbot/kobuki_base_ros2/install/ecl_errors:/home/fbot/kobuki_base_ros2/install/ecl_config:${AMENT_PREFIX_PATH} CMAKE_PREFIX_PATH=/home/fbot/kobuki_base_ros2/install/ecl_errors:/home/fbot/kobuki_base_ros2/install/ecl_config:/opt/ros/humble LD_LIBRARY_PATH=/home/fbot/kobuki_base_ros2/install/ecl_errors/lib:${LD_LIBRARY_PATH} PATH=/home/fbot/kobuki_base_ros2/install/ecl_config/bin:${PATH} /usr/bin/cmake --install /home/fbot/kobuki_base_ros2/build/ecl_filesystem
