[0.020s] Invoking command in '/home/fbot/kobuki_base_ros2/build/ecl_formatters': AMENT_PREFIX_PATH=/home/fbot/kobuki_base_ros2/install/ecl_converters:/home/fbot/kobuki_base_ros2/install/ecl_exceptions:/home/fbot/kobuki_base_ros2/install/ecl_concepts:/home/fbot/kobuki_base_ros2/install/ecl_type_traits:/home/fbot/kobuki_base_ros2/install/ecl_errors:/home/fbot/kobuki_base_ros2/install/ecl_mpl:/home/fbot/kobuki_base_ros2/install/ecl_config:${AMENT_PREFIX_PATH} CMAKE_PREFIX_PATH=/home/fbot/kobuki_base_ros2/install/ecl_converters:/home/fbot/kobuki_base_ros2/install/ecl_exceptions:/home/fbot/kobuki_base_ros2/install/ecl_concepts:/home/fbot/kobuki_base_ros2/install/ecl_type_traits:/home/fbot/kobuki_base_ros2/install/ecl_errors:/home/fbot/kobuki_base_ros2/install/ecl_mpl:/home/fbot/kobuki_base_ros2/install/ecl_config:/opt/ros/humble LD_LIBRARY_PATH=/home/fbot/kobuki_base_ros2/install/ecl_exceptions/lib:/home/fbot/kobuki_base_ros2/install/ecl_type_traits/lib:/home/fbot/kobuki_base_ros2/install/ecl_errors/lib:${LD_LIBRARY_PATH} PATH=/home/fbot/kobuki_base_ros2/install/ecl_type_traits/bin:/home/fbot/kobuki_base_ros2/install/ecl_config/bin:${PATH} /usr/bin/cmake --build /home/fbot/kobuki_base_ros2/build/ecl_formatters -- -j12 -l12
[0.050s] [35m[1mConsolidate compiler generated dependencies of target ecl_formatters[0m
[0.058s] [ 50%] Built target ecl_formatters
[0.066s] [35m[1mConsolidate compiler generated dependencies of target ecl_demo_formatters[0m
[0.075s] [100%] Built target ecl_demo_formatters
[0.085s] Invoked command in '/home/fbot/kobuki_base_ros2/build/ecl_formatters' returned '0': AMENT_PREFIX_PATH=/home/fbot/kobuki_base_ros2/install/ecl_converters:/home/fbot/kobuki_base_ros2/install/ecl_exceptions:/home/fbot/kobuki_base_ros2/install/ecl_concepts:/home/fbot/kobuki_base_ros2/install/ecl_type_traits:/home/fbot/kobuki_base_ros2/install/ecl_errors:/home/fbot/kobuki_base_ros2/install/ecl_mpl:/home/fbot/kobuki_base_ros2/install/ecl_config:${AMENT_PREFIX_PATH} CMAKE_PREFIX_PATH=/home/fbot/kobuki_base_ros2/install/ecl_converters:/home/fbot/kobuki_base_ros2/install/ecl_exceptions:/home/fbot/kobuki_base_ros2/install/ecl_concepts:/home/fbot/kobuki_base_ros2/install/ecl_type_traits:/home/fbot/kobuki_base_ros2/install/ecl_errors:/home/fbot/kobuki_base_ros2/install/ecl_mpl:/home/fbot/kobuki_base_ros2/install/ecl_config:/opt/ros/humble LD_LIBRARY_PATH=/home/fbot/kobuki_base_ros2/install/ecl_exceptions/lib:/home/fbot/kobuki_base_ros2/install/ecl_type_traits/lib:/home/fbot/kobuki_base_ros2/install/ecl_errors/lib:${LD_LIBRARY_PATH} PATH=/home/fbot/kobuki_base_ros2/install/ecl_type_traits/bin:/home/fbot/kobuki_base_ros2/install/ecl_config/bin:${PATH} /usr/bin/cmake --build /home/fbot/kobuki_base_ros2/build/ecl_formatters -- -j12 -l12
[0.086s] Invoking command in '/home/fbot/kobuki_base_ros2/build/ecl_formatters': AMENT_PREFIX_PATH=/home/fbot/kobuki_base_ros2/install/ecl_converters:/home/fbot/kobuki_base_ros2/install/ecl_exceptions:/home/fbot/kobuki_base_ros2/install/ecl_concepts:/home/fbot/kobuki_base_ros2/install/ecl_type_traits:/home/fbot/kobuki_base_ros2/install/ecl_errors:/home/fbot/kobuki_base_ros2/install/ecl_mpl:/home/fbot/kobuki_base_ros2/install/ecl_config:${AMENT_PREFIX_PATH} CMAKE_PREFIX_PATH=/home/fbot/kobuki_base_ros2/install/ecl_converters:/home/fbot/kobuki_base_ros2/install/ecl_exceptions:/home/fbot/kobuki_base_ros2/install/ecl_concepts:/home/fbot/kobuki_base_ros2/install/ecl_type_traits:/home/fbot/kobuki_base_ros2/install/ecl_errors:/home/fbot/kobuki_base_ros2/install/ecl_mpl:/home/fbot/kobuki_base_ros2/install/ecl_config:/opt/ros/humble LD_LIBRARY_PATH=/home/fbot/kobuki_base_ros2/install/ecl_exceptions/lib:/home/fbot/kobuki_base_ros2/install/ecl_type_traits/lib:/home/fbot/kobuki_base_ros2/install/ecl_errors/lib:${LD_LIBRARY_PATH} PATH=/home/fbot/kobuki_base_ros2/install/ecl_type_traits/bin:/home/fbot/kobuki_base_ros2/install/ecl_config/bin:${PATH} /usr/bin/cmake --install /home/fbot/kobuki_base_ros2/build/ecl_formatters
[0.092s] -- Install configuration: ""
[0.092s] -- Up-to-date: /home/fbot/kobuki_base_ros2/install/ecl_formatters/share/ecl_formatters/environment/library_path.sh
[0.092s] -- Up-to-date: /home/fbot/kobuki_base_ros2/install/ecl_formatters/share/ecl_formatters/environment/library_path.dsv
[0.093s] -- Up-to-date: /home/fbot/kobuki_base_ros2/install/ecl_formatters/share/ament_index/resource_index/package_run_dependencies/ecl_formatters
[0.093s] -- Up-to-date: /home/fbot/kobuki_base_ros2/install/ecl_formatters/share/ament_index/resource_index/parent_prefix_path/ecl_formatters
[0.093s] -- Up-to-date: /home/fbot/kobuki_base_ros2/install/ecl_formatters/share/ecl_formatters/environment/ament_prefix_path.sh
[0.093s] -- Up-to-date: /home/fbot/kobuki_base_ros2/install/ecl_formatters/share/ecl_formatters/environment/ament_prefix_path.dsv
[0.093s] -- Up-to-date: /home/fbot/kobuki_base_ros2/install/ecl_formatters/share/ecl_formatters/environment/path.sh
[0.093s] -- Up-to-date: /home/fbot/kobuki_base_ros2/install/ecl_formatters/share/ecl_formatters/environment/path.dsv
[0.093s] -- Up-to-date: /home/fbot/kobuki_base_ros2/install/ecl_formatters/share/ecl_formatters/local_setup.bash
[0.093s] -- Up-to-date: /home/fbot/kobuki_base_ros2/install/ecl_formatters/share/ecl_formatters/local_setup.sh
[0.093s] -- Up-to-date: /home/fbot/kobuki_base_ros2/install/ecl_formatters/share/ecl_formatters/local_setup.zsh
[0.093s] -- Up-to-date: /home/fbot/kobuki_base_ros2/install/ecl_formatters/share/ecl_formatters/local_setup.dsv
[0.094s] -- Up-to-date: /home/fbot/kobuki_base_ros2/install/ecl_formatters/share/ecl_formatters/package.dsv
[0.094s] -- Up-to-date: /home/fbot/kobuki_base_ros2/install/ecl_formatters/share/ament_index/resource_index/packages/ecl_formatters
[0.094s] -- Up-to-date: /home/fbot/kobuki_base_ros2/install/ecl_formatters/share/ecl_formatters/cmake/ecl_formattersExport.cmake
[0.094s] -- Up-to-date: /home/fbot/kobuki_base_ros2/install/ecl_formatters/share/ecl_formatters/cmake/ecl_formattersExport-noconfig.cmake
[0.094s] -- Up-to-date: /home/fbot/kobuki_base_ros2/install/ecl_formatters/share/ecl_formatters/cmake/ament_cmake_export_targets-extras.cmake
[0.094s] -- Up-to-date: /home/fbot/kobuki_base_ros2/install/ecl_formatters/share/ecl_formatters/cmake/ament_cmake_export_include_directories-extras.cmake
[0.094s] -- Up-to-date: /home/fbot/kobuki_base_ros2/install/ecl_formatters/share/ecl_formatters/cmake/ament_cmake_export_libraries-extras.cmake
[0.094s] -- Up-to-date: /home/fbot/kobuki_base_ros2/install/ecl_formatters/share/ecl_formatters/cmake/ament_cmake_export_dependencies-extras.cmake
[0.094s] -- Up-to-date: /home/fbot/kobuki_base_ros2/install/ecl_formatters/share/ecl_formatters/cmake/ecl_formattersConfig.cmake
[0.094s] -- Up-to-date: /home/fbot/kobuki_base_ros2/install/ecl_formatters/share/ecl_formatters/cmake/ecl_formattersConfig-version.cmake
[0.094s] -- Up-to-date: /home/fbot/kobuki_base_ros2/install/ecl_formatters/share/ecl_formatters/package.xml
[0.095s] -- Up-to-date: /home/fbot/kobuki_base_ros2/install/ecl_formatters/include/ecl/formatters.hpp
[0.095s] -- Up-to-date: /home/fbot/kobuki_base_ros2/install/ecl_formatters/include/ecl/formatters/common.hpp
[0.095s] -- Up-to-date: /home/fbot/kobuki_base_ros2/install/ecl_formatters/include/ecl/formatters/floats.hpp
[0.095s] -- Up-to-date: /home/fbot/kobuki_base_ros2/install/ecl_formatters/include/ecl/formatters/macros.hpp
[0.095s] -- Up-to-date: /home/fbot/kobuki_base_ros2/install/ecl_formatters/include/ecl/formatters/number.hpp
[0.095s] -- Up-to-date: /home/fbot/kobuki_base_ros2/install/ecl_formatters/include/ecl/formatters/strings.hpp
[0.095s] -- Up-to-date: /home/fbot/kobuki_base_ros2/install/ecl_formatters/lib/libecl_formatters.so.1.2.1
[0.095s] -- Up-to-date: /home/fbot/kobuki_base_ros2/install/ecl_formatters/lib/libecl_formatters.so
[0.095s] -- Up-to-date: /home/fbot/kobuki_base_ros2/install/ecl_formatters/lib/ecl_formatters/demo_formatters
[0.097s] Invoked command in '/home/fbot/kobuki_base_ros2/build/ecl_formatters' returned '0': AMENT_PREFIX_PATH=/home/fbot/kobuki_base_ros2/install/ecl_converters:/home/fbot/kobuki_base_ros2/install/ecl_exceptions:/home/fbot/kobuki_base_ros2/install/ecl_concepts:/home/fbot/kobuki_base_ros2/install/ecl_type_traits:/home/fbot/kobuki_base_ros2/install/ecl_errors:/home/fbot/kobuki_base_ros2/install/ecl_mpl:/home/fbot/kobuki_base_ros2/install/ecl_config:${AMENT_PREFIX_PATH} CMAKE_PREFIX_PATH=/home/fbot/kobuki_base_ros2/install/ecl_converters:/home/fbot/kobuki_base_ros2/install/ecl_exceptions:/home/fbot/kobuki_base_ros2/install/ecl_concepts:/home/fbot/kobuki_base_ros2/install/ecl_type_traits:/home/fbot/kobuki_base_ros2/install/ecl_errors:/home/fbot/kobuki_base_ros2/install/ecl_mpl:/home/fbot/kobuki_base_ros2/install/ecl_config:/opt/ros/humble LD_LIBRARY_PATH=/home/fbot/kobuki_base_ros2/install/ecl_exceptions/lib:/home/fbot/kobuki_base_ros2/install/ecl_type_traits/lib:/home/fbot/kobuki_base_ros2/install/ecl_errors/lib:${LD_LIBRARY_PATH} PATH=/home/fbot/kobuki_base_ros2/install/ecl_type_traits/bin:/home/fbot/kobuki_base_ros2/install/ecl_config/bin:${PATH} /usr/bin/cmake --install /home/fbot/kobuki_base_ros2/build/ecl_formatters
