[0.072s] Invoking command in '/home/fbot/kobuki_base_ros2/build/ecl_sigslots_lite': AMENT_PREFIX_PATH=/home/fbot/kobuki_base_ros2/install/ecl_errors:/home/fbot/kobuki_base_ros2/install/ecl_config:${AMENT_PREFIX_PATH} CMAKE_PREFIX_PATH=/home/fbot/kobuki_base_ros2/install/ecl_errors:/home/fbot/kobuki_base_ros2/install/ecl_config:/opt/ros/humble LD_LIBRARY_PATH=/home/fbot/kobuki_base_ros2/install/ecl_errors/lib:${LD_LIBRARY_PATH} PATH=/home/fbot/kobuki_base_ros2/install/ecl_config/bin:${PATH} /usr/bin/cmake /home/fbot/kobuki_base_ros2/src/ecl_lite/ecl_sigslots_lite -DCMAKE_INSTALL_PREFIX=/home/fbot/kobuki_base_ros2/install/ecl_sigslots_lite
[0.261s] -- The C compiler identification is GNU 11.4.0
[0.458s] -- The CXX compiler identification is GNU 11.4.0
[0.489s] -- Detecting C compiler ABI info
[0.684s] -- Detecting C compiler ABI info - done
[0.709s] -- Check for working C compiler: /usr/bin/cc - skipped
[0.710s] -- Detecting C compile features
[0.710s] -- Detecting C compile features - done
[0.717s] -- Detecting CXX compiler ABI info
[0.925s] -- Detecting CXX compiler ABI info - done
[0.950s] -- Check for working CXX compiler: /usr/bin/c++ - skipped
[0.950s] -- Detecting CXX compile features
[0.953s] -- Detecting CXX compile features - done
[0.955s] -- Found ament_cmake_ros: 0.10.0 (/opt/ros/humble/share/ament_cmake_ros/cmake)
[1.302s] -- Found Python3: /usr/bin/python3 (found version "3.10.12") found components: Interpreter 
[1.576s] -- Found ecl_build: 1.0.3 (/opt/ros/humble/share/ecl_build/cmake)
[1.589s] -- Found ecl_config: 1.2.0 (/home/fbot/kobuki_base_ros2/install/ecl_config/share/ecl_config/cmake)
[1.594s] -- Found ecl_errors: 1.2.0 (/home/fbot/kobuki_base_ros2/install/ecl_errors/share/ecl_errors/cmake)
[1.808s] -- Configuring done
[1.834s] -- Generating done
[1.841s] -- Build files have been written to: /home/fbot/kobuki_base_ros2/build/ecl_sigslots_lite
[1.862s] Invoked command in '/home/fbot/kobuki_base_ros2/build/ecl_sigslots_lite' returned '0': AMENT_PREFIX_PATH=/home/fbot/kobuki_base_ros2/install/ecl_errors:/home/fbot/kobuki_base_ros2/install/ecl_config:${AMENT_PREFIX_PATH} CMAKE_PREFIX_PATH=/home/fbot/kobuki_base_ros2/install/ecl_errors:/home/fbot/kobuki_base_ros2/install/ecl_config:/opt/ros/humble LD_LIBRARY_PATH=/home/fbot/kobuki_base_ros2/install/ecl_errors/lib:${LD_LIBRARY_PATH} PATH=/home/fbot/kobuki_base_ros2/install/ecl_config/bin:${PATH} /usr/bin/cmake /home/fbot/kobuki_base_ros2/src/ecl_lite/ecl_sigslots_lite -DCMAKE_INSTALL_PREFIX=/home/fbot/kobuki_base_ros2/install/ecl_sigslots_lite
[1.866s] Invoking command in '/home/fbot/kobuki_base_ros2/build/ecl_sigslots_lite': AMENT_PREFIX_PATH=/home/fbot/kobuki_base_ros2/install/ecl_errors:/home/fbot/kobuki_base_ros2/install/ecl_config:${AMENT_PREFIX_PATH} CMAKE_PREFIX_PATH=/home/fbot/kobuki_base_ros2/install/ecl_errors:/home/fbot/kobuki_base_ros2/install/ecl_config:/opt/ros/humble LD_LIBRARY_PATH=/home/fbot/kobuki_base_ros2/install/ecl_errors/lib:${LD_LIBRARY_PATH} PATH=/home/fbot/kobuki_base_ros2/install/ecl_config/bin:${PATH} /usr/bin/cmake --build /home/fbot/kobuki_base_ros2/build/ecl_sigslots_lite -- -j12 -l12
[4.200s] [ 50%] [32mBuilding CXX object src/examples/CMakeFiles/demo_sigslots_lite.dir/sigslots.cpp.o[0m
[4.200s] [100%] [32m[1mLinking CXX executable demo_sigslots_lite[0m
[4.200s] [100%] Built target demo_sigslots_lite
[4.214s] Invoked command in '/home/fbot/kobuki_base_ros2/build/ecl_sigslots_lite' returned '0': AMENT_PREFIX_PATH=/home/fbot/kobuki_base_ros2/install/ecl_errors:/home/fbot/kobuki_base_ros2/install/ecl_config:${AMENT_PREFIX_PATH} CMAKE_PREFIX_PATH=/home/fbot/kobuki_base_ros2/install/ecl_errors:/home/fbot/kobuki_base_ros2/install/ecl_config:/opt/ros/humble LD_LIBRARY_PATH=/home/fbot/kobuki_base_ros2/install/ecl_errors/lib:${LD_LIBRARY_PATH} PATH=/home/fbot/kobuki_base_ros2/install/ecl_config/bin:${PATH} /usr/bin/cmake --build /home/fbot/kobuki_base_ros2/build/ecl_sigslots_lite -- -j12 -l12
[4.215s] Invoking command in '/home/fbot/kobuki_base_ros2/build/ecl_sigslots_lite': AMENT_PREFIX_PATH=/home/fbot/kobuki_base_ros2/install/ecl_errors:/home/fbot/kobuki_base_ros2/install/ecl_config:${AMENT_PREFIX_PATH} CMAKE_PREFIX_PATH=/home/fbot/kobuki_base_ros2/install/ecl_errors:/home/fbot/kobuki_base_ros2/install/ecl_config:/opt/ros/humble LD_LIBRARY_PATH=/home/fbot/kobuki_base_ros2/install/ecl_errors/lib:${LD_LIBRARY_PATH} PATH=/home/fbot/kobuki_base_ros2/install/ecl_config/bin:${PATH} /usr/bin/cmake --install /home/fbot/kobuki_base_ros2/build/ecl_sigslots_lite
[4.249s] -- Install configuration: ""
[4.249s] -- Installing: /home/fbot/kobuki_base_ros2/install/ecl_sigslots_lite/share/ament_index/resource_index/package_run_dependencies/ecl_sigslots_lite
[4.250s] -- Installing: /home/fbot/kobuki_base_ros2/install/ecl_sigslots_lite/share/ament_index/resource_index/parent_prefix_path/ecl_sigslots_lite
[4.250s] -- Installing: /home/fbot/kobuki_base_ros2/install/ecl_sigslots_lite/share/ecl_sigslots_lite/environment/ament_prefix_path.sh
[4.250s] -- Installing: /home/fbot/kobuki_base_ros2/install/ecl_sigslots_lite/share/ecl_sigslots_lite/environment/ament_prefix_path.dsv
[4.250s] -- Installing: /home/fbot/kobuki_base_ros2/install/ecl_sigslots_lite/share/ecl_sigslots_lite/environment/path.sh
[4.250s] -- Installing: /home/fbot/kobuki_base_ros2/install/ecl_sigslots_lite/share/ecl_sigslots_lite/environment/path.dsv
[4.250s] -- Installing: /home/fbot/kobuki_base_ros2/install/ecl_sigslots_lite/share/ecl_sigslots_lite/local_setup.bash
[4.250s] -- Installing: /home/fbot/kobuki_base_ros2/install/ecl_sigslots_lite/share/ecl_sigslots_lite/local_setup.sh
[4.250s] -- Installing: /home/fbot/kobuki_base_ros2/install/ecl_sigslots_lite/share/ecl_sigslots_lite/local_setup.zsh
[4.250s] -- Installing: /home/fbot/kobuki_base_ros2/install/ecl_sigslots_lite/share/ecl_sigslots_lite/local_setup.dsv
[4.250s] -- Installing: /home/fbot/kobuki_base_ros2/install/ecl_sigslots_lite/share/ecl_sigslots_lite/package.dsv
[4.250s] -- Installing: /home/fbot/kobuki_base_ros2/install/ecl_sigslots_lite/share/ament_index/resource_index/packages/ecl_sigslots_lite
[4.251s] -- Installing: /home/fbot/kobuki_base_ros2/install/ecl_sigslots_lite/share/ecl_sigslots_lite/cmake/ecl_sigslots_liteExport.cmake
[4.251s] -- Installing: /home/fbot/kobuki_base_ros2/install/ecl_sigslots_lite/share/ecl_sigslots_lite/cmake/ament_cmake_export_targets-extras.cmake
[4.251s] -- Installing: /home/fbot/kobuki_base_ros2/install/ecl_sigslots_lite/share/ecl_sigslots_lite/cmake/ament_cmake_export_include_directories-extras.cmake
[4.251s] -- Installing: /home/fbot/kobuki_base_ros2/install/ecl_sigslots_lite/share/ecl_sigslots_lite/cmake/ament_cmake_export_dependencies-extras.cmake
[4.251s] -- Installing: /home/fbot/kobuki_base_ros2/install/ecl_sigslots_lite/share/ecl_sigslots_lite/cmake/ecl_sigslots_liteConfig.cmake
[4.251s] -- Installing: /home/fbot/kobuki_base_ros2/install/ecl_sigslots_lite/share/ecl_sigslots_lite/cmake/ecl_sigslots_liteConfig-version.cmake
[4.251s] -- Installing: /home/fbot/kobuki_base_ros2/install/ecl_sigslots_lite/share/ecl_sigslots_lite/package.xml
[4.251s] -- Installing: /home/fbot/kobuki_base_ros2/install/ecl_sigslots_lite/include/ecl/sigslots_lite.hpp
[4.251s] -- Installing: /home/fbot/kobuki_base_ros2/install/ecl_sigslots_lite/include/ecl/sigslots_lite/connect.hpp
[4.251s] -- Installing: /home/fbot/kobuki_base_ros2/install/ecl_sigslots_lite/include/ecl/sigslots_lite/errors.hpp
[4.251s] -- Installing: /home/fbot/kobuki_base_ros2/install/ecl_sigslots_lite/include/ecl/sigslots_lite/managers.hpp
[4.252s] -- Installing: /home/fbot/kobuki_base_ros2/install/ecl_sigslots_lite/include/ecl/sigslots_lite/signal.hpp
[4.252s] -- Installing: /home/fbot/kobuki_base_ros2/install/ecl_sigslots_lite/include/ecl/sigslots_lite/slot.hpp
[4.252s] -- Installing: /home/fbot/kobuki_base_ros2/install/ecl_sigslots_lite/include/ecl/sigslots_lite/utilities.hpp
[4.252s] -- Installing: /home/fbot/kobuki_base_ros2/install/ecl_sigslots_lite/lib/ecl_sigslots_lite/demo_sigslots_lite
[4.252s] -- Set runtime path of "/home/fbot/kobuki_base_ros2/install/ecl_sigslots_lite/lib/ecl_sigslots_lite/demo_sigslots_lite" to ""
[4.306s] Invoked command in '/home/fbot/kobuki_base_ros2/build/ecl_sigslots_lite' returned '0': AMENT_PREFIX_PATH=/home/fbot/kobuki_base_ros2/install/ecl_errors:/home/fbot/kobuki_base_ros2/install/ecl_config:${AMENT_PREFIX_PATH} CMAKE_PREFIX_PATH=/home/fbot/kobuki_base_ros2/install/ecl_errors:/home/fbot/kobuki_base_ros2/install/ecl_config:/opt/ros/humble LD_LIBRARY_PATH=/home/fbot/kobuki_base_ros2/install/ecl_errors/lib:${LD_LIBRARY_PATH} PATH=/home/fbot/kobuki_base_ros2/install/ecl_config/bin:${PATH} /usr/bin/cmake --install /home/fbot/kobuki_base_ros2/build/ecl_sigslots_lite
