[0.021s] Invoking command in '/home/fbot/kobuki_base_ros2/build/cmd_vel_mux': CMAKE_PREFIX_PATH=/opt/ros/humble /usr/bin/cmake /home/fbot/kobuki_base_ros2/src/cmd_vel_mux -DCMAKE_INSTALL_PREFIX=/home/fbot/kobuki_base_ros2/install/cmd_vel_mux
[0.358s] -- The C compiler identification is GNU 11.4.0
[0.358s] -- The CXX compiler identification is GNU 11.4.0
[0.358s] -- Detecting C compiler ABI info
[0.358s] -- Detecting C compiler ABI info - done
[0.358s] -- Check for working C compiler: /usr/bin/cc - skipped
[0.358s] -- Detecting C compile features
[0.358s] -- Detecting C compile features - done
[0.358s] -- Detecting CXX compiler ABI info
[0.358s] -- Detecting CXX compiler ABI info - done
[0.358s] -- Check for working CXX compiler: /usr/bin/c++ - skipped
[0.359s] -- Detecting CXX compile features
[0.359s] -- Detecting CXX compile features - done
[0.359s] -- Found ament_cmake_ros: 0.10.0 (/opt/ros/humble/share/ament_cmake_ros/cmake)
[0.465s] -- Found Python3: /usr/bin/python3 (found version "3.10.12") found components: Interpreter 
[0.553s] -- Found geometry_msgs: 4.9.1 (/opt/ros/humble/share/geometry_msgs/cmake)
[0.581s] -- Found rosidl_generator_c: 3.1.8 (/opt/ros/humble/share/rosidl_generator_c/cmake)
[0.584s] -- Found rosidl_adapter: 3.1.8 (/opt/ros/humble/share/rosidl_adapter/cmake)
[0.591s] -- Found rosidl_generator_cpp: 3.1.8 (/opt/ros/humble/share/rosidl_generator_cpp/cmake)
[0.607s] -- Using all available rosidl_typesupport_c: rosidl_typesupport_fastrtps_c;rosidl_typesupport_introspection_c
[0.628s] -- Using all available rosidl_typesupport_cpp: rosidl_typesupport_fastrtps_cpp;rosidl_typesupport_introspection_cpp
[0.667s] -- Found rcl_interfaces: 1.2.2 (/opt/ros/humble/share/rcl_interfaces/cmake)
[0.678s] -- Found rclcpp: 16.0.18 (/opt/ros/humble/share/rclcpp/cmake)
[0.699s] -- Found rmw_implementation_cmake: 6.1.2 (/opt/ros/humble/share/rmw_implementation_cmake/cmake)
[0.701s] -- Found rmw_fastrtps_cpp: 6.2.10 (/opt/ros/humble/share/rmw_fastrtps_cpp/cmake)
[0.780s] -- Found OpenSSL: /usr/lib/x86_64-linux-gnu/libcrypto.so (found version "3.0.2")  
[0.814s] -- Found FastRTPS: /opt/ros/humble/include  
[0.865s] -- Using RMW implementation 'rmw_fastrtps_cpp' as default
[0.876s] -- Looking for pthread.h
[0.940s] -- Looking for pthread.h - found
[0.940s] -- Performing Test CMAKE_HAVE_LIBC_PTHREAD
[1.006s] -- Performing Test CMAKE_HAVE_LIBC_PTHREAD - Success
[1.007s] -- Found Threads: TRUE  
[1.042s] -- Found rclcpp_components: 16.0.18 (/opt/ros/humble/share/rclcpp_components/cmake)
[1.068s] -- Found ament_lint_auto: 0.12.15 (/opt/ros/humble/share/ament_lint_auto/cmake)
[1.143s] -- Found launch_testing_ament_cmake: 1.0.14 (/opt/ros/humble/share/launch_testing_ament_cmake/cmake)
[1.144s] -- Found python_cmake_module: 0.10.0 (/opt/ros/humble/share/python_cmake_module/cmake)
[1.163s] -- Found PythonInterp: /usr/bin/python3 (found suitable version "3.10.12", minimum required is "3.6") 
[1.167s] -- Found PythonLibs: /usr/lib/x86_64-linux-gnu/libpython3.10.so (found suitable version "3.10.12", minimum required is "3.5") 
[1.168s] -- Using PYTHON_EXECUTABLE: /usr/bin/python3
[1.168s] -- Using PYTHON_INCLUDE_DIRS: /usr/include/python3.10
[1.168s] -- Using PYTHON_LIBRARIES: /usr/lib/x86_64-linux-gnu/libpython3.10.so
[1.186s] -- Found PythonExtra: .so  
[1.195s] -- Added test 'cppcheck' to perform static code analysis on C / C++ code
[1.196s] -- Configured cppcheck include dirs: /home/fbot/kobuki_base_ros2/src/cmd_vel_mux/include
[1.196s] -- Configured cppcheck exclude dirs and/or files: 
[1.198s] -- Added test 'cpplint' to check C / C++ code against the Google style
[1.198s] -- Configured cpplint exclude dirs and/or files: 
[1.199s] -- Added test 'flake8' to check Python code syntax and style conventions
[1.200s] -- Added test 'lint_cmake' to check CMake code style
[1.201s] -- Added test 'pep257' to check Python code against some of the docstring style conventions in PEP 257
[1.203s] -- Added test 'uncrustify' to check C / C++ code style
[1.203s] -- Configured uncrustify additional arguments: 
[1.204s] -- Added test 'xmllint' to check XML markup files
[1.205s] -- Configuring done
[1.216s] -- Generating done
[1.221s] -- Build files have been written to: /home/fbot/kobuki_base_ros2/build/cmd_vel_mux
[1.230s] Invoked command in '/home/fbot/kobuki_base_ros2/build/cmd_vel_mux' returned '0': CMAKE_PREFIX_PATH=/opt/ros/humble /usr/bin/cmake /home/fbot/kobuki_base_ros2/src/cmd_vel_mux -DCMAKE_INSTALL_PREFIX=/home/fbot/kobuki_base_ros2/install/cmd_vel_mux
[1.232s] Invoking command in '/home/fbot/kobuki_base_ros2/build/cmd_vel_mux': CMAKE_PREFIX_PATH=/opt/ros/humble /usr/bin/cmake --build /home/fbot/kobuki_base_ros2/build/cmd_vel_mux -- -j12 -l12
[1.271s] [ 25%] [32mBuilding CXX object CMakeFiles/cmd_vel_mux.dir/src/cmd_vel_mux.cpp.o[0m
[1.275s] [ 50%] [32mBuilding CXX object CMakeFiles/cmd_vel_mux_node.dir/rclcpp_components/node_main_cmd_vel_mux_node.cpp.o[0m
[4.309s] [ 75%] [32m[1mLinking CXX executable cmd_vel_mux_node[0m
[4.521s] [ 75%] Built target cmd_vel_mux_node
[15.211s] [100%] [32m[1mLinking CXX shared library libcmd_vel_mux.so[0m
[15.797s] [100%] Built target cmd_vel_mux
[15.806s] Invoked command in '/home/fbot/kobuki_base_ros2/build/cmd_vel_mux' returned '0': CMAKE_PREFIX_PATH=/opt/ros/humble /usr/bin/cmake --build /home/fbot/kobuki_base_ros2/build/cmd_vel_mux -- -j12 -l12
[15.808s] Invoking command in '/home/fbot/kobuki_base_ros2/build/cmd_vel_mux': CMAKE_PREFIX_PATH=/opt/ros/humble /usr/bin/cmake --install /home/fbot/kobuki_base_ros2/build/cmd_vel_mux
[15.813s] -- Install configuration: ""
[15.814s] -- Installing: /home/fbot/kobuki_base_ros2/install/cmd_vel_mux/lib/cmd_vel_mux/cmd_vel_mux_node
[15.814s] -- Set runtime path of "/home/fbot/kobuki_base_ros2/install/cmd_vel_mux/lib/cmd_vel_mux/cmd_vel_mux_node" to ""
[15.814s] -- Installing: /home/fbot/kobuki_base_ros2/install/cmd_vel_mux/lib/libcmd_vel_mux.so
[15.818s] -- Set runtime path of "/home/fbot/kobuki_base_ros2/install/cmd_vel_mux/lib/libcmd_vel_mux.so" to ""
[15.818s] -- Installing: /home/fbot/kobuki_base_ros2/install/cmd_vel_mux/include/cmd_vel_mux
[15.818s] -- Installing: /home/fbot/kobuki_base_ros2/install/cmd_vel_mux/include/cmd_vel_mux/cmd_vel_mux.hpp
[15.819s] -- Installing: /home/fbot/kobuki_base_ros2/install/cmd_vel_mux/share/cmd_vel_mux/config
[15.819s] -- Installing: /home/fbot/kobuki_base_ros2/install/cmd_vel_mux/share/cmd_vel_mux/config/cmd_vel_mux_params.yaml
[15.819s] -- Installing: /home/fbot/kobuki_base_ros2/install/cmd_vel_mux/share/cmd_vel_mux/launch
[15.819s] -- Installing: /home/fbot/kobuki_base_ros2/install/cmd_vel_mux/share/cmd_vel_mux/launch/cmd_vel_mux-composed-launch.py
[15.819s] -- Installing: /home/fbot/kobuki_base_ros2/install/cmd_vel_mux/share/cmd_vel_mux/launch/cmd_vel_mux-launch.py
[15.819s] -- Installing: /home/fbot/kobuki_base_ros2/install/cmd_vel_mux/share/ament_index/resource_index/package_run_dependencies/cmd_vel_mux
[15.819s] -- Installing: /home/fbot/kobuki_base_ros2/install/cmd_vel_mux/share/ament_index/resource_index/parent_prefix_path/cmd_vel_mux
[15.819s] -- Installing: /home/fbot/kobuki_base_ros2/install/cmd_vel_mux/share/cmd_vel_mux/environment/ament_prefix_path.sh
[15.820s] -- Installing: /home/fbot/kobuki_base_ros2/install/cmd_vel_mux/share/cmd_vel_mux/environment/ament_prefix_path.dsv
[15.820s] -- Installing: /home/fbot/kobuki_base_ros2/install/cmd_vel_mux/share/cmd_vel_mux/environment/path.sh
[15.820s] -- Installing: /home/fbot/kobuki_base_ros2/install/cmd_vel_mux/share/cmd_vel_mux/environment/path.dsv
[15.820s] -- Installing: /home/fbot/kobuki_base_ros2/install/cmd_vel_mux/share/cmd_vel_mux/local_setup.bash
[15.820s] -- Installing: /home/fbot/kobuki_base_ros2/install/cmd_vel_mux/share/cmd_vel_mux/local_setup.sh
[15.820s] -- Installing: /home/fbot/kobuki_base_ros2/install/cmd_vel_mux/share/cmd_vel_mux/local_setup.zsh
[15.820s] -- Installing: /home/fbot/kobuki_base_ros2/install/cmd_vel_mux/share/cmd_vel_mux/local_setup.dsv
[15.820s] -- Installing: /home/fbot/kobuki_base_ros2/install/cmd_vel_mux/share/cmd_vel_mux/package.dsv
[15.821s] -- Installing: /home/fbot/kobuki_base_ros2/install/cmd_vel_mux/share/ament_index/resource_index/packages/cmd_vel_mux
[15.821s] -- Installing: /home/fbot/kobuki_base_ros2/install/cmd_vel_mux/share/ament_index/resource_index/rclcpp_components/cmd_vel_mux
[15.821s] -- Installing: /home/fbot/kobuki_base_ros2/install/cmd_vel_mux/share/cmd_vel_mux/cmake/cmd_vel_muxConfig.cmake
[15.821s] -- Installing: /home/fbot/kobuki_base_ros2/install/cmd_vel_mux/share/cmd_vel_mux/cmake/cmd_vel_muxConfig-version.cmake
[15.821s] -- Installing: /home/fbot/kobuki_base_ros2/install/cmd_vel_mux/share/cmd_vel_mux/package.xml
[15.823s] Invoked command in '/home/fbot/kobuki_base_ros2/build/cmd_vel_mux' returned '0': CMAKE_PREFIX_PATH=/opt/ros/humble /usr/bin/cmake --install /home/fbot/kobuki_base_ros2/build/cmd_vel_mux
