[0.048s] Invoking command in '/home/fbot/kobuki_base_ros2/build/ecl_converters_lite': AMENT_PREFIX_PATH=/home/fbot/kobuki_base_ros2/install/ecl_config:${AMENT_PREFIX_PATH} CMAKE_PREFIX_PATH=/home/fbot/kobuki_base_ros2/install/ecl_config:/opt/ros/humble PATH=/home/fbot/kobuki_base_ros2/install/ecl_config/bin:${PATH} /usr/bin/cmake --build /home/fbot/kobuki_base_ros2/build/ecl_converters_lite -- -j12 -l12
[0.076s] [35m[1mConsolidate compiler generated dependencies of target gtest_main[0m
[0.076s] [35m[1mConsolidate compiler generated dependencies of target gtest[0m
[0.087s] [ 33%] Built target gtest_main
[0.088s] [ 66%] Built target gtest
[0.096s] [35m[1mConsolidate compiler generated dependencies of target test_byte_array[0m
[0.108s] [100%] Built target test_byte_array
[0.137s] Invoked command in '/home/fbot/kobuki_base_ros2/build/ecl_converters_lite' returned '0': AMENT_PREFIX_PATH=/home/fbot/kobuki_base_ros2/install/ecl_config:${AMENT_PREFIX_PATH} CMAKE_PREFIX_PATH=/home/fbot/kobuki_base_ros2/install/ecl_config:/opt/ros/humble PATH=/home/fbot/kobuki_base_ros2/install/ecl_config/bin:${PATH} /usr/bin/cmake --build /home/fbot/kobuki_base_ros2/build/ecl_converters_lite -- -j12 -l12
[0.148s] Invoking command in '/home/fbot/kobuki_base_ros2/build/ecl_converters_lite': AMENT_PREFIX_PATH=/home/fbot/kobuki_base_ros2/install/ecl_config:${AMENT_PREFIX_PATH} CMAKE_PREFIX_PATH=/home/fbot/kobuki_base_ros2/install/ecl_config:/opt/ros/humble PATH=/home/fbot/kobuki_base_ros2/install/ecl_config/bin:${PATH} /usr/bin/cmake --install /home/fbot/kobuki_base_ros2/build/ecl_converters_lite
[0.152s] -- Install configuration: ""
[0.156s] -- Up-to-date: /home/fbot/kobuki_base_ros2/install/ecl_converters_lite/share/ament_index/resource_index/package_run_dependencies/ecl_converters_lite
[0.156s] -- Up-to-date: /home/fbot/kobuki_base_ros2/install/ecl_converters_lite/share/ament_index/resource_index/parent_prefix_path/ecl_converters_lite
[0.157s] -- Up-to-date: /home/fbot/kobuki_base_ros2/install/ecl_converters_lite/share/ecl_converters_lite/environment/ament_prefix_path.sh
[0.157s] -- Up-to-date: /home/fbot/kobuki_base_ros2/install/ecl_converters_lite/share/ecl_converters_lite/environment/ament_prefix_path.dsv
[0.157s] -- Up-to-date: /home/fbot/kobuki_base_ros2/install/ecl_converters_lite/share/ecl_converters_lite/environment/path.sh
[0.157s] -- Up-to-date: /home/fbot/kobuki_base_ros2/install/ecl_converters_lite/share/ecl_converters_lite/environment/path.dsv
[0.157s] -- Up-to-date: /home/fbot/kobuki_base_ros2/install/ecl_converters_lite/share/ecl_converters_lite/local_setup.bash
[0.157s] -- Up-to-date: /home/fbot/kobuki_base_ros2/install/ecl_converters_lite/share/ecl_converters_lite/local_setup.sh
[0.157s] -- Up-to-date: /home/fbot/kobuki_base_ros2/install/ecl_converters_lite/share/ecl_converters_lite/local_setup.zsh
[0.157s] -- Up-to-date: /home/fbot/kobuki_base_ros2/install/ecl_converters_lite/share/ecl_converters_lite/local_setup.dsv
[0.157s] -- Installing: /home/fbot/kobuki_base_ros2/install/ecl_converters_lite/share/ecl_converters_lite/package.dsv
[0.158s] -- Up-to-date: /home/fbot/kobuki_base_ros2/install/ecl_converters_lite/share/ament_index/resource_index/packages/ecl_converters_lite
[0.158s] -- Up-to-date: /home/fbot/kobuki_base_ros2/install/ecl_converters_lite/share/ecl_converters_lite/cmake/ecl_converters_liteExport.cmake
[0.158s] -- Up-to-date: /home/fbot/kobuki_base_ros2/install/ecl_converters_lite/share/ecl_converters_lite/cmake/ament_cmake_export_targets-extras.cmake
[0.158s] -- Up-to-date: /home/fbot/kobuki_base_ros2/install/ecl_converters_lite/share/ecl_converters_lite/cmake/ament_cmake_export_include_directories-extras.cmake
[0.158s] -- Up-to-date: /home/fbot/kobuki_base_ros2/install/ecl_converters_lite/share/ecl_converters_lite/cmake/ament_cmake_export_dependencies-extras.cmake
[0.158s] -- Up-to-date: /home/fbot/kobuki_base_ros2/install/ecl_converters_lite/share/ecl_converters_lite/cmake/ecl_converters_liteConfig.cmake
[0.159s] -- Up-to-date: /home/fbot/kobuki_base_ros2/install/ecl_converters_lite/share/ecl_converters_lite/cmake/ecl_converters_liteConfig-version.cmake
[0.159s] -- Up-to-date: /home/fbot/kobuki_base_ros2/install/ecl_converters_lite/share/ecl_converters_lite/package.xml
[0.159s] -- Up-to-date: /home/fbot/kobuki_base_ros2/install/ecl_converters_lite/include/ecl/converters_lite.hpp
[0.159s] -- Up-to-date: /home/fbot/kobuki_base_ros2/install/ecl_converters_lite/include/ecl/converters_lite/byte_array.hpp
[0.194s] Invoked command in '/home/fbot/kobuki_base_ros2/build/ecl_converters_lite' returned '0': AMENT_PREFIX_PATH=/home/fbot/kobuki_base_ros2/install/ecl_config:${AMENT_PREFIX_PATH} CMAKE_PREFIX_PATH=/home/fbot/kobuki_base_ros2/install/ecl_config:/opt/ros/humble PATH=/home/fbot/kobuki_base_ros2/install/ecl_config/bin:${PATH} /usr/bin/cmake --install /home/fbot/kobuki_base_ros2/build/ecl_converters_lite
