[35m[1mConsolidate compiler generated dependencies of target gtest_main[0m
[35m[1mConsolidate compiler generated dependencies of target gtest[0m
[35m[1mConsolidate compiler generated dependencies of target ecl_manipulators[0m
[ 18%] Built target gtest
[ 36%] Built target gtest_main
[ 63%] Built target ecl_manipulators
[35m[1mConsolidate compiler generated dependencies of target ecl_test_waypoints[0m
[35m[1mConsolidate compiler generated dependencies of target ecl_test_trajectories[0m
[ 81%] Built target ecl_test_waypoints
[100%] Built target ecl_test_trajectories
-- Install configuration: ""
-- Up-to-date: /home/fbot/kobuki_base_ros2/install/ecl_manipulators/share/ecl_manipulators/scripts
-- Up-to-date: /home/fbot/kobuki_base_ros2/install/ecl_manipulators/share/ecl_manipulators/scripts/Makefile
-- Up-to-date: /home/fbot/kobuki_base_ros2/install/ecl_manipulators/share/ecl_manipulators/scripts/tension.x11
-- Up-to-date: /home/fbot/kobuki_base_ros2/install/ecl_manipulators/share/ecl_manipulators/scripts/linear.x11
-- Up-to-date: /home/fbot/kobuki_base_ros2/install/ecl_manipulators/share/ecl_manipulators/environment/library_path.sh
-- Up-to-date: /home/fbot/kobuki_base_ros2/install/ecl_manipulators/share/ecl_manipulators/environment/library_path.dsv
-- Up-to-date: /home/fbot/kobuki_base_ros2/install/ecl_manipulators/share/ament_index/resource_index/package_run_dependencies/ecl_manipulators
-- Up-to-date: /home/fbot/kobuki_base_ros2/install/ecl_manipulators/share/ament_index/resource_index/parent_prefix_path/ecl_manipulators
-- Up-to-date: /home/fbot/kobuki_base_ros2/install/ecl_manipulators/share/ecl_manipulators/environment/ament_prefix_path.sh
-- Up-to-date: /home/fbot/kobuki_base_ros2/install/ecl_manipulators/share/ecl_manipulators/environment/ament_prefix_path.dsv
-- Up-to-date: /home/fbot/kobuki_base_ros2/install/ecl_manipulators/share/ecl_manipulators/environment/path.sh
-- Up-to-date: /home/fbot/kobuki_base_ros2/install/ecl_manipulators/share/ecl_manipulators/environment/path.dsv
-- Up-to-date: /home/fbot/kobuki_base_ros2/install/ecl_manipulators/share/ecl_manipulators/local_setup.bash
-- Up-to-date: /home/fbot/kobuki_base_ros2/install/ecl_manipulators/share/ecl_manipulators/local_setup.sh
-- Up-to-date: /home/fbot/kobuki_base_ros2/install/ecl_manipulators/share/ecl_manipulators/local_setup.zsh
-- Up-to-date: /home/fbot/kobuki_base_ros2/install/ecl_manipulators/share/ecl_manipulators/local_setup.dsv
-- Installing: /home/fbot/kobuki_base_ros2/install/ecl_manipulators/share/ecl_manipulators/package.dsv
-- Up-to-date: /home/fbot/kobuki_base_ros2/install/ecl_manipulators/share/ament_index/resource_index/packages/ecl_manipulators
-- Up-to-date: /home/fbot/kobuki_base_ros2/install/ecl_manipulators/share/ecl_manipulators/cmake/ecl_manipulatorsExport.cmake
-- Up-to-date: /home/fbot/kobuki_base_ros2/install/ecl_manipulators/share/ecl_manipulators/cmake/ecl_manipulatorsExport-noconfig.cmake
-- Up-to-date: /home/fbot/kobuki_base_ros2/install/ecl_manipulators/share/ecl_manipulators/cmake/ament_cmake_export_targets-extras.cmake
-- Up-to-date: /home/fbot/kobuki_base_ros2/install/ecl_manipulators/share/ecl_manipulators/cmake/ament_cmake_export_include_directories-extras.cmake
-- Up-to-date: /home/fbot/kobuki_base_ros2/install/ecl_manipulators/share/ecl_manipulators/cmake/ament_cmake_export_libraries-extras.cmake
-- Up-to-date: /home/fbot/kobuki_base_ros2/install/ecl_manipulators/share/ecl_manipulators/cmake/ament_cmake_export_dependencies-extras.cmake
-- Up-to-date: /home/fbot/kobuki_base_ros2/install/ecl_manipulators/share/ecl_manipulators/cmake/ecl_manipulatorsConfig.cmake
-- Up-to-date: /home/fbot/kobuki_base_ros2/install/ecl_manipulators/share/ecl_manipulators/cmake/ecl_manipulatorsConfig-version.cmake
-- Up-to-date: /home/fbot/kobuki_base_ros2/install/ecl_manipulators/share/ecl_manipulators/package.xml
-- Up-to-date: /home/fbot/kobuki_base_ros2/install/ecl_manipulators/include/ecl/manipulators.hpp
-- Up-to-date: /home/fbot/kobuki_base_ros2/install/ecl_manipulators/include/ecl/manipulators/trajectory.hpp
-- Up-to-date: /home/fbot/kobuki_base_ros2/install/ecl_manipulators/include/ecl/manipulators/types.hpp
-- Up-to-date: /home/fbot/kobuki_base_ros2/install/ecl_manipulators/include/ecl/manipulators/waypoint.hpp
-- Up-to-date: /home/fbot/kobuki_base_ros2/install/ecl_manipulators/lib/libecl_manipulators.so.1.2.1
-- Up-to-date: /home/fbot/kobuki_base_ros2/install/ecl_manipulators/lib/libecl_manipulators.so
