[0.021s] Invoking command in '/home/fbot/kobuki_base_ros2/build/ecl_manipulators': AMENT_PREFIX_PATH=/home/fbot/kobuki_base_ros2/install/ecl_geometry:/home/fbot/kobuki_base_ros2/install/ecl_linear_algebra:/home/fbot/kobuki_base_ros2/install/ecl_containers:/home/fbot/kobuki_base_ros2/install/ecl_formatters:/home/fbot/kobuki_base_ros2/install/ecl_utilities:/home/fbot/kobuki_base_ros2/install/ecl_converters:/home/fbot/kobuki_base_ros2/install/ecl_math:/home/fbot/kobuki_base_ros2/install/ecl_exceptions:/home/fbot/kobuki_base_ros2/install/ecl_concepts:/home/fbot/kobuki_base_ros2/install/ecl_type_traits:/home/fbot/kobuki_base_ros2/install/ecl_errors:/home/fbot/kobuki_base_ros2/install/ecl_mpl:/home/fbot/kobuki_base_ros2/install/ecl_eigen:/home/fbot/kobuki_base_ros2/install/ecl_config:${AMENT_PREFIX_PATH} CMAKE_PREFIX_PATH=/home/fbot/kobuki_base_ros2/install/ecl_geometry:/home/fbot/kobuki_base_ros2/install/ecl_linear_algebra:/home/fbot/kobuki_base_ros2/install/ecl_containers:/home/fbot/kobuki_base_ros2/install/ecl_formatters:/home/fbot/kobuki_base_ros2/install/ecl_utilities:/home/fbot/kobuki_base_ros2/install/ecl_converters:/home/fbot/kobuki_base_ros2/install/ecl_math:/home/fbot/kobuki_base_ros2/install/ecl_exceptions:/home/fbot/kobuki_base_ros2/install/ecl_concepts:/home/fbot/kobuki_base_ros2/install/ecl_type_traits:/home/fbot/kobuki_base_ros2/install/ecl_errors:/home/fbot/kobuki_base_ros2/install/ecl_mpl:/home/fbot/kobuki_base_ros2/install/ecl_eigen:/home/fbot/kobuki_base_ros2/install/ecl_config:/opt/ros/humble LD_LIBRARY_PATH=/home/fbot/kobuki_base_ros2/install/ecl_geometry/lib:/home/fbot/kobuki_base_ros2/install/ecl_linear_algebra/lib:/home/fbot/kobuki_base_ros2/install/ecl_formatters/lib:/home/fbot/kobuki_base_ros2/install/ecl_exceptions/lib:/home/fbot/kobuki_base_ros2/install/ecl_type_traits/lib:/home/fbot/kobuki_base_ros2/install/ecl_errors/lib:${LD_LIBRARY_PATH} PATH=/home/fbot/kobuki_base_ros2/install/ecl_type_traits/bin:/home/fbot/kobuki_base_ros2/install/ecl_config/bin:${PATH} /usr/bin/cmake --build /home/fbot/kobuki_base_ros2/build/ecl_manipulators -- -j12 -l12
[0.052s] [35m[1mConsolidate compiler generated dependencies of target gtest_main[0m
[0.052s] [35m[1mConsolidate compiler generated dependencies of target gtest[0m
[0.053s] [35m[1mConsolidate compiler generated dependencies of target ecl_manipulators[0m
[0.062s] [ 18%] Built target gtest
[0.063s] [ 36%] Built target gtest_main
[0.068s] [ 63%] Built target ecl_manipulators
[0.076s] [35m[1mConsolidate compiler generated dependencies of target ecl_test_waypoints[0m
[0.076s] [35m[1mConsolidate compiler generated dependencies of target ecl_test_trajectories[0m
[0.086s] [ 81%] Built target ecl_test_waypoints
[0.087s] [100%] Built target ecl_test_trajectories
[0.098s] Invoked command in '/home/fbot/kobuki_base_ros2/build/ecl_manipulators' returned '0': AMENT_PREFIX_PATH=/home/fbot/kobuki_base_ros2/install/ecl_geometry:/home/fbot/kobuki_base_ros2/install/ecl_linear_algebra:/home/fbot/kobuki_base_ros2/install/ecl_containers:/home/fbot/kobuki_base_ros2/install/ecl_formatters:/home/fbot/kobuki_base_ros2/install/ecl_utilities:/home/fbot/kobuki_base_ros2/install/ecl_converters:/home/fbot/kobuki_base_ros2/install/ecl_math:/home/fbot/kobuki_base_ros2/install/ecl_exceptions:/home/fbot/kobuki_base_ros2/install/ecl_concepts:/home/fbot/kobuki_base_ros2/install/ecl_type_traits:/home/fbot/kobuki_base_ros2/install/ecl_errors:/home/fbot/kobuki_base_ros2/install/ecl_mpl:/home/fbot/kobuki_base_ros2/install/ecl_eigen:/home/fbot/kobuki_base_ros2/install/ecl_config:${AMENT_PREFIX_PATH} CMAKE_PREFIX_PATH=/home/fbot/kobuki_base_ros2/install/ecl_geometry:/home/fbot/kobuki_base_ros2/install/ecl_linear_algebra:/home/fbot/kobuki_base_ros2/install/ecl_containers:/home/fbot/kobuki_base_ros2/install/ecl_formatters:/home/fbot/kobuki_base_ros2/install/ecl_utilities:/home/fbot/kobuki_base_ros2/install/ecl_converters:/home/fbot/kobuki_base_ros2/install/ecl_math:/home/fbot/kobuki_base_ros2/install/ecl_exceptions:/home/fbot/kobuki_base_ros2/install/ecl_concepts:/home/fbot/kobuki_base_ros2/install/ecl_type_traits:/home/fbot/kobuki_base_ros2/install/ecl_errors:/home/fbot/kobuki_base_ros2/install/ecl_mpl:/home/fbot/kobuki_base_ros2/install/ecl_eigen:/home/fbot/kobuki_base_ros2/install/ecl_config:/opt/ros/humble LD_LIBRARY_PATH=/home/fbot/kobuki_base_ros2/install/ecl_geometry/lib:/home/fbot/kobuki_base_ros2/install/ecl_linear_algebra/lib:/home/fbot/kobuki_base_ros2/install/ecl_formatters/lib:/home/fbot/kobuki_base_ros2/install/ecl_exceptions/lib:/home/fbot/kobuki_base_ros2/install/ecl_type_traits/lib:/home/fbot/kobuki_base_ros2/install/ecl_errors/lib:${LD_LIBRARY_PATH} PATH=/home/fbot/kobuki_base_ros2/install/ecl_type_traits/bin:/home/fbot/kobuki_base_ros2/install/ecl_config/bin:${PATH} /usr/bin/cmake --build /home/fbot/kobuki_base_ros2/build/ecl_manipulators -- -j12 -l12
[0.099s] Invoking command in '/home/fbot/kobuki_base_ros2/build/ecl_manipulators': AMENT_PREFIX_PATH=/home/fbot/kobuki_base_ros2/install/ecl_geometry:/home/fbot/kobuki_base_ros2/install/ecl_linear_algebra:/home/fbot/kobuki_base_ros2/install/ecl_containers:/home/fbot/kobuki_base_ros2/install/ecl_formatters:/home/fbot/kobuki_base_ros2/install/ecl_utilities:/home/fbot/kobuki_base_ros2/install/ecl_converters:/home/fbot/kobuki_base_ros2/install/ecl_math:/home/fbot/kobuki_base_ros2/install/ecl_exceptions:/home/fbot/kobuki_base_ros2/install/ecl_concepts:/home/fbot/kobuki_base_ros2/install/ecl_type_traits:/home/fbot/kobuki_base_ros2/install/ecl_errors:/home/fbot/kobuki_base_ros2/install/ecl_mpl:/home/fbot/kobuki_base_ros2/install/ecl_eigen:/home/fbot/kobuki_base_ros2/install/ecl_config:${AMENT_PREFIX_PATH} CMAKE_PREFIX_PATH=/home/fbot/kobuki_base_ros2/install/ecl_geometry:/home/fbot/kobuki_base_ros2/install/ecl_linear_algebra:/home/fbot/kobuki_base_ros2/install/ecl_containers:/home/fbot/kobuki_base_ros2/install/ecl_formatters:/home/fbot/kobuki_base_ros2/install/ecl_utilities:/home/fbot/kobuki_base_ros2/install/ecl_converters:/home/fbot/kobuki_base_ros2/install/ecl_math:/home/fbot/kobuki_base_ros2/install/ecl_exceptions:/home/fbot/kobuki_base_ros2/install/ecl_concepts:/home/fbot/kobuki_base_ros2/install/ecl_type_traits:/home/fbot/kobuki_base_ros2/install/ecl_errors:/home/fbot/kobuki_base_ros2/install/ecl_mpl:/home/fbot/kobuki_base_ros2/install/ecl_eigen:/home/fbot/kobuki_base_ros2/install/ecl_config:/opt/ros/humble LD_LIBRARY_PATH=/home/fbot/kobuki_base_ros2/install/ecl_geometry/lib:/home/fbot/kobuki_base_ros2/install/ecl_linear_algebra/lib:/home/fbot/kobuki_base_ros2/install/ecl_formatters/lib:/home/fbot/kobuki_base_ros2/install/ecl_exceptions/lib:/home/fbot/kobuki_base_ros2/install/ecl_type_traits/lib:/home/fbot/kobuki_base_ros2/install/ecl_errors/lib:${LD_LIBRARY_PATH} PATH=/home/fbot/kobuki_base_ros2/install/ecl_type_traits/bin:/home/fbot/kobuki_base_ros2/install/ecl_config/bin:${PATH} /usr/bin/cmake --install /home/fbot/kobuki_base_ros2/build/ecl_manipulators
[0.106s] -- Install configuration: ""
[0.106s] -- Up-to-date: /home/fbot/kobuki_base_ros2/install/ecl_manipulators/share/ecl_manipulators/scripts
[0.106s] -- Up-to-date: /home/fbot/kobuki_base_ros2/install/ecl_manipulators/share/ecl_manipulators/scripts/Makefile
[0.106s] -- Up-to-date: /home/fbot/kobuki_base_ros2/install/ecl_manipulators/share/ecl_manipulators/scripts/tension.x11
[0.106s] -- Up-to-date: /home/fbot/kobuki_base_ros2/install/ecl_manipulators/share/ecl_manipulators/scripts/linear.x11
[0.106s] -- Up-to-date: /home/fbot/kobuki_base_ros2/install/ecl_manipulators/share/ecl_manipulators/environment/library_path.sh
[0.106s] -- Up-to-date: /home/fbot/kobuki_base_ros2/install/ecl_manipulators/share/ecl_manipulators/environment/library_path.dsv
[0.106s] -- Up-to-date: /home/fbot/kobuki_base_ros2/install/ecl_manipulators/share/ament_index/resource_index/package_run_dependencies/ecl_manipulators
[0.106s] -- Up-to-date: /home/fbot/kobuki_base_ros2/install/ecl_manipulators/share/ament_index/resource_index/parent_prefix_path/ecl_manipulators
[0.106s] -- Up-to-date: /home/fbot/kobuki_base_ros2/install/ecl_manipulators/share/ecl_manipulators/environment/ament_prefix_path.sh
[0.106s] -- Up-to-date: /home/fbot/kobuki_base_ros2/install/ecl_manipulators/share/ecl_manipulators/environment/ament_prefix_path.dsv
[0.106s] -- Up-to-date: /home/fbot/kobuki_base_ros2/install/ecl_manipulators/share/ecl_manipulators/environment/path.sh
[0.106s] -- Up-to-date: /home/fbot/kobuki_base_ros2/install/ecl_manipulators/share/ecl_manipulators/environment/path.dsv
[0.106s] -- Up-to-date: /home/fbot/kobuki_base_ros2/install/ecl_manipulators/share/ecl_manipulators/local_setup.bash
[0.107s] -- Up-to-date: /home/fbot/kobuki_base_ros2/install/ecl_manipulators/share/ecl_manipulators/local_setup.sh
[0.107s] -- Up-to-date: /home/fbot/kobuki_base_ros2/install/ecl_manipulators/share/ecl_manipulators/local_setup.zsh
[0.107s] -- Up-to-date: /home/fbot/kobuki_base_ros2/install/ecl_manipulators/share/ecl_manipulators/local_setup.dsv
[0.107s] -- Installing: /home/fbot/kobuki_base_ros2/install/ecl_manipulators/share/ecl_manipulators/package.dsv
[0.107s] -- Up-to-date: /home/fbot/kobuki_base_ros2/install/ecl_manipulators/share/ament_index/resource_index/packages/ecl_manipulators
[0.107s] -- Up-to-date: /home/fbot/kobuki_base_ros2/install/ecl_manipulators/share/ecl_manipulators/cmake/ecl_manipulatorsExport.cmake
[0.107s] -- Up-to-date: /home/fbot/kobuki_base_ros2/install/ecl_manipulators/share/ecl_manipulators/cmake/ecl_manipulatorsExport-noconfig.cmake
[0.107s] -- Up-to-date: /home/fbot/kobuki_base_ros2/install/ecl_manipulators/share/ecl_manipulators/cmake/ament_cmake_export_targets-extras.cmake
[0.107s] -- Up-to-date: /home/fbot/kobuki_base_ros2/install/ecl_manipulators/share/ecl_manipulators/cmake/ament_cmake_export_include_directories-extras.cmake
[0.107s] -- Up-to-date: /home/fbot/kobuki_base_ros2/install/ecl_manipulators/share/ecl_manipulators/cmake/ament_cmake_export_libraries-extras.cmake
[0.107s] -- Up-to-date: /home/fbot/kobuki_base_ros2/install/ecl_manipulators/share/ecl_manipulators/cmake/ament_cmake_export_dependencies-extras.cmake
[0.107s] -- Up-to-date: /home/fbot/kobuki_base_ros2/install/ecl_manipulators/share/ecl_manipulators/cmake/ecl_manipulatorsConfig.cmake
[0.107s] -- Up-to-date: /home/fbot/kobuki_base_ros2/install/ecl_manipulators/share/ecl_manipulators/cmake/ecl_manipulatorsConfig-version.cmake
[0.107s] -- Up-to-date: /home/fbot/kobuki_base_ros2/install/ecl_manipulators/share/ecl_manipulators/package.xml
[0.107s] -- Up-to-date: /home/fbot/kobuki_base_ros2/install/ecl_manipulators/include/ecl/manipulators.hpp
[0.107s] -- Up-to-date: /home/fbot/kobuki_base_ros2/install/ecl_manipulators/include/ecl/manipulators/trajectory.hpp
[0.108s] -- Up-to-date: /home/fbot/kobuki_base_ros2/install/ecl_manipulators/include/ecl/manipulators/types.hpp
[0.108s] -- Up-to-date: /home/fbot/kobuki_base_ros2/install/ecl_manipulators/include/ecl/manipulators/waypoint.hpp
[0.108s] -- Up-to-date: /home/fbot/kobuki_base_ros2/install/ecl_manipulators/lib/libecl_manipulators.so.1.2.1
[0.108s] -- Up-to-date: /home/fbot/kobuki_base_ros2/install/ecl_manipulators/lib/libecl_manipulators.so
[0.122s] Invoked command in '/home/fbot/kobuki_base_ros2/build/ecl_manipulators' returned '0': AMENT_PREFIX_PATH=/home/fbot/kobuki_base_ros2/install/ecl_geometry:/home/fbot/kobuki_base_ros2/install/ecl_linear_algebra:/home/fbot/kobuki_base_ros2/install/ecl_containers:/home/fbot/kobuki_base_ros2/install/ecl_formatters:/home/fbot/kobuki_base_ros2/install/ecl_utilities:/home/fbot/kobuki_base_ros2/install/ecl_converters:/home/fbot/kobuki_base_ros2/install/ecl_math:/home/fbot/kobuki_base_ros2/install/ecl_exceptions:/home/fbot/kobuki_base_ros2/install/ecl_concepts:/home/fbot/kobuki_base_ros2/install/ecl_type_traits:/home/fbot/kobuki_base_ros2/install/ecl_errors:/home/fbot/kobuki_base_ros2/install/ecl_mpl:/home/fbot/kobuki_base_ros2/install/ecl_eigen:/home/fbot/kobuki_base_ros2/install/ecl_config:${AMENT_PREFIX_PATH} CMAKE_PREFIX_PATH=/home/fbot/kobuki_base_ros2/install/ecl_geometry:/home/fbot/kobuki_base_ros2/install/ecl_linear_algebra:/home/fbot/kobuki_base_ros2/install/ecl_containers:/home/fbot/kobuki_base_ros2/install/ecl_formatters:/home/fbot/kobuki_base_ros2/install/ecl_utilities:/home/fbot/kobuki_base_ros2/install/ecl_converters:/home/fbot/kobuki_base_ros2/install/ecl_math:/home/fbot/kobuki_base_ros2/install/ecl_exceptions:/home/fbot/kobuki_base_ros2/install/ecl_concepts:/home/fbot/kobuki_base_ros2/install/ecl_type_traits:/home/fbot/kobuki_base_ros2/install/ecl_errors:/home/fbot/kobuki_base_ros2/install/ecl_mpl:/home/fbot/kobuki_base_ros2/install/ecl_eigen:/home/fbot/kobuki_base_ros2/install/ecl_config:/opt/ros/humble LD_LIBRARY_PATH=/home/fbot/kobuki_base_ros2/install/ecl_geometry/lib:/home/fbot/kobuki_base_ros2/install/ecl_linear_algebra/lib:/home/fbot/kobuki_base_ros2/install/ecl_formatters/lib:/home/fbot/kobuki_base_ros2/install/ecl_exceptions/lib:/home/fbot/kobuki_base_ros2/install/ecl_type_traits/lib:/home/fbot/kobuki_base_ros2/install/ecl_errors/lib:${LD_LIBRARY_PATH} PATH=/home/fbot/kobuki_base_ros2/install/ecl_type_traits/bin:/home/fbot/kobuki_base_ros2/install/ecl_config/bin:${PATH} /usr/bin/cmake --install /home/fbot/kobuki_base_ros2/build/ecl_manipulators
