[35m[1mConsolidate compiler generated dependencies of target gtest_main[0m
[35m[1mConsolidate compiler generated dependencies of target gtest[0m
[ 33%] Built target gtest_main
[ 66%] Built target gtest
[35m[1mConsolidate compiler generated dependencies of target ecl_test_concepts[0m
[100%] Built target ecl_test_concepts
-- Install configuration: ""
-- Up-to-date: /home/fbot/kobuki_base_ros2/install/ecl_concepts/share/ament_index/resource_index/package_run_dependencies/ecl_concepts
-- Up-to-date: /home/fbot/kobuki_base_ros2/install/ecl_concepts/share/ament_index/resource_index/parent_prefix_path/ecl_concepts
-- Up-to-date: /home/fbot/kobuki_base_ros2/install/ecl_concepts/share/ecl_concepts/environment/ament_prefix_path.sh
-- Up-to-date: /home/fbot/kobuki_base_ros2/install/ecl_concepts/share/ecl_concepts/environment/ament_prefix_path.dsv
-- Up-to-date: /home/fbot/kobuki_base_ros2/install/ecl_concepts/share/ecl_concepts/environment/path.sh
-- Up-to-date: /home/fbot/kobuki_base_ros2/install/ecl_concepts/share/ecl_concepts/environment/path.dsv
-- Up-to-date: /home/fbot/kobuki_base_ros2/install/ecl_concepts/share/ecl_concepts/local_setup.bash
-- Up-to-date: /home/fbot/kobuki_base_ros2/install/ecl_concepts/share/ecl_concepts/local_setup.sh
-- Up-to-date: /home/fbot/kobuki_base_ros2/install/ecl_concepts/share/ecl_concepts/local_setup.zsh
-- Up-to-date: /home/fbot/kobuki_base_ros2/install/ecl_concepts/share/ecl_concepts/local_setup.dsv
-- Installing: /home/fbot/kobuki_base_ros2/install/ecl_concepts/share/ecl_concepts/package.dsv
-- Up-to-date: /home/fbot/kobuki_base_ros2/install/ecl_concepts/share/ament_index/resource_index/packages/ecl_concepts
-- Up-to-date: /home/fbot/kobuki_base_ros2/install/ecl_concepts/share/ecl_concepts/cmake/ecl_conceptsExport.cmake
-- Up-to-date: /home/fbot/kobuki_base_ros2/install/ecl_concepts/share/ecl_concepts/cmake/ament_cmake_export_targets-extras.cmake
-- Up-to-date: /home/fbot/kobuki_base_ros2/install/ecl_concepts/share/ecl_concepts/cmake/ament_cmake_export_include_directories-extras.cmake
-- Up-to-date: /home/fbot/kobuki_base_ros2/install/ecl_concepts/share/ecl_concepts/cmake/ament_cmake_export_dependencies-extras.cmake
-- Up-to-date: /home/fbot/kobuki_base_ros2/install/ecl_concepts/share/ecl_concepts/cmake/ecl_conceptsConfig.cmake
-- Up-to-date: /home/fbot/kobuki_base_ros2/install/ecl_concepts/share/ecl_concepts/cmake/ecl_conceptsConfig-version.cmake
-- Up-to-date: /home/fbot/kobuki_base_ros2/install/ecl_concepts/share/ecl_concepts/package.xml
-- Up-to-date: /home/fbot/kobuki_base_ros2/install/ecl_concepts/include/ecl/concepts.hpp
-- Up-to-date: /home/fbot/kobuki_base_ros2/install/ecl_concepts/include/ecl/concepts/blueprints.hpp
-- Up-to-date: /home/fbot/kobuki_base_ros2/install/ecl_concepts/include/ecl/concepts/containers.hpp
-- Up-to-date: /home/fbot/kobuki_base_ros2/install/ecl_concepts/include/ecl/concepts/devices.hpp
-- Up-to-date: /home/fbot/kobuki_base_ros2/install/ecl_concepts/include/ecl/concepts/macros.hpp
-- Up-to-date: /home/fbot/kobuki_base_ros2/install/ecl_concepts/include/ecl/concepts/nullary_function.hpp
-- Up-to-date: /home/fbot/kobuki_base_ros2/install/ecl_concepts/include/ecl/concepts/streams.hpp
