[0.094s] Invoking command in '/home/fbot/kobuki_base_ros2/build/ecl_concepts': AMENT_PREFIX_PATH=/home/fbot/kobuki_base_ros2/install/ecl_type_traits:/home/fbot/kobuki_base_ros2/install/ecl_mpl:/home/fbot/kobuki_base_ros2/install/ecl_config:${AMENT_PREFIX_PATH} CMAKE_PREFIX_PATH=/home/fbot/kobuki_base_ros2/install/ecl_type_traits:/home/fbot/kobuki_base_ros2/install/ecl_mpl:/home/fbot/kobuki_base_ros2/install/ecl_config:/opt/ros/humble LD_LIBRARY_PATH=/home/fbot/kobuki_base_ros2/install/ecl_type_traits/lib:${LD_LIBRARY_PATH} PATH=/home/fbot/kobuki_base_ros2/install/ecl_type_traits/bin:/home/fbot/kobuki_base_ros2/install/ecl_config/bin:${PATH} /usr/bin/cmake --build /home/fbot/kobuki_base_ros2/build/ecl_concepts -- -j12 -l12
[0.128s] [35m[1mConsolidate compiler generated dependencies of target gtest_main[0m
[0.131s] [35m[1mConsolidate compiler generated dependencies of target gtest[0m
[0.141s] [ 33%] Built target gtest_main
[0.152s] [ 66%] Built target gtest
[0.154s] [35m[1mConsolidate compiler generated dependencies of target ecl_test_concepts[0m
[0.159s] [100%] Built target ecl_test_concepts
[0.225s] Invoked command in '/home/fbot/kobuki_base_ros2/build/ecl_concepts' returned '0': AMENT_PREFIX_PATH=/home/fbot/kobuki_base_ros2/install/ecl_type_traits:/home/fbot/kobuki_base_ros2/install/ecl_mpl:/home/fbot/kobuki_base_ros2/install/ecl_config:${AMENT_PREFIX_PATH} CMAKE_PREFIX_PATH=/home/fbot/kobuki_base_ros2/install/ecl_type_traits:/home/fbot/kobuki_base_ros2/install/ecl_mpl:/home/fbot/kobuki_base_ros2/install/ecl_config:/opt/ros/humble LD_LIBRARY_PATH=/home/fbot/kobuki_base_ros2/install/ecl_type_traits/lib:${LD_LIBRARY_PATH} PATH=/home/fbot/kobuki_base_ros2/install/ecl_type_traits/bin:/home/fbot/kobuki_base_ros2/install/ecl_config/bin:${PATH} /usr/bin/cmake --build /home/fbot/kobuki_base_ros2/build/ecl_concepts -- -j12 -l12
[0.226s] Invoking command in '/home/fbot/kobuki_base_ros2/build/ecl_concepts': AMENT_PREFIX_PATH=/home/fbot/kobuki_base_ros2/install/ecl_type_traits:/home/fbot/kobuki_base_ros2/install/ecl_mpl:/home/fbot/kobuki_base_ros2/install/ecl_config:${AMENT_PREFIX_PATH} CMAKE_PREFIX_PATH=/home/fbot/kobuki_base_ros2/install/ecl_type_traits:/home/fbot/kobuki_base_ros2/install/ecl_mpl:/home/fbot/kobuki_base_ros2/install/ecl_config:/opt/ros/humble LD_LIBRARY_PATH=/home/fbot/kobuki_base_ros2/install/ecl_type_traits/lib:${LD_LIBRARY_PATH} PATH=/home/fbot/kobuki_base_ros2/install/ecl_type_traits/bin:/home/fbot/kobuki_base_ros2/install/ecl_config/bin:${PATH} /usr/bin/cmake --install /home/fbot/kobuki_base_ros2/build/ecl_concepts
[0.235s] -- Install configuration: ""
[0.235s] -- Up-to-date: /home/fbot/kobuki_base_ros2/install/ecl_concepts/share/ament_index/resource_index/package_run_dependencies/ecl_concepts
[0.235s] -- Up-to-date: /home/fbot/kobuki_base_ros2/install/ecl_concepts/share/ament_index/resource_index/parent_prefix_path/ecl_concepts
[0.235s] -- Up-to-date: /home/fbot/kobuki_base_ros2/install/ecl_concepts/share/ecl_concepts/environment/ament_prefix_path.sh
[0.235s] -- Up-to-date: /home/fbot/kobuki_base_ros2/install/ecl_concepts/share/ecl_concepts/environment/ament_prefix_path.dsv
[0.235s] -- Up-to-date: /home/fbot/kobuki_base_ros2/install/ecl_concepts/share/ecl_concepts/environment/path.sh
[0.236s] -- Up-to-date: /home/fbot/kobuki_base_ros2/install/ecl_concepts/share/ecl_concepts/environment/path.dsv
[0.236s] -- Up-to-date: /home/fbot/kobuki_base_ros2/install/ecl_concepts/share/ecl_concepts/local_setup.bash
[0.237s] -- Up-to-date: /home/fbot/kobuki_base_ros2/install/ecl_concepts/share/ecl_concepts/local_setup.sh
[0.237s] -- Up-to-date: /home/fbot/kobuki_base_ros2/install/ecl_concepts/share/ecl_concepts/local_setup.zsh
[0.237s] -- Up-to-date: /home/fbot/kobuki_base_ros2/install/ecl_concepts/share/ecl_concepts/local_setup.dsv
[0.237s] -- Installing: /home/fbot/kobuki_base_ros2/install/ecl_concepts/share/ecl_concepts/package.dsv
[0.237s] -- Up-to-date: /home/fbot/kobuki_base_ros2/install/ecl_concepts/share/ament_index/resource_index/packages/ecl_concepts
[0.237s] -- Up-to-date: /home/fbot/kobuki_base_ros2/install/ecl_concepts/share/ecl_concepts/cmake/ecl_conceptsExport.cmake
[0.237s] -- Up-to-date: /home/fbot/kobuki_base_ros2/install/ecl_concepts/share/ecl_concepts/cmake/ament_cmake_export_targets-extras.cmake
[0.238s] -- Up-to-date: /home/fbot/kobuki_base_ros2/install/ecl_concepts/share/ecl_concepts/cmake/ament_cmake_export_include_directories-extras.cmake
[0.238s] -- Up-to-date: /home/fbot/kobuki_base_ros2/install/ecl_concepts/share/ecl_concepts/cmake/ament_cmake_export_dependencies-extras.cmake
[0.238s] -- Up-to-date: /home/fbot/kobuki_base_ros2/install/ecl_concepts/share/ecl_concepts/cmake/ecl_conceptsConfig.cmake
[0.238s] -- Up-to-date: /home/fbot/kobuki_base_ros2/install/ecl_concepts/share/ecl_concepts/cmake/ecl_conceptsConfig-version.cmake
[0.238s] -- Up-to-date: /home/fbot/kobuki_base_ros2/install/ecl_concepts/share/ecl_concepts/package.xml
[0.238s] -- Up-to-date: /home/fbot/kobuki_base_ros2/install/ecl_concepts/include/ecl/concepts.hpp
[0.238s] -- Up-to-date: /home/fbot/kobuki_base_ros2/install/ecl_concepts/include/ecl/concepts/blueprints.hpp
[0.238s] -- Up-to-date: /home/fbot/kobuki_base_ros2/install/ecl_concepts/include/ecl/concepts/containers.hpp
[0.238s] -- Up-to-date: /home/fbot/kobuki_base_ros2/install/ecl_concepts/include/ecl/concepts/devices.hpp
[0.239s] -- Up-to-date: /home/fbot/kobuki_base_ros2/install/ecl_concepts/include/ecl/concepts/macros.hpp
[0.239s] -- Up-to-date: /home/fbot/kobuki_base_ros2/install/ecl_concepts/include/ecl/concepts/nullary_function.hpp
[0.239s] -- Up-to-date: /home/fbot/kobuki_base_ros2/install/ecl_concepts/include/ecl/concepts/streams.hpp
[0.250s] Invoked command in '/home/fbot/kobuki_base_ros2/build/ecl_concepts' returned '0': AMENT_PREFIX_PATH=/home/fbot/kobuki_base_ros2/install/ecl_type_traits:/home/fbot/kobuki_base_ros2/install/ecl_mpl:/home/fbot/kobuki_base_ros2/install/ecl_config:${AMENT_PREFIX_PATH} CMAKE_PREFIX_PATH=/home/fbot/kobuki_base_ros2/install/ecl_type_traits:/home/fbot/kobuki_base_ros2/install/ecl_mpl:/home/fbot/kobuki_base_ros2/install/ecl_config:/opt/ros/humble LD_LIBRARY_PATH=/home/fbot/kobuki_base_ros2/install/ecl_type_traits/lib:${LD_LIBRARY_PATH} PATH=/home/fbot/kobuki_base_ros2/install/ecl_type_traits/bin:/home/fbot/kobuki_base_ros2/install/ecl_config/bin:${PATH} /usr/bin/cmake --install /home/fbot/kobuki_base_ros2/build/ecl_concepts
