[0.733s] Invoking command in '/home/fbot/kobuki_base_ros2/src/imu_serial': PYTHONPATH=/home/fbot/kobuki_base_ros2/build/imu_serial/prefix_override:/usr/lib/python3/dist-packages/colcon_core/task/python/colcon_distutils_commands:/home/fbot/kobuki_base_ros2/install/imu_serial/lib/python3.10/site-packages:${PYTHONPATH} /usr/bin/python3 -W ignore:setup.py install is deprecated -W ignore:easy_install command is deprecated setup.py egg_info --egg-base ../../build/imu_serial build --build-base /home/fbot/kobuki_base_ros2/build/imu_serial/build install --record /home/fbot/kobuki_base_ros2/build/imu_serial/install.log --single-version-externally-managed install_data
[1.042s] running egg_info
[1.043s] creating ../../build/imu_serial/imu_serial.egg-info
[1.043s] writing ../../build/imu_serial/imu_serial.egg-info/PKG-INFO
[1.044s] writing dependency_links to ../../build/imu_serial/imu_serial.egg-info/dependency_links.txt
[1.044s] writing entry points to ../../build/imu_serial/imu_serial.egg-info/entry_points.txt
[1.044s] writing requirements to ../../build/imu_serial/imu_serial.egg-info/requires.txt
[1.044s] writing top-level names to ../../build/imu_serial/imu_serial.egg-info/top_level.txt
[1.044s] writing manifest file '../../build/imu_serial/imu_serial.egg-info/SOURCES.txt'
[1.047s] reading manifest file '../../build/imu_serial/imu_serial.egg-info/SOURCES.txt'
[1.048s] writing manifest file '../../build/imu_serial/imu_serial.egg-info/SOURCES.txt'
[1.048s] running build
[1.048s] running build_py
[1.048s] creating /home/fbot/kobuki_base_ros2/build/imu_serial/build
[1.048s] creating /home/fbot/kobuki_base_ros2/build/imu_serial/build/lib
[1.048s] creating /home/fbot/kobuki_base_ros2/build/imu_serial/build/lib/imu_serial
[1.048s] copying imu_serial/__init__.py -> /home/fbot/kobuki_base_ros2/build/imu_serial/build/lib/imu_serial
[1.048s] copying imu_serial/imu_node.py -> /home/fbot/kobuki_base_ros2/build/imu_serial/build/lib/imu_serial
[1.049s] running install
[1.049s] running install_lib
[1.050s] creating /home/fbot/kobuki_base_ros2/install/imu_serial/lib/python3.10/site-packages/imu_serial
[1.050s] copying /home/fbot/kobuki_base_ros2/build/imu_serial/build/lib/imu_serial/__init__.py -> /home/fbot/kobuki_base_ros2/install/imu_serial/lib/python3.10/site-packages/imu_serial
[1.050s] copying /home/fbot/kobuki_base_ros2/build/imu_serial/build/lib/imu_serial/imu_node.py -> /home/fbot/kobuki_base_ros2/install/imu_serial/lib/python3.10/site-packages/imu_serial
[1.051s] byte-compiling /home/fbot/kobuki_base_ros2/install/imu_serial/lib/python3.10/site-packages/imu_serial/__init__.py to __init__.cpython-310.pyc
[1.051s] byte-compiling /home/fbot/kobuki_base_ros2/install/imu_serial/lib/python3.10/site-packages/imu_serial/imu_node.py to imu_node.cpython-310.pyc
[1.052s] running install_data
[1.052s] creating /home/fbot/kobuki_base_ros2/install/imu_serial/share/ament_index
[1.052s] creating /home/fbot/kobuki_base_ros2/install/imu_serial/share/ament_index/resource_index
[1.052s] creating /home/fbot/kobuki_base_ros2/install/imu_serial/share/ament_index/resource_index/packages
[1.052s] copying resource/imu_serial -> /home/fbot/kobuki_base_ros2/install/imu_serial/share/ament_index/resource_index/packages
[1.052s] copying package.xml -> /home/fbot/kobuki_base_ros2/install/imu_serial/share/imu_serial
[1.052s] running install_egg_info
[1.055s] Copying ../../build/imu_serial/imu_serial.egg-info to /home/fbot/kobuki_base_ros2/install/imu_serial/lib/python3.10/site-packages/imu_serial-0.0.0-py3.10.egg-info
[1.056s] running install_scripts
[1.084s] Installing imu_node script to /home/fbot/kobuki_base_ros2/install/imu_serial/lib/imu_serial
[1.085s] writing list of installed files to '/home/fbot/kobuki_base_ros2/build/imu_serial/install.log'
[1.126s] Invoked command in '/home/fbot/kobuki_base_ros2/src/imu_serial' returned '0': PYTHONPATH=/home/fbot/kobuki_base_ros2/build/imu_serial/prefix_override:/usr/lib/python3/dist-packages/colcon_core/task/python/colcon_distutils_commands:/home/fbot/kobuki_base_ros2/install/imu_serial/lib/python3.10/site-packages:${PYTHONPATH} /usr/bin/python3 -W ignore:setup.py install is deprecated -W ignore:easy_install command is deprecated setup.py egg_info --egg-base ../../build/imu_serial build --build-base /home/fbot/kobuki_base_ros2/build/imu_serial/build install --record /home/fbot/kobuki_base_ros2/build/imu_serial/install.log --single-version-externally-managed install_data
