[35m[1mConsolidate compiler generated dependencies of target gtest_main[0m
[35m[1mConsolidate compiler generated dependencies of target gtest[0m
[ 16%] Built target gtest_main
[ 33%] Built target gtest
[35m[1mConsolidate compiler generated dependencies of target ecl_test_constants[0m
[35m[1mConsolidate compiler generated dependencies of target ecl_test_fuzzy[0m
[35m[1mConsolidate compiler generated dependencies of target ecl_test_norms[0m
[35m[1mConsolidate compiler generated dependencies of target ecl_test_simple[0m
[ 66%] Built target ecl_test_fuzzy
[ 66%] Built target ecl_test_constants
[ 83%] Built target ecl_test_norms
[100%] Built target ecl_test_simple
-- Install configuration: ""
-- Up-to-date: /home/fbot/kobuki_base_ros2/install/ecl_math/share/ament_index/resource_index/package_run_dependencies/ecl_math
-- Up-to-date: /home/fbot/kobuki_base_ros2/install/ecl_math/share/ament_index/resource_index/parent_prefix_path/ecl_math
-- Up-to-date: /home/fbot/kobuki_base_ros2/install/ecl_math/share/ecl_math/environment/ament_prefix_path.sh
-- Up-to-date: /home/fbot/kobuki_base_ros2/install/ecl_math/share/ecl_math/environment/ament_prefix_path.dsv
-- Up-to-date: /home/fbot/kobuki_base_ros2/install/ecl_math/share/ecl_math/environment/path.sh
-- Up-to-date: /home/fbot/kobuki_base_ros2/install/ecl_math/share/ecl_math/environment/path.dsv
-- Up-to-date: /home/fbot/kobuki_base_ros2/install/ecl_math/share/ecl_math/local_setup.bash
-- Up-to-date: /home/fbot/kobuki_base_ros2/install/ecl_math/share/ecl_math/local_setup.sh
-- Up-to-date: /home/fbot/kobuki_base_ros2/install/ecl_math/share/ecl_math/local_setup.zsh
-- Up-to-date: /home/fbot/kobuki_base_ros2/install/ecl_math/share/ecl_math/local_setup.dsv
-- Installing: /home/fbot/kobuki_base_ros2/install/ecl_math/share/ecl_math/package.dsv
-- Up-to-date: /home/fbot/kobuki_base_ros2/install/ecl_math/share/ament_index/resource_index/packages/ecl_math
-- Up-to-date: /home/fbot/kobuki_base_ros2/install/ecl_math/share/ecl_math/cmake/ecl_mathExport.cmake
-- Up-to-date: /home/fbot/kobuki_base_ros2/install/ecl_math/share/ecl_math/cmake/ament_cmake_export_targets-extras.cmake
-- Up-to-date: /home/fbot/kobuki_base_ros2/install/ecl_math/share/ecl_math/cmake/ament_cmake_export_include_directories-extras.cmake
-- Up-to-date: /home/fbot/kobuki_base_ros2/install/ecl_math/share/ecl_math/cmake/ament_cmake_export_dependencies-extras.cmake
-- Up-to-date: /home/fbot/kobuki_base_ros2/install/ecl_math/share/ecl_math/cmake/ecl_mathConfig.cmake
-- Up-to-date: /home/fbot/kobuki_base_ros2/install/ecl_math/share/ecl_math/cmake/ecl_mathConfig-version.cmake
-- Up-to-date: /home/fbot/kobuki_base_ros2/install/ecl_math/share/ecl_math/package.xml
-- Up-to-date: /home/fbot/kobuki_base_ros2/install/ecl_math/include/ecl/math.hpp
-- Up-to-date: /home/fbot/kobuki_base_ros2/install/ecl_math/include/ecl/math/constants.hpp
-- Up-to-date: /home/fbot/kobuki_base_ros2/install/ecl_math/include/ecl/math/fuzzy.hpp
-- Up-to-date: /home/fbot/kobuki_base_ros2/install/ecl_math/include/ecl/math/norms.hpp
-- Up-to-date: /home/fbot/kobuki_base_ros2/install/ecl_math/include/ecl/math/simple.hpp
