[0.093s] Invoking command in '/home/fbot/kobuki_base_ros2/build/ecl_math': AMENT_PREFIX_PATH=/home/fbot/kobuki_base_ros2/install/ecl_type_traits:/home/fbot/kobuki_base_ros2/install/ecl_mpl:/home/fbot/kobuki_base_ros2/install/ecl_config:${AMENT_PREFIX_PATH} CMAKE_PREFIX_PATH=/home/fbot/kobuki_base_ros2/install/ecl_type_traits:/home/fbot/kobuki_base_ros2/install/ecl_mpl:/home/fbot/kobuki_base_ros2/install/ecl_config:/opt/ros/humble LD_LIBRARY_PATH=/home/fbot/kobuki_base_ros2/install/ecl_type_traits/lib:${LD_LIBRARY_PATH} PATH=/home/fbot/kobuki_base_ros2/install/ecl_type_traits/bin:/home/fbot/kobuki_base_ros2/install/ecl_config/bin:${PATH} /usr/bin/cmake --build /home/fbot/kobuki_base_ros2/build/ecl_math -- -j12 -l12
[0.126s] [35m[1mConsolidate compiler generated dependencies of target gtest_main[0m
[0.127s] [35m[1mConsolidate compiler generated dependencies of target gtest[0m
[0.143s] [ 16%] Built target gtest_main
[0.143s] [ 33%] Built target gtest
[0.149s] [35m[1mConsolidate compiler generated dependencies of target ecl_test_constants[0m
[0.149s] [35m[1mConsolidate compiler generated dependencies of target ecl_test_fuzzy[0m
[0.149s] [35m[1mConsolidate compiler generated dependencies of target ecl_test_norms[0m
[0.149s] [35m[1mConsolidate compiler generated dependencies of target ecl_test_simple[0m
[0.150s] [ 66%] Built target ecl_test_fuzzy
[0.150s] [ 66%] Built target ecl_test_constants
[0.151s] [ 83%] Built target ecl_test_norms
[0.151s] [100%] Built target ecl_test_simple
[0.219s] Invoked command in '/home/fbot/kobuki_base_ros2/build/ecl_math' returned '0': AMENT_PREFIX_PATH=/home/fbot/kobuki_base_ros2/install/ecl_type_traits:/home/fbot/kobuki_base_ros2/install/ecl_mpl:/home/fbot/kobuki_base_ros2/install/ecl_config:${AMENT_PREFIX_PATH} CMAKE_PREFIX_PATH=/home/fbot/kobuki_base_ros2/install/ecl_type_traits:/home/fbot/kobuki_base_ros2/install/ecl_mpl:/home/fbot/kobuki_base_ros2/install/ecl_config:/opt/ros/humble LD_LIBRARY_PATH=/home/fbot/kobuki_base_ros2/install/ecl_type_traits/lib:${LD_LIBRARY_PATH} PATH=/home/fbot/kobuki_base_ros2/install/ecl_type_traits/bin:/home/fbot/kobuki_base_ros2/install/ecl_config/bin:${PATH} /usr/bin/cmake --build /home/fbot/kobuki_base_ros2/build/ecl_math -- -j12 -l12
[0.220s] Invoking command in '/home/fbot/kobuki_base_ros2/build/ecl_math': AMENT_PREFIX_PATH=/home/fbot/kobuki_base_ros2/install/ecl_type_traits:/home/fbot/kobuki_base_ros2/install/ecl_mpl:/home/fbot/kobuki_base_ros2/install/ecl_config:${AMENT_PREFIX_PATH} CMAKE_PREFIX_PATH=/home/fbot/kobuki_base_ros2/install/ecl_type_traits:/home/fbot/kobuki_base_ros2/install/ecl_mpl:/home/fbot/kobuki_base_ros2/install/ecl_config:/opt/ros/humble LD_LIBRARY_PATH=/home/fbot/kobuki_base_ros2/install/ecl_type_traits/lib:${LD_LIBRARY_PATH} PATH=/home/fbot/kobuki_base_ros2/install/ecl_type_traits/bin:/home/fbot/kobuki_base_ros2/install/ecl_config/bin:${PATH} /usr/bin/cmake --install /home/fbot/kobuki_base_ros2/build/ecl_math
[0.227s] -- Install configuration: ""
[0.227s] -- Up-to-date: /home/fbot/kobuki_base_ros2/install/ecl_math/share/ament_index/resource_index/package_run_dependencies/ecl_math
[0.227s] -- Up-to-date: /home/fbot/kobuki_base_ros2/install/ecl_math/share/ament_index/resource_index/parent_prefix_path/ecl_math
[0.227s] -- Up-to-date: /home/fbot/kobuki_base_ros2/install/ecl_math/share/ecl_math/environment/ament_prefix_path.sh
[0.227s] -- Up-to-date: /home/fbot/kobuki_base_ros2/install/ecl_math/share/ecl_math/environment/ament_prefix_path.dsv
[0.227s] -- Up-to-date: /home/fbot/kobuki_base_ros2/install/ecl_math/share/ecl_math/environment/path.sh
[0.227s] -- Up-to-date: /home/fbot/kobuki_base_ros2/install/ecl_math/share/ecl_math/environment/path.dsv
[0.227s] -- Up-to-date: /home/fbot/kobuki_base_ros2/install/ecl_math/share/ecl_math/local_setup.bash
[0.228s] -- Up-to-date: /home/fbot/kobuki_base_ros2/install/ecl_math/share/ecl_math/local_setup.sh
[0.228s] -- Up-to-date: /home/fbot/kobuki_base_ros2/install/ecl_math/share/ecl_math/local_setup.zsh
[0.228s] -- Up-to-date: /home/fbot/kobuki_base_ros2/install/ecl_math/share/ecl_math/local_setup.dsv
[0.228s] -- Installing: /home/fbot/kobuki_base_ros2/install/ecl_math/share/ecl_math/package.dsv
[0.228s] -- Up-to-date: /home/fbot/kobuki_base_ros2/install/ecl_math/share/ament_index/resource_index/packages/ecl_math
[0.228s] -- Up-to-date: /home/fbot/kobuki_base_ros2/install/ecl_math/share/ecl_math/cmake/ecl_mathExport.cmake
[0.228s] -- Up-to-date: /home/fbot/kobuki_base_ros2/install/ecl_math/share/ecl_math/cmake/ament_cmake_export_targets-extras.cmake
[0.228s] -- Up-to-date: /home/fbot/kobuki_base_ros2/install/ecl_math/share/ecl_math/cmake/ament_cmake_export_include_directories-extras.cmake
[0.229s] -- Up-to-date: /home/fbot/kobuki_base_ros2/install/ecl_math/share/ecl_math/cmake/ament_cmake_export_dependencies-extras.cmake
[0.229s] -- Up-to-date: /home/fbot/kobuki_base_ros2/install/ecl_math/share/ecl_math/cmake/ecl_mathConfig.cmake
[0.229s] -- Up-to-date: /home/fbot/kobuki_base_ros2/install/ecl_math/share/ecl_math/cmake/ecl_mathConfig-version.cmake
[0.229s] -- Up-to-date: /home/fbot/kobuki_base_ros2/install/ecl_math/share/ecl_math/package.xml
[0.229s] -- Up-to-date: /home/fbot/kobuki_base_ros2/install/ecl_math/include/ecl/math.hpp
[0.229s] -- Up-to-date: /home/fbot/kobuki_base_ros2/install/ecl_math/include/ecl/math/constants.hpp
[0.229s] -- Up-to-date: /home/fbot/kobuki_base_ros2/install/ecl_math/include/ecl/math/fuzzy.hpp
[0.230s] -- Up-to-date: /home/fbot/kobuki_base_ros2/install/ecl_math/include/ecl/math/norms.hpp
[0.230s] -- Up-to-date: /home/fbot/kobuki_base_ros2/install/ecl_math/include/ecl/math/simple.hpp
[0.236s] Invoked command in '/home/fbot/kobuki_base_ros2/build/ecl_math' returned '0': AMENT_PREFIX_PATH=/home/fbot/kobuki_base_ros2/install/ecl_type_traits:/home/fbot/kobuki_base_ros2/install/ecl_mpl:/home/fbot/kobuki_base_ros2/install/ecl_config:${AMENT_PREFIX_PATH} CMAKE_PREFIX_PATH=/home/fbot/kobuki_base_ros2/install/ecl_type_traits:/home/fbot/kobuki_base_ros2/install/ecl_mpl:/home/fbot/kobuki_base_ros2/install/ecl_config:/opt/ros/humble LD_LIBRARY_PATH=/home/fbot/kobuki_base_ros2/install/ecl_type_traits/lib:${LD_LIBRARY_PATH} PATH=/home/fbot/kobuki_base_ros2/install/ecl_type_traits/bin:/home/fbot/kobuki_base_ros2/install/ecl_config/bin:${PATH} /usr/bin/cmake --install /home/fbot/kobuki_base_ros2/build/ecl_math
