[0.020s] Invoking command in '/home/fbot/kobuki_base_ros2/build/ecl_errors': AMENT_PREFIX_PATH=/home/fbot/kobuki_base_ros2/install/ecl_config:${AMENT_PREFIX_PATH} CMAKE_PREFIX_PATH=/home/fbot/kobuki_base_ros2/install/ecl_config:/opt/ros/humble PATH=/home/fbot/kobuki_base_ros2/install/ecl_config/bin:${PATH} /usr/bin/cmake /home/fbot/kobuki_base_ros2/src/ecl_lite/ecl_errors -DCMAKE_INSTALL_PREFIX=/home/fbot/kobuki_base_ros2/install/ecl_errors
[0.083s] -- The C compiler identification is GNU 11.4.0
[0.147s] -- The CXX compiler identification is GNU 11.4.0
[0.156s] -- Detecting C compiler ABI info
[0.233s] -- Detecting C compiler ABI info - done
[0.244s] -- Check for working C compiler: /usr/bin/cc - skipped
[0.244s] -- Detecting C compile features
[0.244s] -- Detecting C compile features - done
[0.249s] -- Detecting CXX compiler ABI info
[0.339s] -- Detecting CXX compiler ABI info - done
[0.352s] -- Check for working CXX compiler: /usr/bin/c++ - skipped
[0.352s] -- Detecting CXX compile features
[0.352s] -- Detecting CXX compile features - done
[0.355s] -- Found ament_cmake_ros: 0.10.0 (/opt/ros/humble/share/ament_cmake_ros/cmake)
[0.542s] -- Found Python3: /usr/bin/python3 (found version "3.10.12") found components: Interpreter 
[0.697s] -- Found ecl_build: 1.0.3 (/opt/ros/humble/share/ecl_build/cmake)
[0.711s] -- Found ecl_config: 1.2.0 (/home/fbot/kobuki_base_ros2/install/ecl_config/share/ecl_config/cmake)
[0.818s] -- Configuring done
[0.831s] -- Generating done
[0.832s] -- Build files have been written to: /home/fbot/kobuki_base_ros2/build/ecl_errors
[0.840s] Invoked command in '/home/fbot/kobuki_base_ros2/build/ecl_errors' returned '0': AMENT_PREFIX_PATH=/home/fbot/kobuki_base_ros2/install/ecl_config:${AMENT_PREFIX_PATH} CMAKE_PREFIX_PATH=/home/fbot/kobuki_base_ros2/install/ecl_config:/opt/ros/humble PATH=/home/fbot/kobuki_base_ros2/install/ecl_config/bin:${PATH} /usr/bin/cmake /home/fbot/kobuki_base_ros2/src/ecl_lite/ecl_errors -DCMAKE_INSTALL_PREFIX=/home/fbot/kobuki_base_ros2/install/ecl_errors
[0.843s] Invoking command in '/home/fbot/kobuki_base_ros2/build/ecl_errors': AMENT_PREFIX_PATH=/home/fbot/kobuki_base_ros2/install/ecl_config:${AMENT_PREFIX_PATH} CMAKE_PREFIX_PATH=/home/fbot/kobuki_base_ros2/install/ecl_config:/opt/ros/humble PATH=/home/fbot/kobuki_base_ros2/install/ecl_config/bin:${PATH} /usr/bin/cmake --build /home/fbot/kobuki_base_ros2/build/ecl_errors -- -j12 -l12
[0.942s] [ 25%] [32mBuilding CXX object src/lib/CMakeFiles/ecl_errors.dir/run_time_functions.cpp.o[0m
[1.096s] [ 50%] [32m[1mLinking CXX shared library libecl_errors.so[0m
[1.345s] [ 50%] Built target ecl_errors
[1.378s] [ 75%] [32mBuilding CXX object src/examples/CMakeFiles/ecl_errors_example_errors.dir/errors.cpp.o[0m
[1.853s] [100%] [32m[1mLinking CXX executable demo_errors[0m
[2.085s] [100%] Built target ecl_errors_example_errors
[2.128s] Invoked command in '/home/fbot/kobuki_base_ros2/build/ecl_errors' returned '0': AMENT_PREFIX_PATH=/home/fbot/kobuki_base_ros2/install/ecl_config:${AMENT_PREFIX_PATH} CMAKE_PREFIX_PATH=/home/fbot/kobuki_base_ros2/install/ecl_config:/opt/ros/humble PATH=/home/fbot/kobuki_base_ros2/install/ecl_config/bin:${PATH} /usr/bin/cmake --build /home/fbot/kobuki_base_ros2/build/ecl_errors -- -j12 -l12
[2.131s] Invoking command in '/home/fbot/kobuki_base_ros2/build/ecl_errors': AMENT_PREFIX_PATH=/home/fbot/kobuki_base_ros2/install/ecl_config:${AMENT_PREFIX_PATH} CMAKE_PREFIX_PATH=/home/fbot/kobuki_base_ros2/install/ecl_config:/opt/ros/humble PATH=/home/fbot/kobuki_base_ros2/install/ecl_config/bin:${PATH} /usr/bin/cmake --install /home/fbot/kobuki_base_ros2/build/ecl_errors
[2.140s] -- Install configuration: ""
[2.141s] -- Installing: /home/fbot/kobuki_base_ros2/install/ecl_errors/share/ecl_errors/environment/library_path.sh
[2.141s] -- Installing: /home/fbot/kobuki_base_ros2/install/ecl_errors/share/ecl_errors/environment/library_path.dsv
[2.141s] -- Installing: /home/fbot/kobuki_base_ros2/install/ecl_errors/share/ament_index/resource_index/package_run_dependencies/ecl_errors
[2.144s] -- Installing: /home/fbot/kobuki_base_ros2/install/ecl_errors/share/ament_index/resource_index/parent_prefix_path/ecl_errors
[2.145s] -- Installing: /home/fbot/kobuki_base_ros2/install/ecl_errors/share/ecl_errors/environment/ament_prefix_path.sh
[2.145s] -- Installing: /home/fbot/kobuki_base_ros2/install/ecl_errors/share/ecl_errors/environment/ament_prefix_path.dsv
[2.145s] -- Installing: /home/fbot/kobuki_base_ros2/install/ecl_errors/share/ecl_errors/environment/path.sh
[2.145s] -- Installing: /home/fbot/kobuki_base_ros2/install/ecl_errors/share/ecl_errors/environment/path.dsv
[2.145s] -- Installing: /home/fbot/kobuki_base_ros2/install/ecl_errors/share/ecl_errors/local_setup.bash
[2.145s] -- Installing: /home/fbot/kobuki_base_ros2/install/ecl_errors/share/ecl_errors/local_setup.sh
[2.145s] -- Installing: /home/fbot/kobuki_base_ros2/install/ecl_errors/share/ecl_errors/local_setup.zsh
[2.149s] -- Installing: /home/fbot/kobuki_base_ros2/install/ecl_errors/share/ecl_errors/local_setup.dsv
[2.149s] -- Installing: /home/fbot/kobuki_base_ros2/install/ecl_errors/share/ecl_errors/package.dsv
[2.149s] -- Installing: /home/fbot/kobuki_base_ros2/install/ecl_errors/share/ament_index/resource_index/packages/ecl_errors
[2.149s] -- Installing: /home/fbot/kobuki_base_ros2/install/ecl_errors/share/ecl_errors/cmake/ecl_errorsExport.cmake
[2.150s] -- Installing: /home/fbot/kobuki_base_ros2/install/ecl_errors/share/ecl_errors/cmake/ecl_errorsExport-noconfig.cmake
[2.150s] -- Installing: /home/fbot/kobuki_base_ros2/install/ecl_errors/share/ecl_errors/cmake/ament_cmake_export_targets-extras.cmake
[2.150s] -- Installing: /home/fbot/kobuki_base_ros2/install/ecl_errors/share/ecl_errors/cmake/ament_cmake_export_include_directories-extras.cmake
[2.150s] -- Installing: /home/fbot/kobuki_base_ros2/install/ecl_errors/share/ecl_errors/cmake/ament_cmake_export_libraries-extras.cmake
[2.150s] -- Installing: /home/fbot/kobuki_base_ros2/install/ecl_errors/share/ecl_errors/cmake/ament_cmake_export_dependencies-extras.cmake
[2.150s] -- Installing: /home/fbot/kobuki_base_ros2/install/ecl_errors/share/ecl_errors/cmake/ecl_errorsConfig.cmake
[2.150s] -- Installing: /home/fbot/kobuki_base_ros2/install/ecl_errors/share/ecl_errors/cmake/ecl_errorsConfig-version.cmake
[2.150s] -- Installing: /home/fbot/kobuki_base_ros2/install/ecl_errors/share/ecl_errors/package.xml
[2.151s] -- Installing: /home/fbot/kobuki_base_ros2/install/ecl_errors/include/ecl/errors.hpp
[2.152s] -- Installing: /home/fbot/kobuki_base_ros2/install/ecl_errors/include/ecl/errors/compile_time_assert.hpp
[2.152s] -- Installing: /home/fbot/kobuki_base_ros2/install/ecl_errors/include/ecl/errors/flags.hpp
[2.152s] -- Installing: /home/fbot/kobuki_base_ros2/install/ecl_errors/include/ecl/errors/handlers.hpp
[2.152s] -- Installing: /home/fbot/kobuki_base_ros2/install/ecl_errors/include/ecl/errors/macros.hpp
[2.152s] -- Installing: /home/fbot/kobuki_base_ros2/install/ecl_errors/include/ecl/errors/run_time_functions.hpp
[2.153s] -- Installing: /home/fbot/kobuki_base_ros2/install/ecl_errors/lib/libecl_errors.so.1.2.0
[2.153s] -- Installing: /home/fbot/kobuki_base_ros2/install/ecl_errors/lib/libecl_errors.so
[2.153s] -- Installing: /home/fbot/kobuki_base_ros2/install/ecl_errors/lib/ecl_errors/demo_errors
[2.154s] -- Set runtime path of "/home/fbot/kobuki_base_ros2/install/ecl_errors/lib/ecl_errors/demo_errors" to ""
[2.159s] Invoked command in '/home/fbot/kobuki_base_ros2/build/ecl_errors' returned '0': AMENT_PREFIX_PATH=/home/fbot/kobuki_base_ros2/install/ecl_config:${AMENT_PREFIX_PATH} CMAKE_PREFIX_PATH=/home/fbot/kobuki_base_ros2/install/ecl_config:/opt/ros/humble PATH=/home/fbot/kobuki_base_ros2/install/ecl_config/bin:${PATH} /usr/bin/cmake --install /home/fbot/kobuki_base_ros2/build/ecl_errors
