[0.025s] Invoking command in '/home/fbot/kobuki_base_ros2/build/ecl_config': CMAKE_PREFIX_PATH=/opt/ros/humble /usr/bin/cmake /home/fbot/kobuki_base_ros2/src/ecl_lite/ecl_config -DCMAKE_INSTALL_PREFIX=/home/fbot/kobuki_base_ros2/install/ecl_config
[0.360s] -- The C compiler identification is GNU 11.4.0
[0.360s] -- The CXX compiler identification is GNU 11.4.0
[0.361s] -- Detecting C compiler ABI info
[0.361s] -- Detecting C compiler ABI info - done
[0.361s] -- Check for working C compiler: /usr/bin/cc - skipped
[0.361s] -- Detecting C compile features
[0.362s] -- Detecting C compile features - done
[0.362s] -- Detecting CXX compiler ABI info
[0.362s] -- Detecting CXX compiler ABI info - done
[0.362s] -- Check for working CXX compiler: /usr/bin/c++ - skipped
[0.362s] -- Detecting CXX compile features
[0.362s] -- Detecting CXX compile features - done
[0.363s] -- Found ament_cmake_ros: 0.10.0 (/opt/ros/humble/share/ament_cmake_ros/cmake)
[0.415s] -- Found Python3: /usr/bin/python3 (found version "3.10.12") found components: Interpreter 
[0.494s] -- Found ecl_build: 1.0.3 (/opt/ros/humble/share/ecl_build/cmake)
[0.501s] -- Looking for _POSIX_VERSION
[0.559s] -- Looking for _POSIX_VERSION - found
[0.559s] -- Looking for realpath in rt
[0.610s] -- Looking for realpath in rt - found
[0.610s] -- Looking for clock_nanosleep in rt
[0.663s] -- Looking for clock_nanosleep in rt - found
[0.663s] -- Looking for clock_gettime in rt
[0.733s] -- Looking for clock_gettime in rt - found
[0.733s] -- Looking for pthread_mutex_timedlock in pthread
[0.793s] -- Looking for pthread_mutex_timedlock in pthread - found
[0.794s] -- Looking for nanosleep in pthread
[0.845s] -- Looking for nanosleep in pthread - found
[0.845s] -- Looking for shm_open in rt
[0.899s] -- Looking for shm_open in rt - found
[0.899s] -- Looking for sched_setscheduler in pthread
[0.964s] -- Looking for sched_setscheduler in pthread - found
[0.965s] -- Looking for sem_timedwait in pthread
[1.019s] -- Looking for sem_timedwait in pthread - found
[1.019s] -- Looking for sem_init in pthread
[1.072s] -- Looking for sem_init in pthread - found
[1.073s] -- Looking for CLOCK_MONOTONIC
[1.131s] -- Looking for CLOCK_MONOTONIC - found
[1.131s] -- Looking for CLOCK_PROCESS_CPUTIME_ID
[1.189s] -- Looking for CLOCK_PROCESS_CPUTIME_ID - found
[1.191s] -- Looking for pthread.h
[1.252s] -- Looking for pthread.h - found
[1.252s] -- Performing Test CMAKE_HAVE_LIBC_PTHREAD
[1.311s] -- Performing Test CMAKE_HAVE_LIBC_PTHREAD - Success
[1.312s] -- Found Threads: TRUE  
[1.314s] -- Looking for sys/types.h
[1.370s] -- Looking for sys/types.h - found
[1.370s] -- Looking for stdint.h
[1.426s] -- Looking for stdint.h - found
[1.426s] -- Looking for stddef.h
[1.500s] -- Looking for stddef.h - found
[1.501s] -- Check size of char
[1.559s] -- Check size of char - done
[1.560s] -- Check size of short
[1.625s] -- Check size of short - done
[1.625s] -- Check size of int
[1.687s] -- Check size of int - done
[1.688s] -- Check size of long
[1.747s] -- Check size of long - done
[1.747s] -- Check size of long long
[1.803s] -- Check size of long long - done
[1.804s] -- Check size of float
[1.861s] -- Check size of float - done
[1.861s] -- Check size of double
[1.920s] -- Check size of double - done
[1.921s] -- Check size of long double
[1.980s] -- Check size of long double - done
[1.984s] -- -------------------------------------------------------------------
[1.984s] -- Platform Summary
[1.984s] -- -------------------------------------------------------------------
[1.984s] -- 
[1.984s] -- System type.....................posix
[1.984s] -- Operating System................Linux-6.8.0-106-generic
[1.984s] -- Timer model.....................real-time
[1.985s] -- Thread model....................posix
[1.985s] -- Size of char....................1
[1.985s] -- Size of short...................2
[1.985s] -- Size of int.....................4
[1.985s] -- Size of long....................8
[1.985s] -- Size of long long...............8
[1.985s] -- Size of float...................4
[1.985s] -- Size of double..................8
[1.985s] -- Size of long double.............16
[1.985s] -- Size of pointer.................64-bit
[1.985s] -- Endianness......................little-endian
[1.985s] -- 
[1.985s] -- -------------------------------------------------------------------
[1.986s] -- Posix Specifications
[1.986s] -- -------------------------------------------------------------------
[1.986s] -- 
[1.986s] -- Clock selection.................yes
[1.986s] -- Monotonic clock.................yes
[1.986s] -- Priority scheduling.............yes
[1.986s] -- Semaphores......................yes
[1.986s] -- Shared memory objects...........yes
[1.986s] -- Timers..........................yes
[1.986s] -- Timeouts........................yes
[1.986s] --  - clock_gettime................yes
[1.986s] --  - clock_nanosleep..............yes
[1.987s] --  - nanosleep....................yes
[1.987s] --  - pthread_mutex_timedlock......yes
[1.987s] --  - sched_setscheduler...........yes
[1.987s] --  - sem_init.....................yes
[1.987s] --  - sem_timedwait................yes
[1.987s] --  - shm_open.....................yes
[1.987s] -- 
[1.987s] -- -------------------------------------------------------------------
[1.987s] -- Build Environment
[1.987s] -- -------------------------------------------------------------------
[1.987s] -- 
[1.987s] -- Compiler......................../usr/bin/c++
[1.988s] --  - version......................c++ (Ubuntu 11.4.0-1ubuntu1~22.04.3) 11.4.0
[1.988s] Copyright (C) 2021 Free Software Foundation, Inc.
[1.988s] This is free software see the source for copying conditions.  There is NO
[1.988s] warranty not even for MERCHANTABILITY or FITNESS FOR A PARTICULAR PURPOSE.
[1.988s] 
[1.988s] 
[1.988s] -- 
[1.989s] -- Found ament_lint_auto: 0.12.15 (/opt/ros/humble/share/ament_lint_auto/cmake)
[2.063s] -- Found gtest sources under '/opt/ros/humble/src/gtest_vendor': C++ tests using 'Google Test' will be built
[2.135s] -- Configuring done
[2.156s] -- Generating done
[2.164s] -- Build files have been written to: /home/fbot/kobuki_base_ros2/build/ecl_config
[2.171s] Invoked command in '/home/fbot/kobuki_base_ros2/build/ecl_config' returned '0': CMAKE_PREFIX_PATH=/opt/ros/humble /usr/bin/cmake /home/fbot/kobuki_base_ros2/src/ecl_lite/ecl_config -DCMAKE_INSTALL_PREFIX=/home/fbot/kobuki_base_ros2/install/ecl_config
[2.173s] Invoking command in '/home/fbot/kobuki_base_ros2/build/ecl_config': CMAKE_PREFIX_PATH=/opt/ros/humble /usr/bin/cmake --build /home/fbot/kobuki_base_ros2/build/ecl_config -- -j12 -l12
[2.226s] [ 25%] [32mBuilding CXX object gtest/CMakeFiles/gtest.dir/src/gtest-all.cc.o[0m
[2.226s] [ 25%] [32mBuilding CXX object src/utilities/CMakeFiles/ecl_detect_endian.dir/detect_endian.cpp.o[0m
[2.226s] [ 25%] [32mBuilding CXX object gtest/CMakeFiles/gtest_main.dir/src/gtest_main.cc.o[0m
[2.226s] [ 25%] [32mBuilding CXX object src/utilities/CMakeFiles/ecl_detect_posix.dir/detect_posix.cpp.o[0m
[2.529s] [ 31%] [32m[1mLinking CXX executable bin/ecl_detect_endian[0m
[2.546s] [ 37%] [32m[1mLinking CXX executable bin/ecl_detect_posix[0m
[2.656s] [ 37%] Built target ecl_detect_endian
[2.675s] [ 37%] Built target ecl_detect_posix
[3.078s] [ 43%] [32m[1mLinking CXX static library libgtest_main.a[0m
[3.146s] [ 43%] Built target gtest_main
[4.958s] [ 50%] [32m[1mLinking CXX static library libgtest.a[0m
[5.025s] [ 50%] Built target gtest
[5.046s] [ 75%] [32mBuilding CXX object src/test/CMakeFiles/ecl_test_endianness.dir/endianness.cpp.o[0m
[5.046s] [ 75%] [32mBuilding CXX object src/test/CMakeFiles/ecl_test_macros.dir/macros.cpp.o[0m
[5.046s] [ 75%] [32mBuilding CXX object src/test/CMakeFiles/ecl_test_portable_types.dir/portable_types.cpp.o[0m
[5.046s] [ 75%] [32mBuilding CXX object src/test/CMakeFiles/ecl_test_char_sign.dir/char_sign.cpp.o[0m
[5.625s] [ 81%] [32m[1mLinking CXX executable ecl_test_char_sign[0m
[5.754s] [ 81%] Built target ecl_test_char_sign
[5.873s] [ 87%] [32m[1mLinking CXX executable ecl_test_endianness[0m
[5.907s] [ 93%] [32m[1mLinking CXX executable ecl_test_portable_types[0m
[5.909s] [100%] [32m[1mLinking CXX executable ecl_test_macros[0m
[6.053s] [100%] Built target ecl_test_endianness
[6.105s] [100%] Built target ecl_test_portable_types
[6.105s] [100%] Built target ecl_test_macros
[6.117s] Invoked command in '/home/fbot/kobuki_base_ros2/build/ecl_config' returned '0': CMAKE_PREFIX_PATH=/opt/ros/humble /usr/bin/cmake --build /home/fbot/kobuki_base_ros2/build/ecl_config -- -j12 -l12
[6.119s] Invoking command in '/home/fbot/kobuki_base_ros2/build/ecl_config': CMAKE_PREFIX_PATH=/opt/ros/humble /usr/bin/cmake --install /home/fbot/kobuki_base_ros2/build/ecl_config
[6.127s] -- Install configuration: ""
[6.128s] -- Installing: /home/fbot/kobuki_base_ros2/install/ecl_config/share/ament_index/resource_index/package_run_dependencies/ecl_config
[6.128s] -- Installing: /home/fbot/kobuki_base_ros2/install/ecl_config/share/ament_index/resource_index/parent_prefix_path/ecl_config
[6.128s] -- Installing: /home/fbot/kobuki_base_ros2/install/ecl_config/share/ecl_config/environment/ament_prefix_path.sh
[6.128s] -- Installing: /home/fbot/kobuki_base_ros2/install/ecl_config/share/ecl_config/environment/ament_prefix_path.dsv
[6.128s] -- Installing: /home/fbot/kobuki_base_ros2/install/ecl_config/share/ecl_config/environment/path.sh
[6.128s] -- Installing: /home/fbot/kobuki_base_ros2/install/ecl_config/share/ecl_config/environment/path.dsv
[6.129s] -- Installing: /home/fbot/kobuki_base_ros2/install/ecl_config/share/ecl_config/local_setup.bash
[6.129s] -- Installing: /home/fbot/kobuki_base_ros2/install/ecl_config/share/ecl_config/local_setup.sh
[6.129s] -- Installing: /home/fbot/kobuki_base_ros2/install/ecl_config/share/ecl_config/local_setup.zsh
[6.129s] -- Installing: /home/fbot/kobuki_base_ros2/install/ecl_config/share/ecl_config/local_setup.dsv
[6.129s] -- Installing: /home/fbot/kobuki_base_ros2/install/ecl_config/share/ecl_config/package.dsv
[6.129s] -- Installing: /home/fbot/kobuki_base_ros2/install/ecl_config/share/ament_index/resource_index/packages/ecl_config
[6.130s] -- Installing: /home/fbot/kobuki_base_ros2/install/ecl_config/share/ecl_config/cmake/ecl_configExport.cmake
[6.130s] -- Installing: /home/fbot/kobuki_base_ros2/install/ecl_config/share/ecl_config/cmake/ament_cmake_export_targets-extras.cmake
[6.130s] -- Installing: /home/fbot/kobuki_base_ros2/install/ecl_config/share/ecl_config/cmake/ament_cmake_export_include_directories-extras.cmake
[6.130s] -- Installing: /home/fbot/kobuki_base_ros2/install/ecl_config/share/ecl_config/cmake/ecl_configConfig.cmake
[6.130s] -- Installing: /home/fbot/kobuki_base_ros2/install/ecl_config/share/ecl_config/cmake/ecl_configConfig-version.cmake
[6.130s] -- Installing: /home/fbot/kobuki_base_ros2/install/ecl_config/share/ecl_config/package.xml
[6.131s] -- Installing: /home/fbot/kobuki_base_ros2/install/ecl_config/include/ecl/config.hpp
[6.131s] -- Installing: /home/fbot/kobuki_base_ros2/install/ecl_config/include/ecl/config/ecl.hpp
[6.131s] -- Installing: /home/fbot/kobuki_base_ros2/install/ecl_config/include/ecl/config/char_sign.hpp
[6.131s] -- Installing: /home/fbot/kobuki_base_ros2/install/ecl_config/include/ecl/config/ecl_unknown.hpp
[6.131s] -- Installing: /home/fbot/kobuki_base_ros2/install/ecl_config/include/ecl/config/endianness.hpp
[6.132s] -- Installing: /home/fbot/kobuki_base_ros2/install/ecl_config/include/ecl/config/macros.hpp
[6.132s] -- Installing: /home/fbot/kobuki_base_ros2/install/ecl_config/include/ecl/config/portable_types.hpp
[6.132s] -- Installing: /home/fbot/kobuki_base_ros2/install/ecl_config/include/ecl/config/windows.hpp
[6.132s] -- Installing: /home/fbot/kobuki_base_ros2/install/ecl_config/bin/ecl_detect_endian
[6.133s] -- Installing: /home/fbot/kobuki_base_ros2/install/ecl_config/bin/ecl_detect_posix
[6.135s] Invoked command in '/home/fbot/kobuki_base_ros2/build/ecl_config' returned '0': CMAKE_PREFIX_PATH=/opt/ros/humble /usr/bin/cmake --install /home/fbot/kobuki_base_ros2/build/ecl_config
