[35m[1mConsolidate compiler generated dependencies of target ecl_mobile_robot[0m
[35m[1mConsolidate compiler generated dependencies of target gtest[0m
[35m[1mConsolidate compiler generated dependencies of target gtest_main[0m
[ 25%] Built target gtest
[ 50%] Built target ecl_mobile_robot
[ 75%] Built target gtest_main
[35m[1mConsolidate compiler generated dependencies of target ecl_test_partial_inverse[0m
[100%] Built target ecl_test_partial_inverse
-- Install configuration: ""
-- Up-to-date: /home/fbot/kobuki_base_ros2/install/ecl_mobile_robot/share/ecl_mobile_robot/environment/library_path.sh
-- Up-to-date: /home/fbot/kobuki_base_ros2/install/ecl_mobile_robot/share/ecl_mobile_robot/environment/library_path.dsv
-- Up-to-date: /home/fbot/kobuki_base_ros2/install/ecl_mobile_robot/share/ament_index/resource_index/package_run_dependencies/ecl_mobile_robot
-- Up-to-date: /home/fbot/kobuki_base_ros2/install/ecl_mobile_robot/share/ament_index/resource_index/parent_prefix_path/ecl_mobile_robot
-- Up-to-date: /home/fbot/kobuki_base_ros2/install/ecl_mobile_robot/share/ecl_mobile_robot/environment/ament_prefix_path.sh
-- Up-to-date: /home/fbot/kobuki_base_ros2/install/ecl_mobile_robot/share/ecl_mobile_robot/environment/ament_prefix_path.dsv
-- Up-to-date: /home/fbot/kobuki_base_ros2/install/ecl_mobile_robot/share/ecl_mobile_robot/environment/path.sh
-- Up-to-date: /home/fbot/kobuki_base_ros2/install/ecl_mobile_robot/share/ecl_mobile_robot/environment/path.dsv
-- Up-to-date: /home/fbot/kobuki_base_ros2/install/ecl_mobile_robot/share/ecl_mobile_robot/local_setup.bash
-- Up-to-date: /home/fbot/kobuki_base_ros2/install/ecl_mobile_robot/share/ecl_mobile_robot/local_setup.sh
-- Up-to-date: /home/fbot/kobuki_base_ros2/install/ecl_mobile_robot/share/ecl_mobile_robot/local_setup.zsh
-- Up-to-date: /home/fbot/kobuki_base_ros2/install/ecl_mobile_robot/share/ecl_mobile_robot/local_setup.dsv
-- Installing: /home/fbot/kobuki_base_ros2/install/ecl_mobile_robot/share/ecl_mobile_robot/package.dsv
-- Up-to-date: /home/fbot/kobuki_base_ros2/install/ecl_mobile_robot/share/ament_index/resource_index/packages/ecl_mobile_robot
-- Up-to-date: /home/fbot/kobuki_base_ros2/install/ecl_mobile_robot/share/ecl_mobile_robot/cmake/ecl_mobile_robotExport.cmake
-- Up-to-date: /home/fbot/kobuki_base_ros2/install/ecl_mobile_robot/share/ecl_mobile_robot/cmake/ecl_mobile_robotExport-noconfig.cmake
-- Up-to-date: /home/fbot/kobuki_base_ros2/install/ecl_mobile_robot/share/ecl_mobile_robot/cmake/ament_cmake_export_targets-extras.cmake
-- Up-to-date: /home/fbot/kobuki_base_ros2/install/ecl_mobile_robot/share/ecl_mobile_robot/cmake/ament_cmake_export_include_directories-extras.cmake
-- Up-to-date: /home/fbot/kobuki_base_ros2/install/ecl_mobile_robot/share/ecl_mobile_robot/cmake/ament_cmake_export_libraries-extras.cmake
-- Up-to-date: /home/fbot/kobuki_base_ros2/install/ecl_mobile_robot/share/ecl_mobile_robot/cmake/ament_cmake_export_dependencies-extras.cmake
-- Up-to-date: /home/fbot/kobuki_base_ros2/install/ecl_mobile_robot/share/ecl_mobile_robot/cmake/ecl_mobile_robotConfig.cmake
-- Up-to-date: /home/fbot/kobuki_base_ros2/install/ecl_mobile_robot/share/ecl_mobile_robot/cmake/ecl_mobile_robotConfig-version.cmake
-- Up-to-date: /home/fbot/kobuki_base_ros2/install/ecl_mobile_robot/share/ecl_mobile_robot/package.xml
-- Up-to-date: /home/fbot/kobuki_base_ros2/install/ecl_mobile_robot/include/ecl/mobile_robot.hpp
-- Up-to-date: /home/fbot/kobuki_base_ros2/install/ecl_mobile_robot/include/ecl/mobile_robot/differential_drive.hpp
-- Up-to-date: /home/fbot/kobuki_base_ros2/install/ecl_mobile_robot/include/ecl/mobile_robot/macros.hpp
-- Up-to-date: /home/fbot/kobuki_base_ros2/install/ecl_mobile_robot/include/ecl/mobile_robot/kinematics/differential_drive.hpp
-- Up-to-date: /home/fbot/kobuki_base_ros2/install/ecl_mobile_robot/lib/libecl_mobile_robot.so.1.2.1
-- Up-to-date: /home/fbot/kobuki_base_ros2/install/ecl_mobile_robot/lib/libecl_mobile_robot.so
