[0.025s] Invoking command in '/home/fbot/kobuki_base_ros2/build/ecl_sigslots': AMENT_PREFIX_PATH=/home/fbot/kobuki_base_ros2/install/ecl_threads:/home/fbot/kobuki_base_ros2/install/ecl_utilities:/home/fbot/kobuki_base_ros2/install/ecl_time:/home/fbot/kobuki_base_ros2/install/ecl_time_lite:/home/fbot/kobuki_base_ros2/install/ecl_exceptions:/home/fbot/kobuki_base_ros2/install/ecl_concepts:/home/fbot/kobuki_base_ros2/install/ecl_type_traits:/home/fbot/kobuki_base_ros2/install/ecl_errors:/home/fbot/kobuki_base_ros2/install/ecl_mpl:/home/fbot/kobuki_base_ros2/install/ecl_config:${AMENT_PREFIX_PATH} CMAKE_PREFIX_PATH=/home/fbot/kobuki_base_ros2/install/ecl_threads:/home/fbot/kobuki_base_ros2/install/ecl_utilities:/home/fbot/kobuki_base_ros2/install/ecl_time:/home/fbot/kobuki_base_ros2/install/ecl_time_lite:/home/fbot/kobuki_base_ros2/install/ecl_exceptions:/home/fbot/kobuki_base_ros2/install/ecl_concepts:/home/fbot/kobuki_base_ros2/install/ecl_type_traits:/home/fbot/kobuki_base_ros2/install/ecl_errors:/home/fbot/kobuki_base_ros2/install/ecl_mpl:/home/fbot/kobuki_base_ros2/install/ecl_config:/opt/ros/humble LD_LIBRARY_PATH=/home/fbot/kobuki_base_ros2/install/ecl_threads/lib:/home/fbot/kobuki_base_ros2/install/ecl_time/lib:/home/fbot/kobuki_base_ros2/install/ecl_time_lite/lib:/home/fbot/kobuki_base_ros2/install/ecl_exceptions/lib:/home/fbot/kobuki_base_ros2/install/ecl_type_traits/lib:/home/fbot/kobuki_base_ros2/install/ecl_errors/lib:${LD_LIBRARY_PATH} PATH=/home/fbot/kobuki_base_ros2/install/ecl_type_traits/bin:/home/fbot/kobuki_base_ros2/install/ecl_config/bin:${PATH} /usr/bin/cmake /home/fbot/kobuki_base_ros2/src/ecl_core/ecl_sigslots -DCMAKE_INSTALL_PREFIX=/home/fbot/kobuki_base_ros2/install/ecl_sigslots
[0.077s] -- The C compiler identification is GNU 11.4.0
[0.124s] -- The CXX compiler identification is GNU 11.4.0
[0.130s] -- Detecting C compiler ABI info
[0.190s] -- Detecting C compiler ABI info - done
[0.202s] -- Check for working C compiler: /usr/bin/cc - skipped
[0.202s] -- Detecting C compile features
[0.202s] -- Detecting C compile features - done
[0.206s] -- Detecting CXX compiler ABI info
[0.275s] -- Detecting CXX compiler ABI info - done
[0.282s] -- Check for working CXX compiler: /usr/bin/c++ - skipped
[0.282s] -- Detecting CXX compile features
[0.283s] -- Detecting CXX compile features - done
[0.284s] -- Found ament_cmake_ros: 0.10.0 (/opt/ros/humble/share/ament_cmake_ros/cmake)
[0.428s] -- Found Python3: /usr/bin/python3 (found version "3.10.12") found components: Interpreter 
[0.515s] -- Found ecl_build: 1.0.3 (/opt/ros/humble/share/ecl_build/cmake)
[0.520s] -- Found ecl_config: 1.2.0 (/home/fbot/kobuki_base_ros2/install/ecl_config/share/ecl_config/cmake)
[0.527s] -- Found ecl_threads: 1.2.1 (/home/fbot/kobuki_base_ros2/install/ecl_threads/share/ecl_threads/cmake)
[0.527s] -- Looking for pthread.h
[0.618s] -- Looking for pthread.h - found
[0.619s] -- Performing Test CMAKE_HAVE_LIBC_PTHREAD
[0.789s] -- Performing Test CMAKE_HAVE_LIBC_PTHREAD - Success
[0.790s] [33mCMake Warning (dev) at /usr/share/cmake-3.22/Modules/FindPackageHandleStandardArgs.cmake:438 (message):
[0.790s]   The package name passed to `find_package_handle_standard_args` (Threads)
[0.795s]   does not match the name of the calling package (ecl_threads).  This can
[0.795s]   lead to problems in calling code that expects `find_package` result
[0.795s]   variables (e.g., `_FOUND`) to follow a certain pattern.
[0.795s] Call Stack (most recent call first):
[0.796s]   /usr/share/cmake-3.22/Modules/FindThreads.cmake:238 (FIND_PACKAGE_HANDLE_STANDARD_ARGS)
[0.796s]   /opt/ros/humble/share/ecl_build/cmake/ecl_platform_detection.cmake:225 (include)
[0.796s]   /home/fbot/kobuki_base_ros2/install/ecl_threads/share/ecl_threads/cmake/ecl_threads-extras.cmake:4 (ecl_detect_threads)
[0.796s]   /home/fbot/kobuki_base_ros2/install/ecl_threads/share/ecl_threads/cmake/ecl_threadsConfig.cmake:41 (include)
[0.796s]   CMakeLists.txt:19 (find_package)
[0.796s] This warning is for project developers.  Use -Wno-dev to suppress it.
[0.796s] [0m
[0.796s] -- Found Threads: TRUE  
[1.035s] -- Found ament_lint_auto: 0.12.15 (/opt/ros/humble/share/ament_lint_auto/cmake)
[1.068s] -- Found gtest sources under '/opt/ros/humble/src/gtest_vendor': C++ tests using 'Google Test' will be built
[1.078s] -- Configuring done
[1.095s] -- Generating done
[1.104s] -- Build files have been written to: /home/fbot/kobuki_base_ros2/build/ecl_sigslots
[1.121s] Invoked command in '/home/fbot/kobuki_base_ros2/build/ecl_sigslots' returned '0': AMENT_PREFIX_PATH=/home/fbot/kobuki_base_ros2/install/ecl_threads:/home/fbot/kobuki_base_ros2/install/ecl_utilities:/home/fbot/kobuki_base_ros2/install/ecl_time:/home/fbot/kobuki_base_ros2/install/ecl_time_lite:/home/fbot/kobuki_base_ros2/install/ecl_exceptions:/home/fbot/kobuki_base_ros2/install/ecl_concepts:/home/fbot/kobuki_base_ros2/install/ecl_type_traits:/home/fbot/kobuki_base_ros2/install/ecl_errors:/home/fbot/kobuki_base_ros2/install/ecl_mpl:/home/fbot/kobuki_base_ros2/install/ecl_config:${AMENT_PREFIX_PATH} CMAKE_PREFIX_PATH=/home/fbot/kobuki_base_ros2/install/ecl_threads:/home/fbot/kobuki_base_ros2/install/ecl_utilities:/home/fbot/kobuki_base_ros2/install/ecl_time:/home/fbot/kobuki_base_ros2/install/ecl_time_lite:/home/fbot/kobuki_base_ros2/install/ecl_exceptions:/home/fbot/kobuki_base_ros2/install/ecl_concepts:/home/fbot/kobuki_base_ros2/install/ecl_type_traits:/home/fbot/kobuki_base_ros2/install/ecl_errors:/home/fbot/kobuki_base_ros2/install/ecl_mpl:/home/fbot/kobuki_base_ros2/install/ecl_config:/opt/ros/humble LD_LIBRARY_PATH=/home/fbot/kobuki_base_ros2/install/ecl_threads/lib:/home/fbot/kobuki_base_ros2/install/ecl_time/lib:/home/fbot/kobuki_base_ros2/install/ecl_time_lite/lib:/home/fbot/kobuki_base_ros2/install/ecl_exceptions/lib:/home/fbot/kobuki_base_ros2/install/ecl_type_traits/lib:/home/fbot/kobuki_base_ros2/install/ecl_errors/lib:${LD_LIBRARY_PATH} PATH=/home/fbot/kobuki_base_ros2/install/ecl_type_traits/bin:/home/fbot/kobuki_base_ros2/install/ecl_config/bin:${PATH} /usr/bin/cmake /home/fbot/kobuki_base_ros2/src/ecl_core/ecl_sigslots -DCMAKE_INSTALL_PREFIX=/home/fbot/kobuki_base_ros2/install/ecl_sigslots
[1.125s] Invoking command in '/home/fbot/kobuki_base_ros2/build/ecl_sigslots': AMENT_PREFIX_PATH=/home/fbot/kobuki_base_ros2/install/ecl_threads:/home/fbot/kobuki_base_ros2/install/ecl_utilities:/home/fbot/kobuki_base_ros2/install/ecl_time:/home/fbot/kobuki_base_ros2/install/ecl_time_lite:/home/fbot/kobuki_base_ros2/install/ecl_exceptions:/home/fbot/kobuki_base_ros2/install/ecl_concepts:/home/fbot/kobuki_base_ros2/install/ecl_type_traits:/home/fbot/kobuki_base_ros2/install/ecl_errors:/home/fbot/kobuki_base_ros2/install/ecl_mpl:/home/fbot/kobuki_base_ros2/install/ecl_config:${AMENT_PREFIX_PATH} CMAKE_PREFIX_PATH=/home/fbot/kobuki_base_ros2/install/ecl_threads:/home/fbot/kobuki_base_ros2/install/ecl_utilities:/home/fbot/kobuki_base_ros2/install/ecl_time:/home/fbot/kobuki_base_ros2/install/ecl_time_lite:/home/fbot/kobuki_base_ros2/install/ecl_exceptions:/home/fbot/kobuki_base_ros2/install/ecl_concepts:/home/fbot/kobuki_base_ros2/install/ecl_type_traits:/home/fbot/kobuki_base_ros2/install/ecl_errors:/home/fbot/kobuki_base_ros2/install/ecl_mpl:/home/fbot/kobuki_base_ros2/install/ecl_config:/opt/ros/humble LD_LIBRARY_PATH=/home/fbot/kobuki_base_ros2/install/ecl_threads/lib:/home/fbot/kobuki_base_ros2/install/ecl_time/lib:/home/fbot/kobuki_base_ros2/install/ecl_time_lite/lib:/home/fbot/kobuki_base_ros2/install/ecl_exceptions/lib:/home/fbot/kobuki_base_ros2/install/ecl_type_traits/lib:/home/fbot/kobuki_base_ros2/install/ecl_errors/lib:${LD_LIBRARY_PATH} PATH=/home/fbot/kobuki_base_ros2/install/ecl_type_traits/bin:/home/fbot/kobuki_base_ros2/install/ecl_config/bin:${PATH} /usr/bin/cmake --build /home/fbot/kobuki_base_ros2/build/ecl_sigslots -- -j12 -l12
[1.248s] [ 10%] [32mBuilding CXX object src/examples/CMakeFiles/ecl_demo_sigslots.dir/sigslots.cpp.o[0m
[1.253s] [ 20%] [32mBuilding CXX object src/examples/CMakeFiles/ecl_demo_sigslots_manager.dir/sigslots_manager.cpp.o[0m
[1.253s] [ 30%] [32mBuilding CXX object gtest/CMakeFiles/gtest_main.dir/src/gtest_main.cc.o[0m
[1.259s] [ 40%] [32mBuilding CXX object gtest/CMakeFiles/gtest.dir/src/gtest-all.cc.o[0m
[2.565s] [ 50%] [32m[1mLinking CXX static library libgtest_main.a[0m
[2.707s] [ 50%] Built target gtest_main
[2.825s] [ 60%] [32m[1mLinking CXX executable demo_sigslots_manager[0m
[2.976s] [ 60%] Built target ecl_demo_sigslots_manager
[3.017s] [ 70%] [32m[1mLinking CXX executable demo_sigslots[0m
[3.164s] [ 70%] Built target ecl_demo_sigslots
[5.461s] [ 80%] [32m[1mLinking CXX static library libgtest.a[0m
[5.535s] [ 80%] Built target gtest
[5.554s] [ 90%] [32mBuilding CXX object src/test/CMakeFiles/ecl_test_sigslots.dir/sigslots.cpp.o[0m
[6.713s] [100%] [32m[1mLinking CXX executable ecl_test_sigslots[0m
[6.875s] [100%] Built target ecl_test_sigslots
[6.884s] Invoked command in '/home/fbot/kobuki_base_ros2/build/ecl_sigslots' returned '0': AMENT_PREFIX_PATH=/home/fbot/kobuki_base_ros2/install/ecl_threads:/home/fbot/kobuki_base_ros2/install/ecl_utilities:/home/fbot/kobuki_base_ros2/install/ecl_time:/home/fbot/kobuki_base_ros2/install/ecl_time_lite:/home/fbot/kobuki_base_ros2/install/ecl_exceptions:/home/fbot/kobuki_base_ros2/install/ecl_concepts:/home/fbot/kobuki_base_ros2/install/ecl_type_traits:/home/fbot/kobuki_base_ros2/install/ecl_errors:/home/fbot/kobuki_base_ros2/install/ecl_mpl:/home/fbot/kobuki_base_ros2/install/ecl_config:${AMENT_PREFIX_PATH} CMAKE_PREFIX_PATH=/home/fbot/kobuki_base_ros2/install/ecl_threads:/home/fbot/kobuki_base_ros2/install/ecl_utilities:/home/fbot/kobuki_base_ros2/install/ecl_time:/home/fbot/kobuki_base_ros2/install/ecl_time_lite:/home/fbot/kobuki_base_ros2/install/ecl_exceptions:/home/fbot/kobuki_base_ros2/install/ecl_concepts:/home/fbot/kobuki_base_ros2/install/ecl_type_traits:/home/fbot/kobuki_base_ros2/install/ecl_errors:/home/fbot/kobuki_base_ros2/install/ecl_mpl:/home/fbot/kobuki_base_ros2/install/ecl_config:/opt/ros/humble LD_LIBRARY_PATH=/home/fbot/kobuki_base_ros2/install/ecl_threads/lib:/home/fbot/kobuki_base_ros2/install/ecl_time/lib:/home/fbot/kobuki_base_ros2/install/ecl_time_lite/lib:/home/fbot/kobuki_base_ros2/install/ecl_exceptions/lib:/home/fbot/kobuki_base_ros2/install/ecl_type_traits/lib:/home/fbot/kobuki_base_ros2/install/ecl_errors/lib:${LD_LIBRARY_PATH} PATH=/home/fbot/kobuki_base_ros2/install/ecl_type_traits/bin:/home/fbot/kobuki_base_ros2/install/ecl_config/bin:${PATH} /usr/bin/cmake --build /home/fbot/kobuki_base_ros2/build/ecl_sigslots -- -j12 -l12
[6.885s] Invoking command in '/home/fbot/kobuki_base_ros2/build/ecl_sigslots': AMENT_PREFIX_PATH=/home/fbot/kobuki_base_ros2/install/ecl_threads:/home/fbot/kobuki_base_ros2/install/ecl_utilities:/home/fbot/kobuki_base_ros2/install/ecl_time:/home/fbot/kobuki_base_ros2/install/ecl_time_lite:/home/fbot/kobuki_base_ros2/install/ecl_exceptions:/home/fbot/kobuki_base_ros2/install/ecl_concepts:/home/fbot/kobuki_base_ros2/install/ecl_type_traits:/home/fbot/kobuki_base_ros2/install/ecl_errors:/home/fbot/kobuki_base_ros2/install/ecl_mpl:/home/fbot/kobuki_base_ros2/install/ecl_config:${AMENT_PREFIX_PATH} CMAKE_PREFIX_PATH=/home/fbot/kobuki_base_ros2/install/ecl_threads:/home/fbot/kobuki_base_ros2/install/ecl_utilities:/home/fbot/kobuki_base_ros2/install/ecl_time:/home/fbot/kobuki_base_ros2/install/ecl_time_lite:/home/fbot/kobuki_base_ros2/install/ecl_exceptions:/home/fbot/kobuki_base_ros2/install/ecl_concepts:/home/fbot/kobuki_base_ros2/install/ecl_type_traits:/home/fbot/kobuki_base_ros2/install/ecl_errors:/home/fbot/kobuki_base_ros2/install/ecl_mpl:/home/fbot/kobuki_base_ros2/install/ecl_config:/opt/ros/humble LD_LIBRARY_PATH=/home/fbot/kobuki_base_ros2/install/ecl_threads/lib:/home/fbot/kobuki_base_ros2/install/ecl_time/lib:/home/fbot/kobuki_base_ros2/install/ecl_time_lite/lib:/home/fbot/kobuki_base_ros2/install/ecl_exceptions/lib:/home/fbot/kobuki_base_ros2/install/ecl_type_traits/lib:/home/fbot/kobuki_base_ros2/install/ecl_errors/lib:${LD_LIBRARY_PATH} PATH=/home/fbot/kobuki_base_ros2/install/ecl_type_traits/bin:/home/fbot/kobuki_base_ros2/install/ecl_config/bin:${PATH} /usr/bin/cmake --install /home/fbot/kobuki_base_ros2/build/ecl_sigslots
[6.891s] -- Install configuration: ""
[6.892s] -- Installing: /home/fbot/kobuki_base_ros2/install/ecl_sigslots/share/ament_index/resource_index/package_run_dependencies/ecl_sigslots
[6.892s] -- Installing: /home/fbot/kobuki_base_ros2/install/ecl_sigslots/share/ament_index/resource_index/parent_prefix_path/ecl_sigslots
[6.892s] -- Installing: /home/fbot/kobuki_base_ros2/install/ecl_sigslots/share/ecl_sigslots/environment/ament_prefix_path.sh
[6.892s] -- Installing: /home/fbot/kobuki_base_ros2/install/ecl_sigslots/share/ecl_sigslots/environment/ament_prefix_path.dsv
[6.892s] -- Installing: /home/fbot/kobuki_base_ros2/install/ecl_sigslots/share/ecl_sigslots/environment/path.sh
[6.892s] -- Installing: /home/fbot/kobuki_base_ros2/install/ecl_sigslots/share/ecl_sigslots/environment/path.dsv
[6.892s] -- Installing: /home/fbot/kobuki_base_ros2/install/ecl_sigslots/share/ecl_sigslots/local_setup.bash
[6.892s] -- Installing: /home/fbot/kobuki_base_ros2/install/ecl_sigslots/share/ecl_sigslots/local_setup.sh
[6.892s] -- Installing: /home/fbot/kobuki_base_ros2/install/ecl_sigslots/share/ecl_sigslots/local_setup.zsh
[6.892s] -- Installing: /home/fbot/kobuki_base_ros2/install/ecl_sigslots/share/ecl_sigslots/local_setup.dsv
[6.893s] -- Installing: /home/fbot/kobuki_base_ros2/install/ecl_sigslots/share/ecl_sigslots/package.dsv
[6.893s] -- Installing: /home/fbot/kobuki_base_ros2/install/ecl_sigslots/share/ament_index/resource_index/packages/ecl_sigslots
[6.893s] -- Installing: /home/fbot/kobuki_base_ros2/install/ecl_sigslots/share/ecl_sigslots/cmake/ecl_sigslotsExport.cmake
[6.893s] -- Installing: /home/fbot/kobuki_base_ros2/install/ecl_sigslots/share/ecl_sigslots/cmake/ament_cmake_export_targets-extras.cmake
[6.893s] -- Installing: /home/fbot/kobuki_base_ros2/install/ecl_sigslots/share/ecl_sigslots/cmake/ament_cmake_export_include_directories-extras.cmake
[6.893s] -- Installing: /home/fbot/kobuki_base_ros2/install/ecl_sigslots/share/ecl_sigslots/cmake/ament_cmake_export_dependencies-extras.cmake
[6.893s] -- Installing: /home/fbot/kobuki_base_ros2/install/ecl_sigslots/share/ecl_sigslots/cmake/ecl_sigslotsConfig.cmake
[6.893s] -- Installing: /home/fbot/kobuki_base_ros2/install/ecl_sigslots/share/ecl_sigslots/cmake/ecl_sigslotsConfig-version.cmake
[6.893s] -- Installing: /home/fbot/kobuki_base_ros2/install/ecl_sigslots/share/ecl_sigslots/package.xml
[6.893s] -- Installing: /home/fbot/kobuki_base_ros2/install/ecl_sigslots/include/ecl/sigslots.hpp
[6.894s] -- Installing: /home/fbot/kobuki_base_ros2/install/ecl_sigslots/include/ecl/sigslots/macros.hpp
[6.894s] -- Installing: /home/fbot/kobuki_base_ros2/install/ecl_sigslots/include/ecl/sigslots/manager.hpp
[6.894s] -- Installing: /home/fbot/kobuki_base_ros2/install/ecl_sigslots/include/ecl/sigslots/signal.hpp
[6.894s] -- Installing: /home/fbot/kobuki_base_ros2/install/ecl_sigslots/include/ecl/sigslots/sigslot.hpp
[6.894s] -- Installing: /home/fbot/kobuki_base_ros2/install/ecl_sigslots/include/ecl/sigslots/slot.hpp
[6.894s] -- Installing: /home/fbot/kobuki_base_ros2/install/ecl_sigslots/include/ecl/sigslots/topic.hpp
[6.894s] -- Installing: /home/fbot/kobuki_base_ros2/install/ecl_sigslots/lib/ecl_sigslots/demo_sigslots
[6.895s] -- Set runtime path of "/home/fbot/kobuki_base_ros2/install/ecl_sigslots/lib/ecl_sigslots/demo_sigslots" to ""
[6.895s] -- Installing: /home/fbot/kobuki_base_ros2/install/ecl_sigslots/lib/ecl_sigslots/demo_sigslots_manager
[6.895s] -- Set runtime path of "/home/fbot/kobuki_base_ros2/install/ecl_sigslots/lib/ecl_sigslots/demo_sigslots_manager" to ""
[6.897s] Invoked command in '/home/fbot/kobuki_base_ros2/build/ecl_sigslots' returned '0': AMENT_PREFIX_PATH=/home/fbot/kobuki_base_ros2/install/ecl_threads:/home/fbot/kobuki_base_ros2/install/ecl_utilities:/home/fbot/kobuki_base_ros2/install/ecl_time:/home/fbot/kobuki_base_ros2/install/ecl_time_lite:/home/fbot/kobuki_base_ros2/install/ecl_exceptions:/home/fbot/kobuki_base_ros2/install/ecl_concepts:/home/fbot/kobuki_base_ros2/install/ecl_type_traits:/home/fbot/kobuki_base_ros2/install/ecl_errors:/home/fbot/kobuki_base_ros2/install/ecl_mpl:/home/fbot/kobuki_base_ros2/install/ecl_config:${AMENT_PREFIX_PATH} CMAKE_PREFIX_PATH=/home/fbot/kobuki_base_ros2/install/ecl_threads:/home/fbot/kobuki_base_ros2/install/ecl_utilities:/home/fbot/kobuki_base_ros2/install/ecl_time:/home/fbot/kobuki_base_ros2/install/ecl_time_lite:/home/fbot/kobuki_base_ros2/install/ecl_exceptions:/home/fbot/kobuki_base_ros2/install/ecl_concepts:/home/fbot/kobuki_base_ros2/install/ecl_type_traits:/home/fbot/kobuki_base_ros2/install/ecl_errors:/home/fbot/kobuki_base_ros2/install/ecl_mpl:/home/fbot/kobuki_base_ros2/install/ecl_config:/opt/ros/humble LD_LIBRARY_PATH=/home/fbot/kobuki_base_ros2/install/ecl_threads/lib:/home/fbot/kobuki_base_ros2/install/ecl_time/lib:/home/fbot/kobuki_base_ros2/install/ecl_time_lite/lib:/home/fbot/kobuki_base_ros2/install/ecl_exceptions/lib:/home/fbot/kobuki_base_ros2/install/ecl_type_traits/lib:/home/fbot/kobuki_base_ros2/install/ecl_errors/lib:${LD_LIBRARY_PATH} PATH=/home/fbot/kobuki_base_ros2/install/ecl_type_traits/bin:/home/fbot/kobuki_base_ros2/install/ecl_config/bin:${PATH} /usr/bin/cmake --install /home/fbot/kobuki_base_ros2/build/ecl_sigslots
