[0.025s] Invoking command in '/home/fbot/kobuki_base_ros2/build/ecl_utilities': AMENT_PREFIX_PATH=/home/fbot/kobuki_base_ros2/install/ecl_concepts:/home/fbot/kobuki_base_ros2/install/ecl_type_traits:/home/fbot/kobuki_base_ros2/install/ecl_mpl:/home/fbot/kobuki_base_ros2/install/ecl_config:${AMENT_PREFIX_PATH} CMAKE_PREFIX_PATH=/home/fbot/kobuki_base_ros2/install/ecl_concepts:/home/fbot/kobuki_base_ros2/install/ecl_type_traits:/home/fbot/kobuki_base_ros2/install/ecl_mpl:/home/fbot/kobuki_base_ros2/install/ecl_config:/opt/ros/humble LD_LIBRARY_PATH=/home/fbot/kobuki_base_ros2/install/ecl_type_traits/lib:${LD_LIBRARY_PATH} PATH=/home/fbot/kobuki_base_ros2/install/ecl_type_traits/bin:/home/fbot/kobuki_base_ros2/install/ecl_config/bin:${PATH} /usr/bin/cmake /home/fbot/kobuki_base_ros2/src/ecl_core/ecl_utilities -DCMAKE_INSTALL_PREFIX=/home/fbot/kobuki_base_ros2/install/ecl_utilities
[0.084s] -- The C compiler identification is GNU 11.4.0
[0.157s] -- The CXX compiler identification is GNU 11.4.0
[0.165s] -- Detecting C compiler ABI info
[0.245s] -- Detecting C compiler ABI info - done
[0.257s] -- Check for working C compiler: /usr/bin/cc - skipped
[0.257s] -- Detecting C compile features
[0.259s] -- Detecting C compile features - done
[0.262s] -- Detecting CXX compiler ABI info
[0.331s] -- Detecting CXX compiler ABI info - done
[0.338s] -- Check for working CXX compiler: /usr/bin/c++ - skipped
[0.338s] -- Detecting CXX compile features
[0.339s] -- Detecting CXX compile features - done
[0.340s] -- Found ament_cmake_ros: 0.10.0 (/opt/ros/humble/share/ament_cmake_ros/cmake)
[0.559s] -- Found Python3: /usr/bin/python3 (found version "3.10.12") found components: Interpreter 
[0.686s] -- Found ecl_build: 1.0.3 (/opt/ros/humble/share/ecl_build/cmake)
[0.693s] -- Found ecl_concepts: 1.2.1 (/home/fbot/kobuki_base_ros2/install/ecl_concepts/share/ecl_concepts/cmake)
[0.804s] -- Found ament_lint_auto: 0.12.15 (/opt/ros/humble/share/ament_lint_auto/cmake)
[0.827s] -- Found gtest sources under '/opt/ros/humble/src/gtest_vendor': C++ tests using 'Google Test' will be built
[0.830s] -- Looking for pthread.h
[0.919s] -- Looking for pthread.h - found
[0.919s] -- Performing Test CMAKE_HAVE_LIBC_PTHREAD
[1.008s] -- Performing Test CMAKE_HAVE_LIBC_PTHREAD - Success
[1.009s] -- Found Threads: TRUE  
[1.028s] -- Configuring done
[1.050s] -- Generating done
[1.059s] -- Build files have been written to: /home/fbot/kobuki_base_ros2/build/ecl_utilities
[1.069s] Invoked command in '/home/fbot/kobuki_base_ros2/build/ecl_utilities' returned '0': AMENT_PREFIX_PATH=/home/fbot/kobuki_base_ros2/install/ecl_concepts:/home/fbot/kobuki_base_ros2/install/ecl_type_traits:/home/fbot/kobuki_base_ros2/install/ecl_mpl:/home/fbot/kobuki_base_ros2/install/ecl_config:${AMENT_PREFIX_PATH} CMAKE_PREFIX_PATH=/home/fbot/kobuki_base_ros2/install/ecl_concepts:/home/fbot/kobuki_base_ros2/install/ecl_type_traits:/home/fbot/kobuki_base_ros2/install/ecl_mpl:/home/fbot/kobuki_base_ros2/install/ecl_config:/opt/ros/humble LD_LIBRARY_PATH=/home/fbot/kobuki_base_ros2/install/ecl_type_traits/lib:${LD_LIBRARY_PATH} PATH=/home/fbot/kobuki_base_ros2/install/ecl_type_traits/bin:/home/fbot/kobuki_base_ros2/install/ecl_config/bin:${PATH} /usr/bin/cmake /home/fbot/kobuki_base_ros2/src/ecl_core/ecl_utilities -DCMAKE_INSTALL_PREFIX=/home/fbot/kobuki_base_ros2/install/ecl_utilities
[1.071s] Invoking command in '/home/fbot/kobuki_base_ros2/build/ecl_utilities': AMENT_PREFIX_PATH=/home/fbot/kobuki_base_ros2/install/ecl_concepts:/home/fbot/kobuki_base_ros2/install/ecl_type_traits:/home/fbot/kobuki_base_ros2/install/ecl_mpl:/home/fbot/kobuki_base_ros2/install/ecl_config:${AMENT_PREFIX_PATH} CMAKE_PREFIX_PATH=/home/fbot/kobuki_base_ros2/install/ecl_concepts:/home/fbot/kobuki_base_ros2/install/ecl_type_traits:/home/fbot/kobuki_base_ros2/install/ecl_mpl:/home/fbot/kobuki_base_ros2/install/ecl_config:/opt/ros/humble LD_LIBRARY_PATH=/home/fbot/kobuki_base_ros2/install/ecl_type_traits/lib:${LD_LIBRARY_PATH} PATH=/home/fbot/kobuki_base_ros2/install/ecl_type_traits/bin:/home/fbot/kobuki_base_ros2/install/ecl_config/bin:${PATH} /usr/bin/cmake --build /home/fbot/kobuki_base_ros2/build/ecl_utilities -- -j12 -l12
[1.130s] [  6%] [32mBuilding CXX object gtest/CMakeFiles/gtest.dir/src/gtest-all.cc.o[0m
[1.142s] [ 18%] [32mBuilding CXX object gtest/CMakeFiles/gtest_main.dir/src/gtest_main.cc.o[0m
[1.142s] [ 18%] [32mBuilding CXX object src/examples/CMakeFiles/ecl_demo_constructors.dir/constructors.cpp.o[0m
[1.471s] [ 25%] [32m[1mLinking CXX executable demo_constructors[0m
[1.696s] [ 25%] Built target ecl_demo_constructors
[2.151s] [ 31%] [32m[1mLinking CXX static library libgtest_main.a[0m
[2.231s] [ 31%] Built target gtest_main
[4.952s] [ 37%] [32m[1mLinking CXX static library libgtest.a[0m
[5.026s] [ 37%] Built target gtest
[5.045s] [ 43%] [32mBuilding CXX object src/test/CMakeFiles/ecl_test_flags.dir/flags.cpp.o[0m
[5.045s] [ 50%] [32mBuilding CXX object src/test/CMakeFiles/ecl_test_references.dir/references.cpp.o[0m
[5.047s] [ 56%] [32mBuilding CXX object src/test/CMakeFiles/ecl_test_singleton.dir/singleton.cpp.o[0m
[5.047s] [ 62%] [32mBuilding CXX object src/test/CMakeFiles/ecl_test_function_objects.dir/function_objects.cpp.o[0m
[5.047s] [ 68%] [32mBuilding CXX object src/test/CMakeFiles/ecl_test_parameters.dir/parameters.cpp.o[0m
[5.812s] [ 75%] [32m[1mLinking CXX executable ecl_test_singleton[0m
[5.945s] [ 81%] [32m[1mLinking CXX executable ecl_test_parameters[0m
[5.984s] [ 87%] [32m[1mLinking CXX executable ecl_test_flags[0m
[6.027s] [ 87%] Built target ecl_test_singleton
[6.038s] [ 93%] [32m[1mLinking CXX executable ecl_test_references[0m
[6.089s] [100%] [32m[1mLinking CXX executable ecl_test_function_objects[0m
[6.179s] [100%] Built target ecl_test_parameters
[6.219s] [100%] Built target ecl_test_flags
[6.244s] [100%] Built target ecl_test_function_objects
[6.262s] [100%] Built target ecl_test_references
[6.273s] Invoked command in '/home/fbot/kobuki_base_ros2/build/ecl_utilities' returned '0': AMENT_PREFIX_PATH=/home/fbot/kobuki_base_ros2/install/ecl_concepts:/home/fbot/kobuki_base_ros2/install/ecl_type_traits:/home/fbot/kobuki_base_ros2/install/ecl_mpl:/home/fbot/kobuki_base_ros2/install/ecl_config:${AMENT_PREFIX_PATH} CMAKE_PREFIX_PATH=/home/fbot/kobuki_base_ros2/install/ecl_concepts:/home/fbot/kobuki_base_ros2/install/ecl_type_traits:/home/fbot/kobuki_base_ros2/install/ecl_mpl:/home/fbot/kobuki_base_ros2/install/ecl_config:/opt/ros/humble LD_LIBRARY_PATH=/home/fbot/kobuki_base_ros2/install/ecl_type_traits/lib:${LD_LIBRARY_PATH} PATH=/home/fbot/kobuki_base_ros2/install/ecl_type_traits/bin:/home/fbot/kobuki_base_ros2/install/ecl_config/bin:${PATH} /usr/bin/cmake --build /home/fbot/kobuki_base_ros2/build/ecl_utilities -- -j12 -l12
[6.274s] Invoking command in '/home/fbot/kobuki_base_ros2/build/ecl_utilities': AMENT_PREFIX_PATH=/home/fbot/kobuki_base_ros2/install/ecl_concepts:/home/fbot/kobuki_base_ros2/install/ecl_type_traits:/home/fbot/kobuki_base_ros2/install/ecl_mpl:/home/fbot/kobuki_base_ros2/install/ecl_config:${AMENT_PREFIX_PATH} CMAKE_PREFIX_PATH=/home/fbot/kobuki_base_ros2/install/ecl_concepts:/home/fbot/kobuki_base_ros2/install/ecl_type_traits:/home/fbot/kobuki_base_ros2/install/ecl_mpl:/home/fbot/kobuki_base_ros2/install/ecl_config:/opt/ros/humble LD_LIBRARY_PATH=/home/fbot/kobuki_base_ros2/install/ecl_type_traits/lib:${LD_LIBRARY_PATH} PATH=/home/fbot/kobuki_base_ros2/install/ecl_type_traits/bin:/home/fbot/kobuki_base_ros2/install/ecl_config/bin:${PATH} /usr/bin/cmake --install /home/fbot/kobuki_base_ros2/build/ecl_utilities
[6.281s] -- Install configuration: ""
[6.281s] -- Installing: /home/fbot/kobuki_base_ros2/install/ecl_utilities/share/ament_index/resource_index/package_run_dependencies/ecl_utilities
[6.282s] -- Installing: /home/fbot/kobuki_base_ros2/install/ecl_utilities/share/ament_index/resource_index/parent_prefix_path/ecl_utilities
[6.282s] -- Installing: /home/fbot/kobuki_base_ros2/install/ecl_utilities/share/ecl_utilities/environment/ament_prefix_path.sh
[6.282s] -- Installing: /home/fbot/kobuki_base_ros2/install/ecl_utilities/share/ecl_utilities/environment/ament_prefix_path.dsv
[6.282s] -- Installing: /home/fbot/kobuki_base_ros2/install/ecl_utilities/share/ecl_utilities/environment/path.sh
[6.282s] -- Installing: /home/fbot/kobuki_base_ros2/install/ecl_utilities/share/ecl_utilities/environment/path.dsv
[6.282s] -- Installing: /home/fbot/kobuki_base_ros2/install/ecl_utilities/share/ecl_utilities/local_setup.bash
[6.282s] -- Installing: /home/fbot/kobuki_base_ros2/install/ecl_utilities/share/ecl_utilities/local_setup.sh
[6.282s] -- Installing: /home/fbot/kobuki_base_ros2/install/ecl_utilities/share/ecl_utilities/local_setup.zsh
[6.283s] -- Installing: /home/fbot/kobuki_base_ros2/install/ecl_utilities/share/ecl_utilities/local_setup.dsv
[6.283s] -- Installing: /home/fbot/kobuki_base_ros2/install/ecl_utilities/share/ecl_utilities/package.dsv
[6.283s] -- Installing: /home/fbot/kobuki_base_ros2/install/ecl_utilities/share/ament_index/resource_index/packages/ecl_utilities
[6.283s] -- Installing: /home/fbot/kobuki_base_ros2/install/ecl_utilities/share/ecl_utilities/cmake/ecl_utilitiesExport.cmake
[6.283s] -- Installing: /home/fbot/kobuki_base_ros2/install/ecl_utilities/share/ecl_utilities/cmake/ament_cmake_export_targets-extras.cmake
[6.283s] -- Installing: /home/fbot/kobuki_base_ros2/install/ecl_utilities/share/ecl_utilities/cmake/ament_cmake_export_include_directories-extras.cmake
[6.283s] -- Installing: /home/fbot/kobuki_base_ros2/install/ecl_utilities/share/ecl_utilities/cmake/ament_cmake_export_dependencies-extras.cmake
[6.283s] -- Installing: /home/fbot/kobuki_base_ros2/install/ecl_utilities/share/ecl_utilities/cmake/ecl_utilitiesConfig.cmake
[6.284s] -- Installing: /home/fbot/kobuki_base_ros2/install/ecl_utilities/share/ecl_utilities/cmake/ecl_utilitiesConfig-version.cmake
[6.284s] -- Installing: /home/fbot/kobuki_base_ros2/install/ecl_utilities/share/ecl_utilities/package.xml
[6.284s] -- Installing: /home/fbot/kobuki_base_ros2/install/ecl_utilities/include/ecl/utilities.hpp
[6.284s] -- Installing: /home/fbot/kobuki_base_ros2/install/ecl_utilities/include/ecl/utilities/blueprints.hpp
[6.284s] -- Installing: /home/fbot/kobuki_base_ros2/install/ecl_utilities/include/ecl/utilities/flags.hpp
[6.285s] -- Installing: /home/fbot/kobuki_base_ros2/install/ecl_utilities/include/ecl/utilities/function_objects.hpp
[6.285s] -- Installing: /home/fbot/kobuki_base_ros2/install/ecl_utilities/include/ecl/utilities/parameter.hpp
[6.285s] -- Installing: /home/fbot/kobuki_base_ros2/install/ecl_utilities/include/ecl/utilities/references.hpp
[6.285s] -- Installing: /home/fbot/kobuki_base_ros2/install/ecl_utilities/include/ecl/utilities/singleton.hpp
[6.285s] -- Installing: /home/fbot/kobuki_base_ros2/install/ecl_utilities/include/ecl/utilities/void.hpp
[6.285s] -- Installing: /home/fbot/kobuki_base_ros2/install/ecl_utilities/lib/ecl_utilities/demo_constructors
[6.286s] -- Set runtime path of "/home/fbot/kobuki_base_ros2/install/ecl_utilities/lib/ecl_utilities/demo_constructors" to ""
[6.288s] Invoked command in '/home/fbot/kobuki_base_ros2/build/ecl_utilities' returned '0': AMENT_PREFIX_PATH=/home/fbot/kobuki_base_ros2/install/ecl_concepts:/home/fbot/kobuki_base_ros2/install/ecl_type_traits:/home/fbot/kobuki_base_ros2/install/ecl_mpl:/home/fbot/kobuki_base_ros2/install/ecl_config:${AMENT_PREFIX_PATH} CMAKE_PREFIX_PATH=/home/fbot/kobuki_base_ros2/install/ecl_concepts:/home/fbot/kobuki_base_ros2/install/ecl_type_traits:/home/fbot/kobuki_base_ros2/install/ecl_mpl:/home/fbot/kobuki_base_ros2/install/ecl_config:/opt/ros/humble LD_LIBRARY_PATH=/home/fbot/kobuki_base_ros2/install/ecl_type_traits/lib:${LD_LIBRARY_PATH} PATH=/home/fbot/kobuki_base_ros2/install/ecl_type_traits/bin:/home/fbot/kobuki_base_ros2/install/ecl_config/bin:${PATH} /usr/bin/cmake --install /home/fbot/kobuki_base_ros2/build/ecl_utilities
