[0.022s] Invoking command in '/home/fbot/kobuki_base_ros2/build/ecl_eigen': CMAKE_PREFIX_PATH=/opt/ros/humble /usr/bin/cmake /home/fbot/kobuki_base_ros2/src/ecl_core/ecl_eigen -DCMAKE_INSTALL_PREFIX=/home/fbot/kobuki_base_ros2/install/ecl_eigen
[0.359s] -- The C compiler identification is GNU 11.4.0
[0.359s] -- The CXX compiler identification is GNU 11.4.0
[0.359s] -- Detecting C compiler ABI info
[0.359s] -- Detecting C compiler ABI info - done
[0.359s] -- Check for working C compiler: /usr/bin/cc - skipped
[0.360s] -- Detecting C compile features
[0.360s] -- Detecting C compile features - done
[0.360s] -- Detecting CXX compiler ABI info
[0.360s] -- Detecting CXX compiler ABI info - done
[0.360s] -- Check for working CXX compiler: /usr/bin/c++ - skipped
[0.360s] -- Detecting CXX compile features
[0.360s] -- Detecting CXX compile features - done
[0.360s] -- Found ament_cmake_ros: 0.10.0 (/opt/ros/humble/share/ament_cmake_ros/cmake)
[0.408s] -- Found Python3: /usr/bin/python3 (found version "3.10.12") found components: Interpreter 
[0.595s] -- Configuring done
[0.599s] -- Generating done
[0.602s] -- Build files have been written to: /home/fbot/kobuki_base_ros2/build/ecl_eigen
[0.607s] Invoked command in '/home/fbot/kobuki_base_ros2/build/ecl_eigen' returned '0': CMAKE_PREFIX_PATH=/opt/ros/humble /usr/bin/cmake /home/fbot/kobuki_base_ros2/src/ecl_core/ecl_eigen -DCMAKE_INSTALL_PREFIX=/home/fbot/kobuki_base_ros2/install/ecl_eigen
[0.609s] Invoking command in '/home/fbot/kobuki_base_ros2/build/ecl_eigen': CMAKE_PREFIX_PATH=/opt/ros/humble /usr/bin/cmake --build /home/fbot/kobuki_base_ros2/build/ecl_eigen -- -j12 -l12
[0.642s] Invoked command in '/home/fbot/kobuki_base_ros2/build/ecl_eigen' returned '0': CMAKE_PREFIX_PATH=/opt/ros/humble /usr/bin/cmake --build /home/fbot/kobuki_base_ros2/build/ecl_eigen -- -j12 -l12
[0.652s] Invoking command in '/home/fbot/kobuki_base_ros2/build/ecl_eigen': CMAKE_PREFIX_PATH=/opt/ros/humble /usr/bin/cmake --install /home/fbot/kobuki_base_ros2/build/ecl_eigen
[0.659s] -- Install configuration: ""
[0.659s] -- Installing: /home/fbot/kobuki_base_ros2/install/ecl_eigen/include/ecl/eigen.hpp
[0.659s] -- Installing: /home/fbot/kobuki_base_ros2/install/ecl_eigen/share/ament_index/resource_index/package_run_dependencies/ecl_eigen
[0.659s] -- Installing: /home/fbot/kobuki_base_ros2/install/ecl_eigen/share/ament_index/resource_index/parent_prefix_path/ecl_eigen
[0.659s] -- Installing: /home/fbot/kobuki_base_ros2/install/ecl_eigen/share/ecl_eigen/environment/ament_prefix_path.sh
[0.659s] -- Installing: /home/fbot/kobuki_base_ros2/install/ecl_eigen/share/ecl_eigen/environment/ament_prefix_path.dsv
[0.660s] -- Installing: /home/fbot/kobuki_base_ros2/install/ecl_eigen/share/ecl_eigen/environment/path.sh
[0.660s] -- Installing: /home/fbot/kobuki_base_ros2/install/ecl_eigen/share/ecl_eigen/environment/path.dsv
[0.660s] -- Installing: /home/fbot/kobuki_base_ros2/install/ecl_eigen/share/ecl_eigen/local_setup.bash
[0.660s] -- Installing: /home/fbot/kobuki_base_ros2/install/ecl_eigen/share/ecl_eigen/local_setup.sh
[0.660s] -- Installing: /home/fbot/kobuki_base_ros2/install/ecl_eigen/share/ecl_eigen/local_setup.zsh
[0.660s] -- Installing: /home/fbot/kobuki_base_ros2/install/ecl_eigen/share/ecl_eigen/local_setup.dsv
[0.660s] -- Installing: /home/fbot/kobuki_base_ros2/install/ecl_eigen/share/ecl_eigen/package.dsv
[0.660s] -- Installing: /home/fbot/kobuki_base_ros2/install/ecl_eigen/share/ament_index/resource_index/packages/ecl_eigen
[0.661s] -- Installing: /home/fbot/kobuki_base_ros2/install/ecl_eigen/share/ecl_eigen/cmake/ecl_eigenExport.cmake
[0.661s] -- Installing: /home/fbot/kobuki_base_ros2/install/ecl_eigen/share/ecl_eigen/cmake/ament_cmake_export_targets-extras.cmake
[0.661s] -- Installing: /home/fbot/kobuki_base_ros2/install/ecl_eigen/share/ecl_eigen/cmake/ament_cmake_export_include_directories-extras.cmake
[0.661s] -- Installing: /home/fbot/kobuki_base_ros2/install/ecl_eigen/share/ecl_eigen/cmake/ament_cmake_export_dependencies-extras.cmake
[0.661s] -- Installing: /home/fbot/kobuki_base_ros2/install/ecl_eigen/share/ecl_eigen/cmake/ecl_eigenConfig.cmake
[0.661s] -- Installing: /home/fbot/kobuki_base_ros2/install/ecl_eigen/share/ecl_eigen/cmake/ecl_eigenConfig-version.cmake
[0.661s] -- Installing: /home/fbot/kobuki_base_ros2/install/ecl_eigen/share/ecl_eigen/package.xml
[0.661s] -- Installing: /home/fbot/kobuki_base_ros2/install/ecl_eigen/share/licenses/eigen/COPYING.LESSER
[0.663s] Invoked command in '/home/fbot/kobuki_base_ros2/build/ecl_eigen' returned '0': CMAKE_PREFIX_PATH=/opt/ros/humble /usr/bin/cmake --install /home/fbot/kobuki_base_ros2/build/ecl_eigen
