[0.032s] Invoking command in '/home/fbot/kobuki_base_ros2/build/ecl_devices': AMENT_PREFIX_PATH=/home/fbot/kobuki_base_ros2/install/ecl_containers:/home/fbot/kobuki_base_ros2/install/ecl_threads:/home/fbot/kobuki_base_ros2/install/ecl_formatters:/home/fbot/kobuki_base_ros2/install/ecl_utilities:/home/fbot/kobuki_base_ros2/install/ecl_time:/home/fbot/kobuki_base_ros2/install/ecl_converters:/home/fbot/kobuki_base_ros2/install/ecl_time_lite:/home/fbot/kobuki_base_ros2/install/ecl_exceptions:/home/fbot/kobuki_base_ros2/install/ecl_concepts:/home/fbot/kobuki_base_ros2/install/ecl_type_traits:/home/fbot/kobuki_base_ros2/install/ecl_errors:/home/fbot/kobuki_base_ros2/install/ecl_mpl:/home/fbot/kobuki_base_ros2/install/ecl_config:${AMENT_PREFIX_PATH} CMAKE_PREFIX_PATH=/home/fbot/kobuki_base_ros2/install/ecl_containers:/home/fbot/kobuki_base_ros2/install/ecl_threads:/home/fbot/kobuki_base_ros2/install/ecl_formatters:/home/fbot/kobuki_base_ros2/install/ecl_utilities:/home/fbot/kobuki_base_ros2/install/ecl_time:/home/fbot/kobuki_base_ros2/install/ecl_converters:/home/fbot/kobuki_base_ros2/install/ecl_time_lite:/home/fbot/kobuki_base_ros2/install/ecl_exceptions:/home/fbot/kobuki_base_ros2/install/ecl_concepts:/home/fbot/kobuki_base_ros2/install/ecl_type_traits:/home/fbot/kobuki_base_ros2/install/ecl_errors:/home/fbot/kobuki_base_ros2/install/ecl_mpl:/home/fbot/kobuki_base_ros2/install/ecl_config:/opt/ros/humble LD_LIBRARY_PATH=/home/fbot/kobuki_base_ros2/install/ecl_threads/lib:/home/fbot/kobuki_base_ros2/install/ecl_formatters/lib:/home/fbot/kobuki_base_ros2/install/ecl_time/lib:/home/fbot/kobuki_base_ros2/install/ecl_time_lite/lib:/home/fbot/kobuki_base_ros2/install/ecl_exceptions/lib:/home/fbot/kobuki_base_ros2/install/ecl_type_traits/lib:/home/fbot/kobuki_base_ros2/install/ecl_errors/lib:${LD_LIBRARY_PATH} PATH=/home/fbot/kobuki_base_ros2/install/ecl_type_traits/bin:/home/fbot/kobuki_base_ros2/install/ecl_config/bin:${PATH} /usr/bin/cmake --build /home/fbot/kobuki_base_ros2/build/ecl_devices -- -j12 -l12
[0.062s] [35m[1mConsolidate compiler generated dependencies of target gtest[0m
[0.062s] [35m[1mConsolidate compiler generated dependencies of target gtest_main[0m
[0.066s] [35m[1mConsolidate compiler generated dependencies of target ecl_devices[0m
[0.072s] [  8%] Built target gtest
[0.076s] [ 16%] Built target gtest_main
[0.082s] [ 75%] Built target ecl_devices
[0.091s] [35m[1mConsolidate compiler generated dependencies of target ecl_test_files[0m
[0.093s] [35m[1mConsolidate compiler generated dependencies of target ecl_test_shared_files[0m
[0.094s] [35m[1mConsolidate compiler generated dependencies of target ecl_demo_serial_timeouts[0m
[0.103s] [ 83%] Built target ecl_test_files
[0.110s] [ 91%] Built target ecl_test_shared_files
[0.110s] [100%] Built target ecl_demo_serial_timeouts
[0.123s] Invoked command in '/home/fbot/kobuki_base_ros2/build/ecl_devices' returned '0': AMENT_PREFIX_PATH=/home/fbot/kobuki_base_ros2/install/ecl_containers:/home/fbot/kobuki_base_ros2/install/ecl_threads:/home/fbot/kobuki_base_ros2/install/ecl_formatters:/home/fbot/kobuki_base_ros2/install/ecl_utilities:/home/fbot/kobuki_base_ros2/install/ecl_time:/home/fbot/kobuki_base_ros2/install/ecl_converters:/home/fbot/kobuki_base_ros2/install/ecl_time_lite:/home/fbot/kobuki_base_ros2/install/ecl_exceptions:/home/fbot/kobuki_base_ros2/install/ecl_concepts:/home/fbot/kobuki_base_ros2/install/ecl_type_traits:/home/fbot/kobuki_base_ros2/install/ecl_errors:/home/fbot/kobuki_base_ros2/install/ecl_mpl:/home/fbot/kobuki_base_ros2/install/ecl_config:${AMENT_PREFIX_PATH} CMAKE_PREFIX_PATH=/home/fbot/kobuki_base_ros2/install/ecl_containers:/home/fbot/kobuki_base_ros2/install/ecl_threads:/home/fbot/kobuki_base_ros2/install/ecl_formatters:/home/fbot/kobuki_base_ros2/install/ecl_utilities:/home/fbot/kobuki_base_ros2/install/ecl_time:/home/fbot/kobuki_base_ros2/install/ecl_converters:/home/fbot/kobuki_base_ros2/install/ecl_time_lite:/home/fbot/kobuki_base_ros2/install/ecl_exceptions:/home/fbot/kobuki_base_ros2/install/ecl_concepts:/home/fbot/kobuki_base_ros2/install/ecl_type_traits:/home/fbot/kobuki_base_ros2/install/ecl_errors:/home/fbot/kobuki_base_ros2/install/ecl_mpl:/home/fbot/kobuki_base_ros2/install/ecl_config:/opt/ros/humble LD_LIBRARY_PATH=/home/fbot/kobuki_base_ros2/install/ecl_threads/lib:/home/fbot/kobuki_base_ros2/install/ecl_formatters/lib:/home/fbot/kobuki_base_ros2/install/ecl_time/lib:/home/fbot/kobuki_base_ros2/install/ecl_time_lite/lib:/home/fbot/kobuki_base_ros2/install/ecl_exceptions/lib:/home/fbot/kobuki_base_ros2/install/ecl_type_traits/lib:/home/fbot/kobuki_base_ros2/install/ecl_errors/lib:${LD_LIBRARY_PATH} PATH=/home/fbot/kobuki_base_ros2/install/ecl_type_traits/bin:/home/fbot/kobuki_base_ros2/install/ecl_config/bin:${PATH} /usr/bin/cmake --build /home/fbot/kobuki_base_ros2/build/ecl_devices -- -j12 -l12
[0.125s] Invoking command in '/home/fbot/kobuki_base_ros2/build/ecl_devices': AMENT_PREFIX_PATH=/home/fbot/kobuki_base_ros2/install/ecl_containers:/home/fbot/kobuki_base_ros2/install/ecl_threads:/home/fbot/kobuki_base_ros2/install/ecl_formatters:/home/fbot/kobuki_base_ros2/install/ecl_utilities:/home/fbot/kobuki_base_ros2/install/ecl_time:/home/fbot/kobuki_base_ros2/install/ecl_converters:/home/fbot/kobuki_base_ros2/install/ecl_time_lite:/home/fbot/kobuki_base_ros2/install/ecl_exceptions:/home/fbot/kobuki_base_ros2/install/ecl_concepts:/home/fbot/kobuki_base_ros2/install/ecl_type_traits:/home/fbot/kobuki_base_ros2/install/ecl_errors:/home/fbot/kobuki_base_ros2/install/ecl_mpl:/home/fbot/kobuki_base_ros2/install/ecl_config:${AMENT_PREFIX_PATH} CMAKE_PREFIX_PATH=/home/fbot/kobuki_base_ros2/install/ecl_containers:/home/fbot/kobuki_base_ros2/install/ecl_threads:/home/fbot/kobuki_base_ros2/install/ecl_formatters:/home/fbot/kobuki_base_ros2/install/ecl_utilities:/home/fbot/kobuki_base_ros2/install/ecl_time:/home/fbot/kobuki_base_ros2/install/ecl_converters:/home/fbot/kobuki_base_ros2/install/ecl_time_lite:/home/fbot/kobuki_base_ros2/install/ecl_exceptions:/home/fbot/kobuki_base_ros2/install/ecl_concepts:/home/fbot/kobuki_base_ros2/install/ecl_type_traits:/home/fbot/kobuki_base_ros2/install/ecl_errors:/home/fbot/kobuki_base_ros2/install/ecl_mpl:/home/fbot/kobuki_base_ros2/install/ecl_config:/opt/ros/humble LD_LIBRARY_PATH=/home/fbot/kobuki_base_ros2/install/ecl_threads/lib:/home/fbot/kobuki_base_ros2/install/ecl_formatters/lib:/home/fbot/kobuki_base_ros2/install/ecl_time/lib:/home/fbot/kobuki_base_ros2/install/ecl_time_lite/lib:/home/fbot/kobuki_base_ros2/install/ecl_exceptions/lib:/home/fbot/kobuki_base_ros2/install/ecl_type_traits/lib:/home/fbot/kobuki_base_ros2/install/ecl_errors/lib:${LD_LIBRARY_PATH} PATH=/home/fbot/kobuki_base_ros2/install/ecl_type_traits/bin:/home/fbot/kobuki_base_ros2/install/ecl_config/bin:${PATH} /usr/bin/cmake --install /home/fbot/kobuki_base_ros2/build/ecl_devices
[0.140s] -- Install configuration: ""
[0.140s] -- Up-to-date: /home/fbot/kobuki_base_ros2/install/ecl_devices/share/ecl_devices/environment/library_path.sh
[0.140s] -- Up-to-date: /home/fbot/kobuki_base_ros2/install/ecl_devices/share/ecl_devices/environment/library_path.dsv
[0.140s] -- Up-to-date: /home/fbot/kobuki_base_ros2/install/ecl_devices/share/ament_index/resource_index/package_run_dependencies/ecl_devices
[0.140s] -- Up-to-date: /home/fbot/kobuki_base_ros2/install/ecl_devices/share/ament_index/resource_index/parent_prefix_path/ecl_devices
[0.140s] -- Up-to-date: /home/fbot/kobuki_base_ros2/install/ecl_devices/share/ecl_devices/environment/ament_prefix_path.sh
[0.140s] -- Up-to-date: /home/fbot/kobuki_base_ros2/install/ecl_devices/share/ecl_devices/environment/ament_prefix_path.dsv
[0.140s] -- Up-to-date: /home/fbot/kobuki_base_ros2/install/ecl_devices/share/ecl_devices/environment/path.sh
[0.140s] -- Up-to-date: /home/fbot/kobuki_base_ros2/install/ecl_devices/share/ecl_devices/environment/path.dsv
[0.140s] -- Up-to-date: /home/fbot/kobuki_base_ros2/install/ecl_devices/share/ecl_devices/local_setup.bash
[0.140s] -- Up-to-date: /home/fbot/kobuki_base_ros2/install/ecl_devices/share/ecl_devices/local_setup.sh
[0.140s] -- Up-to-date: /home/fbot/kobuki_base_ros2/install/ecl_devices/share/ecl_devices/local_setup.zsh
[0.140s] -- Up-to-date: /home/fbot/kobuki_base_ros2/install/ecl_devices/share/ecl_devices/local_setup.dsv
[0.140s] -- Installing: /home/fbot/kobuki_base_ros2/install/ecl_devices/share/ecl_devices/package.dsv
[0.141s] -- Up-to-date: /home/fbot/kobuki_base_ros2/install/ecl_devices/share/ament_index/resource_index/packages/ecl_devices
[0.141s] -- Up-to-date: /home/fbot/kobuki_base_ros2/install/ecl_devices/share/ecl_devices/cmake/ecl_devicesExport.cmake
[0.141s] -- Up-to-date: /home/fbot/kobuki_base_ros2/install/ecl_devices/share/ecl_devices/cmake/ecl_devicesExport-noconfig.cmake
[0.141s] -- Up-to-date: /home/fbot/kobuki_base_ros2/install/ecl_devices/share/ecl_devices/cmake/ament_cmake_export_targets-extras.cmake
[0.141s] -- Up-to-date: /home/fbot/kobuki_base_ros2/install/ecl_devices/share/ecl_devices/cmake/ament_cmake_export_include_directories-extras.cmake
[0.141s] -- Up-to-date: /home/fbot/kobuki_base_ros2/install/ecl_devices/share/ecl_devices/cmake/ament_cmake_export_libraries-extras.cmake
[0.141s] -- Up-to-date: /home/fbot/kobuki_base_ros2/install/ecl_devices/share/ecl_devices/cmake/ament_cmake_export_dependencies-extras.cmake
[0.141s] -- Up-to-date: /home/fbot/kobuki_base_ros2/install/ecl_devices/share/ecl_devices/cmake/ecl_devicesConfig.cmake
[0.141s] -- Up-to-date: /home/fbot/kobuki_base_ros2/install/ecl_devices/share/ecl_devices/cmake/ecl_devicesConfig-version.cmake
[0.141s] -- Up-to-date: /home/fbot/kobuki_base_ros2/install/ecl_devices/share/ecl_devices/package.xml
[0.141s] -- Up-to-date: /home/fbot/kobuki_base_ros2/install/ecl_devices/include/ecl/devices.hpp
[0.141s] -- Up-to-date: /home/fbot/kobuki_base_ros2/install/ecl_devices/include/ecl/devices/console.hpp
[0.141s] -- Up-to-date: /home/fbot/kobuki_base_ros2/install/ecl_devices/include/ecl/devices/macros.hpp
[0.141s] -- Up-to-date: /home/fbot/kobuki_base_ros2/install/ecl_devices/include/ecl/devices/modes.hpp
[0.141s] -- Up-to-date: /home/fbot/kobuki_base_ros2/install/ecl_devices/include/ecl/devices/ofile.hpp
[0.141s] -- Up-to-date: /home/fbot/kobuki_base_ros2/install/ecl_devices/include/ecl/devices/ofile_pos.hpp
[0.141s] -- Up-to-date: /home/fbot/kobuki_base_ros2/install/ecl_devices/include/ecl/devices/ofile_w32.hpp
[0.141s] -- Up-to-date: /home/fbot/kobuki_base_ros2/install/ecl_devices/include/ecl/devices/serial.hpp
[0.141s] -- Up-to-date: /home/fbot/kobuki_base_ros2/install/ecl_devices/include/ecl/devices/serial_parameters.hpp
[0.142s] -- Up-to-date: /home/fbot/kobuki_base_ros2/install/ecl_devices/include/ecl/devices/serial_pos.hpp
[0.142s] -- Up-to-date: /home/fbot/kobuki_base_ros2/install/ecl_devices/include/ecl/devices/serial_w32.hpp
[0.142s] -- Up-to-date: /home/fbot/kobuki_base_ros2/install/ecl_devices/include/ecl/devices/shared_file.hpp
[0.142s] -- Up-to-date: /home/fbot/kobuki_base_ros2/install/ecl_devices/include/ecl/devices/socket.hpp
[0.142s] -- Up-to-date: /home/fbot/kobuki_base_ros2/install/ecl_devices/include/ecl/devices/socket_client_pos.hpp
[0.142s] -- Up-to-date: /home/fbot/kobuki_base_ros2/install/ecl_devices/include/ecl/devices/socket_connection_status.hpp
[0.142s] -- Up-to-date: /home/fbot/kobuki_base_ros2/install/ecl_devices/include/ecl/devices/socket_server_pos.hpp
[0.142s] -- Up-to-date: /home/fbot/kobuki_base_ros2/install/ecl_devices/include/ecl/devices/string.hpp
[0.142s] -- Up-to-date: /home/fbot/kobuki_base_ros2/install/ecl_devices/include/ecl/devices/traits.hpp
[0.142s] -- Up-to-date: /home/fbot/kobuki_base_ros2/install/ecl_devices/include/ecl/devices/detail/character_buffer.hpp
[0.142s] -- Up-to-date: /home/fbot/kobuki_base_ros2/install/ecl_devices/include/ecl/devices/detail/error_handler.hpp
[0.142s] -- Up-to-date: /home/fbot/kobuki_base_ros2/install/ecl_devices/include/ecl/devices/detail/exception_handler_pos.hpp
[0.142s] -- Up-to-date: /home/fbot/kobuki_base_ros2/install/ecl_devices/include/ecl/devices/detail/socket_error_handler_pos.hpp
[0.142s] -- Up-to-date: /home/fbot/kobuki_base_ros2/install/ecl_devices/include/ecl/devices/detail/socket_exception_handler_pos.hpp
[0.142s] -- Up-to-date: /home/fbot/kobuki_base_ros2/install/ecl_devices/lib/libecl_devices.so.1.2.1
[0.142s] -- Up-to-date: /home/fbot/kobuki_base_ros2/install/ecl_devices/lib/libecl_devices.so
[0.143s] -- Up-to-date: /home/fbot/kobuki_base_ros2/install/ecl_devices/lib/ecl_devices/demo_serial_timeouts
[0.143s] Invoked command in '/home/fbot/kobuki_base_ros2/build/ecl_devices' returned '0': AMENT_PREFIX_PATH=/home/fbot/kobuki_base_ros2/install/ecl_containers:/home/fbot/kobuki_base_ros2/install/ecl_threads:/home/fbot/kobuki_base_ros2/install/ecl_formatters:/home/fbot/kobuki_base_ros2/install/ecl_utilities:/home/fbot/kobuki_base_ros2/install/ecl_time:/home/fbot/kobuki_base_ros2/install/ecl_converters:/home/fbot/kobuki_base_ros2/install/ecl_time_lite:/home/fbot/kobuki_base_ros2/install/ecl_exceptions:/home/fbot/kobuki_base_ros2/install/ecl_concepts:/home/fbot/kobuki_base_ros2/install/ecl_type_traits:/home/fbot/kobuki_base_ros2/install/ecl_errors:/home/fbot/kobuki_base_ros2/install/ecl_mpl:/home/fbot/kobuki_base_ros2/install/ecl_config:${AMENT_PREFIX_PATH} CMAKE_PREFIX_PATH=/home/fbot/kobuki_base_ros2/install/ecl_containers:/home/fbot/kobuki_base_ros2/install/ecl_threads:/home/fbot/kobuki_base_ros2/install/ecl_formatters:/home/fbot/kobuki_base_ros2/install/ecl_utilities:/home/fbot/kobuki_base_ros2/install/ecl_time:/home/fbot/kobuki_base_ros2/install/ecl_converters:/home/fbot/kobuki_base_ros2/install/ecl_time_lite:/home/fbot/kobuki_base_ros2/install/ecl_exceptions:/home/fbot/kobuki_base_ros2/install/ecl_concepts:/home/fbot/kobuki_base_ros2/install/ecl_type_traits:/home/fbot/kobuki_base_ros2/install/ecl_errors:/home/fbot/kobuki_base_ros2/install/ecl_mpl:/home/fbot/kobuki_base_ros2/install/ecl_config:/opt/ros/humble LD_LIBRARY_PATH=/home/fbot/kobuki_base_ros2/install/ecl_threads/lib:/home/fbot/kobuki_base_ros2/install/ecl_formatters/lib:/home/fbot/kobuki_base_ros2/install/ecl_time/lib:/home/fbot/kobuki_base_ros2/install/ecl_time_lite/lib:/home/fbot/kobuki_base_ros2/install/ecl_exceptions/lib:/home/fbot/kobuki_base_ros2/install/ecl_type_traits/lib:/home/fbot/kobuki_base_ros2/install/ecl_errors/lib:${LD_LIBRARY_PATH} PATH=/home/fbot/kobuki_base_ros2/install/ecl_type_traits/bin:/home/fbot/kobuki_base_ros2/install/ecl_config/bin:${PATH} /usr/bin/cmake --install /home/fbot/kobuki_base_ros2/build/ecl_devices
