[0.018s] Invoking command in '/home/fbot/kobuki_base_ros2/build/ecl_threads': AMENT_PREFIX_PATH=/home/fbot/kobuki_base_ros2/install/ecl_utilities:/home/fbot/kobuki_base_ros2/install/ecl_time:/home/fbot/kobuki_base_ros2/install/ecl_time_lite:/home/fbot/kobuki_base_ros2/install/ecl_exceptions:/home/fbot/kobuki_base_ros2/install/ecl_concepts:/home/fbot/kobuki_base_ros2/install/ecl_type_traits:/home/fbot/kobuki_base_ros2/install/ecl_errors:/home/fbot/kobuki_base_ros2/install/ecl_mpl:/home/fbot/kobuki_base_ros2/install/ecl_config:${AMENT_PREFIX_PATH} CMAKE_PREFIX_PATH=/home/fbot/kobuki_base_ros2/install/ecl_utilities:/home/fbot/kobuki_base_ros2/install/ecl_time:/home/fbot/kobuki_base_ros2/install/ecl_time_lite:/home/fbot/kobuki_base_ros2/install/ecl_exceptions:/home/fbot/kobuki_base_ros2/install/ecl_concepts:/home/fbot/kobuki_base_ros2/install/ecl_type_traits:/home/fbot/kobuki_base_ros2/install/ecl_errors:/home/fbot/kobuki_base_ros2/install/ecl_mpl:/home/fbot/kobuki_base_ros2/install/ecl_config:/opt/ros/humble LD_LIBRARY_PATH=/home/fbot/kobuki_base_ros2/install/ecl_time/lib:/home/fbot/kobuki_base_ros2/install/ecl_time_lite/lib:/home/fbot/kobuki_base_ros2/install/ecl_exceptions/lib:/home/fbot/kobuki_base_ros2/install/ecl_type_traits/lib:/home/fbot/kobuki_base_ros2/install/ecl_errors/lib:${LD_LIBRARY_PATH} PATH=/home/fbot/kobuki_base_ros2/install/ecl_type_traits/bin:/home/fbot/kobuki_base_ros2/install/ecl_config/bin:${PATH} /usr/bin/cmake /home/fbot/kobuki_base_ros2/src/ecl_core/ecl_threads -DCMAKE_INSTALL_PREFIX=/home/fbot/kobuki_base_ros2/install/ecl_threads
[0.064s] -- The C compiler identification is GNU 11.4.0
[0.117s] -- The CXX compiler identification is GNU 11.4.0
[0.123s] -- Detecting C compiler ABI info
[0.184s] -- Detecting C compiler ABI info - done
[0.191s] -- Check for working C compiler: /usr/bin/cc - skipped
[0.191s] -- Detecting C compile features
[0.192s] -- Detecting C compile features - done
[0.194s] -- Detecting CXX compiler ABI info
[0.261s] -- Detecting CXX compiler ABI info - done
[0.267s] -- Check for working CXX compiler: /usr/bin/c++ - skipped
[0.267s] -- Detecting CXX compile features
[0.267s] -- Detecting CXX compile features - done
[0.269s] -- Found ament_cmake_ros: 0.10.0 (/opt/ros/humble/share/ament_cmake_ros/cmake)
[0.411s] -- Found Python3: /usr/bin/python3 (found version "3.10.12") found components: Interpreter 
[0.494s] -- Found ecl_build: 1.0.3 (/opt/ros/humble/share/ecl_build/cmake)
[0.499s] -- Found ecl_config: 1.2.0 (/home/fbot/kobuki_base_ros2/install/ecl_config/share/ecl_config/cmake)
[0.501s] -- Found ecl_errors: 1.2.0 (/home/fbot/kobuki_base_ros2/install/ecl_errors/share/ecl_errors/cmake)
[0.503s] -- Found ecl_concepts: 1.2.1 (/home/fbot/kobuki_base_ros2/install/ecl_concepts/share/ecl_concepts/cmake)
[0.509s] -- Found ecl_exceptions: 1.2.1 (/home/fbot/kobuki_base_ros2/install/ecl_exceptions/share/ecl_exceptions/cmake)
[0.511s] -- Found ecl_time: 1.2.1 (/home/fbot/kobuki_base_ros2/install/ecl_time/share/ecl_time/cmake)
[0.516s] -- Found ecl_utilities: 1.2.1 (/home/fbot/kobuki_base_ros2/install/ecl_utilities/share/ecl_utilities/cmake)
[0.574s] -- Looking for pthread.h
[0.636s] -- Looking for pthread.h - found
[0.636s] -- Performing Test CMAKE_HAVE_LIBC_PTHREAD
[0.697s] -- Performing Test CMAKE_HAVE_LIBC_PTHREAD - Success
[0.698s] -- Found Threads: TRUE  
[0.706s] -- Found ament_lint_auto: 0.12.15 (/opt/ros/humble/share/ament_lint_auto/cmake)
[0.727s] -- Found gtest sources under '/opt/ros/humble/src/gtest_vendor': C++ tests using 'Google Test' will be built
[0.740s] -- Configuring done
[0.757s] -- Generating done
[0.763s] -- Build files have been written to: /home/fbot/kobuki_base_ros2/build/ecl_threads
[0.769s] Invoked command in '/home/fbot/kobuki_base_ros2/build/ecl_threads' returned '0': AMENT_PREFIX_PATH=/home/fbot/kobuki_base_ros2/install/ecl_utilities:/home/fbot/kobuki_base_ros2/install/ecl_time:/home/fbot/kobuki_base_ros2/install/ecl_time_lite:/home/fbot/kobuki_base_ros2/install/ecl_exceptions:/home/fbot/kobuki_base_ros2/install/ecl_concepts:/home/fbot/kobuki_base_ros2/install/ecl_type_traits:/home/fbot/kobuki_base_ros2/install/ecl_errors:/home/fbot/kobuki_base_ros2/install/ecl_mpl:/home/fbot/kobuki_base_ros2/install/ecl_config:${AMENT_PREFIX_PATH} CMAKE_PREFIX_PATH=/home/fbot/kobuki_base_ros2/install/ecl_utilities:/home/fbot/kobuki_base_ros2/install/ecl_time:/home/fbot/kobuki_base_ros2/install/ecl_time_lite:/home/fbot/kobuki_base_ros2/install/ecl_exceptions:/home/fbot/kobuki_base_ros2/install/ecl_concepts:/home/fbot/kobuki_base_ros2/install/ecl_type_traits:/home/fbot/kobuki_base_ros2/install/ecl_errors:/home/fbot/kobuki_base_ros2/install/ecl_mpl:/home/fbot/kobuki_base_ros2/install/ecl_config:/opt/ros/humble LD_LIBRARY_PATH=/home/fbot/kobuki_base_ros2/install/ecl_time/lib:/home/fbot/kobuki_base_ros2/install/ecl_time_lite/lib:/home/fbot/kobuki_base_ros2/install/ecl_exceptions/lib:/home/fbot/kobuki_base_ros2/install/ecl_type_traits/lib:/home/fbot/kobuki_base_ros2/install/ecl_errors/lib:${LD_LIBRARY_PATH} PATH=/home/fbot/kobuki_base_ros2/install/ecl_type_traits/bin:/home/fbot/kobuki_base_ros2/install/ecl_config/bin:${PATH} /usr/bin/cmake /home/fbot/kobuki_base_ros2/src/ecl_core/ecl_threads -DCMAKE_INSTALL_PREFIX=/home/fbot/kobuki_base_ros2/install/ecl_threads
[0.771s] Invoking command in '/home/fbot/kobuki_base_ros2/build/ecl_threads': AMENT_PREFIX_PATH=/home/fbot/kobuki_base_ros2/install/ecl_utilities:/home/fbot/kobuki_base_ros2/install/ecl_time:/home/fbot/kobuki_base_ros2/install/ecl_time_lite:/home/fbot/kobuki_base_ros2/install/ecl_exceptions:/home/fbot/kobuki_base_ros2/install/ecl_concepts:/home/fbot/kobuki_base_ros2/install/ecl_type_traits:/home/fbot/kobuki_base_ros2/install/ecl_errors:/home/fbot/kobuki_base_ros2/install/ecl_mpl:/home/fbot/kobuki_base_ros2/install/ecl_config:${AMENT_PREFIX_PATH} CMAKE_PREFIX_PATH=/home/fbot/kobuki_base_ros2/install/ecl_utilities:/home/fbot/kobuki_base_ros2/install/ecl_time:/home/fbot/kobuki_base_ros2/install/ecl_time_lite:/home/fbot/kobuki_base_ros2/install/ecl_exceptions:/home/fbot/kobuki_base_ros2/install/ecl_concepts:/home/fbot/kobuki_base_ros2/install/ecl_type_traits:/home/fbot/kobuki_base_ros2/install/ecl_errors:/home/fbot/kobuki_base_ros2/install/ecl_mpl:/home/fbot/kobuki_base_ros2/install/ecl_config:/opt/ros/humble LD_LIBRARY_PATH=/home/fbot/kobuki_base_ros2/install/ecl_time/lib:/home/fbot/kobuki_base_ros2/install/ecl_time_lite/lib:/home/fbot/kobuki_base_ros2/install/ecl_exceptions/lib:/home/fbot/kobuki_base_ros2/install/ecl_type_traits/lib:/home/fbot/kobuki_base_ros2/install/ecl_errors/lib:${LD_LIBRARY_PATH} PATH=/home/fbot/kobuki_base_ros2/install/ecl_type_traits/bin:/home/fbot/kobuki_base_ros2/install/ecl_config/bin:${PATH} /usr/bin/cmake --build /home/fbot/kobuki_base_ros2/build/ecl_threads -- -j12 -l12
[0.814s] [ 13%] [32mBuilding CXX object src/lib/CMakeFiles/ecl_threads.dir/mutex_w32.cpp.o[0m
[0.818s] [ 13%] [32mBuilding CXX object src/lib/CMakeFiles/ecl_threads.dir/thread_pos.cpp.o[0m
[0.818s] [ 13%] [32mBuilding CXX object src/lib/CMakeFiles/ecl_threads.dir/priority_pos.cpp.o[0m
[0.818s] [ 17%] [32mBuilding CXX object src/lib/CMakeFiles/ecl_threads.dir/priority_win.cpp.o[0m
[0.818s] [ 21%] [32mBuilding CXX object src/lib/CMakeFiles/ecl_threads.dir/thread_win.cpp.o[0m
[0.818s] [ 26%] [32mBuilding CXX object src/lib/CMakeFiles/ecl_threads.dir/mutex_pos.cpp.o[0m
[0.821s] [ 30%] [32mBuilding CXX object gtest/CMakeFiles/gtest.dir/src/gtest-all.cc.o[0m
[0.829s] [ 34%] [32mBuilding CXX object gtest/CMakeFiles/gtest_main.dir/src/gtest_main.cc.o[0m
[1.199s] [ 39%] [32m[1mLinking CXX shared library libecl_threads.so[0m
[1.317s] [ 39%] Built target ecl_threads
[1.342s] [ 47%] [32mBuilding CXX object src/examples/CMakeFiles/ecl_demo_thread.dir/thread.cpp.o[0m
[1.342s] [ 47%] [32mBuilding CXX object src/examples/CMakeFiles/ecl_demo_mutex.dir/mutex.cpp.o[0m
[1.700s] [ 52%] [32m[1mLinking CXX static library libgtest_main.a[0m
[1.729s] [ 56%] [32m[1mLinking CXX executable demo_mutex[0m
[1.786s] [ 56%] Built target gtest_main
[1.834s] [ 60%] [32m[1mLinking CXX executable demo_thread[0m
[1.861s] [ 60%] Built target ecl_demo_mutex
[1.934s] [ 60%] Built target ecl_demo_thread
[4.382s] [ 65%] [32m[1mLinking CXX static library libgtest.a[0m
[4.483s] [ 65%] Built target gtest
[4.517s] [ 69%] [32mBuilding CXX object src/test/CMakeFiles/ecl_test_priorities.dir/priorities.cpp.o[0m
[4.517s] [ 73%] [32mBuilding CXX object src/test/CMakeFiles/ecl_test_threads.dir/threads.cpp.o[0m
[4.517s] [ 78%] [32mBuilding CXX object src/test/CMakeFiles/ecl_test_mutex.dir/mutex.cpp.o[0m
[4.518s] [ 82%] [32mBuilding CXX object src/test/CMakeFiles/ecl_test_threadable.dir/threadable.cpp.o[0m
[5.451s] [ 86%] [32m[1mLinking CXX executable ecl_test_threadable[0m
[5.473s] [ 91%] [32m[1mLinking CXX executable ecl_test_priorities[0m
[5.519s] [ 95%] [32m[1mLinking CXX executable ecl_test_mutex[0m
[5.674s] [ 95%] Built target ecl_test_threadable
[5.704s] [ 95%] Built target ecl_test_priorities
[5.722s] [100%] [32m[1mLinking CXX executable ecl_test_threads[0m
[5.743s] [100%] Built target ecl_test_mutex
[5.926s] [100%] Built target ecl_test_threads
[5.940s] Invoked command in '/home/fbot/kobuki_base_ros2/build/ecl_threads' returned '0': AMENT_PREFIX_PATH=/home/fbot/kobuki_base_ros2/install/ecl_utilities:/home/fbot/kobuki_base_ros2/install/ecl_time:/home/fbot/kobuki_base_ros2/install/ecl_time_lite:/home/fbot/kobuki_base_ros2/install/ecl_exceptions:/home/fbot/kobuki_base_ros2/install/ecl_concepts:/home/fbot/kobuki_base_ros2/install/ecl_type_traits:/home/fbot/kobuki_base_ros2/install/ecl_errors:/home/fbot/kobuki_base_ros2/install/ecl_mpl:/home/fbot/kobuki_base_ros2/install/ecl_config:${AMENT_PREFIX_PATH} CMAKE_PREFIX_PATH=/home/fbot/kobuki_base_ros2/install/ecl_utilities:/home/fbot/kobuki_base_ros2/install/ecl_time:/home/fbot/kobuki_base_ros2/install/ecl_time_lite:/home/fbot/kobuki_base_ros2/install/ecl_exceptions:/home/fbot/kobuki_base_ros2/install/ecl_concepts:/home/fbot/kobuki_base_ros2/install/ecl_type_traits:/home/fbot/kobuki_base_ros2/install/ecl_errors:/home/fbot/kobuki_base_ros2/install/ecl_mpl:/home/fbot/kobuki_base_ros2/install/ecl_config:/opt/ros/humble LD_LIBRARY_PATH=/home/fbot/kobuki_base_ros2/install/ecl_time/lib:/home/fbot/kobuki_base_ros2/install/ecl_time_lite/lib:/home/fbot/kobuki_base_ros2/install/ecl_exceptions/lib:/home/fbot/kobuki_base_ros2/install/ecl_type_traits/lib:/home/fbot/kobuki_base_ros2/install/ecl_errors/lib:${LD_LIBRARY_PATH} PATH=/home/fbot/kobuki_base_ros2/install/ecl_type_traits/bin:/home/fbot/kobuki_base_ros2/install/ecl_config/bin:${PATH} /usr/bin/cmake --build /home/fbot/kobuki_base_ros2/build/ecl_threads -- -j12 -l12
[5.942s] Invoking command in '/home/fbot/kobuki_base_ros2/build/ecl_threads': AMENT_PREFIX_PATH=/home/fbot/kobuki_base_ros2/install/ecl_utilities:/home/fbot/kobuki_base_ros2/install/ecl_time:/home/fbot/kobuki_base_ros2/install/ecl_time_lite:/home/fbot/kobuki_base_ros2/install/ecl_exceptions:/home/fbot/kobuki_base_ros2/install/ecl_concepts:/home/fbot/kobuki_base_ros2/install/ecl_type_traits:/home/fbot/kobuki_base_ros2/install/ecl_errors:/home/fbot/kobuki_base_ros2/install/ecl_mpl:/home/fbot/kobuki_base_ros2/install/ecl_config:${AMENT_PREFIX_PATH} CMAKE_PREFIX_PATH=/home/fbot/kobuki_base_ros2/install/ecl_utilities:/home/fbot/kobuki_base_ros2/install/ecl_time:/home/fbot/kobuki_base_ros2/install/ecl_time_lite:/home/fbot/kobuki_base_ros2/install/ecl_exceptions:/home/fbot/kobuki_base_ros2/install/ecl_concepts:/home/fbot/kobuki_base_ros2/install/ecl_type_traits:/home/fbot/kobuki_base_ros2/install/ecl_errors:/home/fbot/kobuki_base_ros2/install/ecl_mpl:/home/fbot/kobuki_base_ros2/install/ecl_config:/opt/ros/humble LD_LIBRARY_PATH=/home/fbot/kobuki_base_ros2/install/ecl_time/lib:/home/fbot/kobuki_base_ros2/install/ecl_time_lite/lib:/home/fbot/kobuki_base_ros2/install/ecl_exceptions/lib:/home/fbot/kobuki_base_ros2/install/ecl_type_traits/lib:/home/fbot/kobuki_base_ros2/install/ecl_errors/lib:${LD_LIBRARY_PATH} PATH=/home/fbot/kobuki_base_ros2/install/ecl_type_traits/bin:/home/fbot/kobuki_base_ros2/install/ecl_config/bin:${PATH} /usr/bin/cmake --install /home/fbot/kobuki_base_ros2/build/ecl_threads
[5.952s] -- Install configuration: ""
[5.952s] -- Installing: /home/fbot/kobuki_base_ros2/install/ecl_threads/share/ecl_threads/environment/library_path.sh
[5.952s] -- Installing: /home/fbot/kobuki_base_ros2/install/ecl_threads/share/ecl_threads/environment/library_path.dsv
[5.952s] -- Installing: /home/fbot/kobuki_base_ros2/install/ecl_threads/share/ament_index/resource_index/package_run_dependencies/ecl_threads
[5.953s] -- Installing: /home/fbot/kobuki_base_ros2/install/ecl_threads/share/ament_index/resource_index/parent_prefix_path/ecl_threads
[5.953s] -- Installing: /home/fbot/kobuki_base_ros2/install/ecl_threads/share/ecl_threads/environment/ament_prefix_path.sh
[5.953s] -- Installing: /home/fbot/kobuki_base_ros2/install/ecl_threads/share/ecl_threads/environment/ament_prefix_path.dsv
[5.953s] -- Installing: /home/fbot/kobuki_base_ros2/install/ecl_threads/share/ecl_threads/environment/path.sh
[5.953s] -- Installing: /home/fbot/kobuki_base_ros2/install/ecl_threads/share/ecl_threads/environment/path.dsv
[5.953s] -- Installing: /home/fbot/kobuki_base_ros2/install/ecl_threads/share/ecl_threads/local_setup.bash
[5.953s] -- Installing: /home/fbot/kobuki_base_ros2/install/ecl_threads/share/ecl_threads/local_setup.sh
[5.954s] -- Installing: /home/fbot/kobuki_base_ros2/install/ecl_threads/share/ecl_threads/local_setup.zsh
[5.954s] -- Installing: /home/fbot/kobuki_base_ros2/install/ecl_threads/share/ecl_threads/local_setup.dsv
[5.954s] -- Installing: /home/fbot/kobuki_base_ros2/install/ecl_threads/share/ecl_threads/package.dsv
[5.954s] -- Installing: /home/fbot/kobuki_base_ros2/install/ecl_threads/share/ament_index/resource_index/packages/ecl_threads
[5.954s] -- Installing: /home/fbot/kobuki_base_ros2/install/ecl_threads/share/ecl_threads/cmake/ecl_threadsExport.cmake
[5.955s] -- Installing: /home/fbot/kobuki_base_ros2/install/ecl_threads/share/ecl_threads/cmake/ecl_threadsExport-noconfig.cmake
[5.955s] -- Installing: /home/fbot/kobuki_base_ros2/install/ecl_threads/share/ecl_threads/cmake/ecl_threads-extras.cmake
[5.955s] -- Installing: /home/fbot/kobuki_base_ros2/install/ecl_threads/share/ecl_threads/cmake/ament_cmake_export_targets-extras.cmake
[5.955s] -- Installing: /home/fbot/kobuki_base_ros2/install/ecl_threads/share/ecl_threads/cmake/ament_cmake_export_include_directories-extras.cmake
[5.955s] -- Installing: /home/fbot/kobuki_base_ros2/install/ecl_threads/share/ecl_threads/cmake/ament_cmake_export_libraries-extras.cmake
[5.955s] -- Installing: /home/fbot/kobuki_base_ros2/install/ecl_threads/share/ecl_threads/cmake/ament_cmake_export_dependencies-extras.cmake
[5.955s] -- Installing: /home/fbot/kobuki_base_ros2/install/ecl_threads/share/ecl_threads/cmake/ecl_threadsConfig.cmake
[5.956s] -- Installing: /home/fbot/kobuki_base_ros2/install/ecl_threads/share/ecl_threads/cmake/ecl_threadsConfig-version.cmake
[5.956s] -- Installing: /home/fbot/kobuki_base_ros2/install/ecl_threads/share/ecl_threads/package.xml
[5.956s] -- Installing: /home/fbot/kobuki_base_ros2/install/ecl_threads/include/ecl/threads.hpp
[5.957s] -- Installing: /home/fbot/kobuki_base_ros2/install/ecl_threads/include/ecl/threads/macros.hpp
[5.957s] -- Installing: /home/fbot/kobuki_base_ros2/install/ecl_threads/include/ecl/threads/mutex.hpp
[5.957s] -- Installing: /home/fbot/kobuki_base_ros2/install/ecl_threads/include/ecl/threads/mutex_pos.hpp
[5.957s] -- Installing: /home/fbot/kobuki_base_ros2/install/ecl_threads/include/ecl/threads/mutex_w32.hpp
[5.957s] -- Installing: /home/fbot/kobuki_base_ros2/install/ecl_threads/include/ecl/threads/priority.hpp
[5.957s] -- Installing: /home/fbot/kobuki_base_ros2/install/ecl_threads/include/ecl/threads/priority_common.hpp
[5.957s] -- Installing: /home/fbot/kobuki_base_ros2/install/ecl_threads/include/ecl/threads/priority_pos.hpp
[5.957s] -- Installing: /home/fbot/kobuki_base_ros2/install/ecl_threads/include/ecl/threads/priority_win.hpp
[5.958s] -- Installing: /home/fbot/kobuki_base_ros2/install/ecl_threads/include/ecl/threads/thread.hpp
[5.958s] -- Installing: /home/fbot/kobuki_base_ros2/install/ecl_threads/include/ecl/threads/thread_exceptions_pos.hpp
[5.958s] -- Installing: /home/fbot/kobuki_base_ros2/install/ecl_threads/include/ecl/threads/thread_pos.hpp
[5.958s] -- Installing: /home/fbot/kobuki_base_ros2/install/ecl_threads/include/ecl/threads/thread_win.hpp
[5.958s] -- Installing: /home/fbot/kobuki_base_ros2/install/ecl_threads/include/ecl/threads/threadable.hpp
[5.961s] -- Installing: /home/fbot/kobuki_base_ros2/install/ecl_threads/lib/libecl_threads.so.1.2.1
[5.961s] -- Set runtime path of "/home/fbot/kobuki_base_ros2/install/ecl_threads/lib/libecl_threads.so.1.2.1" to ""
[5.961s] -- Installing: /home/fbot/kobuki_base_ros2/install/ecl_threads/lib/libecl_threads.so
[5.961s] -- Installing: /home/fbot/kobuki_base_ros2/install/ecl_threads/lib/ecl_threads/demo_thread
[5.961s] -- Set runtime path of "/home/fbot/kobuki_base_ros2/install/ecl_threads/lib/ecl_threads/demo_thread" to ""
[5.961s] -- Installing: /home/fbot/kobuki_base_ros2/install/ecl_threads/lib/ecl_threads/demo_mutex
[5.961s] -- Set runtime path of "/home/fbot/kobuki_base_ros2/install/ecl_threads/lib/ecl_threads/demo_mutex" to ""
[5.964s] Invoked command in '/home/fbot/kobuki_base_ros2/build/ecl_threads' returned '0': AMENT_PREFIX_PATH=/home/fbot/kobuki_base_ros2/install/ecl_utilities:/home/fbot/kobuki_base_ros2/install/ecl_time:/home/fbot/kobuki_base_ros2/install/ecl_time_lite:/home/fbot/kobuki_base_ros2/install/ecl_exceptions:/home/fbot/kobuki_base_ros2/install/ecl_concepts:/home/fbot/kobuki_base_ros2/install/ecl_type_traits:/home/fbot/kobuki_base_ros2/install/ecl_errors:/home/fbot/kobuki_base_ros2/install/ecl_mpl:/home/fbot/kobuki_base_ros2/install/ecl_config:${AMENT_PREFIX_PATH} CMAKE_PREFIX_PATH=/home/fbot/kobuki_base_ros2/install/ecl_utilities:/home/fbot/kobuki_base_ros2/install/ecl_time:/home/fbot/kobuki_base_ros2/install/ecl_time_lite:/home/fbot/kobuki_base_ros2/install/ecl_exceptions:/home/fbot/kobuki_base_ros2/install/ecl_concepts:/home/fbot/kobuki_base_ros2/install/ecl_type_traits:/home/fbot/kobuki_base_ros2/install/ecl_errors:/home/fbot/kobuki_base_ros2/install/ecl_mpl:/home/fbot/kobuki_base_ros2/install/ecl_config:/opt/ros/humble LD_LIBRARY_PATH=/home/fbot/kobuki_base_ros2/install/ecl_time/lib:/home/fbot/kobuki_base_ros2/install/ecl_time_lite/lib:/home/fbot/kobuki_base_ros2/install/ecl_exceptions/lib:/home/fbot/kobuki_base_ros2/install/ecl_type_traits/lib:/home/fbot/kobuki_base_ros2/install/ecl_errors/lib:${LD_LIBRARY_PATH} PATH=/home/fbot/kobuki_base_ros2/install/ecl_type_traits/bin:/home/fbot/kobuki_base_ros2/install/ecl_config/bin:${PATH} /usr/bin/cmake --install /home/fbot/kobuki_base_ros2/build/ecl_threads
