-- The C compiler identification is GNU 11.4.0
-- The CXX compiler identification is GNU 11.4.0
-- Detecting C compiler ABI info
-- Detecting C compiler ABI info - done
-- Check for working C compiler: /usr/bin/cc - skipped
-- Detecting C compile features
-- Detecting C compile features - done
-- Detecting CXX compiler ABI info
-- Detecting CXX compiler ABI info - done
-- Check for working CXX compiler: /usr/bin/c++ - skipped
-- Detecting CXX compile features
-- Detecting CXX compile features - done
-- Found ament_cmake_ros: 0.10.0 (/opt/ros/humble/share/ament_cmake_ros/cmake)
-- Found Python3: /usr/bin/python3 (found version "3.10.12") found components: Interpreter 
-- Configuring done
-- Generating done
-- Build files have been written to: /home/fbot/kobuki_base_ros2/build/ecl_lite
-- Install configuration: ""
-- Installing: /home/fbot/kobuki_base_ros2/install/ecl_lite/share/ament_index/resource_index/package_run_dependencies/ecl_lite
-- Installing: /home/fbot/kobuki_base_ros2/install/ecl_lite/share/ament_index/resource_index/parent_prefix_path/ecl_lite
-- Installing: /home/fbot/kobuki_base_ros2/install/ecl_lite/share/ecl_lite/environment/ament_prefix_path.sh
-- Installing: /home/fbot/kobuki_base_ros2/install/ecl_lite/share/ecl_lite/environment/ament_prefix_path.dsv
-- Installing: /home/fbot/kobuki_base_ros2/install/ecl_lite/share/ecl_lite/environment/path.sh
-- Installing: /home/fbot/kobuki_base_ros2/install/ecl_lite/share/ecl_lite/environment/path.dsv
-- Installing: /home/fbot/kobuki_base_ros2/install/ecl_lite/share/ecl_lite/local_setup.bash
-- Installing: /home/fbot/kobuki_base_ros2/install/ecl_lite/share/ecl_lite/local_setup.sh
-- Installing: /home/fbot/kobuki_base_ros2/install/ecl_lite/share/ecl_lite/local_setup.zsh
-- Installing: /home/fbot/kobuki_base_ros2/install/ecl_lite/share/ecl_lite/local_setup.dsv
-- Installing: /home/fbot/kobuki_base_ros2/install/ecl_lite/share/ecl_lite/package.dsv
-- Installing: /home/fbot/kobuki_base_ros2/install/ecl_lite/share/ament_index/resource_index/packages/ecl_lite
-- Installing: /home/fbot/kobuki_base_ros2/install/ecl_lite/share/ecl_lite/cmake/ecl_liteConfig.cmake
-- Installing: /home/fbot/kobuki_base_ros2/install/ecl_lite/share/ecl_lite/cmake/ecl_liteConfig-version.cmake
-- Installing: /home/fbot/kobuki_base_ros2/install/ecl_lite/share/ecl_lite/package.xml
