[0.014s] Invoking command in '/home/fbot/kobuki_base_ros2/build/ecl_lite': AMENT_PREFIX_PATH=/home/fbot/kobuki_base_ros2/install/ecl_time_lite:/home/fbot/kobuki_base_ros2/install/ecl_sigslots_lite:/home/fbot/kobuki_base_ros2/install/ecl_io:/home/fbot/kobuki_base_ros2/install/ecl_errors:/home/fbot/kobuki_base_ros2/install/ecl_converters_lite:/home/fbot/kobuki_base_ros2/install/ecl_config:${AMENT_PREFIX_PATH} CMAKE_PREFIX_PATH=/home/fbot/kobuki_base_ros2/install/ecl_time_lite:/home/fbot/kobuki_base_ros2/install/ecl_sigslots_lite:/home/fbot/kobuki_base_ros2/install/ecl_io:/home/fbot/kobuki_base_ros2/install/ecl_errors:/home/fbot/kobuki_base_ros2/install/ecl_converters_lite:/home/fbot/kobuki_base_ros2/install/ecl_config:/opt/ros/humble LD_LIBRARY_PATH=/home/fbot/kobuki_base_ros2/install/ecl_time_lite/lib:/home/fbot/kobuki_base_ros2/install/ecl_io/lib:/home/fbot/kobuki_base_ros2/install/ecl_errors/lib:${LD_LIBRARY_PATH} PATH=/home/fbot/kobuki_base_ros2/install/ecl_config/bin:${PATH} /usr/bin/cmake /home/fbot/kobuki_base_ros2/src/ecl_lite/ecl_lite -DCMAKE_INSTALL_PREFIX=/home/fbot/kobuki_base_ros2/install/ecl_lite
[0.057s] -- The C compiler identification is GNU 11.4.0
[0.124s] -- The CXX compiler identification is GNU 11.4.0
[0.132s] -- Detecting C compiler ABI info
[0.218s] -- Detecting C compiler ABI info - done
[0.239s] -- Check for working C compiler: /usr/bin/cc - skipped
[0.239s] -- Detecting C compile features
[0.239s] -- Detecting C compile features - done
[0.246s] -- Detecting CXX compiler ABI info
[0.471s] -- Detecting CXX compiler ABI info - done
[0.493s] -- Check for working CXX compiler: /usr/bin/c++ - skipped
[0.493s] -- Detecting CXX compile features
[0.494s] -- Detecting CXX compile features - done
[0.500s] -- Found ament_cmake_ros: 0.10.0 (/opt/ros/humble/share/ament_cmake_ros/cmake)
[0.715s] -- Found Python3: /usr/bin/python3 (found version "3.10.12") found components: Interpreter 
[0.874s] -- Configuring done
[0.878s] -- Generating done
[0.879s] -- Build files have been written to: /home/fbot/kobuki_base_ros2/build/ecl_lite
[0.887s] Invoked command in '/home/fbot/kobuki_base_ros2/build/ecl_lite' returned '0': AMENT_PREFIX_PATH=/home/fbot/kobuki_base_ros2/install/ecl_time_lite:/home/fbot/kobuki_base_ros2/install/ecl_sigslots_lite:/home/fbot/kobuki_base_ros2/install/ecl_io:/home/fbot/kobuki_base_ros2/install/ecl_errors:/home/fbot/kobuki_base_ros2/install/ecl_converters_lite:/home/fbot/kobuki_base_ros2/install/ecl_config:${AMENT_PREFIX_PATH} CMAKE_PREFIX_PATH=/home/fbot/kobuki_base_ros2/install/ecl_time_lite:/home/fbot/kobuki_base_ros2/install/ecl_sigslots_lite:/home/fbot/kobuki_base_ros2/install/ecl_io:/home/fbot/kobuki_base_ros2/install/ecl_errors:/home/fbot/kobuki_base_ros2/install/ecl_converters_lite:/home/fbot/kobuki_base_ros2/install/ecl_config:/opt/ros/humble LD_LIBRARY_PATH=/home/fbot/kobuki_base_ros2/install/ecl_time_lite/lib:/home/fbot/kobuki_base_ros2/install/ecl_io/lib:/home/fbot/kobuki_base_ros2/install/ecl_errors/lib:${LD_LIBRARY_PATH} PATH=/home/fbot/kobuki_base_ros2/install/ecl_config/bin:${PATH} /usr/bin/cmake /home/fbot/kobuki_base_ros2/src/ecl_lite/ecl_lite -DCMAKE_INSTALL_PREFIX=/home/fbot/kobuki_base_ros2/install/ecl_lite
[0.888s] Invoking command in '/home/fbot/kobuki_base_ros2/build/ecl_lite': AMENT_PREFIX_PATH=/home/fbot/kobuki_base_ros2/install/ecl_time_lite:/home/fbot/kobuki_base_ros2/install/ecl_sigslots_lite:/home/fbot/kobuki_base_ros2/install/ecl_io:/home/fbot/kobuki_base_ros2/install/ecl_errors:/home/fbot/kobuki_base_ros2/install/ecl_converters_lite:/home/fbot/kobuki_base_ros2/install/ecl_config:${AMENT_PREFIX_PATH} CMAKE_PREFIX_PATH=/home/fbot/kobuki_base_ros2/install/ecl_time_lite:/home/fbot/kobuki_base_ros2/install/ecl_sigslots_lite:/home/fbot/kobuki_base_ros2/install/ecl_io:/home/fbot/kobuki_base_ros2/install/ecl_errors:/home/fbot/kobuki_base_ros2/install/ecl_converters_lite:/home/fbot/kobuki_base_ros2/install/ecl_config:/opt/ros/humble LD_LIBRARY_PATH=/home/fbot/kobuki_base_ros2/install/ecl_time_lite/lib:/home/fbot/kobuki_base_ros2/install/ecl_io/lib:/home/fbot/kobuki_base_ros2/install/ecl_errors/lib:${LD_LIBRARY_PATH} PATH=/home/fbot/kobuki_base_ros2/install/ecl_config/bin:${PATH} /usr/bin/cmake --build /home/fbot/kobuki_base_ros2/build/ecl_lite -- -j12 -l12
[0.933s] Invoked command in '/home/fbot/kobuki_base_ros2/build/ecl_lite' returned '0': AMENT_PREFIX_PATH=/home/fbot/kobuki_base_ros2/install/ecl_time_lite:/home/fbot/kobuki_base_ros2/install/ecl_sigslots_lite:/home/fbot/kobuki_base_ros2/install/ecl_io:/home/fbot/kobuki_base_ros2/install/ecl_errors:/home/fbot/kobuki_base_ros2/install/ecl_converters_lite:/home/fbot/kobuki_base_ros2/install/ecl_config:${AMENT_PREFIX_PATH} CMAKE_PREFIX_PATH=/home/fbot/kobuki_base_ros2/install/ecl_time_lite:/home/fbot/kobuki_base_ros2/install/ecl_sigslots_lite:/home/fbot/kobuki_base_ros2/install/ecl_io:/home/fbot/kobuki_base_ros2/install/ecl_errors:/home/fbot/kobuki_base_ros2/install/ecl_converters_lite:/home/fbot/kobuki_base_ros2/install/ecl_config:/opt/ros/humble LD_LIBRARY_PATH=/home/fbot/kobuki_base_ros2/install/ecl_time_lite/lib:/home/fbot/kobuki_base_ros2/install/ecl_io/lib:/home/fbot/kobuki_base_ros2/install/ecl_errors/lib:${LD_LIBRARY_PATH} PATH=/home/fbot/kobuki_base_ros2/install/ecl_config/bin:${PATH} /usr/bin/cmake --build /home/fbot/kobuki_base_ros2/build/ecl_lite -- -j12 -l12
[0.934s] Invoking command in '/home/fbot/kobuki_base_ros2/build/ecl_lite': AMENT_PREFIX_PATH=/home/fbot/kobuki_base_ros2/install/ecl_time_lite:/home/fbot/kobuki_base_ros2/install/ecl_sigslots_lite:/home/fbot/kobuki_base_ros2/install/ecl_io:/home/fbot/kobuki_base_ros2/install/ecl_errors:/home/fbot/kobuki_base_ros2/install/ecl_converters_lite:/home/fbot/kobuki_base_ros2/install/ecl_config:${AMENT_PREFIX_PATH} CMAKE_PREFIX_PATH=/home/fbot/kobuki_base_ros2/install/ecl_time_lite:/home/fbot/kobuki_base_ros2/install/ecl_sigslots_lite:/home/fbot/kobuki_base_ros2/install/ecl_io:/home/fbot/kobuki_base_ros2/install/ecl_errors:/home/fbot/kobuki_base_ros2/install/ecl_converters_lite:/home/fbot/kobuki_base_ros2/install/ecl_config:/opt/ros/humble LD_LIBRARY_PATH=/home/fbot/kobuki_base_ros2/install/ecl_time_lite/lib:/home/fbot/kobuki_base_ros2/install/ecl_io/lib:/home/fbot/kobuki_base_ros2/install/ecl_errors/lib:${LD_LIBRARY_PATH} PATH=/home/fbot/kobuki_base_ros2/install/ecl_config/bin:${PATH} /usr/bin/cmake --install /home/fbot/kobuki_base_ros2/build/ecl_lite
[0.943s] -- Install configuration: ""
[0.943s] -- Installing: /home/fbot/kobuki_base_ros2/install/ecl_lite/share/ament_index/resource_index/package_run_dependencies/ecl_lite
[0.943s] -- Installing: /home/fbot/kobuki_base_ros2/install/ecl_lite/share/ament_index/resource_index/parent_prefix_path/ecl_lite
[0.943s] -- Installing: /home/fbot/kobuki_base_ros2/install/ecl_lite/share/ecl_lite/environment/ament_prefix_path.sh
[0.943s] -- Installing: /home/fbot/kobuki_base_ros2/install/ecl_lite/share/ecl_lite/environment/ament_prefix_path.dsv
[0.943s] -- Installing: /home/fbot/kobuki_base_ros2/install/ecl_lite/share/ecl_lite/environment/path.sh
[0.948s] -- Installing: /home/fbot/kobuki_base_ros2/install/ecl_lite/share/ecl_lite/environment/path.dsv
[0.948s] -- Installing: /home/fbot/kobuki_base_ros2/install/ecl_lite/share/ecl_lite/local_setup.bash
[0.948s] -- Installing: /home/fbot/kobuki_base_ros2/install/ecl_lite/share/ecl_lite/local_setup.sh
[0.949s] -- Installing: /home/fbot/kobuki_base_ros2/install/ecl_lite/share/ecl_lite/local_setup.zsh
[0.949s] -- Installing: /home/fbot/kobuki_base_ros2/install/ecl_lite/share/ecl_lite/local_setup.dsv
[0.949s] -- Installing: /home/fbot/kobuki_base_ros2/install/ecl_lite/share/ecl_lite/package.dsv
[0.949s] -- Installing: /home/fbot/kobuki_base_ros2/install/ecl_lite/share/ament_index/resource_index/packages/ecl_lite
[0.949s] -- Installing: /home/fbot/kobuki_base_ros2/install/ecl_lite/share/ecl_lite/cmake/ecl_liteConfig.cmake
[0.949s] -- Installing: /home/fbot/kobuki_base_ros2/install/ecl_lite/share/ecl_lite/cmake/ecl_liteConfig-version.cmake
[0.949s] -- Installing: /home/fbot/kobuki_base_ros2/install/ecl_lite/share/ecl_lite/package.xml
[0.956s] Invoked command in '/home/fbot/kobuki_base_ros2/build/ecl_lite' returned '0': AMENT_PREFIX_PATH=/home/fbot/kobuki_base_ros2/install/ecl_time_lite:/home/fbot/kobuki_base_ros2/install/ecl_sigslots_lite:/home/fbot/kobuki_base_ros2/install/ecl_io:/home/fbot/kobuki_base_ros2/install/ecl_errors:/home/fbot/kobuki_base_ros2/install/ecl_converters_lite:/home/fbot/kobuki_base_ros2/install/ecl_config:${AMENT_PREFIX_PATH} CMAKE_PREFIX_PATH=/home/fbot/kobuki_base_ros2/install/ecl_time_lite:/home/fbot/kobuki_base_ros2/install/ecl_sigslots_lite:/home/fbot/kobuki_base_ros2/install/ecl_io:/home/fbot/kobuki_base_ros2/install/ecl_errors:/home/fbot/kobuki_base_ros2/install/ecl_converters_lite:/home/fbot/kobuki_base_ros2/install/ecl_config:/opt/ros/humble LD_LIBRARY_PATH=/home/fbot/kobuki_base_ros2/install/ecl_time_lite/lib:/home/fbot/kobuki_base_ros2/install/ecl_io/lib:/home/fbot/kobuki_base_ros2/install/ecl_errors/lib:${LD_LIBRARY_PATH} PATH=/home/fbot/kobuki_base_ros2/install/ecl_config/bin:${PATH} /usr/bin/cmake --install /home/fbot/kobuki_base_ros2/build/ecl_lite
