[0.024s] Invoking command in '/home/fbot/kobuki_base_ros2/build/kobuki_random_walker': AMENT_PREFIX_PATH=/home/fbot/kobuki_base_ros2/install/kobuki_ros_interfaces:${AMENT_PREFIX_PATH} CMAKE_PREFIX_PATH=/home/fbot/kobuki_base_ros2/install/kobuki_ros_interfaces:/opt/ros/humble LD_LIBRARY_PATH=/home/fbot/kobuki_base_ros2/install/kobuki_ros_interfaces/lib:${LD_LIBRARY_PATH} PYTHONPATH=/home/fbot/kobuki_base_ros2/install/kobuki_ros_interfaces/local/lib/python3.10/dist-packages:${PYTHONPATH} /usr/bin/cmake --build /home/fbot/kobuki_base_ros2/build/kobuki_random_walker -- -j12 -l12
[0.060s] [35m[1mConsolidate compiler generated dependencies of target kobuki_random_walker_node[0m
[0.060s] [35m[1mConsolidate compiler generated dependencies of target kobuki_random_walker[0m
[0.076s] [ 50%] Built target kobuki_random_walker
[0.076s] [100%] Built target kobuki_random_walker_node
[0.137s] Invoked command in '/home/fbot/kobuki_base_ros2/build/kobuki_random_walker' returned '0': AMENT_PREFIX_PATH=/home/fbot/kobuki_base_ros2/install/kobuki_ros_interfaces:${AMENT_PREFIX_PATH} CMAKE_PREFIX_PATH=/home/fbot/kobuki_base_ros2/install/kobuki_ros_interfaces:/opt/ros/humble LD_LIBRARY_PATH=/home/fbot/kobuki_base_ros2/install/kobuki_ros_interfaces/lib:${LD_LIBRARY_PATH} PYTHONPATH=/home/fbot/kobuki_base_ros2/install/kobuki_ros_interfaces/local/lib/python3.10/dist-packages:${PYTHONPATH} /usr/bin/cmake --build /home/fbot/kobuki_base_ros2/build/kobuki_random_walker -- -j12 -l12
[0.138s] Invoking command in '/home/fbot/kobuki_base_ros2/build/kobuki_random_walker': AMENT_PREFIX_PATH=/home/fbot/kobuki_base_ros2/install/kobuki_ros_interfaces:${AMENT_PREFIX_PATH} CMAKE_PREFIX_PATH=/home/fbot/kobuki_base_ros2/install/kobuki_ros_interfaces:/opt/ros/humble LD_LIBRARY_PATH=/home/fbot/kobuki_base_ros2/install/kobuki_ros_interfaces/lib:${LD_LIBRARY_PATH} PYTHONPATH=/home/fbot/kobuki_base_ros2/install/kobuki_ros_interfaces/local/lib/python3.10/dist-packages:${PYTHONPATH} /usr/bin/cmake --install /home/fbot/kobuki_base_ros2/build/kobuki_random_walker
[0.156s] -- Install configuration: ""
[0.156s] -- Up-to-date: /home/fbot/kobuki_base_ros2/install/kobuki_random_walker/lib/kobuki_random_walker/kobuki_random_walker_node
[0.156s] -- Up-to-date: /home/fbot/kobuki_base_ros2/install/kobuki_random_walker/lib/libkobuki_random_walker.so
[0.156s] -- Up-to-date: /home/fbot/kobuki_base_ros2/install/kobuki_random_walker/include/kobuki_random_walker
[0.156s] -- Up-to-date: /home/fbot/kobuki_base_ros2/install/kobuki_random_walker/include/kobuki_random_walker/random_walker.hpp
[0.156s] -- Up-to-date: /home/fbot/kobuki_base_ros2/install/kobuki_random_walker/share/kobuki_random_walker/launch
[0.156s] -- Up-to-date: /home/fbot/kobuki_base_ros2/install/kobuki_random_walker/share/kobuki_random_walker/launch/standalone.launch
[0.156s] -- Up-to-date: /home/fbot/kobuki_base_ros2/install/kobuki_random_walker/share/kobuki_random_walker/launch/random_walker_app.launch
[0.157s] -- Up-to-date: /home/fbot/kobuki_base_ros2/install/kobuki_random_walker/share/kobuki_random_walker/launch/safe_random_walker_app.launch
[0.157s] -- Up-to-date: /home/fbot/kobuki_base_ros2/install/kobuki_random_walker/share/ament_index/resource_index/package_run_dependencies/kobuki_random_walker
[0.157s] -- Up-to-date: /home/fbot/kobuki_base_ros2/install/kobuki_random_walker/share/ament_index/resource_index/parent_prefix_path/kobuki_random_walker
[0.157s] -- Up-to-date: /home/fbot/kobuki_base_ros2/install/kobuki_random_walker/share/kobuki_random_walker/environment/ament_prefix_path.sh
[0.158s] -- Up-to-date: /home/fbot/kobuki_base_ros2/install/kobuki_random_walker/share/kobuki_random_walker/environment/ament_prefix_path.dsv
[0.158s] -- Up-to-date: /home/fbot/kobuki_base_ros2/install/kobuki_random_walker/share/kobuki_random_walker/environment/path.sh
[0.158s] -- Up-to-date: /home/fbot/kobuki_base_ros2/install/kobuki_random_walker/share/kobuki_random_walker/environment/path.dsv
[0.158s] -- Up-to-date: /home/fbot/kobuki_base_ros2/install/kobuki_random_walker/share/kobuki_random_walker/local_setup.bash
[0.158s] -- Up-to-date: /home/fbot/kobuki_base_ros2/install/kobuki_random_walker/share/kobuki_random_walker/local_setup.sh
[0.158s] -- Up-to-date: /home/fbot/kobuki_base_ros2/install/kobuki_random_walker/share/kobuki_random_walker/local_setup.zsh
[0.158s] -- Up-to-date: /home/fbot/kobuki_base_ros2/install/kobuki_random_walker/share/kobuki_random_walker/local_setup.dsv
[0.159s] -- Installing: /home/fbot/kobuki_base_ros2/install/kobuki_random_walker/share/kobuki_random_walker/package.dsv
[0.159s] -- Up-to-date: /home/fbot/kobuki_base_ros2/install/kobuki_random_walker/share/ament_index/resource_index/packages/kobuki_random_walker
[0.159s] -- Up-to-date: /home/fbot/kobuki_base_ros2/install/kobuki_random_walker/share/ament_index/resource_index/rclcpp_components/kobuki_random_walker
[0.159s] -- Up-to-date: /home/fbot/kobuki_base_ros2/install/kobuki_random_walker/share/kobuki_random_walker/cmake/kobuki_random_walkerConfig.cmake
[0.159s] -- Up-to-date: /home/fbot/kobuki_base_ros2/install/kobuki_random_walker/share/kobuki_random_walker/cmake/kobuki_random_walkerConfig-version.cmake
[0.159s] -- Up-to-date: /home/fbot/kobuki_base_ros2/install/kobuki_random_walker/share/kobuki_random_walker/package.xml
[0.192s] Invoked command in '/home/fbot/kobuki_base_ros2/build/kobuki_random_walker' returned '0': AMENT_PREFIX_PATH=/home/fbot/kobuki_base_ros2/install/kobuki_ros_interfaces:${AMENT_PREFIX_PATH} CMAKE_PREFIX_PATH=/home/fbot/kobuki_base_ros2/install/kobuki_ros_interfaces:/opt/ros/humble LD_LIBRARY_PATH=/home/fbot/kobuki_base_ros2/install/kobuki_ros_interfaces/lib:${LD_LIBRARY_PATH} PYTHONPATH=/home/fbot/kobuki_base_ros2/install/kobuki_ros_interfaces/local/lib/python3.10/dist-packages:${PYTHONPATH} /usr/bin/cmake --install /home/fbot/kobuki_base_ros2/build/kobuki_random_walker
