[35m[1mConsolidate compiler generated dependencies of target gtest_main[0m
[35m[1mConsolidate compiler generated dependencies of target ecl_ipc[0m
[35m[1mConsolidate compiler generated dependencies of target gtest[0m
[ 23%] Built target ecl_ipc
[ 38%] Built target gtest_main
[ 53%] Built target gtest
[35m[1mConsolidate compiler generated dependencies of target ecl_test_shared_memory[0m
[35m[1mConsolidate compiler generated dependencies of target ecl_test_semaphores[0m
[35m[1mConsolidate compiler generated dependencies of target ecl_test_semaphores_timed[0m
[100%] Built target ecl_test_shared_memory
[100%] Built target ecl_test_semaphores_timed
[100%] Built target ecl_test_semaphores
-- Install configuration: ""
-- Up-to-date: /home/fbot/kobuki_base_ros2/install/ecl_ipc/share/ecl_ipc/environment/library_path.sh
-- Up-to-date: /home/fbot/kobuki_base_ros2/install/ecl_ipc/share/ecl_ipc/environment/library_path.dsv
-- Up-to-date: /home/fbot/kobuki_base_ros2/install/ecl_ipc/share/ament_index/resource_index/package_run_dependencies/ecl_ipc
-- Up-to-date: /home/fbot/kobuki_base_ros2/install/ecl_ipc/share/ament_index/resource_index/parent_prefix_path/ecl_ipc
-- Up-to-date: /home/fbot/kobuki_base_ros2/install/ecl_ipc/share/ecl_ipc/environment/ament_prefix_path.sh
-- Up-to-date: /home/fbot/kobuki_base_ros2/install/ecl_ipc/share/ecl_ipc/environment/ament_prefix_path.dsv
-- Up-to-date: /home/fbot/kobuki_base_ros2/install/ecl_ipc/share/ecl_ipc/environment/path.sh
-- Up-to-date: /home/fbot/kobuki_base_ros2/install/ecl_ipc/share/ecl_ipc/environment/path.dsv
-- Up-to-date: /home/fbot/kobuki_base_ros2/install/ecl_ipc/share/ecl_ipc/local_setup.bash
-- Up-to-date: /home/fbot/kobuki_base_ros2/install/ecl_ipc/share/ecl_ipc/local_setup.sh
-- Up-to-date: /home/fbot/kobuki_base_ros2/install/ecl_ipc/share/ecl_ipc/local_setup.zsh
-- Up-to-date: /home/fbot/kobuki_base_ros2/install/ecl_ipc/share/ecl_ipc/local_setup.dsv
-- Installing: /home/fbot/kobuki_base_ros2/install/ecl_ipc/share/ecl_ipc/package.dsv
-- Up-to-date: /home/fbot/kobuki_base_ros2/install/ecl_ipc/share/ament_index/resource_index/packages/ecl_ipc
-- Up-to-date: /home/fbot/kobuki_base_ros2/install/ecl_ipc/share/ecl_ipc/cmake/ecl_ipcExport.cmake
-- Up-to-date: /home/fbot/kobuki_base_ros2/install/ecl_ipc/share/ecl_ipc/cmake/ecl_ipcExport-noconfig.cmake
-- Up-to-date: /home/fbot/kobuki_base_ros2/install/ecl_ipc/share/ecl_ipc/cmake/ament_cmake_export_targets-extras.cmake
-- Up-to-date: /home/fbot/kobuki_base_ros2/install/ecl_ipc/share/ecl_ipc/cmake/ament_cmake_export_include_directories-extras.cmake
-- Up-to-date: /home/fbot/kobuki_base_ros2/install/ecl_ipc/share/ecl_ipc/cmake/ament_cmake_export_libraries-extras.cmake
-- Up-to-date: /home/fbot/kobuki_base_ros2/install/ecl_ipc/share/ecl_ipc/cmake/ament_cmake_export_dependencies-extras.cmake
-- Up-to-date: /home/fbot/kobuki_base_ros2/install/ecl_ipc/share/ecl_ipc/cmake/ecl_ipcConfig.cmake
-- Up-to-date: /home/fbot/kobuki_base_ros2/install/ecl_ipc/share/ecl_ipc/cmake/ecl_ipcConfig-version.cmake
-- Up-to-date: /home/fbot/kobuki_base_ros2/install/ecl_ipc/share/ecl_ipc/package.xml
-- Up-to-date: /home/fbot/kobuki_base_ros2/install/ecl_ipc/include/ecl/ipc.hpp
-- Up-to-date: /home/fbot/kobuki_base_ros2/install/ecl_ipc/include/ecl/ipc/semaphore.hpp
-- Up-to-date: /home/fbot/kobuki_base_ros2/install/ecl_ipc/include/ecl/ipc/semaphore_pos.hpp
-- Up-to-date: /home/fbot/kobuki_base_ros2/install/ecl_ipc/include/ecl/ipc/shared_memory.hpp
-- Up-to-date: /home/fbot/kobuki_base_ros2/install/ecl_ipc/include/ecl/ipc/shared_memory_pos.hpp
-- Up-to-date: /home/fbot/kobuki_base_ros2/install/ecl_ipc/lib/libecl_ipc.so.1.2.1
-- Up-to-date: /home/fbot/kobuki_base_ros2/install/ecl_ipc/lib/libecl_ipc.so
