[0.021s] Invoking command in '/home/fbot/kobuki_base_ros2/build/ecl_ipc': AMENT_PREFIX_PATH=/home/fbot/kobuki_base_ros2/install/ecl_threads:/home/fbot/kobuki_base_ros2/install/ecl_utilities:/home/fbot/kobuki_base_ros2/install/ecl_time:/home/fbot/kobuki_base_ros2/install/ecl_time_lite:/home/fbot/kobuki_base_ros2/install/ecl_exceptions:/home/fbot/kobuki_base_ros2/install/ecl_concepts:/home/fbot/kobuki_base_ros2/install/ecl_type_traits:/home/fbot/kobuki_base_ros2/install/ecl_errors:/home/fbot/kobuki_base_ros2/install/ecl_mpl:/home/fbot/kobuki_base_ros2/install/ecl_config:${AMENT_PREFIX_PATH} CMAKE_PREFIX_PATH=/home/fbot/kobuki_base_ros2/install/ecl_threads:/home/fbot/kobuki_base_ros2/install/ecl_utilities:/home/fbot/kobuki_base_ros2/install/ecl_time:/home/fbot/kobuki_base_ros2/install/ecl_time_lite:/home/fbot/kobuki_base_ros2/install/ecl_exceptions:/home/fbot/kobuki_base_ros2/install/ecl_concepts:/home/fbot/kobuki_base_ros2/install/ecl_type_traits:/home/fbot/kobuki_base_ros2/install/ecl_errors:/home/fbot/kobuki_base_ros2/install/ecl_mpl:/home/fbot/kobuki_base_ros2/install/ecl_config:/opt/ros/humble LD_LIBRARY_PATH=/home/fbot/kobuki_base_ros2/install/ecl_threads/lib:/home/fbot/kobuki_base_ros2/install/ecl_time/lib:/home/fbot/kobuki_base_ros2/install/ecl_time_lite/lib:/home/fbot/kobuki_base_ros2/install/ecl_exceptions/lib:/home/fbot/kobuki_base_ros2/install/ecl_type_traits/lib:/home/fbot/kobuki_base_ros2/install/ecl_errors/lib:${LD_LIBRARY_PATH} PATH=/home/fbot/kobuki_base_ros2/install/ecl_type_traits/bin:/home/fbot/kobuki_base_ros2/install/ecl_config/bin:${PATH} /usr/bin/cmake --build /home/fbot/kobuki_base_ros2/build/ecl_ipc -- -j12 -l12
[0.064s] [35m[1mConsolidate compiler generated dependencies of target gtest_main[0m
[0.064s] [35m[1mConsolidate compiler generated dependencies of target ecl_ipc[0m
[0.064s] [35m[1mConsolidate compiler generated dependencies of target gtest[0m
[0.077s] [ 23%] Built target ecl_ipc
[0.078s] [ 38%] Built target gtest_main
[0.078s] [ 53%] Built target gtest
[0.084s] [35m[1mConsolidate compiler generated dependencies of target ecl_test_shared_memory[0m
[0.084s] [35m[1mConsolidate compiler generated dependencies of target ecl_test_semaphores[0m
[0.084s] [35m[1mConsolidate compiler generated dependencies of target ecl_test_semaphores_timed[0m
[0.094s] [100%] Built target ecl_test_shared_memory
[0.094s] [100%] Built target ecl_test_semaphores_timed
[0.094s] [100%] Built target ecl_test_semaphores
[0.126s] Invoked command in '/home/fbot/kobuki_base_ros2/build/ecl_ipc' returned '0': AMENT_PREFIX_PATH=/home/fbot/kobuki_base_ros2/install/ecl_threads:/home/fbot/kobuki_base_ros2/install/ecl_utilities:/home/fbot/kobuki_base_ros2/install/ecl_time:/home/fbot/kobuki_base_ros2/install/ecl_time_lite:/home/fbot/kobuki_base_ros2/install/ecl_exceptions:/home/fbot/kobuki_base_ros2/install/ecl_concepts:/home/fbot/kobuki_base_ros2/install/ecl_type_traits:/home/fbot/kobuki_base_ros2/install/ecl_errors:/home/fbot/kobuki_base_ros2/install/ecl_mpl:/home/fbot/kobuki_base_ros2/install/ecl_config:${AMENT_PREFIX_PATH} CMAKE_PREFIX_PATH=/home/fbot/kobuki_base_ros2/install/ecl_threads:/home/fbot/kobuki_base_ros2/install/ecl_utilities:/home/fbot/kobuki_base_ros2/install/ecl_time:/home/fbot/kobuki_base_ros2/install/ecl_time_lite:/home/fbot/kobuki_base_ros2/install/ecl_exceptions:/home/fbot/kobuki_base_ros2/install/ecl_concepts:/home/fbot/kobuki_base_ros2/install/ecl_type_traits:/home/fbot/kobuki_base_ros2/install/ecl_errors:/home/fbot/kobuki_base_ros2/install/ecl_mpl:/home/fbot/kobuki_base_ros2/install/ecl_config:/opt/ros/humble LD_LIBRARY_PATH=/home/fbot/kobuki_base_ros2/install/ecl_threads/lib:/home/fbot/kobuki_base_ros2/install/ecl_time/lib:/home/fbot/kobuki_base_ros2/install/ecl_time_lite/lib:/home/fbot/kobuki_base_ros2/install/ecl_exceptions/lib:/home/fbot/kobuki_base_ros2/install/ecl_type_traits/lib:/home/fbot/kobuki_base_ros2/install/ecl_errors/lib:${LD_LIBRARY_PATH} PATH=/home/fbot/kobuki_base_ros2/install/ecl_type_traits/bin:/home/fbot/kobuki_base_ros2/install/ecl_config/bin:${PATH} /usr/bin/cmake --build /home/fbot/kobuki_base_ros2/build/ecl_ipc -- -j12 -l12
[0.126s] Invoking command in '/home/fbot/kobuki_base_ros2/build/ecl_ipc': AMENT_PREFIX_PATH=/home/fbot/kobuki_base_ros2/install/ecl_threads:/home/fbot/kobuki_base_ros2/install/ecl_utilities:/home/fbot/kobuki_base_ros2/install/ecl_time:/home/fbot/kobuki_base_ros2/install/ecl_time_lite:/home/fbot/kobuki_base_ros2/install/ecl_exceptions:/home/fbot/kobuki_base_ros2/install/ecl_concepts:/home/fbot/kobuki_base_ros2/install/ecl_type_traits:/home/fbot/kobuki_base_ros2/install/ecl_errors:/home/fbot/kobuki_base_ros2/install/ecl_mpl:/home/fbot/kobuki_base_ros2/install/ecl_config:${AMENT_PREFIX_PATH} CMAKE_PREFIX_PATH=/home/fbot/kobuki_base_ros2/install/ecl_threads:/home/fbot/kobuki_base_ros2/install/ecl_utilities:/home/fbot/kobuki_base_ros2/install/ecl_time:/home/fbot/kobuki_base_ros2/install/ecl_time_lite:/home/fbot/kobuki_base_ros2/install/ecl_exceptions:/home/fbot/kobuki_base_ros2/install/ecl_concepts:/home/fbot/kobuki_base_ros2/install/ecl_type_traits:/home/fbot/kobuki_base_ros2/install/ecl_errors:/home/fbot/kobuki_base_ros2/install/ecl_mpl:/home/fbot/kobuki_base_ros2/install/ecl_config:/opt/ros/humble LD_LIBRARY_PATH=/home/fbot/kobuki_base_ros2/install/ecl_threads/lib:/home/fbot/kobuki_base_ros2/install/ecl_time/lib:/home/fbot/kobuki_base_ros2/install/ecl_time_lite/lib:/home/fbot/kobuki_base_ros2/install/ecl_exceptions/lib:/home/fbot/kobuki_base_ros2/install/ecl_type_traits/lib:/home/fbot/kobuki_base_ros2/install/ecl_errors/lib:${LD_LIBRARY_PATH} PATH=/home/fbot/kobuki_base_ros2/install/ecl_type_traits/bin:/home/fbot/kobuki_base_ros2/install/ecl_config/bin:${PATH} /usr/bin/cmake --install /home/fbot/kobuki_base_ros2/build/ecl_ipc
[0.133s] -- Install configuration: ""
[0.133s] -- Up-to-date: /home/fbot/kobuki_base_ros2/install/ecl_ipc/share/ecl_ipc/environment/library_path.sh
[0.133s] -- Up-to-date: /home/fbot/kobuki_base_ros2/install/ecl_ipc/share/ecl_ipc/environment/library_path.dsv
[0.133s] -- Up-to-date: /home/fbot/kobuki_base_ros2/install/ecl_ipc/share/ament_index/resource_index/package_run_dependencies/ecl_ipc
[0.134s] -- Up-to-date: /home/fbot/kobuki_base_ros2/install/ecl_ipc/share/ament_index/resource_index/parent_prefix_path/ecl_ipc
[0.134s] -- Up-to-date: /home/fbot/kobuki_base_ros2/install/ecl_ipc/share/ecl_ipc/environment/ament_prefix_path.sh
[0.134s] -- Up-to-date: /home/fbot/kobuki_base_ros2/install/ecl_ipc/share/ecl_ipc/environment/ament_prefix_path.dsv
[0.134s] -- Up-to-date: /home/fbot/kobuki_base_ros2/install/ecl_ipc/share/ecl_ipc/environment/path.sh
[0.134s] -- Up-to-date: /home/fbot/kobuki_base_ros2/install/ecl_ipc/share/ecl_ipc/environment/path.dsv
[0.134s] -- Up-to-date: /home/fbot/kobuki_base_ros2/install/ecl_ipc/share/ecl_ipc/local_setup.bash
[0.134s] -- Up-to-date: /home/fbot/kobuki_base_ros2/install/ecl_ipc/share/ecl_ipc/local_setup.sh
[0.134s] -- Up-to-date: /home/fbot/kobuki_base_ros2/install/ecl_ipc/share/ecl_ipc/local_setup.zsh
[0.134s] -- Up-to-date: /home/fbot/kobuki_base_ros2/install/ecl_ipc/share/ecl_ipc/local_setup.dsv
[0.134s] -- Installing: /home/fbot/kobuki_base_ros2/install/ecl_ipc/share/ecl_ipc/package.dsv
[0.134s] -- Up-to-date: /home/fbot/kobuki_base_ros2/install/ecl_ipc/share/ament_index/resource_index/packages/ecl_ipc
[0.134s] -- Up-to-date: /home/fbot/kobuki_base_ros2/install/ecl_ipc/share/ecl_ipc/cmake/ecl_ipcExport.cmake
[0.134s] -- Up-to-date: /home/fbot/kobuki_base_ros2/install/ecl_ipc/share/ecl_ipc/cmake/ecl_ipcExport-noconfig.cmake
[0.134s] -- Up-to-date: /home/fbot/kobuki_base_ros2/install/ecl_ipc/share/ecl_ipc/cmake/ament_cmake_export_targets-extras.cmake
[0.134s] -- Up-to-date: /home/fbot/kobuki_base_ros2/install/ecl_ipc/share/ecl_ipc/cmake/ament_cmake_export_include_directories-extras.cmake
[0.134s] -- Up-to-date: /home/fbot/kobuki_base_ros2/install/ecl_ipc/share/ecl_ipc/cmake/ament_cmake_export_libraries-extras.cmake
[0.134s] -- Up-to-date: /home/fbot/kobuki_base_ros2/install/ecl_ipc/share/ecl_ipc/cmake/ament_cmake_export_dependencies-extras.cmake
[0.134s] -- Up-to-date: /home/fbot/kobuki_base_ros2/install/ecl_ipc/share/ecl_ipc/cmake/ecl_ipcConfig.cmake
[0.135s] -- Up-to-date: /home/fbot/kobuki_base_ros2/install/ecl_ipc/share/ecl_ipc/cmake/ecl_ipcConfig-version.cmake
[0.135s] -- Up-to-date: /home/fbot/kobuki_base_ros2/install/ecl_ipc/share/ecl_ipc/package.xml
[0.135s] -- Up-to-date: /home/fbot/kobuki_base_ros2/install/ecl_ipc/include/ecl/ipc.hpp
[0.135s] -- Up-to-date: /home/fbot/kobuki_base_ros2/install/ecl_ipc/include/ecl/ipc/semaphore.hpp
[0.135s] -- Up-to-date: /home/fbot/kobuki_base_ros2/install/ecl_ipc/include/ecl/ipc/semaphore_pos.hpp
[0.135s] -- Up-to-date: /home/fbot/kobuki_base_ros2/install/ecl_ipc/include/ecl/ipc/shared_memory.hpp
[0.135s] -- Up-to-date: /home/fbot/kobuki_base_ros2/install/ecl_ipc/include/ecl/ipc/shared_memory_pos.hpp
[0.135s] -- Up-to-date: /home/fbot/kobuki_base_ros2/install/ecl_ipc/lib/libecl_ipc.so.1.2.1
[0.135s] -- Up-to-date: /home/fbot/kobuki_base_ros2/install/ecl_ipc/lib/libecl_ipc.so
[0.148s] Invoked command in '/home/fbot/kobuki_base_ros2/build/ecl_ipc' returned '0': AMENT_PREFIX_PATH=/home/fbot/kobuki_base_ros2/install/ecl_threads:/home/fbot/kobuki_base_ros2/install/ecl_utilities:/home/fbot/kobuki_base_ros2/install/ecl_time:/home/fbot/kobuki_base_ros2/install/ecl_time_lite:/home/fbot/kobuki_base_ros2/install/ecl_exceptions:/home/fbot/kobuki_base_ros2/install/ecl_concepts:/home/fbot/kobuki_base_ros2/install/ecl_type_traits:/home/fbot/kobuki_base_ros2/install/ecl_errors:/home/fbot/kobuki_base_ros2/install/ecl_mpl:/home/fbot/kobuki_base_ros2/install/ecl_config:${AMENT_PREFIX_PATH} CMAKE_PREFIX_PATH=/home/fbot/kobuki_base_ros2/install/ecl_threads:/home/fbot/kobuki_base_ros2/install/ecl_utilities:/home/fbot/kobuki_base_ros2/install/ecl_time:/home/fbot/kobuki_base_ros2/install/ecl_time_lite:/home/fbot/kobuki_base_ros2/install/ecl_exceptions:/home/fbot/kobuki_base_ros2/install/ecl_concepts:/home/fbot/kobuki_base_ros2/install/ecl_type_traits:/home/fbot/kobuki_base_ros2/install/ecl_errors:/home/fbot/kobuki_base_ros2/install/ecl_mpl:/home/fbot/kobuki_base_ros2/install/ecl_config:/opt/ros/humble LD_LIBRARY_PATH=/home/fbot/kobuki_base_ros2/install/ecl_threads/lib:/home/fbot/kobuki_base_ros2/install/ecl_time/lib:/home/fbot/kobuki_base_ros2/install/ecl_time_lite/lib:/home/fbot/kobuki_base_ros2/install/ecl_exceptions/lib:/home/fbot/kobuki_base_ros2/install/ecl_type_traits/lib:/home/fbot/kobuki_base_ros2/install/ecl_errors/lib:${LD_LIBRARY_PATH} PATH=/home/fbot/kobuki_base_ros2/install/ecl_type_traits/bin:/home/fbot/kobuki_base_ros2/install/ecl_config/bin:${PATH} /usr/bin/cmake --install /home/fbot/kobuki_base_ros2/build/ecl_ipc
