[0.019s] Invoking command in '/home/fbot/kobuki_base_ros2/build/ecl_geometry': AMENT_PREFIX_PATH=/home/fbot/kobuki_base_ros2/install/ecl_linear_algebra:/home/fbot/kobuki_base_ros2/install/ecl_containers:/home/fbot/kobuki_base_ros2/install/ecl_formatters:/home/fbot/kobuki_base_ros2/install/ecl_utilities:/home/fbot/kobuki_base_ros2/install/ecl_converters:/home/fbot/kobuki_base_ros2/install/ecl_math:/home/fbot/kobuki_base_ros2/install/ecl_exceptions:/home/fbot/kobuki_base_ros2/install/ecl_concepts:/home/fbot/kobuki_base_ros2/install/ecl_type_traits:/home/fbot/kobuki_base_ros2/install/ecl_errors:/home/fbot/kobuki_base_ros2/install/ecl_mpl:/home/fbot/kobuki_base_ros2/install/ecl_eigen:/home/fbot/kobuki_base_ros2/install/ecl_config:${AMENT_PREFIX_PATH} CMAKE_PREFIX_PATH=/home/fbot/kobuki_base_ros2/install/ecl_linear_algebra:/home/fbot/kobuki_base_ros2/install/ecl_containers:/home/fbot/kobuki_base_ros2/install/ecl_formatters:/home/fbot/kobuki_base_ros2/install/ecl_utilities:/home/fbot/kobuki_base_ros2/install/ecl_converters:/home/fbot/kobuki_base_ros2/install/ecl_math:/home/fbot/kobuki_base_ros2/install/ecl_exceptions:/home/fbot/kobuki_base_ros2/install/ecl_concepts:/home/fbot/kobuki_base_ros2/install/ecl_type_traits:/home/fbot/kobuki_base_ros2/install/ecl_errors:/home/fbot/kobuki_base_ros2/install/ecl_mpl:/home/fbot/kobuki_base_ros2/install/ecl_eigen:/home/fbot/kobuki_base_ros2/install/ecl_config:/opt/ros/humble LD_LIBRARY_PATH=/home/fbot/kobuki_base_ros2/install/ecl_linear_algebra/lib:/home/fbot/kobuki_base_ros2/install/ecl_formatters/lib:/home/fbot/kobuki_base_ros2/install/ecl_exceptions/lib:/home/fbot/kobuki_base_ros2/install/ecl_type_traits/lib:/home/fbot/kobuki_base_ros2/install/ecl_errors/lib:${LD_LIBRARY_PATH} PATH=/home/fbot/kobuki_base_ros2/install/ecl_type_traits/bin:/home/fbot/kobuki_base_ros2/install/ecl_config/bin:${PATH} /usr/bin/cmake /home/fbot/kobuki_base_ros2/src/ecl_core/ecl_geometry -DCMAKE_INSTALL_PREFIX=/home/fbot/kobuki_base_ros2/install/ecl_geometry
[0.083s] -- The C compiler identification is GNU 11.4.0
[0.148s] -- The CXX compiler identification is GNU 11.4.0
[0.155s] -- Detecting C compiler ABI info
[0.212s] -- Detecting C compiler ABI info - done
[0.218s] -- Check for working C compiler: /usr/bin/cc - skipped
[0.219s] -- Detecting C compile features
[0.219s] -- Detecting C compile features - done
[0.221s] -- Detecting CXX compiler ABI info
[0.284s] -- Detecting CXX compiler ABI info - done
[0.296s] -- Check for working CXX compiler: /usr/bin/c++ - skipped
[0.296s] -- Detecting CXX compile features
[0.297s] -- Detecting CXX compile features - done
[0.300s] -- Found ament_cmake_ros: 0.10.0 (/opt/ros/humble/share/ament_cmake_ros/cmake)
[0.443s] -- Found Python3: /usr/bin/python3 (found version "3.10.12") found components: Interpreter 
[0.557s] -- Found ecl_build: 1.0.3 (/opt/ros/humble/share/ecl_build/cmake)
[0.565s] -- Found ecl_config: 1.2.0 (/home/fbot/kobuki_base_ros2/install/ecl_config/share/ecl_config/cmake)
[0.567s] -- Found ecl_containers: 1.2.1 (/home/fbot/kobuki_base_ros2/install/ecl_containers/share/ecl_containers/cmake)
[0.588s] -- Found ecl_linear_algebra: 1.2.1 (/home/fbot/kobuki_base_ros2/install/ecl_linear_algebra/share/ecl_linear_algebra/cmake)
[0.789s] -- Found ament_lint_auto: 0.12.15 (/opt/ros/humble/share/ament_lint_auto/cmake)
[0.809s] -- Found gtest sources under '/opt/ros/humble/src/gtest_vendor': C++ tests using 'Google Test' will be built
[0.811s] -- Found Threads: TRUE  
[0.834s] -- Configuring done
[0.866s] -- Generating done
[0.881s] -- Build files have been written to: /home/fbot/kobuki_base_ros2/build/ecl_geometry
[0.887s] Invoked command in '/home/fbot/kobuki_base_ros2/build/ecl_geometry' returned '0': AMENT_PREFIX_PATH=/home/fbot/kobuki_base_ros2/install/ecl_linear_algebra:/home/fbot/kobuki_base_ros2/install/ecl_containers:/home/fbot/kobuki_base_ros2/install/ecl_formatters:/home/fbot/kobuki_base_ros2/install/ecl_utilities:/home/fbot/kobuki_base_ros2/install/ecl_converters:/home/fbot/kobuki_base_ros2/install/ecl_math:/home/fbot/kobuki_base_ros2/install/ecl_exceptions:/home/fbot/kobuki_base_ros2/install/ecl_concepts:/home/fbot/kobuki_base_ros2/install/ecl_type_traits:/home/fbot/kobuki_base_ros2/install/ecl_errors:/home/fbot/kobuki_base_ros2/install/ecl_mpl:/home/fbot/kobuki_base_ros2/install/ecl_eigen:/home/fbot/kobuki_base_ros2/install/ecl_config:${AMENT_PREFIX_PATH} CMAKE_PREFIX_PATH=/home/fbot/kobuki_base_ros2/install/ecl_linear_algebra:/home/fbot/kobuki_base_ros2/install/ecl_containers:/home/fbot/kobuki_base_ros2/install/ecl_formatters:/home/fbot/kobuki_base_ros2/install/ecl_utilities:/home/fbot/kobuki_base_ros2/install/ecl_converters:/home/fbot/kobuki_base_ros2/install/ecl_math:/home/fbot/kobuki_base_ros2/install/ecl_exceptions:/home/fbot/kobuki_base_ros2/install/ecl_concepts:/home/fbot/kobuki_base_ros2/install/ecl_type_traits:/home/fbot/kobuki_base_ros2/install/ecl_errors:/home/fbot/kobuki_base_ros2/install/ecl_mpl:/home/fbot/kobuki_base_ros2/install/ecl_eigen:/home/fbot/kobuki_base_ros2/install/ecl_config:/opt/ros/humble LD_LIBRARY_PATH=/home/fbot/kobuki_base_ros2/install/ecl_linear_algebra/lib:/home/fbot/kobuki_base_ros2/install/ecl_formatters/lib:/home/fbot/kobuki_base_ros2/install/ecl_exceptions/lib:/home/fbot/kobuki_base_ros2/install/ecl_type_traits/lib:/home/fbot/kobuki_base_ros2/install/ecl_errors/lib:${LD_LIBRARY_PATH} PATH=/home/fbot/kobuki_base_ros2/install/ecl_type_traits/bin:/home/fbot/kobuki_base_ros2/install/ecl_config/bin:${PATH} /usr/bin/cmake /home/fbot/kobuki_base_ros2/src/ecl_core/ecl_geometry -DCMAKE_INSTALL_PREFIX=/home/fbot/kobuki_base_ros2/install/ecl_geometry
[0.889s] Invoking command in '/home/fbot/kobuki_base_ros2/build/ecl_geometry': AMENT_PREFIX_PATH=/home/fbot/kobuki_base_ros2/install/ecl_linear_algebra:/home/fbot/kobuki_base_ros2/install/ecl_containers:/home/fbot/kobuki_base_ros2/install/ecl_formatters:/home/fbot/kobuki_base_ros2/install/ecl_utilities:/home/fbot/kobuki_base_ros2/install/ecl_converters:/home/fbot/kobuki_base_ros2/install/ecl_math:/home/fbot/kobuki_base_ros2/install/ecl_exceptions:/home/fbot/kobuki_base_ros2/install/ecl_concepts:/home/fbot/kobuki_base_ros2/install/ecl_type_traits:/home/fbot/kobuki_base_ros2/install/ecl_errors:/home/fbot/kobuki_base_ros2/install/ecl_mpl:/home/fbot/kobuki_base_ros2/install/ecl_eigen:/home/fbot/kobuki_base_ros2/install/ecl_config:${AMENT_PREFIX_PATH} CMAKE_PREFIX_PATH=/home/fbot/kobuki_base_ros2/install/ecl_linear_algebra:/home/fbot/kobuki_base_ros2/install/ecl_containers:/home/fbot/kobuki_base_ros2/install/ecl_formatters:/home/fbot/kobuki_base_ros2/install/ecl_utilities:/home/fbot/kobuki_base_ros2/install/ecl_converters:/home/fbot/kobuki_base_ros2/install/ecl_math:/home/fbot/kobuki_base_ros2/install/ecl_exceptions:/home/fbot/kobuki_base_ros2/install/ecl_concepts:/home/fbot/kobuki_base_ros2/install/ecl_type_traits:/home/fbot/kobuki_base_ros2/install/ecl_errors:/home/fbot/kobuki_base_ros2/install/ecl_mpl:/home/fbot/kobuki_base_ros2/install/ecl_eigen:/home/fbot/kobuki_base_ros2/install/ecl_config:/opt/ros/humble LD_LIBRARY_PATH=/home/fbot/kobuki_base_ros2/install/ecl_linear_algebra/lib:/home/fbot/kobuki_base_ros2/install/ecl_formatters/lib:/home/fbot/kobuki_base_ros2/install/ecl_exceptions/lib:/home/fbot/kobuki_base_ros2/install/ecl_type_traits/lib:/home/fbot/kobuki_base_ros2/install/ecl_errors/lib:${LD_LIBRARY_PATH} PATH=/home/fbot/kobuki_base_ros2/install/ecl_type_traits/bin:/home/fbot/kobuki_base_ros2/install/ecl_config/bin:${PATH} /usr/bin/cmake --build /home/fbot/kobuki_base_ros2/build/ecl_geometry -- -j12 -l12
[0.932s] [  6%] [32mBuilding CXX object src/lib/CMakeFiles/ecl_geometry.dir/cubic_spline.cpp.o[0m
[0.932s] [  6%] [32mBuilding CXX object src/lib/CMakeFiles/ecl_geometry.dir/linear_segment.cpp.o[0m
[0.932s] [  6%] [32mBuilding CXX object src/lib/CMakeFiles/ecl_geometry.dir/angle.cpp.o[0m
[0.932s] [  9%] [32mBuilding CXX object src/lib/CMakeFiles/ecl_geometry.dir/odometry_helper.cpp.o[0m
[0.934s] [ 11%] [32mBuilding CXX object src/lib/CMakeFiles/ecl_geometry.dir/pascals_triangle.cpp.o[0m
[0.935s] [ 13%] [32mBuilding CXX object src/lib/CMakeFiles/ecl_geometry.dir/cubic_spline_blueprints.cpp.o[0m
[0.940s] [ 15%] [32mBuilding CXX object src/lib/CMakeFiles/ecl_geometry.dir/polynomial_blueprints.cpp.o[0m
[0.940s] [ 18%] [32mBuilding CXX object src/lib/CMakeFiles/ecl_geometry.dir/polynomial.cpp.o[0m
[0.942s] [ 20%] [32mBuilding CXX object src/lib/CMakeFiles/ecl_geometry.dir/pose2d.cpp.o[0m
[0.945s] [ 22%] [32mBuilding CXX object gtest/CMakeFiles/gtest_main.dir/src/gtest_main.cc.o[0m
[0.948s] [ 25%] [32mBuilding CXX object src/lib/CMakeFiles/ecl_geometry.dir/smooth_linear_spline.cpp.o[0m
[0.959s] [ 27%] [32mBuilding CXX object gtest/CMakeFiles/gtest.dir/src/gtest-all.cc.o[0m
[1.015s] [ 29%] [32mBuilding CXX object src/lib/CMakeFiles/ecl_geometry.dir/tension_function.cpp.o[0m
[1.924s] [ 31%] [32mBuilding CXX object src/lib/CMakeFiles/ecl_geometry.dir/tension_spline.cpp.o[0m
[1.973s] [ 34%] [32mBuilding CXX object src/lib/CMakeFiles/ecl_geometry.dir/tension_spline_blueprints.cpp.o[0m
[2.206s] [ 36%] [32m[1mLinking CXX static library libgtest_main.a[0m
[2.350s] [ 36%] Built target gtest_main
[5.498s] [ 38%] [32m[1mLinking CXX shared library libecl_geometry.so[0m
[5.566s] [ 40%] [32m[1mLinking CXX static library libgtest.a[0m
[5.637s] [ 40%] Built target gtest
[5.655s] [ 40%] Built target ecl_geometry
[5.677s] [ 43%] [32mBuilding CXX object src/test/CMakeFiles/ecl_test_cartesian_points.dir/cartesian_points.cpp.o[0m
[5.678s] [ 47%] [32mBuilding CXX object src/test/CMakeFiles/ecl_test_linear_segment.dir/linear_segment.cpp.o[0m
[5.678s] [ 47%] [32mBuilding CXX object src/test/CMakeFiles/ecl_test_angles.dir/angles.cpp.o[0m
[5.678s] [ 50%] [32mBuilding CXX object src/test/CMakeFiles/ecl_test_cubic_splines.dir/cubic_splines.cpp.o[0m
[5.684s] [ 52%] [32mBuilding CXX object src/test/CMakeFiles/ecl_test_legacy_pose2d.dir/legacy_pose2d.cpp.o[0m
[5.687s] [ 56%] [32mBuilding CXX object src/test/CMakeFiles/ecl_test_polynomials.dir/polynomials.cpp.o[0m
[5.687s] [ 59%] [32mBuilding CXX object src/test/CMakeFiles/ecl_test_legacy_pose3d.dir/legacy_pose3d.cpp.o[0m
[5.687s] [ 61%] [32mBuilding CXX object src/test/CMakeFiles/ecl_test_smooth_linear_splines.dir/smooth_linear_splines.cpp.o[0m
[5.687s] [ 54%] [32mBuilding CXX object src/test/CMakeFiles/ecl_test_homogeneous_points.dir/homogeneous_points.cpp.o[0m
[5.687s] [ 63%] [32mBuilding CXX object src/test/CMakeFiles/ecl_test_pose2d.dir/pose2d.cpp.o[0m
[5.689s] [ 65%] [32mBuilding CXX object src/test/CMakeFiles/ecl_test_tension_function.dir/tension_function.cpp.o[0m
[5.694s] [ 68%] [32mBuilding CXX object src/test/CMakeFiles/ecl_test_tension_splines.dir/tension_splines.cpp.o[0m
[6.770s] [ 70%] [32m[1mLinking CXX executable ecl_test_linear_segment[0m
[7.082s] [ 70%] Built target ecl_test_linear_segment
[7.133s] [ 72%] [32mBuilding CXX object src/test/CMakeFiles/ecl_test_odometry_helper.dir/odometry_helper.cpp.o[0m
[7.483s] [ 75%] [32m[1mLinking CXX executable ecl_test_tension_function[0m
[7.595s] [ 77%] [32m[1mLinking CXX executable ecl_test_tension_splines[0m
[7.794s] [ 77%] Built target ecl_test_tension_function
[8.105s] [ 77%] Built target ecl_test_tension_splines
[8.709s] [ 79%] [32m[1mLinking CXX executable ecl_test_pose2d[0m
[8.761s] [ 81%] [32m[1mLinking CXX executable ecl_test_cubic_splines[0m
[8.877s] [ 84%] [32m[1mLinking CXX executable ecl_test_smooth_linear_splines[0m
[8.998s] [ 84%] Built target ecl_test_cubic_splines
[9.007s] [ 84%] Built target ecl_test_pose2d
[9.078s] [ 86%] [32m[1mLinking CXX executable ecl_test_cartesian_points[0m
[9.128s] [ 88%] [32m[1mLinking CXX executable ecl_test_angles[0m
[9.145s] [ 88%] Built target ecl_test_smooth_linear_splines
[9.241s] [ 88%] Built target ecl_test_cartesian_points
[9.293s] [ 88%] Built target ecl_test_angles
[9.469s] [ 90%] [32m[1mLinking CXX executable ecl_test_homogeneous_points[0m
[9.507s] [ 93%] [32m[1mLinking CXX executable ecl_test_polynomials[0m
[9.627s] [ 93%] Built target ecl_test_homogeneous_points
[9.675s] [ 93%] Built target ecl_test_polynomials
[9.964s] [ 95%] [32m[1mLinking CXX executable ecl_test_legacy_pose2d[0m
[10.018s] [ 97%] [32m[1mLinking CXX executable ecl_test_odometry_helper[0m
[10.128s] [ 97%] Built target ecl_test_legacy_pose2d
[10.165s] [ 97%] Built target ecl_test_odometry_helper
[10.757s] [100%] [32m[1mLinking CXX executable ecl_test_legacy_pose3d[0m
[10.925s] [100%] Built target ecl_test_legacy_pose3d
[10.935s] Invoked command in '/home/fbot/kobuki_base_ros2/build/ecl_geometry' returned '0': AMENT_PREFIX_PATH=/home/fbot/kobuki_base_ros2/install/ecl_linear_algebra:/home/fbot/kobuki_base_ros2/install/ecl_containers:/home/fbot/kobuki_base_ros2/install/ecl_formatters:/home/fbot/kobuki_base_ros2/install/ecl_utilities:/home/fbot/kobuki_base_ros2/install/ecl_converters:/home/fbot/kobuki_base_ros2/install/ecl_math:/home/fbot/kobuki_base_ros2/install/ecl_exceptions:/home/fbot/kobuki_base_ros2/install/ecl_concepts:/home/fbot/kobuki_base_ros2/install/ecl_type_traits:/home/fbot/kobuki_base_ros2/install/ecl_errors:/home/fbot/kobuki_base_ros2/install/ecl_mpl:/home/fbot/kobuki_base_ros2/install/ecl_eigen:/home/fbot/kobuki_base_ros2/install/ecl_config:${AMENT_PREFIX_PATH} CMAKE_PREFIX_PATH=/home/fbot/kobuki_base_ros2/install/ecl_linear_algebra:/home/fbot/kobuki_base_ros2/install/ecl_containers:/home/fbot/kobuki_base_ros2/install/ecl_formatters:/home/fbot/kobuki_base_ros2/install/ecl_utilities:/home/fbot/kobuki_base_ros2/install/ecl_converters:/home/fbot/kobuki_base_ros2/install/ecl_math:/home/fbot/kobuki_base_ros2/install/ecl_exceptions:/home/fbot/kobuki_base_ros2/install/ecl_concepts:/home/fbot/kobuki_base_ros2/install/ecl_type_traits:/home/fbot/kobuki_base_ros2/install/ecl_errors:/home/fbot/kobuki_base_ros2/install/ecl_mpl:/home/fbot/kobuki_base_ros2/install/ecl_eigen:/home/fbot/kobuki_base_ros2/install/ecl_config:/opt/ros/humble LD_LIBRARY_PATH=/home/fbot/kobuki_base_ros2/install/ecl_linear_algebra/lib:/home/fbot/kobuki_base_ros2/install/ecl_formatters/lib:/home/fbot/kobuki_base_ros2/install/ecl_exceptions/lib:/home/fbot/kobuki_base_ros2/install/ecl_type_traits/lib:/home/fbot/kobuki_base_ros2/install/ecl_errors/lib:${LD_LIBRARY_PATH} PATH=/home/fbot/kobuki_base_ros2/install/ecl_type_traits/bin:/home/fbot/kobuki_base_ros2/install/ecl_config/bin:${PATH} /usr/bin/cmake --build /home/fbot/kobuki_base_ros2/build/ecl_geometry -- -j12 -l12
[10.936s] Invoking command in '/home/fbot/kobuki_base_ros2/build/ecl_geometry': AMENT_PREFIX_PATH=/home/fbot/kobuki_base_ros2/install/ecl_linear_algebra:/home/fbot/kobuki_base_ros2/install/ecl_containers:/home/fbot/kobuki_base_ros2/install/ecl_formatters:/home/fbot/kobuki_base_ros2/install/ecl_utilities:/home/fbot/kobuki_base_ros2/install/ecl_converters:/home/fbot/kobuki_base_ros2/install/ecl_math:/home/fbot/kobuki_base_ros2/install/ecl_exceptions:/home/fbot/kobuki_base_ros2/install/ecl_concepts:/home/fbot/kobuki_base_ros2/install/ecl_type_traits:/home/fbot/kobuki_base_ros2/install/ecl_errors:/home/fbot/kobuki_base_ros2/install/ecl_mpl:/home/fbot/kobuki_base_ros2/install/ecl_eigen:/home/fbot/kobuki_base_ros2/install/ecl_config:${AMENT_PREFIX_PATH} CMAKE_PREFIX_PATH=/home/fbot/kobuki_base_ros2/install/ecl_linear_algebra:/home/fbot/kobuki_base_ros2/install/ecl_containers:/home/fbot/kobuki_base_ros2/install/ecl_formatters:/home/fbot/kobuki_base_ros2/install/ecl_utilities:/home/fbot/kobuki_base_ros2/install/ecl_converters:/home/fbot/kobuki_base_ros2/install/ecl_math:/home/fbot/kobuki_base_ros2/install/ecl_exceptions:/home/fbot/kobuki_base_ros2/install/ecl_concepts:/home/fbot/kobuki_base_ros2/install/ecl_type_traits:/home/fbot/kobuki_base_ros2/install/ecl_errors:/home/fbot/kobuki_base_ros2/install/ecl_mpl:/home/fbot/kobuki_base_ros2/install/ecl_eigen:/home/fbot/kobuki_base_ros2/install/ecl_config:/opt/ros/humble LD_LIBRARY_PATH=/home/fbot/kobuki_base_ros2/install/ecl_linear_algebra/lib:/home/fbot/kobuki_base_ros2/install/ecl_formatters/lib:/home/fbot/kobuki_base_ros2/install/ecl_exceptions/lib:/home/fbot/kobuki_base_ros2/install/ecl_type_traits/lib:/home/fbot/kobuki_base_ros2/install/ecl_errors/lib:${LD_LIBRARY_PATH} PATH=/home/fbot/kobuki_base_ros2/install/ecl_type_traits/bin:/home/fbot/kobuki_base_ros2/install/ecl_config/bin:${PATH} /usr/bin/cmake --install /home/fbot/kobuki_base_ros2/build/ecl_geometry
[10.942s] -- Install configuration: ""
[10.942s] -- Installing: /home/fbot/kobuki_base_ros2/install/ecl_geometry/share/ecl_geometry/environment/library_path.sh
[10.942s] -- Installing: /home/fbot/kobuki_base_ros2/install/ecl_geometry/share/ecl_geometry/environment/library_path.dsv
[10.942s] -- Installing: /home/fbot/kobuki_base_ros2/install/ecl_geometry/share/ament_index/resource_index/package_run_dependencies/ecl_geometry
[10.942s] -- Installing: /home/fbot/kobuki_base_ros2/install/ecl_geometry/share/ament_index/resource_index/parent_prefix_path/ecl_geometry
[10.942s] -- Installing: /home/fbot/kobuki_base_ros2/install/ecl_geometry/share/ecl_geometry/environment/ament_prefix_path.sh
[10.942s] -- Installing: /home/fbot/kobuki_base_ros2/install/ecl_geometry/share/ecl_geometry/environment/ament_prefix_path.dsv
[10.942s] -- Installing: /home/fbot/kobuki_base_ros2/install/ecl_geometry/share/ecl_geometry/environment/path.sh
[10.942s] -- Installing: /home/fbot/kobuki_base_ros2/install/ecl_geometry/share/ecl_geometry/environment/path.dsv
[10.943s] -- Installing: /home/fbot/kobuki_base_ros2/install/ecl_geometry/share/ecl_geometry/local_setup.bash
[10.943s] -- Installing: /home/fbot/kobuki_base_ros2/install/ecl_geometry/share/ecl_geometry/local_setup.sh
[10.943s] -- Installing: /home/fbot/kobuki_base_ros2/install/ecl_geometry/share/ecl_geometry/local_setup.zsh
[10.943s] -- Installing: /home/fbot/kobuki_base_ros2/install/ecl_geometry/share/ecl_geometry/local_setup.dsv
[10.943s] -- Installing: /home/fbot/kobuki_base_ros2/install/ecl_geometry/share/ecl_geometry/package.dsv
[10.943s] -- Installing: /home/fbot/kobuki_base_ros2/install/ecl_geometry/share/ament_index/resource_index/packages/ecl_geometry
[10.943s] -- Installing: /home/fbot/kobuki_base_ros2/install/ecl_geometry/share/ecl_geometry/cmake/ecl_geometryExport.cmake
[10.943s] -- Installing: /home/fbot/kobuki_base_ros2/install/ecl_geometry/share/ecl_geometry/cmake/ecl_geometryExport-noconfig.cmake
[10.943s] -- Installing: /home/fbot/kobuki_base_ros2/install/ecl_geometry/share/ecl_geometry/cmake/ament_cmake_export_targets-extras.cmake
[10.944s] -- Installing: /home/fbot/kobuki_base_ros2/install/ecl_geometry/share/ecl_geometry/cmake/ament_cmake_export_include_directories-extras.cmake
[10.944s] -- Installing: /home/fbot/kobuki_base_ros2/install/ecl_geometry/share/ecl_geometry/cmake/ament_cmake_export_libraries-extras.cmake
[10.944s] -- Installing: /home/fbot/kobuki_base_ros2/install/ecl_geometry/share/ecl_geometry/cmake/ament_cmake_export_dependencies-extras.cmake
[10.944s] -- Installing: /home/fbot/kobuki_base_ros2/install/ecl_geometry/share/ecl_geometry/cmake/ecl_geometryConfig.cmake
[10.944s] -- Installing: /home/fbot/kobuki_base_ros2/install/ecl_geometry/share/ecl_geometry/cmake/ecl_geometryConfig-version.cmake
[10.944s] -- Installing: /home/fbot/kobuki_base_ros2/install/ecl_geometry/share/ecl_geometry/package.xml
[10.944s] -- Installing: /home/fbot/kobuki_base_ros2/install/ecl_geometry/include/ecl/geometry.hpp
[10.944s] -- Installing: /home/fbot/kobuki_base_ros2/install/ecl_geometry/include/ecl/geometry/angle.hpp
[10.945s] -- Installing: /home/fbot/kobuki_base_ros2/install/ecl_geometry/include/ecl/geometry/cartesian_point.hpp
[10.945s] -- Installing: /home/fbot/kobuki_base_ros2/install/ecl_geometry/include/ecl/geometry/cubic_spline.hpp
[10.945s] -- Installing: /home/fbot/kobuki_base_ros2/install/ecl_geometry/include/ecl/geometry/function_math.hpp
[10.945s] -- Installing: /home/fbot/kobuki_base_ros2/install/ecl_geometry/include/ecl/geometry/homogeneous_point.hpp
[10.945s] -- Installing: /home/fbot/kobuki_base_ros2/install/ecl_geometry/include/ecl/geometry/legacy_pose2d.hpp
[10.945s] -- Installing: /home/fbot/kobuki_base_ros2/install/ecl_geometry/include/ecl/geometry/legacy_pose3d.hpp
[10.945s] -- Installing: /home/fbot/kobuki_base_ros2/install/ecl_geometry/include/ecl/geometry/linear_segment.hpp
[10.945s] -- Installing: /home/fbot/kobuki_base_ros2/install/ecl_geometry/include/ecl/geometry/macros.hpp
[10.945s] -- Installing: /home/fbot/kobuki_base_ros2/install/ecl_geometry/include/ecl/geometry/odometry.hpp
[10.945s] -- Installing: /home/fbot/kobuki_base_ros2/install/ecl_geometry/include/ecl/geometry/odometry_helper.hpp
[10.945s] -- Installing: /home/fbot/kobuki_base_ros2/install/ecl_geometry/include/ecl/geometry/odometry_typedefs.hpp
[10.945s] -- Installing: /home/fbot/kobuki_base_ros2/install/ecl_geometry/include/ecl/geometry/pascals_triangle.hpp
[10.945s] -- Installing: /home/fbot/kobuki_base_ros2/install/ecl_geometry/include/ecl/geometry/polynomial.hpp
[10.945s] -- Installing: /home/fbot/kobuki_base_ros2/install/ecl_geometry/include/ecl/geometry/pose2d.hpp
[10.946s] -- Installing: /home/fbot/kobuki_base_ros2/install/ecl_geometry/include/ecl/geometry/smooth_linear_spline.hpp
[10.946s] -- Installing: /home/fbot/kobuki_base_ros2/install/ecl_geometry/include/ecl/geometry/spline_function.hpp
[10.946s] -- Installing: /home/fbot/kobuki_base_ros2/install/ecl_geometry/include/ecl/geometry/tension_function.hpp
[10.946s] -- Installing: /home/fbot/kobuki_base_ros2/install/ecl_geometry/include/ecl/geometry/tension_spline.hpp
[10.946s] -- Installing: /home/fbot/kobuki_base_ros2/install/ecl_geometry/lib/libecl_geometry.so.1.2.1
[10.947s] -- Set runtime path of "/home/fbot/kobuki_base_ros2/install/ecl_geometry/lib/libecl_geometry.so.1.2.1" to ""
[10.947s] -- Installing: /home/fbot/kobuki_base_ros2/install/ecl_geometry/lib/libecl_geometry.so
[10.949s] Invoked command in '/home/fbot/kobuki_base_ros2/build/ecl_geometry' returned '0': AMENT_PREFIX_PATH=/home/fbot/kobuki_base_ros2/install/ecl_linear_algebra:/home/fbot/kobuki_base_ros2/install/ecl_containers:/home/fbot/kobuki_base_ros2/install/ecl_formatters:/home/fbot/kobuki_base_ros2/install/ecl_utilities:/home/fbot/kobuki_base_ros2/install/ecl_converters:/home/fbot/kobuki_base_ros2/install/ecl_math:/home/fbot/kobuki_base_ros2/install/ecl_exceptions:/home/fbot/kobuki_base_ros2/install/ecl_concepts:/home/fbot/kobuki_base_ros2/install/ecl_type_traits:/home/fbot/kobuki_base_ros2/install/ecl_errors:/home/fbot/kobuki_base_ros2/install/ecl_mpl:/home/fbot/kobuki_base_ros2/install/ecl_eigen:/home/fbot/kobuki_base_ros2/install/ecl_config:${AMENT_PREFIX_PATH} CMAKE_PREFIX_PATH=/home/fbot/kobuki_base_ros2/install/ecl_linear_algebra:/home/fbot/kobuki_base_ros2/install/ecl_containers:/home/fbot/kobuki_base_ros2/install/ecl_formatters:/home/fbot/kobuki_base_ros2/install/ecl_utilities:/home/fbot/kobuki_base_ros2/install/ecl_converters:/home/fbot/kobuki_base_ros2/install/ecl_math:/home/fbot/kobuki_base_ros2/install/ecl_exceptions:/home/fbot/kobuki_base_ros2/install/ecl_concepts:/home/fbot/kobuki_base_ros2/install/ecl_type_traits:/home/fbot/kobuki_base_ros2/install/ecl_errors:/home/fbot/kobuki_base_ros2/install/ecl_mpl:/home/fbot/kobuki_base_ros2/install/ecl_eigen:/home/fbot/kobuki_base_ros2/install/ecl_config:/opt/ros/humble LD_LIBRARY_PATH=/home/fbot/kobuki_base_ros2/install/ecl_linear_algebra/lib:/home/fbot/kobuki_base_ros2/install/ecl_formatters/lib:/home/fbot/kobuki_base_ros2/install/ecl_exceptions/lib:/home/fbot/kobuki_base_ros2/install/ecl_type_traits/lib:/home/fbot/kobuki_base_ros2/install/ecl_errors/lib:${LD_LIBRARY_PATH} PATH=/home/fbot/kobuki_base_ros2/install/ecl_type_traits/bin:/home/fbot/kobuki_base_ros2/install/ecl_config/bin:${PATH} /usr/bin/cmake --install /home/fbot/kobuki_base_ros2/build/ecl_geometry
