[0.024s] Invoking command in '/home/fbot/kobuki_base_ros2/build/kobuki_safety_controller': AMENT_PREFIX_PATH=/home/fbot/kobuki_base_ros2/install/kobuki_ros_interfaces:${AMENT_PREFIX_PATH} CMAKE_PREFIX_PATH=/home/fbot/kobuki_base_ros2/install/kobuki_ros_interfaces:/opt/ros/humble LD_LIBRARY_PATH=/home/fbot/kobuki_base_ros2/install/kobuki_ros_interfaces/lib:${LD_LIBRARY_PATH} PYTHONPATH=/home/fbot/kobuki_base_ros2/install/kobuki_ros_interfaces/local/lib/python3.10/dist-packages:${PYTHONPATH} /usr/bin/cmake --build /home/fbot/kobuki_base_ros2/build/kobuki_safety_controller -- -j12 -l12
[0.066s] [35m[1mConsolidate compiler generated dependencies of target kobuki_safety_controller[0m
[0.066s] [35m[1mConsolidate compiler generated dependencies of target kobuki_safety_controller_node[0m
[0.072s] [ 50%] Built target kobuki_safety_controller
[0.072s] [100%] Built target kobuki_safety_controller_node
[0.146s] Invoked command in '/home/fbot/kobuki_base_ros2/build/kobuki_safety_controller' returned '0': AMENT_PREFIX_PATH=/home/fbot/kobuki_base_ros2/install/kobuki_ros_interfaces:${AMENT_PREFIX_PATH} CMAKE_PREFIX_PATH=/home/fbot/kobuki_base_ros2/install/kobuki_ros_interfaces:/opt/ros/humble LD_LIBRARY_PATH=/home/fbot/kobuki_base_ros2/install/kobuki_ros_interfaces/lib:${LD_LIBRARY_PATH} PYTHONPATH=/home/fbot/kobuki_base_ros2/install/kobuki_ros_interfaces/local/lib/python3.10/dist-packages:${PYTHONPATH} /usr/bin/cmake --build /home/fbot/kobuki_base_ros2/build/kobuki_safety_controller -- -j12 -l12
[0.155s] Invoking command in '/home/fbot/kobuki_base_ros2/build/kobuki_safety_controller': AMENT_PREFIX_PATH=/home/fbot/kobuki_base_ros2/install/kobuki_ros_interfaces:${AMENT_PREFIX_PATH} CMAKE_PREFIX_PATH=/home/fbot/kobuki_base_ros2/install/kobuki_ros_interfaces:/opt/ros/humble LD_LIBRARY_PATH=/home/fbot/kobuki_base_ros2/install/kobuki_ros_interfaces/lib:${LD_LIBRARY_PATH} PYTHONPATH=/home/fbot/kobuki_base_ros2/install/kobuki_ros_interfaces/local/lib/python3.10/dist-packages:${PYTHONPATH} /usr/bin/cmake --install /home/fbot/kobuki_base_ros2/build/kobuki_safety_controller
[0.160s] -- Install configuration: ""
[0.162s] -- Up-to-date: /home/fbot/kobuki_base_ros2/install/kobuki_safety_controller/lib/kobuki_safety_controller/kobuki_safety_controller_node
[0.162s] -- Up-to-date: /home/fbot/kobuki_base_ros2/install/kobuki_safety_controller/lib/libkobuki_safety_controller.so
[0.163s] -- Up-to-date: /home/fbot/kobuki_base_ros2/install/kobuki_safety_controller/include/kobuki_safety_controller
[0.163s] -- Up-to-date: /home/fbot/kobuki_base_ros2/install/kobuki_safety_controller/include/kobuki_safety_controller/safety_controller.hpp
[0.163s] -- Up-to-date: /home/fbot/kobuki_base_ros2/install/kobuki_safety_controller/share/kobuki_safety_controller/config
[0.164s] -- Up-to-date: /home/fbot/kobuki_base_ros2/install/kobuki_safety_controller/share/kobuki_safety_controller/config/safety_controller_params.yaml
[0.164s] -- Up-to-date: /home/fbot/kobuki_base_ros2/install/kobuki_safety_controller/share/kobuki_safety_controller/launch
[0.164s] -- Up-to-date: /home/fbot/kobuki_base_ros2/install/kobuki_safety_controller/share/kobuki_safety_controller/launch/safety_controller-composed-launch.py
[0.164s] -- Up-to-date: /home/fbot/kobuki_base_ros2/install/kobuki_safety_controller/share/kobuki_safety_controller/launch/safety_controller-launch.py
[0.164s] -- Up-to-date: /home/fbot/kobuki_base_ros2/install/kobuki_safety_controller/share/ament_index/resource_index/package_run_dependencies/kobuki_safety_controller
[0.164s] -- Up-to-date: /home/fbot/kobuki_base_ros2/install/kobuki_safety_controller/share/ament_index/resource_index/parent_prefix_path/kobuki_safety_controller
[0.165s] -- Up-to-date: /home/fbot/kobuki_base_ros2/install/kobuki_safety_controller/share/kobuki_safety_controller/environment/ament_prefix_path.sh
[0.165s] -- Up-to-date: /home/fbot/kobuki_base_ros2/install/kobuki_safety_controller/share/kobuki_safety_controller/environment/ament_prefix_path.dsv
[0.165s] -- Up-to-date: /home/fbot/kobuki_base_ros2/install/kobuki_safety_controller/share/kobuki_safety_controller/environment/path.sh
[0.165s] -- Up-to-date: /home/fbot/kobuki_base_ros2/install/kobuki_safety_controller/share/kobuki_safety_controller/environment/path.dsv
[0.165s] -- Up-to-date: /home/fbot/kobuki_base_ros2/install/kobuki_safety_controller/share/kobuki_safety_controller/local_setup.bash
[0.165s] -- Up-to-date: /home/fbot/kobuki_base_ros2/install/kobuki_safety_controller/share/kobuki_safety_controller/local_setup.sh
[0.165s] -- Up-to-date: /home/fbot/kobuki_base_ros2/install/kobuki_safety_controller/share/kobuki_safety_controller/local_setup.zsh
[0.166s] -- Up-to-date: /home/fbot/kobuki_base_ros2/install/kobuki_safety_controller/share/kobuki_safety_controller/local_setup.dsv
[0.166s] -- Installing: /home/fbot/kobuki_base_ros2/install/kobuki_safety_controller/share/kobuki_safety_controller/package.dsv
[0.166s] -- Up-to-date: /home/fbot/kobuki_base_ros2/install/kobuki_safety_controller/share/ament_index/resource_index/packages/kobuki_safety_controller
[0.166s] -- Up-to-date: /home/fbot/kobuki_base_ros2/install/kobuki_safety_controller/share/ament_index/resource_index/rclcpp_components/kobuki_safety_controller
[0.166s] -- Up-to-date: /home/fbot/kobuki_base_ros2/install/kobuki_safety_controller/share/kobuki_safety_controller/cmake/kobuki_safety_controllerConfig.cmake
[0.166s] -- Up-to-date: /home/fbot/kobuki_base_ros2/install/kobuki_safety_controller/share/kobuki_safety_controller/cmake/kobuki_safety_controllerConfig-version.cmake
[0.166s] -- Up-to-date: /home/fbot/kobuki_base_ros2/install/kobuki_safety_controller/share/kobuki_safety_controller/package.xml
[0.234s] Invoked command in '/home/fbot/kobuki_base_ros2/build/kobuki_safety_controller' returned '0': AMENT_PREFIX_PATH=/home/fbot/kobuki_base_ros2/install/kobuki_ros_interfaces:${AMENT_PREFIX_PATH} CMAKE_PREFIX_PATH=/home/fbot/kobuki_base_ros2/install/kobuki_ros_interfaces:/opt/ros/humble LD_LIBRARY_PATH=/home/fbot/kobuki_base_ros2/install/kobuki_ros_interfaces/lib:${LD_LIBRARY_PATH} PYTHONPATH=/home/fbot/kobuki_base_ros2/install/kobuki_ros_interfaces/local/lib/python3.10/dist-packages:${PYTHONPATH} /usr/bin/cmake --install /home/fbot/kobuki_base_ros2/build/kobuki_safety_controller
