[35m[1mConsolidate compiler generated dependencies of target gtest_main[0m
[35m[1mConsolidate compiler generated dependencies of target gtest[0m
[35m[1mConsolidate compiler generated dependencies of target ecl_geometry[0m
[  4%] Built target gtest_main
[  9%] Built target gtest
[ 40%] Built target ecl_geometry
[35m[1mConsolidate compiler generated dependencies of target ecl_test_angles[0m
[35m[1mConsolidate compiler generated dependencies of target ecl_test_cubic_splines[0m
[35m[1mConsolidate compiler generated dependencies of target ecl_test_legacy_pose3d[0m
[35m[1mConsolidate compiler generated dependencies of target ecl_test_legacy_pose2d[0m
[35m[1mConsolidate compiler generated dependencies of target ecl_test_linear_segment[0m
[35m[1mConsolidate compiler generated dependencies of target ecl_test_polynomials[0m
[35m[1mConsolidate compiler generated dependencies of target ecl_test_homogeneous_points[0m
[35m[1mConsolidate compiler generated dependencies of target ecl_test_cartesian_points[0m
[35m[1mConsolidate compiler generated dependencies of target ecl_test_tension_splines[0m
[35m[1mConsolidate compiler generated dependencies of target ecl_test_smooth_linear_splines[0m
[35m[1mConsolidate compiler generated dependencies of target ecl_test_pose2d[0m
[35m[1mConsolidate compiler generated dependencies of target ecl_test_tension_function[0m
[ 50%] Built target ecl_test_cubic_splines
[ 50%] Built target ecl_test_angles
[ 54%] Built target ecl_test_legacy_pose2d
[ 59%] Built target ecl_test_legacy_pose3d
[ 63%] Built target ecl_test_tension_splines
[ 68%] Built target ecl_test_linear_segment
[ 72%] Built target ecl_test_cartesian_points
[ 77%] Built target ecl_test_polynomials
[ 81%] Built target ecl_test_homogeneous_points
[ 86%] Built target ecl_test_smooth_linear_splines
[ 90%] Built target ecl_test_tension_function
[35m[1mConsolidate compiler generated dependencies of target ecl_test_odometry_helper[0m
[ 95%] Built target ecl_test_pose2d
[100%] Built target ecl_test_odometry_helper
-- Install configuration: ""
-- Up-to-date: /home/fbot/kobuki_base_ros2/install/ecl_geometry/share/ecl_geometry/environment/library_path.sh
-- Up-to-date: /home/fbot/kobuki_base_ros2/install/ecl_geometry/share/ecl_geometry/environment/library_path.dsv
-- Up-to-date: /home/fbot/kobuki_base_ros2/install/ecl_geometry/share/ament_index/resource_index/package_run_dependencies/ecl_geometry
-- Up-to-date: /home/fbot/kobuki_base_ros2/install/ecl_geometry/share/ament_index/resource_index/parent_prefix_path/ecl_geometry
-- Up-to-date: /home/fbot/kobuki_base_ros2/install/ecl_geometry/share/ecl_geometry/environment/ament_prefix_path.sh
-- Up-to-date: /home/fbot/kobuki_base_ros2/install/ecl_geometry/share/ecl_geometry/environment/ament_prefix_path.dsv
-- Up-to-date: /home/fbot/kobuki_base_ros2/install/ecl_geometry/share/ecl_geometry/environment/path.sh
-- Up-to-date: /home/fbot/kobuki_base_ros2/install/ecl_geometry/share/ecl_geometry/environment/path.dsv
-- Up-to-date: /home/fbot/kobuki_base_ros2/install/ecl_geometry/share/ecl_geometry/local_setup.bash
-- Up-to-date: /home/fbot/kobuki_base_ros2/install/ecl_geometry/share/ecl_geometry/local_setup.sh
-- Up-to-date: /home/fbot/kobuki_base_ros2/install/ecl_geometry/share/ecl_geometry/local_setup.zsh
-- Up-to-date: /home/fbot/kobuki_base_ros2/install/ecl_geometry/share/ecl_geometry/local_setup.dsv
-- Installing: /home/fbot/kobuki_base_ros2/install/ecl_geometry/share/ecl_geometry/package.dsv
-- Up-to-date: /home/fbot/kobuki_base_ros2/install/ecl_geometry/share/ament_index/resource_index/packages/ecl_geometry
-- Up-to-date: /home/fbot/kobuki_base_ros2/install/ecl_geometry/share/ecl_geometry/cmake/ecl_geometryExport.cmake
-- Up-to-date: /home/fbot/kobuki_base_ros2/install/ecl_geometry/share/ecl_geometry/cmake/ecl_geometryExport-noconfig.cmake
-- Up-to-date: /home/fbot/kobuki_base_ros2/install/ecl_geometry/share/ecl_geometry/cmake/ament_cmake_export_targets-extras.cmake
-- Up-to-date: /home/fbot/kobuki_base_ros2/install/ecl_geometry/share/ecl_geometry/cmake/ament_cmake_export_include_directories-extras.cmake
-- Up-to-date: /home/fbot/kobuki_base_ros2/install/ecl_geometry/share/ecl_geometry/cmake/ament_cmake_export_libraries-extras.cmake
-- Up-to-date: /home/fbot/kobuki_base_ros2/install/ecl_geometry/share/ecl_geometry/cmake/ament_cmake_export_dependencies-extras.cmake
-- Up-to-date: /home/fbot/kobuki_base_ros2/install/ecl_geometry/share/ecl_geometry/cmake/ecl_geometryConfig.cmake
-- Up-to-date: /home/fbot/kobuki_base_ros2/install/ecl_geometry/share/ecl_geometry/cmake/ecl_geometryConfig-version.cmake
-- Up-to-date: /home/fbot/kobuki_base_ros2/install/ecl_geometry/share/ecl_geometry/package.xml
-- Up-to-date: /home/fbot/kobuki_base_ros2/install/ecl_geometry/include/ecl/geometry.hpp
-- Up-to-date: /home/fbot/kobuki_base_ros2/install/ecl_geometry/include/ecl/geometry/angle.hpp
-- Up-to-date: /home/fbot/kobuki_base_ros2/install/ecl_geometry/include/ecl/geometry/cartesian_point.hpp
-- Up-to-date: /home/fbot/kobuki_base_ros2/install/ecl_geometry/include/ecl/geometry/cubic_spline.hpp
-- Up-to-date: /home/fbot/kobuki_base_ros2/install/ecl_geometry/include/ecl/geometry/function_math.hpp
-- Up-to-date: /home/fbot/kobuki_base_ros2/install/ecl_geometry/include/ecl/geometry/homogeneous_point.hpp
-- Up-to-date: /home/fbot/kobuki_base_ros2/install/ecl_geometry/include/ecl/geometry/legacy_pose2d.hpp
-- Up-to-date: /home/fbot/kobuki_base_ros2/install/ecl_geometry/include/ecl/geometry/legacy_pose3d.hpp
-- Up-to-date: /home/fbot/kobuki_base_ros2/install/ecl_geometry/include/ecl/geometry/linear_segment.hpp
-- Up-to-date: /home/fbot/kobuki_base_ros2/install/ecl_geometry/include/ecl/geometry/macros.hpp
-- Up-to-date: /home/fbot/kobuki_base_ros2/install/ecl_geometry/include/ecl/geometry/odometry.hpp
-- Up-to-date: /home/fbot/kobuki_base_ros2/install/ecl_geometry/include/ecl/geometry/odometry_helper.hpp
-- Up-to-date: /home/fbot/kobuki_base_ros2/install/ecl_geometry/include/ecl/geometry/odometry_typedefs.hpp
-- Up-to-date: /home/fbot/kobuki_base_ros2/install/ecl_geometry/include/ecl/geometry/pascals_triangle.hpp
-- Up-to-date: /home/fbot/kobuki_base_ros2/install/ecl_geometry/include/ecl/geometry/polynomial.hpp
-- Up-to-date: /home/fbot/kobuki_base_ros2/install/ecl_geometry/include/ecl/geometry/pose2d.hpp
-- Up-to-date: /home/fbot/kobuki_base_ros2/install/ecl_geometry/include/ecl/geometry/smooth_linear_spline.hpp
-- Up-to-date: /home/fbot/kobuki_base_ros2/install/ecl_geometry/include/ecl/geometry/spline_function.hpp
-- Up-to-date: /home/fbot/kobuki_base_ros2/install/ecl_geometry/include/ecl/geometry/tension_function.hpp
-- Up-to-date: /home/fbot/kobuki_base_ros2/install/ecl_geometry/include/ecl/geometry/tension_spline.hpp
-- Up-to-date: /home/fbot/kobuki_base_ros2/install/ecl_geometry/lib/libecl_geometry.so.1.2.1
-- Up-to-date: /home/fbot/kobuki_base_ros2/install/ecl_geometry/lib/libecl_geometry.so
