[0.021s] Invoking command in '/home/fbot/kobuki_base_ros2/build/ecl_geometry': AMENT_PREFIX_PATH=/home/fbot/kobuki_base_ros2/install/ecl_linear_algebra:/home/fbot/kobuki_base_ros2/install/ecl_containers:/home/fbot/kobuki_base_ros2/install/ecl_formatters:/home/fbot/kobuki_base_ros2/install/ecl_utilities:/home/fbot/kobuki_base_ros2/install/ecl_converters:/home/fbot/kobuki_base_ros2/install/ecl_math:/home/fbot/kobuki_base_ros2/install/ecl_exceptions:/home/fbot/kobuki_base_ros2/install/ecl_concepts:/home/fbot/kobuki_base_ros2/install/ecl_type_traits:/home/fbot/kobuki_base_ros2/install/ecl_errors:/home/fbot/kobuki_base_ros2/install/ecl_mpl:/home/fbot/kobuki_base_ros2/install/ecl_eigen:/home/fbot/kobuki_base_ros2/install/ecl_config:${AMENT_PREFIX_PATH} CMAKE_PREFIX_PATH=/home/fbot/kobuki_base_ros2/install/ecl_linear_algebra:/home/fbot/kobuki_base_ros2/install/ecl_containers:/home/fbot/kobuki_base_ros2/install/ecl_formatters:/home/fbot/kobuki_base_ros2/install/ecl_utilities:/home/fbot/kobuki_base_ros2/install/ecl_converters:/home/fbot/kobuki_base_ros2/install/ecl_math:/home/fbot/kobuki_base_ros2/install/ecl_exceptions:/home/fbot/kobuki_base_ros2/install/ecl_concepts:/home/fbot/kobuki_base_ros2/install/ecl_type_traits:/home/fbot/kobuki_base_ros2/install/ecl_errors:/home/fbot/kobuki_base_ros2/install/ecl_mpl:/home/fbot/kobuki_base_ros2/install/ecl_eigen:/home/fbot/kobuki_base_ros2/install/ecl_config:/opt/ros/humble LD_LIBRARY_PATH=/home/fbot/kobuki_base_ros2/install/ecl_linear_algebra/lib:/home/fbot/kobuki_base_ros2/install/ecl_formatters/lib:/home/fbot/kobuki_base_ros2/install/ecl_exceptions/lib:/home/fbot/kobuki_base_ros2/install/ecl_type_traits/lib:/home/fbot/kobuki_base_ros2/install/ecl_errors/lib:${LD_LIBRARY_PATH} PATH=/home/fbot/kobuki_base_ros2/install/ecl_type_traits/bin:/home/fbot/kobuki_base_ros2/install/ecl_config/bin:${PATH} /usr/bin/cmake --build /home/fbot/kobuki_base_ros2/build/ecl_geometry -- -j12 -l12
[0.055s] [35m[1mConsolidate compiler generated dependencies of target gtest_main[0m
[0.055s] [35m[1mConsolidate compiler generated dependencies of target gtest[0m
[0.057s] [35m[1mConsolidate compiler generated dependencies of target ecl_geometry[0m
[0.063s] [  4%] Built target gtest_main
[0.063s] [  9%] Built target gtest
[0.080s] [ 40%] Built target ecl_geometry
[0.094s] [35m[1mConsolidate compiler generated dependencies of target ecl_test_angles[0m
[0.094s] [35m[1mConsolidate compiler generated dependencies of target ecl_test_cubic_splines[0m
[0.094s] [35m[1mConsolidate compiler generated dependencies of target ecl_test_legacy_pose3d[0m
[0.094s] [35m[1mConsolidate compiler generated dependencies of target ecl_test_legacy_pose2d[0m
[0.094s] [35m[1mConsolidate compiler generated dependencies of target ecl_test_linear_segment[0m
[0.098s] [35m[1mConsolidate compiler generated dependencies of target ecl_test_polynomials[0m
[0.098s] [35m[1mConsolidate compiler generated dependencies of target ecl_test_homogeneous_points[0m
[0.098s] [35m[1mConsolidate compiler generated dependencies of target ecl_test_cartesian_points[0m
[0.099s] [35m[1mConsolidate compiler generated dependencies of target ecl_test_tension_splines[0m
[0.101s] [35m[1mConsolidate compiler generated dependencies of target ecl_test_smooth_linear_splines[0m
[0.101s] [35m[1mConsolidate compiler generated dependencies of target ecl_test_pose2d[0m
[0.105s] [35m[1mConsolidate compiler generated dependencies of target ecl_test_tension_function[0m
[0.117s] [ 50%] Built target ecl_test_cubic_splines
[0.117s] [ 50%] Built target ecl_test_angles
[0.119s] [ 54%] Built target ecl_test_legacy_pose2d
[0.120s] [ 59%] Built target ecl_test_legacy_pose3d
[0.120s] [ 63%] Built target ecl_test_tension_splines
[0.122s] [ 68%] Built target ecl_test_linear_segment
[0.123s] [ 72%] Built target ecl_test_cartesian_points
[0.123s] [ 77%] Built target ecl_test_polynomials
[0.123s] [ 81%] Built target ecl_test_homogeneous_points
[0.123s] [ 86%] Built target ecl_test_smooth_linear_splines
[0.123s] [ 90%] Built target ecl_test_tension_function
[0.123s] [35m[1mConsolidate compiler generated dependencies of target ecl_test_odometry_helper[0m
[0.125s] [ 95%] Built target ecl_test_pose2d
[0.135s] [100%] Built target ecl_test_odometry_helper
[0.155s] Invoked command in '/home/fbot/kobuki_base_ros2/build/ecl_geometry' returned '0': AMENT_PREFIX_PATH=/home/fbot/kobuki_base_ros2/install/ecl_linear_algebra:/home/fbot/kobuki_base_ros2/install/ecl_containers:/home/fbot/kobuki_base_ros2/install/ecl_formatters:/home/fbot/kobuki_base_ros2/install/ecl_utilities:/home/fbot/kobuki_base_ros2/install/ecl_converters:/home/fbot/kobuki_base_ros2/install/ecl_math:/home/fbot/kobuki_base_ros2/install/ecl_exceptions:/home/fbot/kobuki_base_ros2/install/ecl_concepts:/home/fbot/kobuki_base_ros2/install/ecl_type_traits:/home/fbot/kobuki_base_ros2/install/ecl_errors:/home/fbot/kobuki_base_ros2/install/ecl_mpl:/home/fbot/kobuki_base_ros2/install/ecl_eigen:/home/fbot/kobuki_base_ros2/install/ecl_config:${AMENT_PREFIX_PATH} CMAKE_PREFIX_PATH=/home/fbot/kobuki_base_ros2/install/ecl_linear_algebra:/home/fbot/kobuki_base_ros2/install/ecl_containers:/home/fbot/kobuki_base_ros2/install/ecl_formatters:/home/fbot/kobuki_base_ros2/install/ecl_utilities:/home/fbot/kobuki_base_ros2/install/ecl_converters:/home/fbot/kobuki_base_ros2/install/ecl_math:/home/fbot/kobuki_base_ros2/install/ecl_exceptions:/home/fbot/kobuki_base_ros2/install/ecl_concepts:/home/fbot/kobuki_base_ros2/install/ecl_type_traits:/home/fbot/kobuki_base_ros2/install/ecl_errors:/home/fbot/kobuki_base_ros2/install/ecl_mpl:/home/fbot/kobuki_base_ros2/install/ecl_eigen:/home/fbot/kobuki_base_ros2/install/ecl_config:/opt/ros/humble LD_LIBRARY_PATH=/home/fbot/kobuki_base_ros2/install/ecl_linear_algebra/lib:/home/fbot/kobuki_base_ros2/install/ecl_formatters/lib:/home/fbot/kobuki_base_ros2/install/ecl_exceptions/lib:/home/fbot/kobuki_base_ros2/install/ecl_type_traits/lib:/home/fbot/kobuki_base_ros2/install/ecl_errors/lib:${LD_LIBRARY_PATH} PATH=/home/fbot/kobuki_base_ros2/install/ecl_type_traits/bin:/home/fbot/kobuki_base_ros2/install/ecl_config/bin:${PATH} /usr/bin/cmake --build /home/fbot/kobuki_base_ros2/build/ecl_geometry -- -j12 -l12
[0.156s] Invoking command in '/home/fbot/kobuki_base_ros2/build/ecl_geometry': AMENT_PREFIX_PATH=/home/fbot/kobuki_base_ros2/install/ecl_linear_algebra:/home/fbot/kobuki_base_ros2/install/ecl_containers:/home/fbot/kobuki_base_ros2/install/ecl_formatters:/home/fbot/kobuki_base_ros2/install/ecl_utilities:/home/fbot/kobuki_base_ros2/install/ecl_converters:/home/fbot/kobuki_base_ros2/install/ecl_math:/home/fbot/kobuki_base_ros2/install/ecl_exceptions:/home/fbot/kobuki_base_ros2/install/ecl_concepts:/home/fbot/kobuki_base_ros2/install/ecl_type_traits:/home/fbot/kobuki_base_ros2/install/ecl_errors:/home/fbot/kobuki_base_ros2/install/ecl_mpl:/home/fbot/kobuki_base_ros2/install/ecl_eigen:/home/fbot/kobuki_base_ros2/install/ecl_config:${AMENT_PREFIX_PATH} CMAKE_PREFIX_PATH=/home/fbot/kobuki_base_ros2/install/ecl_linear_algebra:/home/fbot/kobuki_base_ros2/install/ecl_containers:/home/fbot/kobuki_base_ros2/install/ecl_formatters:/home/fbot/kobuki_base_ros2/install/ecl_utilities:/home/fbot/kobuki_base_ros2/install/ecl_converters:/home/fbot/kobuki_base_ros2/install/ecl_math:/home/fbot/kobuki_base_ros2/install/ecl_exceptions:/home/fbot/kobuki_base_ros2/install/ecl_concepts:/home/fbot/kobuki_base_ros2/install/ecl_type_traits:/home/fbot/kobuki_base_ros2/install/ecl_errors:/home/fbot/kobuki_base_ros2/install/ecl_mpl:/home/fbot/kobuki_base_ros2/install/ecl_eigen:/home/fbot/kobuki_base_ros2/install/ecl_config:/opt/ros/humble LD_LIBRARY_PATH=/home/fbot/kobuki_base_ros2/install/ecl_linear_algebra/lib:/home/fbot/kobuki_base_ros2/install/ecl_formatters/lib:/home/fbot/kobuki_base_ros2/install/ecl_exceptions/lib:/home/fbot/kobuki_base_ros2/install/ecl_type_traits/lib:/home/fbot/kobuki_base_ros2/install/ecl_errors/lib:${LD_LIBRARY_PATH} PATH=/home/fbot/kobuki_base_ros2/install/ecl_type_traits/bin:/home/fbot/kobuki_base_ros2/install/ecl_config/bin:${PATH} /usr/bin/cmake --install /home/fbot/kobuki_base_ros2/build/ecl_geometry
[0.163s] -- Install configuration: ""
[0.163s] -- Up-to-date: /home/fbot/kobuki_base_ros2/install/ecl_geometry/share/ecl_geometry/environment/library_path.sh
[0.163s] -- Up-to-date: /home/fbot/kobuki_base_ros2/install/ecl_geometry/share/ecl_geometry/environment/library_path.dsv
[0.163s] -- Up-to-date: /home/fbot/kobuki_base_ros2/install/ecl_geometry/share/ament_index/resource_index/package_run_dependencies/ecl_geometry
[0.163s] -- Up-to-date: /home/fbot/kobuki_base_ros2/install/ecl_geometry/share/ament_index/resource_index/parent_prefix_path/ecl_geometry
[0.163s] -- Up-to-date: /home/fbot/kobuki_base_ros2/install/ecl_geometry/share/ecl_geometry/environment/ament_prefix_path.sh
[0.163s] -- Up-to-date: /home/fbot/kobuki_base_ros2/install/ecl_geometry/share/ecl_geometry/environment/ament_prefix_path.dsv
[0.163s] -- Up-to-date: /home/fbot/kobuki_base_ros2/install/ecl_geometry/share/ecl_geometry/environment/path.sh
[0.163s] -- Up-to-date: /home/fbot/kobuki_base_ros2/install/ecl_geometry/share/ecl_geometry/environment/path.dsv
[0.163s] -- Up-to-date: /home/fbot/kobuki_base_ros2/install/ecl_geometry/share/ecl_geometry/local_setup.bash
[0.163s] -- Up-to-date: /home/fbot/kobuki_base_ros2/install/ecl_geometry/share/ecl_geometry/local_setup.sh
[0.163s] -- Up-to-date: /home/fbot/kobuki_base_ros2/install/ecl_geometry/share/ecl_geometry/local_setup.zsh
[0.163s] -- Up-to-date: /home/fbot/kobuki_base_ros2/install/ecl_geometry/share/ecl_geometry/local_setup.dsv
[0.163s] -- Installing: /home/fbot/kobuki_base_ros2/install/ecl_geometry/share/ecl_geometry/package.dsv
[0.163s] -- Up-to-date: /home/fbot/kobuki_base_ros2/install/ecl_geometry/share/ament_index/resource_index/packages/ecl_geometry
[0.163s] -- Up-to-date: /home/fbot/kobuki_base_ros2/install/ecl_geometry/share/ecl_geometry/cmake/ecl_geometryExport.cmake
[0.163s] -- Up-to-date: /home/fbot/kobuki_base_ros2/install/ecl_geometry/share/ecl_geometry/cmake/ecl_geometryExport-noconfig.cmake
[0.163s] -- Up-to-date: /home/fbot/kobuki_base_ros2/install/ecl_geometry/share/ecl_geometry/cmake/ament_cmake_export_targets-extras.cmake
[0.164s] -- Up-to-date: /home/fbot/kobuki_base_ros2/install/ecl_geometry/share/ecl_geometry/cmake/ament_cmake_export_include_directories-extras.cmake
[0.164s] -- Up-to-date: /home/fbot/kobuki_base_ros2/install/ecl_geometry/share/ecl_geometry/cmake/ament_cmake_export_libraries-extras.cmake
[0.164s] -- Up-to-date: /home/fbot/kobuki_base_ros2/install/ecl_geometry/share/ecl_geometry/cmake/ament_cmake_export_dependencies-extras.cmake
[0.164s] -- Up-to-date: /home/fbot/kobuki_base_ros2/install/ecl_geometry/share/ecl_geometry/cmake/ecl_geometryConfig.cmake
[0.164s] -- Up-to-date: /home/fbot/kobuki_base_ros2/install/ecl_geometry/share/ecl_geometry/cmake/ecl_geometryConfig-version.cmake
[0.164s] -- Up-to-date: /home/fbot/kobuki_base_ros2/install/ecl_geometry/share/ecl_geometry/package.xml
[0.164s] -- Up-to-date: /home/fbot/kobuki_base_ros2/install/ecl_geometry/include/ecl/geometry.hpp
[0.164s] -- Up-to-date: /home/fbot/kobuki_base_ros2/install/ecl_geometry/include/ecl/geometry/angle.hpp
[0.164s] -- Up-to-date: /home/fbot/kobuki_base_ros2/install/ecl_geometry/include/ecl/geometry/cartesian_point.hpp
[0.164s] -- Up-to-date: /home/fbot/kobuki_base_ros2/install/ecl_geometry/include/ecl/geometry/cubic_spline.hpp
[0.164s] -- Up-to-date: /home/fbot/kobuki_base_ros2/install/ecl_geometry/include/ecl/geometry/function_math.hpp
[0.164s] -- Up-to-date: /home/fbot/kobuki_base_ros2/install/ecl_geometry/include/ecl/geometry/homogeneous_point.hpp
[0.164s] -- Up-to-date: /home/fbot/kobuki_base_ros2/install/ecl_geometry/include/ecl/geometry/legacy_pose2d.hpp
[0.164s] -- Up-to-date: /home/fbot/kobuki_base_ros2/install/ecl_geometry/include/ecl/geometry/legacy_pose3d.hpp
[0.164s] -- Up-to-date: /home/fbot/kobuki_base_ros2/install/ecl_geometry/include/ecl/geometry/linear_segment.hpp
[0.164s] -- Up-to-date: /home/fbot/kobuki_base_ros2/install/ecl_geometry/include/ecl/geometry/macros.hpp
[0.164s] -- Up-to-date: /home/fbot/kobuki_base_ros2/install/ecl_geometry/include/ecl/geometry/odometry.hpp
[0.164s] -- Up-to-date: /home/fbot/kobuki_base_ros2/install/ecl_geometry/include/ecl/geometry/odometry_helper.hpp
[0.164s] -- Up-to-date: /home/fbot/kobuki_base_ros2/install/ecl_geometry/include/ecl/geometry/odometry_typedefs.hpp
[0.165s] -- Up-to-date: /home/fbot/kobuki_base_ros2/install/ecl_geometry/include/ecl/geometry/pascals_triangle.hpp
[0.165s] -- Up-to-date: /home/fbot/kobuki_base_ros2/install/ecl_geometry/include/ecl/geometry/polynomial.hpp
[0.165s] -- Up-to-date: /home/fbot/kobuki_base_ros2/install/ecl_geometry/include/ecl/geometry/pose2d.hpp
[0.165s] -- Up-to-date: /home/fbot/kobuki_base_ros2/install/ecl_geometry/include/ecl/geometry/smooth_linear_spline.hpp
[0.165s] -- Up-to-date: /home/fbot/kobuki_base_ros2/install/ecl_geometry/include/ecl/geometry/spline_function.hpp
[0.165s] -- Up-to-date: /home/fbot/kobuki_base_ros2/install/ecl_geometry/include/ecl/geometry/tension_function.hpp
[0.165s] -- Up-to-date: /home/fbot/kobuki_base_ros2/install/ecl_geometry/include/ecl/geometry/tension_spline.hpp
[0.165s] -- Up-to-date: /home/fbot/kobuki_base_ros2/install/ecl_geometry/lib/libecl_geometry.so.1.2.1
[0.165s] -- Up-to-date: /home/fbot/kobuki_base_ros2/install/ecl_geometry/lib/libecl_geometry.so
[0.166s] Invoked command in '/home/fbot/kobuki_base_ros2/build/ecl_geometry' returned '0': AMENT_PREFIX_PATH=/home/fbot/kobuki_base_ros2/install/ecl_linear_algebra:/home/fbot/kobuki_base_ros2/install/ecl_containers:/home/fbot/kobuki_base_ros2/install/ecl_formatters:/home/fbot/kobuki_base_ros2/install/ecl_utilities:/home/fbot/kobuki_base_ros2/install/ecl_converters:/home/fbot/kobuki_base_ros2/install/ecl_math:/home/fbot/kobuki_base_ros2/install/ecl_exceptions:/home/fbot/kobuki_base_ros2/install/ecl_concepts:/home/fbot/kobuki_base_ros2/install/ecl_type_traits:/home/fbot/kobuki_base_ros2/install/ecl_errors:/home/fbot/kobuki_base_ros2/install/ecl_mpl:/home/fbot/kobuki_base_ros2/install/ecl_eigen:/home/fbot/kobuki_base_ros2/install/ecl_config:${AMENT_PREFIX_PATH} CMAKE_PREFIX_PATH=/home/fbot/kobuki_base_ros2/install/ecl_linear_algebra:/home/fbot/kobuki_base_ros2/install/ecl_containers:/home/fbot/kobuki_base_ros2/install/ecl_formatters:/home/fbot/kobuki_base_ros2/install/ecl_utilities:/home/fbot/kobuki_base_ros2/install/ecl_converters:/home/fbot/kobuki_base_ros2/install/ecl_math:/home/fbot/kobuki_base_ros2/install/ecl_exceptions:/home/fbot/kobuki_base_ros2/install/ecl_concepts:/home/fbot/kobuki_base_ros2/install/ecl_type_traits:/home/fbot/kobuki_base_ros2/install/ecl_errors:/home/fbot/kobuki_base_ros2/install/ecl_mpl:/home/fbot/kobuki_base_ros2/install/ecl_eigen:/home/fbot/kobuki_base_ros2/install/ecl_config:/opt/ros/humble LD_LIBRARY_PATH=/home/fbot/kobuki_base_ros2/install/ecl_linear_algebra/lib:/home/fbot/kobuki_base_ros2/install/ecl_formatters/lib:/home/fbot/kobuki_base_ros2/install/ecl_exceptions/lib:/home/fbot/kobuki_base_ros2/install/ecl_type_traits/lib:/home/fbot/kobuki_base_ros2/install/ecl_errors/lib:${LD_LIBRARY_PATH} PATH=/home/fbot/kobuki_base_ros2/install/ecl_type_traits/bin:/home/fbot/kobuki_base_ros2/install/ecl_config/bin:${PATH} /usr/bin/cmake --install /home/fbot/kobuki_base_ros2/build/ecl_geometry
