[0.027s] Invoking command in '/home/fbot/kobuki_base_ros2/build/kobuki_bumper2pc': AMENT_PREFIX_PATH=/home/fbot/kobuki_base_ros2/install/kobuki_ros_interfaces:${AMENT_PREFIX_PATH} CMAKE_PREFIX_PATH=/home/fbot/kobuki_base_ros2/install/kobuki_ros_interfaces:/opt/ros/humble LD_LIBRARY_PATH=/home/fbot/kobuki_base_ros2/install/kobuki_ros_interfaces/lib:${LD_LIBRARY_PATH} PYTHONPATH=/home/fbot/kobuki_base_ros2/install/kobuki_ros_interfaces/local/lib/python3.10/dist-packages:${PYTHONPATH} /usr/bin/cmake --build /home/fbot/kobuki_base_ros2/build/kobuki_bumper2pc -- -j12 -l12
[0.060s] [35m[1mConsolidate compiler generated dependencies of target kobuki_bumper2pc_node[0m
[0.060s] [35m[1mConsolidate compiler generated dependencies of target kobuki_bumper2pc[0m
[0.080s] [ 50%] Built target kobuki_bumper2pc_node
[0.080s] [100%] Built target kobuki_bumper2pc
[0.146s] Invoked command in '/home/fbot/kobuki_base_ros2/build/kobuki_bumper2pc' returned '0': AMENT_PREFIX_PATH=/home/fbot/kobuki_base_ros2/install/kobuki_ros_interfaces:${AMENT_PREFIX_PATH} CMAKE_PREFIX_PATH=/home/fbot/kobuki_base_ros2/install/kobuki_ros_interfaces:/opt/ros/humble LD_LIBRARY_PATH=/home/fbot/kobuki_base_ros2/install/kobuki_ros_interfaces/lib:${LD_LIBRARY_PATH} PYTHONPATH=/home/fbot/kobuki_base_ros2/install/kobuki_ros_interfaces/local/lib/python3.10/dist-packages:${PYTHONPATH} /usr/bin/cmake --build /home/fbot/kobuki_base_ros2/build/kobuki_bumper2pc -- -j12 -l12
[0.147s] Invoking command in '/home/fbot/kobuki_base_ros2/build/kobuki_bumper2pc': AMENT_PREFIX_PATH=/home/fbot/kobuki_base_ros2/install/kobuki_ros_interfaces:${AMENT_PREFIX_PATH} CMAKE_PREFIX_PATH=/home/fbot/kobuki_base_ros2/install/kobuki_ros_interfaces:/opt/ros/humble LD_LIBRARY_PATH=/home/fbot/kobuki_base_ros2/install/kobuki_ros_interfaces/lib:${LD_LIBRARY_PATH} PYTHONPATH=/home/fbot/kobuki_base_ros2/install/kobuki_ros_interfaces/local/lib/python3.10/dist-packages:${PYTHONPATH} /usr/bin/cmake --install /home/fbot/kobuki_base_ros2/build/kobuki_bumper2pc
[0.162s] -- Install configuration: ""
[0.162s] -- Up-to-date: /home/fbot/kobuki_base_ros2/install/kobuki_bumper2pc/lib/kobuki_bumper2pc/kobuki_bumper2pc_node
[0.162s] -- Up-to-date: /home/fbot/kobuki_base_ros2/install/kobuki_bumper2pc/lib/libkobuki_bumper2pc.so
[0.162s] -- Up-to-date: /home/fbot/kobuki_base_ros2/install/kobuki_bumper2pc/include/kobuki_bumper2pc
[0.162s] -- Up-to-date: /home/fbot/kobuki_base_ros2/install/kobuki_bumper2pc/include/kobuki_bumper2pc/kobuki_bumper2pc.hpp
[0.162s] -- Up-to-date: /home/fbot/kobuki_base_ros2/install/kobuki_bumper2pc/share/kobuki_bumper2pc/launch
[0.163s] -- Up-to-date: /home/fbot/kobuki_base_ros2/install/kobuki_bumper2pc/share/kobuki_bumper2pc/launch/kobuki_bumper2pc-launch.py
[0.163s] -- Up-to-date: /home/fbot/kobuki_base_ros2/install/kobuki_bumper2pc/share/ament_index/resource_index/package_run_dependencies/kobuki_bumper2pc
[0.163s] -- Up-to-date: /home/fbot/kobuki_base_ros2/install/kobuki_bumper2pc/share/ament_index/resource_index/parent_prefix_path/kobuki_bumper2pc
[0.164s] -- Up-to-date: /home/fbot/kobuki_base_ros2/install/kobuki_bumper2pc/share/kobuki_bumper2pc/environment/ament_prefix_path.sh
[0.164s] -- Up-to-date: /home/fbot/kobuki_base_ros2/install/kobuki_bumper2pc/share/kobuki_bumper2pc/environment/ament_prefix_path.dsv
[0.165s] -- Up-to-date: /home/fbot/kobuki_base_ros2/install/kobuki_bumper2pc/share/kobuki_bumper2pc/environment/path.sh
[0.165s] -- Up-to-date: /home/fbot/kobuki_base_ros2/install/kobuki_bumper2pc/share/kobuki_bumper2pc/environment/path.dsv
[0.165s] -- Up-to-date: /home/fbot/kobuki_base_ros2/install/kobuki_bumper2pc/share/kobuki_bumper2pc/local_setup.bash
[0.165s] -- Up-to-date: /home/fbot/kobuki_base_ros2/install/kobuki_bumper2pc/share/kobuki_bumper2pc/local_setup.sh
[0.166s] -- Up-to-date: /home/fbot/kobuki_base_ros2/install/kobuki_bumper2pc/share/kobuki_bumper2pc/local_setup.zsh
[0.166s] -- Up-to-date: /home/fbot/kobuki_base_ros2/install/kobuki_bumper2pc/share/kobuki_bumper2pc/local_setup.dsv
[0.166s] -- Installing: /home/fbot/kobuki_base_ros2/install/kobuki_bumper2pc/share/kobuki_bumper2pc/package.dsv
[0.166s] -- Up-to-date: /home/fbot/kobuki_base_ros2/install/kobuki_bumper2pc/share/ament_index/resource_index/packages/kobuki_bumper2pc
[0.166s] -- Up-to-date: /home/fbot/kobuki_base_ros2/install/kobuki_bumper2pc/share/ament_index/resource_index/rclcpp_components/kobuki_bumper2pc
[0.166s] -- Up-to-date: /home/fbot/kobuki_base_ros2/install/kobuki_bumper2pc/share/kobuki_bumper2pc/cmake/kobuki_bumper2pcConfig.cmake
[0.166s] -- Up-to-date: /home/fbot/kobuki_base_ros2/install/kobuki_bumper2pc/share/kobuki_bumper2pc/cmake/kobuki_bumper2pcConfig-version.cmake
[0.166s] -- Up-to-date: /home/fbot/kobuki_base_ros2/install/kobuki_bumper2pc/share/kobuki_bumper2pc/package.xml
[0.190s] Invoked command in '/home/fbot/kobuki_base_ros2/build/kobuki_bumper2pc' returned '0': AMENT_PREFIX_PATH=/home/fbot/kobuki_base_ros2/install/kobuki_ros_interfaces:${AMENT_PREFIX_PATH} CMAKE_PREFIX_PATH=/home/fbot/kobuki_base_ros2/install/kobuki_ros_interfaces:/opt/ros/humble LD_LIBRARY_PATH=/home/fbot/kobuki_base_ros2/install/kobuki_ros_interfaces/lib:${LD_LIBRARY_PATH} PYTHONPATH=/home/fbot/kobuki_base_ros2/install/kobuki_ros_interfaces/local/lib/python3.10/dist-packages:${PYTHONPATH} /usr/bin/cmake --install /home/fbot/kobuki_base_ros2/build/kobuki_bumper2pc
