[0.047s] Invoking command in '/home/fbot/kobuki_base_ros2/build/ecl_devices': AMENT_PREFIX_PATH=/home/fbot/kobuki_base_ros2/install/ecl_containers:/home/fbot/kobuki_base_ros2/install/ecl_threads:/home/fbot/kobuki_base_ros2/install/ecl_formatters:/home/fbot/kobuki_base_ros2/install/ecl_utilities:/home/fbot/kobuki_base_ros2/install/ecl_time:/home/fbot/kobuki_base_ros2/install/ecl_converters:/home/fbot/kobuki_base_ros2/install/ecl_time_lite:/home/fbot/kobuki_base_ros2/install/ecl_exceptions:/home/fbot/kobuki_base_ros2/install/ecl_concepts:/home/fbot/kobuki_base_ros2/install/ecl_type_traits:/home/fbot/kobuki_base_ros2/install/ecl_errors:/home/fbot/kobuki_base_ros2/install/ecl_mpl:/home/fbot/kobuki_base_ros2/install/ecl_config:${AMENT_PREFIX_PATH} CMAKE_PREFIX_PATH=/home/fbot/kobuki_base_ros2/install/ecl_containers:/home/fbot/kobuki_base_ros2/install/ecl_threads:/home/fbot/kobuki_base_ros2/install/ecl_formatters:/home/fbot/kobuki_base_ros2/install/ecl_utilities:/home/fbot/kobuki_base_ros2/install/ecl_time:/home/fbot/kobuki_base_ros2/install/ecl_converters:/home/fbot/kobuki_base_ros2/install/ecl_time_lite:/home/fbot/kobuki_base_ros2/install/ecl_exceptions:/home/fbot/kobuki_base_ros2/install/ecl_concepts:/home/fbot/kobuki_base_ros2/install/ecl_type_traits:/home/fbot/kobuki_base_ros2/install/ecl_errors:/home/fbot/kobuki_base_ros2/install/ecl_mpl:/home/fbot/kobuki_base_ros2/install/ecl_config:/opt/ros/humble LD_LIBRARY_PATH=/home/fbot/kobuki_base_ros2/install/ecl_threads/lib:/home/fbot/kobuki_base_ros2/install/ecl_formatters/lib:/home/fbot/kobuki_base_ros2/install/ecl_time/lib:/home/fbot/kobuki_base_ros2/install/ecl_time_lite/lib:/home/fbot/kobuki_base_ros2/install/ecl_exceptions/lib:/home/fbot/kobuki_base_ros2/install/ecl_type_traits/lib:/home/fbot/kobuki_base_ros2/install/ecl_errors/lib:${LD_LIBRARY_PATH} PATH=/home/fbot/kobuki_base_ros2/install/ecl_type_traits/bin:/home/fbot/kobuki_base_ros2/install/ecl_config/bin:${PATH} /usr/bin/cmake /home/fbot/kobuki_base_ros2/src/ecl_core/ecl_devices -DCMAKE_INSTALL_PREFIX=/home/fbot/kobuki_base_ros2/install/ecl_devices
[0.120s] -- The C compiler identification is GNU 11.4.0
[0.193s] -- The CXX compiler identification is GNU 11.4.0
[0.203s] -- Detecting C compiler ABI info
[0.284s] -- Detecting C compiler ABI info - done
[0.294s] -- Check for working C compiler: /usr/bin/cc - skipped
[0.295s] -- Detecting C compile features
[0.295s] -- Detecting C compile features - done
[0.299s] -- Detecting CXX compiler ABI info
[0.391s] -- Detecting CXX compiler ABI info - done
[0.403s] -- Check for working CXX compiler: /usr/bin/c++ - skipped
[0.403s] -- Detecting CXX compile features
[0.404s] -- Detecting CXX compile features - done
[0.407s] -- Found ament_cmake_ros: 0.10.0 (/opt/ros/humble/share/ament_cmake_ros/cmake)
[0.572s] -- Found Python3: /usr/bin/python3 (found version "3.10.12") found components: Interpreter 
[0.668s] -- Found ecl_build: 1.0.3 (/opt/ros/humble/share/ecl_build/cmake)
[0.673s] -- Found ecl_config: 1.2.0 (/home/fbot/kobuki_base_ros2/install/ecl_config/share/ecl_config/cmake)
[0.675s] -- Found ecl_containers: 1.2.1 (/home/fbot/kobuki_base_ros2/install/ecl_containers/share/ecl_containers/cmake)
[0.699s] -- Found ecl_threads: 1.2.1 (/home/fbot/kobuki_base_ros2/install/ecl_threads/share/ecl_threads/cmake)
[0.700s] -- Looking for pthread.h
[0.769s] -- Looking for pthread.h - found
[0.769s] -- Performing Test CMAKE_HAVE_LIBC_PTHREAD
[0.837s] -- Performing Test CMAKE_HAVE_LIBC_PTHREAD - Success
[0.838s] [33mCMake Warning (dev) at /usr/share/cmake-3.22/Modules/FindPackageHandleStandardArgs.cmake:438 (message):
[0.838s]   The package name passed to `find_package_handle_standard_args` (Threads)
[0.838s]   does not match the name of the calling package (ecl_threads).  This can
[0.839s]   lead to problems in calling code that expects `find_package` result
[0.839s]   variables (e.g., `_FOUND`) to follow a certain pattern.
[0.839s] Call Stack (most recent call first):
[0.839s]   /usr/share/cmake-3.22/Modules/FindThreads.cmake:238 (FIND_PACKAGE_HANDLE_STANDARD_ARGS)
[0.839s]   /opt/ros/humble/share/ecl_build/cmake/ecl_platform_detection.cmake:225 (include)
[0.839s]   /home/fbot/kobuki_base_ros2/install/ecl_threads/share/ecl_threads/cmake/ecl_threads-extras.cmake:4 (ecl_detect_threads)
[0.839s]   /home/fbot/kobuki_base_ros2/install/ecl_threads/share/ecl_threads/cmake/ecl_threadsConfig.cmake:41 (include)
[0.839s]   CMakeLists.txt:22 (find_package)
[0.839s] This warning is for project developers.  Use -Wno-dev to suppress it.
[0.839s] [0m
[0.839s] -- Found Threads: TRUE  
[0.926s] -- Found ament_lint_auto: 0.12.15 (/opt/ros/humble/share/ament_lint_auto/cmake)
[0.961s] -- Found gtest sources under '/opt/ros/humble/src/gtest_vendor': C++ tests using 'Google Test' will be built
[0.978s] -- Configuring done
[1.004s] -- Generating done
[1.014s] -- Build files have been written to: /home/fbot/kobuki_base_ros2/build/ecl_devices
[1.023s] Invoked command in '/home/fbot/kobuki_base_ros2/build/ecl_devices' returned '0': AMENT_PREFIX_PATH=/home/fbot/kobuki_base_ros2/install/ecl_containers:/home/fbot/kobuki_base_ros2/install/ecl_threads:/home/fbot/kobuki_base_ros2/install/ecl_formatters:/home/fbot/kobuki_base_ros2/install/ecl_utilities:/home/fbot/kobuki_base_ros2/install/ecl_time:/home/fbot/kobuki_base_ros2/install/ecl_converters:/home/fbot/kobuki_base_ros2/install/ecl_time_lite:/home/fbot/kobuki_base_ros2/install/ecl_exceptions:/home/fbot/kobuki_base_ros2/install/ecl_concepts:/home/fbot/kobuki_base_ros2/install/ecl_type_traits:/home/fbot/kobuki_base_ros2/install/ecl_errors:/home/fbot/kobuki_base_ros2/install/ecl_mpl:/home/fbot/kobuki_base_ros2/install/ecl_config:${AMENT_PREFIX_PATH} CMAKE_PREFIX_PATH=/home/fbot/kobuki_base_ros2/install/ecl_containers:/home/fbot/kobuki_base_ros2/install/ecl_threads:/home/fbot/kobuki_base_ros2/install/ecl_formatters:/home/fbot/kobuki_base_ros2/install/ecl_utilities:/home/fbot/kobuki_base_ros2/install/ecl_time:/home/fbot/kobuki_base_ros2/install/ecl_converters:/home/fbot/kobuki_base_ros2/install/ecl_time_lite:/home/fbot/kobuki_base_ros2/install/ecl_exceptions:/home/fbot/kobuki_base_ros2/install/ecl_concepts:/home/fbot/kobuki_base_ros2/install/ecl_type_traits:/home/fbot/kobuki_base_ros2/install/ecl_errors:/home/fbot/kobuki_base_ros2/install/ecl_mpl:/home/fbot/kobuki_base_ros2/install/ecl_config:/opt/ros/humble LD_LIBRARY_PATH=/home/fbot/kobuki_base_ros2/install/ecl_threads/lib:/home/fbot/kobuki_base_ros2/install/ecl_formatters/lib:/home/fbot/kobuki_base_ros2/install/ecl_time/lib:/home/fbot/kobuki_base_ros2/install/ecl_time_lite/lib:/home/fbot/kobuki_base_ros2/install/ecl_exceptions/lib:/home/fbot/kobuki_base_ros2/install/ecl_type_traits/lib:/home/fbot/kobuki_base_ros2/install/ecl_errors/lib:${LD_LIBRARY_PATH} PATH=/home/fbot/kobuki_base_ros2/install/ecl_type_traits/bin:/home/fbot/kobuki_base_ros2/install/ecl_config/bin:${PATH} /usr/bin/cmake /home/fbot/kobuki_base_ros2/src/ecl_core/ecl_devices -DCMAKE_INSTALL_PREFIX=/home/fbot/kobuki_base_ros2/install/ecl_devices
[1.024s] Invoking command in '/home/fbot/kobuki_base_ros2/build/ecl_devices': AMENT_PREFIX_PATH=/home/fbot/kobuki_base_ros2/install/ecl_containers:/home/fbot/kobuki_base_ros2/install/ecl_threads:/home/fbot/kobuki_base_ros2/install/ecl_formatters:/home/fbot/kobuki_base_ros2/install/ecl_utilities:/home/fbot/kobuki_base_ros2/install/ecl_time:/home/fbot/kobuki_base_ros2/install/ecl_converters:/home/fbot/kobuki_base_ros2/install/ecl_time_lite:/home/fbot/kobuki_base_ros2/install/ecl_exceptions:/home/fbot/kobuki_base_ros2/install/ecl_concepts:/home/fbot/kobuki_base_ros2/install/ecl_type_traits:/home/fbot/kobuki_base_ros2/install/ecl_errors:/home/fbot/kobuki_base_ros2/install/ecl_mpl:/home/fbot/kobuki_base_ros2/install/ecl_config:${AMENT_PREFIX_PATH} CMAKE_PREFIX_PATH=/home/fbot/kobuki_base_ros2/install/ecl_containers:/home/fbot/kobuki_base_ros2/install/ecl_threads:/home/fbot/kobuki_base_ros2/install/ecl_formatters:/home/fbot/kobuki_base_ros2/install/ecl_utilities:/home/fbot/kobuki_base_ros2/install/ecl_time:/home/fbot/kobuki_base_ros2/install/ecl_converters:/home/fbot/kobuki_base_ros2/install/ecl_time_lite:/home/fbot/kobuki_base_ros2/install/ecl_exceptions:/home/fbot/kobuki_base_ros2/install/ecl_concepts:/home/fbot/kobuki_base_ros2/install/ecl_type_traits:/home/fbot/kobuki_base_ros2/install/ecl_errors:/home/fbot/kobuki_base_ros2/install/ecl_mpl:/home/fbot/kobuki_base_ros2/install/ecl_config:/opt/ros/humble LD_LIBRARY_PATH=/home/fbot/kobuki_base_ros2/install/ecl_threads/lib:/home/fbot/kobuki_base_ros2/install/ecl_formatters/lib:/home/fbot/kobuki_base_ros2/install/ecl_time/lib:/home/fbot/kobuki_base_ros2/install/ecl_time_lite/lib:/home/fbot/kobuki_base_ros2/install/ecl_exceptions/lib:/home/fbot/kobuki_base_ros2/install/ecl_type_traits/lib:/home/fbot/kobuki_base_ros2/install/ecl_errors/lib:${LD_LIBRARY_PATH} PATH=/home/fbot/kobuki_base_ros2/install/ecl_type_traits/bin:/home/fbot/kobuki_base_ros2/install/ecl_config/bin:${PATH} /usr/bin/cmake --build /home/fbot/kobuki_base_ros2/build/ecl_devices -- -j12 -l12
[1.077s] [  8%] [32mBuilding CXX object gtest/CMakeFiles/gtest.dir/src/gtest-all.cc.o[0m
[1.077s] [  8%] [32mBuilding CXX object src/lib/CMakeFiles/ecl_devices.dir/detail/character_buffer.cpp.o[0m
[1.077s] [ 12%] [32mBuilding CXX object gtest/CMakeFiles/gtest_main.dir/src/gtest_main.cc.o[0m
[1.085s] [ 16%] [32mBuilding CXX object src/lib/CMakeFiles/ecl_devices.dir/console.cpp.o[0m
[1.087s] [ 20%] [32mBuilding CXX object src/lib/CMakeFiles/ecl_devices.dir/detail/error_handler.cpp.o[0m
[1.091s] [ 25%] [32mBuilding CXX object src/lib/CMakeFiles/ecl_devices.dir/ofile_w32.cpp.o[0m
[1.099s] [ 29%] [32mBuilding CXX object src/lib/CMakeFiles/ecl_devices.dir/detail/socket_exception_handler_pos.cpp.o[0m
[1.099s] [ 33%] [32mBuilding CXX object src/lib/CMakeFiles/ecl_devices.dir/ofile_pos.cpp.o[0m
[1.101s] [ 41%] [32mBuilding CXX object src/lib/CMakeFiles/ecl_devices.dir/detail/exception_handler_pos.cpp.o[0m
[1.101s] [ 41%] [32mBuilding CXX object src/lib/CMakeFiles/ecl_devices.dir/serial_w32.cpp.o[0m
[1.105s] [ 45%] [32mBuilding CXX object src/lib/CMakeFiles/ecl_devices.dir/serial_pos.cpp.o[0m
[1.112s] [ 50%] [32mBuilding CXX object src/lib/CMakeFiles/ecl_devices.dir/shared_file.cpp.o[0m
[1.154s] [ 54%] [32mBuilding CXX object src/lib/CMakeFiles/ecl_devices.dir/socket_client_pos.cpp.o[0m
[1.161s] [ 58%] [32mBuilding CXX object src/lib/CMakeFiles/ecl_devices.dir/socket_server_pos.cpp.o[0m
[1.199s] [ 62%] [32mBuilding CXX object src/lib/CMakeFiles/ecl_devices.dir/string.cpp.o[0m
[1.980s] [ 66%] [32m[1mLinking CXX static library libgtest_main.a[0m
[1.986s] [ 70%] [32m[1mLinking CXX shared library libecl_devices.so[0m
[2.058s] [ 70%] Built target gtest_main
[2.141s] [ 70%] Built target ecl_devices
[2.169s] [ 75%] [32mBuilding CXX object src/examples/CMakeFiles/ecl_demo_serial_timeouts.dir/serial_timeouts.cpp.o[0m
[2.574s] [ 79%] [32m[1mLinking CXX executable demo_serial_timeouts[0m
[2.704s] [ 79%] Built target ecl_demo_serial_timeouts
[4.449s] [ 83%] [32m[1mLinking CXX static library libgtest.a[0m
[4.515s] [ 83%] Built target gtest
[4.531s] [ 91%] [32mBuilding CXX object src/test/CMakeFiles/ecl_test_files.dir/files.cpp.o[0m
[4.531s] [ 91%] [32mBuilding CXX object src/test/CMakeFiles/ecl_test_shared_files.dir/shared_files.cpp.o[0m
[5.115s] [ 95%] [32m[1mLinking CXX executable ecl_test_shared_files[0m
[5.241s] [100%] [32m[1mLinking CXX executable ecl_test_files[0m
[5.253s] [100%] Built target ecl_test_shared_files
[5.383s] [100%] Built target ecl_test_files
[5.395s] Invoked command in '/home/fbot/kobuki_base_ros2/build/ecl_devices' returned '0': AMENT_PREFIX_PATH=/home/fbot/kobuki_base_ros2/install/ecl_containers:/home/fbot/kobuki_base_ros2/install/ecl_threads:/home/fbot/kobuki_base_ros2/install/ecl_formatters:/home/fbot/kobuki_base_ros2/install/ecl_utilities:/home/fbot/kobuki_base_ros2/install/ecl_time:/home/fbot/kobuki_base_ros2/install/ecl_converters:/home/fbot/kobuki_base_ros2/install/ecl_time_lite:/home/fbot/kobuki_base_ros2/install/ecl_exceptions:/home/fbot/kobuki_base_ros2/install/ecl_concepts:/home/fbot/kobuki_base_ros2/install/ecl_type_traits:/home/fbot/kobuki_base_ros2/install/ecl_errors:/home/fbot/kobuki_base_ros2/install/ecl_mpl:/home/fbot/kobuki_base_ros2/install/ecl_config:${AMENT_PREFIX_PATH} CMAKE_PREFIX_PATH=/home/fbot/kobuki_base_ros2/install/ecl_containers:/home/fbot/kobuki_base_ros2/install/ecl_threads:/home/fbot/kobuki_base_ros2/install/ecl_formatters:/home/fbot/kobuki_base_ros2/install/ecl_utilities:/home/fbot/kobuki_base_ros2/install/ecl_time:/home/fbot/kobuki_base_ros2/install/ecl_converters:/home/fbot/kobuki_base_ros2/install/ecl_time_lite:/home/fbot/kobuki_base_ros2/install/ecl_exceptions:/home/fbot/kobuki_base_ros2/install/ecl_concepts:/home/fbot/kobuki_base_ros2/install/ecl_type_traits:/home/fbot/kobuki_base_ros2/install/ecl_errors:/home/fbot/kobuki_base_ros2/install/ecl_mpl:/home/fbot/kobuki_base_ros2/install/ecl_config:/opt/ros/humble LD_LIBRARY_PATH=/home/fbot/kobuki_base_ros2/install/ecl_threads/lib:/home/fbot/kobuki_base_ros2/install/ecl_formatters/lib:/home/fbot/kobuki_base_ros2/install/ecl_time/lib:/home/fbot/kobuki_base_ros2/install/ecl_time_lite/lib:/home/fbot/kobuki_base_ros2/install/ecl_exceptions/lib:/home/fbot/kobuki_base_ros2/install/ecl_type_traits/lib:/home/fbot/kobuki_base_ros2/install/ecl_errors/lib:${LD_LIBRARY_PATH} PATH=/home/fbot/kobuki_base_ros2/install/ecl_type_traits/bin:/home/fbot/kobuki_base_ros2/install/ecl_config/bin:${PATH} /usr/bin/cmake --build /home/fbot/kobuki_base_ros2/build/ecl_devices -- -j12 -l12
[5.395s] Invoking command in '/home/fbot/kobuki_base_ros2/build/ecl_devices': AMENT_PREFIX_PATH=/home/fbot/kobuki_base_ros2/install/ecl_containers:/home/fbot/kobuki_base_ros2/install/ecl_threads:/home/fbot/kobuki_base_ros2/install/ecl_formatters:/home/fbot/kobuki_base_ros2/install/ecl_utilities:/home/fbot/kobuki_base_ros2/install/ecl_time:/home/fbot/kobuki_base_ros2/install/ecl_converters:/home/fbot/kobuki_base_ros2/install/ecl_time_lite:/home/fbot/kobuki_base_ros2/install/ecl_exceptions:/home/fbot/kobuki_base_ros2/install/ecl_concepts:/home/fbot/kobuki_base_ros2/install/ecl_type_traits:/home/fbot/kobuki_base_ros2/install/ecl_errors:/home/fbot/kobuki_base_ros2/install/ecl_mpl:/home/fbot/kobuki_base_ros2/install/ecl_config:${AMENT_PREFIX_PATH} CMAKE_PREFIX_PATH=/home/fbot/kobuki_base_ros2/install/ecl_containers:/home/fbot/kobuki_base_ros2/install/ecl_threads:/home/fbot/kobuki_base_ros2/install/ecl_formatters:/home/fbot/kobuki_base_ros2/install/ecl_utilities:/home/fbot/kobuki_base_ros2/install/ecl_time:/home/fbot/kobuki_base_ros2/install/ecl_converters:/home/fbot/kobuki_base_ros2/install/ecl_time_lite:/home/fbot/kobuki_base_ros2/install/ecl_exceptions:/home/fbot/kobuki_base_ros2/install/ecl_concepts:/home/fbot/kobuki_base_ros2/install/ecl_type_traits:/home/fbot/kobuki_base_ros2/install/ecl_errors:/home/fbot/kobuki_base_ros2/install/ecl_mpl:/home/fbot/kobuki_base_ros2/install/ecl_config:/opt/ros/humble LD_LIBRARY_PATH=/home/fbot/kobuki_base_ros2/install/ecl_threads/lib:/home/fbot/kobuki_base_ros2/install/ecl_formatters/lib:/home/fbot/kobuki_base_ros2/install/ecl_time/lib:/home/fbot/kobuki_base_ros2/install/ecl_time_lite/lib:/home/fbot/kobuki_base_ros2/install/ecl_exceptions/lib:/home/fbot/kobuki_base_ros2/install/ecl_type_traits/lib:/home/fbot/kobuki_base_ros2/install/ecl_errors/lib:${LD_LIBRARY_PATH} PATH=/home/fbot/kobuki_base_ros2/install/ecl_type_traits/bin:/home/fbot/kobuki_base_ros2/install/ecl_config/bin:${PATH} /usr/bin/cmake --install /home/fbot/kobuki_base_ros2/build/ecl_devices
[5.404s] -- Install configuration: ""
[5.404s] -- Installing: /home/fbot/kobuki_base_ros2/install/ecl_devices/share/ecl_devices/environment/library_path.sh
[5.404s] -- Installing: /home/fbot/kobuki_base_ros2/install/ecl_devices/share/ecl_devices/environment/library_path.dsv
[5.404s] -- Installing: /home/fbot/kobuki_base_ros2/install/ecl_devices/share/ament_index/resource_index/package_run_dependencies/ecl_devices
[5.404s] -- Installing: /home/fbot/kobuki_base_ros2/install/ecl_devices/share/ament_index/resource_index/parent_prefix_path/ecl_devices
[5.404s] -- Installing: /home/fbot/kobuki_base_ros2/install/ecl_devices/share/ecl_devices/environment/ament_prefix_path.sh
[5.405s] -- Installing: /home/fbot/kobuki_base_ros2/install/ecl_devices/share/ecl_devices/environment/ament_prefix_path.dsv
[5.405s] -- Installing: /home/fbot/kobuki_base_ros2/install/ecl_devices/share/ecl_devices/environment/path.sh
[5.405s] -- Installing: /home/fbot/kobuki_base_ros2/install/ecl_devices/share/ecl_devices/environment/path.dsv
[5.405s] -- Installing: /home/fbot/kobuki_base_ros2/install/ecl_devices/share/ecl_devices/local_setup.bash
[5.405s] -- Installing: /home/fbot/kobuki_base_ros2/install/ecl_devices/share/ecl_devices/local_setup.sh
[5.405s] -- Installing: /home/fbot/kobuki_base_ros2/install/ecl_devices/share/ecl_devices/local_setup.zsh
[5.406s] -- Installing: /home/fbot/kobuki_base_ros2/install/ecl_devices/share/ecl_devices/local_setup.dsv
[5.406s] -- Installing: /home/fbot/kobuki_base_ros2/install/ecl_devices/share/ecl_devices/package.dsv
[5.406s] -- Installing: /home/fbot/kobuki_base_ros2/install/ecl_devices/share/ament_index/resource_index/packages/ecl_devices
[5.406s] -- Installing: /home/fbot/kobuki_base_ros2/install/ecl_devices/share/ecl_devices/cmake/ecl_devicesExport.cmake
[5.406s] -- Installing: /home/fbot/kobuki_base_ros2/install/ecl_devices/share/ecl_devices/cmake/ecl_devicesExport-noconfig.cmake
[5.406s] -- Installing: /home/fbot/kobuki_base_ros2/install/ecl_devices/share/ecl_devices/cmake/ament_cmake_export_targets-extras.cmake
[5.406s] -- Installing: /home/fbot/kobuki_base_ros2/install/ecl_devices/share/ecl_devices/cmake/ament_cmake_export_include_directories-extras.cmake
[5.407s] -- Installing: /home/fbot/kobuki_base_ros2/install/ecl_devices/share/ecl_devices/cmake/ament_cmake_export_libraries-extras.cmake
[5.407s] -- Installing: /home/fbot/kobuki_base_ros2/install/ecl_devices/share/ecl_devices/cmake/ament_cmake_export_dependencies-extras.cmake
[5.407s] -- Installing: /home/fbot/kobuki_base_ros2/install/ecl_devices/share/ecl_devices/cmake/ecl_devicesConfig.cmake
[5.407s] -- Installing: /home/fbot/kobuki_base_ros2/install/ecl_devices/share/ecl_devices/cmake/ecl_devicesConfig-version.cmake
[5.407s] -- Installing: /home/fbot/kobuki_base_ros2/install/ecl_devices/share/ecl_devices/package.xml
[5.407s] -- Installing: /home/fbot/kobuki_base_ros2/install/ecl_devices/include/ecl/devices.hpp
[5.408s] -- Installing: /home/fbot/kobuki_base_ros2/install/ecl_devices/include/ecl/devices/console.hpp
[5.408s] -- Installing: /home/fbot/kobuki_base_ros2/install/ecl_devices/include/ecl/devices/macros.hpp
[5.408s] -- Installing: /home/fbot/kobuki_base_ros2/install/ecl_devices/include/ecl/devices/modes.hpp
[5.408s] -- Installing: /home/fbot/kobuki_base_ros2/install/ecl_devices/include/ecl/devices/ofile.hpp
[5.408s] -- Installing: /home/fbot/kobuki_base_ros2/install/ecl_devices/include/ecl/devices/ofile_pos.hpp
[5.408s] -- Installing: /home/fbot/kobuki_base_ros2/install/ecl_devices/include/ecl/devices/ofile_w32.hpp
[5.408s] -- Installing: /home/fbot/kobuki_base_ros2/install/ecl_devices/include/ecl/devices/serial.hpp
[5.408s] -- Installing: /home/fbot/kobuki_base_ros2/install/ecl_devices/include/ecl/devices/serial_parameters.hpp
[5.408s] -- Installing: /home/fbot/kobuki_base_ros2/install/ecl_devices/include/ecl/devices/serial_pos.hpp
[5.408s] -- Installing: /home/fbot/kobuki_base_ros2/install/ecl_devices/include/ecl/devices/serial_w32.hpp
[5.409s] -- Installing: /home/fbot/kobuki_base_ros2/install/ecl_devices/include/ecl/devices/shared_file.hpp
[5.409s] -- Installing: /home/fbot/kobuki_base_ros2/install/ecl_devices/include/ecl/devices/socket.hpp
[5.409s] -- Installing: /home/fbot/kobuki_base_ros2/install/ecl_devices/include/ecl/devices/socket_client_pos.hpp
[5.409s] -- Installing: /home/fbot/kobuki_base_ros2/install/ecl_devices/include/ecl/devices/socket_connection_status.hpp
[5.409s] -- Installing: /home/fbot/kobuki_base_ros2/install/ecl_devices/include/ecl/devices/socket_server_pos.hpp
[5.409s] -- Installing: /home/fbot/kobuki_base_ros2/install/ecl_devices/include/ecl/devices/string.hpp
[5.409s] -- Installing: /home/fbot/kobuki_base_ros2/install/ecl_devices/include/ecl/devices/traits.hpp
[5.409s] -- Installing: /home/fbot/kobuki_base_ros2/install/ecl_devices/include/ecl/devices/detail/character_buffer.hpp
[5.409s] -- Installing: /home/fbot/kobuki_base_ros2/install/ecl_devices/include/ecl/devices/detail/error_handler.hpp
[5.409s] -- Installing: /home/fbot/kobuki_base_ros2/install/ecl_devices/include/ecl/devices/detail/exception_handler_pos.hpp
[5.409s] -- Installing: /home/fbot/kobuki_base_ros2/install/ecl_devices/include/ecl/devices/detail/socket_error_handler_pos.hpp
[5.410s] -- Installing: /home/fbot/kobuki_base_ros2/install/ecl_devices/include/ecl/devices/detail/socket_exception_handler_pos.hpp
[5.410s] -- Installing: /home/fbot/kobuki_base_ros2/install/ecl_devices/lib/libecl_devices.so.1.2.1
[5.410s] -- Set runtime path of "/home/fbot/kobuki_base_ros2/install/ecl_devices/lib/libecl_devices.so.1.2.1" to ""
[5.410s] -- Installing: /home/fbot/kobuki_base_ros2/install/ecl_devices/lib/libecl_devices.so
[5.411s] -- Installing: /home/fbot/kobuki_base_ros2/install/ecl_devices/lib/ecl_devices/demo_serial_timeouts
[5.411s] -- Set runtime path of "/home/fbot/kobuki_base_ros2/install/ecl_devices/lib/ecl_devices/demo_serial_timeouts" to ""
[5.413s] Invoked command in '/home/fbot/kobuki_base_ros2/build/ecl_devices' returned '0': AMENT_PREFIX_PATH=/home/fbot/kobuki_base_ros2/install/ecl_containers:/home/fbot/kobuki_base_ros2/install/ecl_threads:/home/fbot/kobuki_base_ros2/install/ecl_formatters:/home/fbot/kobuki_base_ros2/install/ecl_utilities:/home/fbot/kobuki_base_ros2/install/ecl_time:/home/fbot/kobuki_base_ros2/install/ecl_converters:/home/fbot/kobuki_base_ros2/install/ecl_time_lite:/home/fbot/kobuki_base_ros2/install/ecl_exceptions:/home/fbot/kobuki_base_ros2/install/ecl_concepts:/home/fbot/kobuki_base_ros2/install/ecl_type_traits:/home/fbot/kobuki_base_ros2/install/ecl_errors:/home/fbot/kobuki_base_ros2/install/ecl_mpl:/home/fbot/kobuki_base_ros2/install/ecl_config:${AMENT_PREFIX_PATH} CMAKE_PREFIX_PATH=/home/fbot/kobuki_base_ros2/install/ecl_containers:/home/fbot/kobuki_base_ros2/install/ecl_threads:/home/fbot/kobuki_base_ros2/install/ecl_formatters:/home/fbot/kobuki_base_ros2/install/ecl_utilities:/home/fbot/kobuki_base_ros2/install/ecl_time:/home/fbot/kobuki_base_ros2/install/ecl_converters:/home/fbot/kobuki_base_ros2/install/ecl_time_lite:/home/fbot/kobuki_base_ros2/install/ecl_exceptions:/home/fbot/kobuki_base_ros2/install/ecl_concepts:/home/fbot/kobuki_base_ros2/install/ecl_type_traits:/home/fbot/kobuki_base_ros2/install/ecl_errors:/home/fbot/kobuki_base_ros2/install/ecl_mpl:/home/fbot/kobuki_base_ros2/install/ecl_config:/opt/ros/humble LD_LIBRARY_PATH=/home/fbot/kobuki_base_ros2/install/ecl_threads/lib:/home/fbot/kobuki_base_ros2/install/ecl_formatters/lib:/home/fbot/kobuki_base_ros2/install/ecl_time/lib:/home/fbot/kobuki_base_ros2/install/ecl_time_lite/lib:/home/fbot/kobuki_base_ros2/install/ecl_exceptions/lib:/home/fbot/kobuki_base_ros2/install/ecl_type_traits/lib:/home/fbot/kobuki_base_ros2/install/ecl_errors/lib:${LD_LIBRARY_PATH} PATH=/home/fbot/kobuki_base_ros2/install/ecl_type_traits/bin:/home/fbot/kobuki_base_ros2/install/ecl_config/bin:${PATH} /usr/bin/cmake --install /home/fbot/kobuki_base_ros2/build/ecl_devices
