-- The C compiler identification is GNU 11.4.0
-- The CXX compiler identification is GNU 11.4.0
-- Detecting C compiler ABI info
-- Detecting C compiler ABI info - done
-- Check for working C compiler: /usr/bin/cc - skipped
-- Detecting C compile features
-- Detecting C compile features - done
-- Detecting CXX compiler ABI info
-- Detecting CXX compiler ABI info - done
-- Check for working CXX compiler: /usr/bin/c++ - skipped
-- Detecting CXX compile features
-- Detecting CXX compile features - done
-- Found ament_cmake_ros: 0.10.0 (/opt/ros/humble/share/ament_cmake_ros/cmake)
-- Found Python3: /usr/bin/python3 (found version "3.10.12") found components: Interpreter 
-- Found ecl_build: 1.0.3 (/opt/ros/humble/share/ecl_build/cmake)
-- Found ecl_config: 1.2.0 (/home/fbot/kobuki_base_ros2/install/ecl_config/share/ecl_config/cmake)
-- Found ecl_converters: 1.2.1 (/home/fbot/kobuki_base_ros2/install/ecl_converters/share/ecl_converters/cmake)
-- Found ecl_formatters: 1.2.1 (/home/fbot/kobuki_base_ros2/install/ecl_formatters/share/ecl_formatters/cmake)
-- Found ecl_utilities: 1.2.1 (/home/fbot/kobuki_base_ros2/install/ecl_utilities/share/ecl_utilities/cmake)
-- Found ament_lint_auto: 0.12.15 (/opt/ros/humble/share/ament_lint_auto/cmake)
-- Found gtest sources under '/opt/ros/humble/src/gtest_vendor': C++ tests using 'Google Test' will be built
-- Looking for pthread.h
-- Looking for pthread.h - found
-- Performing Test CMAKE_HAVE_LIBC_PTHREAD
-- Performing Test CMAKE_HAVE_LIBC_PTHREAD - Success
-- Found Threads: TRUE  
-- Configuring done
-- Generating done
-- Build files have been written to: /home/fbot/kobuki_base_ros2/build/ecl_containers
[  5%] [32mBuilding CXX object gtest/CMakeFiles/gtest_main.dir/src/gtest_main.cc.o[0m
[ 16%] [32mBuilding CXX object gtest/CMakeFiles/gtest.dir/src/gtest-all.cc.o[0m
[ 16%] [32mBuilding CXX object src/examples/CMakeFiles/ecl_demo_formatters.dir/formatters.cpp.o[0m
[ 22%] [32m[1mLinking CXX static library libgtest_main.a[0m
[ 22%] Built target gtest_main
[ 27%] [32m[1mLinking CXX executable demo_formatters[0m
[ 27%] Built target ecl_demo_formatters
[ 33%] [32m[1mLinking CXX static library libgtest.a[0m
[ 33%] Built target gtest
[ 38%] [32mBuilding CXX object src/test/CMakeFiles/ecl_test_stencil.dir/stencil.cpp.o[0m
[ 44%] [32mBuilding CXX object src/test/CMakeFiles/ecl_test_arrays.dir/arrays.cpp.o[0m
[ 50%] [32mBuilding CXX object src/test/CMakeFiles/ecl_test_container_converters.dir/container_converters.cpp.o[0m
[ 55%] [32mBuilding CXX object src/test/CMakeFiles/ecl_test_arrays_mem_check.dir/arrays_mem_check.cpp.o[0m
[ 61%] [32mBuilding CXX object src/test/CMakeFiles/ecl_test_fifo.dir/fifo.cpp.o[0m
[ 66%] [32mBuilding CXX object src/test/CMakeFiles/ecl_test_push_and_pop.dir/push_and_pop.cpp.o[0m
[ 72%] [32m[1mLinking CXX executable ecl_test_fifo[0m
[ 77%] [32m[1mLinking CXX executable ecl_test_push_and_pop[0m
[ 83%] [32m[1mLinking CXX executable ecl_test_arrays_mem_check[0m
[ 88%] [32m[1mLinking CXX executable ecl_test_arrays[0m
[ 88%] Built target ecl_test_fifo
[ 94%] [32m[1mLinking CXX executable ecl_test_stencil[0m
[100%] [32m[1mLinking CXX executable ecl_test_container_converters[0m
[100%] Built target ecl_test_push_and_pop
[100%] Built target ecl_test_arrays_mem_check
[100%] Built target ecl_test_arrays
[100%] Built target ecl_test_stencil
[100%] Built target ecl_test_container_converters
-- Install configuration: ""
-- Installing: /home/fbot/kobuki_base_ros2/install/ecl_containers/share/ament_index/resource_index/package_run_dependencies/ecl_containers
-- Installing: /home/fbot/kobuki_base_ros2/install/ecl_containers/share/ament_index/resource_index/parent_prefix_path/ecl_containers
-- Installing: /home/fbot/kobuki_base_ros2/install/ecl_containers/share/ecl_containers/environment/ament_prefix_path.sh
-- Installing: /home/fbot/kobuki_base_ros2/install/ecl_containers/share/ecl_containers/environment/ament_prefix_path.dsv
-- Installing: /home/fbot/kobuki_base_ros2/install/ecl_containers/share/ecl_containers/environment/path.sh
-- Installing: /home/fbot/kobuki_base_ros2/install/ecl_containers/share/ecl_containers/environment/path.dsv
-- Installing: /home/fbot/kobuki_base_ros2/install/ecl_containers/share/ecl_containers/local_setup.bash
-- Installing: /home/fbot/kobuki_base_ros2/install/ecl_containers/share/ecl_containers/local_setup.sh
-- Installing: /home/fbot/kobuki_base_ros2/install/ecl_containers/share/ecl_containers/local_setup.zsh
-- Installing: /home/fbot/kobuki_base_ros2/install/ecl_containers/share/ecl_containers/local_setup.dsv
-- Installing: /home/fbot/kobuki_base_ros2/install/ecl_containers/share/ecl_containers/package.dsv
-- Installing: /home/fbot/kobuki_base_ros2/install/ecl_containers/share/ament_index/resource_index/packages/ecl_containers
-- Installing: /home/fbot/kobuki_base_ros2/install/ecl_containers/share/ecl_containers/cmake/ecl_containersExport.cmake
-- Installing: /home/fbot/kobuki_base_ros2/install/ecl_containers/share/ecl_containers/cmake/ament_cmake_export_targets-extras.cmake
-- Installing: /home/fbot/kobuki_base_ros2/install/ecl_containers/share/ecl_containers/cmake/ament_cmake_export_include_directories-extras.cmake
-- Installing: /home/fbot/kobuki_base_ros2/install/ecl_containers/share/ecl_containers/cmake/ament_cmake_export_dependencies-extras.cmake
-- Installing: /home/fbot/kobuki_base_ros2/install/ecl_containers/share/ecl_containers/cmake/ecl_containersConfig.cmake
-- Installing: /home/fbot/kobuki_base_ros2/install/ecl_containers/share/ecl_containers/cmake/ecl_containersConfig-version.cmake
-- Installing: /home/fbot/kobuki_base_ros2/install/ecl_containers/share/ecl_containers/package.xml
-- Installing: /home/fbot/kobuki_base_ros2/install/ecl_containers/include/ecl/containers.hpp
-- Installing: /home/fbot/kobuki_base_ros2/install/ecl_containers/include/ecl/containers/array.hpp
-- Installing: /home/fbot/kobuki_base_ros2/install/ecl_containers/include/ecl/containers/converters.hpp
-- Installing: /home/fbot/kobuki_base_ros2/install/ecl_containers/include/ecl/containers/definitions.hpp
-- Installing: /home/fbot/kobuki_base_ros2/install/ecl_containers/include/ecl/containers/fifo.hpp
-- Installing: /home/fbot/kobuki_base_ros2/install/ecl_containers/include/ecl/containers/initialiser.hpp
-- Installing: /home/fbot/kobuki_base_ros2/install/ecl_containers/include/ecl/containers/push_and_pop.hpp
-- Installing: /home/fbot/kobuki_base_ros2/install/ecl_containers/include/ecl/containers/stencil.hpp
-- Installing: /home/fbot/kobuki_base_ros2/install/ecl_containers/include/ecl/containers/common/formatters.hpp
-- Installing: /home/fbot/kobuki_base_ros2/install/ecl_containers/include/ecl/containers/array/array_dynamic_mem_check.hpp
-- Installing: /home/fbot/kobuki_base_ros2/install/ecl_containers/include/ecl/containers/array/array_dynamic_no_mem_check.hpp
-- Installing: /home/fbot/kobuki_base_ros2/install/ecl_containers/include/ecl/containers/array/array_mem_check.hpp
-- Installing: /home/fbot/kobuki_base_ros2/install/ecl_containers/include/ecl/containers/array/array_no_mem_check.hpp
-- Installing: /home/fbot/kobuki_base_ros2/install/ecl_containers/include/ecl/containers/array/converters.hpp
-- Installing: /home/fbot/kobuki_base_ros2/install/ecl_containers/include/ecl/containers/array/formatters.hpp
-- Installing: /home/fbot/kobuki_base_ros2/install/ecl_containers/include/ecl/containers/push_and_pop/formatters.hpp
-- Installing: /home/fbot/kobuki_base_ros2/install/ecl_containers/include/ecl/containers/push_and_pop/push_and_pop_dynamic.hpp
-- Installing: /home/fbot/kobuki_base_ros2/install/ecl_containers/include/ecl/containers/push_and_pop/push_and_pop_fixed.hpp
-- Installing: /home/fbot/kobuki_base_ros2/install/ecl_containers/include/ecl/containers/stencil/converters.hpp
-- Installing: /home/fbot/kobuki_base_ros2/install/ecl_containers/include/ecl/containers/stencil/formatters.hpp
-- Installing: /home/fbot/kobuki_base_ros2/install/ecl_containers/include/ecl/containers/stencil/specialisations.hpp
-- Installing: /home/fbot/kobuki_base_ros2/install/ecl_containers/include/ecl/containers/stencil/stencil.hpp
-- Installing: /home/fbot/kobuki_base_ros2/install/ecl_containers/lib/ecl_containers/demo_formatters
-- Set runtime path of "/home/fbot/kobuki_base_ros2/install/ecl_containers/lib/ecl_containers/demo_formatters" to ""
