[0.013s] Invoking command in '/home/fbot/kobuki_base_ros2/build/ecl_concepts': AMENT_PREFIX_PATH=/home/fbot/kobuki_base_ros2/install/ecl_type_traits:/home/fbot/kobuki_base_ros2/install/ecl_mpl:/home/fbot/kobuki_base_ros2/install/ecl_config:${AMENT_PREFIX_PATH} CMAKE_PREFIX_PATH=/home/fbot/kobuki_base_ros2/install/ecl_type_traits:/home/fbot/kobuki_base_ros2/install/ecl_mpl:/home/fbot/kobuki_base_ros2/install/ecl_config:/opt/ros/humble LD_LIBRARY_PATH=/home/fbot/kobuki_base_ros2/install/ecl_type_traits/lib:${LD_LIBRARY_PATH} PATH=/home/fbot/kobuki_base_ros2/install/ecl_type_traits/bin:/home/fbot/kobuki_base_ros2/install/ecl_config/bin:${PATH} /usr/bin/cmake /home/fbot/kobuki_base_ros2/src/ecl_core/ecl_concepts -DCMAKE_INSTALL_PREFIX=/home/fbot/kobuki_base_ros2/install/ecl_concepts
[0.080s] -- The C compiler identification is GNU 11.4.0
[0.158s] -- The CXX compiler identification is GNU 11.4.0
[0.166s] -- Detecting C compiler ABI info
[0.261s] -- Detecting C compiler ABI info - done
[0.273s] -- Check for working C compiler: /usr/bin/cc - skipped
[0.273s] -- Detecting C compile features
[0.274s] -- Detecting C compile features - done
[0.278s] -- Detecting CXX compiler ABI info
[0.372s] -- Detecting CXX compiler ABI info - done
[0.381s] -- Check for working CXX compiler: /usr/bin/c++ - skipped
[0.381s] -- Detecting CXX compile features
[0.382s] -- Detecting CXX compile features - done
[0.383s] -- Found ament_cmake_ros: 0.10.0 (/opt/ros/humble/share/ament_cmake_ros/cmake)
[0.534s] -- Found Python3: /usr/bin/python3 (found version "3.10.12") found components: Interpreter 
[0.613s] -- Found ecl_build: 1.0.3 (/opt/ros/humble/share/ecl_build/cmake)
[0.618s] -- Found ecl_config: 1.2.0 (/home/fbot/kobuki_base_ros2/install/ecl_config/share/ecl_config/cmake)
[0.620s] -- Found ecl_type_traits: 1.2.1 (/home/fbot/kobuki_base_ros2/install/ecl_type_traits/share/ecl_type_traits/cmake)
[0.687s] -- Found ament_lint_auto: 0.12.15 (/opt/ros/humble/share/ament_lint_auto/cmake)
[0.701s] -- Found gtest sources under '/opt/ros/humble/src/gtest_vendor': C++ tests using 'Google Test' will be built
[0.702s] -- Looking for pthread.h
[0.757s] -- Looking for pthread.h - found
[0.757s] -- Performing Test CMAKE_HAVE_LIBC_PTHREAD
[0.812s] -- Performing Test CMAKE_HAVE_LIBC_PTHREAD - Success
[0.812s] -- Found Threads: TRUE  
[0.818s] -- Configuring done
[0.828s] -- Generating done
[0.832s] -- Build files have been written to: /home/fbot/kobuki_base_ros2/build/ecl_concepts
[0.836s] Invoked command in '/home/fbot/kobuki_base_ros2/build/ecl_concepts' returned '0': AMENT_PREFIX_PATH=/home/fbot/kobuki_base_ros2/install/ecl_type_traits:/home/fbot/kobuki_base_ros2/install/ecl_mpl:/home/fbot/kobuki_base_ros2/install/ecl_config:${AMENT_PREFIX_PATH} CMAKE_PREFIX_PATH=/home/fbot/kobuki_base_ros2/install/ecl_type_traits:/home/fbot/kobuki_base_ros2/install/ecl_mpl:/home/fbot/kobuki_base_ros2/install/ecl_config:/opt/ros/humble LD_LIBRARY_PATH=/home/fbot/kobuki_base_ros2/install/ecl_type_traits/lib:${LD_LIBRARY_PATH} PATH=/home/fbot/kobuki_base_ros2/install/ecl_type_traits/bin:/home/fbot/kobuki_base_ros2/install/ecl_config/bin:${PATH} /usr/bin/cmake /home/fbot/kobuki_base_ros2/src/ecl_core/ecl_concepts -DCMAKE_INSTALL_PREFIX=/home/fbot/kobuki_base_ros2/install/ecl_concepts
[0.838s] Invoking command in '/home/fbot/kobuki_base_ros2/build/ecl_concepts': AMENT_PREFIX_PATH=/home/fbot/kobuki_base_ros2/install/ecl_type_traits:/home/fbot/kobuki_base_ros2/install/ecl_mpl:/home/fbot/kobuki_base_ros2/install/ecl_config:${AMENT_PREFIX_PATH} CMAKE_PREFIX_PATH=/home/fbot/kobuki_base_ros2/install/ecl_type_traits:/home/fbot/kobuki_base_ros2/install/ecl_mpl:/home/fbot/kobuki_base_ros2/install/ecl_config:/opt/ros/humble LD_LIBRARY_PATH=/home/fbot/kobuki_base_ros2/install/ecl_type_traits/lib:${LD_LIBRARY_PATH} PATH=/home/fbot/kobuki_base_ros2/install/ecl_type_traits/bin:/home/fbot/kobuki_base_ros2/install/ecl_config/bin:${PATH} /usr/bin/cmake --build /home/fbot/kobuki_base_ros2/build/ecl_concepts -- -j12 -l12
[0.875s] [ 33%] [32mBuilding CXX object gtest/CMakeFiles/gtest.dir/src/gtest-all.cc.o[0m
[0.875s] [ 33%] [32mBuilding CXX object gtest/CMakeFiles/gtest_main.dir/src/gtest_main.cc.o[0m
[1.412s] [ 50%] [32m[1mLinking CXX static library libgtest_main.a[0m
[1.462s] [ 50%] Built target gtest_main
[4.081s] [ 66%] [32m[1mLinking CXX static library libgtest.a[0m
[4.156s] [ 66%] Built target gtest
[4.173s] [ 83%] [32mBuilding CXX object src/test/CMakeFiles/ecl_test_concepts.dir/concepts.cpp.o[0m
[5.119s] [100%] [32m[1mLinking CXX executable ecl_test_concepts[0m
[5.322s] [100%] Built target ecl_test_concepts
[5.333s] Invoked command in '/home/fbot/kobuki_base_ros2/build/ecl_concepts' returned '0': AMENT_PREFIX_PATH=/home/fbot/kobuki_base_ros2/install/ecl_type_traits:/home/fbot/kobuki_base_ros2/install/ecl_mpl:/home/fbot/kobuki_base_ros2/install/ecl_config:${AMENT_PREFIX_PATH} CMAKE_PREFIX_PATH=/home/fbot/kobuki_base_ros2/install/ecl_type_traits:/home/fbot/kobuki_base_ros2/install/ecl_mpl:/home/fbot/kobuki_base_ros2/install/ecl_config:/opt/ros/humble LD_LIBRARY_PATH=/home/fbot/kobuki_base_ros2/install/ecl_type_traits/lib:${LD_LIBRARY_PATH} PATH=/home/fbot/kobuki_base_ros2/install/ecl_type_traits/bin:/home/fbot/kobuki_base_ros2/install/ecl_config/bin:${PATH} /usr/bin/cmake --build /home/fbot/kobuki_base_ros2/build/ecl_concepts -- -j12 -l12
[5.334s] Invoking command in '/home/fbot/kobuki_base_ros2/build/ecl_concepts': AMENT_PREFIX_PATH=/home/fbot/kobuki_base_ros2/install/ecl_type_traits:/home/fbot/kobuki_base_ros2/install/ecl_mpl:/home/fbot/kobuki_base_ros2/install/ecl_config:${AMENT_PREFIX_PATH} CMAKE_PREFIX_PATH=/home/fbot/kobuki_base_ros2/install/ecl_type_traits:/home/fbot/kobuki_base_ros2/install/ecl_mpl:/home/fbot/kobuki_base_ros2/install/ecl_config:/opt/ros/humble LD_LIBRARY_PATH=/home/fbot/kobuki_base_ros2/install/ecl_type_traits/lib:${LD_LIBRARY_PATH} PATH=/home/fbot/kobuki_base_ros2/install/ecl_type_traits/bin:/home/fbot/kobuki_base_ros2/install/ecl_config/bin:${PATH} /usr/bin/cmake --install /home/fbot/kobuki_base_ros2/build/ecl_concepts
[5.343s] -- Install configuration: ""
[5.343s] -- Installing: /home/fbot/kobuki_base_ros2/install/ecl_concepts/share/ament_index/resource_index/package_run_dependencies/ecl_concepts
[5.343s] -- Installing: /home/fbot/kobuki_base_ros2/install/ecl_concepts/share/ament_index/resource_index/parent_prefix_path/ecl_concepts
[5.344s] -- Installing: /home/fbot/kobuki_base_ros2/install/ecl_concepts/share/ecl_concepts/environment/ament_prefix_path.sh
[5.346s] -- Installing: /home/fbot/kobuki_base_ros2/install/ecl_concepts/share/ecl_concepts/environment/ament_prefix_path.dsv
[5.346s] -- Installing: /home/fbot/kobuki_base_ros2/install/ecl_concepts/share/ecl_concepts/environment/path.sh
[5.346s] -- Installing: /home/fbot/kobuki_base_ros2/install/ecl_concepts/share/ecl_concepts/environment/path.dsv
[5.346s] -- Installing: /home/fbot/kobuki_base_ros2/install/ecl_concepts/share/ecl_concepts/local_setup.bash
[5.346s] -- Installing: /home/fbot/kobuki_base_ros2/install/ecl_concepts/share/ecl_concepts/local_setup.sh
[5.346s] -- Installing: /home/fbot/kobuki_base_ros2/install/ecl_concepts/share/ecl_concepts/local_setup.zsh
[5.346s] -- Installing: /home/fbot/kobuki_base_ros2/install/ecl_concepts/share/ecl_concepts/local_setup.dsv
[5.346s] -- Installing: /home/fbot/kobuki_base_ros2/install/ecl_concepts/share/ecl_concepts/package.dsv
[5.346s] -- Installing: /home/fbot/kobuki_base_ros2/install/ecl_concepts/share/ament_index/resource_index/packages/ecl_concepts
[5.346s] -- Installing: /home/fbot/kobuki_base_ros2/install/ecl_concepts/share/ecl_concepts/cmake/ecl_conceptsExport.cmake
[5.346s] -- Installing: /home/fbot/kobuki_base_ros2/install/ecl_concepts/share/ecl_concepts/cmake/ament_cmake_export_targets-extras.cmake
[5.347s] -- Installing: /home/fbot/kobuki_base_ros2/install/ecl_concepts/share/ecl_concepts/cmake/ament_cmake_export_include_directories-extras.cmake
[5.347s] -- Installing: /home/fbot/kobuki_base_ros2/install/ecl_concepts/share/ecl_concepts/cmake/ament_cmake_export_dependencies-extras.cmake
[5.347s] -- Installing: /home/fbot/kobuki_base_ros2/install/ecl_concepts/share/ecl_concepts/cmake/ecl_conceptsConfig.cmake
[5.347s] -- Installing: /home/fbot/kobuki_base_ros2/install/ecl_concepts/share/ecl_concepts/cmake/ecl_conceptsConfig-version.cmake
[5.347s] -- Installing: /home/fbot/kobuki_base_ros2/install/ecl_concepts/share/ecl_concepts/package.xml
[5.347s] -- Installing: /home/fbot/kobuki_base_ros2/install/ecl_concepts/include/ecl/concepts.hpp
[5.349s] -- Installing: /home/fbot/kobuki_base_ros2/install/ecl_concepts/include/ecl/concepts/blueprints.hpp
[5.349s] -- Installing: /home/fbot/kobuki_base_ros2/install/ecl_concepts/include/ecl/concepts/containers.hpp
[5.350s] -- Installing: /home/fbot/kobuki_base_ros2/install/ecl_concepts/include/ecl/concepts/devices.hpp
[5.350s] -- Installing: /home/fbot/kobuki_base_ros2/install/ecl_concepts/include/ecl/concepts/macros.hpp
[5.350s] -- Installing: /home/fbot/kobuki_base_ros2/install/ecl_concepts/include/ecl/concepts/nullary_function.hpp
[5.350s] -- Installing: /home/fbot/kobuki_base_ros2/install/ecl_concepts/include/ecl/concepts/streams.hpp
[5.353s] Invoked command in '/home/fbot/kobuki_base_ros2/build/ecl_concepts' returned '0': AMENT_PREFIX_PATH=/home/fbot/kobuki_base_ros2/install/ecl_type_traits:/home/fbot/kobuki_base_ros2/install/ecl_mpl:/home/fbot/kobuki_base_ros2/install/ecl_config:${AMENT_PREFIX_PATH} CMAKE_PREFIX_PATH=/home/fbot/kobuki_base_ros2/install/ecl_type_traits:/home/fbot/kobuki_base_ros2/install/ecl_mpl:/home/fbot/kobuki_base_ros2/install/ecl_config:/opt/ros/humble LD_LIBRARY_PATH=/home/fbot/kobuki_base_ros2/install/ecl_type_traits/lib:${LD_LIBRARY_PATH} PATH=/home/fbot/kobuki_base_ros2/install/ecl_type_traits/bin:/home/fbot/kobuki_base_ros2/install/ecl_config/bin:${PATH} /usr/bin/cmake --install /home/fbot/kobuki_base_ros2/build/ecl_concepts
