[0.014s] Invoking command in '/home/fbot/kobuki_base_ros2/build/kobuki_keyop': AMENT_PREFIX_PATH=/home/fbot/kobuki_base_ros2/install/kobuki_ros_interfaces:/home/fbot/kobuki_base_ros2/install/cmd_vel_mux:${AMENT_PREFIX_PATH} CMAKE_PREFIX_PATH=/home/fbot/kobuki_base_ros2/install/kobuki_ros_interfaces:/home/fbot/kobuki_base_ros2/install/cmd_vel_mux:/opt/ros/humble LD_LIBRARY_PATH=/home/fbot/kobuki_base_ros2/install/kobuki_ros_interfaces/lib:/home/fbot/kobuki_base_ros2/install/cmd_vel_mux/lib:${LD_LIBRARY_PATH} PYTHONPATH=/home/fbot/kobuki_base_ros2/install/kobuki_ros_interfaces/local/lib/python3.10/dist-packages:${PYTHONPATH} /usr/bin/cmake /home/fbot/kobuki_base_ros2/src/kobuki_ros/kobuki_keyop -DCMAKE_INSTALL_PREFIX=/home/fbot/kobuki_base_ros2/install/kobuki_keyop
[0.063s] -- The C compiler identification is GNU 11.4.0
[0.111s] -- The CXX compiler identification is GNU 11.4.0
[0.116s] -- Detecting C compiler ABI info
[0.177s] -- Detecting C compiler ABI info - done
[0.189s] -- Check for working C compiler: /usr/bin/cc - skipped
[0.189s] -- Detecting C compile features
[0.189s] -- Detecting C compile features - done
[0.192s] -- Detecting CXX compiler ABI info
[0.275s] -- Detecting CXX compiler ABI info - done
[0.287s] -- Check for working CXX compiler: /usr/bin/c++ - skipped
[0.287s] -- Detecting CXX compile features
[0.288s] -- Detecting CXX compile features - done
[0.290s] -- Found ament_cmake_ros: 0.10.0 (/opt/ros/humble/share/ament_cmake_ros/cmake)
[0.455s] -- Found Python3: /usr/bin/python3 (found version "3.10.12") found components: Interpreter 
[0.533s] -- Found ecl_build: 1.0.3 (/opt/ros/humble/share/ecl_build/cmake)
[0.539s] -- Found geometry_msgs: 4.9.1 (/opt/ros/humble/share/geometry_msgs/cmake)
[0.568s] -- Found rosidl_generator_c: 3.1.8 (/opt/ros/humble/share/rosidl_generator_c/cmake)
[0.573s] -- Found rosidl_adapter: 3.1.8 (/opt/ros/humble/share/rosidl_adapter/cmake)
[0.583s] -- Found rosidl_generator_cpp: 3.1.8 (/opt/ros/humble/share/rosidl_generator_cpp/cmake)
[0.590s] -- Using all available rosidl_typesupport_c: rosidl_typesupport_fastrtps_c;rosidl_typesupport_introspection_c
[0.604s] -- Using all available rosidl_typesupport_cpp: rosidl_typesupport_fastrtps_cpp;rosidl_typesupport_introspection_cpp
[0.638s] -- Found kobuki_ros_interfaces: 1.0.0 (/home/fbot/kobuki_base_ros2/install/kobuki_ros_interfaces/share/kobuki_ros_interfaces/cmake)
[0.680s] -- Found rclcpp: 16.0.18 (/opt/ros/humble/share/rclcpp/cmake)
[0.714s] -- Found rmw_implementation_cmake: 6.1.2 (/opt/ros/humble/share/rmw_implementation_cmake/cmake)
[0.716s] -- Found rmw_fastrtps_cpp: 6.2.10 (/opt/ros/humble/share/rmw_fastrtps_cpp/cmake)
[0.784s] -- Found OpenSSL: /usr/lib/x86_64-linux-gnu/libcrypto.so (found version "3.0.2")  
[0.807s] -- Found FastRTPS: /opt/ros/humble/include  
[0.845s] -- Using RMW implementation 'rmw_fastrtps_cpp' as default
[0.852s] -- Looking for pthread.h
[0.918s] -- Looking for pthread.h - found
[0.918s] -- Performing Test CMAKE_HAVE_LIBC_PTHREAD
[0.982s] -- Performing Test CMAKE_HAVE_LIBC_PTHREAD - Success
[0.983s] -- Found Threads: TRUE  
[1.021s] -- Found rclcpp_components: 16.0.18 (/opt/ros/humble/share/rclcpp_components/cmake)
[1.123s] -- Configuring done
[1.145s] -- Generating done
[1.149s] -- Build files have been written to: /home/fbot/kobuki_base_ros2/build/kobuki_keyop
[1.169s] Invoked command in '/home/fbot/kobuki_base_ros2/build/kobuki_keyop' returned '0': AMENT_PREFIX_PATH=/home/fbot/kobuki_base_ros2/install/kobuki_ros_interfaces:/home/fbot/kobuki_base_ros2/install/cmd_vel_mux:${AMENT_PREFIX_PATH} CMAKE_PREFIX_PATH=/home/fbot/kobuki_base_ros2/install/kobuki_ros_interfaces:/home/fbot/kobuki_base_ros2/install/cmd_vel_mux:/opt/ros/humble LD_LIBRARY_PATH=/home/fbot/kobuki_base_ros2/install/kobuki_ros_interfaces/lib:/home/fbot/kobuki_base_ros2/install/cmd_vel_mux/lib:${LD_LIBRARY_PATH} PYTHONPATH=/home/fbot/kobuki_base_ros2/install/kobuki_ros_interfaces/local/lib/python3.10/dist-packages:${PYTHONPATH} /usr/bin/cmake /home/fbot/kobuki_base_ros2/src/kobuki_ros/kobuki_keyop -DCMAKE_INSTALL_PREFIX=/home/fbot/kobuki_base_ros2/install/kobuki_keyop
[1.171s] Invoking command in '/home/fbot/kobuki_base_ros2/build/kobuki_keyop': AMENT_PREFIX_PATH=/home/fbot/kobuki_base_ros2/install/kobuki_ros_interfaces:/home/fbot/kobuki_base_ros2/install/cmd_vel_mux:${AMENT_PREFIX_PATH} CMAKE_PREFIX_PATH=/home/fbot/kobuki_base_ros2/install/kobuki_ros_interfaces:/home/fbot/kobuki_base_ros2/install/cmd_vel_mux:/opt/ros/humble LD_LIBRARY_PATH=/home/fbot/kobuki_base_ros2/install/kobuki_ros_interfaces/lib:/home/fbot/kobuki_base_ros2/install/cmd_vel_mux/lib:${LD_LIBRARY_PATH} PYTHONPATH=/home/fbot/kobuki_base_ros2/install/kobuki_ros_interfaces/local/lib/python3.10/dist-packages:${PYTHONPATH} /usr/bin/cmake --build /home/fbot/kobuki_base_ros2/build/kobuki_keyop -- -j12 -l12
[1.230s] [ 25%] [32mBuilding CXX object CMakeFiles/kobuki_keyop_node.dir/rclcpp_components/node_main_kobuki_keyop_node.cpp.o[0m
[1.235s] [ 50%] [32mBuilding CXX object CMakeFiles/kobuki_keyop.dir/src/keyop.cpp.o[0m
[5.356s] [ 75%] [32m[1mLinking CXX executable kobuki_keyop_node[0m
[5.544s] [ 75%] Built target kobuki_keyop_node
[12.854s] [100%] [32m[1mLinking CXX shared library libkobuki_keyop.so[0m
[13.674s] [100%] Built target kobuki_keyop
[13.710s] Invoked command in '/home/fbot/kobuki_base_ros2/build/kobuki_keyop' returned '0': AMENT_PREFIX_PATH=/home/fbot/kobuki_base_ros2/install/kobuki_ros_interfaces:/home/fbot/kobuki_base_ros2/install/cmd_vel_mux:${AMENT_PREFIX_PATH} CMAKE_PREFIX_PATH=/home/fbot/kobuki_base_ros2/install/kobuki_ros_interfaces:/home/fbot/kobuki_base_ros2/install/cmd_vel_mux:/opt/ros/humble LD_LIBRARY_PATH=/home/fbot/kobuki_base_ros2/install/kobuki_ros_interfaces/lib:/home/fbot/kobuki_base_ros2/install/cmd_vel_mux/lib:${LD_LIBRARY_PATH} PYTHONPATH=/home/fbot/kobuki_base_ros2/install/kobuki_ros_interfaces/local/lib/python3.10/dist-packages:${PYTHONPATH} /usr/bin/cmake --build /home/fbot/kobuki_base_ros2/build/kobuki_keyop -- -j12 -l12
[13.712s] Invoking command in '/home/fbot/kobuki_base_ros2/build/kobuki_keyop': AMENT_PREFIX_PATH=/home/fbot/kobuki_base_ros2/install/kobuki_ros_interfaces:/home/fbot/kobuki_base_ros2/install/cmd_vel_mux:${AMENT_PREFIX_PATH} CMAKE_PREFIX_PATH=/home/fbot/kobuki_base_ros2/install/kobuki_ros_interfaces:/home/fbot/kobuki_base_ros2/install/cmd_vel_mux:/opt/ros/humble LD_LIBRARY_PATH=/home/fbot/kobuki_base_ros2/install/kobuki_ros_interfaces/lib:/home/fbot/kobuki_base_ros2/install/cmd_vel_mux/lib:${LD_LIBRARY_PATH} PYTHONPATH=/home/fbot/kobuki_base_ros2/install/kobuki_ros_interfaces/local/lib/python3.10/dist-packages:${PYTHONPATH} /usr/bin/cmake --install /home/fbot/kobuki_base_ros2/build/kobuki_keyop
[13.724s] -- Install configuration: ""
[13.724s] -- Installing: /home/fbot/kobuki_base_ros2/install/kobuki_keyop/lib/kobuki_keyop/kobuki_keyop_node
[13.724s] -- Set runtime path of "/home/fbot/kobuki_base_ros2/install/kobuki_keyop/lib/kobuki_keyop/kobuki_keyop_node" to ""
[13.724s] -- Installing: /home/fbot/kobuki_base_ros2/install/kobuki_keyop/lib/libkobuki_keyop.so
[13.734s] -- Set runtime path of "/home/fbot/kobuki_base_ros2/install/kobuki_keyop/lib/libkobuki_keyop.so" to ""
[13.734s] -- Installing: /home/fbot/kobuki_base_ros2/install/kobuki_keyop/include/kobuki_keyop
[13.734s] -- Installing: /home/fbot/kobuki_base_ros2/install/kobuki_keyop/include/kobuki_keyop/keyop.hpp
[13.735s] -- Installing: /home/fbot/kobuki_base_ros2/install/kobuki_keyop/share/kobuki_keyop/config
[13.735s] -- Installing: /home/fbot/kobuki_base_ros2/install/kobuki_keyop/share/kobuki_keyop/config/keyop_params.yaml
[13.735s] -- Installing: /home/fbot/kobuki_base_ros2/install/kobuki_keyop/share/ament_index/resource_index/package_run_dependencies/kobuki_keyop
[13.735s] -- Installing: /home/fbot/kobuki_base_ros2/install/kobuki_keyop/share/ament_index/resource_index/parent_prefix_path/kobuki_keyop
[13.735s] -- Installing: /home/fbot/kobuki_base_ros2/install/kobuki_keyop/share/kobuki_keyop/environment/ament_prefix_path.sh
[13.735s] -- Installing: /home/fbot/kobuki_base_ros2/install/kobuki_keyop/share/kobuki_keyop/environment/ament_prefix_path.dsv
[13.736s] -- Installing: /home/fbot/kobuki_base_ros2/install/kobuki_keyop/share/kobuki_keyop/environment/path.sh
[13.737s] -- Installing: /home/fbot/kobuki_base_ros2/install/kobuki_keyop/share/kobuki_keyop/environment/path.dsv
[13.737s] -- Installing: /home/fbot/kobuki_base_ros2/install/kobuki_keyop/share/kobuki_keyop/local_setup.bash
[13.737s] -- Installing: /home/fbot/kobuki_base_ros2/install/kobuki_keyop/share/kobuki_keyop/local_setup.sh
[13.737s] -- Installing: /home/fbot/kobuki_base_ros2/install/kobuki_keyop/share/kobuki_keyop/local_setup.zsh
[13.737s] -- Installing: /home/fbot/kobuki_base_ros2/install/kobuki_keyop/share/kobuki_keyop/local_setup.dsv
[13.737s] -- Installing: /home/fbot/kobuki_base_ros2/install/kobuki_keyop/share/kobuki_keyop/package.dsv
[13.737s] -- Installing: /home/fbot/kobuki_base_ros2/install/kobuki_keyop/share/ament_index/resource_index/packages/kobuki_keyop
[13.737s] -- Installing: /home/fbot/kobuki_base_ros2/install/kobuki_keyop/share/ament_index/resource_index/rclcpp_components/kobuki_keyop
[13.737s] -- Installing: /home/fbot/kobuki_base_ros2/install/kobuki_keyop/share/kobuki_keyop/cmake/kobuki_keyopConfig.cmake
[13.737s] -- Installing: /home/fbot/kobuki_base_ros2/install/kobuki_keyop/share/kobuki_keyop/cmake/kobuki_keyopConfig-version.cmake
[13.738s] -- Installing: /home/fbot/kobuki_base_ros2/install/kobuki_keyop/share/kobuki_keyop/package.xml
[13.738s] Invoked command in '/home/fbot/kobuki_base_ros2/build/kobuki_keyop' returned '0': AMENT_PREFIX_PATH=/home/fbot/kobuki_base_ros2/install/kobuki_ros_interfaces:/home/fbot/kobuki_base_ros2/install/cmd_vel_mux:${AMENT_PREFIX_PATH} CMAKE_PREFIX_PATH=/home/fbot/kobuki_base_ros2/install/kobuki_ros_interfaces:/home/fbot/kobuki_base_ros2/install/cmd_vel_mux:/opt/ros/humble LD_LIBRARY_PATH=/home/fbot/kobuki_base_ros2/install/kobuki_ros_interfaces/lib:/home/fbot/kobuki_base_ros2/install/cmd_vel_mux/lib:${LD_LIBRARY_PATH} PYTHONPATH=/home/fbot/kobuki_base_ros2/install/kobuki_ros_interfaces/local/lib/python3.10/dist-packages:${PYTHONPATH} /usr/bin/cmake --install /home/fbot/kobuki_base_ros2/build/kobuki_keyop
