[0.025s] Invoking command in '/home/fbot/kobuki_base_ros2/build/kobuki_keyop': AMENT_PREFIX_PATH=/home/fbot/kobuki_base_ros2/install/kobuki_ros_interfaces:/home/fbot/kobuki_base_ros2/install/cmd_vel_mux:${AMENT_PREFIX_PATH} CMAKE_PREFIX_PATH=/home/fbot/kobuki_base_ros2/install/kobuki_ros_interfaces:/home/fbot/kobuki_base_ros2/install/cmd_vel_mux:/opt/ros/humble LD_LIBRARY_PATH=/home/fbot/kobuki_base_ros2/install/kobuki_ros_interfaces/lib:/home/fbot/kobuki_base_ros2/install/cmd_vel_mux/lib:${LD_LIBRARY_PATH} PYTHONPATH=/home/fbot/kobuki_base_ros2/install/kobuki_ros_interfaces/local/lib/python3.10/dist-packages:${PYTHONPATH} /usr/bin/cmake --build /home/fbot/kobuki_base_ros2/build/kobuki_keyop -- -j12 -l12
[0.066s] [35m[1mConsolidate compiler generated dependencies of target kobuki_keyop[0m
[0.066s] [35m[1mConsolidate compiler generated dependencies of target kobuki_keyop_node[0m
[0.076s] [ 50%] Built target kobuki_keyop
[0.081s] [100%] Built target kobuki_keyop_node
[0.146s] Invoked command in '/home/fbot/kobuki_base_ros2/build/kobuki_keyop' returned '0': AMENT_PREFIX_PATH=/home/fbot/kobuki_base_ros2/install/kobuki_ros_interfaces:/home/fbot/kobuki_base_ros2/install/cmd_vel_mux:${AMENT_PREFIX_PATH} CMAKE_PREFIX_PATH=/home/fbot/kobuki_base_ros2/install/kobuki_ros_interfaces:/home/fbot/kobuki_base_ros2/install/cmd_vel_mux:/opt/ros/humble LD_LIBRARY_PATH=/home/fbot/kobuki_base_ros2/install/kobuki_ros_interfaces/lib:/home/fbot/kobuki_base_ros2/install/cmd_vel_mux/lib:${LD_LIBRARY_PATH} PYTHONPATH=/home/fbot/kobuki_base_ros2/install/kobuki_ros_interfaces/local/lib/python3.10/dist-packages:${PYTHONPATH} /usr/bin/cmake --build /home/fbot/kobuki_base_ros2/build/kobuki_keyop -- -j12 -l12
[0.147s] Invoking command in '/home/fbot/kobuki_base_ros2/build/kobuki_keyop': AMENT_PREFIX_PATH=/home/fbot/kobuki_base_ros2/install/kobuki_ros_interfaces:/home/fbot/kobuki_base_ros2/install/cmd_vel_mux:${AMENT_PREFIX_PATH} CMAKE_PREFIX_PATH=/home/fbot/kobuki_base_ros2/install/kobuki_ros_interfaces:/home/fbot/kobuki_base_ros2/install/cmd_vel_mux:/opt/ros/humble LD_LIBRARY_PATH=/home/fbot/kobuki_base_ros2/install/kobuki_ros_interfaces/lib:/home/fbot/kobuki_base_ros2/install/cmd_vel_mux/lib:${LD_LIBRARY_PATH} PYTHONPATH=/home/fbot/kobuki_base_ros2/install/kobuki_ros_interfaces/local/lib/python3.10/dist-packages:${PYTHONPATH} /usr/bin/cmake --install /home/fbot/kobuki_base_ros2/build/kobuki_keyop
[0.166s] -- Install configuration: ""
[0.166s] -- Up-to-date: /home/fbot/kobuki_base_ros2/install/kobuki_keyop/lib/kobuki_keyop/kobuki_keyop_node
[0.166s] -- Up-to-date: /home/fbot/kobuki_base_ros2/install/kobuki_keyop/lib/libkobuki_keyop.so
[0.166s] -- Up-to-date: /home/fbot/kobuki_base_ros2/install/kobuki_keyop/include/kobuki_keyop
[0.167s] -- Up-to-date: /home/fbot/kobuki_base_ros2/install/kobuki_keyop/include/kobuki_keyop/keyop.hpp
[0.167s] -- Up-to-date: /home/fbot/kobuki_base_ros2/install/kobuki_keyop/share/kobuki_keyop/config
[0.168s] -- Up-to-date: /home/fbot/kobuki_base_ros2/install/kobuki_keyop/share/kobuki_keyop/config/keyop_params.yaml
[0.168s] -- Up-to-date: /home/fbot/kobuki_base_ros2/install/kobuki_keyop/share/ament_index/resource_index/package_run_dependencies/kobuki_keyop
[0.168s] -- Up-to-date: /home/fbot/kobuki_base_ros2/install/kobuki_keyop/share/ament_index/resource_index/parent_prefix_path/kobuki_keyop
[0.168s] -- Up-to-date: /home/fbot/kobuki_base_ros2/install/kobuki_keyop/share/kobuki_keyop/environment/ament_prefix_path.sh
[0.168s] -- Up-to-date: /home/fbot/kobuki_base_ros2/install/kobuki_keyop/share/kobuki_keyop/environment/ament_prefix_path.dsv
[0.168s] -- Up-to-date: /home/fbot/kobuki_base_ros2/install/kobuki_keyop/share/kobuki_keyop/environment/path.sh
[0.168s] -- Up-to-date: /home/fbot/kobuki_base_ros2/install/kobuki_keyop/share/kobuki_keyop/environment/path.dsv
[0.168s] -- Up-to-date: /home/fbot/kobuki_base_ros2/install/kobuki_keyop/share/kobuki_keyop/local_setup.bash
[0.168s] -- Up-to-date: /home/fbot/kobuki_base_ros2/install/kobuki_keyop/share/kobuki_keyop/local_setup.sh
[0.168s] -- Up-to-date: /home/fbot/kobuki_base_ros2/install/kobuki_keyop/share/kobuki_keyop/local_setup.zsh
[0.169s] -- Up-to-date: /home/fbot/kobuki_base_ros2/install/kobuki_keyop/share/kobuki_keyop/local_setup.dsv
[0.169s] -- Installing: /home/fbot/kobuki_base_ros2/install/kobuki_keyop/share/kobuki_keyop/package.dsv
[0.169s] -- Up-to-date: /home/fbot/kobuki_base_ros2/install/kobuki_keyop/share/ament_index/resource_index/packages/kobuki_keyop
[0.169s] -- Up-to-date: /home/fbot/kobuki_base_ros2/install/kobuki_keyop/share/ament_index/resource_index/rclcpp_components/kobuki_keyop
[0.169s] -- Up-to-date: /home/fbot/kobuki_base_ros2/install/kobuki_keyop/share/kobuki_keyop/cmake/kobuki_keyopConfig.cmake
[0.169s] -- Up-to-date: /home/fbot/kobuki_base_ros2/install/kobuki_keyop/share/kobuki_keyop/cmake/kobuki_keyopConfig-version.cmake
[0.169s] -- Up-to-date: /home/fbot/kobuki_base_ros2/install/kobuki_keyop/share/kobuki_keyop/package.xml
[0.220s] Invoked command in '/home/fbot/kobuki_base_ros2/build/kobuki_keyop' returned '0': AMENT_PREFIX_PATH=/home/fbot/kobuki_base_ros2/install/kobuki_ros_interfaces:/home/fbot/kobuki_base_ros2/install/cmd_vel_mux:${AMENT_PREFIX_PATH} CMAKE_PREFIX_PATH=/home/fbot/kobuki_base_ros2/install/kobuki_ros_interfaces:/home/fbot/kobuki_base_ros2/install/cmd_vel_mux:/opt/ros/humble LD_LIBRARY_PATH=/home/fbot/kobuki_base_ros2/install/kobuki_ros_interfaces/lib:/home/fbot/kobuki_base_ros2/install/cmd_vel_mux/lib:${LD_LIBRARY_PATH} PYTHONPATH=/home/fbot/kobuki_base_ros2/install/kobuki_ros_interfaces/local/lib/python3.10/dist-packages:${PYTHONPATH} /usr/bin/cmake --install /home/fbot/kobuki_base_ros2/build/kobuki_keyop
