[0.014s] Invoking command in '/home/fbot/kobuki_base_ros2/build/kobuki_random_walker': AMENT_PREFIX_PATH=/home/fbot/kobuki_base_ros2/install/kobuki_ros_interfaces:${AMENT_PREFIX_PATH} CMAKE_PREFIX_PATH=/home/fbot/kobuki_base_ros2/install/kobuki_ros_interfaces:/opt/ros/humble LD_LIBRARY_PATH=/home/fbot/kobuki_base_ros2/install/kobuki_ros_interfaces/lib:${LD_LIBRARY_PATH} PYTHONPATH=/home/fbot/kobuki_base_ros2/install/kobuki_ros_interfaces/local/lib/python3.10/dist-packages:${PYTHONPATH} /usr/bin/cmake /home/fbot/kobuki_base_ros2/src/kobuki_ros/kobuki_random_walker -DCMAKE_INSTALL_PREFIX=/home/fbot/kobuki_base_ros2/install/kobuki_random_walker
[0.061s] -- The C compiler identification is GNU 11.4.0
[0.113s] -- The CXX compiler identification is GNU 11.4.0
[0.121s] -- Detecting C compiler ABI info
[0.175s] -- Detecting C compiler ABI info - done
[0.182s] -- Check for working C compiler: /usr/bin/cc - skipped
[0.182s] -- Detecting C compile features
[0.182s] -- Detecting C compile features - done
[0.185s] -- Detecting CXX compiler ABI info
[0.254s] -- Detecting CXX compiler ABI info - done
[0.261s] -- Check for working CXX compiler: /usr/bin/c++ - skipped
[0.261s] -- Detecting CXX compile features
[0.261s] -- Detecting CXX compile features - done
[0.263s] -- Found ament_cmake_ros: 0.10.0 (/opt/ros/humble/share/ament_cmake_ros/cmake)
[0.418s] -- Found Python3: /usr/bin/python3 (found version "3.10.12") found components: Interpreter 
[0.533s] -- Found geometry_msgs: 4.9.1 (/opt/ros/humble/share/geometry_msgs/cmake)
[0.580s] -- Found rosidl_generator_c: 3.1.8 (/opt/ros/humble/share/rosidl_generator_c/cmake)
[0.583s] -- Found rosidl_adapter: 3.1.8 (/opt/ros/humble/share/rosidl_adapter/cmake)
[0.594s] -- Found rosidl_generator_cpp: 3.1.8 (/opt/ros/humble/share/rosidl_generator_cpp/cmake)
[0.611s] -- Using all available rosidl_typesupport_c: rosidl_typesupport_fastrtps_c;rosidl_typesupport_introspection_c
[0.633s] -- Using all available rosidl_typesupport_cpp: rosidl_typesupport_fastrtps_cpp;rosidl_typesupport_introspection_cpp
[0.690s] -- Found kobuki_ros_interfaces: 1.0.0 (/home/fbot/kobuki_base_ros2/install/kobuki_ros_interfaces/share/kobuki_ros_interfaces/cmake)
[0.754s] -- Found rclcpp: 16.0.18 (/opt/ros/humble/share/rclcpp/cmake)
[0.803s] -- Found rmw_implementation_cmake: 6.1.2 (/opt/ros/humble/share/rmw_implementation_cmake/cmake)
[0.806s] -- Found rmw_fastrtps_cpp: 6.2.10 (/opt/ros/humble/share/rmw_fastrtps_cpp/cmake)
[0.905s] -- Found OpenSSL: /usr/lib/x86_64-linux-gnu/libcrypto.so (found version "3.0.2")  
[0.939s] -- Found FastRTPS: /opt/ros/humble/include  
[0.988s] -- Using RMW implementation 'rmw_fastrtps_cpp' as default
[0.999s] -- Looking for pthread.h
[1.073s] -- Looking for pthread.h - found
[1.074s] -- Performing Test CMAKE_HAVE_LIBC_PTHREAD
[1.142s] -- Performing Test CMAKE_HAVE_LIBC_PTHREAD - Success
[1.142s] -- Found Threads: TRUE  
[1.187s] -- Found rclcpp_components: 16.0.18 (/opt/ros/humble/share/rclcpp_components/cmake)
[1.313s] -- Configuring done
[1.333s] -- Generating done
[1.341s] -- Build files have been written to: /home/fbot/kobuki_base_ros2/build/kobuki_random_walker
[1.359s] Invoked command in '/home/fbot/kobuki_base_ros2/build/kobuki_random_walker' returned '0': AMENT_PREFIX_PATH=/home/fbot/kobuki_base_ros2/install/kobuki_ros_interfaces:${AMENT_PREFIX_PATH} CMAKE_PREFIX_PATH=/home/fbot/kobuki_base_ros2/install/kobuki_ros_interfaces:/opt/ros/humble LD_LIBRARY_PATH=/home/fbot/kobuki_base_ros2/install/kobuki_ros_interfaces/lib:${LD_LIBRARY_PATH} PYTHONPATH=/home/fbot/kobuki_base_ros2/install/kobuki_ros_interfaces/local/lib/python3.10/dist-packages:${PYTHONPATH} /usr/bin/cmake /home/fbot/kobuki_base_ros2/src/kobuki_ros/kobuki_random_walker -DCMAKE_INSTALL_PREFIX=/home/fbot/kobuki_base_ros2/install/kobuki_random_walker
[1.359s] Invoking command in '/home/fbot/kobuki_base_ros2/build/kobuki_random_walker': AMENT_PREFIX_PATH=/home/fbot/kobuki_base_ros2/install/kobuki_ros_interfaces:${AMENT_PREFIX_PATH} CMAKE_PREFIX_PATH=/home/fbot/kobuki_base_ros2/install/kobuki_ros_interfaces:/opt/ros/humble LD_LIBRARY_PATH=/home/fbot/kobuki_base_ros2/install/kobuki_ros_interfaces/lib:${LD_LIBRARY_PATH} PYTHONPATH=/home/fbot/kobuki_base_ros2/install/kobuki_ros_interfaces/local/lib/python3.10/dist-packages:${PYTHONPATH} /usr/bin/cmake --build /home/fbot/kobuki_base_ros2/build/kobuki_random_walker -- -j12 -l12
[1.409s] [ 25%] [32mBuilding CXX object CMakeFiles/kobuki_random_walker_node.dir/rclcpp_components/node_main_kobuki_random_walker_node.cpp.o[0m
[1.410s] [ 50%] [32mBuilding CXX object CMakeFiles/kobuki_random_walker.dir/src/random_walker.cpp.o[0m
[5.932s] [ 75%] [32m[1mLinking CXX executable kobuki_random_walker_node[0m
[6.121s] [ 75%] Built target kobuki_random_walker_node
[23.928s] [100%] [32m[1mLinking CXX shared library libkobuki_random_walker.so[0m
[26.106s] [100%] Built target kobuki_random_walker
[26.120s] Invoked command in '/home/fbot/kobuki_base_ros2/build/kobuki_random_walker' returned '0': AMENT_PREFIX_PATH=/home/fbot/kobuki_base_ros2/install/kobuki_ros_interfaces:${AMENT_PREFIX_PATH} CMAKE_PREFIX_PATH=/home/fbot/kobuki_base_ros2/install/kobuki_ros_interfaces:/opt/ros/humble LD_LIBRARY_PATH=/home/fbot/kobuki_base_ros2/install/kobuki_ros_interfaces/lib:${LD_LIBRARY_PATH} PYTHONPATH=/home/fbot/kobuki_base_ros2/install/kobuki_ros_interfaces/local/lib/python3.10/dist-packages:${PYTHONPATH} /usr/bin/cmake --build /home/fbot/kobuki_base_ros2/build/kobuki_random_walker -- -j12 -l12
[26.122s] Invoking command in '/home/fbot/kobuki_base_ros2/build/kobuki_random_walker': AMENT_PREFIX_PATH=/home/fbot/kobuki_base_ros2/install/kobuki_ros_interfaces:${AMENT_PREFIX_PATH} CMAKE_PREFIX_PATH=/home/fbot/kobuki_base_ros2/install/kobuki_ros_interfaces:/opt/ros/humble LD_LIBRARY_PATH=/home/fbot/kobuki_base_ros2/install/kobuki_ros_interfaces/lib:${LD_LIBRARY_PATH} PYTHONPATH=/home/fbot/kobuki_base_ros2/install/kobuki_ros_interfaces/local/lib/python3.10/dist-packages:${PYTHONPATH} /usr/bin/cmake --install /home/fbot/kobuki_base_ros2/build/kobuki_random_walker
[26.131s] -- Install configuration: ""
[26.131s] -- Installing: /home/fbot/kobuki_base_ros2/install/kobuki_random_walker/lib/kobuki_random_walker/kobuki_random_walker_node
[26.132s] -- Set runtime path of "/home/fbot/kobuki_base_ros2/install/kobuki_random_walker/lib/kobuki_random_walker/kobuki_random_walker_node" to ""
[26.132s] -- Installing: /home/fbot/kobuki_base_ros2/install/kobuki_random_walker/lib/libkobuki_random_walker.so
[26.146s] -- Set runtime path of "/home/fbot/kobuki_base_ros2/install/kobuki_random_walker/lib/libkobuki_random_walker.so" to ""
[26.146s] -- Installing: /home/fbot/kobuki_base_ros2/install/kobuki_random_walker/include/kobuki_random_walker
[26.147s] -- Installing: /home/fbot/kobuki_base_ros2/install/kobuki_random_walker/include/kobuki_random_walker/random_walker.hpp
[26.147s] -- Installing: /home/fbot/kobuki_base_ros2/install/kobuki_random_walker/share/kobuki_random_walker/launch
[26.147s] -- Installing: /home/fbot/kobuki_base_ros2/install/kobuki_random_walker/share/kobuki_random_walker/launch/standalone.launch
[26.147s] -- Installing: /home/fbot/kobuki_base_ros2/install/kobuki_random_walker/share/kobuki_random_walker/launch/random_walker_app.launch
[26.147s] -- Installing: /home/fbot/kobuki_base_ros2/install/kobuki_random_walker/share/kobuki_random_walker/launch/safe_random_walker_app.launch
[26.147s] -- Installing: /home/fbot/kobuki_base_ros2/install/kobuki_random_walker/share/ament_index/resource_index/package_run_dependencies/kobuki_random_walker
[26.148s] -- Installing: /home/fbot/kobuki_base_ros2/install/kobuki_random_walker/share/ament_index/resource_index/parent_prefix_path/kobuki_random_walker
[26.148s] -- Installing: /home/fbot/kobuki_base_ros2/install/kobuki_random_walker/share/kobuki_random_walker/environment/ament_prefix_path.sh
[26.148s] -- Installing: /home/fbot/kobuki_base_ros2/install/kobuki_random_walker/share/kobuki_random_walker/environment/ament_prefix_path.dsv
[26.148s] -- Installing: /home/fbot/kobuki_base_ros2/install/kobuki_random_walker/share/kobuki_random_walker/environment/path.sh
[26.148s] -- Installing: /home/fbot/kobuki_base_ros2/install/kobuki_random_walker/share/kobuki_random_walker/environment/path.dsv
[26.148s] -- Installing: /home/fbot/kobuki_base_ros2/install/kobuki_random_walker/share/kobuki_random_walker/local_setup.bash
[26.148s] -- Installing: /home/fbot/kobuki_base_ros2/install/kobuki_random_walker/share/kobuki_random_walker/local_setup.sh
[26.148s] -- Installing: /home/fbot/kobuki_base_ros2/install/kobuki_random_walker/share/kobuki_random_walker/local_setup.zsh
[26.148s] -- Installing: /home/fbot/kobuki_base_ros2/install/kobuki_random_walker/share/kobuki_random_walker/local_setup.dsv
[26.149s] -- Installing: /home/fbot/kobuki_base_ros2/install/kobuki_random_walker/share/kobuki_random_walker/package.dsv
[26.149s] -- Installing: /home/fbot/kobuki_base_ros2/install/kobuki_random_walker/share/ament_index/resource_index/packages/kobuki_random_walker
[26.149s] -- Installing: /home/fbot/kobuki_base_ros2/install/kobuki_random_walker/share/ament_index/resource_index/rclcpp_components/kobuki_random_walker
[26.149s] -- Installing: /home/fbot/kobuki_base_ros2/install/kobuki_random_walker/share/kobuki_random_walker/cmake/kobuki_random_walkerConfig.cmake
[26.149s] -- Installing: /home/fbot/kobuki_base_ros2/install/kobuki_random_walker/share/kobuki_random_walker/cmake/kobuki_random_walkerConfig-version.cmake
[26.149s] -- Installing: /home/fbot/kobuki_base_ros2/install/kobuki_random_walker/share/kobuki_random_walker/package.xml
[26.152s] Invoked command in '/home/fbot/kobuki_base_ros2/build/kobuki_random_walker' returned '0': AMENT_PREFIX_PATH=/home/fbot/kobuki_base_ros2/install/kobuki_ros_interfaces:${AMENT_PREFIX_PATH} CMAKE_PREFIX_PATH=/home/fbot/kobuki_base_ros2/install/kobuki_ros_interfaces:/opt/ros/humble LD_LIBRARY_PATH=/home/fbot/kobuki_base_ros2/install/kobuki_ros_interfaces/lib:${LD_LIBRARY_PATH} PYTHONPATH=/home/fbot/kobuki_base_ros2/install/kobuki_ros_interfaces/local/lib/python3.10/dist-packages:${PYTHONPATH} /usr/bin/cmake --install /home/fbot/kobuki_base_ros2/build/kobuki_random_walker
