[0.023s] Invoking command in '/home/fbot/kobuki_base_ros2/build/ecl_mpl': CMAKE_PREFIX_PATH=/opt/ros/humble /usr/bin/cmake /home/fbot/kobuki_base_ros2/src/ecl_core/ecl_mpl -DCMAKE_INSTALL_PREFIX=/home/fbot/kobuki_base_ros2/install/ecl_mpl
[0.359s] -- The C compiler identification is GNU 11.4.0
[0.359s] -- The CXX compiler identification is GNU 11.4.0
[0.360s] -- Detecting C compiler ABI info
[0.361s] -- Detecting C compiler ABI info - done
[0.361s] -- Check for working C compiler: /usr/bin/cc - skipped
[0.361s] -- Detecting C compile features
[0.361s] -- Detecting C compile features - done
[0.361s] -- Detecting CXX compiler ABI info
[0.361s] -- Detecting CXX compiler ABI info - done
[0.361s] -- Check for working CXX compiler: /usr/bin/c++ - skipped
[0.361s] -- Detecting CXX compile features
[0.361s] -- Detecting CXX compile features - done
[0.361s] -- Found ament_cmake_ros: 0.10.0 (/opt/ros/humble/share/ament_cmake_ros/cmake)
[0.443s] -- Found Python3: /usr/bin/python3 (found version "3.10.12") found components: Interpreter 
[0.540s] -- Found ecl_build: 1.0.3 (/opt/ros/humble/share/ecl_build/cmake)
[0.550s] -- Found ament_lint_auto: 0.12.15 (/opt/ros/humble/share/ament_lint_auto/cmake)
[0.635s] -- Found gtest sources under '/opt/ros/humble/src/gtest_vendor': C++ tests using 'Google Test' will be built
[0.636s] -- Looking for pthread.h
[0.706s] -- Looking for pthread.h - found
[0.706s] -- Performing Test CMAKE_HAVE_LIBC_PTHREAD
[0.776s] -- Performing Test CMAKE_HAVE_LIBC_PTHREAD - Success
[0.777s] -- Found Threads: TRUE  
[0.863s] -- Configuring done
[0.871s] -- Generating done
[0.875s] -- Build files have been written to: /home/fbot/kobuki_base_ros2/build/ecl_mpl
[0.882s] Invoked command in '/home/fbot/kobuki_base_ros2/build/ecl_mpl' returned '0': CMAKE_PREFIX_PATH=/opt/ros/humble /usr/bin/cmake /home/fbot/kobuki_base_ros2/src/ecl_core/ecl_mpl -DCMAKE_INSTALL_PREFIX=/home/fbot/kobuki_base_ros2/install/ecl_mpl
[0.883s] Invoking command in '/home/fbot/kobuki_base_ros2/build/ecl_mpl': CMAKE_PREFIX_PATH=/opt/ros/humble /usr/bin/cmake --build /home/fbot/kobuki_base_ros2/build/ecl_mpl -- -j12 -l12
[0.924s] [ 16%] [32mBuilding CXX object gtest/CMakeFiles/gtest.dir/src/gtest-all.cc.o[0m
[0.925s] [ 33%] [32mBuilding CXX object gtest/CMakeFiles/gtest_main.dir/src/gtest_main.cc.o[0m
[1.566s] [ 50%] [32m[1mLinking CXX static library libgtest_main.a[0m
[1.618s] [ 50%] Built target gtest_main
[3.584s] [ 66%] [32m[1mLinking CXX static library libgtest.a[0m
[3.652s] [ 66%] Built target gtest
[3.667s] [ 83%] [32mBuilding CXX object src/test/CMakeFiles/test_enable_if.dir/enable_if.cpp.o[0m
[4.302s] [100%] [32m[1mLinking CXX executable test_enable_if[0m
[4.529s] [100%] Built target test_enable_if
[4.542s] Invoked command in '/home/fbot/kobuki_base_ros2/build/ecl_mpl' returned '0': CMAKE_PREFIX_PATH=/opt/ros/humble /usr/bin/cmake --build /home/fbot/kobuki_base_ros2/build/ecl_mpl -- -j12 -l12
[4.544s] Invoking command in '/home/fbot/kobuki_base_ros2/build/ecl_mpl': CMAKE_PREFIX_PATH=/opt/ros/humble /usr/bin/cmake --install /home/fbot/kobuki_base_ros2/build/ecl_mpl
[4.552s] -- Install configuration: ""
[4.553s] -- Installing: /home/fbot/kobuki_base_ros2/install/ecl_mpl/share/ament_index/resource_index/package_run_dependencies/ecl_mpl
[4.553s] -- Installing: /home/fbot/kobuki_base_ros2/install/ecl_mpl/share/ament_index/resource_index/parent_prefix_path/ecl_mpl
[4.553s] -- Installing: /home/fbot/kobuki_base_ros2/install/ecl_mpl/share/ecl_mpl/environment/ament_prefix_path.sh
[4.553s] -- Installing: /home/fbot/kobuki_base_ros2/install/ecl_mpl/share/ecl_mpl/environment/ament_prefix_path.dsv
[4.553s] -- Installing: /home/fbot/kobuki_base_ros2/install/ecl_mpl/share/ecl_mpl/environment/path.sh
[4.553s] -- Installing: /home/fbot/kobuki_base_ros2/install/ecl_mpl/share/ecl_mpl/environment/path.dsv
[4.554s] -- Installing: /home/fbot/kobuki_base_ros2/install/ecl_mpl/share/ecl_mpl/local_setup.bash
[4.554s] -- Installing: /home/fbot/kobuki_base_ros2/install/ecl_mpl/share/ecl_mpl/local_setup.sh
[4.554s] -- Installing: /home/fbot/kobuki_base_ros2/install/ecl_mpl/share/ecl_mpl/local_setup.zsh
[4.554s] -- Installing: /home/fbot/kobuki_base_ros2/install/ecl_mpl/share/ecl_mpl/local_setup.dsv
[4.554s] -- Installing: /home/fbot/kobuki_base_ros2/install/ecl_mpl/share/ecl_mpl/package.dsv
[4.554s] -- Installing: /home/fbot/kobuki_base_ros2/install/ecl_mpl/share/ament_index/resource_index/packages/ecl_mpl
[4.555s] -- Installing: /home/fbot/kobuki_base_ros2/install/ecl_mpl/share/ecl_mpl/cmake/ecl_mplExport.cmake
[4.555s] -- Installing: /home/fbot/kobuki_base_ros2/install/ecl_mpl/share/ecl_mpl/cmake/ament_cmake_export_targets-extras.cmake
[4.555s] -- Installing: /home/fbot/kobuki_base_ros2/install/ecl_mpl/share/ecl_mpl/cmake/ament_cmake_export_include_directories-extras.cmake
[4.555s] -- Installing: /home/fbot/kobuki_base_ros2/install/ecl_mpl/share/ecl_mpl/cmake/ecl_mplConfig.cmake
[4.555s] -- Installing: /home/fbot/kobuki_base_ros2/install/ecl_mpl/share/ecl_mpl/cmake/ecl_mplConfig-version.cmake
[4.555s] -- Installing: /home/fbot/kobuki_base_ros2/install/ecl_mpl/share/ecl_mpl/package.xml
[4.556s] -- Installing: /home/fbot/kobuki_base_ros2/install/ecl_mpl/include/ecl/mpl.hpp
[4.556s] -- Installing: /home/fbot/kobuki_base_ros2/install/ecl_mpl/include/ecl/mpl/bool.hpp
[4.556s] -- Installing: /home/fbot/kobuki_base_ros2/install/ecl_mpl/include/ecl/mpl/converters.hpp
[4.556s] -- Installing: /home/fbot/kobuki_base_ros2/install/ecl_mpl/include/ecl/mpl/enable_if.hpp
[4.557s] -- Installing: /home/fbot/kobuki_base_ros2/install/ecl_mpl/include/ecl/mpl/failed_object.hpp
[4.557s] -- Installing: /home/fbot/kobuki_base_ros2/install/ecl_mpl/include/ecl/mpl/if.hpp
[4.560s] Invoked command in '/home/fbot/kobuki_base_ros2/build/ecl_mpl' returned '0': CMAKE_PREFIX_PATH=/opt/ros/humble /usr/bin/cmake --install /home/fbot/kobuki_base_ros2/build/ecl_mpl
