[0.013s] Invoking command in '/home/fbot/kobuki_base_ros2/build/ecl_math': AMENT_PREFIX_PATH=/home/fbot/kobuki_base_ros2/install/ecl_type_traits:/home/fbot/kobuki_base_ros2/install/ecl_mpl:/home/fbot/kobuki_base_ros2/install/ecl_config:${AMENT_PREFIX_PATH} CMAKE_PREFIX_PATH=/home/fbot/kobuki_base_ros2/install/ecl_type_traits:/home/fbot/kobuki_base_ros2/install/ecl_mpl:/home/fbot/kobuki_base_ros2/install/ecl_config:/opt/ros/humble LD_LIBRARY_PATH=/home/fbot/kobuki_base_ros2/install/ecl_type_traits/lib:${LD_LIBRARY_PATH} PATH=/home/fbot/kobuki_base_ros2/install/ecl_type_traits/bin:/home/fbot/kobuki_base_ros2/install/ecl_config/bin:${PATH} /usr/bin/cmake /home/fbot/kobuki_base_ros2/src/ecl_core/ecl_math -DCMAKE_INSTALL_PREFIX=/home/fbot/kobuki_base_ros2/install/ecl_math
[0.075s] -- The C compiler identification is GNU 11.4.0
[0.154s] -- The CXX compiler identification is GNU 11.4.0
[0.162s] -- Detecting C compiler ABI info
[0.256s] -- Detecting C compiler ABI info - done
[0.268s] -- Check for working C compiler: /usr/bin/cc - skipped
[0.268s] -- Detecting C compile features
[0.269s] -- Detecting C compile features - done
[0.273s] -- Detecting CXX compiler ABI info
[0.371s] -- Detecting CXX compiler ABI info - done
[0.383s] -- Check for working CXX compiler: /usr/bin/c++ - skipped
[0.384s] -- Detecting CXX compile features
[0.384s] -- Detecting CXX compile features - done
[0.387s] -- Found ament_cmake_ros: 0.10.0 (/opt/ros/humble/share/ament_cmake_ros/cmake)
[0.554s] -- Found Python3: /usr/bin/python3 (found version "3.10.12") found components: Interpreter 
[0.645s] -- Found ecl_build: 1.0.3 (/opt/ros/humble/share/ecl_build/cmake)
[0.652s] -- Found ecl_type_traits: 1.2.1 (/home/fbot/kobuki_base_ros2/install/ecl_type_traits/share/ecl_type_traits/cmake)
[0.663s] -- Found ament_lint_auto: 0.12.15 (/opt/ros/humble/share/ament_lint_auto/cmake)
[0.731s] -- Found gtest sources under '/opt/ros/humble/src/gtest_vendor': C++ tests using 'Google Test' will be built
[0.733s] -- Looking for pthread.h
[0.786s] -- Looking for pthread.h - found
[0.786s] -- Performing Test CMAKE_HAVE_LIBC_PTHREAD
[0.842s] -- Performing Test CMAKE_HAVE_LIBC_PTHREAD - Success
[0.843s] -- Found Threads: TRUE  
[0.912s] -- Configuring done
[0.928s] -- Generating done
[0.935s] -- Build files have been written to: /home/fbot/kobuki_base_ros2/build/ecl_math
[0.942s] Invoked command in '/home/fbot/kobuki_base_ros2/build/ecl_math' returned '0': AMENT_PREFIX_PATH=/home/fbot/kobuki_base_ros2/install/ecl_type_traits:/home/fbot/kobuki_base_ros2/install/ecl_mpl:/home/fbot/kobuki_base_ros2/install/ecl_config:${AMENT_PREFIX_PATH} CMAKE_PREFIX_PATH=/home/fbot/kobuki_base_ros2/install/ecl_type_traits:/home/fbot/kobuki_base_ros2/install/ecl_mpl:/home/fbot/kobuki_base_ros2/install/ecl_config:/opt/ros/humble LD_LIBRARY_PATH=/home/fbot/kobuki_base_ros2/install/ecl_type_traits/lib:${LD_LIBRARY_PATH} PATH=/home/fbot/kobuki_base_ros2/install/ecl_type_traits/bin:/home/fbot/kobuki_base_ros2/install/ecl_config/bin:${PATH} /usr/bin/cmake /home/fbot/kobuki_base_ros2/src/ecl_core/ecl_math -DCMAKE_INSTALL_PREFIX=/home/fbot/kobuki_base_ros2/install/ecl_math
[0.944s] Invoking command in '/home/fbot/kobuki_base_ros2/build/ecl_math': AMENT_PREFIX_PATH=/home/fbot/kobuki_base_ros2/install/ecl_type_traits:/home/fbot/kobuki_base_ros2/install/ecl_mpl:/home/fbot/kobuki_base_ros2/install/ecl_config:${AMENT_PREFIX_PATH} CMAKE_PREFIX_PATH=/home/fbot/kobuki_base_ros2/install/ecl_type_traits:/home/fbot/kobuki_base_ros2/install/ecl_mpl:/home/fbot/kobuki_base_ros2/install/ecl_config:/opt/ros/humble LD_LIBRARY_PATH=/home/fbot/kobuki_base_ros2/install/ecl_type_traits/lib:${LD_LIBRARY_PATH} PATH=/home/fbot/kobuki_base_ros2/install/ecl_type_traits/bin:/home/fbot/kobuki_base_ros2/install/ecl_config/bin:${PATH} /usr/bin/cmake --build /home/fbot/kobuki_base_ros2/build/ecl_math -- -j12 -l12
[0.981s] [  8%] [32mBuilding CXX object gtest/CMakeFiles/gtest_main.dir/src/gtest_main.cc.o[0m
[0.986s] [ 16%] [32mBuilding CXX object gtest/CMakeFiles/gtest.dir/src/gtest-all.cc.o[0m
[1.501s] [ 25%] [32m[1mLinking CXX static library libgtest_main.a[0m
[1.556s] [ 25%] Built target gtest_main
[4.089s] [ 33%] [32m[1mLinking CXX static library libgtest.a[0m
[4.159s] [ 33%] Built target gtest
[4.175s] [ 41%] [32mBuilding CXX object src/test/CMakeFiles/ecl_test_fuzzy.dir/fuzzy.cpp.o[0m
[4.176s] [ 50%] [32mBuilding CXX object src/test/CMakeFiles/ecl_test_simple.dir/simple.cpp.o[0m
[4.178s] [ 58%] [32mBuilding CXX object src/test/CMakeFiles/ecl_test_norms.dir/norms.cpp.o[0m
[4.178s] [ 66%] [32mBuilding CXX object src/test/CMakeFiles/ecl_test_constants.dir/constants.cpp.o[0m
[5.024s] [ 75%] [32m[1mLinking CXX executable ecl_test_norms[0m
[5.138s] [ 83%] [32m[1mLinking CXX executable ecl_test_constants[0m
[5.149s] [ 91%] [32m[1mLinking CXX executable ecl_test_simple[0m
[5.152s] [100%] [32m[1mLinking CXX executable ecl_test_fuzzy[0m
[5.251s] [100%] Built target ecl_test_norms
[5.351s] [100%] Built target ecl_test_constants
[5.353s] [100%] Built target ecl_test_fuzzy
[5.370s] [100%] Built target ecl_test_simple
[5.384s] Invoked command in '/home/fbot/kobuki_base_ros2/build/ecl_math' returned '0': AMENT_PREFIX_PATH=/home/fbot/kobuki_base_ros2/install/ecl_type_traits:/home/fbot/kobuki_base_ros2/install/ecl_mpl:/home/fbot/kobuki_base_ros2/install/ecl_config:${AMENT_PREFIX_PATH} CMAKE_PREFIX_PATH=/home/fbot/kobuki_base_ros2/install/ecl_type_traits:/home/fbot/kobuki_base_ros2/install/ecl_mpl:/home/fbot/kobuki_base_ros2/install/ecl_config:/opt/ros/humble LD_LIBRARY_PATH=/home/fbot/kobuki_base_ros2/install/ecl_type_traits/lib:${LD_LIBRARY_PATH} PATH=/home/fbot/kobuki_base_ros2/install/ecl_type_traits/bin:/home/fbot/kobuki_base_ros2/install/ecl_config/bin:${PATH} /usr/bin/cmake --build /home/fbot/kobuki_base_ros2/build/ecl_math -- -j12 -l12
[5.385s] Invoking command in '/home/fbot/kobuki_base_ros2/build/ecl_math': AMENT_PREFIX_PATH=/home/fbot/kobuki_base_ros2/install/ecl_type_traits:/home/fbot/kobuki_base_ros2/install/ecl_mpl:/home/fbot/kobuki_base_ros2/install/ecl_config:${AMENT_PREFIX_PATH} CMAKE_PREFIX_PATH=/home/fbot/kobuki_base_ros2/install/ecl_type_traits:/home/fbot/kobuki_base_ros2/install/ecl_mpl:/home/fbot/kobuki_base_ros2/install/ecl_config:/opt/ros/humble LD_LIBRARY_PATH=/home/fbot/kobuki_base_ros2/install/ecl_type_traits/lib:${LD_LIBRARY_PATH} PATH=/home/fbot/kobuki_base_ros2/install/ecl_type_traits/bin:/home/fbot/kobuki_base_ros2/install/ecl_config/bin:${PATH} /usr/bin/cmake --install /home/fbot/kobuki_base_ros2/build/ecl_math
[5.398s] -- Install configuration: ""
[5.398s] -- Installing: /home/fbot/kobuki_base_ros2/install/ecl_math/share/ament_index/resource_index/package_run_dependencies/ecl_math
[5.398s] -- Installing: /home/fbot/kobuki_base_ros2/install/ecl_math/share/ament_index/resource_index/parent_prefix_path/ecl_math
[5.398s] -- Installing: /home/fbot/kobuki_base_ros2/install/ecl_math/share/ecl_math/environment/ament_prefix_path.sh
[5.398s] -- Installing: /home/fbot/kobuki_base_ros2/install/ecl_math/share/ecl_math/environment/ament_prefix_path.dsv
[5.398s] -- Installing: /home/fbot/kobuki_base_ros2/install/ecl_math/share/ecl_math/environment/path.sh
[5.398s] -- Installing: /home/fbot/kobuki_base_ros2/install/ecl_math/share/ecl_math/environment/path.dsv
[5.399s] -- Installing: /home/fbot/kobuki_base_ros2/install/ecl_math/share/ecl_math/local_setup.bash
[5.399s] -- Installing: /home/fbot/kobuki_base_ros2/install/ecl_math/share/ecl_math/local_setup.sh
[5.399s] -- Installing: /home/fbot/kobuki_base_ros2/install/ecl_math/share/ecl_math/local_setup.zsh
[5.399s] -- Installing: /home/fbot/kobuki_base_ros2/install/ecl_math/share/ecl_math/local_setup.dsv
[5.399s] -- Installing: /home/fbot/kobuki_base_ros2/install/ecl_math/share/ecl_math/package.dsv
[5.399s] -- Installing: /home/fbot/kobuki_base_ros2/install/ecl_math/share/ament_index/resource_index/packages/ecl_math
[5.399s] -- Installing: /home/fbot/kobuki_base_ros2/install/ecl_math/share/ecl_math/cmake/ecl_mathExport.cmake
[5.399s] -- Installing: /home/fbot/kobuki_base_ros2/install/ecl_math/share/ecl_math/cmake/ament_cmake_export_targets-extras.cmake
[5.399s] -- Installing: /home/fbot/kobuki_base_ros2/install/ecl_math/share/ecl_math/cmake/ament_cmake_export_include_directories-extras.cmake
[5.399s] -- Installing: /home/fbot/kobuki_base_ros2/install/ecl_math/share/ecl_math/cmake/ament_cmake_export_dependencies-extras.cmake
[5.399s] -- Installing: /home/fbot/kobuki_base_ros2/install/ecl_math/share/ecl_math/cmake/ecl_mathConfig.cmake
[5.399s] -- Installing: /home/fbot/kobuki_base_ros2/install/ecl_math/share/ecl_math/cmake/ecl_mathConfig-version.cmake
[5.399s] -- Installing: /home/fbot/kobuki_base_ros2/install/ecl_math/share/ecl_math/package.xml
[5.400s] -- Installing: /home/fbot/kobuki_base_ros2/install/ecl_math/include/ecl/math.hpp
[5.400s] -- Installing: /home/fbot/kobuki_base_ros2/install/ecl_math/include/ecl/math/constants.hpp
[5.400s] -- Installing: /home/fbot/kobuki_base_ros2/install/ecl_math/include/ecl/math/fuzzy.hpp
[5.400s] -- Installing: /home/fbot/kobuki_base_ros2/install/ecl_math/include/ecl/math/norms.hpp
[5.400s] -- Installing: /home/fbot/kobuki_base_ros2/install/ecl_math/include/ecl/math/simple.hpp
[5.402s] Invoked command in '/home/fbot/kobuki_base_ros2/build/ecl_math' returned '0': AMENT_PREFIX_PATH=/home/fbot/kobuki_base_ros2/install/ecl_type_traits:/home/fbot/kobuki_base_ros2/install/ecl_mpl:/home/fbot/kobuki_base_ros2/install/ecl_config:${AMENT_PREFIX_PATH} CMAKE_PREFIX_PATH=/home/fbot/kobuki_base_ros2/install/ecl_type_traits:/home/fbot/kobuki_base_ros2/install/ecl_mpl:/home/fbot/kobuki_base_ros2/install/ecl_config:/opt/ros/humble LD_LIBRARY_PATH=/home/fbot/kobuki_base_ros2/install/ecl_type_traits/lib:${LD_LIBRARY_PATH} PATH=/home/fbot/kobuki_base_ros2/install/ecl_type_traits/bin:/home/fbot/kobuki_base_ros2/install/ecl_config/bin:${PATH} /usr/bin/cmake --install /home/fbot/kobuki_base_ros2/build/ecl_math
