-- The C compiler identification is GNU 11.4.0
-- The CXX compiler identification is GNU 11.4.0
-- Detecting C compiler ABI info
-- Detecting C compiler ABI info - done
-- Check for working C compiler: /usr/bin/cc - skipped
-- Detecting C compile features
-- Detecting C compile features - done
-- Detecting CXX compiler ABI info
-- Detecting CXX compiler ABI info - done
-- Check for working CXX compiler: /usr/bin/c++ - skipped
-- Detecting CXX compile features
-- Detecting CXX compile features - done
-- Found ament_cmake_ros: 0.10.0 (/opt/ros/humble/share/ament_cmake_ros/cmake)
-- Found Python3: /usr/bin/python3 (found version "3.10.12") found components: Interpreter 
-- Found ecl_build: 1.0.3 (/opt/ros/humble/share/ecl_build/cmake)
-- Found ecl_errors: 1.2.0 (/home/fbot/kobuki_base_ros2/install/ecl_errors/share/ecl_errors/cmake)
-- Found ecl_formatters: 1.2.1 (/home/fbot/kobuki_base_ros2/install/ecl_formatters/share/ecl_formatters/cmake)
-- Found ecl_geometry: 1.2.1 (/home/fbot/kobuki_base_ros2/install/ecl_geometry/share/ecl_geometry/cmake)
-- Found ament_lint_auto: 0.12.15 (/opt/ros/humble/share/ament_lint_auto/cmake)
-- Found gtest sources under '/opt/ros/humble/src/gtest_vendor': C++ tests using 'Google Test' will be built
-- Found Threads: TRUE  
-- Configuring done
-- Generating done
-- Build files have been written to: /home/fbot/kobuki_base_ros2/build/ecl_mobile_robot
[ 25%] [32mBuilding CXX object src/lib/CMakeFiles/ecl_mobile_robot.dir/differential_drive.cpp.o[0m
[ 25%] [32mBuilding CXX object gtest/CMakeFiles/gtest.dir/src/gtest-all.cc.o[0m
[ 37%] [32mBuilding CXX object gtest/CMakeFiles/gtest_main.dir/src/gtest_main.cc.o[0m
[ 50%] [32m[1mLinking CXX static library libgtest_main.a[0m
[ 50%] Built target gtest_main
[ 62%] [32m[1mLinking CXX shared library libecl_mobile_robot.so[0m
[ 62%] Built target ecl_mobile_robot
[ 75%] [32m[1mLinking CXX static library libgtest.a[0m
[ 75%] Built target gtest
[ 87%] [32mBuilding CXX object src/test/CMakeFiles/ecl_test_partial_inverse.dir/partial_inverse.cpp.o[0m
[100%] [32m[1mLinking CXX executable ecl_test_partial_inverse[0m
[100%] Built target ecl_test_partial_inverse
-- Install configuration: ""
-- Installing: /home/fbot/kobuki_base_ros2/install/ecl_mobile_robot/share/ecl_mobile_robot/environment/library_path.sh
-- Installing: /home/fbot/kobuki_base_ros2/install/ecl_mobile_robot/share/ecl_mobile_robot/environment/library_path.dsv
-- Installing: /home/fbot/kobuki_base_ros2/install/ecl_mobile_robot/share/ament_index/resource_index/package_run_dependencies/ecl_mobile_robot
-- Installing: /home/fbot/kobuki_base_ros2/install/ecl_mobile_robot/share/ament_index/resource_index/parent_prefix_path/ecl_mobile_robot
-- Installing: /home/fbot/kobuki_base_ros2/install/ecl_mobile_robot/share/ecl_mobile_robot/environment/ament_prefix_path.sh
-- Installing: /home/fbot/kobuki_base_ros2/install/ecl_mobile_robot/share/ecl_mobile_robot/environment/ament_prefix_path.dsv
-- Installing: /home/fbot/kobuki_base_ros2/install/ecl_mobile_robot/share/ecl_mobile_robot/environment/path.sh
-- Installing: /home/fbot/kobuki_base_ros2/install/ecl_mobile_robot/share/ecl_mobile_robot/environment/path.dsv
-- Installing: /home/fbot/kobuki_base_ros2/install/ecl_mobile_robot/share/ecl_mobile_robot/local_setup.bash
-- Installing: /home/fbot/kobuki_base_ros2/install/ecl_mobile_robot/share/ecl_mobile_robot/local_setup.sh
-- Installing: /home/fbot/kobuki_base_ros2/install/ecl_mobile_robot/share/ecl_mobile_robot/local_setup.zsh
-- Installing: /home/fbot/kobuki_base_ros2/install/ecl_mobile_robot/share/ecl_mobile_robot/local_setup.dsv
-- Installing: /home/fbot/kobuki_base_ros2/install/ecl_mobile_robot/share/ecl_mobile_robot/package.dsv
-- Installing: /home/fbot/kobuki_base_ros2/install/ecl_mobile_robot/share/ament_index/resource_index/packages/ecl_mobile_robot
-- Installing: /home/fbot/kobuki_base_ros2/install/ecl_mobile_robot/share/ecl_mobile_robot/cmake/ecl_mobile_robotExport.cmake
-- Installing: /home/fbot/kobuki_base_ros2/install/ecl_mobile_robot/share/ecl_mobile_robot/cmake/ecl_mobile_robotExport-noconfig.cmake
-- Installing: /home/fbot/kobuki_base_ros2/install/ecl_mobile_robot/share/ecl_mobile_robot/cmake/ament_cmake_export_targets-extras.cmake
-- Installing: /home/fbot/kobuki_base_ros2/install/ecl_mobile_robot/share/ecl_mobile_robot/cmake/ament_cmake_export_include_directories-extras.cmake
-- Installing: /home/fbot/kobuki_base_ros2/install/ecl_mobile_robot/share/ecl_mobile_robot/cmake/ament_cmake_export_libraries-extras.cmake
-- Installing: /home/fbot/kobuki_base_ros2/install/ecl_mobile_robot/share/ecl_mobile_robot/cmake/ament_cmake_export_dependencies-extras.cmake
-- Installing: /home/fbot/kobuki_base_ros2/install/ecl_mobile_robot/share/ecl_mobile_robot/cmake/ecl_mobile_robotConfig.cmake
-- Installing: /home/fbot/kobuki_base_ros2/install/ecl_mobile_robot/share/ecl_mobile_robot/cmake/ecl_mobile_robotConfig-version.cmake
-- Installing: /home/fbot/kobuki_base_ros2/install/ecl_mobile_robot/share/ecl_mobile_robot/package.xml
-- Installing: /home/fbot/kobuki_base_ros2/install/ecl_mobile_robot/include/ecl/mobile_robot.hpp
-- Installing: /home/fbot/kobuki_base_ros2/install/ecl_mobile_robot/include/ecl/mobile_robot/differential_drive.hpp
-- Installing: /home/fbot/kobuki_base_ros2/install/ecl_mobile_robot/include/ecl/mobile_robot/macros.hpp
-- Installing: /home/fbot/kobuki_base_ros2/install/ecl_mobile_robot/include/ecl/mobile_robot/kinematics/differential_drive.hpp
-- Installing: /home/fbot/kobuki_base_ros2/install/ecl_mobile_robot/lib/libecl_mobile_robot.so.1.2.1
-- Set runtime path of "/home/fbot/kobuki_base_ros2/install/ecl_mobile_robot/lib/libecl_mobile_robot.so.1.2.1" to ""
-- Installing: /home/fbot/kobuki_base_ros2/install/ecl_mobile_robot/lib/libecl_mobile_robot.so
