[0.018s] Invoking command in '/home/fbot/kobuki_base_ros2/build/ecl_mobile_robot': AMENT_PREFIX_PATH=/home/fbot/kobuki_base_ros2/install/ecl_geometry:/home/fbot/kobuki_base_ros2/install/ecl_linear_algebra:/home/fbot/kobuki_base_ros2/install/ecl_containers:/home/fbot/kobuki_base_ros2/install/ecl_formatters:/home/fbot/kobuki_base_ros2/install/ecl_utilities:/home/fbot/kobuki_base_ros2/install/ecl_converters:/home/fbot/kobuki_base_ros2/install/ecl_math:/home/fbot/kobuki_base_ros2/install/ecl_exceptions:/home/fbot/kobuki_base_ros2/install/ecl_concepts:/home/fbot/kobuki_base_ros2/install/ecl_type_traits:/home/fbot/kobuki_base_ros2/install/ecl_errors:/home/fbot/kobuki_base_ros2/install/ecl_mpl:/home/fbot/kobuki_base_ros2/install/ecl_eigen:/home/fbot/kobuki_base_ros2/install/ecl_config:${AMENT_PREFIX_PATH} CMAKE_PREFIX_PATH=/home/fbot/kobuki_base_ros2/install/ecl_geometry:/home/fbot/kobuki_base_ros2/install/ecl_linear_algebra:/home/fbot/kobuki_base_ros2/install/ecl_containers:/home/fbot/kobuki_base_ros2/install/ecl_formatters:/home/fbot/kobuki_base_ros2/install/ecl_utilities:/home/fbot/kobuki_base_ros2/install/ecl_converters:/home/fbot/kobuki_base_ros2/install/ecl_math:/home/fbot/kobuki_base_ros2/install/ecl_exceptions:/home/fbot/kobuki_base_ros2/install/ecl_concepts:/home/fbot/kobuki_base_ros2/install/ecl_type_traits:/home/fbot/kobuki_base_ros2/install/ecl_errors:/home/fbot/kobuki_base_ros2/install/ecl_mpl:/home/fbot/kobuki_base_ros2/install/ecl_eigen:/home/fbot/kobuki_base_ros2/install/ecl_config:/opt/ros/humble LD_LIBRARY_PATH=/home/fbot/kobuki_base_ros2/install/ecl_geometry/lib:/home/fbot/kobuki_base_ros2/install/ecl_linear_algebra/lib:/home/fbot/kobuki_base_ros2/install/ecl_formatters/lib:/home/fbot/kobuki_base_ros2/install/ecl_exceptions/lib:/home/fbot/kobuki_base_ros2/install/ecl_type_traits/lib:/home/fbot/kobuki_base_ros2/install/ecl_errors/lib:${LD_LIBRARY_PATH} PATH=/home/fbot/kobuki_base_ros2/install/ecl_type_traits/bin:/home/fbot/kobuki_base_ros2/install/ecl_config/bin:${PATH} /usr/bin/cmake /home/fbot/kobuki_base_ros2/src/ecl_core/ecl_mobile_robot -DCMAKE_INSTALL_PREFIX=/home/fbot/kobuki_base_ros2/install/ecl_mobile_robot
[0.062s] -- The C compiler identification is GNU 11.4.0
[0.105s] -- The CXX compiler identification is GNU 11.4.0
[0.111s] -- Detecting C compiler ABI info
[0.162s] -- Detecting C compiler ABI info - done
[0.169s] -- Check for working C compiler: /usr/bin/cc - skipped
[0.169s] -- Detecting C compile features
[0.170s] -- Detecting C compile features - done
[0.172s] -- Detecting CXX compiler ABI info
[0.236s] -- Detecting CXX compiler ABI info - done
[0.243s] -- Check for working CXX compiler: /usr/bin/c++ - skipped
[0.243s] -- Detecting CXX compile features
[0.243s] -- Detecting CXX compile features - done
[0.246s] -- Found ament_cmake_ros: 0.10.0 (/opt/ros/humble/share/ament_cmake_ros/cmake)
[0.379s] -- Found Python3: /usr/bin/python3 (found version "3.10.12") found components: Interpreter 
[0.478s] -- Found ecl_build: 1.0.3 (/opt/ros/humble/share/ecl_build/cmake)
[0.483s] -- Found ecl_errors: 1.2.0 (/home/fbot/kobuki_base_ros2/install/ecl_errors/share/ecl_errors/cmake)
[0.487s] -- Found ecl_formatters: 1.2.1 (/home/fbot/kobuki_base_ros2/install/ecl_formatters/share/ecl_formatters/cmake)
[0.501s] -- Found ecl_geometry: 1.2.1 (/home/fbot/kobuki_base_ros2/install/ecl_geometry/share/ecl_geometry/cmake)
[0.713s] -- Found ament_lint_auto: 0.12.15 (/opt/ros/humble/share/ament_lint_auto/cmake)
[0.733s] -- Found gtest sources under '/opt/ros/humble/src/gtest_vendor': C++ tests using 'Google Test' will be built
[0.735s] -- Found Threads: TRUE  
[0.740s] -- Configuring done
[0.751s] -- Generating done
[0.756s] -- Build files have been written to: /home/fbot/kobuki_base_ros2/build/ecl_mobile_robot
[0.761s] Invoked command in '/home/fbot/kobuki_base_ros2/build/ecl_mobile_robot' returned '0': AMENT_PREFIX_PATH=/home/fbot/kobuki_base_ros2/install/ecl_geometry:/home/fbot/kobuki_base_ros2/install/ecl_linear_algebra:/home/fbot/kobuki_base_ros2/install/ecl_containers:/home/fbot/kobuki_base_ros2/install/ecl_formatters:/home/fbot/kobuki_base_ros2/install/ecl_utilities:/home/fbot/kobuki_base_ros2/install/ecl_converters:/home/fbot/kobuki_base_ros2/install/ecl_math:/home/fbot/kobuki_base_ros2/install/ecl_exceptions:/home/fbot/kobuki_base_ros2/install/ecl_concepts:/home/fbot/kobuki_base_ros2/install/ecl_type_traits:/home/fbot/kobuki_base_ros2/install/ecl_errors:/home/fbot/kobuki_base_ros2/install/ecl_mpl:/home/fbot/kobuki_base_ros2/install/ecl_eigen:/home/fbot/kobuki_base_ros2/install/ecl_config:${AMENT_PREFIX_PATH} CMAKE_PREFIX_PATH=/home/fbot/kobuki_base_ros2/install/ecl_geometry:/home/fbot/kobuki_base_ros2/install/ecl_linear_algebra:/home/fbot/kobuki_base_ros2/install/ecl_containers:/home/fbot/kobuki_base_ros2/install/ecl_formatters:/home/fbot/kobuki_base_ros2/install/ecl_utilities:/home/fbot/kobuki_base_ros2/install/ecl_converters:/home/fbot/kobuki_base_ros2/install/ecl_math:/home/fbot/kobuki_base_ros2/install/ecl_exceptions:/home/fbot/kobuki_base_ros2/install/ecl_concepts:/home/fbot/kobuki_base_ros2/install/ecl_type_traits:/home/fbot/kobuki_base_ros2/install/ecl_errors:/home/fbot/kobuki_base_ros2/install/ecl_mpl:/home/fbot/kobuki_base_ros2/install/ecl_eigen:/home/fbot/kobuki_base_ros2/install/ecl_config:/opt/ros/humble LD_LIBRARY_PATH=/home/fbot/kobuki_base_ros2/install/ecl_geometry/lib:/home/fbot/kobuki_base_ros2/install/ecl_linear_algebra/lib:/home/fbot/kobuki_base_ros2/install/ecl_formatters/lib:/home/fbot/kobuki_base_ros2/install/ecl_exceptions/lib:/home/fbot/kobuki_base_ros2/install/ecl_type_traits/lib:/home/fbot/kobuki_base_ros2/install/ecl_errors/lib:${LD_LIBRARY_PATH} PATH=/home/fbot/kobuki_base_ros2/install/ecl_type_traits/bin:/home/fbot/kobuki_base_ros2/install/ecl_config/bin:${PATH} /usr/bin/cmake /home/fbot/kobuki_base_ros2/src/ecl_core/ecl_mobile_robot -DCMAKE_INSTALL_PREFIX=/home/fbot/kobuki_base_ros2/install/ecl_mobile_robot
[0.763s] Invoking command in '/home/fbot/kobuki_base_ros2/build/ecl_mobile_robot': AMENT_PREFIX_PATH=/home/fbot/kobuki_base_ros2/install/ecl_geometry:/home/fbot/kobuki_base_ros2/install/ecl_linear_algebra:/home/fbot/kobuki_base_ros2/install/ecl_containers:/home/fbot/kobuki_base_ros2/install/ecl_formatters:/home/fbot/kobuki_base_ros2/install/ecl_utilities:/home/fbot/kobuki_base_ros2/install/ecl_converters:/home/fbot/kobuki_base_ros2/install/ecl_math:/home/fbot/kobuki_base_ros2/install/ecl_exceptions:/home/fbot/kobuki_base_ros2/install/ecl_concepts:/home/fbot/kobuki_base_ros2/install/ecl_type_traits:/home/fbot/kobuki_base_ros2/install/ecl_errors:/home/fbot/kobuki_base_ros2/install/ecl_mpl:/home/fbot/kobuki_base_ros2/install/ecl_eigen:/home/fbot/kobuki_base_ros2/install/ecl_config:${AMENT_PREFIX_PATH} CMAKE_PREFIX_PATH=/home/fbot/kobuki_base_ros2/install/ecl_geometry:/home/fbot/kobuki_base_ros2/install/ecl_linear_algebra:/home/fbot/kobuki_base_ros2/install/ecl_containers:/home/fbot/kobuki_base_ros2/install/ecl_formatters:/home/fbot/kobuki_base_ros2/install/ecl_utilities:/home/fbot/kobuki_base_ros2/install/ecl_converters:/home/fbot/kobuki_base_ros2/install/ecl_math:/home/fbot/kobuki_base_ros2/install/ecl_exceptions:/home/fbot/kobuki_base_ros2/install/ecl_concepts:/home/fbot/kobuki_base_ros2/install/ecl_type_traits:/home/fbot/kobuki_base_ros2/install/ecl_errors:/home/fbot/kobuki_base_ros2/install/ecl_mpl:/home/fbot/kobuki_base_ros2/install/ecl_eigen:/home/fbot/kobuki_base_ros2/install/ecl_config:/opt/ros/humble LD_LIBRARY_PATH=/home/fbot/kobuki_base_ros2/install/ecl_geometry/lib:/home/fbot/kobuki_base_ros2/install/ecl_linear_algebra/lib:/home/fbot/kobuki_base_ros2/install/ecl_formatters/lib:/home/fbot/kobuki_base_ros2/install/ecl_exceptions/lib:/home/fbot/kobuki_base_ros2/install/ecl_type_traits/lib:/home/fbot/kobuki_base_ros2/install/ecl_errors/lib:${LD_LIBRARY_PATH} PATH=/home/fbot/kobuki_base_ros2/install/ecl_type_traits/bin:/home/fbot/kobuki_base_ros2/install/ecl_config/bin:${PATH} /usr/bin/cmake --build /home/fbot/kobuki_base_ros2/build/ecl_mobile_robot -- -j12 -l12
[0.801s] [ 25%] [32mBuilding CXX object src/lib/CMakeFiles/ecl_mobile_robot.dir/differential_drive.cpp.o[0m
[0.801s] [ 25%] [32mBuilding CXX object gtest/CMakeFiles/gtest.dir/src/gtest-all.cc.o[0m
[0.802s] [ 37%] [32mBuilding CXX object gtest/CMakeFiles/gtest_main.dir/src/gtest_main.cc.o[0m
[1.904s] [ 50%] [32m[1mLinking CXX static library libgtest_main.a[0m
[2.064s] [ 50%] Built target gtest_main
[4.344s] [ 62%] [32m[1mLinking CXX shared library libecl_mobile_robot.so[0m
[4.527s] [ 62%] Built target ecl_mobile_robot
[5.448s] [ 75%] [32m[1mLinking CXX static library libgtest.a[0m
[5.530s] [ 75%] Built target gtest
[5.549s] [ 87%] [32mBuilding CXX object src/test/CMakeFiles/ecl_test_partial_inverse.dir/partial_inverse.cpp.o[0m
[7.436s] [100%] [32m[1mLinking CXX executable ecl_test_partial_inverse[0m
[7.587s] [100%] Built target ecl_test_partial_inverse
[7.597s] Invoked command in '/home/fbot/kobuki_base_ros2/build/ecl_mobile_robot' returned '0': AMENT_PREFIX_PATH=/home/fbot/kobuki_base_ros2/install/ecl_geometry:/home/fbot/kobuki_base_ros2/install/ecl_linear_algebra:/home/fbot/kobuki_base_ros2/install/ecl_containers:/home/fbot/kobuki_base_ros2/install/ecl_formatters:/home/fbot/kobuki_base_ros2/install/ecl_utilities:/home/fbot/kobuki_base_ros2/install/ecl_converters:/home/fbot/kobuki_base_ros2/install/ecl_math:/home/fbot/kobuki_base_ros2/install/ecl_exceptions:/home/fbot/kobuki_base_ros2/install/ecl_concepts:/home/fbot/kobuki_base_ros2/install/ecl_type_traits:/home/fbot/kobuki_base_ros2/install/ecl_errors:/home/fbot/kobuki_base_ros2/install/ecl_mpl:/home/fbot/kobuki_base_ros2/install/ecl_eigen:/home/fbot/kobuki_base_ros2/install/ecl_config:${AMENT_PREFIX_PATH} CMAKE_PREFIX_PATH=/home/fbot/kobuki_base_ros2/install/ecl_geometry:/home/fbot/kobuki_base_ros2/install/ecl_linear_algebra:/home/fbot/kobuki_base_ros2/install/ecl_containers:/home/fbot/kobuki_base_ros2/install/ecl_formatters:/home/fbot/kobuki_base_ros2/install/ecl_utilities:/home/fbot/kobuki_base_ros2/install/ecl_converters:/home/fbot/kobuki_base_ros2/install/ecl_math:/home/fbot/kobuki_base_ros2/install/ecl_exceptions:/home/fbot/kobuki_base_ros2/install/ecl_concepts:/home/fbot/kobuki_base_ros2/install/ecl_type_traits:/home/fbot/kobuki_base_ros2/install/ecl_errors:/home/fbot/kobuki_base_ros2/install/ecl_mpl:/home/fbot/kobuki_base_ros2/install/ecl_eigen:/home/fbot/kobuki_base_ros2/install/ecl_config:/opt/ros/humble LD_LIBRARY_PATH=/home/fbot/kobuki_base_ros2/install/ecl_geometry/lib:/home/fbot/kobuki_base_ros2/install/ecl_linear_algebra/lib:/home/fbot/kobuki_base_ros2/install/ecl_formatters/lib:/home/fbot/kobuki_base_ros2/install/ecl_exceptions/lib:/home/fbot/kobuki_base_ros2/install/ecl_type_traits/lib:/home/fbot/kobuki_base_ros2/install/ecl_errors/lib:${LD_LIBRARY_PATH} PATH=/home/fbot/kobuki_base_ros2/install/ecl_type_traits/bin:/home/fbot/kobuki_base_ros2/install/ecl_config/bin:${PATH} /usr/bin/cmake --build /home/fbot/kobuki_base_ros2/build/ecl_mobile_robot -- -j12 -l12
[7.599s] Invoking command in '/home/fbot/kobuki_base_ros2/build/ecl_mobile_robot': AMENT_PREFIX_PATH=/home/fbot/kobuki_base_ros2/install/ecl_geometry:/home/fbot/kobuki_base_ros2/install/ecl_linear_algebra:/home/fbot/kobuki_base_ros2/install/ecl_containers:/home/fbot/kobuki_base_ros2/install/ecl_formatters:/home/fbot/kobuki_base_ros2/install/ecl_utilities:/home/fbot/kobuki_base_ros2/install/ecl_converters:/home/fbot/kobuki_base_ros2/install/ecl_math:/home/fbot/kobuki_base_ros2/install/ecl_exceptions:/home/fbot/kobuki_base_ros2/install/ecl_concepts:/home/fbot/kobuki_base_ros2/install/ecl_type_traits:/home/fbot/kobuki_base_ros2/install/ecl_errors:/home/fbot/kobuki_base_ros2/install/ecl_mpl:/home/fbot/kobuki_base_ros2/install/ecl_eigen:/home/fbot/kobuki_base_ros2/install/ecl_config:${AMENT_PREFIX_PATH} CMAKE_PREFIX_PATH=/home/fbot/kobuki_base_ros2/install/ecl_geometry:/home/fbot/kobuki_base_ros2/install/ecl_linear_algebra:/home/fbot/kobuki_base_ros2/install/ecl_containers:/home/fbot/kobuki_base_ros2/install/ecl_formatters:/home/fbot/kobuki_base_ros2/install/ecl_utilities:/home/fbot/kobuki_base_ros2/install/ecl_converters:/home/fbot/kobuki_base_ros2/install/ecl_math:/home/fbot/kobuki_base_ros2/install/ecl_exceptions:/home/fbot/kobuki_base_ros2/install/ecl_concepts:/home/fbot/kobuki_base_ros2/install/ecl_type_traits:/home/fbot/kobuki_base_ros2/install/ecl_errors:/home/fbot/kobuki_base_ros2/install/ecl_mpl:/home/fbot/kobuki_base_ros2/install/ecl_eigen:/home/fbot/kobuki_base_ros2/install/ecl_config:/opt/ros/humble LD_LIBRARY_PATH=/home/fbot/kobuki_base_ros2/install/ecl_geometry/lib:/home/fbot/kobuki_base_ros2/install/ecl_linear_algebra/lib:/home/fbot/kobuki_base_ros2/install/ecl_formatters/lib:/home/fbot/kobuki_base_ros2/install/ecl_exceptions/lib:/home/fbot/kobuki_base_ros2/install/ecl_type_traits/lib:/home/fbot/kobuki_base_ros2/install/ecl_errors/lib:${LD_LIBRARY_PATH} PATH=/home/fbot/kobuki_base_ros2/install/ecl_type_traits/bin:/home/fbot/kobuki_base_ros2/install/ecl_config/bin:${PATH} /usr/bin/cmake --install /home/fbot/kobuki_base_ros2/build/ecl_mobile_robot
[7.606s] -- Install configuration: ""
[7.606s] -- Installing: /home/fbot/kobuki_base_ros2/install/ecl_mobile_robot/share/ecl_mobile_robot/environment/library_path.sh
[7.606s] -- Installing: /home/fbot/kobuki_base_ros2/install/ecl_mobile_robot/share/ecl_mobile_robot/environment/library_path.dsv
[7.606s] -- Installing: /home/fbot/kobuki_base_ros2/install/ecl_mobile_robot/share/ament_index/resource_index/package_run_dependencies/ecl_mobile_robot
[7.606s] -- Installing: /home/fbot/kobuki_base_ros2/install/ecl_mobile_robot/share/ament_index/resource_index/parent_prefix_path/ecl_mobile_robot
[7.606s] -- Installing: /home/fbot/kobuki_base_ros2/install/ecl_mobile_robot/share/ecl_mobile_robot/environment/ament_prefix_path.sh
[7.607s] -- Installing: /home/fbot/kobuki_base_ros2/install/ecl_mobile_robot/share/ecl_mobile_robot/environment/ament_prefix_path.dsv
[7.607s] -- Installing: /home/fbot/kobuki_base_ros2/install/ecl_mobile_robot/share/ecl_mobile_robot/environment/path.sh
[7.607s] -- Installing: /home/fbot/kobuki_base_ros2/install/ecl_mobile_robot/share/ecl_mobile_robot/environment/path.dsv
[7.607s] -- Installing: /home/fbot/kobuki_base_ros2/install/ecl_mobile_robot/share/ecl_mobile_robot/local_setup.bash
[7.607s] -- Installing: /home/fbot/kobuki_base_ros2/install/ecl_mobile_robot/share/ecl_mobile_robot/local_setup.sh
[7.607s] -- Installing: /home/fbot/kobuki_base_ros2/install/ecl_mobile_robot/share/ecl_mobile_robot/local_setup.zsh
[7.607s] -- Installing: /home/fbot/kobuki_base_ros2/install/ecl_mobile_robot/share/ecl_mobile_robot/local_setup.dsv
[7.607s] -- Installing: /home/fbot/kobuki_base_ros2/install/ecl_mobile_robot/share/ecl_mobile_robot/package.dsv
[7.607s] -- Installing: /home/fbot/kobuki_base_ros2/install/ecl_mobile_robot/share/ament_index/resource_index/packages/ecl_mobile_robot
[7.608s] -- Installing: /home/fbot/kobuki_base_ros2/install/ecl_mobile_robot/share/ecl_mobile_robot/cmake/ecl_mobile_robotExport.cmake
[7.608s] -- Installing: /home/fbot/kobuki_base_ros2/install/ecl_mobile_robot/share/ecl_mobile_robot/cmake/ecl_mobile_robotExport-noconfig.cmake
[7.608s] -- Installing: /home/fbot/kobuki_base_ros2/install/ecl_mobile_robot/share/ecl_mobile_robot/cmake/ament_cmake_export_targets-extras.cmake
[7.608s] -- Installing: /home/fbot/kobuki_base_ros2/install/ecl_mobile_robot/share/ecl_mobile_robot/cmake/ament_cmake_export_include_directories-extras.cmake
[7.608s] -- Installing: /home/fbot/kobuki_base_ros2/install/ecl_mobile_robot/share/ecl_mobile_robot/cmake/ament_cmake_export_libraries-extras.cmake
[7.608s] -- Installing: /home/fbot/kobuki_base_ros2/install/ecl_mobile_robot/share/ecl_mobile_robot/cmake/ament_cmake_export_dependencies-extras.cmake
[7.608s] -- Installing: /home/fbot/kobuki_base_ros2/install/ecl_mobile_robot/share/ecl_mobile_robot/cmake/ecl_mobile_robotConfig.cmake
[7.608s] -- Installing: /home/fbot/kobuki_base_ros2/install/ecl_mobile_robot/share/ecl_mobile_robot/cmake/ecl_mobile_robotConfig-version.cmake
[7.608s] -- Installing: /home/fbot/kobuki_base_ros2/install/ecl_mobile_robot/share/ecl_mobile_robot/package.xml
[7.609s] -- Installing: /home/fbot/kobuki_base_ros2/install/ecl_mobile_robot/include/ecl/mobile_robot.hpp
[7.609s] -- Installing: /home/fbot/kobuki_base_ros2/install/ecl_mobile_robot/include/ecl/mobile_robot/differential_drive.hpp
[7.609s] -- Installing: /home/fbot/kobuki_base_ros2/install/ecl_mobile_robot/include/ecl/mobile_robot/macros.hpp
[7.609s] -- Installing: /home/fbot/kobuki_base_ros2/install/ecl_mobile_robot/include/ecl/mobile_robot/kinematics/differential_drive.hpp
[7.609s] -- Installing: /home/fbot/kobuki_base_ros2/install/ecl_mobile_robot/lib/libecl_mobile_robot.so.1.2.1
[7.609s] -- Set runtime path of "/home/fbot/kobuki_base_ros2/install/ecl_mobile_robot/lib/libecl_mobile_robot.so.1.2.1" to ""
[7.610s] -- Installing: /home/fbot/kobuki_base_ros2/install/ecl_mobile_robot/lib/libecl_mobile_robot.so
[7.612s] Invoked command in '/home/fbot/kobuki_base_ros2/build/ecl_mobile_robot' returned '0': AMENT_PREFIX_PATH=/home/fbot/kobuki_base_ros2/install/ecl_geometry:/home/fbot/kobuki_base_ros2/install/ecl_linear_algebra:/home/fbot/kobuki_base_ros2/install/ecl_containers:/home/fbot/kobuki_base_ros2/install/ecl_formatters:/home/fbot/kobuki_base_ros2/install/ecl_utilities:/home/fbot/kobuki_base_ros2/install/ecl_converters:/home/fbot/kobuki_base_ros2/install/ecl_math:/home/fbot/kobuki_base_ros2/install/ecl_exceptions:/home/fbot/kobuki_base_ros2/install/ecl_concepts:/home/fbot/kobuki_base_ros2/install/ecl_type_traits:/home/fbot/kobuki_base_ros2/install/ecl_errors:/home/fbot/kobuki_base_ros2/install/ecl_mpl:/home/fbot/kobuki_base_ros2/install/ecl_eigen:/home/fbot/kobuki_base_ros2/install/ecl_config:${AMENT_PREFIX_PATH} CMAKE_PREFIX_PATH=/home/fbot/kobuki_base_ros2/install/ecl_geometry:/home/fbot/kobuki_base_ros2/install/ecl_linear_algebra:/home/fbot/kobuki_base_ros2/install/ecl_containers:/home/fbot/kobuki_base_ros2/install/ecl_formatters:/home/fbot/kobuki_base_ros2/install/ecl_utilities:/home/fbot/kobuki_base_ros2/install/ecl_converters:/home/fbot/kobuki_base_ros2/install/ecl_math:/home/fbot/kobuki_base_ros2/install/ecl_exceptions:/home/fbot/kobuki_base_ros2/install/ecl_concepts:/home/fbot/kobuki_base_ros2/install/ecl_type_traits:/home/fbot/kobuki_base_ros2/install/ecl_errors:/home/fbot/kobuki_base_ros2/install/ecl_mpl:/home/fbot/kobuki_base_ros2/install/ecl_eigen:/home/fbot/kobuki_base_ros2/install/ecl_config:/opt/ros/humble LD_LIBRARY_PATH=/home/fbot/kobuki_base_ros2/install/ecl_geometry/lib:/home/fbot/kobuki_base_ros2/install/ecl_linear_algebra/lib:/home/fbot/kobuki_base_ros2/install/ecl_formatters/lib:/home/fbot/kobuki_base_ros2/install/ecl_exceptions/lib:/home/fbot/kobuki_base_ros2/install/ecl_type_traits/lib:/home/fbot/kobuki_base_ros2/install/ecl_errors/lib:${LD_LIBRARY_PATH} PATH=/home/fbot/kobuki_base_ros2/install/ecl_type_traits/bin:/home/fbot/kobuki_base_ros2/install/ecl_config/bin:${PATH} /usr/bin/cmake --install /home/fbot/kobuki_base_ros2/build/ecl_mobile_robot
