[0.079s] Invoking command in '/home/fbot/kobuki_base_ros2/build/ecl_filesystem': AMENT_PREFIX_PATH=/home/fbot/kobuki_base_ros2/install/ecl_errors:/home/fbot/kobuki_base_ros2/install/ecl_config:${AMENT_PREFIX_PATH} CMAKE_PREFIX_PATH=/home/fbot/kobuki_base_ros2/install/ecl_errors:/home/fbot/kobuki_base_ros2/install/ecl_config:/opt/ros/humble LD_LIBRARY_PATH=/home/fbot/kobuki_base_ros2/install/ecl_errors/lib:${LD_LIBRARY_PATH} PATH=/home/fbot/kobuki_base_ros2/install/ecl_config/bin:${PATH} /usr/bin/cmake /home/fbot/kobuki_base_ros2/src/ecl_core/ecl_filesystem -DCMAKE_INSTALL_PREFIX=/home/fbot/kobuki_base_ros2/install/ecl_filesystem
[1.708s] -- The C compiler identification is GNU 11.4.0
[1.708s] -- The CXX compiler identification is GNU 11.4.0
[1.708s] -- Detecting C compiler ABI info
[1.708s] -- Detecting C compiler ABI info - done
[1.708s] -- Check for working C compiler: /usr/bin/cc - skipped
[1.708s] -- Detecting C compile features
[1.709s] -- Detecting C compile features - done
[1.709s] -- Detecting CXX compiler ABI info
[1.709s] -- Detecting CXX compiler ABI info - done
[1.709s] -- Check for working CXX compiler: /usr/bin/c++ - skipped
[1.709s] -- Detecting CXX compile features
[1.709s] -- Detecting CXX compile features - done
[1.709s] -- Found ament_cmake_ros: 0.10.0 (/opt/ros/humble/share/ament_cmake_ros/cmake)
[1.709s] -- Found Python3: /usr/bin/python3 (found version "3.10.12") found components: Interpreter 
[1.709s] -- Found ecl_build: 1.0.3 (/opt/ros/humble/share/ecl_build/cmake)
[1.709s] -- Found ecl_config: 1.2.0 (/home/fbot/kobuki_base_ros2/install/ecl_config/share/ecl_config/cmake)
[1.709s] -- Found ecl_errors: 1.2.0 (/home/fbot/kobuki_base_ros2/install/ecl_errors/share/ecl_errors/cmake)
[1.709s] -- Looking for _POSIX_VERSION
[1.758s] -- Looking for _POSIX_VERSION - found
[1.758s] -- Looking for realpath in rt
[1.949s] -- Looking for realpath in rt - found
[1.949s] -- Looking for clock_nanosleep in rt
[2.140s] -- Looking for clock_nanosleep in rt - found
[2.141s] -- Looking for clock_gettime in rt
[2.331s] -- Looking for clock_gettime in rt - found
[2.331s] -- Looking for pthread_mutex_timedlock in pthread
[2.493s] -- Looking for pthread_mutex_timedlock in pthread - found
[2.493s] -- Looking for nanosleep in pthread
[2.681s] -- Looking for nanosleep in pthread - found
[2.681s] -- Looking for shm_open in rt
[2.874s] -- Looking for shm_open in rt - found
[2.875s] -- Looking for sched_setscheduler in pthread
[3.035s] -- Looking for sched_setscheduler in pthread - found
[3.036s] -- Looking for sem_timedwait in pthread
[3.255s] -- Looking for sem_timedwait in pthread - found
[3.255s] -- Looking for sem_init in pthread
[3.419s] -- Looking for sem_init in pthread - found
[3.419s] -- Looking for CLOCK_MONOTONIC
[3.610s] -- Looking for CLOCK_MONOTONIC - found
[3.610s] -- Looking for CLOCK_PROCESS_CPUTIME_ID
[3.794s] -- Looking for CLOCK_PROCESS_CPUTIME_ID - found
[3.807s] -- Found ament_lint_auto: 0.12.15 (/opt/ros/humble/share/ament_lint_auto/cmake)
[3.855s] -- Found gtest sources under '/opt/ros/humble/src/gtest_vendor': C++ tests using 'Google Test' will be built
[3.860s] -- Looking for pthread.h
[4.060s] -- Looking for pthread.h - found
[4.060s] -- Performing Test CMAKE_HAVE_LIBC_PTHREAD
[4.258s] -- Performing Test CMAKE_HAVE_LIBC_PTHREAD - Success
[4.258s] -- Found Threads: TRUE  
[4.293s] -- Configuring done
[4.333s] -- Generating done
[4.350s] -- Build files have been written to: /home/fbot/kobuki_base_ros2/build/ecl_filesystem
[4.364s] Invoked command in '/home/fbot/kobuki_base_ros2/build/ecl_filesystem' returned '0': AMENT_PREFIX_PATH=/home/fbot/kobuki_base_ros2/install/ecl_errors:/home/fbot/kobuki_base_ros2/install/ecl_config:${AMENT_PREFIX_PATH} CMAKE_PREFIX_PATH=/home/fbot/kobuki_base_ros2/install/ecl_errors:/home/fbot/kobuki_base_ros2/install/ecl_config:/opt/ros/humble LD_LIBRARY_PATH=/home/fbot/kobuki_base_ros2/install/ecl_errors/lib:${LD_LIBRARY_PATH} PATH=/home/fbot/kobuki_base_ros2/install/ecl_config/bin:${PATH} /usr/bin/cmake /home/fbot/kobuki_base_ros2/src/ecl_core/ecl_filesystem -DCMAKE_INSTALL_PREFIX=/home/fbot/kobuki_base_ros2/install/ecl_filesystem
[4.372s] Invoking command in '/home/fbot/kobuki_base_ros2/build/ecl_filesystem': AMENT_PREFIX_PATH=/home/fbot/kobuki_base_ros2/install/ecl_errors:/home/fbot/kobuki_base_ros2/install/ecl_config:${AMENT_PREFIX_PATH} CMAKE_PREFIX_PATH=/home/fbot/kobuki_base_ros2/install/ecl_errors:/home/fbot/kobuki_base_ros2/install/ecl_config:/opt/ros/humble LD_LIBRARY_PATH=/home/fbot/kobuki_base_ros2/install/ecl_errors/lib:${LD_LIBRARY_PATH} PATH=/home/fbot/kobuki_base_ros2/install/ecl_config/bin:${PATH} /usr/bin/cmake --build /home/fbot/kobuki_base_ros2/build/ecl_filesystem -- -j12 -l12
[4.443s] [ 12%] [32mBuilding CXX object gtest/CMakeFiles/gtest_main.dir/src/gtest_main.cc.o[0m
[4.454s] [ 25%] [32mBuilding CXX object src/lib/CMakeFiles/ecl_filesystem.dir/realpath.cpp.o[0m
[4.457s] [ 37%] [32mBuilding CXX object gtest/CMakeFiles/gtest.dir/src/gtest-all.cc.o[0m
[4.786s] [ 50%] [32m[1mLinking CXX shared library libecl_filesystem.so[0m
[4.932s] [ 50%] Built target ecl_filesystem
[5.208s] [ 62%] [32m[1mLinking CXX static library libgtest_main.a[0m
[5.263s] [ 62%] Built target gtest_main
[7.648s] [ 75%] [32m[1mLinking CXX static library libgtest.a[0m
[7.718s] [ 75%] Built target gtest
[7.740s] [ 87%] [32mBuilding CXX object src/test/CMakeFiles/ecl_test_realpath.dir/realpath.cpp.o[0m
[8.482s] [100%] [32m[1mLinking CXX executable ecl_test_realpath[0m
[8.600s] [100%] Built target ecl_test_realpath
[8.609s] Invoked command in '/home/fbot/kobuki_base_ros2/build/ecl_filesystem' returned '0': AMENT_PREFIX_PATH=/home/fbot/kobuki_base_ros2/install/ecl_errors:/home/fbot/kobuki_base_ros2/install/ecl_config:${AMENT_PREFIX_PATH} CMAKE_PREFIX_PATH=/home/fbot/kobuki_base_ros2/install/ecl_errors:/home/fbot/kobuki_base_ros2/install/ecl_config:/opt/ros/humble LD_LIBRARY_PATH=/home/fbot/kobuki_base_ros2/install/ecl_errors/lib:${LD_LIBRARY_PATH} PATH=/home/fbot/kobuki_base_ros2/install/ecl_config/bin:${PATH} /usr/bin/cmake --build /home/fbot/kobuki_base_ros2/build/ecl_filesystem -- -j12 -l12
[8.610s] Invoking command in '/home/fbot/kobuki_base_ros2/build/ecl_filesystem': AMENT_PREFIX_PATH=/home/fbot/kobuki_base_ros2/install/ecl_errors:/home/fbot/kobuki_base_ros2/install/ecl_config:${AMENT_PREFIX_PATH} CMAKE_PREFIX_PATH=/home/fbot/kobuki_base_ros2/install/ecl_errors:/home/fbot/kobuki_base_ros2/install/ecl_config:/opt/ros/humble LD_LIBRARY_PATH=/home/fbot/kobuki_base_ros2/install/ecl_errors/lib:${LD_LIBRARY_PATH} PATH=/home/fbot/kobuki_base_ros2/install/ecl_config/bin:${PATH} /usr/bin/cmake --install /home/fbot/kobuki_base_ros2/build/ecl_filesystem
[8.616s] -- Install configuration: ""
[8.616s] -- Installing: /home/fbot/kobuki_base_ros2/install/ecl_filesystem/share/ecl_filesystem/environment/library_path.sh
[8.616s] -- Installing: /home/fbot/kobuki_base_ros2/install/ecl_filesystem/share/ecl_filesystem/environment/library_path.dsv
[8.616s] -- Installing: /home/fbot/kobuki_base_ros2/install/ecl_filesystem/share/ament_index/resource_index/package_run_dependencies/ecl_filesystem
[8.616s] -- Installing: /home/fbot/kobuki_base_ros2/install/ecl_filesystem/share/ament_index/resource_index/parent_prefix_path/ecl_filesystem
[8.616s] -- Installing: /home/fbot/kobuki_base_ros2/install/ecl_filesystem/share/ecl_filesystem/environment/ament_prefix_path.sh
[8.616s] -- Installing: /home/fbot/kobuki_base_ros2/install/ecl_filesystem/share/ecl_filesystem/environment/ament_prefix_path.dsv
[8.616s] -- Installing: /home/fbot/kobuki_base_ros2/install/ecl_filesystem/share/ecl_filesystem/environment/path.sh
[8.617s] -- Installing: /home/fbot/kobuki_base_ros2/install/ecl_filesystem/share/ecl_filesystem/environment/path.dsv
[8.617s] -- Installing: /home/fbot/kobuki_base_ros2/install/ecl_filesystem/share/ecl_filesystem/local_setup.bash
[8.617s] -- Installing: /home/fbot/kobuki_base_ros2/install/ecl_filesystem/share/ecl_filesystem/local_setup.sh
[8.617s] -- Installing: /home/fbot/kobuki_base_ros2/install/ecl_filesystem/share/ecl_filesystem/local_setup.zsh
[8.617s] -- Installing: /home/fbot/kobuki_base_ros2/install/ecl_filesystem/share/ecl_filesystem/local_setup.dsv
[8.617s] -- Installing: /home/fbot/kobuki_base_ros2/install/ecl_filesystem/share/ecl_filesystem/package.dsv
[8.617s] -- Installing: /home/fbot/kobuki_base_ros2/install/ecl_filesystem/share/ament_index/resource_index/packages/ecl_filesystem
[8.617s] -- Installing: /home/fbot/kobuki_base_ros2/install/ecl_filesystem/share/ecl_filesystem/cmake/ecl_filesystemExport.cmake
[8.617s] -- Installing: /home/fbot/kobuki_base_ros2/install/ecl_filesystem/share/ecl_filesystem/cmake/ecl_filesystemExport-noconfig.cmake
[8.618s] -- Installing: /home/fbot/kobuki_base_ros2/install/ecl_filesystem/share/ecl_filesystem/cmake/ament_cmake_export_targets-extras.cmake
[8.618s] -- Installing: /home/fbot/kobuki_base_ros2/install/ecl_filesystem/share/ecl_filesystem/cmake/ament_cmake_export_include_directories-extras.cmake
[8.618s] -- Installing: /home/fbot/kobuki_base_ros2/install/ecl_filesystem/share/ecl_filesystem/cmake/ament_cmake_export_libraries-extras.cmake
[8.618s] -- Installing: /home/fbot/kobuki_base_ros2/install/ecl_filesystem/share/ecl_filesystem/cmake/ament_cmake_export_dependencies-extras.cmake
[8.618s] -- Installing: /home/fbot/kobuki_base_ros2/install/ecl_filesystem/share/ecl_filesystem/cmake/ecl_filesystemConfig.cmake
[8.618s] -- Installing: /home/fbot/kobuki_base_ros2/install/ecl_filesystem/share/ecl_filesystem/cmake/ecl_filesystemConfig-version.cmake
[8.618s] -- Installing: /home/fbot/kobuki_base_ros2/install/ecl_filesystem/share/ecl_filesystem/package.xml
[8.618s] -- Installing: /home/fbot/kobuki_base_ros2/install/ecl_filesystem/include/ecl/filesystem.hpp
[8.618s] -- Installing: /home/fbot/kobuki_base_ros2/install/ecl_filesystem/include/ecl/filesystem/errors.hpp
[8.618s] -- Installing: /home/fbot/kobuki_base_ros2/install/ecl_filesystem/include/ecl/filesystem/macros.hpp
[8.619s] -- Installing: /home/fbot/kobuki_base_ros2/install/ecl_filesystem/include/ecl/filesystem/realpath.hpp
[8.619s] -- Installing: /home/fbot/kobuki_base_ros2/install/ecl_filesystem/include/ecl/filesystem/config.hpp
[8.619s] -- Installing: /home/fbot/kobuki_base_ros2/install/ecl_filesystem/lib/libecl_filesystem.so.1.2.1
[8.619s] -- Set runtime path of "/home/fbot/kobuki_base_ros2/install/ecl_filesystem/lib/libecl_filesystem.so.1.2.1" to ""
[8.619s] -- Installing: /home/fbot/kobuki_base_ros2/install/ecl_filesystem/lib/libecl_filesystem.so
[8.621s] Invoked command in '/home/fbot/kobuki_base_ros2/build/ecl_filesystem' returned '0': AMENT_PREFIX_PATH=/home/fbot/kobuki_base_ros2/install/ecl_errors:/home/fbot/kobuki_base_ros2/install/ecl_config:${AMENT_PREFIX_PATH} CMAKE_PREFIX_PATH=/home/fbot/kobuki_base_ros2/install/ecl_errors:/home/fbot/kobuki_base_ros2/install/ecl_config:/opt/ros/humble LD_LIBRARY_PATH=/home/fbot/kobuki_base_ros2/install/ecl_errors/lib:${LD_LIBRARY_PATH} PATH=/home/fbot/kobuki_base_ros2/install/ecl_config/bin:${PATH} /usr/bin/cmake --install /home/fbot/kobuki_base_ros2/build/ecl_filesystem
