-- The C compiler identification is GNU 11.4.0
-- The CXX compiler identification is GNU 11.4.0
-- Detecting C compiler ABI info
-- Detecting C compiler ABI info - done
-- Check for working C compiler: /usr/bin/cc - skipped
-- Detecting C compile features
-- Detecting C compile features - done
-- Detecting CXX compiler ABI info
-- Detecting CXX compiler ABI info - done
-- Check for working CXX compiler: /usr/bin/c++ - skipped
-- Detecting CXX compile features
-- Detecting CXX compile features - done
-- Found ament_cmake_ros: 0.10.0 (/opt/ros/humble/share/ament_cmake_ros/cmake)
-- Found Python3: /usr/bin/python3 (found version "3.10.12") found components: Interpreter 
-- Found ecl_build: 1.0.3 (/opt/ros/humble/share/ecl_build/cmake)
-- Found ecl_exceptions: 1.2.1 (/home/fbot/kobuki_base_ros2/install/ecl_exceptions/share/ecl_exceptions/cmake)
-- Found ecl_formatters: 1.2.1 (/home/fbot/kobuki_base_ros2/install/ecl_formatters/share/ecl_formatters/cmake)
-- Found ecl_geometry: 1.2.1 (/home/fbot/kobuki_base_ros2/install/ecl_geometry/share/ecl_geometry/cmake)
-- Found ament_lint_auto: 0.12.15 (/opt/ros/humble/share/ament_lint_auto/cmake)
-- Found gtest sources under '/opt/ros/humble/src/gtest_vendor': C++ tests using 'Google Test' will be built
-- Found Threads: TRUE  
-- Configuring done
-- Generating done
-- Build files have been written to: /home/fbot/kobuki_base_ros2/build/ecl_manipulators
[  9%] [32mBuilding CXX object gtest/CMakeFiles/gtest.dir/src/gtest-all.cc.o[0m
[ 18%] [32mBuilding CXX object src/lib/CMakeFiles/ecl_manipulators.dir/trajectory.cpp.o[0m
[ 36%] [32mBuilding CXX object gtest/CMakeFiles/gtest_main.dir/src/gtest_main.cc.o[0m
[ 36%] [32mBuilding CXX object src/lib/CMakeFiles/ecl_manipulators.dir/waypoint.cpp.o[0m
[ 45%] [32m[1mLinking CXX static library libgtest_main.a[0m
[ 45%] Built target gtest_main
[ 54%] [32m[1mLinking CXX shared library libecl_manipulators.so[0m
[ 54%] Built target ecl_manipulators
[ 63%] [32m[1mLinking CXX static library libgtest.a[0m
[ 63%] Built target gtest
[ 72%] [32mBuilding CXX object src/test/CMakeFiles/ecl_test_trajectories.dir/trajectories.cpp.o[0m
[ 81%] [32mBuilding CXX object src/test/CMakeFiles/ecl_test_waypoints.dir/waypoints.cpp.o[0m
[ 90%] [32m[1mLinking CXX executable ecl_test_waypoints[0m
[ 90%] Built target ecl_test_waypoints
[100%] [32m[1mLinking CXX executable ecl_test_trajectories[0m
[100%] Built target ecl_test_trajectories
-- Install configuration: ""
-- Installing: /home/fbot/kobuki_base_ros2/install/ecl_manipulators/share/ecl_manipulators/scripts
-- Installing: /home/fbot/kobuki_base_ros2/install/ecl_manipulators/share/ecl_manipulators/scripts/Makefile
-- Installing: /home/fbot/kobuki_base_ros2/install/ecl_manipulators/share/ecl_manipulators/scripts/tension.x11
-- Installing: /home/fbot/kobuki_base_ros2/install/ecl_manipulators/share/ecl_manipulators/scripts/linear.x11
-- Installing: /home/fbot/kobuki_base_ros2/install/ecl_manipulators/share/ecl_manipulators/environment/library_path.sh
-- Installing: /home/fbot/kobuki_base_ros2/install/ecl_manipulators/share/ecl_manipulators/environment/library_path.dsv
-- Installing: /home/fbot/kobuki_base_ros2/install/ecl_manipulators/share/ament_index/resource_index/package_run_dependencies/ecl_manipulators
-- Installing: /home/fbot/kobuki_base_ros2/install/ecl_manipulators/share/ament_index/resource_index/parent_prefix_path/ecl_manipulators
-- Installing: /home/fbot/kobuki_base_ros2/install/ecl_manipulators/share/ecl_manipulators/environment/ament_prefix_path.sh
-- Installing: /home/fbot/kobuki_base_ros2/install/ecl_manipulators/share/ecl_manipulators/environment/ament_prefix_path.dsv
-- Installing: /home/fbot/kobuki_base_ros2/install/ecl_manipulators/share/ecl_manipulators/environment/path.sh
-- Installing: /home/fbot/kobuki_base_ros2/install/ecl_manipulators/share/ecl_manipulators/environment/path.dsv
-- Installing: /home/fbot/kobuki_base_ros2/install/ecl_manipulators/share/ecl_manipulators/local_setup.bash
-- Installing: /home/fbot/kobuki_base_ros2/install/ecl_manipulators/share/ecl_manipulators/local_setup.sh
-- Installing: /home/fbot/kobuki_base_ros2/install/ecl_manipulators/share/ecl_manipulators/local_setup.zsh
-- Installing: /home/fbot/kobuki_base_ros2/install/ecl_manipulators/share/ecl_manipulators/local_setup.dsv
-- Installing: /home/fbot/kobuki_base_ros2/install/ecl_manipulators/share/ecl_manipulators/package.dsv
-- Installing: /home/fbot/kobuki_base_ros2/install/ecl_manipulators/share/ament_index/resource_index/packages/ecl_manipulators
-- Installing: /home/fbot/kobuki_base_ros2/install/ecl_manipulators/share/ecl_manipulators/cmake/ecl_manipulatorsExport.cmake
-- Installing: /home/fbot/kobuki_base_ros2/install/ecl_manipulators/share/ecl_manipulators/cmake/ecl_manipulatorsExport-noconfig.cmake
-- Installing: /home/fbot/kobuki_base_ros2/install/ecl_manipulators/share/ecl_manipulators/cmake/ament_cmake_export_targets-extras.cmake
-- Installing: /home/fbot/kobuki_base_ros2/install/ecl_manipulators/share/ecl_manipulators/cmake/ament_cmake_export_include_directories-extras.cmake
-- Installing: /home/fbot/kobuki_base_ros2/install/ecl_manipulators/share/ecl_manipulators/cmake/ament_cmake_export_libraries-extras.cmake
-- Installing: /home/fbot/kobuki_base_ros2/install/ecl_manipulators/share/ecl_manipulators/cmake/ament_cmake_export_dependencies-extras.cmake
-- Installing: /home/fbot/kobuki_base_ros2/install/ecl_manipulators/share/ecl_manipulators/cmake/ecl_manipulatorsConfig.cmake
-- Installing: /home/fbot/kobuki_base_ros2/install/ecl_manipulators/share/ecl_manipulators/cmake/ecl_manipulatorsConfig-version.cmake
-- Installing: /home/fbot/kobuki_base_ros2/install/ecl_manipulators/share/ecl_manipulators/package.xml
-- Installing: /home/fbot/kobuki_base_ros2/install/ecl_manipulators/include/ecl/manipulators.hpp
-- Installing: /home/fbot/kobuki_base_ros2/install/ecl_manipulators/include/ecl/manipulators/trajectory.hpp
-- Installing: /home/fbot/kobuki_base_ros2/install/ecl_manipulators/include/ecl/manipulators/types.hpp
-- Installing: /home/fbot/kobuki_base_ros2/install/ecl_manipulators/include/ecl/manipulators/waypoint.hpp
-- Installing: /home/fbot/kobuki_base_ros2/install/ecl_manipulators/lib/libecl_manipulators.so.1.2.1
-- Set runtime path of "/home/fbot/kobuki_base_ros2/install/ecl_manipulators/lib/libecl_manipulators.so.1.2.1" to ""
-- Installing: /home/fbot/kobuki_base_ros2/install/ecl_manipulators/lib/libecl_manipulators.so
