[0.019s] Invoking command in '/home/fbot/kobuki_base_ros2/build/ecl_manipulators': AMENT_PREFIX_PATH=/home/fbot/kobuki_base_ros2/install/ecl_geometry:/home/fbot/kobuki_base_ros2/install/ecl_linear_algebra:/home/fbot/kobuki_base_ros2/install/ecl_containers:/home/fbot/kobuki_base_ros2/install/ecl_formatters:/home/fbot/kobuki_base_ros2/install/ecl_utilities:/home/fbot/kobuki_base_ros2/install/ecl_converters:/home/fbot/kobuki_base_ros2/install/ecl_math:/home/fbot/kobuki_base_ros2/install/ecl_exceptions:/home/fbot/kobuki_base_ros2/install/ecl_concepts:/home/fbot/kobuki_base_ros2/install/ecl_type_traits:/home/fbot/kobuki_base_ros2/install/ecl_errors:/home/fbot/kobuki_base_ros2/install/ecl_mpl:/home/fbot/kobuki_base_ros2/install/ecl_eigen:/home/fbot/kobuki_base_ros2/install/ecl_config:${AMENT_PREFIX_PATH} CMAKE_PREFIX_PATH=/home/fbot/kobuki_base_ros2/install/ecl_geometry:/home/fbot/kobuki_base_ros2/install/ecl_linear_algebra:/home/fbot/kobuki_base_ros2/install/ecl_containers:/home/fbot/kobuki_base_ros2/install/ecl_formatters:/home/fbot/kobuki_base_ros2/install/ecl_utilities:/home/fbot/kobuki_base_ros2/install/ecl_converters:/home/fbot/kobuki_base_ros2/install/ecl_math:/home/fbot/kobuki_base_ros2/install/ecl_exceptions:/home/fbot/kobuki_base_ros2/install/ecl_concepts:/home/fbot/kobuki_base_ros2/install/ecl_type_traits:/home/fbot/kobuki_base_ros2/install/ecl_errors:/home/fbot/kobuki_base_ros2/install/ecl_mpl:/home/fbot/kobuki_base_ros2/install/ecl_eigen:/home/fbot/kobuki_base_ros2/install/ecl_config:/opt/ros/humble LD_LIBRARY_PATH=/home/fbot/kobuki_base_ros2/install/ecl_geometry/lib:/home/fbot/kobuki_base_ros2/install/ecl_linear_algebra/lib:/home/fbot/kobuki_base_ros2/install/ecl_formatters/lib:/home/fbot/kobuki_base_ros2/install/ecl_exceptions/lib:/home/fbot/kobuki_base_ros2/install/ecl_type_traits/lib:/home/fbot/kobuki_base_ros2/install/ecl_errors/lib:${LD_LIBRARY_PATH} PATH=/home/fbot/kobuki_base_ros2/install/ecl_type_traits/bin:/home/fbot/kobuki_base_ros2/install/ecl_config/bin:${PATH} /usr/bin/cmake /home/fbot/kobuki_base_ros2/src/ecl_core/ecl_manipulators -DCMAKE_INSTALL_PREFIX=/home/fbot/kobuki_base_ros2/install/ecl_manipulators
[0.063s] -- The C compiler identification is GNU 11.4.0
[0.107s] -- The CXX compiler identification is GNU 11.4.0
[0.112s] -- Detecting C compiler ABI info
[0.165s] -- Detecting C compiler ABI info - done
[0.174s] -- Check for working C compiler: /usr/bin/cc - skipped
[0.175s] -- Detecting C compile features
[0.175s] -- Detecting C compile features - done
[0.177s] -- Detecting CXX compiler ABI info
[0.239s] -- Detecting CXX compiler ABI info - done
[0.245s] -- Check for working CXX compiler: /usr/bin/c++ - skipped
[0.246s] -- Detecting CXX compile features
[0.246s] -- Detecting CXX compile features - done
[0.248s] -- Found ament_cmake_ros: 0.10.0 (/opt/ros/humble/share/ament_cmake_ros/cmake)
[0.382s] -- Found Python3: /usr/bin/python3 (found version "3.10.12") found components: Interpreter 
[0.476s] -- Found ecl_build: 1.0.3 (/opt/ros/humble/share/ecl_build/cmake)
[0.481s] -- Found ecl_exceptions: 1.2.1 (/home/fbot/kobuki_base_ros2/install/ecl_exceptions/share/ecl_exceptions/cmake)
[0.488s] -- Found ecl_formatters: 1.2.1 (/home/fbot/kobuki_base_ros2/install/ecl_formatters/share/ecl_formatters/cmake)
[0.499s] -- Found ecl_geometry: 1.2.1 (/home/fbot/kobuki_base_ros2/install/ecl_geometry/share/ecl_geometry/cmake)
[0.708s] -- Found ament_lint_auto: 0.12.15 (/opt/ros/humble/share/ament_lint_auto/cmake)
[0.728s] -- Found gtest sources under '/opt/ros/humble/src/gtest_vendor': C++ tests using 'Google Test' will be built
[0.730s] -- Found Threads: TRUE  
[0.737s] -- Configuring done
[0.750s] -- Generating done
[0.756s] -- Build files have been written to: /home/fbot/kobuki_base_ros2/build/ecl_manipulators
[0.760s] Invoked command in '/home/fbot/kobuki_base_ros2/build/ecl_manipulators' returned '0': AMENT_PREFIX_PATH=/home/fbot/kobuki_base_ros2/install/ecl_geometry:/home/fbot/kobuki_base_ros2/install/ecl_linear_algebra:/home/fbot/kobuki_base_ros2/install/ecl_containers:/home/fbot/kobuki_base_ros2/install/ecl_formatters:/home/fbot/kobuki_base_ros2/install/ecl_utilities:/home/fbot/kobuki_base_ros2/install/ecl_converters:/home/fbot/kobuki_base_ros2/install/ecl_math:/home/fbot/kobuki_base_ros2/install/ecl_exceptions:/home/fbot/kobuki_base_ros2/install/ecl_concepts:/home/fbot/kobuki_base_ros2/install/ecl_type_traits:/home/fbot/kobuki_base_ros2/install/ecl_errors:/home/fbot/kobuki_base_ros2/install/ecl_mpl:/home/fbot/kobuki_base_ros2/install/ecl_eigen:/home/fbot/kobuki_base_ros2/install/ecl_config:${AMENT_PREFIX_PATH} CMAKE_PREFIX_PATH=/home/fbot/kobuki_base_ros2/install/ecl_geometry:/home/fbot/kobuki_base_ros2/install/ecl_linear_algebra:/home/fbot/kobuki_base_ros2/install/ecl_containers:/home/fbot/kobuki_base_ros2/install/ecl_formatters:/home/fbot/kobuki_base_ros2/install/ecl_utilities:/home/fbot/kobuki_base_ros2/install/ecl_converters:/home/fbot/kobuki_base_ros2/install/ecl_math:/home/fbot/kobuki_base_ros2/install/ecl_exceptions:/home/fbot/kobuki_base_ros2/install/ecl_concepts:/home/fbot/kobuki_base_ros2/install/ecl_type_traits:/home/fbot/kobuki_base_ros2/install/ecl_errors:/home/fbot/kobuki_base_ros2/install/ecl_mpl:/home/fbot/kobuki_base_ros2/install/ecl_eigen:/home/fbot/kobuki_base_ros2/install/ecl_config:/opt/ros/humble LD_LIBRARY_PATH=/home/fbot/kobuki_base_ros2/install/ecl_geometry/lib:/home/fbot/kobuki_base_ros2/install/ecl_linear_algebra/lib:/home/fbot/kobuki_base_ros2/install/ecl_formatters/lib:/home/fbot/kobuki_base_ros2/install/ecl_exceptions/lib:/home/fbot/kobuki_base_ros2/install/ecl_type_traits/lib:/home/fbot/kobuki_base_ros2/install/ecl_errors/lib:${LD_LIBRARY_PATH} PATH=/home/fbot/kobuki_base_ros2/install/ecl_type_traits/bin:/home/fbot/kobuki_base_ros2/install/ecl_config/bin:${PATH} /usr/bin/cmake /home/fbot/kobuki_base_ros2/src/ecl_core/ecl_manipulators -DCMAKE_INSTALL_PREFIX=/home/fbot/kobuki_base_ros2/install/ecl_manipulators
[0.762s] Invoking command in '/home/fbot/kobuki_base_ros2/build/ecl_manipulators': AMENT_PREFIX_PATH=/home/fbot/kobuki_base_ros2/install/ecl_geometry:/home/fbot/kobuki_base_ros2/install/ecl_linear_algebra:/home/fbot/kobuki_base_ros2/install/ecl_containers:/home/fbot/kobuki_base_ros2/install/ecl_formatters:/home/fbot/kobuki_base_ros2/install/ecl_utilities:/home/fbot/kobuki_base_ros2/install/ecl_converters:/home/fbot/kobuki_base_ros2/install/ecl_math:/home/fbot/kobuki_base_ros2/install/ecl_exceptions:/home/fbot/kobuki_base_ros2/install/ecl_concepts:/home/fbot/kobuki_base_ros2/install/ecl_type_traits:/home/fbot/kobuki_base_ros2/install/ecl_errors:/home/fbot/kobuki_base_ros2/install/ecl_mpl:/home/fbot/kobuki_base_ros2/install/ecl_eigen:/home/fbot/kobuki_base_ros2/install/ecl_config:${AMENT_PREFIX_PATH} CMAKE_PREFIX_PATH=/home/fbot/kobuki_base_ros2/install/ecl_geometry:/home/fbot/kobuki_base_ros2/install/ecl_linear_algebra:/home/fbot/kobuki_base_ros2/install/ecl_containers:/home/fbot/kobuki_base_ros2/install/ecl_formatters:/home/fbot/kobuki_base_ros2/install/ecl_utilities:/home/fbot/kobuki_base_ros2/install/ecl_converters:/home/fbot/kobuki_base_ros2/install/ecl_math:/home/fbot/kobuki_base_ros2/install/ecl_exceptions:/home/fbot/kobuki_base_ros2/install/ecl_concepts:/home/fbot/kobuki_base_ros2/install/ecl_type_traits:/home/fbot/kobuki_base_ros2/install/ecl_errors:/home/fbot/kobuki_base_ros2/install/ecl_mpl:/home/fbot/kobuki_base_ros2/install/ecl_eigen:/home/fbot/kobuki_base_ros2/install/ecl_config:/opt/ros/humble LD_LIBRARY_PATH=/home/fbot/kobuki_base_ros2/install/ecl_geometry/lib:/home/fbot/kobuki_base_ros2/install/ecl_linear_algebra/lib:/home/fbot/kobuki_base_ros2/install/ecl_formatters/lib:/home/fbot/kobuki_base_ros2/install/ecl_exceptions/lib:/home/fbot/kobuki_base_ros2/install/ecl_type_traits/lib:/home/fbot/kobuki_base_ros2/install/ecl_errors/lib:${LD_LIBRARY_PATH} PATH=/home/fbot/kobuki_base_ros2/install/ecl_type_traits/bin:/home/fbot/kobuki_base_ros2/install/ecl_config/bin:${PATH} /usr/bin/cmake --build /home/fbot/kobuki_base_ros2/build/ecl_manipulators -- -j12 -l12
[0.803s] [  9%] [32mBuilding CXX object gtest/CMakeFiles/gtest.dir/src/gtest-all.cc.o[0m
[0.805s] [ 18%] [32mBuilding CXX object src/lib/CMakeFiles/ecl_manipulators.dir/trajectory.cpp.o[0m
[0.806s] [ 36%] [32mBuilding CXX object gtest/CMakeFiles/gtest_main.dir/src/gtest_main.cc.o[0m
[0.806s] [ 36%] [32mBuilding CXX object src/lib/CMakeFiles/ecl_manipulators.dir/waypoint.cpp.o[0m
[2.489s] [ 45%] [32m[1mLinking CXX static library libgtest_main.a[0m
[2.630s] [ 45%] Built target gtest_main
[4.159s] [ 54%] [32m[1mLinking CXX shared library libecl_manipulators.so[0m
[4.353s] [ 54%] Built target ecl_manipulators
[5.180s] [ 63%] [32m[1mLinking CXX static library libgtest.a[0m
[5.253s] [ 63%] Built target gtest
[5.270s] [ 72%] [32mBuilding CXX object src/test/CMakeFiles/ecl_test_trajectories.dir/trajectories.cpp.o[0m
[5.277s] [ 81%] [32mBuilding CXX object src/test/CMakeFiles/ecl_test_waypoints.dir/waypoints.cpp.o[0m
[6.162s] [ 90%] [32m[1mLinking CXX executable ecl_test_waypoints[0m
[6.316s] [ 90%] Built target ecl_test_waypoints
[7.287s] [100%] [32m[1mLinking CXX executable ecl_test_trajectories[0m
[7.448s] [100%] Built target ecl_test_trajectories
[7.459s] Invoked command in '/home/fbot/kobuki_base_ros2/build/ecl_manipulators' returned '0': AMENT_PREFIX_PATH=/home/fbot/kobuki_base_ros2/install/ecl_geometry:/home/fbot/kobuki_base_ros2/install/ecl_linear_algebra:/home/fbot/kobuki_base_ros2/install/ecl_containers:/home/fbot/kobuki_base_ros2/install/ecl_formatters:/home/fbot/kobuki_base_ros2/install/ecl_utilities:/home/fbot/kobuki_base_ros2/install/ecl_converters:/home/fbot/kobuki_base_ros2/install/ecl_math:/home/fbot/kobuki_base_ros2/install/ecl_exceptions:/home/fbot/kobuki_base_ros2/install/ecl_concepts:/home/fbot/kobuki_base_ros2/install/ecl_type_traits:/home/fbot/kobuki_base_ros2/install/ecl_errors:/home/fbot/kobuki_base_ros2/install/ecl_mpl:/home/fbot/kobuki_base_ros2/install/ecl_eigen:/home/fbot/kobuki_base_ros2/install/ecl_config:${AMENT_PREFIX_PATH} CMAKE_PREFIX_PATH=/home/fbot/kobuki_base_ros2/install/ecl_geometry:/home/fbot/kobuki_base_ros2/install/ecl_linear_algebra:/home/fbot/kobuki_base_ros2/install/ecl_containers:/home/fbot/kobuki_base_ros2/install/ecl_formatters:/home/fbot/kobuki_base_ros2/install/ecl_utilities:/home/fbot/kobuki_base_ros2/install/ecl_converters:/home/fbot/kobuki_base_ros2/install/ecl_math:/home/fbot/kobuki_base_ros2/install/ecl_exceptions:/home/fbot/kobuki_base_ros2/install/ecl_concepts:/home/fbot/kobuki_base_ros2/install/ecl_type_traits:/home/fbot/kobuki_base_ros2/install/ecl_errors:/home/fbot/kobuki_base_ros2/install/ecl_mpl:/home/fbot/kobuki_base_ros2/install/ecl_eigen:/home/fbot/kobuki_base_ros2/install/ecl_config:/opt/ros/humble LD_LIBRARY_PATH=/home/fbot/kobuki_base_ros2/install/ecl_geometry/lib:/home/fbot/kobuki_base_ros2/install/ecl_linear_algebra/lib:/home/fbot/kobuki_base_ros2/install/ecl_formatters/lib:/home/fbot/kobuki_base_ros2/install/ecl_exceptions/lib:/home/fbot/kobuki_base_ros2/install/ecl_type_traits/lib:/home/fbot/kobuki_base_ros2/install/ecl_errors/lib:${LD_LIBRARY_PATH} PATH=/home/fbot/kobuki_base_ros2/install/ecl_type_traits/bin:/home/fbot/kobuki_base_ros2/install/ecl_config/bin:${PATH} /usr/bin/cmake --build /home/fbot/kobuki_base_ros2/build/ecl_manipulators -- -j12 -l12
[7.461s] Invoking command in '/home/fbot/kobuki_base_ros2/build/ecl_manipulators': AMENT_PREFIX_PATH=/home/fbot/kobuki_base_ros2/install/ecl_geometry:/home/fbot/kobuki_base_ros2/install/ecl_linear_algebra:/home/fbot/kobuki_base_ros2/install/ecl_containers:/home/fbot/kobuki_base_ros2/install/ecl_formatters:/home/fbot/kobuki_base_ros2/install/ecl_utilities:/home/fbot/kobuki_base_ros2/install/ecl_converters:/home/fbot/kobuki_base_ros2/install/ecl_math:/home/fbot/kobuki_base_ros2/install/ecl_exceptions:/home/fbot/kobuki_base_ros2/install/ecl_concepts:/home/fbot/kobuki_base_ros2/install/ecl_type_traits:/home/fbot/kobuki_base_ros2/install/ecl_errors:/home/fbot/kobuki_base_ros2/install/ecl_mpl:/home/fbot/kobuki_base_ros2/install/ecl_eigen:/home/fbot/kobuki_base_ros2/install/ecl_config:${AMENT_PREFIX_PATH} CMAKE_PREFIX_PATH=/home/fbot/kobuki_base_ros2/install/ecl_geometry:/home/fbot/kobuki_base_ros2/install/ecl_linear_algebra:/home/fbot/kobuki_base_ros2/install/ecl_containers:/home/fbot/kobuki_base_ros2/install/ecl_formatters:/home/fbot/kobuki_base_ros2/install/ecl_utilities:/home/fbot/kobuki_base_ros2/install/ecl_converters:/home/fbot/kobuki_base_ros2/install/ecl_math:/home/fbot/kobuki_base_ros2/install/ecl_exceptions:/home/fbot/kobuki_base_ros2/install/ecl_concepts:/home/fbot/kobuki_base_ros2/install/ecl_type_traits:/home/fbot/kobuki_base_ros2/install/ecl_errors:/home/fbot/kobuki_base_ros2/install/ecl_mpl:/home/fbot/kobuki_base_ros2/install/ecl_eigen:/home/fbot/kobuki_base_ros2/install/ecl_config:/opt/ros/humble LD_LIBRARY_PATH=/home/fbot/kobuki_base_ros2/install/ecl_geometry/lib:/home/fbot/kobuki_base_ros2/install/ecl_linear_algebra/lib:/home/fbot/kobuki_base_ros2/install/ecl_formatters/lib:/home/fbot/kobuki_base_ros2/install/ecl_exceptions/lib:/home/fbot/kobuki_base_ros2/install/ecl_type_traits/lib:/home/fbot/kobuki_base_ros2/install/ecl_errors/lib:${LD_LIBRARY_PATH} PATH=/home/fbot/kobuki_base_ros2/install/ecl_type_traits/bin:/home/fbot/kobuki_base_ros2/install/ecl_config/bin:${PATH} /usr/bin/cmake --install /home/fbot/kobuki_base_ros2/build/ecl_manipulators
[7.467s] -- Install configuration: ""
[7.467s] -- Installing: /home/fbot/kobuki_base_ros2/install/ecl_manipulators/share/ecl_manipulators/scripts
[7.467s] -- Installing: /home/fbot/kobuki_base_ros2/install/ecl_manipulators/share/ecl_manipulators/scripts/Makefile
[7.467s] -- Installing: /home/fbot/kobuki_base_ros2/install/ecl_manipulators/share/ecl_manipulators/scripts/tension.x11
[7.467s] -- Installing: /home/fbot/kobuki_base_ros2/install/ecl_manipulators/share/ecl_manipulators/scripts/linear.x11
[7.467s] -- Installing: /home/fbot/kobuki_base_ros2/install/ecl_manipulators/share/ecl_manipulators/environment/library_path.sh
[7.467s] -- Installing: /home/fbot/kobuki_base_ros2/install/ecl_manipulators/share/ecl_manipulators/environment/library_path.dsv
[7.468s] -- Installing: /home/fbot/kobuki_base_ros2/install/ecl_manipulators/share/ament_index/resource_index/package_run_dependencies/ecl_manipulators
[7.468s] -- Installing: /home/fbot/kobuki_base_ros2/install/ecl_manipulators/share/ament_index/resource_index/parent_prefix_path/ecl_manipulators
[7.468s] -- Installing: /home/fbot/kobuki_base_ros2/install/ecl_manipulators/share/ecl_manipulators/environment/ament_prefix_path.sh
[7.468s] -- Installing: /home/fbot/kobuki_base_ros2/install/ecl_manipulators/share/ecl_manipulators/environment/ament_prefix_path.dsv
[7.468s] -- Installing: /home/fbot/kobuki_base_ros2/install/ecl_manipulators/share/ecl_manipulators/environment/path.sh
[7.468s] -- Installing: /home/fbot/kobuki_base_ros2/install/ecl_manipulators/share/ecl_manipulators/environment/path.dsv
[7.468s] -- Installing: /home/fbot/kobuki_base_ros2/install/ecl_manipulators/share/ecl_manipulators/local_setup.bash
[7.468s] -- Installing: /home/fbot/kobuki_base_ros2/install/ecl_manipulators/share/ecl_manipulators/local_setup.sh
[7.468s] -- Installing: /home/fbot/kobuki_base_ros2/install/ecl_manipulators/share/ecl_manipulators/local_setup.zsh
[7.468s] -- Installing: /home/fbot/kobuki_base_ros2/install/ecl_manipulators/share/ecl_manipulators/local_setup.dsv
[7.468s] -- Installing: /home/fbot/kobuki_base_ros2/install/ecl_manipulators/share/ecl_manipulators/package.dsv
[7.469s] -- Installing: /home/fbot/kobuki_base_ros2/install/ecl_manipulators/share/ament_index/resource_index/packages/ecl_manipulators
[7.469s] -- Installing: /home/fbot/kobuki_base_ros2/install/ecl_manipulators/share/ecl_manipulators/cmake/ecl_manipulatorsExport.cmake
[7.469s] -- Installing: /home/fbot/kobuki_base_ros2/install/ecl_manipulators/share/ecl_manipulators/cmake/ecl_manipulatorsExport-noconfig.cmake
[7.469s] -- Installing: /home/fbot/kobuki_base_ros2/install/ecl_manipulators/share/ecl_manipulators/cmake/ament_cmake_export_targets-extras.cmake
[7.469s] -- Installing: /home/fbot/kobuki_base_ros2/install/ecl_manipulators/share/ecl_manipulators/cmake/ament_cmake_export_include_directories-extras.cmake
[7.469s] -- Installing: /home/fbot/kobuki_base_ros2/install/ecl_manipulators/share/ecl_manipulators/cmake/ament_cmake_export_libraries-extras.cmake
[7.469s] -- Installing: /home/fbot/kobuki_base_ros2/install/ecl_manipulators/share/ecl_manipulators/cmake/ament_cmake_export_dependencies-extras.cmake
[7.469s] -- Installing: /home/fbot/kobuki_base_ros2/install/ecl_manipulators/share/ecl_manipulators/cmake/ecl_manipulatorsConfig.cmake
[7.469s] -- Installing: /home/fbot/kobuki_base_ros2/install/ecl_manipulators/share/ecl_manipulators/cmake/ecl_manipulatorsConfig-version.cmake
[7.469s] -- Installing: /home/fbot/kobuki_base_ros2/install/ecl_manipulators/share/ecl_manipulators/package.xml
[7.470s] -- Installing: /home/fbot/kobuki_base_ros2/install/ecl_manipulators/include/ecl/manipulators.hpp
[7.470s] -- Installing: /home/fbot/kobuki_base_ros2/install/ecl_manipulators/include/ecl/manipulators/trajectory.hpp
[7.470s] -- Installing: /home/fbot/kobuki_base_ros2/install/ecl_manipulators/include/ecl/manipulators/types.hpp
[7.470s] -- Installing: /home/fbot/kobuki_base_ros2/install/ecl_manipulators/include/ecl/manipulators/waypoint.hpp
[7.470s] -- Installing: /home/fbot/kobuki_base_ros2/install/ecl_manipulators/lib/libecl_manipulators.so.1.2.1
[7.471s] -- Set runtime path of "/home/fbot/kobuki_base_ros2/install/ecl_manipulators/lib/libecl_manipulators.so.1.2.1" to ""
[7.471s] -- Installing: /home/fbot/kobuki_base_ros2/install/ecl_manipulators/lib/libecl_manipulators.so
[7.473s] Invoked command in '/home/fbot/kobuki_base_ros2/build/ecl_manipulators' returned '0': AMENT_PREFIX_PATH=/home/fbot/kobuki_base_ros2/install/ecl_geometry:/home/fbot/kobuki_base_ros2/install/ecl_linear_algebra:/home/fbot/kobuki_base_ros2/install/ecl_containers:/home/fbot/kobuki_base_ros2/install/ecl_formatters:/home/fbot/kobuki_base_ros2/install/ecl_utilities:/home/fbot/kobuki_base_ros2/install/ecl_converters:/home/fbot/kobuki_base_ros2/install/ecl_math:/home/fbot/kobuki_base_ros2/install/ecl_exceptions:/home/fbot/kobuki_base_ros2/install/ecl_concepts:/home/fbot/kobuki_base_ros2/install/ecl_type_traits:/home/fbot/kobuki_base_ros2/install/ecl_errors:/home/fbot/kobuki_base_ros2/install/ecl_mpl:/home/fbot/kobuki_base_ros2/install/ecl_eigen:/home/fbot/kobuki_base_ros2/install/ecl_config:${AMENT_PREFIX_PATH} CMAKE_PREFIX_PATH=/home/fbot/kobuki_base_ros2/install/ecl_geometry:/home/fbot/kobuki_base_ros2/install/ecl_linear_algebra:/home/fbot/kobuki_base_ros2/install/ecl_containers:/home/fbot/kobuki_base_ros2/install/ecl_formatters:/home/fbot/kobuki_base_ros2/install/ecl_utilities:/home/fbot/kobuki_base_ros2/install/ecl_converters:/home/fbot/kobuki_base_ros2/install/ecl_math:/home/fbot/kobuki_base_ros2/install/ecl_exceptions:/home/fbot/kobuki_base_ros2/install/ecl_concepts:/home/fbot/kobuki_base_ros2/install/ecl_type_traits:/home/fbot/kobuki_base_ros2/install/ecl_errors:/home/fbot/kobuki_base_ros2/install/ecl_mpl:/home/fbot/kobuki_base_ros2/install/ecl_eigen:/home/fbot/kobuki_base_ros2/install/ecl_config:/opt/ros/humble LD_LIBRARY_PATH=/home/fbot/kobuki_base_ros2/install/ecl_geometry/lib:/home/fbot/kobuki_base_ros2/install/ecl_linear_algebra/lib:/home/fbot/kobuki_base_ros2/install/ecl_formatters/lib:/home/fbot/kobuki_base_ros2/install/ecl_exceptions/lib:/home/fbot/kobuki_base_ros2/install/ecl_type_traits/lib:/home/fbot/kobuki_base_ros2/install/ecl_errors/lib:${LD_LIBRARY_PATH} PATH=/home/fbot/kobuki_base_ros2/install/ecl_type_traits/bin:/home/fbot/kobuki_base_ros2/install/ecl_config/bin:${PATH} /usr/bin/cmake --install /home/fbot/kobuki_base_ros2/build/ecl_manipulators
