[0.034s] Invoking command in '/home/fbot/kobuki_base_ros2/build/ecl_lite': AMENT_PREFIX_PATH=/home/fbot/kobuki_base_ros2/install/ecl_time_lite:/home/fbot/kobuki_base_ros2/install/ecl_sigslots_lite:/home/fbot/kobuki_base_ros2/install/ecl_io:/home/fbot/kobuki_base_ros2/install/ecl_errors:/home/fbot/kobuki_base_ros2/install/ecl_converters_lite:/home/fbot/kobuki_base_ros2/install/ecl_config:${AMENT_PREFIX_PATH} CMAKE_PREFIX_PATH=/home/fbot/kobuki_base_ros2/install/ecl_time_lite:/home/fbot/kobuki_base_ros2/install/ecl_sigslots_lite:/home/fbot/kobuki_base_ros2/install/ecl_io:/home/fbot/kobuki_base_ros2/install/ecl_errors:/home/fbot/kobuki_base_ros2/install/ecl_converters_lite:/home/fbot/kobuki_base_ros2/install/ecl_config:/opt/ros/humble LD_LIBRARY_PATH=/home/fbot/kobuki_base_ros2/install/ecl_time_lite/lib:/home/fbot/kobuki_base_ros2/install/ecl_io/lib:/home/fbot/kobuki_base_ros2/install/ecl_errors/lib:${LD_LIBRARY_PATH} PATH=/home/fbot/kobuki_base_ros2/install/ecl_config/bin:${PATH} /usr/bin/cmake --build /home/fbot/kobuki_base_ros2/build/ecl_lite -- -j12 -l12
[0.062s] Invoked command in '/home/fbot/kobuki_base_ros2/build/ecl_lite' returned '0': AMENT_PREFIX_PATH=/home/fbot/kobuki_base_ros2/install/ecl_time_lite:/home/fbot/kobuki_base_ros2/install/ecl_sigslots_lite:/home/fbot/kobuki_base_ros2/install/ecl_io:/home/fbot/kobuki_base_ros2/install/ecl_errors:/home/fbot/kobuki_base_ros2/install/ecl_converters_lite:/home/fbot/kobuki_base_ros2/install/ecl_config:${AMENT_PREFIX_PATH} CMAKE_PREFIX_PATH=/home/fbot/kobuki_base_ros2/install/ecl_time_lite:/home/fbot/kobuki_base_ros2/install/ecl_sigslots_lite:/home/fbot/kobuki_base_ros2/install/ecl_io:/home/fbot/kobuki_base_ros2/install/ecl_errors:/home/fbot/kobuki_base_ros2/install/ecl_converters_lite:/home/fbot/kobuki_base_ros2/install/ecl_config:/opt/ros/humble LD_LIBRARY_PATH=/home/fbot/kobuki_base_ros2/install/ecl_time_lite/lib:/home/fbot/kobuki_base_ros2/install/ecl_io/lib:/home/fbot/kobuki_base_ros2/install/ecl_errors/lib:${LD_LIBRARY_PATH} PATH=/home/fbot/kobuki_base_ros2/install/ecl_config/bin:${PATH} /usr/bin/cmake --build /home/fbot/kobuki_base_ros2/build/ecl_lite -- -j12 -l12
[0.064s] Invoking command in '/home/fbot/kobuki_base_ros2/build/ecl_lite': AMENT_PREFIX_PATH=/home/fbot/kobuki_base_ros2/install/ecl_time_lite:/home/fbot/kobuki_base_ros2/install/ecl_sigslots_lite:/home/fbot/kobuki_base_ros2/install/ecl_io:/home/fbot/kobuki_base_ros2/install/ecl_errors:/home/fbot/kobuki_base_ros2/install/ecl_converters_lite:/home/fbot/kobuki_base_ros2/install/ecl_config:${AMENT_PREFIX_PATH} CMAKE_PREFIX_PATH=/home/fbot/kobuki_base_ros2/install/ecl_time_lite:/home/fbot/kobuki_base_ros2/install/ecl_sigslots_lite:/home/fbot/kobuki_base_ros2/install/ecl_io:/home/fbot/kobuki_base_ros2/install/ecl_errors:/home/fbot/kobuki_base_ros2/install/ecl_converters_lite:/home/fbot/kobuki_base_ros2/install/ecl_config:/opt/ros/humble LD_LIBRARY_PATH=/home/fbot/kobuki_base_ros2/install/ecl_time_lite/lib:/home/fbot/kobuki_base_ros2/install/ecl_io/lib:/home/fbot/kobuki_base_ros2/install/ecl_errors/lib:${LD_LIBRARY_PATH} PATH=/home/fbot/kobuki_base_ros2/install/ecl_config/bin:${PATH} /usr/bin/cmake --install /home/fbot/kobuki_base_ros2/build/ecl_lite
[0.075s] -- Install configuration: ""
[0.075s] -- Up-to-date: /home/fbot/kobuki_base_ros2/install/ecl_lite/share/ament_index/resource_index/package_run_dependencies/ecl_lite
[0.075s] -- Up-to-date: /home/fbot/kobuki_base_ros2/install/ecl_lite/share/ament_index/resource_index/parent_prefix_path/ecl_lite
[0.075s] -- Up-to-date: /home/fbot/kobuki_base_ros2/install/ecl_lite/share/ecl_lite/environment/ament_prefix_path.sh
[0.075s] -- Up-to-date: /home/fbot/kobuki_base_ros2/install/ecl_lite/share/ecl_lite/environment/ament_prefix_path.dsv
[0.075s] -- Up-to-date: /home/fbot/kobuki_base_ros2/install/ecl_lite/share/ecl_lite/environment/path.sh
[0.075s] -- Up-to-date: /home/fbot/kobuki_base_ros2/install/ecl_lite/share/ecl_lite/environment/path.dsv
[0.075s] -- Up-to-date: /home/fbot/kobuki_base_ros2/install/ecl_lite/share/ecl_lite/local_setup.bash
[0.075s] -- Up-to-date: /home/fbot/kobuki_base_ros2/install/ecl_lite/share/ecl_lite/local_setup.sh
[0.075s] -- Up-to-date: /home/fbot/kobuki_base_ros2/install/ecl_lite/share/ecl_lite/local_setup.zsh
[0.075s] -- Up-to-date: /home/fbot/kobuki_base_ros2/install/ecl_lite/share/ecl_lite/local_setup.dsv
[0.075s] -- Up-to-date: /home/fbot/kobuki_base_ros2/install/ecl_lite/share/ecl_lite/package.dsv
[0.076s] -- Up-to-date: /home/fbot/kobuki_base_ros2/install/ecl_lite/share/ament_index/resource_index/packages/ecl_lite
[0.076s] -- Up-to-date: /home/fbot/kobuki_base_ros2/install/ecl_lite/share/ecl_lite/cmake/ecl_liteConfig.cmake
[0.076s] -- Up-to-date: /home/fbot/kobuki_base_ros2/install/ecl_lite/share/ecl_lite/cmake/ecl_liteConfig-version.cmake
[0.076s] -- Up-to-date: /home/fbot/kobuki_base_ros2/install/ecl_lite/share/ecl_lite/package.xml
[0.077s] Invoked command in '/home/fbot/kobuki_base_ros2/build/ecl_lite' returned '0': AMENT_PREFIX_PATH=/home/fbot/kobuki_base_ros2/install/ecl_time_lite:/home/fbot/kobuki_base_ros2/install/ecl_sigslots_lite:/home/fbot/kobuki_base_ros2/install/ecl_io:/home/fbot/kobuki_base_ros2/install/ecl_errors:/home/fbot/kobuki_base_ros2/install/ecl_converters_lite:/home/fbot/kobuki_base_ros2/install/ecl_config:${AMENT_PREFIX_PATH} CMAKE_PREFIX_PATH=/home/fbot/kobuki_base_ros2/install/ecl_time_lite:/home/fbot/kobuki_base_ros2/install/ecl_sigslots_lite:/home/fbot/kobuki_base_ros2/install/ecl_io:/home/fbot/kobuki_base_ros2/install/ecl_errors:/home/fbot/kobuki_base_ros2/install/ecl_converters_lite:/home/fbot/kobuki_base_ros2/install/ecl_config:/opt/ros/humble LD_LIBRARY_PATH=/home/fbot/kobuki_base_ros2/install/ecl_time_lite/lib:/home/fbot/kobuki_base_ros2/install/ecl_io/lib:/home/fbot/kobuki_base_ros2/install/ecl_errors/lib:${LD_LIBRARY_PATH} PATH=/home/fbot/kobuki_base_ros2/install/ecl_config/bin:${PATH} /usr/bin/cmake --install /home/fbot/kobuki_base_ros2/build/ecl_lite
