[0.017s] Invoking command in '/home/fbot/kobuki_base_ros2/build/ecl_utilities': AMENT_PREFIX_PATH=/home/fbot/kobuki_base_ros2/install/ecl_concepts:/home/fbot/kobuki_base_ros2/install/ecl_type_traits:/home/fbot/kobuki_base_ros2/install/ecl_mpl:/home/fbot/kobuki_base_ros2/install/ecl_config:${AMENT_PREFIX_PATH} CMAKE_PREFIX_PATH=/home/fbot/kobuki_base_ros2/install/ecl_concepts:/home/fbot/kobuki_base_ros2/install/ecl_type_traits:/home/fbot/kobuki_base_ros2/install/ecl_mpl:/home/fbot/kobuki_base_ros2/install/ecl_config:/opt/ros/humble LD_LIBRARY_PATH=/home/fbot/kobuki_base_ros2/install/ecl_type_traits/lib:${LD_LIBRARY_PATH} PATH=/home/fbot/kobuki_base_ros2/install/ecl_type_traits/bin:/home/fbot/kobuki_base_ros2/install/ecl_config/bin:${PATH} /usr/bin/cmake --build /home/fbot/kobuki_base_ros2/build/ecl_utilities -- -j12 -l12
[0.050s] [35m[1mConsolidate compiler generated dependencies of target gtest_main[0m
[0.053s] [35m[1mConsolidate compiler generated dependencies of target ecl_demo_constructors[0m
[0.053s] [35m[1mConsolidate compiler generated dependencies of target gtest[0m
[0.061s] [ 12%] Built target ecl_demo_constructors
[0.063s] [ 25%] Built target gtest_main
[0.067s] [ 37%] Built target gtest
[0.076s] [35m[1mConsolidate compiler generated dependencies of target ecl_test_references[0m
[0.076s] [35m[1mConsolidate compiler generated dependencies of target ecl_test_parameters[0m
[0.077s] [35m[1mConsolidate compiler generated dependencies of target ecl_test_function_objects[0m
[0.077s] [35m[1mConsolidate compiler generated dependencies of target ecl_test_singleton[0m
[0.077s] [35m[1mConsolidate compiler generated dependencies of target ecl_test_flags[0m
[0.085s] [ 50%] Built target ecl_test_parameters
[0.088s] [ 62%] Built target ecl_test_singleton
[0.088s] [ 75%] Built target ecl_test_references
[0.088s] [100%] Built target ecl_test_flags
[0.088s] [100%] Built target ecl_test_function_objects
[0.097s] Invoked command in '/home/fbot/kobuki_base_ros2/build/ecl_utilities' returned '0': AMENT_PREFIX_PATH=/home/fbot/kobuki_base_ros2/install/ecl_concepts:/home/fbot/kobuki_base_ros2/install/ecl_type_traits:/home/fbot/kobuki_base_ros2/install/ecl_mpl:/home/fbot/kobuki_base_ros2/install/ecl_config:${AMENT_PREFIX_PATH} CMAKE_PREFIX_PATH=/home/fbot/kobuki_base_ros2/install/ecl_concepts:/home/fbot/kobuki_base_ros2/install/ecl_type_traits:/home/fbot/kobuki_base_ros2/install/ecl_mpl:/home/fbot/kobuki_base_ros2/install/ecl_config:/opt/ros/humble LD_LIBRARY_PATH=/home/fbot/kobuki_base_ros2/install/ecl_type_traits/lib:${LD_LIBRARY_PATH} PATH=/home/fbot/kobuki_base_ros2/install/ecl_type_traits/bin:/home/fbot/kobuki_base_ros2/install/ecl_config/bin:${PATH} /usr/bin/cmake --build /home/fbot/kobuki_base_ros2/build/ecl_utilities -- -j12 -l12
[0.098s] Invoking command in '/home/fbot/kobuki_base_ros2/build/ecl_utilities': AMENT_PREFIX_PATH=/home/fbot/kobuki_base_ros2/install/ecl_concepts:/home/fbot/kobuki_base_ros2/install/ecl_type_traits:/home/fbot/kobuki_base_ros2/install/ecl_mpl:/home/fbot/kobuki_base_ros2/install/ecl_config:${AMENT_PREFIX_PATH} CMAKE_PREFIX_PATH=/home/fbot/kobuki_base_ros2/install/ecl_concepts:/home/fbot/kobuki_base_ros2/install/ecl_type_traits:/home/fbot/kobuki_base_ros2/install/ecl_mpl:/home/fbot/kobuki_base_ros2/install/ecl_config:/opt/ros/humble LD_LIBRARY_PATH=/home/fbot/kobuki_base_ros2/install/ecl_type_traits/lib:${LD_LIBRARY_PATH} PATH=/home/fbot/kobuki_base_ros2/install/ecl_type_traits/bin:/home/fbot/kobuki_base_ros2/install/ecl_config/bin:${PATH} /usr/bin/cmake --install /home/fbot/kobuki_base_ros2/build/ecl_utilities
[0.104s] -- Install configuration: ""
[0.104s] -- Up-to-date: /home/fbot/kobuki_base_ros2/install/ecl_utilities/share/ament_index/resource_index/package_run_dependencies/ecl_utilities
[0.104s] -- Up-to-date: /home/fbot/kobuki_base_ros2/install/ecl_utilities/share/ament_index/resource_index/parent_prefix_path/ecl_utilities
[0.104s] -- Up-to-date: /home/fbot/kobuki_base_ros2/install/ecl_utilities/share/ecl_utilities/environment/ament_prefix_path.sh
[0.104s] -- Up-to-date: /home/fbot/kobuki_base_ros2/install/ecl_utilities/share/ecl_utilities/environment/ament_prefix_path.dsv
[0.104s] -- Up-to-date: /home/fbot/kobuki_base_ros2/install/ecl_utilities/share/ecl_utilities/environment/path.sh
[0.104s] -- Up-to-date: /home/fbot/kobuki_base_ros2/install/ecl_utilities/share/ecl_utilities/environment/path.dsv
[0.104s] -- Up-to-date: /home/fbot/kobuki_base_ros2/install/ecl_utilities/share/ecl_utilities/local_setup.bash
[0.104s] -- Up-to-date: /home/fbot/kobuki_base_ros2/install/ecl_utilities/share/ecl_utilities/local_setup.sh
[0.104s] -- Up-to-date: /home/fbot/kobuki_base_ros2/install/ecl_utilities/share/ecl_utilities/local_setup.zsh
[0.104s] -- Up-to-date: /home/fbot/kobuki_base_ros2/install/ecl_utilities/share/ecl_utilities/local_setup.dsv
[0.104s] -- Installing: /home/fbot/kobuki_base_ros2/install/ecl_utilities/share/ecl_utilities/package.dsv
[0.104s] -- Up-to-date: /home/fbot/kobuki_base_ros2/install/ecl_utilities/share/ament_index/resource_index/packages/ecl_utilities
[0.105s] -- Up-to-date: /home/fbot/kobuki_base_ros2/install/ecl_utilities/share/ecl_utilities/cmake/ecl_utilitiesExport.cmake
[0.105s] -- Up-to-date: /home/fbot/kobuki_base_ros2/install/ecl_utilities/share/ecl_utilities/cmake/ament_cmake_export_targets-extras.cmake
[0.105s] -- Up-to-date: /home/fbot/kobuki_base_ros2/install/ecl_utilities/share/ecl_utilities/cmake/ament_cmake_export_include_directories-extras.cmake
[0.105s] -- Up-to-date: /home/fbot/kobuki_base_ros2/install/ecl_utilities/share/ecl_utilities/cmake/ament_cmake_export_dependencies-extras.cmake
[0.105s] -- Up-to-date: /home/fbot/kobuki_base_ros2/install/ecl_utilities/share/ecl_utilities/cmake/ecl_utilitiesConfig.cmake
[0.105s] -- Up-to-date: /home/fbot/kobuki_base_ros2/install/ecl_utilities/share/ecl_utilities/cmake/ecl_utilitiesConfig-version.cmake
[0.105s] -- Up-to-date: /home/fbot/kobuki_base_ros2/install/ecl_utilities/share/ecl_utilities/package.xml
[0.105s] -- Up-to-date: /home/fbot/kobuki_base_ros2/install/ecl_utilities/include/ecl/utilities.hpp
[0.105s] -- Up-to-date: /home/fbot/kobuki_base_ros2/install/ecl_utilities/include/ecl/utilities/blueprints.hpp
[0.105s] -- Up-to-date: /home/fbot/kobuki_base_ros2/install/ecl_utilities/include/ecl/utilities/flags.hpp
[0.105s] -- Up-to-date: /home/fbot/kobuki_base_ros2/install/ecl_utilities/include/ecl/utilities/function_objects.hpp
[0.105s] -- Up-to-date: /home/fbot/kobuki_base_ros2/install/ecl_utilities/include/ecl/utilities/parameter.hpp
[0.105s] -- Up-to-date: /home/fbot/kobuki_base_ros2/install/ecl_utilities/include/ecl/utilities/references.hpp
[0.105s] -- Up-to-date: /home/fbot/kobuki_base_ros2/install/ecl_utilities/include/ecl/utilities/singleton.hpp
[0.105s] -- Up-to-date: /home/fbot/kobuki_base_ros2/install/ecl_utilities/include/ecl/utilities/void.hpp
[0.105s] -- Up-to-date: /home/fbot/kobuki_base_ros2/install/ecl_utilities/lib/ecl_utilities/demo_constructors
[0.120s] Invoked command in '/home/fbot/kobuki_base_ros2/build/ecl_utilities' returned '0': AMENT_PREFIX_PATH=/home/fbot/kobuki_base_ros2/install/ecl_concepts:/home/fbot/kobuki_base_ros2/install/ecl_type_traits:/home/fbot/kobuki_base_ros2/install/ecl_mpl:/home/fbot/kobuki_base_ros2/install/ecl_config:${AMENT_PREFIX_PATH} CMAKE_PREFIX_PATH=/home/fbot/kobuki_base_ros2/install/ecl_concepts:/home/fbot/kobuki_base_ros2/install/ecl_type_traits:/home/fbot/kobuki_base_ros2/install/ecl_mpl:/home/fbot/kobuki_base_ros2/install/ecl_config:/opt/ros/humble LD_LIBRARY_PATH=/home/fbot/kobuki_base_ros2/install/ecl_type_traits/lib:${LD_LIBRARY_PATH} PATH=/home/fbot/kobuki_base_ros2/install/ecl_type_traits/bin:/home/fbot/kobuki_base_ros2/install/ecl_config/bin:${PATH} /usr/bin/cmake --install /home/fbot/kobuki_base_ros2/build/ecl_utilities
