[35m[1mConsolidate compiler generated dependencies of target ecl_statistics[0m
[35m[1mConsolidate compiler generated dependencies of target gtest_main[0m
[35m[1mConsolidate compiler generated dependencies of target gtest[0m
[ 20%] Built target ecl_statistics
[ 40%] Built target gtest_main
[ 60%] Built target gtest
[35m[1mConsolidate compiler generated dependencies of target ecl_test_cumulative_statistics[0m
[35m[1mConsolidate compiler generated dependencies of target ecl_test_covariance_ellipsoids[0m
[ 80%] Built target ecl_test_covariance_ellipsoids
[100%] Built target ecl_test_cumulative_statistics
-- Install configuration: ""
-- Up-to-date: /home/fbot/kobuki_base_ros2/install/ecl_statistics/share/ecl_statistics/environment/library_path.sh
-- Up-to-date: /home/fbot/kobuki_base_ros2/install/ecl_statistics/share/ecl_statistics/environment/library_path.dsv
-- Up-to-date: /home/fbot/kobuki_base_ros2/install/ecl_statistics/share/ament_index/resource_index/package_run_dependencies/ecl_statistics
-- Up-to-date: /home/fbot/kobuki_base_ros2/install/ecl_statistics/share/ament_index/resource_index/parent_prefix_path/ecl_statistics
-- Up-to-date: /home/fbot/kobuki_base_ros2/install/ecl_statistics/share/ecl_statistics/environment/ament_prefix_path.sh
-- Up-to-date: /home/fbot/kobuki_base_ros2/install/ecl_statistics/share/ecl_statistics/environment/ament_prefix_path.dsv
-- Up-to-date: /home/fbot/kobuki_base_ros2/install/ecl_statistics/share/ecl_statistics/environment/path.sh
-- Up-to-date: /home/fbot/kobuki_base_ros2/install/ecl_statistics/share/ecl_statistics/environment/path.dsv
-- Up-to-date: /home/fbot/kobuki_base_ros2/install/ecl_statistics/share/ecl_statistics/local_setup.bash
-- Up-to-date: /home/fbot/kobuki_base_ros2/install/ecl_statistics/share/ecl_statistics/local_setup.sh
-- Up-to-date: /home/fbot/kobuki_base_ros2/install/ecl_statistics/share/ecl_statistics/local_setup.zsh
-- Up-to-date: /home/fbot/kobuki_base_ros2/install/ecl_statistics/share/ecl_statistics/local_setup.dsv
-- Installing: /home/fbot/kobuki_base_ros2/install/ecl_statistics/share/ecl_statistics/package.dsv
-- Up-to-date: /home/fbot/kobuki_base_ros2/install/ecl_statistics/share/ament_index/resource_index/packages/ecl_statistics
-- Up-to-date: /home/fbot/kobuki_base_ros2/install/ecl_statistics/share/ecl_statistics/cmake/ecl_statisticsExport.cmake
-- Up-to-date: /home/fbot/kobuki_base_ros2/install/ecl_statistics/share/ecl_statistics/cmake/ecl_statisticsExport-noconfig.cmake
-- Up-to-date: /home/fbot/kobuki_base_ros2/install/ecl_statistics/share/ecl_statistics/cmake/ament_cmake_export_targets-extras.cmake
-- Up-to-date: /home/fbot/kobuki_base_ros2/install/ecl_statistics/share/ecl_statistics/cmake/ament_cmake_export_include_directories-extras.cmake
-- Up-to-date: /home/fbot/kobuki_base_ros2/install/ecl_statistics/share/ecl_statistics/cmake/ament_cmake_export_libraries-extras.cmake
-- Up-to-date: /home/fbot/kobuki_base_ros2/install/ecl_statistics/share/ecl_statistics/cmake/ament_cmake_export_dependencies-extras.cmake
-- Up-to-date: /home/fbot/kobuki_base_ros2/install/ecl_statistics/share/ecl_statistics/cmake/ecl_statisticsConfig.cmake
-- Up-to-date: /home/fbot/kobuki_base_ros2/install/ecl_statistics/share/ecl_statistics/cmake/ecl_statisticsConfig-version.cmake
-- Up-to-date: /home/fbot/kobuki_base_ros2/install/ecl_statistics/share/ecl_statistics/package.xml
-- Up-to-date: /home/fbot/kobuki_base_ros2/install/ecl_statistics/include/ecl/statistics.hpp
-- Up-to-date: /home/fbot/kobuki_base_ros2/install/ecl_statistics/include/ecl/statistics/covariance_ellipsoid.hpp
-- Up-to-date: /home/fbot/kobuki_base_ros2/install/ecl_statistics/include/ecl/statistics/cumulative_statistics.hpp
-- Up-to-date: /home/fbot/kobuki_base_ros2/install/ecl_statistics/lib/libecl_statistics.so.1.2.1
-- Up-to-date: /home/fbot/kobuki_base_ros2/install/ecl_statistics/lib/libecl_statistics.so
