[0.022s] Invoking command in '/home/fbot/kobuki_base_ros2/build/ecl_statistics': AMENT_PREFIX_PATH=/home/fbot/kobuki_base_ros2/install/ecl_linear_algebra:/home/fbot/kobuki_base_ros2/install/ecl_formatters:/home/fbot/kobuki_base_ros2/install/ecl_converters:/home/fbot/kobuki_base_ros2/install/ecl_math:/home/fbot/kobuki_base_ros2/install/ecl_exceptions:/home/fbot/kobuki_base_ros2/install/ecl_concepts:/home/fbot/kobuki_base_ros2/install/ecl_type_traits:/home/fbot/kobuki_base_ros2/install/ecl_errors:/home/fbot/kobuki_base_ros2/install/ecl_mpl:/home/fbot/kobuki_base_ros2/install/ecl_eigen:/home/fbot/kobuki_base_ros2/install/ecl_config:${AMENT_PREFIX_PATH} CMAKE_PREFIX_PATH=/home/fbot/kobuki_base_ros2/install/ecl_linear_algebra:/home/fbot/kobuki_base_ros2/install/ecl_formatters:/home/fbot/kobuki_base_ros2/install/ecl_converters:/home/fbot/kobuki_base_ros2/install/ecl_math:/home/fbot/kobuki_base_ros2/install/ecl_exceptions:/home/fbot/kobuki_base_ros2/install/ecl_concepts:/home/fbot/kobuki_base_ros2/install/ecl_type_traits:/home/fbot/kobuki_base_ros2/install/ecl_errors:/home/fbot/kobuki_base_ros2/install/ecl_mpl:/home/fbot/kobuki_base_ros2/install/ecl_eigen:/home/fbot/kobuki_base_ros2/install/ecl_config:/opt/ros/humble LD_LIBRARY_PATH=/home/fbot/kobuki_base_ros2/install/ecl_linear_algebra/lib:/home/fbot/kobuki_base_ros2/install/ecl_formatters/lib:/home/fbot/kobuki_base_ros2/install/ecl_exceptions/lib:/home/fbot/kobuki_base_ros2/install/ecl_type_traits/lib:/home/fbot/kobuki_base_ros2/install/ecl_errors/lib:${LD_LIBRARY_PATH} PATH=/home/fbot/kobuki_base_ros2/install/ecl_type_traits/bin:/home/fbot/kobuki_base_ros2/install/ecl_config/bin:${PATH} /usr/bin/cmake --build /home/fbot/kobuki_base_ros2/build/ecl_statistics -- -j12 -l12
[0.052s] [35m[1mConsolidate compiler generated dependencies of target ecl_statistics[0m
[0.054s] [35m[1mConsolidate compiler generated dependencies of target gtest_main[0m
[0.054s] [35m[1mConsolidate compiler generated dependencies of target gtest[0m
[0.063s] [ 20%] Built target ecl_statistics
[0.065s] [ 40%] Built target gtest_main
[0.066s] [ 60%] Built target gtest
[0.074s] [35m[1mConsolidate compiler generated dependencies of target ecl_test_cumulative_statistics[0m
[0.074s] [35m[1mConsolidate compiler generated dependencies of target ecl_test_covariance_ellipsoids[0m
[0.095s] [ 80%] Built target ecl_test_covariance_ellipsoids
[0.096s] [100%] Built target ecl_test_cumulative_statistics
[0.113s] Invoked command in '/home/fbot/kobuki_base_ros2/build/ecl_statistics' returned '0': AMENT_PREFIX_PATH=/home/fbot/kobuki_base_ros2/install/ecl_linear_algebra:/home/fbot/kobuki_base_ros2/install/ecl_formatters:/home/fbot/kobuki_base_ros2/install/ecl_converters:/home/fbot/kobuki_base_ros2/install/ecl_math:/home/fbot/kobuki_base_ros2/install/ecl_exceptions:/home/fbot/kobuki_base_ros2/install/ecl_concepts:/home/fbot/kobuki_base_ros2/install/ecl_type_traits:/home/fbot/kobuki_base_ros2/install/ecl_errors:/home/fbot/kobuki_base_ros2/install/ecl_mpl:/home/fbot/kobuki_base_ros2/install/ecl_eigen:/home/fbot/kobuki_base_ros2/install/ecl_config:${AMENT_PREFIX_PATH} CMAKE_PREFIX_PATH=/home/fbot/kobuki_base_ros2/install/ecl_linear_algebra:/home/fbot/kobuki_base_ros2/install/ecl_formatters:/home/fbot/kobuki_base_ros2/install/ecl_converters:/home/fbot/kobuki_base_ros2/install/ecl_math:/home/fbot/kobuki_base_ros2/install/ecl_exceptions:/home/fbot/kobuki_base_ros2/install/ecl_concepts:/home/fbot/kobuki_base_ros2/install/ecl_type_traits:/home/fbot/kobuki_base_ros2/install/ecl_errors:/home/fbot/kobuki_base_ros2/install/ecl_mpl:/home/fbot/kobuki_base_ros2/install/ecl_eigen:/home/fbot/kobuki_base_ros2/install/ecl_config:/opt/ros/humble LD_LIBRARY_PATH=/home/fbot/kobuki_base_ros2/install/ecl_linear_algebra/lib:/home/fbot/kobuki_base_ros2/install/ecl_formatters/lib:/home/fbot/kobuki_base_ros2/install/ecl_exceptions/lib:/home/fbot/kobuki_base_ros2/install/ecl_type_traits/lib:/home/fbot/kobuki_base_ros2/install/ecl_errors/lib:${LD_LIBRARY_PATH} PATH=/home/fbot/kobuki_base_ros2/install/ecl_type_traits/bin:/home/fbot/kobuki_base_ros2/install/ecl_config/bin:${PATH} /usr/bin/cmake --build /home/fbot/kobuki_base_ros2/build/ecl_statistics -- -j12 -l12
[0.114s] Invoking command in '/home/fbot/kobuki_base_ros2/build/ecl_statistics': AMENT_PREFIX_PATH=/home/fbot/kobuki_base_ros2/install/ecl_linear_algebra:/home/fbot/kobuki_base_ros2/install/ecl_formatters:/home/fbot/kobuki_base_ros2/install/ecl_converters:/home/fbot/kobuki_base_ros2/install/ecl_math:/home/fbot/kobuki_base_ros2/install/ecl_exceptions:/home/fbot/kobuki_base_ros2/install/ecl_concepts:/home/fbot/kobuki_base_ros2/install/ecl_type_traits:/home/fbot/kobuki_base_ros2/install/ecl_errors:/home/fbot/kobuki_base_ros2/install/ecl_mpl:/home/fbot/kobuki_base_ros2/install/ecl_eigen:/home/fbot/kobuki_base_ros2/install/ecl_config:${AMENT_PREFIX_PATH} CMAKE_PREFIX_PATH=/home/fbot/kobuki_base_ros2/install/ecl_linear_algebra:/home/fbot/kobuki_base_ros2/install/ecl_formatters:/home/fbot/kobuki_base_ros2/install/ecl_converters:/home/fbot/kobuki_base_ros2/install/ecl_math:/home/fbot/kobuki_base_ros2/install/ecl_exceptions:/home/fbot/kobuki_base_ros2/install/ecl_concepts:/home/fbot/kobuki_base_ros2/install/ecl_type_traits:/home/fbot/kobuki_base_ros2/install/ecl_errors:/home/fbot/kobuki_base_ros2/install/ecl_mpl:/home/fbot/kobuki_base_ros2/install/ecl_eigen:/home/fbot/kobuki_base_ros2/install/ecl_config:/opt/ros/humble LD_LIBRARY_PATH=/home/fbot/kobuki_base_ros2/install/ecl_linear_algebra/lib:/home/fbot/kobuki_base_ros2/install/ecl_formatters/lib:/home/fbot/kobuki_base_ros2/install/ecl_exceptions/lib:/home/fbot/kobuki_base_ros2/install/ecl_type_traits/lib:/home/fbot/kobuki_base_ros2/install/ecl_errors/lib:${LD_LIBRARY_PATH} PATH=/home/fbot/kobuki_base_ros2/install/ecl_type_traits/bin:/home/fbot/kobuki_base_ros2/install/ecl_config/bin:${PATH} /usr/bin/cmake --install /home/fbot/kobuki_base_ros2/build/ecl_statistics
[0.120s] -- Install configuration: ""
[0.120s] -- Up-to-date: /home/fbot/kobuki_base_ros2/install/ecl_statistics/share/ecl_statistics/environment/library_path.sh
[0.120s] -- Up-to-date: /home/fbot/kobuki_base_ros2/install/ecl_statistics/share/ecl_statistics/environment/library_path.dsv
[0.120s] -- Up-to-date: /home/fbot/kobuki_base_ros2/install/ecl_statistics/share/ament_index/resource_index/package_run_dependencies/ecl_statistics
[0.120s] -- Up-to-date: /home/fbot/kobuki_base_ros2/install/ecl_statistics/share/ament_index/resource_index/parent_prefix_path/ecl_statistics
[0.120s] -- Up-to-date: /home/fbot/kobuki_base_ros2/install/ecl_statistics/share/ecl_statistics/environment/ament_prefix_path.sh
[0.121s] -- Up-to-date: /home/fbot/kobuki_base_ros2/install/ecl_statistics/share/ecl_statistics/environment/ament_prefix_path.dsv
[0.121s] -- Up-to-date: /home/fbot/kobuki_base_ros2/install/ecl_statistics/share/ecl_statistics/environment/path.sh
[0.121s] -- Up-to-date: /home/fbot/kobuki_base_ros2/install/ecl_statistics/share/ecl_statistics/environment/path.dsv
[0.121s] -- Up-to-date: /home/fbot/kobuki_base_ros2/install/ecl_statistics/share/ecl_statistics/local_setup.bash
[0.121s] -- Up-to-date: /home/fbot/kobuki_base_ros2/install/ecl_statistics/share/ecl_statistics/local_setup.sh
[0.121s] -- Up-to-date: /home/fbot/kobuki_base_ros2/install/ecl_statistics/share/ecl_statistics/local_setup.zsh
[0.121s] -- Up-to-date: /home/fbot/kobuki_base_ros2/install/ecl_statistics/share/ecl_statistics/local_setup.dsv
[0.121s] -- Installing: /home/fbot/kobuki_base_ros2/install/ecl_statistics/share/ecl_statistics/package.dsv
[0.121s] -- Up-to-date: /home/fbot/kobuki_base_ros2/install/ecl_statistics/share/ament_index/resource_index/packages/ecl_statistics
[0.121s] -- Up-to-date: /home/fbot/kobuki_base_ros2/install/ecl_statistics/share/ecl_statistics/cmake/ecl_statisticsExport.cmake
[0.121s] -- Up-to-date: /home/fbot/kobuki_base_ros2/install/ecl_statistics/share/ecl_statistics/cmake/ecl_statisticsExport-noconfig.cmake
[0.121s] -- Up-to-date: /home/fbot/kobuki_base_ros2/install/ecl_statistics/share/ecl_statistics/cmake/ament_cmake_export_targets-extras.cmake
[0.121s] -- Up-to-date: /home/fbot/kobuki_base_ros2/install/ecl_statistics/share/ecl_statistics/cmake/ament_cmake_export_include_directories-extras.cmake
[0.121s] -- Up-to-date: /home/fbot/kobuki_base_ros2/install/ecl_statistics/share/ecl_statistics/cmake/ament_cmake_export_libraries-extras.cmake
[0.121s] -- Up-to-date: /home/fbot/kobuki_base_ros2/install/ecl_statistics/share/ecl_statistics/cmake/ament_cmake_export_dependencies-extras.cmake
[0.121s] -- Up-to-date: /home/fbot/kobuki_base_ros2/install/ecl_statistics/share/ecl_statistics/cmake/ecl_statisticsConfig.cmake
[0.121s] -- Up-to-date: /home/fbot/kobuki_base_ros2/install/ecl_statistics/share/ecl_statistics/cmake/ecl_statisticsConfig-version.cmake
[0.122s] -- Up-to-date: /home/fbot/kobuki_base_ros2/install/ecl_statistics/share/ecl_statistics/package.xml
[0.122s] -- Up-to-date: /home/fbot/kobuki_base_ros2/install/ecl_statistics/include/ecl/statistics.hpp
[0.122s] -- Up-to-date: /home/fbot/kobuki_base_ros2/install/ecl_statistics/include/ecl/statistics/covariance_ellipsoid.hpp
[0.122s] -- Up-to-date: /home/fbot/kobuki_base_ros2/install/ecl_statistics/include/ecl/statistics/cumulative_statistics.hpp
[0.122s] -- Up-to-date: /home/fbot/kobuki_base_ros2/install/ecl_statistics/lib/libecl_statistics.so.1.2.1
[0.122s] -- Up-to-date: /home/fbot/kobuki_base_ros2/install/ecl_statistics/lib/libecl_statistics.so
[0.139s] Invoked command in '/home/fbot/kobuki_base_ros2/build/ecl_statistics' returned '0': AMENT_PREFIX_PATH=/home/fbot/kobuki_base_ros2/install/ecl_linear_algebra:/home/fbot/kobuki_base_ros2/install/ecl_formatters:/home/fbot/kobuki_base_ros2/install/ecl_converters:/home/fbot/kobuki_base_ros2/install/ecl_math:/home/fbot/kobuki_base_ros2/install/ecl_exceptions:/home/fbot/kobuki_base_ros2/install/ecl_concepts:/home/fbot/kobuki_base_ros2/install/ecl_type_traits:/home/fbot/kobuki_base_ros2/install/ecl_errors:/home/fbot/kobuki_base_ros2/install/ecl_mpl:/home/fbot/kobuki_base_ros2/install/ecl_eigen:/home/fbot/kobuki_base_ros2/install/ecl_config:${AMENT_PREFIX_PATH} CMAKE_PREFIX_PATH=/home/fbot/kobuki_base_ros2/install/ecl_linear_algebra:/home/fbot/kobuki_base_ros2/install/ecl_formatters:/home/fbot/kobuki_base_ros2/install/ecl_converters:/home/fbot/kobuki_base_ros2/install/ecl_math:/home/fbot/kobuki_base_ros2/install/ecl_exceptions:/home/fbot/kobuki_base_ros2/install/ecl_concepts:/home/fbot/kobuki_base_ros2/install/ecl_type_traits:/home/fbot/kobuki_base_ros2/install/ecl_errors:/home/fbot/kobuki_base_ros2/install/ecl_mpl:/home/fbot/kobuki_base_ros2/install/ecl_eigen:/home/fbot/kobuki_base_ros2/install/ecl_config:/opt/ros/humble LD_LIBRARY_PATH=/home/fbot/kobuki_base_ros2/install/ecl_linear_algebra/lib:/home/fbot/kobuki_base_ros2/install/ecl_formatters/lib:/home/fbot/kobuki_base_ros2/install/ecl_exceptions/lib:/home/fbot/kobuki_base_ros2/install/ecl_type_traits/lib:/home/fbot/kobuki_base_ros2/install/ecl_errors/lib:${LD_LIBRARY_PATH} PATH=/home/fbot/kobuki_base_ros2/install/ecl_type_traits/bin:/home/fbot/kobuki_base_ros2/install/ecl_config/bin:${PATH} /usr/bin/cmake --install /home/fbot/kobuki_base_ros2/build/ecl_statistics
