[0.078s] Invoking command in '/home/fbot/kobuki_base_ros2/build/ecl_exceptions': AMENT_PREFIX_PATH=/home/fbot/kobuki_base_ros2/install/ecl_errors:/home/fbot/kobuki_base_ros2/install/ecl_config:${AMENT_PREFIX_PATH} CMAKE_PREFIX_PATH=/home/fbot/kobuki_base_ros2/install/ecl_errors:/home/fbot/kobuki_base_ros2/install/ecl_config:/opt/ros/humble LD_LIBRARY_PATH=/home/fbot/kobuki_base_ros2/install/ecl_errors/lib:${LD_LIBRARY_PATH} PATH=/home/fbot/kobuki_base_ros2/install/ecl_config/bin:${PATH} /usr/bin/cmake --build /home/fbot/kobuki_base_ros2/build/ecl_exceptions -- -j12 -l12
[0.103s] [35m[1mConsolidate compiler generated dependencies of target ecl_exceptions[0m
[0.110s] [ 33%] Built target ecl_exceptions
[0.119s] [35m[1mConsolidate compiler generated dependencies of target ecl_demo_exceptions[0m
[0.120s] [35m[1mConsolidate compiler generated dependencies of target ecl_demo_exception_tracer[0m
[0.130s] [ 66%] Built target ecl_demo_exceptions
[0.136s] [100%] Built target ecl_demo_exception_tracer
[0.172s] Invoked command in '/home/fbot/kobuki_base_ros2/build/ecl_exceptions' returned '0': AMENT_PREFIX_PATH=/home/fbot/kobuki_base_ros2/install/ecl_errors:/home/fbot/kobuki_base_ros2/install/ecl_config:${AMENT_PREFIX_PATH} CMAKE_PREFIX_PATH=/home/fbot/kobuki_base_ros2/install/ecl_errors:/home/fbot/kobuki_base_ros2/install/ecl_config:/opt/ros/humble LD_LIBRARY_PATH=/home/fbot/kobuki_base_ros2/install/ecl_errors/lib:${LD_LIBRARY_PATH} PATH=/home/fbot/kobuki_base_ros2/install/ecl_config/bin:${PATH} /usr/bin/cmake --build /home/fbot/kobuki_base_ros2/build/ecl_exceptions -- -j12 -l12
[0.173s] Invoking command in '/home/fbot/kobuki_base_ros2/build/ecl_exceptions': AMENT_PREFIX_PATH=/home/fbot/kobuki_base_ros2/install/ecl_errors:/home/fbot/kobuki_base_ros2/install/ecl_config:${AMENT_PREFIX_PATH} CMAKE_PREFIX_PATH=/home/fbot/kobuki_base_ros2/install/ecl_errors:/home/fbot/kobuki_base_ros2/install/ecl_config:/opt/ros/humble LD_LIBRARY_PATH=/home/fbot/kobuki_base_ros2/install/ecl_errors/lib:${LD_LIBRARY_PATH} PATH=/home/fbot/kobuki_base_ros2/install/ecl_config/bin:${PATH} /usr/bin/cmake --install /home/fbot/kobuki_base_ros2/build/ecl_exceptions
[0.184s] -- Install configuration: ""
[0.185s] -- Up-to-date: /home/fbot/kobuki_base_ros2/install/ecl_exceptions/share/ecl_exceptions/environment/library_path.sh
[0.185s] -- Up-to-date: /home/fbot/kobuki_base_ros2/install/ecl_exceptions/share/ecl_exceptions/environment/library_path.dsv
[0.185s] -- Up-to-date: /home/fbot/kobuki_base_ros2/install/ecl_exceptions/share/ament_index/resource_index/package_run_dependencies/ecl_exceptions
[0.185s] -- Up-to-date: /home/fbot/kobuki_base_ros2/install/ecl_exceptions/share/ament_index/resource_index/parent_prefix_path/ecl_exceptions
[0.185s] -- Up-to-date: /home/fbot/kobuki_base_ros2/install/ecl_exceptions/share/ecl_exceptions/environment/ament_prefix_path.sh
[0.186s] -- Up-to-date: /home/fbot/kobuki_base_ros2/install/ecl_exceptions/share/ecl_exceptions/environment/ament_prefix_path.dsv
[0.186s] -- Up-to-date: /home/fbot/kobuki_base_ros2/install/ecl_exceptions/share/ecl_exceptions/environment/path.sh
[0.186s] -- Up-to-date: /home/fbot/kobuki_base_ros2/install/ecl_exceptions/share/ecl_exceptions/environment/path.dsv
[0.186s] -- Up-to-date: /home/fbot/kobuki_base_ros2/install/ecl_exceptions/share/ecl_exceptions/local_setup.bash
[0.187s] -- Up-to-date: /home/fbot/kobuki_base_ros2/install/ecl_exceptions/share/ecl_exceptions/local_setup.sh
[0.187s] -- Up-to-date: /home/fbot/kobuki_base_ros2/install/ecl_exceptions/share/ecl_exceptions/local_setup.zsh
[0.187s] -- Up-to-date: /home/fbot/kobuki_base_ros2/install/ecl_exceptions/share/ecl_exceptions/local_setup.dsv
[0.187s] -- Installing: /home/fbot/kobuki_base_ros2/install/ecl_exceptions/share/ecl_exceptions/package.dsv
[0.187s] -- Up-to-date: /home/fbot/kobuki_base_ros2/install/ecl_exceptions/share/ament_index/resource_index/packages/ecl_exceptions
[0.187s] -- Up-to-date: /home/fbot/kobuki_base_ros2/install/ecl_exceptions/share/ecl_exceptions/cmake/ecl_exceptionsExport.cmake
[0.187s] -- Up-to-date: /home/fbot/kobuki_base_ros2/install/ecl_exceptions/share/ecl_exceptions/cmake/ecl_exceptionsExport-noconfig.cmake
[0.187s] -- Up-to-date: /home/fbot/kobuki_base_ros2/install/ecl_exceptions/share/ecl_exceptions/cmake/ament_cmake_export_targets-extras.cmake
[0.187s] -- Up-to-date: /home/fbot/kobuki_base_ros2/install/ecl_exceptions/share/ecl_exceptions/cmake/ament_cmake_export_include_directories-extras.cmake
[0.187s] -- Up-to-date: /home/fbot/kobuki_base_ros2/install/ecl_exceptions/share/ecl_exceptions/cmake/ament_cmake_export_libraries-extras.cmake
[0.187s] -- Up-to-date: /home/fbot/kobuki_base_ros2/install/ecl_exceptions/share/ecl_exceptions/cmake/ament_cmake_export_dependencies-extras.cmake
[0.188s] -- Up-to-date: /home/fbot/kobuki_base_ros2/install/ecl_exceptions/share/ecl_exceptions/cmake/ecl_exceptionsConfig.cmake
[0.188s] -- Up-to-date: /home/fbot/kobuki_base_ros2/install/ecl_exceptions/share/ecl_exceptions/cmake/ecl_exceptionsConfig-version.cmake
[0.188s] -- Up-to-date: /home/fbot/kobuki_base_ros2/install/ecl_exceptions/share/ecl_exceptions/package.xml
[0.188s] -- Up-to-date: /home/fbot/kobuki_base_ros2/install/ecl_exceptions/include/ecl/exceptions.hpp
[0.188s] -- Up-to-date: /home/fbot/kobuki_base_ros2/install/ecl_exceptions/include/ecl/exceptions/data_exception.hpp
[0.188s] -- Up-to-date: /home/fbot/kobuki_base_ros2/install/ecl_exceptions/include/ecl/exceptions/exception.hpp
[0.188s] -- Up-to-date: /home/fbot/kobuki_base_ros2/install/ecl_exceptions/include/ecl/exceptions/macros.hpp
[0.188s] -- Up-to-date: /home/fbot/kobuki_base_ros2/install/ecl_exceptions/include/ecl/exceptions/posix_error_handler.hpp
[0.188s] -- Up-to-date: /home/fbot/kobuki_base_ros2/install/ecl_exceptions/include/ecl/exceptions/standard_exception.hpp
[0.188s] -- Up-to-date: /home/fbot/kobuki_base_ros2/install/ecl_exceptions/lib/libecl_exceptions.so.1.2.1
[0.188s] -- Up-to-date: /home/fbot/kobuki_base_ros2/install/ecl_exceptions/lib/libecl_exceptions.so
[0.188s] -- Up-to-date: /home/fbot/kobuki_base_ros2/install/ecl_exceptions/lib/ecl_exceptions/demo_exceptions
[0.189s] -- Up-to-date: /home/fbot/kobuki_base_ros2/install/ecl_exceptions/lib/ecl_exceptions/demo_exception_tracer
[0.218s] Invoked command in '/home/fbot/kobuki_base_ros2/build/ecl_exceptions' returned '0': AMENT_PREFIX_PATH=/home/fbot/kobuki_base_ros2/install/ecl_errors:/home/fbot/kobuki_base_ros2/install/ecl_config:${AMENT_PREFIX_PATH} CMAKE_PREFIX_PATH=/home/fbot/kobuki_base_ros2/install/ecl_errors:/home/fbot/kobuki_base_ros2/install/ecl_config:/opt/ros/humble LD_LIBRARY_PATH=/home/fbot/kobuki_base_ros2/install/ecl_errors/lib:${LD_LIBRARY_PATH} PATH=/home/fbot/kobuki_base_ros2/install/ecl_config/bin:${PATH} /usr/bin/cmake --install /home/fbot/kobuki_base_ros2/build/ecl_exceptions
