[0.023s] Invoking command in '/home/fbot/kobuki_base_ros2/build/ecl_eigen': CMAKE_PREFIX_PATH=/opt/ros/humble /usr/bin/cmake --build /home/fbot/kobuki_base_ros2/build/ecl_eigen -- -j12 -l12
[0.312s] Invoked command in '/home/fbot/kobuki_base_ros2/build/ecl_eigen' returned '0': CMAKE_PREFIX_PATH=/opt/ros/humble /usr/bin/cmake --build /home/fbot/kobuki_base_ros2/build/ecl_eigen -- -j12 -l12
[0.319s] Invoking command in '/home/fbot/kobuki_base_ros2/build/ecl_eigen': CMAKE_PREFIX_PATH=/opt/ros/humble /usr/bin/cmake --install /home/fbot/kobuki_base_ros2/build/ecl_eigen
[0.326s] -- Install configuration: ""
[0.326s] -- Up-to-date: /home/fbot/kobuki_base_ros2/install/ecl_eigen/include/ecl/eigen.hpp
[0.326s] -- Up-to-date: /home/fbot/kobuki_base_ros2/install/ecl_eigen/share/ament_index/resource_index/package_run_dependencies/ecl_eigen
[0.327s] -- Up-to-date: /home/fbot/kobuki_base_ros2/install/ecl_eigen/share/ament_index/resource_index/parent_prefix_path/ecl_eigen
[0.327s] -- Up-to-date: /home/fbot/kobuki_base_ros2/install/ecl_eigen/share/ecl_eigen/environment/ament_prefix_path.sh
[0.327s] -- Up-to-date: /home/fbot/kobuki_base_ros2/install/ecl_eigen/share/ecl_eigen/environment/ament_prefix_path.dsv
[0.327s] -- Up-to-date: /home/fbot/kobuki_base_ros2/install/ecl_eigen/share/ecl_eigen/environment/path.sh
[0.327s] -- Up-to-date: /home/fbot/kobuki_base_ros2/install/ecl_eigen/share/ecl_eigen/environment/path.dsv
[0.327s] -- Up-to-date: /home/fbot/kobuki_base_ros2/install/ecl_eigen/share/ecl_eigen/local_setup.bash
[0.327s] -- Up-to-date: /home/fbot/kobuki_base_ros2/install/ecl_eigen/share/ecl_eigen/local_setup.sh
[0.327s] -- Up-to-date: /home/fbot/kobuki_base_ros2/install/ecl_eigen/share/ecl_eigen/local_setup.zsh
[0.327s] -- Up-to-date: /home/fbot/kobuki_base_ros2/install/ecl_eigen/share/ecl_eigen/local_setup.dsv
[0.327s] -- Up-to-date: /home/fbot/kobuki_base_ros2/install/ecl_eigen/share/ecl_eigen/package.dsv
[0.327s] -- Up-to-date: /home/fbot/kobuki_base_ros2/install/ecl_eigen/share/ament_index/resource_index/packages/ecl_eigen
[0.328s] -- Up-to-date: /home/fbot/kobuki_base_ros2/install/ecl_eigen/share/ecl_eigen/cmake/ecl_eigenExport.cmake
[0.328s] -- Up-to-date: /home/fbot/kobuki_base_ros2/install/ecl_eigen/share/ecl_eigen/cmake/ament_cmake_export_targets-extras.cmake
[0.328s] -- Up-to-date: /home/fbot/kobuki_base_ros2/install/ecl_eigen/share/ecl_eigen/cmake/ament_cmake_export_include_directories-extras.cmake
[0.328s] -- Up-to-date: /home/fbot/kobuki_base_ros2/install/ecl_eigen/share/ecl_eigen/cmake/ament_cmake_export_dependencies-extras.cmake
[0.328s] -- Up-to-date: /home/fbot/kobuki_base_ros2/install/ecl_eigen/share/ecl_eigen/cmake/ecl_eigenConfig.cmake
[0.328s] -- Up-to-date: /home/fbot/kobuki_base_ros2/install/ecl_eigen/share/ecl_eigen/cmake/ecl_eigenConfig-version.cmake
[0.328s] -- Up-to-date: /home/fbot/kobuki_base_ros2/install/ecl_eigen/share/ecl_eigen/package.xml
[0.328s] -- Up-to-date: /home/fbot/kobuki_base_ros2/install/ecl_eigen/share/licenses/eigen/COPYING.LESSER
[0.341s] Invoked command in '/home/fbot/kobuki_base_ros2/build/ecl_eigen' returned '0': CMAKE_PREFIX_PATH=/opt/ros/humble /usr/bin/cmake --install /home/fbot/kobuki_base_ros2/build/ecl_eigen
