[0.014s] Invoking command in '/home/fbot/kobuki_base_ros2/build/ecl_containers': AMENT_PREFIX_PATH=/home/fbot/kobuki_base_ros2/install/ecl_formatters:/home/fbot/kobuki_base_ros2/install/ecl_utilities:/home/fbot/kobuki_base_ros2/install/ecl_converters:/home/fbot/kobuki_base_ros2/install/ecl_exceptions:/home/fbot/kobuki_base_ros2/install/ecl_concepts:/home/fbot/kobuki_base_ros2/install/ecl_type_traits:/home/fbot/kobuki_base_ros2/install/ecl_errors:/home/fbot/kobuki_base_ros2/install/ecl_mpl:/home/fbot/kobuki_base_ros2/install/ecl_config:${AMENT_PREFIX_PATH} CMAKE_PREFIX_PATH=/home/fbot/kobuki_base_ros2/install/ecl_formatters:/home/fbot/kobuki_base_ros2/install/ecl_utilities:/home/fbot/kobuki_base_ros2/install/ecl_converters:/home/fbot/kobuki_base_ros2/install/ecl_exceptions:/home/fbot/kobuki_base_ros2/install/ecl_concepts:/home/fbot/kobuki_base_ros2/install/ecl_type_traits:/home/fbot/kobuki_base_ros2/install/ecl_errors:/home/fbot/kobuki_base_ros2/install/ecl_mpl:/home/fbot/kobuki_base_ros2/install/ecl_config:/opt/ros/humble LD_LIBRARY_PATH=/home/fbot/kobuki_base_ros2/install/ecl_formatters/lib:/home/fbot/kobuki_base_ros2/install/ecl_exceptions/lib:/home/fbot/kobuki_base_ros2/install/ecl_type_traits/lib:/home/fbot/kobuki_base_ros2/install/ecl_errors/lib:${LD_LIBRARY_PATH} PATH=/home/fbot/kobuki_base_ros2/install/ecl_type_traits/bin:/home/fbot/kobuki_base_ros2/install/ecl_config/bin:${PATH} /usr/bin/cmake --build /home/fbot/kobuki_base_ros2/build/ecl_containers -- -j12 -l12
[0.043s] [35m[1mConsolidate compiler generated dependencies of target ecl_demo_formatters[0m
[0.043s] [35m[1mConsolidate compiler generated dependencies of target gtest_main[0m
[0.044s] [35m[1mConsolidate compiler generated dependencies of target gtest[0m
[0.056s] [ 11%] Built target ecl_demo_formatters
[0.057s] [ 22%] Built target gtest_main
[0.058s] [ 33%] Built target gtest
[0.066s] [35m[1mConsolidate compiler generated dependencies of target ecl_test_push_and_pop[0m
[0.066s] [35m[1mConsolidate compiler generated dependencies of target ecl_test_container_converters[0m
[0.066s] [35m[1mConsolidate compiler generated dependencies of target ecl_test_stencil[0m
[0.066s] [35m[1mConsolidate compiler generated dependencies of target ecl_test_arrays[0m
[0.067s] [35m[1mConsolidate compiler generated dependencies of target ecl_test_arrays_mem_check[0m
[0.067s] [35m[1mConsolidate compiler generated dependencies of target ecl_test_fifo[0m
[0.080s] [ 44%] Built target ecl_test_arrays
[0.080s] [ 66%] Built target ecl_test_stencil
[0.080s] [ 66%] Built target ecl_test_push_and_pop
[0.080s] [ 77%] Built target ecl_test_arrays_mem_check
[0.081s] [ 88%] Built target ecl_test_container_converters
[0.085s] [100%] Built target ecl_test_fifo
[0.097s] Invoked command in '/home/fbot/kobuki_base_ros2/build/ecl_containers' returned '0': AMENT_PREFIX_PATH=/home/fbot/kobuki_base_ros2/install/ecl_formatters:/home/fbot/kobuki_base_ros2/install/ecl_utilities:/home/fbot/kobuki_base_ros2/install/ecl_converters:/home/fbot/kobuki_base_ros2/install/ecl_exceptions:/home/fbot/kobuki_base_ros2/install/ecl_concepts:/home/fbot/kobuki_base_ros2/install/ecl_type_traits:/home/fbot/kobuki_base_ros2/install/ecl_errors:/home/fbot/kobuki_base_ros2/install/ecl_mpl:/home/fbot/kobuki_base_ros2/install/ecl_config:${AMENT_PREFIX_PATH} CMAKE_PREFIX_PATH=/home/fbot/kobuki_base_ros2/install/ecl_formatters:/home/fbot/kobuki_base_ros2/install/ecl_utilities:/home/fbot/kobuki_base_ros2/install/ecl_converters:/home/fbot/kobuki_base_ros2/install/ecl_exceptions:/home/fbot/kobuki_base_ros2/install/ecl_concepts:/home/fbot/kobuki_base_ros2/install/ecl_type_traits:/home/fbot/kobuki_base_ros2/install/ecl_errors:/home/fbot/kobuki_base_ros2/install/ecl_mpl:/home/fbot/kobuki_base_ros2/install/ecl_config:/opt/ros/humble LD_LIBRARY_PATH=/home/fbot/kobuki_base_ros2/install/ecl_formatters/lib:/home/fbot/kobuki_base_ros2/install/ecl_exceptions/lib:/home/fbot/kobuki_base_ros2/install/ecl_type_traits/lib:/home/fbot/kobuki_base_ros2/install/ecl_errors/lib:${LD_LIBRARY_PATH} PATH=/home/fbot/kobuki_base_ros2/install/ecl_type_traits/bin:/home/fbot/kobuki_base_ros2/install/ecl_config/bin:${PATH} /usr/bin/cmake --build /home/fbot/kobuki_base_ros2/build/ecl_containers -- -j12 -l12
[0.099s] Invoking command in '/home/fbot/kobuki_base_ros2/build/ecl_containers': AMENT_PREFIX_PATH=/home/fbot/kobuki_base_ros2/install/ecl_formatters:/home/fbot/kobuki_base_ros2/install/ecl_utilities:/home/fbot/kobuki_base_ros2/install/ecl_converters:/home/fbot/kobuki_base_ros2/install/ecl_exceptions:/home/fbot/kobuki_base_ros2/install/ecl_concepts:/home/fbot/kobuki_base_ros2/install/ecl_type_traits:/home/fbot/kobuki_base_ros2/install/ecl_errors:/home/fbot/kobuki_base_ros2/install/ecl_mpl:/home/fbot/kobuki_base_ros2/install/ecl_config:${AMENT_PREFIX_PATH} CMAKE_PREFIX_PATH=/home/fbot/kobuki_base_ros2/install/ecl_formatters:/home/fbot/kobuki_base_ros2/install/ecl_utilities:/home/fbot/kobuki_base_ros2/install/ecl_converters:/home/fbot/kobuki_base_ros2/install/ecl_exceptions:/home/fbot/kobuki_base_ros2/install/ecl_concepts:/home/fbot/kobuki_base_ros2/install/ecl_type_traits:/home/fbot/kobuki_base_ros2/install/ecl_errors:/home/fbot/kobuki_base_ros2/install/ecl_mpl:/home/fbot/kobuki_base_ros2/install/ecl_config:/opt/ros/humble LD_LIBRARY_PATH=/home/fbot/kobuki_base_ros2/install/ecl_formatters/lib:/home/fbot/kobuki_base_ros2/install/ecl_exceptions/lib:/home/fbot/kobuki_base_ros2/install/ecl_type_traits/lib:/home/fbot/kobuki_base_ros2/install/ecl_errors/lib:${LD_LIBRARY_PATH} PATH=/home/fbot/kobuki_base_ros2/install/ecl_type_traits/bin:/home/fbot/kobuki_base_ros2/install/ecl_config/bin:${PATH} /usr/bin/cmake --install /home/fbot/kobuki_base_ros2/build/ecl_containers
[0.108s] -- Install configuration: ""
[0.108s] -- Up-to-date: /home/fbot/kobuki_base_ros2/install/ecl_containers/share/ament_index/resource_index/package_run_dependencies/ecl_containers
[0.108s] -- Up-to-date: /home/fbot/kobuki_base_ros2/install/ecl_containers/share/ament_index/resource_index/parent_prefix_path/ecl_containers
[0.108s] -- Up-to-date: /home/fbot/kobuki_base_ros2/install/ecl_containers/share/ecl_containers/environment/ament_prefix_path.sh
[0.108s] -- Up-to-date: /home/fbot/kobuki_base_ros2/install/ecl_containers/share/ecl_containers/environment/ament_prefix_path.dsv
[0.108s] -- Up-to-date: /home/fbot/kobuki_base_ros2/install/ecl_containers/share/ecl_containers/environment/path.sh
[0.108s] -- Up-to-date: /home/fbot/kobuki_base_ros2/install/ecl_containers/share/ecl_containers/environment/path.dsv
[0.109s] -- Up-to-date: /home/fbot/kobuki_base_ros2/install/ecl_containers/share/ecl_containers/local_setup.bash
[0.109s] -- Up-to-date: /home/fbot/kobuki_base_ros2/install/ecl_containers/share/ecl_containers/local_setup.sh
[0.109s] -- Up-to-date: /home/fbot/kobuki_base_ros2/install/ecl_containers/share/ecl_containers/local_setup.zsh
[0.109s] -- Up-to-date: /home/fbot/kobuki_base_ros2/install/ecl_containers/share/ecl_containers/local_setup.dsv
[0.109s] -- Installing: /home/fbot/kobuki_base_ros2/install/ecl_containers/share/ecl_containers/package.dsv
[0.109s] -- Up-to-date: /home/fbot/kobuki_base_ros2/install/ecl_containers/share/ament_index/resource_index/packages/ecl_containers
[0.109s] -- Up-to-date: /home/fbot/kobuki_base_ros2/install/ecl_containers/share/ecl_containers/cmake/ecl_containersExport.cmake
[0.109s] -- Up-to-date: /home/fbot/kobuki_base_ros2/install/ecl_containers/share/ecl_containers/cmake/ament_cmake_export_targets-extras.cmake
[0.109s] -- Up-to-date: /home/fbot/kobuki_base_ros2/install/ecl_containers/share/ecl_containers/cmake/ament_cmake_export_include_directories-extras.cmake
[0.109s] -- Up-to-date: /home/fbot/kobuki_base_ros2/install/ecl_containers/share/ecl_containers/cmake/ament_cmake_export_dependencies-extras.cmake
[0.109s] -- Up-to-date: /home/fbot/kobuki_base_ros2/install/ecl_containers/share/ecl_containers/cmake/ecl_containersConfig.cmake
[0.109s] -- Up-to-date: /home/fbot/kobuki_base_ros2/install/ecl_containers/share/ecl_containers/cmake/ecl_containersConfig-version.cmake
[0.110s] -- Up-to-date: /home/fbot/kobuki_base_ros2/install/ecl_containers/share/ecl_containers/package.xml
[0.110s] -- Up-to-date: /home/fbot/kobuki_base_ros2/install/ecl_containers/include/ecl/containers.hpp
[0.110s] -- Up-to-date: /home/fbot/kobuki_base_ros2/install/ecl_containers/include/ecl/containers/array.hpp
[0.110s] -- Up-to-date: /home/fbot/kobuki_base_ros2/install/ecl_containers/include/ecl/containers/converters.hpp
[0.110s] -- Up-to-date: /home/fbot/kobuki_base_ros2/install/ecl_containers/include/ecl/containers/definitions.hpp
[0.110s] -- Up-to-date: /home/fbot/kobuki_base_ros2/install/ecl_containers/include/ecl/containers/fifo.hpp
[0.110s] -- Up-to-date: /home/fbot/kobuki_base_ros2/install/ecl_containers/include/ecl/containers/initialiser.hpp
[0.110s] -- Up-to-date: /home/fbot/kobuki_base_ros2/install/ecl_containers/include/ecl/containers/push_and_pop.hpp
[0.110s] -- Up-to-date: /home/fbot/kobuki_base_ros2/install/ecl_containers/include/ecl/containers/stencil.hpp
[0.110s] -- Up-to-date: /home/fbot/kobuki_base_ros2/install/ecl_containers/include/ecl/containers/common/formatters.hpp
[0.111s] -- Up-to-date: /home/fbot/kobuki_base_ros2/install/ecl_containers/include/ecl/containers/array/array_dynamic_mem_check.hpp
[0.111s] -- Up-to-date: /home/fbot/kobuki_base_ros2/install/ecl_containers/include/ecl/containers/array/array_dynamic_no_mem_check.hpp
[0.111s] -- Up-to-date: /home/fbot/kobuki_base_ros2/install/ecl_containers/include/ecl/containers/array/array_mem_check.hpp
[0.111s] -- Up-to-date: /home/fbot/kobuki_base_ros2/install/ecl_containers/include/ecl/containers/array/array_no_mem_check.hpp
[0.111s] -- Up-to-date: /home/fbot/kobuki_base_ros2/install/ecl_containers/include/ecl/containers/array/converters.hpp
[0.112s] -- Up-to-date: /home/fbot/kobuki_base_ros2/install/ecl_containers/include/ecl/containers/array/formatters.hpp
[0.112s] -- Up-to-date: /home/fbot/kobuki_base_ros2/install/ecl_containers/include/ecl/containers/push_and_pop/formatters.hpp
[0.112s] -- Up-to-date: /home/fbot/kobuki_base_ros2/install/ecl_containers/include/ecl/containers/push_and_pop/push_and_pop_dynamic.hpp
[0.112s] -- Up-to-date: /home/fbot/kobuki_base_ros2/install/ecl_containers/include/ecl/containers/push_and_pop/push_and_pop_fixed.hpp
[0.112s] -- Up-to-date: /home/fbot/kobuki_base_ros2/install/ecl_containers/include/ecl/containers/stencil/converters.hpp
[0.112s] -- Up-to-date: /home/fbot/kobuki_base_ros2/install/ecl_containers/include/ecl/containers/stencil/formatters.hpp
[0.112s] -- Up-to-date: /home/fbot/kobuki_base_ros2/install/ecl_containers/include/ecl/containers/stencil/specialisations.hpp
[0.113s] -- Up-to-date: /home/fbot/kobuki_base_ros2/install/ecl_containers/include/ecl/containers/stencil/stencil.hpp
[0.113s] -- Up-to-date: /home/fbot/kobuki_base_ros2/install/ecl_containers/lib/ecl_containers/demo_formatters
[0.113s] Invoked command in '/home/fbot/kobuki_base_ros2/build/ecl_containers' returned '0': AMENT_PREFIX_PATH=/home/fbot/kobuki_base_ros2/install/ecl_formatters:/home/fbot/kobuki_base_ros2/install/ecl_utilities:/home/fbot/kobuki_base_ros2/install/ecl_converters:/home/fbot/kobuki_base_ros2/install/ecl_exceptions:/home/fbot/kobuki_base_ros2/install/ecl_concepts:/home/fbot/kobuki_base_ros2/install/ecl_type_traits:/home/fbot/kobuki_base_ros2/install/ecl_errors:/home/fbot/kobuki_base_ros2/install/ecl_mpl:/home/fbot/kobuki_base_ros2/install/ecl_config:${AMENT_PREFIX_PATH} CMAKE_PREFIX_PATH=/home/fbot/kobuki_base_ros2/install/ecl_formatters:/home/fbot/kobuki_base_ros2/install/ecl_utilities:/home/fbot/kobuki_base_ros2/install/ecl_converters:/home/fbot/kobuki_base_ros2/install/ecl_exceptions:/home/fbot/kobuki_base_ros2/install/ecl_concepts:/home/fbot/kobuki_base_ros2/install/ecl_type_traits:/home/fbot/kobuki_base_ros2/install/ecl_errors:/home/fbot/kobuki_base_ros2/install/ecl_mpl:/home/fbot/kobuki_base_ros2/install/ecl_config:/opt/ros/humble LD_LIBRARY_PATH=/home/fbot/kobuki_base_ros2/install/ecl_formatters/lib:/home/fbot/kobuki_base_ros2/install/ecl_exceptions/lib:/home/fbot/kobuki_base_ros2/install/ecl_type_traits/lib:/home/fbot/kobuki_base_ros2/install/ecl_errors/lib:${LD_LIBRARY_PATH} PATH=/home/fbot/kobuki_base_ros2/install/ecl_type_traits/bin:/home/fbot/kobuki_base_ros2/install/ecl_config/bin:${PATH} /usr/bin/cmake --install /home/fbot/kobuki_base_ros2/build/ecl_containers
