[0.024s] Invoking command in '/home/fbot/kobuki_base_ros2/build/ecl_mpl': CMAKE_PREFIX_PATH=/opt/ros/humble /usr/bin/cmake --build /home/fbot/kobuki_base_ros2/build/ecl_mpl -- -j12 -l12
[0.310s] [35m[1mConsolidate compiler generated dependencies of target gtest[0m
[0.311s] [35m[1mConsolidate compiler generated dependencies of target gtest_main[0m
[0.311s] [ 33%] Built target gtest
[0.311s] [ 66%] Built target gtest_main
[0.311s] [35m[1mConsolidate compiler generated dependencies of target test_enable_if[0m
[0.311s] [100%] Built target test_enable_if
[0.324s] Invoked command in '/home/fbot/kobuki_base_ros2/build/ecl_mpl' returned '0': CMAKE_PREFIX_PATH=/opt/ros/humble /usr/bin/cmake --build /home/fbot/kobuki_base_ros2/build/ecl_mpl -- -j12 -l12
[0.325s] Invoking command in '/home/fbot/kobuki_base_ros2/build/ecl_mpl': CMAKE_PREFIX_PATH=/opt/ros/humble /usr/bin/cmake --install /home/fbot/kobuki_base_ros2/build/ecl_mpl
[0.335s] -- Install configuration: ""
[0.335s] -- Up-to-date: /home/fbot/kobuki_base_ros2/install/ecl_mpl/share/ament_index/resource_index/package_run_dependencies/ecl_mpl
[0.335s] -- Up-to-date: /home/fbot/kobuki_base_ros2/install/ecl_mpl/share/ament_index/resource_index/parent_prefix_path/ecl_mpl
[0.335s] -- Up-to-date: /home/fbot/kobuki_base_ros2/install/ecl_mpl/share/ecl_mpl/environment/ament_prefix_path.sh
[0.336s] -- Up-to-date: /home/fbot/kobuki_base_ros2/install/ecl_mpl/share/ecl_mpl/environment/ament_prefix_path.dsv
[0.336s] -- Up-to-date: /home/fbot/kobuki_base_ros2/install/ecl_mpl/share/ecl_mpl/environment/path.sh
[0.336s] -- Up-to-date: /home/fbot/kobuki_base_ros2/install/ecl_mpl/share/ecl_mpl/environment/path.dsv
[0.336s] -- Up-to-date: /home/fbot/kobuki_base_ros2/install/ecl_mpl/share/ecl_mpl/local_setup.bash
[0.336s] -- Up-to-date: /home/fbot/kobuki_base_ros2/install/ecl_mpl/share/ecl_mpl/local_setup.sh
[0.336s] -- Up-to-date: /home/fbot/kobuki_base_ros2/install/ecl_mpl/share/ecl_mpl/local_setup.zsh
[0.336s] -- Up-to-date: /home/fbot/kobuki_base_ros2/install/ecl_mpl/share/ecl_mpl/local_setup.dsv
[0.336s] -- Installing: /home/fbot/kobuki_base_ros2/install/ecl_mpl/share/ecl_mpl/package.dsv
[0.336s] -- Up-to-date: /home/fbot/kobuki_base_ros2/install/ecl_mpl/share/ament_index/resource_index/packages/ecl_mpl
[0.336s] -- Up-to-date: /home/fbot/kobuki_base_ros2/install/ecl_mpl/share/ecl_mpl/cmake/ecl_mplExport.cmake
[0.337s] -- Up-to-date: /home/fbot/kobuki_base_ros2/install/ecl_mpl/share/ecl_mpl/cmake/ament_cmake_export_targets-extras.cmake
[0.338s] -- Up-to-date: /home/fbot/kobuki_base_ros2/install/ecl_mpl/share/ecl_mpl/cmake/ament_cmake_export_include_directories-extras.cmake
[0.338s] -- Up-to-date: /home/fbot/kobuki_base_ros2/install/ecl_mpl/share/ecl_mpl/cmake/ecl_mplConfig.cmake
[0.338s] -- Up-to-date: /home/fbot/kobuki_base_ros2/install/ecl_mpl/share/ecl_mpl/cmake/ecl_mplConfig-version.cmake
[0.338s] -- Up-to-date: /home/fbot/kobuki_base_ros2/install/ecl_mpl/share/ecl_mpl/package.xml
[0.338s] -- Up-to-date: /home/fbot/kobuki_base_ros2/install/ecl_mpl/include/ecl/mpl.hpp
[0.338s] -- Up-to-date: /home/fbot/kobuki_base_ros2/install/ecl_mpl/include/ecl/mpl/bool.hpp
[0.338s] -- Up-to-date: /home/fbot/kobuki_base_ros2/install/ecl_mpl/include/ecl/mpl/converters.hpp
[0.338s] -- Up-to-date: /home/fbot/kobuki_base_ros2/install/ecl_mpl/include/ecl/mpl/enable_if.hpp
[0.338s] -- Up-to-date: /home/fbot/kobuki_base_ros2/install/ecl_mpl/include/ecl/mpl/failed_object.hpp
[0.338s] -- Up-to-date: /home/fbot/kobuki_base_ros2/install/ecl_mpl/include/ecl/mpl/if.hpp
[0.367s] Invoked command in '/home/fbot/kobuki_base_ros2/build/ecl_mpl' returned '0': CMAKE_PREFIX_PATH=/opt/ros/humble /usr/bin/cmake --install /home/fbot/kobuki_base_ros2/build/ecl_mpl
