[0.020s] Invoking command in '/home/fbot/kobuki_base_ros2/build/ecl_streams': AMENT_PREFIX_PATH=/home/fbot/kobuki_base_ros2/install/ecl_devices:/home/fbot/kobuki_base_ros2/install/ecl_containers:/home/fbot/kobuki_base_ros2/install/ecl_threads:/home/fbot/kobuki_base_ros2/install/ecl_formatters:/home/fbot/kobuki_base_ros2/install/ecl_utilities:/home/fbot/kobuki_base_ros2/install/ecl_time:/home/fbot/kobuki_base_ros2/install/ecl_converters:/home/fbot/kobuki_base_ros2/install/ecl_time_lite:/home/fbot/kobuki_base_ros2/install/ecl_exceptions:/home/fbot/kobuki_base_ros2/install/ecl_concepts:/home/fbot/kobuki_base_ros2/install/ecl_type_traits:/home/fbot/kobuki_base_ros2/install/ecl_errors:/home/fbot/kobuki_base_ros2/install/ecl_mpl:/home/fbot/kobuki_base_ros2/install/ecl_config:${AMENT_PREFIX_PATH} CMAKE_PREFIX_PATH=/home/fbot/kobuki_base_ros2/install/ecl_devices:/home/fbot/kobuki_base_ros2/install/ecl_containers:/home/fbot/kobuki_base_ros2/install/ecl_threads:/home/fbot/kobuki_base_ros2/install/ecl_formatters:/home/fbot/kobuki_base_ros2/install/ecl_utilities:/home/fbot/kobuki_base_ros2/install/ecl_time:/home/fbot/kobuki_base_ros2/install/ecl_converters:/home/fbot/kobuki_base_ros2/install/ecl_time_lite:/home/fbot/kobuki_base_ros2/install/ecl_exceptions:/home/fbot/kobuki_base_ros2/install/ecl_concepts:/home/fbot/kobuki_base_ros2/install/ecl_type_traits:/home/fbot/kobuki_base_ros2/install/ecl_errors:/home/fbot/kobuki_base_ros2/install/ecl_mpl:/home/fbot/kobuki_base_ros2/install/ecl_config:/opt/ros/humble LD_LIBRARY_PATH=/home/fbot/kobuki_base_ros2/install/ecl_devices/lib:/home/fbot/kobuki_base_ros2/install/ecl_threads/lib:/home/fbot/kobuki_base_ros2/install/ecl_formatters/lib:/home/fbot/kobuki_base_ros2/install/ecl_time/lib:/home/fbot/kobuki_base_ros2/install/ecl_time_lite/lib:/home/fbot/kobuki_base_ros2/install/ecl_exceptions/lib:/home/fbot/kobuki_base_ros2/install/ecl_type_traits/lib:/home/fbot/kobuki_base_ros2/install/ecl_errors/lib:${LD_LIBRARY_PATH} PATH=/home/fbot/kobuki_base_ros2/install/ecl_type_traits/bin:/home/fbot/kobuki_base_ros2/install/ecl_config/bin:${PATH} /usr/bin/cmake --build /home/fbot/kobuki_base_ros2/build/ecl_streams -- -j12 -l12
[0.050s] [35m[1mConsolidate compiler generated dependencies of target gtest[0m
[0.050s] [35m[1mConsolidate compiler generated dependencies of target ecl_streams[0m
[0.050s] [35m[1mConsolidate compiler generated dependencies of target gtest_main[0m
[0.062s] [ 26%] Built target gtest_main
[0.062s] [ 26%] Built target gtest
[0.062s] [ 46%] Built target ecl_streams
[0.070s] [35m[1mConsolidate compiler generated dependencies of target ecl_time_example_console_streams[0m
[0.070s] [35m[1mConsolidate compiler generated dependencies of target ecl_time_example_log_streams[0m
[0.070s] [35m[1mConsolidate compiler generated dependencies of target ecl_test_file_streams[0m
[0.070s] [35m[1mConsolidate compiler generated dependencies of target ecl_test_string_streams[0m
[0.080s] [ 86%] Built target ecl_time_example_console_streams
[0.080s] [ 86%] Built target ecl_test_file_streams
[0.080s] [ 86%] Built target ecl_test_string_streams
[0.080s] [100%] Built target ecl_time_example_log_streams
[0.090s] Invoked command in '/home/fbot/kobuki_base_ros2/build/ecl_streams' returned '0': AMENT_PREFIX_PATH=/home/fbot/kobuki_base_ros2/install/ecl_devices:/home/fbot/kobuki_base_ros2/install/ecl_containers:/home/fbot/kobuki_base_ros2/install/ecl_threads:/home/fbot/kobuki_base_ros2/install/ecl_formatters:/home/fbot/kobuki_base_ros2/install/ecl_utilities:/home/fbot/kobuki_base_ros2/install/ecl_time:/home/fbot/kobuki_base_ros2/install/ecl_converters:/home/fbot/kobuki_base_ros2/install/ecl_time_lite:/home/fbot/kobuki_base_ros2/install/ecl_exceptions:/home/fbot/kobuki_base_ros2/install/ecl_concepts:/home/fbot/kobuki_base_ros2/install/ecl_type_traits:/home/fbot/kobuki_base_ros2/install/ecl_errors:/home/fbot/kobuki_base_ros2/install/ecl_mpl:/home/fbot/kobuki_base_ros2/install/ecl_config:${AMENT_PREFIX_PATH} CMAKE_PREFIX_PATH=/home/fbot/kobuki_base_ros2/install/ecl_devices:/home/fbot/kobuki_base_ros2/install/ecl_containers:/home/fbot/kobuki_base_ros2/install/ecl_threads:/home/fbot/kobuki_base_ros2/install/ecl_formatters:/home/fbot/kobuki_base_ros2/install/ecl_utilities:/home/fbot/kobuki_base_ros2/install/ecl_time:/home/fbot/kobuki_base_ros2/install/ecl_converters:/home/fbot/kobuki_base_ros2/install/ecl_time_lite:/home/fbot/kobuki_base_ros2/install/ecl_exceptions:/home/fbot/kobuki_base_ros2/install/ecl_concepts:/home/fbot/kobuki_base_ros2/install/ecl_type_traits:/home/fbot/kobuki_base_ros2/install/ecl_errors:/home/fbot/kobuki_base_ros2/install/ecl_mpl:/home/fbot/kobuki_base_ros2/install/ecl_config:/opt/ros/humble LD_LIBRARY_PATH=/home/fbot/kobuki_base_ros2/install/ecl_devices/lib:/home/fbot/kobuki_base_ros2/install/ecl_threads/lib:/home/fbot/kobuki_base_ros2/install/ecl_formatters/lib:/home/fbot/kobuki_base_ros2/install/ecl_time/lib:/home/fbot/kobuki_base_ros2/install/ecl_time_lite/lib:/home/fbot/kobuki_base_ros2/install/ecl_exceptions/lib:/home/fbot/kobuki_base_ros2/install/ecl_type_traits/lib:/home/fbot/kobuki_base_ros2/install/ecl_errors/lib:${LD_LIBRARY_PATH} PATH=/home/fbot/kobuki_base_ros2/install/ecl_type_traits/bin:/home/fbot/kobuki_base_ros2/install/ecl_config/bin:${PATH} /usr/bin/cmake --build /home/fbot/kobuki_base_ros2/build/ecl_streams -- -j12 -l12
[0.092s] Invoking command in '/home/fbot/kobuki_base_ros2/build/ecl_streams': AMENT_PREFIX_PATH=/home/fbot/kobuki_base_ros2/install/ecl_devices:/home/fbot/kobuki_base_ros2/install/ecl_containers:/home/fbot/kobuki_base_ros2/install/ecl_threads:/home/fbot/kobuki_base_ros2/install/ecl_formatters:/home/fbot/kobuki_base_ros2/install/ecl_utilities:/home/fbot/kobuki_base_ros2/install/ecl_time:/home/fbot/kobuki_base_ros2/install/ecl_converters:/home/fbot/kobuki_base_ros2/install/ecl_time_lite:/home/fbot/kobuki_base_ros2/install/ecl_exceptions:/home/fbot/kobuki_base_ros2/install/ecl_concepts:/home/fbot/kobuki_base_ros2/install/ecl_type_traits:/home/fbot/kobuki_base_ros2/install/ecl_errors:/home/fbot/kobuki_base_ros2/install/ecl_mpl:/home/fbot/kobuki_base_ros2/install/ecl_config:${AMENT_PREFIX_PATH} CMAKE_PREFIX_PATH=/home/fbot/kobuki_base_ros2/install/ecl_devices:/home/fbot/kobuki_base_ros2/install/ecl_containers:/home/fbot/kobuki_base_ros2/install/ecl_threads:/home/fbot/kobuki_base_ros2/install/ecl_formatters:/home/fbot/kobuki_base_ros2/install/ecl_utilities:/home/fbot/kobuki_base_ros2/install/ecl_time:/home/fbot/kobuki_base_ros2/install/ecl_converters:/home/fbot/kobuki_base_ros2/install/ecl_time_lite:/home/fbot/kobuki_base_ros2/install/ecl_exceptions:/home/fbot/kobuki_base_ros2/install/ecl_concepts:/home/fbot/kobuki_base_ros2/install/ecl_type_traits:/home/fbot/kobuki_base_ros2/install/ecl_errors:/home/fbot/kobuki_base_ros2/install/ecl_mpl:/home/fbot/kobuki_base_ros2/install/ecl_config:/opt/ros/humble LD_LIBRARY_PATH=/home/fbot/kobuki_base_ros2/install/ecl_devices/lib:/home/fbot/kobuki_base_ros2/install/ecl_threads/lib:/home/fbot/kobuki_base_ros2/install/ecl_formatters/lib:/home/fbot/kobuki_base_ros2/install/ecl_time/lib:/home/fbot/kobuki_base_ros2/install/ecl_time_lite/lib:/home/fbot/kobuki_base_ros2/install/ecl_exceptions/lib:/home/fbot/kobuki_base_ros2/install/ecl_type_traits/lib:/home/fbot/kobuki_base_ros2/install/ecl_errors/lib:${LD_LIBRARY_PATH} PATH=/home/fbot/kobuki_base_ros2/install/ecl_type_traits/bin:/home/fbot/kobuki_base_ros2/install/ecl_config/bin:${PATH} /usr/bin/cmake --install /home/fbot/kobuki_base_ros2/build/ecl_streams
[0.100s] -- Install configuration: ""
[0.100s] -- Up-to-date: /home/fbot/kobuki_base_ros2/install/ecl_streams/share/ecl_streams/environment/library_path.sh
[0.100s] -- Up-to-date: /home/fbot/kobuki_base_ros2/install/ecl_streams/share/ecl_streams/environment/library_path.dsv
[0.100s] -- Up-to-date: /home/fbot/kobuki_base_ros2/install/ecl_streams/share/ament_index/resource_index/package_run_dependencies/ecl_streams
[0.100s] -- Up-to-date: /home/fbot/kobuki_base_ros2/install/ecl_streams/share/ament_index/resource_index/parent_prefix_path/ecl_streams
[0.101s] -- Up-to-date: /home/fbot/kobuki_base_ros2/install/ecl_streams/share/ecl_streams/environment/ament_prefix_path.sh
[0.101s] -- Up-to-date: /home/fbot/kobuki_base_ros2/install/ecl_streams/share/ecl_streams/environment/ament_prefix_path.dsv
[0.101s] -- Up-to-date: /home/fbot/kobuki_base_ros2/install/ecl_streams/share/ecl_streams/environment/path.sh
[0.101s] -- Up-to-date: /home/fbot/kobuki_base_ros2/install/ecl_streams/share/ecl_streams/environment/path.dsv
[0.101s] -- Up-to-date: /home/fbot/kobuki_base_ros2/install/ecl_streams/share/ecl_streams/local_setup.bash
[0.101s] -- Up-to-date: /home/fbot/kobuki_base_ros2/install/ecl_streams/share/ecl_streams/local_setup.sh
[0.101s] -- Up-to-date: /home/fbot/kobuki_base_ros2/install/ecl_streams/share/ecl_streams/local_setup.zsh
[0.101s] -- Up-to-date: /home/fbot/kobuki_base_ros2/install/ecl_streams/share/ecl_streams/local_setup.dsv
[0.101s] -- Installing: /home/fbot/kobuki_base_ros2/install/ecl_streams/share/ecl_streams/package.dsv
[0.101s] -- Up-to-date: /home/fbot/kobuki_base_ros2/install/ecl_streams/share/ament_index/resource_index/packages/ecl_streams
[0.101s] -- Up-to-date: /home/fbot/kobuki_base_ros2/install/ecl_streams/share/ecl_streams/cmake/ecl_streamsExport.cmake
[0.102s] -- Up-to-date: /home/fbot/kobuki_base_ros2/install/ecl_streams/share/ecl_streams/cmake/ecl_streamsExport-noconfig.cmake
[0.102s] -- Up-to-date: /home/fbot/kobuki_base_ros2/install/ecl_streams/share/ecl_streams/cmake/ament_cmake_export_targets-extras.cmake
[0.102s] -- Up-to-date: /home/fbot/kobuki_base_ros2/install/ecl_streams/share/ecl_streams/cmake/ament_cmake_export_include_directories-extras.cmake
[0.102s] -- Up-to-date: /home/fbot/kobuki_base_ros2/install/ecl_streams/share/ecl_streams/cmake/ament_cmake_export_libraries-extras.cmake
[0.102s] -- Up-to-date: /home/fbot/kobuki_base_ros2/install/ecl_streams/share/ecl_streams/cmake/ament_cmake_export_dependencies-extras.cmake
[0.102s] -- Up-to-date: /home/fbot/kobuki_base_ros2/install/ecl_streams/share/ecl_streams/cmake/ecl_streamsConfig.cmake
[0.102s] -- Up-to-date: /home/fbot/kobuki_base_ros2/install/ecl_streams/share/ecl_streams/cmake/ecl_streamsConfig-version.cmake
[0.102s] -- Up-to-date: /home/fbot/kobuki_base_ros2/install/ecl_streams/share/ecl_streams/package.xml
[0.102s] -- Up-to-date: /home/fbot/kobuki_base_ros2/install/ecl_streams/include/ecl/streams.hpp
[0.103s] -- Up-to-date: /home/fbot/kobuki_base_ros2/install/ecl_streams/include/ecl/streams/console_streams.hpp
[0.103s] -- Up-to-date: /home/fbot/kobuki_base_ros2/install/ecl_streams/include/ecl/streams/file_streams.hpp
[0.103s] -- Up-to-date: /home/fbot/kobuki_base_ros2/install/ecl_streams/include/ecl/streams/log_stream.hpp
[0.103s] -- Up-to-date: /home/fbot/kobuki_base_ros2/install/ecl_streams/include/ecl/streams/macros.hpp
[0.103s] -- Up-to-date: /home/fbot/kobuki_base_ros2/install/ecl_streams/include/ecl/streams/manipulators.hpp
[0.103s] -- Up-to-date: /home/fbot/kobuki_base_ros2/install/ecl_streams/include/ecl/streams/serial_stream.hpp
[0.103s] -- Up-to-date: /home/fbot/kobuki_base_ros2/install/ecl_streams/include/ecl/streams/shared_file_stream.hpp
[0.103s] -- Up-to-date: /home/fbot/kobuki_base_ros2/install/ecl_streams/include/ecl/streams/socket_streams.hpp
[0.103s] -- Up-to-date: /home/fbot/kobuki_base_ros2/install/ecl_streams/include/ecl/streams/string_stream.hpp
[0.103s] -- Up-to-date: /home/fbot/kobuki_base_ros2/install/ecl_streams/include/ecl/streams/text_stream.hpp
[0.103s] -- Up-to-date: /home/fbot/kobuki_base_ros2/install/ecl_streams/include/ecl/streams/manipulators/clear_screen.hpp
[0.103s] -- Up-to-date: /home/fbot/kobuki_base_ros2/install/ecl_streams/include/ecl/streams/manipulators/end_of_line.hpp
[0.103s] -- Up-to-date: /home/fbot/kobuki_base_ros2/install/ecl_streams/include/ecl/streams/manipulators/manipulator.hpp
[0.103s] -- Up-to-date: /home/fbot/kobuki_base_ros2/install/ecl_streams/include/ecl/streams/text_streams/base_text_stream.hpp
[0.104s] -- Up-to-date: /home/fbot/kobuki_base_ros2/install/ecl_streams/include/ecl/streams/text_streams/input_text_stream.hpp
[0.104s] -- Up-to-date: /home/fbot/kobuki_base_ros2/install/ecl_streams/include/ecl/streams/text_streams/output_text_stream.hpp
[0.104s] -- Up-to-date: /home/fbot/kobuki_base_ros2/install/ecl_streams/lib/libecl_streams.so.1.2.1
[0.104s] -- Up-to-date: /home/fbot/kobuki_base_ros2/install/ecl_streams/lib/libecl_streams.so
[0.104s] -- Up-to-date: /home/fbot/kobuki_base_ros2/install/ecl_streams/lib/ecl_streams/demo_console_streams
[0.104s] -- Up-to-date: /home/fbot/kobuki_base_ros2/install/ecl_streams/lib/ecl_streams/demo_log_streams
[0.106s] Invoked command in '/home/fbot/kobuki_base_ros2/build/ecl_streams' returned '0': AMENT_PREFIX_PATH=/home/fbot/kobuki_base_ros2/install/ecl_devices:/home/fbot/kobuki_base_ros2/install/ecl_containers:/home/fbot/kobuki_base_ros2/install/ecl_threads:/home/fbot/kobuki_base_ros2/install/ecl_formatters:/home/fbot/kobuki_base_ros2/install/ecl_utilities:/home/fbot/kobuki_base_ros2/install/ecl_time:/home/fbot/kobuki_base_ros2/install/ecl_converters:/home/fbot/kobuki_base_ros2/install/ecl_time_lite:/home/fbot/kobuki_base_ros2/install/ecl_exceptions:/home/fbot/kobuki_base_ros2/install/ecl_concepts:/home/fbot/kobuki_base_ros2/install/ecl_type_traits:/home/fbot/kobuki_base_ros2/install/ecl_errors:/home/fbot/kobuki_base_ros2/install/ecl_mpl:/home/fbot/kobuki_base_ros2/install/ecl_config:${AMENT_PREFIX_PATH} CMAKE_PREFIX_PATH=/home/fbot/kobuki_base_ros2/install/ecl_devices:/home/fbot/kobuki_base_ros2/install/ecl_containers:/home/fbot/kobuki_base_ros2/install/ecl_threads:/home/fbot/kobuki_base_ros2/install/ecl_formatters:/home/fbot/kobuki_base_ros2/install/ecl_utilities:/home/fbot/kobuki_base_ros2/install/ecl_time:/home/fbot/kobuki_base_ros2/install/ecl_converters:/home/fbot/kobuki_base_ros2/install/ecl_time_lite:/home/fbot/kobuki_base_ros2/install/ecl_exceptions:/home/fbot/kobuki_base_ros2/install/ecl_concepts:/home/fbot/kobuki_base_ros2/install/ecl_type_traits:/home/fbot/kobuki_base_ros2/install/ecl_errors:/home/fbot/kobuki_base_ros2/install/ecl_mpl:/home/fbot/kobuki_base_ros2/install/ecl_config:/opt/ros/humble LD_LIBRARY_PATH=/home/fbot/kobuki_base_ros2/install/ecl_devices/lib:/home/fbot/kobuki_base_ros2/install/ecl_threads/lib:/home/fbot/kobuki_base_ros2/install/ecl_formatters/lib:/home/fbot/kobuki_base_ros2/install/ecl_time/lib:/home/fbot/kobuki_base_ros2/install/ecl_time_lite/lib:/home/fbot/kobuki_base_ros2/install/ecl_exceptions/lib:/home/fbot/kobuki_base_ros2/install/ecl_type_traits/lib:/home/fbot/kobuki_base_ros2/install/ecl_errors/lib:${LD_LIBRARY_PATH} PATH=/home/fbot/kobuki_base_ros2/install/ecl_type_traits/bin:/home/fbot/kobuki_base_ros2/install/ecl_config/bin:${PATH} /usr/bin/cmake --install /home/fbot/kobuki_base_ros2/build/ecl_streams
