[0.075s] Invoking command in '/home/fbot/kobuki_base_ros2/build/ecl_exceptions': AMENT_PREFIX_PATH=/home/fbot/kobuki_base_ros2/install/ecl_errors:/home/fbot/kobuki_base_ros2/install/ecl_config:${AMENT_PREFIX_PATH} CMAKE_PREFIX_PATH=/home/fbot/kobuki_base_ros2/install/ecl_errors:/home/fbot/kobuki_base_ros2/install/ecl_config:/opt/ros/humble LD_LIBRARY_PATH=/home/fbot/kobuki_base_ros2/install/ecl_errors/lib:${LD_LIBRARY_PATH} PATH=/home/fbot/kobuki_base_ros2/install/ecl_config/bin:${PATH} /usr/bin/cmake /home/fbot/kobuki_base_ros2/src/ecl_core/ecl_exceptions -DCMAKE_INSTALL_PREFIX=/home/fbot/kobuki_base_ros2/install/ecl_exceptions
[0.239s] -- The C compiler identification is GNU 11.4.0
[0.418s] -- The CXX compiler identification is GNU 11.4.0
[0.444s] -- Detecting C compiler ABI info
[0.652s] -- Detecting C compiler ABI info - done
[0.671s] -- Check for working C compiler: /usr/bin/cc - skipped
[0.678s] -- Detecting C compile features
[0.678s] -- Detecting C compile features - done
[0.684s] -- Detecting CXX compiler ABI info
[0.914s] -- Detecting CXX compiler ABI info - done
[0.949s] -- Check for working CXX compiler: /usr/bin/c++ - skipped
[0.950s] -- Detecting CXX compile features
[0.950s] -- Detecting CXX compile features - done
[0.956s] -- Found ament_cmake_ros: 0.10.0 (/opt/ros/humble/share/ament_cmake_ros/cmake)
[1.269s] -- Found Python3: /usr/bin/python3 (found version "3.10.12") found components: Interpreter 
[1.562s] -- Found ecl_build: 1.0.3 (/opt/ros/humble/share/ecl_build/cmake)
[1.577s] -- Found ecl_config: 1.2.0 (/home/fbot/kobuki_base_ros2/install/ecl_config/share/ecl_config/cmake)
[1.581s] -- Found ecl_errors: 1.2.0 (/home/fbot/kobuki_base_ros2/install/ecl_errors/share/ecl_errors/cmake)
[1.792s] -- Configuring done
[1.840s] -- Generating done
[1.857s] -- Build files have been written to: /home/fbot/kobuki_base_ros2/build/ecl_exceptions
[1.876s] Invoked command in '/home/fbot/kobuki_base_ros2/build/ecl_exceptions' returned '0': AMENT_PREFIX_PATH=/home/fbot/kobuki_base_ros2/install/ecl_errors:/home/fbot/kobuki_base_ros2/install/ecl_config:${AMENT_PREFIX_PATH} CMAKE_PREFIX_PATH=/home/fbot/kobuki_base_ros2/install/ecl_errors:/home/fbot/kobuki_base_ros2/install/ecl_config:/opt/ros/humble LD_LIBRARY_PATH=/home/fbot/kobuki_base_ros2/install/ecl_errors/lib:${LD_LIBRARY_PATH} PATH=/home/fbot/kobuki_base_ros2/install/ecl_config/bin:${PATH} /usr/bin/cmake /home/fbot/kobuki_base_ros2/src/ecl_core/ecl_exceptions -DCMAKE_INSTALL_PREFIX=/home/fbot/kobuki_base_ros2/install/ecl_exceptions
[1.887s] Invoking command in '/home/fbot/kobuki_base_ros2/build/ecl_exceptions': AMENT_PREFIX_PATH=/home/fbot/kobuki_base_ros2/install/ecl_errors:/home/fbot/kobuki_base_ros2/install/ecl_config:${AMENT_PREFIX_PATH} CMAKE_PREFIX_PATH=/home/fbot/kobuki_base_ros2/install/ecl_errors:/home/fbot/kobuki_base_ros2/install/ecl_config:/opt/ros/humble LD_LIBRARY_PATH=/home/fbot/kobuki_base_ros2/install/ecl_errors/lib:${LD_LIBRARY_PATH} PATH=/home/fbot/kobuki_base_ros2/install/ecl_config/bin:${PATH} /usr/bin/cmake --build /home/fbot/kobuki_base_ros2/build/ecl_exceptions -- -j12 -l12
[2.020s] [ 16%] [32mBuilding CXX object src/lib/CMakeFiles/ecl_exceptions.dir/standard_exception.cpp.o[0m
[2.603s] [ 33%] [32m[1mLinking CXX shared library libecl_exceptions.so[0m
[2.865s] [ 33%] Built target ecl_exceptions
[2.926s] [ 50%] [32mBuilding CXX object src/examples/CMakeFiles/ecl_demo_exceptions.dir/exceptions.cpp.o[0m
[2.935s] [ 66%] [32mBuilding CXX object src/examples/CMakeFiles/ecl_demo_exception_tracer.dir/exception_tracer.cpp.o[0m
[3.485s] [ 83%] [32m[1mLinking CXX executable demo_exception_tracer[0m
[3.687s] [ 83%] Built target ecl_demo_exception_tracer
[4.043s] [100%] [32m[1mLinking CXX executable demo_exceptions[0m
[4.209s] [100%] Built target ecl_demo_exceptions
[4.240s] Invoked command in '/home/fbot/kobuki_base_ros2/build/ecl_exceptions' returned '0': AMENT_PREFIX_PATH=/home/fbot/kobuki_base_ros2/install/ecl_errors:/home/fbot/kobuki_base_ros2/install/ecl_config:${AMENT_PREFIX_PATH} CMAKE_PREFIX_PATH=/home/fbot/kobuki_base_ros2/install/ecl_errors:/home/fbot/kobuki_base_ros2/install/ecl_config:/opt/ros/humble LD_LIBRARY_PATH=/home/fbot/kobuki_base_ros2/install/ecl_errors/lib:${LD_LIBRARY_PATH} PATH=/home/fbot/kobuki_base_ros2/install/ecl_config/bin:${PATH} /usr/bin/cmake --build /home/fbot/kobuki_base_ros2/build/ecl_exceptions -- -j12 -l12
[4.241s] Invoking command in '/home/fbot/kobuki_base_ros2/build/ecl_exceptions': AMENT_PREFIX_PATH=/home/fbot/kobuki_base_ros2/install/ecl_errors:/home/fbot/kobuki_base_ros2/install/ecl_config:${AMENT_PREFIX_PATH} CMAKE_PREFIX_PATH=/home/fbot/kobuki_base_ros2/install/ecl_errors:/home/fbot/kobuki_base_ros2/install/ecl_config:/opt/ros/humble LD_LIBRARY_PATH=/home/fbot/kobuki_base_ros2/install/ecl_errors/lib:${LD_LIBRARY_PATH} PATH=/home/fbot/kobuki_base_ros2/install/ecl_config/bin:${PATH} /usr/bin/cmake --install /home/fbot/kobuki_base_ros2/build/ecl_exceptions
[4.256s] -- Install configuration: ""
[4.259s] -- Installing: /home/fbot/kobuki_base_ros2/install/ecl_exceptions/share/ecl_exceptions/environment/library_path.sh
[4.259s] -- Installing: /home/fbot/kobuki_base_ros2/install/ecl_exceptions/share/ecl_exceptions/environment/library_path.dsv
[4.259s] -- Installing: /home/fbot/kobuki_base_ros2/install/ecl_exceptions/share/ament_index/resource_index/package_run_dependencies/ecl_exceptions
[4.259s] -- Installing: /home/fbot/kobuki_base_ros2/install/ecl_exceptions/share/ament_index/resource_index/parent_prefix_path/ecl_exceptions
[4.259s] -- Installing: /home/fbot/kobuki_base_ros2/install/ecl_exceptions/share/ecl_exceptions/environment/ament_prefix_path.sh
[4.259s] -- Installing: /home/fbot/kobuki_base_ros2/install/ecl_exceptions/share/ecl_exceptions/environment/ament_prefix_path.dsv
[4.259s] -- Installing: /home/fbot/kobuki_base_ros2/install/ecl_exceptions/share/ecl_exceptions/environment/path.sh
[4.259s] -- Installing: /home/fbot/kobuki_base_ros2/install/ecl_exceptions/share/ecl_exceptions/environment/path.dsv
[4.259s] -- Installing: /home/fbot/kobuki_base_ros2/install/ecl_exceptions/share/ecl_exceptions/local_setup.bash
[4.260s] -- Installing: /home/fbot/kobuki_base_ros2/install/ecl_exceptions/share/ecl_exceptions/local_setup.sh
[4.260s] -- Installing: /home/fbot/kobuki_base_ros2/install/ecl_exceptions/share/ecl_exceptions/local_setup.zsh
[4.260s] -- Installing: /home/fbot/kobuki_base_ros2/install/ecl_exceptions/share/ecl_exceptions/local_setup.dsv
[4.260s] -- Installing: /home/fbot/kobuki_base_ros2/install/ecl_exceptions/share/ecl_exceptions/package.dsv
[4.260s] -- Installing: /home/fbot/kobuki_base_ros2/install/ecl_exceptions/share/ament_index/resource_index/packages/ecl_exceptions
[4.260s] -- Installing: /home/fbot/kobuki_base_ros2/install/ecl_exceptions/share/ecl_exceptions/cmake/ecl_exceptionsExport.cmake
[4.266s] -- Installing: /home/fbot/kobuki_base_ros2/install/ecl_exceptions/share/ecl_exceptions/cmake/ecl_exceptionsExport-noconfig.cmake
[4.266s] -- Installing: /home/fbot/kobuki_base_ros2/install/ecl_exceptions/share/ecl_exceptions/cmake/ament_cmake_export_targets-extras.cmake
[4.266s] -- Installing: /home/fbot/kobuki_base_ros2/install/ecl_exceptions/share/ecl_exceptions/cmake/ament_cmake_export_include_directories-extras.cmake
[4.266s] -- Installing: /home/fbot/kobuki_base_ros2/install/ecl_exceptions/share/ecl_exceptions/cmake/ament_cmake_export_libraries-extras.cmake
[4.266s] -- Installing: /home/fbot/kobuki_base_ros2/install/ecl_exceptions/share/ecl_exceptions/cmake/ament_cmake_export_dependencies-extras.cmake
[4.266s] -- Installing: /home/fbot/kobuki_base_ros2/install/ecl_exceptions/share/ecl_exceptions/cmake/ecl_exceptionsConfig.cmake
[4.266s] -- Installing: /home/fbot/kobuki_base_ros2/install/ecl_exceptions/share/ecl_exceptions/cmake/ecl_exceptionsConfig-version.cmake
[4.266s] -- Installing: /home/fbot/kobuki_base_ros2/install/ecl_exceptions/share/ecl_exceptions/package.xml
[4.267s] -- Installing: /home/fbot/kobuki_base_ros2/install/ecl_exceptions/include/ecl/exceptions.hpp
[4.267s] -- Installing: /home/fbot/kobuki_base_ros2/install/ecl_exceptions/include/ecl/exceptions/data_exception.hpp
[4.267s] -- Installing: /home/fbot/kobuki_base_ros2/install/ecl_exceptions/include/ecl/exceptions/exception.hpp
[4.267s] -- Installing: /home/fbot/kobuki_base_ros2/install/ecl_exceptions/include/ecl/exceptions/macros.hpp
[4.267s] -- Installing: /home/fbot/kobuki_base_ros2/install/ecl_exceptions/include/ecl/exceptions/posix_error_handler.hpp
[4.268s] -- Installing: /home/fbot/kobuki_base_ros2/install/ecl_exceptions/include/ecl/exceptions/standard_exception.hpp
[4.268s] -- Installing: /home/fbot/kobuki_base_ros2/install/ecl_exceptions/lib/libecl_exceptions.so.1.2.1
[4.268s] -- Set runtime path of "/home/fbot/kobuki_base_ros2/install/ecl_exceptions/lib/libecl_exceptions.so.1.2.1" to ""
[4.269s] -- Installing: /home/fbot/kobuki_base_ros2/install/ecl_exceptions/lib/libecl_exceptions.so
[4.269s] -- Installing: /home/fbot/kobuki_base_ros2/install/ecl_exceptions/lib/ecl_exceptions/demo_exceptions
[4.269s] -- Set runtime path of "/home/fbot/kobuki_base_ros2/install/ecl_exceptions/lib/ecl_exceptions/demo_exceptions" to ""
[4.269s] -- Installing: /home/fbot/kobuki_base_ros2/install/ecl_exceptions/lib/ecl_exceptions/demo_exception_tracer
[4.273s] -- Set runtime path of "/home/fbot/kobuki_base_ros2/install/ecl_exceptions/lib/ecl_exceptions/demo_exception_tracer" to ""
[4.280s] Invoked command in '/home/fbot/kobuki_base_ros2/build/ecl_exceptions' returned '0': AMENT_PREFIX_PATH=/home/fbot/kobuki_base_ros2/install/ecl_errors:/home/fbot/kobuki_base_ros2/install/ecl_config:${AMENT_PREFIX_PATH} CMAKE_PREFIX_PATH=/home/fbot/kobuki_base_ros2/install/ecl_errors:/home/fbot/kobuki_base_ros2/install/ecl_config:/opt/ros/humble LD_LIBRARY_PATH=/home/fbot/kobuki_base_ros2/install/ecl_errors/lib:${LD_LIBRARY_PATH} PATH=/home/fbot/kobuki_base_ros2/install/ecl_config/bin:${PATH} /usr/bin/cmake --install /home/fbot/kobuki_base_ros2/build/ecl_exceptions
