[0.016s] Invoking command in '/home/fbot/kobuki_base_ros2/build/ecl_converters_lite': AMENT_PREFIX_PATH=/home/fbot/kobuki_base_ros2/install/ecl_config:${AMENT_PREFIX_PATH} CMAKE_PREFIX_PATH=/home/fbot/kobuki_base_ros2/install/ecl_config:/opt/ros/humble PATH=/home/fbot/kobuki_base_ros2/install/ecl_config/bin:${PATH} /usr/bin/cmake /home/fbot/kobuki_base_ros2/src/ecl_lite/ecl_converters_lite -DCMAKE_INSTALL_PREFIX=/home/fbot/kobuki_base_ros2/install/ecl_converters_lite
[0.084s] -- The C compiler identification is GNU 11.4.0
[0.148s] -- The CXX compiler identification is GNU 11.4.0
[0.156s] -- Detecting C compiler ABI info
[0.232s] -- Detecting C compiler ABI info - done
[0.243s] -- Check for working C compiler: /usr/bin/cc - skipped
[0.244s] -- Detecting C compile features
[0.244s] -- Detecting C compile features - done
[0.248s] -- Detecting CXX compiler ABI info
[0.340s] -- Detecting CXX compiler ABI info - done
[0.352s] -- Check for working CXX compiler: /usr/bin/c++ - skipped
[0.352s] -- Detecting CXX compile features
[0.352s] -- Detecting CXX compile features - done
[0.354s] -- Found ament_cmake_ros: 0.10.0 (/opt/ros/humble/share/ament_cmake_ros/cmake)
[0.550s] -- Found Python3: /usr/bin/python3 (found version "3.10.12") found components: Interpreter 
[0.669s] -- Found ecl_build: 1.0.3 (/opt/ros/humble/share/ecl_build/cmake)
[0.679s] -- Found ecl_config: 1.2.0 (/home/fbot/kobuki_base_ros2/install/ecl_config/share/ecl_config/cmake)
[0.686s] -- Found ament_lint_auto: 0.12.15 (/opt/ros/humble/share/ament_lint_auto/cmake)
[0.786s] -- Found gtest sources under '/opt/ros/humble/src/gtest_vendor': C++ tests using 'Google Test' will be built
[0.789s] -- Looking for pthread.h
[0.949s] -- Looking for pthread.h - found
[0.956s] -- Performing Test CMAKE_HAVE_LIBC_PTHREAD
[1.134s] -- Performing Test CMAKE_HAVE_LIBC_PTHREAD - Success
[1.137s] -- Found Threads: TRUE  
[1.291s] -- Configuring done
[1.314s] -- Generating done
[1.327s] -- Build files have been written to: /home/fbot/kobuki_base_ros2/build/ecl_converters_lite
[1.344s] Invoked command in '/home/fbot/kobuki_base_ros2/build/ecl_converters_lite' returned '0': AMENT_PREFIX_PATH=/home/fbot/kobuki_base_ros2/install/ecl_config:${AMENT_PREFIX_PATH} CMAKE_PREFIX_PATH=/home/fbot/kobuki_base_ros2/install/ecl_config:/opt/ros/humble PATH=/home/fbot/kobuki_base_ros2/install/ecl_config/bin:${PATH} /usr/bin/cmake /home/fbot/kobuki_base_ros2/src/ecl_lite/ecl_converters_lite -DCMAKE_INSTALL_PREFIX=/home/fbot/kobuki_base_ros2/install/ecl_converters_lite
[1.345s] Invoking command in '/home/fbot/kobuki_base_ros2/build/ecl_converters_lite': AMENT_PREFIX_PATH=/home/fbot/kobuki_base_ros2/install/ecl_config:${AMENT_PREFIX_PATH} CMAKE_PREFIX_PATH=/home/fbot/kobuki_base_ros2/install/ecl_config:/opt/ros/humble PATH=/home/fbot/kobuki_base_ros2/install/ecl_config/bin:${PATH} /usr/bin/cmake --build /home/fbot/kobuki_base_ros2/build/ecl_converters_lite -- -j12 -l12
[1.443s] [ 16%] [32mBuilding CXX object gtest/CMakeFiles/gtest_main.dir/src/gtest_main.cc.o[0m
[1.455s] [ 33%] [32mBuilding CXX object gtest/CMakeFiles/gtest.dir/src/gtest-all.cc.o[0m
[2.892s] [ 50%] [32m[1mLinking CXX static library libgtest_main.a[0m
[3.062s] [ 50%] Built target gtest_main
[7.088s] [ 66%] [32m[1mLinking CXX static library libgtest.a[0m
[7.195s] [ 66%] Built target gtest
[7.219s] [ 83%] [32mBuilding CXX object src/test/CMakeFiles/test_byte_array.dir/byte_array.cpp.o[0m
[7.937s] [100%] [32m[1mLinking CXX executable test_byte_array[0m
[8.064s] [100%] Built target test_byte_array
[8.073s] Invoked command in '/home/fbot/kobuki_base_ros2/build/ecl_converters_lite' returned '0': AMENT_PREFIX_PATH=/home/fbot/kobuki_base_ros2/install/ecl_config:${AMENT_PREFIX_PATH} CMAKE_PREFIX_PATH=/home/fbot/kobuki_base_ros2/install/ecl_config:/opt/ros/humble PATH=/home/fbot/kobuki_base_ros2/install/ecl_config/bin:${PATH} /usr/bin/cmake --build /home/fbot/kobuki_base_ros2/build/ecl_converters_lite -- -j12 -l12
[8.075s] Invoking command in '/home/fbot/kobuki_base_ros2/build/ecl_converters_lite': AMENT_PREFIX_PATH=/home/fbot/kobuki_base_ros2/install/ecl_config:${AMENT_PREFIX_PATH} CMAKE_PREFIX_PATH=/home/fbot/kobuki_base_ros2/install/ecl_config:/opt/ros/humble PATH=/home/fbot/kobuki_base_ros2/install/ecl_config/bin:${PATH} /usr/bin/cmake --install /home/fbot/kobuki_base_ros2/build/ecl_converters_lite
[8.081s] -- Install configuration: ""
[8.081s] -- Installing: /home/fbot/kobuki_base_ros2/install/ecl_converters_lite/share/ament_index/resource_index/package_run_dependencies/ecl_converters_lite
[8.081s] -- Installing: /home/fbot/kobuki_base_ros2/install/ecl_converters_lite/share/ament_index/resource_index/parent_prefix_path/ecl_converters_lite
[8.081s] -- Installing: /home/fbot/kobuki_base_ros2/install/ecl_converters_lite/share/ecl_converters_lite/environment/ament_prefix_path.sh
[8.081s] -- Installing: /home/fbot/kobuki_base_ros2/install/ecl_converters_lite/share/ecl_converters_lite/environment/ament_prefix_path.dsv
[8.081s] -- Installing: /home/fbot/kobuki_base_ros2/install/ecl_converters_lite/share/ecl_converters_lite/environment/path.sh
[8.081s] -- Installing: /home/fbot/kobuki_base_ros2/install/ecl_converters_lite/share/ecl_converters_lite/environment/path.dsv
[8.081s] -- Installing: /home/fbot/kobuki_base_ros2/install/ecl_converters_lite/share/ecl_converters_lite/local_setup.bash
[8.081s] -- Installing: /home/fbot/kobuki_base_ros2/install/ecl_converters_lite/share/ecl_converters_lite/local_setup.sh
[8.082s] -- Installing: /home/fbot/kobuki_base_ros2/install/ecl_converters_lite/share/ecl_converters_lite/local_setup.zsh
[8.082s] -- Installing: /home/fbot/kobuki_base_ros2/install/ecl_converters_lite/share/ecl_converters_lite/local_setup.dsv
[8.082s] -- Installing: /home/fbot/kobuki_base_ros2/install/ecl_converters_lite/share/ecl_converters_lite/package.dsv
[8.082s] -- Installing: /home/fbot/kobuki_base_ros2/install/ecl_converters_lite/share/ament_index/resource_index/packages/ecl_converters_lite
[8.082s] -- Installing: /home/fbot/kobuki_base_ros2/install/ecl_converters_lite/share/ecl_converters_lite/cmake/ecl_converters_liteExport.cmake
[8.082s] -- Installing: /home/fbot/kobuki_base_ros2/install/ecl_converters_lite/share/ecl_converters_lite/cmake/ament_cmake_export_targets-extras.cmake
[8.082s] -- Installing: /home/fbot/kobuki_base_ros2/install/ecl_converters_lite/share/ecl_converters_lite/cmake/ament_cmake_export_include_directories-extras.cmake
[8.083s] -- Installing: /home/fbot/kobuki_base_ros2/install/ecl_converters_lite/share/ecl_converters_lite/cmake/ament_cmake_export_dependencies-extras.cmake
[8.083s] -- Installing: /home/fbot/kobuki_base_ros2/install/ecl_converters_lite/share/ecl_converters_lite/cmake/ecl_converters_liteConfig.cmake
[8.083s] -- Installing: /home/fbot/kobuki_base_ros2/install/ecl_converters_lite/share/ecl_converters_lite/cmake/ecl_converters_liteConfig-version.cmake
[8.083s] -- Installing: /home/fbot/kobuki_base_ros2/install/ecl_converters_lite/share/ecl_converters_lite/package.xml
[8.084s] -- Installing: /home/fbot/kobuki_base_ros2/install/ecl_converters_lite/include/ecl/converters_lite.hpp
[8.084s] -- Installing: /home/fbot/kobuki_base_ros2/install/ecl_converters_lite/include/ecl/converters_lite/byte_array.hpp
[8.086s] Invoked command in '/home/fbot/kobuki_base_ros2/build/ecl_converters_lite' returned '0': AMENT_PREFIX_PATH=/home/fbot/kobuki_base_ros2/install/ecl_config:${AMENT_PREFIX_PATH} CMAKE_PREFIX_PATH=/home/fbot/kobuki_base_ros2/install/ecl_config:/opt/ros/humble PATH=/home/fbot/kobuki_base_ros2/install/ecl_config/bin:${PATH} /usr/bin/cmake --install /home/fbot/kobuki_base_ros2/build/ecl_converters_lite
