[0.082s] Invoking command in '/home/fbot/kobuki_base_ros2/build/ecl_io': AMENT_PREFIX_PATH=/home/fbot/kobuki_base_ros2/install/ecl_errors:/home/fbot/kobuki_base_ros2/install/ecl_config:${AMENT_PREFIX_PATH} CMAKE_PREFIX_PATH=/home/fbot/kobuki_base_ros2/install/ecl_errors:/home/fbot/kobuki_base_ros2/install/ecl_config:/opt/ros/humble LD_LIBRARY_PATH=/home/fbot/kobuki_base_ros2/install/ecl_errors/lib:${LD_LIBRARY_PATH} PATH=/home/fbot/kobuki_base_ros2/install/ecl_config/bin:${PATH} /usr/bin/cmake --build /home/fbot/kobuki_base_ros2/build/ecl_io -- -j12 -l12
[0.105s] [35m[1mConsolidate compiler generated dependencies of target ecl_io[0m
[0.115s] [ 40%] Built target ecl_io
[0.123s] [35m[1mConsolidate compiler generated dependencies of target ecl_io_example_poll[0m
[0.124s] [35m[1mConsolidate compiler generated dependencies of target ecl_io_example_sockets[0m
[0.125s] [35m[1mConsolidate compiler generated dependencies of target ecl_io_example_socketpair[0m
[0.133s] [ 60%] Built target ecl_io_example_poll
[0.135s] [ 80%] Built target ecl_io_example_sockets
[0.136s] [100%] Built target ecl_io_example_socketpair
[0.170s] Invoked command in '/home/fbot/kobuki_base_ros2/build/ecl_io' returned '0': AMENT_PREFIX_PATH=/home/fbot/kobuki_base_ros2/install/ecl_errors:/home/fbot/kobuki_base_ros2/install/ecl_config:${AMENT_PREFIX_PATH} CMAKE_PREFIX_PATH=/home/fbot/kobuki_base_ros2/install/ecl_errors:/home/fbot/kobuki_base_ros2/install/ecl_config:/opt/ros/humble LD_LIBRARY_PATH=/home/fbot/kobuki_base_ros2/install/ecl_errors/lib:${LD_LIBRARY_PATH} PATH=/home/fbot/kobuki_base_ros2/install/ecl_config/bin:${PATH} /usr/bin/cmake --build /home/fbot/kobuki_base_ros2/build/ecl_io -- -j12 -l12
[0.172s] Invoking command in '/home/fbot/kobuki_base_ros2/build/ecl_io': AMENT_PREFIX_PATH=/home/fbot/kobuki_base_ros2/install/ecl_errors:/home/fbot/kobuki_base_ros2/install/ecl_config:${AMENT_PREFIX_PATH} CMAKE_PREFIX_PATH=/home/fbot/kobuki_base_ros2/install/ecl_errors:/home/fbot/kobuki_base_ros2/install/ecl_config:/opt/ros/humble LD_LIBRARY_PATH=/home/fbot/kobuki_base_ros2/install/ecl_errors/lib:${LD_LIBRARY_PATH} PATH=/home/fbot/kobuki_base_ros2/install/ecl_config/bin:${PATH} /usr/bin/cmake --install /home/fbot/kobuki_base_ros2/build/ecl_io
[0.190s] -- Install configuration: ""
[0.190s] -- Up-to-date: /home/fbot/kobuki_base_ros2/install/ecl_io/share/ecl_io/environment/library_path.sh
[0.191s] -- Up-to-date: /home/fbot/kobuki_base_ros2/install/ecl_io/share/ecl_io/environment/library_path.dsv
[0.191s] -- Up-to-date: /home/fbot/kobuki_base_ros2/install/ecl_io/share/ament_index/resource_index/package_run_dependencies/ecl_io
[0.191s] -- Up-to-date: /home/fbot/kobuki_base_ros2/install/ecl_io/share/ament_index/resource_index/parent_prefix_path/ecl_io
[0.191s] -- Up-to-date: /home/fbot/kobuki_base_ros2/install/ecl_io/share/ecl_io/environment/ament_prefix_path.sh
[0.191s] -- Up-to-date: /home/fbot/kobuki_base_ros2/install/ecl_io/share/ecl_io/environment/ament_prefix_path.dsv
[0.191s] -- Up-to-date: /home/fbot/kobuki_base_ros2/install/ecl_io/share/ecl_io/environment/path.sh
[0.191s] -- Up-to-date: /home/fbot/kobuki_base_ros2/install/ecl_io/share/ecl_io/environment/path.dsv
[0.191s] -- Up-to-date: /home/fbot/kobuki_base_ros2/install/ecl_io/share/ecl_io/local_setup.bash
[0.191s] -- Up-to-date: /home/fbot/kobuki_base_ros2/install/ecl_io/share/ecl_io/local_setup.sh
[0.192s] -- Up-to-date: /home/fbot/kobuki_base_ros2/install/ecl_io/share/ecl_io/local_setup.zsh
[0.192s] -- Up-to-date: /home/fbot/kobuki_base_ros2/install/ecl_io/share/ecl_io/local_setup.dsv
[0.192s] -- Installing: /home/fbot/kobuki_base_ros2/install/ecl_io/share/ecl_io/package.dsv
[0.192s] -- Up-to-date: /home/fbot/kobuki_base_ros2/install/ecl_io/share/ament_index/resource_index/packages/ecl_io
[0.192s] -- Up-to-date: /home/fbot/kobuki_base_ros2/install/ecl_io/share/ecl_io/cmake/ecl_ioExport.cmake
[0.192s] -- Up-to-date: /home/fbot/kobuki_base_ros2/install/ecl_io/share/ecl_io/cmake/ecl_ioExport-noconfig.cmake
[0.192s] -- Up-to-date: /home/fbot/kobuki_base_ros2/install/ecl_io/share/ecl_io/cmake/ament_cmake_export_targets-extras.cmake
[0.192s] -- Up-to-date: /home/fbot/kobuki_base_ros2/install/ecl_io/share/ecl_io/cmake/ament_cmake_export_include_directories-extras.cmake
[0.192s] -- Up-to-date: /home/fbot/kobuki_base_ros2/install/ecl_io/share/ecl_io/cmake/ament_cmake_export_libraries-extras.cmake
[0.192s] -- Up-to-date: /home/fbot/kobuki_base_ros2/install/ecl_io/share/ecl_io/cmake/ament_cmake_export_dependencies-extras.cmake
[0.193s] -- Up-to-date: /home/fbot/kobuki_base_ros2/install/ecl_io/share/ecl_io/cmake/ecl_ioConfig.cmake
[0.193s] -- Up-to-date: /home/fbot/kobuki_base_ros2/install/ecl_io/share/ecl_io/cmake/ecl_ioConfig-version.cmake
[0.193s] -- Up-to-date: /home/fbot/kobuki_base_ros2/install/ecl_io/share/ecl_io/package.xml
[0.193s] -- Up-to-date: /home/fbot/kobuki_base_ros2/install/ecl_io/include/ecl/io.hpp
[0.193s] -- Up-to-date: /home/fbot/kobuki_base_ros2/install/ecl_io/include/ecl/sockets/macros.hpp
[0.193s] -- Up-to-date: /home/fbot/kobuki_base_ros2/install/ecl_io/include/ecl/sockets/poll.hpp
[0.193s] -- Up-to-date: /home/fbot/kobuki_base_ros2/install/ecl_io/include/ecl/sockets/socketpair.hpp
[0.193s] -- Up-to-date: /home/fbot/kobuki_base_ros2/install/ecl_io/include/ecl/sockets/sockets.hpp
[0.193s] -- Up-to-date: /home/fbot/kobuki_base_ros2/install/ecl_io/lib/libecl_io.so.1.2.0
[0.194s] -- Up-to-date: /home/fbot/kobuki_base_ros2/install/ecl_io/lib/libecl_io.so
[0.194s] -- Up-to-date: /home/fbot/kobuki_base_ros2/install/ecl_io/lib/ecl_io/demo_sockets
[0.194s] -- Up-to-date: /home/fbot/kobuki_base_ros2/install/ecl_io/lib/ecl_io/demo_socketpair
[0.194s] -- Up-to-date: /home/fbot/kobuki_base_ros2/install/ecl_io/lib/ecl_io/demo_poll
[0.240s] Invoked command in '/home/fbot/kobuki_base_ros2/build/ecl_io' returned '0': AMENT_PREFIX_PATH=/home/fbot/kobuki_base_ros2/install/ecl_errors:/home/fbot/kobuki_base_ros2/install/ecl_config:${AMENT_PREFIX_PATH} CMAKE_PREFIX_PATH=/home/fbot/kobuki_base_ros2/install/ecl_errors:/home/fbot/kobuki_base_ros2/install/ecl_config:/opt/ros/humble LD_LIBRARY_PATH=/home/fbot/kobuki_base_ros2/install/ecl_errors/lib:${LD_LIBRARY_PATH} PATH=/home/fbot/kobuki_base_ros2/install/ecl_config/bin:${PATH} /usr/bin/cmake --install /home/fbot/kobuki_base_ros2/build/ecl_io
