[0.023s] Invoking command in '/home/fbot/kobuki_base_ros2/build/kobuki_ros_interfaces': CMAKE_PREFIX_PATH=/opt/ros/humble /usr/bin/cmake --build /home/fbot/kobuki_base_ros2/build/kobuki_ros_interfaces -- -j12 -l12
[0.307s] [35m[1mConsolidate compiler generated dependencies of target kobuki_ros_interfaces__rosidl_generator_c[0m
[0.307s] [  0%] Built target kobuki_ros_interfaces__cpp
[0.307s] [ 12%] Built target kobuki_ros_interfaces__rosidl_generator_c
[0.307s] [35m[1mConsolidate compiler generated dependencies of target kobuki_ros_interfaces__rosidl_typesupport_cpp[0m
[0.307s] [35m[1mConsolidate compiler generated dependencies of target kobuki_ros_interfaces__rosidl_typesupport_introspection_cpp[0m
[0.307s] [ 12%] Built target ament_cmake_python_copy_kobuki_ros_interfaces
[0.307s] [35m[1mConsolidate compiler generated dependencies of target kobuki_ros_interfaces__rosidl_typesupport_fastrtps_cpp[0m
[0.307s] [35m[1mConsolidate compiler generated dependencies of target kobuki_ros_interfaces__rosidl_typesupport_introspection_c[0m
[0.307s] [35m[1mConsolidate compiler generated dependencies of target kobuki_ros_interfaces__rosidl_typesupport_c[0m
[0.307s] [35m[1mConsolidate compiler generated dependencies of target kobuki_ros_interfaces__rosidl_typesupport_fastrtps_c[0m
[0.307s] [ 24%] Built target kobuki_ros_interfaces__rosidl_typesupport_cpp
[0.308s] [ 36%] Built target kobuki_ros_interfaces__rosidl_typesupport_introspection_c
[0.308s] [ 48%] Built target kobuki_ros_interfaces__rosidl_typesupport_c
[0.308s] [ 60%] Built target kobuki_ros_interfaces__rosidl_typesupport_introspection_cpp
[0.308s] [ 72%] Built target kobuki_ros_interfaces__rosidl_typesupport_fastrtps_cpp
[0.308s] [ 84%] Built target kobuki_ros_interfaces__rosidl_typesupport_fastrtps_c
[0.308s] [ 84%] Built target kobuki_ros_interfaces
[0.308s] [ 85%] Built target kobuki_ros_interfaces__py
[0.308s] [35m[1mConsolidate compiler generated dependencies of target kobuki_ros_interfaces__rosidl_generator_py[0m
[0.308s] [ 96%] Built target kobuki_ros_interfaces__rosidl_generator_py
[0.308s] [35m[1mConsolidate compiler generated dependencies of target kobuki_ros_interfaces__rosidl_typesupport_introspection_c__pyext[0m
[0.308s] [35m[1mConsolidate compiler generated dependencies of target kobuki_ros_interfaces__rosidl_typesupport_fastrtps_c__pyext[0m
[0.308s] [35m[1mConsolidate compiler generated dependencies of target kobuki_ros_interfaces__rosidl_typesupport_c__pyext[0m
[0.308s] [100%] Built target kobuki_ros_interfaces__rosidl_typesupport_fastrtps_c__pyext
[0.308s] [100%] Built target kobuki_ros_interfaces__rosidl_typesupport_c__pyext
[0.308s] [100%] Built target kobuki_ros_interfaces__rosidl_typesupport_introspection_c__pyext
[0.334s] running egg_info
[0.334s] writing kobuki_ros_interfaces.egg-info/PKG-INFO
[0.334s] writing dependency_links to kobuki_ros_interfaces.egg-info/dependency_links.txt
[0.334s] writing top-level names to kobuki_ros_interfaces.egg-info/top_level.txt
[0.335s] reading manifest file 'kobuki_ros_interfaces.egg-info/SOURCES.txt'
[0.336s] writing manifest file 'kobuki_ros_interfaces.egg-info/SOURCES.txt'
[0.358s] [100%] Built target ament_cmake_python_build_kobuki_ros_interfaces_egg
[0.413s] Invoked command in '/home/fbot/kobuki_base_ros2/build/kobuki_ros_interfaces' returned '0': CMAKE_PREFIX_PATH=/opt/ros/humble /usr/bin/cmake --build /home/fbot/kobuki_base_ros2/build/kobuki_ros_interfaces -- -j12 -l12
[0.415s] Invoking command in '/home/fbot/kobuki_base_ros2/build/kobuki_ros_interfaces': CMAKE_PREFIX_PATH=/opt/ros/humble /usr/bin/cmake --install /home/fbot/kobuki_base_ros2/build/kobuki_ros_interfaces
[0.421s] -- Install configuration: ""
[0.421s] -- Up-to-date: /home/fbot/kobuki_base_ros2/install/kobuki_ros_interfaces/share/ament_index/resource_index/rosidl_interfaces/kobuki_ros_interfaces
[0.421s] -- Up-to-date: /home/fbot/kobuki_base_ros2/install/kobuki_ros_interfaces/include/kobuki_ros_interfaces/kobuki_ros_interfaces
[0.422s] -- Up-to-date: /home/fbot/kobuki_base_ros2/install/kobuki_ros_interfaces/include/kobuki_ros_interfaces/kobuki_ros_interfaces/action
[0.422s] -- Up-to-date: /home/fbot/kobuki_base_ros2/install/kobuki_ros_interfaces/include/kobuki_ros_interfaces/kobuki_ros_interfaces/action/auto_docking.h
[0.422s] -- Up-to-date: /home/fbot/kobuki_base_ros2/install/kobuki_ros_interfaces/include/kobuki_ros_interfaces/kobuki_ros_interfaces/action/detail
[0.422s] -- Up-to-date: /home/fbot/kobuki_base_ros2/install/kobuki_ros_interfaces/include/kobuki_ros_interfaces/kobuki_ros_interfaces/action/detail/auto_docking__functions.h
[0.422s] -- Up-to-date: /home/fbot/kobuki_base_ros2/install/kobuki_ros_interfaces/include/kobuki_ros_interfaces/kobuki_ros_interfaces/action/detail/auto_docking__struct.h
[0.422s] -- Up-to-date: /home/fbot/kobuki_base_ros2/install/kobuki_ros_interfaces/include/kobuki_ros_interfaces/kobuki_ros_interfaces/action/detail/auto_docking__type_support.h
[0.422s] -- Up-to-date: /home/fbot/kobuki_base_ros2/install/kobuki_ros_interfaces/include/kobuki_ros_interfaces/kobuki_ros_interfaces/action/detail/auto_docking__functions.c
[0.422s] -- Up-to-date: /home/fbot/kobuki_base_ros2/install/kobuki_ros_interfaces/include/kobuki_ros_interfaces/kobuki_ros_interfaces/msg
[0.422s] -- Up-to-date: /home/fbot/kobuki_base_ros2/install/kobuki_ros_interfaces/include/kobuki_ros_interfaces/kobuki_ros_interfaces/msg/led.h
[0.422s] -- Up-to-date: /home/fbot/kobuki_base_ros2/install/kobuki_ros_interfaces/include/kobuki_ros_interfaces/kobuki_ros_interfaces/msg/keyboard_input.h
[0.422s] -- Up-to-date: /home/fbot/kobuki_base_ros2/install/kobuki_ros_interfaces/include/kobuki_ros_interfaces/kobuki_ros_interfaces/msg/version_info.h
[0.422s] -- Up-to-date: /home/fbot/kobuki_base_ros2/install/kobuki_ros_interfaces/include/kobuki_ros_interfaces/kobuki_ros_interfaces/msg/sensor_state.h
[0.422s] -- Up-to-date: /home/fbot/kobuki_base_ros2/install/kobuki_ros_interfaces/include/kobuki_ros_interfaces/kobuki_ros_interfaces/msg/scan_angle.h
[0.422s] -- Up-to-date: /home/fbot/kobuki_base_ros2/install/kobuki_ros_interfaces/include/kobuki_ros_interfaces/kobuki_ros_interfaces/msg/power_system_event.h
[0.423s] -- Up-to-date: /home/fbot/kobuki_base_ros2/install/kobuki_ros_interfaces/include/kobuki_ros_interfaces/kobuki_ros_interfaces/msg/button_event.h
[0.423s] -- Up-to-date: /home/fbot/kobuki_base_ros2/install/kobuki_ros_interfaces/include/kobuki_ros_interfaces/kobuki_ros_interfaces/msg/wheel_drop_event.h
[0.423s] -- Up-to-date: /home/fbot/kobuki_base_ros2/install/kobuki_ros_interfaces/include/kobuki_ros_interfaces/kobuki_ros_interfaces/msg/dock_infra_red.h
[0.423s] -- Up-to-date: /home/fbot/kobuki_base_ros2/install/kobuki_ros_interfaces/include/kobuki_ros_interfaces/kobuki_ros_interfaces/msg/bumper_event.h
[0.423s] -- Up-to-date: /home/fbot/kobuki_base_ros2/install/kobuki_ros_interfaces/include/kobuki_ros_interfaces/kobuki_ros_interfaces/msg/detail
[0.423s] -- Up-to-date: /home/fbot/kobuki_base_ros2/install/kobuki_ros_interfaces/include/kobuki_ros_interfaces/kobuki_ros_interfaces/msg/detail/dock_infra_red__functions.h
[0.423s] -- Up-to-date: /home/fbot/kobuki_base_ros2/install/kobuki_ros_interfaces/include/kobuki_ros_interfaces/kobuki_ros_interfaces/msg/detail/wheel_drop_event__functions.c
[0.423s] -- Up-to-date: /home/fbot/kobuki_base_ros2/install/kobuki_ros_interfaces/include/kobuki_ros_interfaces/kobuki_ros_interfaces/msg/detail/keyboard_input__struct.h
[0.423s] -- Up-to-date: /home/fbot/kobuki_base_ros2/install/kobuki_ros_interfaces/include/kobuki_ros_interfaces/kobuki_ros_interfaces/msg/detail/external_power__functions.h
[0.423s] -- Up-to-date: /home/fbot/kobuki_base_ros2/install/kobuki_ros_interfaces/include/kobuki_ros_interfaces/kobuki_ros_interfaces/msg/detail/cliff_event__functions.c
[0.423s] -- Up-to-date: /home/fbot/kobuki_base_ros2/install/kobuki_ros_interfaces/include/kobuki_ros_interfaces/kobuki_ros_interfaces/msg/detail/power_system_event__functions.c
[0.423s] -- Up-to-date: /home/fbot/kobuki_base_ros2/install/kobuki_ros_interfaces/include/kobuki_ros_interfaces/kobuki_ros_interfaces/msg/detail/sound__functions.h
[0.423s] -- Up-to-date: /home/fbot/kobuki_base_ros2/install/kobuki_ros_interfaces/include/kobuki_ros_interfaces/kobuki_ros_interfaces/msg/detail/sensor_state__functions.h
[0.423s] -- Up-to-date: /home/fbot/kobuki_base_ros2/install/kobuki_ros_interfaces/include/kobuki_ros_interfaces/kobuki_ros_interfaces/msg/detail/digital_input_event__type_support.h
[0.423s] -- Up-to-date: /home/fbot/kobuki_base_ros2/install/kobuki_ros_interfaces/include/kobuki_ros_interfaces/kobuki_ros_interfaces/msg/detail/button_event__struct.h
[0.423s] -- Up-to-date: /home/fbot/kobuki_base_ros2/install/kobuki_ros_interfaces/include/kobuki_ros_interfaces/kobuki_ros_interfaces/msg/detail/version_info__struct.h
[0.424s] -- Up-to-date: /home/fbot/kobuki_base_ros2/install/kobuki_ros_interfaces/include/kobuki_ros_interfaces/kobuki_ros_interfaces/msg/detail/button_event__functions.h
[0.424s] -- Up-to-date: /home/fbot/kobuki_base_ros2/install/kobuki_ros_interfaces/include/kobuki_ros_interfaces/kobuki_ros_interfaces/msg/detail/robot_state_event__type_support.h
[0.424s] -- Up-to-date: /home/fbot/kobuki_base_ros2/install/kobuki_ros_interfaces/include/kobuki_ros_interfaces/kobuki_ros_interfaces/msg/detail/bumper_event__type_support.h
[0.424s] -- Up-to-date: /home/fbot/kobuki_base_ros2/install/kobuki_ros_interfaces/include/kobuki_ros_interfaces/kobuki_ros_interfaces/msg/detail/digital_input_event__functions.h
[0.424s] -- Up-to-date: /home/fbot/kobuki_base_ros2/install/kobuki_ros_interfaces/include/kobuki_ros_interfaces/kobuki_ros_interfaces/msg/detail/button_event__type_support.h
[0.424s] -- Up-to-date: /home/fbot/kobuki_base_ros2/install/kobuki_ros_interfaces/include/kobuki_ros_interfaces/kobuki_ros_interfaces/msg/detail/controller_info__functions.c
[0.424s] -- Up-to-date: /home/fbot/kobuki_base_ros2/install/kobuki_ros_interfaces/include/kobuki_ros_interfaces/kobuki_ros_interfaces/msg/detail/sound__type_support.h
[0.425s] -- Up-to-date: /home/fbot/kobuki_base_ros2/install/kobuki_ros_interfaces/include/kobuki_ros_interfaces/kobuki_ros_interfaces/msg/detail/led__type_support.h
[0.425s] -- Up-to-date: /home/fbot/kobuki_base_ros2/install/kobuki_ros_interfaces/include/kobuki_ros_interfaces/kobuki_ros_interfaces/msg/detail/digital_output__type_support.h
[0.425s] -- Up-to-date: /home/fbot/kobuki_base_ros2/install/kobuki_ros_interfaces/include/kobuki_ros_interfaces/kobuki_ros_interfaces/msg/detail/power_system_event__type_support.h
[0.425s] -- Up-to-date: /home/fbot/kobuki_base_ros2/install/kobuki_ros_interfaces/include/kobuki_ros_interfaces/kobuki_ros_interfaces/msg/detail/motor_power__functions.c
[0.425s] -- Up-to-date: /home/fbot/kobuki_base_ros2/install/kobuki_ros_interfaces/include/kobuki_ros_interfaces/kobuki_ros_interfaces/msg/detail/button_event__functions.c
[0.425s] -- Up-to-date: /home/fbot/kobuki_base_ros2/install/kobuki_ros_interfaces/include/kobuki_ros_interfaces/kobuki_ros_interfaces/msg/detail/digital_output__struct.h
[0.425s] -- Up-to-date: /home/fbot/kobuki_base_ros2/install/kobuki_ros_interfaces/include/kobuki_ros_interfaces/kobuki_ros_interfaces/msg/detail/external_power__functions.c
[0.425s] -- Up-to-date: /home/fbot/kobuki_base_ros2/install/kobuki_ros_interfaces/include/kobuki_ros_interfaces/kobuki_ros_interfaces/msg/detail/sensor_state__type_support.h
[0.425s] -- Up-to-date: /home/fbot/kobuki_base_ros2/install/kobuki_ros_interfaces/include/kobuki_ros_interfaces/kobuki_ros_interfaces/msg/detail/bumper_event__functions.c
[0.425s] -- Up-to-date: /home/fbot/kobuki_base_ros2/install/kobuki_ros_interfaces/include/kobuki_ros_interfaces/kobuki_ros_interfaces/msg/detail/bumper_event__functions.h
[0.425s] -- Up-to-date: /home/fbot/kobuki_base_ros2/install/kobuki_ros_interfaces/include/kobuki_ros_interfaces/kobuki_ros_interfaces/msg/detail/dock_infra_red__struct.h
[0.425s] -- Up-to-date: /home/fbot/kobuki_base_ros2/install/kobuki_ros_interfaces/include/kobuki_ros_interfaces/kobuki_ros_interfaces/msg/detail/keyboard_input__functions.c
[0.425s] -- Up-to-date: /home/fbot/kobuki_base_ros2/install/kobuki_ros_interfaces/include/kobuki_ros_interfaces/kobuki_ros_interfaces/msg/detail/scan_angle__struct.h
[0.426s] -- Up-to-date: /home/fbot/kobuki_base_ros2/install/kobuki_ros_interfaces/include/kobuki_ros_interfaces/kobuki_ros_interfaces/msg/detail/robot_state_event__functions.c
[0.426s] -- Up-to-date: /home/fbot/kobuki_base_ros2/install/kobuki_ros_interfaces/include/kobuki_ros_interfaces/kobuki_ros_interfaces/msg/detail/cliff_event__struct.h
[0.426s] -- Up-to-date: /home/fbot/kobuki_base_ros2/install/kobuki_ros_interfaces/include/kobuki_ros_interfaces/kobuki_ros_interfaces/msg/detail/robot_state_event__struct.h
[0.426s] -- Up-to-date: /home/fbot/kobuki_base_ros2/install/kobuki_ros_interfaces/include/kobuki_ros_interfaces/kobuki_ros_interfaces/msg/detail/controller_info__type_support.h
[0.426s] -- Up-to-date: /home/fbot/kobuki_base_ros2/install/kobuki_ros_interfaces/include/kobuki_ros_interfaces/kobuki_ros_interfaces/msg/detail/scan_angle__type_support.h
[0.426s] -- Up-to-date: /home/fbot/kobuki_base_ros2/install/kobuki_ros_interfaces/include/kobuki_ros_interfaces/kobuki_ros_interfaces/msg/detail/bumper_event__struct.h
[0.426s] -- Up-to-date: /home/fbot/kobuki_base_ros2/install/kobuki_ros_interfaces/include/kobuki_ros_interfaces/kobuki_ros_interfaces/msg/detail/motor_power__struct.h
[0.426s] -- Up-to-date: /home/fbot/kobuki_base_ros2/install/kobuki_ros_interfaces/include/kobuki_ros_interfaces/kobuki_ros_interfaces/msg/detail/wheel_drop_event__type_support.h
[0.426s] -- Up-to-date: /home/fbot/kobuki_base_ros2/install/kobuki_ros_interfaces/include/kobuki_ros_interfaces/kobuki_ros_interfaces/msg/detail/keyboard_input__type_support.h
[0.426s] -- Up-to-date: /home/fbot/kobuki_base_ros2/install/kobuki_ros_interfaces/include/kobuki_ros_interfaces/kobuki_ros_interfaces/msg/detail/power_system_event__functions.h
[0.426s] -- Up-to-date: /home/fbot/kobuki_base_ros2/install/kobuki_ros_interfaces/include/kobuki_ros_interfaces/kobuki_ros_interfaces/msg/detail/cliff_event__functions.h
[0.426s] -- Up-to-date: /home/fbot/kobuki_base_ros2/install/kobuki_ros_interfaces/include/kobuki_ros_interfaces/kobuki_ros_interfaces/msg/detail/external_power__type_support.h
[0.426s] -- Up-to-date: /home/fbot/kobuki_base_ros2/install/kobuki_ros_interfaces/include/kobuki_ros_interfaces/kobuki_ros_interfaces/msg/detail/led__functions.c
[0.427s] -- Up-to-date: /home/fbot/kobuki_base_ros2/install/kobuki_ros_interfaces/include/kobuki_ros_interfaces/kobuki_ros_interfaces/msg/detail/external_power__struct.h
[0.427s] -- Up-to-date: /home/fbot/kobuki_base_ros2/install/kobuki_ros_interfaces/include/kobuki_ros_interfaces/kobuki_ros_interfaces/msg/detail/keyboard_input__functions.h
[0.427s] -- Up-to-date: /home/fbot/kobuki_base_ros2/install/kobuki_ros_interfaces/include/kobuki_ros_interfaces/kobuki_ros_interfaces/msg/detail/digital_output__functions.c
[0.427s] -- Up-to-date: /home/fbot/kobuki_base_ros2/install/kobuki_ros_interfaces/include/kobuki_ros_interfaces/kobuki_ros_interfaces/msg/detail/version_info__type_support.h
[0.427s] -- Up-to-date: /home/fbot/kobuki_base_ros2/install/kobuki_ros_interfaces/include/kobuki_ros_interfaces/kobuki_ros_interfaces/msg/detail/wheel_drop_event__functions.h
[0.427s] -- Up-to-date: /home/fbot/kobuki_base_ros2/install/kobuki_ros_interfaces/include/kobuki_ros_interfaces/kobuki_ros_interfaces/msg/detail/sensor_state__functions.c
[0.427s] -- Up-to-date: /home/fbot/kobuki_base_ros2/install/kobuki_ros_interfaces/include/kobuki_ros_interfaces/kobuki_ros_interfaces/msg/detail/version_info__functions.c
[0.427s] -- Up-to-date: /home/fbot/kobuki_base_ros2/install/kobuki_ros_interfaces/include/kobuki_ros_interfaces/kobuki_ros_interfaces/msg/detail/wheel_drop_event__struct.h
[0.427s] -- Up-to-date: /home/fbot/kobuki_base_ros2/install/kobuki_ros_interfaces/include/kobuki_ros_interfaces/kobuki_ros_interfaces/msg/detail/scan_angle__functions.c
[0.427s] -- Up-to-date: /home/fbot/kobuki_base_ros2/install/kobuki_ros_interfaces/include/kobuki_ros_interfaces/kobuki_ros_interfaces/msg/detail/digital_input_event__functions.c
[0.427s] -- Up-to-date: /home/fbot/kobuki_base_ros2/install/kobuki_ros_interfaces/include/kobuki_ros_interfaces/kobuki_ros_interfaces/msg/detail/led__functions.h
[0.427s] -- Up-to-date: /home/fbot/kobuki_base_ros2/install/kobuki_ros_interfaces/include/kobuki_ros_interfaces/kobuki_ros_interfaces/msg/detail/power_system_event__struct.h
[0.427s] -- Up-to-date: /home/fbot/kobuki_base_ros2/install/kobuki_ros_interfaces/include/kobuki_ros_interfaces/kobuki_ros_interfaces/msg/detail/digital_input_event__struct.h
[0.427s] -- Up-to-date: /home/fbot/kobuki_base_ros2/install/kobuki_ros_interfaces/include/kobuki_ros_interfaces/kobuki_ros_interfaces/msg/detail/dock_infra_red__type_support.h
[0.427s] -- Up-to-date: /home/fbot/kobuki_base_ros2/install/kobuki_ros_interfaces/include/kobuki_ros_interfaces/kobuki_ros_interfaces/msg/detail/motor_power__type_support.h
[0.427s] -- Up-to-date: /home/fbot/kobuki_base_ros2/install/kobuki_ros_interfaces/include/kobuki_ros_interfaces/kobuki_ros_interfaces/msg/detail/sensor_state__struct.h
[0.428s] -- Up-to-date: /home/fbot/kobuki_base_ros2/install/kobuki_ros_interfaces/include/kobuki_ros_interfaces/kobuki_ros_interfaces/msg/detail/led__struct.h
[0.428s] -- Up-to-date: /home/fbot/kobuki_base_ros2/install/kobuki_ros_interfaces/include/kobuki_ros_interfaces/kobuki_ros_interfaces/msg/detail/sound__functions.c
[0.428s] -- Up-to-date: /home/fbot/kobuki_base_ros2/install/kobuki_ros_interfaces/include/kobuki_ros_interfaces/kobuki_ros_interfaces/msg/detail/scan_angle__functions.h
[0.428s] -- Up-to-date: /home/fbot/kobuki_base_ros2/install/kobuki_ros_interfaces/include/kobuki_ros_interfaces/kobuki_ros_interfaces/msg/detail/version_info__functions.h
[0.428s] -- Up-to-date: /home/fbot/kobuki_base_ros2/install/kobuki_ros_interfaces/include/kobuki_ros_interfaces/kobuki_ros_interfaces/msg/detail/dock_infra_red__functions.c
[0.428s] -- Up-to-date: /home/fbot/kobuki_base_ros2/install/kobuki_ros_interfaces/include/kobuki_ros_interfaces/kobuki_ros_interfaces/msg/detail/controller_info__struct.h
[0.428s] -- Up-to-date: /home/fbot/kobuki_base_ros2/install/kobuki_ros_interfaces/include/kobuki_ros_interfaces/kobuki_ros_interfaces/msg/detail/motor_power__functions.h
[0.428s] -- Up-to-date: /home/fbot/kobuki_base_ros2/install/kobuki_ros_interfaces/include/kobuki_ros_interfaces/kobuki_ros_interfaces/msg/detail/sound__struct.h
[0.428s] -- Up-to-date: /home/fbot/kobuki_base_ros2/install/kobuki_ros_interfaces/include/kobuki_ros_interfaces/kobuki_ros_interfaces/msg/detail/digital_output__functions.h
[0.428s] -- Up-to-date: /home/fbot/kobuki_base_ros2/install/kobuki_ros_interfaces/include/kobuki_ros_interfaces/kobuki_ros_interfaces/msg/detail/cliff_event__type_support.h
[0.428s] -- Up-to-date: /home/fbot/kobuki_base_ros2/install/kobuki_ros_interfaces/include/kobuki_ros_interfaces/kobuki_ros_interfaces/msg/detail/robot_state_event__functions.h
[0.428s] -- Up-to-date: /home/fbot/kobuki_base_ros2/install/kobuki_ros_interfaces/include/kobuki_ros_interfaces/kobuki_ros_interfaces/msg/detail/controller_info__functions.h
[0.428s] -- Up-to-date: /home/fbot/kobuki_base_ros2/install/kobuki_ros_interfaces/include/kobuki_ros_interfaces/kobuki_ros_interfaces/msg/robot_state_event.h
[0.428s] -- Up-to-date: /home/fbot/kobuki_base_ros2/install/kobuki_ros_interfaces/include/kobuki_ros_interfaces/kobuki_ros_interfaces/msg/motor_power.h
[0.428s] -- Up-to-date: /home/fbot/kobuki_base_ros2/install/kobuki_ros_interfaces/include/kobuki_ros_interfaces/kobuki_ros_interfaces/msg/digital_input_event.h
[0.428s] -- Up-to-date: /home/fbot/kobuki_base_ros2/install/kobuki_ros_interfaces/include/kobuki_ros_interfaces/kobuki_ros_interfaces/msg/controller_info.h
[0.428s] -- Up-to-date: /home/fbot/kobuki_base_ros2/install/kobuki_ros_interfaces/include/kobuki_ros_interfaces/kobuki_ros_interfaces/msg/sound.h
[0.428s] -- Up-to-date: /home/fbot/kobuki_base_ros2/install/kobuki_ros_interfaces/include/kobuki_ros_interfaces/kobuki_ros_interfaces/msg/external_power.h
[0.429s] -- Up-to-date: /home/fbot/kobuki_base_ros2/install/kobuki_ros_interfaces/include/kobuki_ros_interfaces/kobuki_ros_interfaces/msg/rosidl_generator_c__visibility_control.h
[0.429s] -- Up-to-date: /home/fbot/kobuki_base_ros2/install/kobuki_ros_interfaces/include/kobuki_ros_interfaces/kobuki_ros_interfaces/msg/cliff_event.h
[0.429s] -- Up-to-date: /home/fbot/kobuki_base_ros2/install/kobuki_ros_interfaces/include/kobuki_ros_interfaces/kobuki_ros_interfaces/msg/digital_output.h
[0.429s] -- Up-to-date: /home/fbot/kobuki_base_ros2/install/kobuki_ros_interfaces/share/kobuki_ros_interfaces/environment/library_path.sh
[0.429s] -- Up-to-date: /home/fbot/kobuki_base_ros2/install/kobuki_ros_interfaces/share/kobuki_ros_interfaces/environment/library_path.dsv
[0.429s] -- Up-to-date: /home/fbot/kobuki_base_ros2/install/kobuki_ros_interfaces/lib/libkobuki_ros_interfaces__rosidl_generator_c.so
[0.429s] -- Up-to-date: /home/fbot/kobuki_base_ros2/install/kobuki_ros_interfaces/include/kobuki_ros_interfaces/kobuki_ros_interfaces
[0.429s] -- Up-to-date: /home/fbot/kobuki_base_ros2/install/kobuki_ros_interfaces/include/kobuki_ros_interfaces/kobuki_ros_interfaces/action
[0.429s] -- Up-to-date: /home/fbot/kobuki_base_ros2/install/kobuki_ros_interfaces/include/kobuki_ros_interfaces/kobuki_ros_interfaces/action/detail
[0.429s] -- Up-to-date: /home/fbot/kobuki_base_ros2/install/kobuki_ros_interfaces/include/kobuki_ros_interfaces/kobuki_ros_interfaces/action/detail/auto_docking__rosidl_typesupport_fastrtps_c.h
[0.429s] -- Up-to-date: /home/fbot/kobuki_base_ros2/install/kobuki_ros_interfaces/include/kobuki_ros_interfaces/kobuki_ros_interfaces/msg
[0.429s] -- Up-to-date: /home/fbot/kobuki_base_ros2/install/kobuki_ros_interfaces/include/kobuki_ros_interfaces/kobuki_ros_interfaces/msg/rosidl_typesupport_fastrtps_c__visibility_control.h
[0.429s] -- Up-to-date: /home/fbot/kobuki_base_ros2/install/kobuki_ros_interfaces/include/kobuki_ros_interfaces/kobuki_ros_interfaces/msg/detail
[0.429s] -- Up-to-date: /home/fbot/kobuki_base_ros2/install/kobuki_ros_interfaces/include/kobuki_ros_interfaces/kobuki_ros_interfaces/msg/detail/dock_infra_red__rosidl_typesupport_fastrtps_c.h
[0.430s] -- Up-to-date: /home/fbot/kobuki_base_ros2/install/kobuki_ros_interfaces/include/kobuki_ros_interfaces/kobuki_ros_interfaces/msg/detail/led__rosidl_typesupport_fastrtps_c.h
[0.430s] -- Up-to-date: /home/fbot/kobuki_base_ros2/install/kobuki_ros_interfaces/include/kobuki_ros_interfaces/kobuki_ros_interfaces/msg/detail/cliff_event__rosidl_typesupport_fastrtps_c.h
[0.430s] -- Up-to-date: /home/fbot/kobuki_base_ros2/install/kobuki_ros_interfaces/include/kobuki_ros_interfaces/kobuki_ros_interfaces/msg/detail/sensor_state__rosidl_typesupport_fastrtps_c.h
[0.430s] -- Up-to-date: /home/fbot/kobuki_base_ros2/install/kobuki_ros_interfaces/include/kobuki_ros_interfaces/kobuki_ros_interfaces/msg/detail/digital_output__rosidl_typesupport_fastrtps_c.h
[0.430s] -- Up-to-date: /home/fbot/kobuki_base_ros2/install/kobuki_ros_interfaces/include/kobuki_ros_interfaces/kobuki_ros_interfaces/msg/detail/controller_info__rosidl_typesupport_fastrtps_c.h
[0.430s] -- Up-to-date: /home/fbot/kobuki_base_ros2/install/kobuki_ros_interfaces/include/kobuki_ros_interfaces/kobuki_ros_interfaces/msg/detail/scan_angle__rosidl_typesupport_fastrtps_c.h
[0.430s] -- Up-to-date: /home/fbot/kobuki_base_ros2/install/kobuki_ros_interfaces/include/kobuki_ros_interfaces/kobuki_ros_interfaces/msg/detail/power_system_event__rosidl_typesupport_fastrtps_c.h
[0.430s] -- Up-to-date: /home/fbot/kobuki_base_ros2/install/kobuki_ros_interfaces/include/kobuki_ros_interfaces/kobuki_ros_interfaces/msg/detail/external_power__rosidl_typesupport_fastrtps_c.h
[0.430s] -- Up-to-date: /home/fbot/kobuki_base_ros2/install/kobuki_ros_interfaces/include/kobuki_ros_interfaces/kobuki_ros_interfaces/msg/detail/robot_state_event__rosidl_typesupport_fastrtps_c.h
[0.430s] -- Up-to-date: /home/fbot/kobuki_base_ros2/install/kobuki_ros_interfaces/include/kobuki_ros_interfaces/kobuki_ros_interfaces/msg/detail/version_info__rosidl_typesupport_fastrtps_c.h
[0.430s] -- Up-to-date: /home/fbot/kobuki_base_ros2/install/kobuki_ros_interfaces/include/kobuki_ros_interfaces/kobuki_ros_interfaces/msg/detail/keyboard_input__rosidl_typesupport_fastrtps_c.h
[0.430s] -- Up-to-date: /home/fbot/kobuki_base_ros2/install/kobuki_ros_interfaces/include/kobuki_ros_interfaces/kobuki_ros_interfaces/msg/detail/bumper_event__rosidl_typesupport_fastrtps_c.h
[0.430s] -- Up-to-date: /home/fbot/kobuki_base_ros2/install/kobuki_ros_interfaces/include/kobuki_ros_interfaces/kobuki_ros_interfaces/msg/detail/button_event__rosidl_typesupport_fastrtps_c.h
[0.430s] -- Up-to-date: /home/fbot/kobuki_base_ros2/install/kobuki_ros_interfaces/include/kobuki_ros_interfaces/kobuki_ros_interfaces/msg/detail/wheel_drop_event__rosidl_typesupport_fastrtps_c.h
[0.431s] -- Up-to-date: /home/fbot/kobuki_base_ros2/install/kobuki_ros_interfaces/include/kobuki_ros_interfaces/kobuki_ros_interfaces/msg/detail/digital_input_event__rosidl_typesupport_fastrtps_c.h
[0.431s] -- Up-to-date: /home/fbot/kobuki_base_ros2/install/kobuki_ros_interfaces/include/kobuki_ros_interfaces/kobuki_ros_interfaces/msg/detail/motor_power__rosidl_typesupport_fastrtps_c.h
[0.431s] -- Up-to-date: /home/fbot/kobuki_base_ros2/install/kobuki_ros_interfaces/include/kobuki_ros_interfaces/kobuki_ros_interfaces/msg/detail/sound__rosidl_typesupport_fastrtps_c.h
[0.431s] -- Up-to-date: /home/fbot/kobuki_base_ros2/install/kobuki_ros_interfaces/lib/libkobuki_ros_interfaces__rosidl_typesupport_fastrtps_c.so
[0.431s] -- Up-to-date: /home/fbot/kobuki_base_ros2/install/kobuki_ros_interfaces/include/kobuki_ros_interfaces/kobuki_ros_interfaces
[0.431s] -- Up-to-date: /home/fbot/kobuki_base_ros2/install/kobuki_ros_interfaces/include/kobuki_ros_interfaces/kobuki_ros_interfaces/action
[0.431s] -- Up-to-date: /home/fbot/kobuki_base_ros2/install/kobuki_ros_interfaces/include/kobuki_ros_interfaces/kobuki_ros_interfaces/action/detail
[0.431s] -- Up-to-date: /home/fbot/kobuki_base_ros2/install/kobuki_ros_interfaces/include/kobuki_ros_interfaces/kobuki_ros_interfaces/action/detail/auto_docking__builder.hpp
[0.431s] -- Up-to-date: /home/fbot/kobuki_base_ros2/install/kobuki_ros_interfaces/include/kobuki_ros_interfaces/kobuki_ros_interfaces/action/detail/auto_docking__traits.hpp
[0.432s] -- Up-to-date: /home/fbot/kobuki_base_ros2/install/kobuki_ros_interfaces/include/kobuki_ros_interfaces/kobuki_ros_interfaces/action/detail/auto_docking__struct.hpp
[0.432s] -- Up-to-date: /home/fbot/kobuki_base_ros2/install/kobuki_ros_interfaces/include/kobuki_ros_interfaces/kobuki_ros_interfaces/action/detail/auto_docking__type_support.hpp
[0.432s] -- Up-to-date: /home/fbot/kobuki_base_ros2/install/kobuki_ros_interfaces/include/kobuki_ros_interfaces/kobuki_ros_interfaces/action/auto_docking.hpp
[0.432s] -- Up-to-date: /home/fbot/kobuki_base_ros2/install/kobuki_ros_interfaces/include/kobuki_ros_interfaces/kobuki_ros_interfaces/msg
[0.432s] -- Up-to-date: /home/fbot/kobuki_base_ros2/install/kobuki_ros_interfaces/include/kobuki_ros_interfaces/kobuki_ros_interfaces/msg/version_info.hpp
[0.432s] -- Up-to-date: /home/fbot/kobuki_base_ros2/install/kobuki_ros_interfaces/include/kobuki_ros_interfaces/kobuki_ros_interfaces/msg/dock_infra_red.hpp
[0.432s] -- Up-to-date: /home/fbot/kobuki_base_ros2/install/kobuki_ros_interfaces/include/kobuki_ros_interfaces/kobuki_ros_interfaces/msg/digital_input_event.hpp
[0.432s] -- Up-to-date: /home/fbot/kobuki_base_ros2/install/kobuki_ros_interfaces/include/kobuki_ros_interfaces/kobuki_ros_interfaces/msg/bumper_event.hpp
[0.432s] -- Up-to-date: /home/fbot/kobuki_base_ros2/install/kobuki_ros_interfaces/include/kobuki_ros_interfaces/kobuki_ros_interfaces/msg/wheel_drop_event.hpp
[0.432s] -- Up-to-date: /home/fbot/kobuki_base_ros2/install/kobuki_ros_interfaces/include/kobuki_ros_interfaces/kobuki_ros_interfaces/msg/scan_angle.hpp
[0.432s] -- Up-to-date: /home/fbot/kobuki_base_ros2/install/kobuki_ros_interfaces/include/kobuki_ros_interfaces/kobuki_ros_interfaces/msg/led.hpp
[0.432s] -- Up-to-date: /home/fbot/kobuki_base_ros2/install/kobuki_ros_interfaces/include/kobuki_ros_interfaces/kobuki_ros_interfaces/msg/rosidl_generator_cpp__visibility_control.hpp
[0.432s] -- Up-to-date: /home/fbot/kobuki_base_ros2/install/kobuki_ros_interfaces/include/kobuki_ros_interfaces/kobuki_ros_interfaces/msg/detail
[0.433s] -- Up-to-date: /home/fbot/kobuki_base_ros2/install/kobuki_ros_interfaces/include/kobuki_ros_interfaces/kobuki_ros_interfaces/msg/detail/robot_state_event__builder.hpp
[0.433s] -- Up-to-date: /home/fbot/kobuki_base_ros2/install/kobuki_ros_interfaces/include/kobuki_ros_interfaces/kobuki_ros_interfaces/msg/detail/bumper_event__type_support.hpp
[0.433s] -- Up-to-date: /home/fbot/kobuki_base_ros2/install/kobuki_ros_interfaces/include/kobuki_ros_interfaces/kobuki_ros_interfaces/msg/detail/sound__builder.hpp
[0.433s] -- Up-to-date: /home/fbot/kobuki_base_ros2/install/kobuki_ros_interfaces/include/kobuki_ros_interfaces/kobuki_ros_interfaces/msg/detail/controller_info__traits.hpp
[0.433s] -- Up-to-date: /home/fbot/kobuki_base_ros2/install/kobuki_ros_interfaces/include/kobuki_ros_interfaces/kobuki_ros_interfaces/msg/detail/motor_power__type_support.hpp
[0.433s] -- Up-to-date: /home/fbot/kobuki_base_ros2/install/kobuki_ros_interfaces/include/kobuki_ros_interfaces/kobuki_ros_interfaces/msg/detail/digital_output__builder.hpp
[0.433s] -- Up-to-date: /home/fbot/kobuki_base_ros2/install/kobuki_ros_interfaces/include/kobuki_ros_interfaces/kobuki_ros_interfaces/msg/detail/sound__type_support.hpp
[0.433s] -- Up-to-date: /home/fbot/kobuki_base_ros2/install/kobuki_ros_interfaces/include/kobuki_ros_interfaces/kobuki_ros_interfaces/msg/detail/keyboard_input__struct.hpp
[0.433s] -- Up-to-date: /home/fbot/kobuki_base_ros2/install/kobuki_ros_interfaces/include/kobuki_ros_interfaces/kobuki_ros_interfaces/msg/detail/version_info__struct.hpp
[0.433s] -- Up-to-date: /home/fbot/kobuki_base_ros2/install/kobuki_ros_interfaces/include/kobuki_ros_interfaces/kobuki_ros_interfaces/msg/detail/button_event__type_support.hpp
[0.433s] -- Up-to-date: /home/fbot/kobuki_base_ros2/install/kobuki_ros_interfaces/include/kobuki_ros_interfaces/kobuki_ros_interfaces/msg/detail/cliff_event__builder.hpp
[0.433s] -- Up-to-date: /home/fbot/kobuki_base_ros2/install/kobuki_ros_interfaces/include/kobuki_ros_interfaces/kobuki_ros_interfaces/msg/detail/sound__traits.hpp
[0.433s] -- Up-to-date: /home/fbot/kobuki_base_ros2/install/kobuki_ros_interfaces/include/kobuki_ros_interfaces/kobuki_ros_interfaces/msg/detail/led__traits.hpp
[0.433s] -- Up-to-date: /home/fbot/kobuki_base_ros2/install/kobuki_ros_interfaces/include/kobuki_ros_interfaces/kobuki_ros_interfaces/msg/detail/wheel_drop_event__type_support.hpp
[0.433s] -- Up-to-date: /home/fbot/kobuki_base_ros2/install/kobuki_ros_interfaces/include/kobuki_ros_interfaces/kobuki_ros_interfaces/msg/detail/scan_angle__builder.hpp
[0.434s] -- Up-to-date: /home/fbot/kobuki_base_ros2/install/kobuki_ros_interfaces/include/kobuki_ros_interfaces/kobuki_ros_interfaces/msg/detail/power_system_event__type_support.hpp
[0.434s] -- Up-to-date: /home/fbot/kobuki_base_ros2/install/kobuki_ros_interfaces/include/kobuki_ros_interfaces/kobuki_ros_interfaces/msg/detail/dock_infra_red__type_support.hpp
[0.434s] -- Up-to-date: /home/fbot/kobuki_base_ros2/install/kobuki_ros_interfaces/include/kobuki_ros_interfaces/kobuki_ros_interfaces/msg/detail/keyboard_input__type_support.hpp
[0.434s] -- Up-to-date: /home/fbot/kobuki_base_ros2/install/kobuki_ros_interfaces/include/kobuki_ros_interfaces/kobuki_ros_interfaces/msg/detail/version_info__traits.hpp
[0.434s] -- Up-to-date: /home/fbot/kobuki_base_ros2/install/kobuki_ros_interfaces/include/kobuki_ros_interfaces/kobuki_ros_interfaces/msg/detail/cliff_event__traits.hpp
[0.434s] -- Up-to-date: /home/fbot/kobuki_base_ros2/install/kobuki_ros_interfaces/include/kobuki_ros_interfaces/kobuki_ros_interfaces/msg/detail/digital_output__type_support.hpp
[0.434s] -- Up-to-date: /home/fbot/kobuki_base_ros2/install/kobuki_ros_interfaces/include/kobuki_ros_interfaces/kobuki_ros_interfaces/msg/detail/sensor_state__traits.hpp
[0.434s] -- Up-to-date: /home/fbot/kobuki_base_ros2/install/kobuki_ros_interfaces/include/kobuki_ros_interfaces/kobuki_ros_interfaces/msg/detail/keyboard_input__traits.hpp
[0.434s] -- Up-to-date: /home/fbot/kobuki_base_ros2/install/kobuki_ros_interfaces/include/kobuki_ros_interfaces/kobuki_ros_interfaces/msg/detail/digital_input_event__traits.hpp
[0.434s] -- Up-to-date: /home/fbot/kobuki_base_ros2/install/kobuki_ros_interfaces/include/kobuki_ros_interfaces/kobuki_ros_interfaces/msg/detail/bumper_event__builder.hpp
[0.434s] -- Up-to-date: /home/fbot/kobuki_base_ros2/install/kobuki_ros_interfaces/include/kobuki_ros_interfaces/kobuki_ros_interfaces/msg/detail/power_system_event__struct.hpp
[0.434s] -- Up-to-date: /home/fbot/kobuki_base_ros2/install/kobuki_ros_interfaces/include/kobuki_ros_interfaces/kobuki_ros_interfaces/msg/detail/button_event__builder.hpp
[0.434s] -- Up-to-date: /home/fbot/kobuki_base_ros2/install/kobuki_ros_interfaces/include/kobuki_ros_interfaces/kobuki_ros_interfaces/msg/detail/led__struct.hpp
[0.434s] -- Up-to-date: /home/fbot/kobuki_base_ros2/install/kobuki_ros_interfaces/include/kobuki_ros_interfaces/kobuki_ros_interfaces/msg/detail/robot_state_event__traits.hpp
[0.434s] -- Up-to-date: /home/fbot/kobuki_base_ros2/install/kobuki_ros_interfaces/include/kobuki_ros_interfaces/kobuki_ros_interfaces/msg/detail/power_system_event__builder.hpp
[0.434s] -- Up-to-date: /home/fbot/kobuki_base_ros2/install/kobuki_ros_interfaces/include/kobuki_ros_interfaces/kobuki_ros_interfaces/msg/detail/controller_info__builder.hpp
[0.434s] -- Up-to-date: /home/fbot/kobuki_base_ros2/install/kobuki_ros_interfaces/include/kobuki_ros_interfaces/kobuki_ros_interfaces/msg/detail/wheel_drop_event__struct.hpp
[0.434s] -- Up-to-date: /home/fbot/kobuki_base_ros2/install/kobuki_ros_interfaces/include/kobuki_ros_interfaces/kobuki_ros_interfaces/msg/detail/cliff_event__struct.hpp
[0.435s] -- Up-to-date: /home/fbot/kobuki_base_ros2/install/kobuki_ros_interfaces/include/kobuki_ros_interfaces/kobuki_ros_interfaces/msg/detail/scan_angle__struct.hpp
[0.435s] -- Up-to-date: /home/fbot/kobuki_base_ros2/install/kobuki_ros_interfaces/include/kobuki_ros_interfaces/kobuki_ros_interfaces/msg/detail/dock_infra_red__struct.hpp
[0.435s] -- Up-to-date: /home/fbot/kobuki_base_ros2/install/kobuki_ros_interfaces/include/kobuki_ros_interfaces/kobuki_ros_interfaces/msg/detail/controller_info__type_support.hpp
[0.435s] -- Up-to-date: /home/fbot/kobuki_base_ros2/install/kobuki_ros_interfaces/include/kobuki_ros_interfaces/kobuki_ros_interfaces/msg/detail/bumper_event__struct.hpp
[0.435s] -- Up-to-date: /home/fbot/kobuki_base_ros2/install/kobuki_ros_interfaces/include/kobuki_ros_interfaces/kobuki_ros_interfaces/msg/detail/sensor_state__builder.hpp
[0.435s] -- Up-to-date: /home/fbot/kobuki_base_ros2/install/kobuki_ros_interfaces/include/kobuki_ros_interfaces/kobuki_ros_interfaces/msg/detail/motor_power__builder.hpp
[0.435s] -- Up-to-date: /home/fbot/kobuki_base_ros2/install/kobuki_ros_interfaces/include/kobuki_ros_interfaces/kobuki_ros_interfaces/msg/detail/led__builder.hpp
[0.435s] -- Up-to-date: /home/fbot/kobuki_base_ros2/install/kobuki_ros_interfaces/include/kobuki_ros_interfaces/kobuki_ros_interfaces/msg/detail/digital_output__traits.hpp
[0.435s] -- Up-to-date: /home/fbot/kobuki_base_ros2/install/kobuki_ros_interfaces/include/kobuki_ros_interfaces/kobuki_ros_interfaces/msg/detail/dock_infra_red__builder.hpp
[0.435s] -- Up-to-date: /home/fbot/kobuki_base_ros2/install/kobuki_ros_interfaces/include/kobuki_ros_interfaces/kobuki_ros_interfaces/msg/detail/wheel_drop_event__traits.hpp
[0.435s] -- Up-to-date: /home/fbot/kobuki_base_ros2/install/kobuki_ros_interfaces/include/kobuki_ros_interfaces/kobuki_ros_interfaces/msg/detail/button_event__traits.hpp
[0.435s] -- Up-to-date: /home/fbot/kobuki_base_ros2/install/kobuki_ros_interfaces/include/kobuki_ros_interfaces/kobuki_ros_interfaces/msg/detail/led__type_support.hpp
[0.435s] -- Up-to-date: /home/fbot/kobuki_base_ros2/install/kobuki_ros_interfaces/include/kobuki_ros_interfaces/kobuki_ros_interfaces/msg/detail/external_power__traits.hpp
[0.435s] -- Up-to-date: /home/fbot/kobuki_base_ros2/install/kobuki_ros_interfaces/include/kobuki_ros_interfaces/kobuki_ros_interfaces/msg/detail/motor_power__traits.hpp
[0.435s] -- Up-to-date: /home/fbot/kobuki_base_ros2/install/kobuki_ros_interfaces/include/kobuki_ros_interfaces/kobuki_ros_interfaces/msg/detail/sensor_state__type_support.hpp
[0.436s] -- Up-to-date: /home/fbot/kobuki_base_ros2/install/kobuki_ros_interfaces/include/kobuki_ros_interfaces/kobuki_ros_interfaces/msg/detail/scan_angle__type_support.hpp
[0.436s] -- Up-to-date: /home/fbot/kobuki_base_ros2/install/kobuki_ros_interfaces/include/kobuki_ros_interfaces/kobuki_ros_interfaces/msg/detail/version_info__builder.hpp
[0.436s] -- Up-to-date: /home/fbot/kobuki_base_ros2/install/kobuki_ros_interfaces/include/kobuki_ros_interfaces/kobuki_ros_interfaces/msg/detail/external_power__builder.hpp
[0.436s] -- Up-to-date: /home/fbot/kobuki_base_ros2/install/kobuki_ros_interfaces/include/kobuki_ros_interfaces/kobuki_ros_interfaces/msg/detail/dock_infra_red__traits.hpp
[0.436s] -- Up-to-date: /home/fbot/kobuki_base_ros2/install/kobuki_ros_interfaces/include/kobuki_ros_interfaces/kobuki_ros_interfaces/msg/detail/keyboard_input__builder.hpp
[0.436s] -- Up-to-date: /home/fbot/kobuki_base_ros2/install/kobuki_ros_interfaces/include/kobuki_ros_interfaces/kobuki_ros_interfaces/msg/detail/controller_info__struct.hpp
[0.436s] -- Up-to-date: /home/fbot/kobuki_base_ros2/install/kobuki_ros_interfaces/include/kobuki_ros_interfaces/kobuki_ros_interfaces/msg/detail/external_power__struct.hpp
[0.436s] -- Up-to-date: /home/fbot/kobuki_base_ros2/install/kobuki_ros_interfaces/include/kobuki_ros_interfaces/kobuki_ros_interfaces/msg/detail/robot_state_event__struct.hpp
[0.436s] -- Up-to-date: /home/fbot/kobuki_base_ros2/install/kobuki_ros_interfaces/include/kobuki_ros_interfaces/kobuki_ros_interfaces/msg/detail/cliff_event__type_support.hpp
[0.436s] -- Up-to-date: /home/fbot/kobuki_base_ros2/install/kobuki_ros_interfaces/include/kobuki_ros_interfaces/kobuki_ros_interfaces/msg/detail/robot_state_event__type_support.hpp
[0.436s] -- Up-to-date: /home/fbot/kobuki_base_ros2/install/kobuki_ros_interfaces/include/kobuki_ros_interfaces/kobuki_ros_interfaces/msg/detail/version_info__type_support.hpp
[0.436s] -- Up-to-date: /home/fbot/kobuki_base_ros2/install/kobuki_ros_interfaces/include/kobuki_ros_interfaces/kobuki_ros_interfaces/msg/detail/button_event__struct.hpp
[0.436s] -- Up-to-date: /home/fbot/kobuki_base_ros2/install/kobuki_ros_interfaces/include/kobuki_ros_interfaces/kobuki_ros_interfaces/msg/detail/digital_input_event__builder.hpp
[0.436s] -- Up-to-date: /home/fbot/kobuki_base_ros2/install/kobuki_ros_interfaces/include/kobuki_ros_interfaces/kobuki_ros_interfaces/msg/detail/sensor_state__struct.hpp
[0.436s] -- Up-to-date: /home/fbot/kobuki_base_ros2/install/kobuki_ros_interfaces/include/kobuki_ros_interfaces/kobuki_ros_interfaces/msg/detail/power_system_event__traits.hpp
[0.436s] -- Up-to-date: /home/fbot/kobuki_base_ros2/install/kobuki_ros_interfaces/include/kobuki_ros_interfaces/kobuki_ros_interfaces/msg/detail/motor_power__struct.hpp
[0.436s] -- Up-to-date: /home/fbot/kobuki_base_ros2/install/kobuki_ros_interfaces/include/kobuki_ros_interfaces/kobuki_ros_interfaces/msg/detail/scan_angle__traits.hpp
[0.437s] -- Up-to-date: /home/fbot/kobuki_base_ros2/install/kobuki_ros_interfaces/include/kobuki_ros_interfaces/kobuki_ros_interfaces/msg/detail/wheel_drop_event__builder.hpp
[0.437s] -- Up-to-date: /home/fbot/kobuki_base_ros2/install/kobuki_ros_interfaces/include/kobuki_ros_interfaces/kobuki_ros_interfaces/msg/detail/digital_output__struct.hpp
[0.437s] -- Up-to-date: /home/fbot/kobuki_base_ros2/install/kobuki_ros_interfaces/include/kobuki_ros_interfaces/kobuki_ros_interfaces/msg/detail/digital_input_event__struct.hpp
[0.437s] -- Up-to-date: /home/fbot/kobuki_base_ros2/install/kobuki_ros_interfaces/include/kobuki_ros_interfaces/kobuki_ros_interfaces/msg/detail/bumper_event__traits.hpp
[0.437s] -- Up-to-date: /home/fbot/kobuki_base_ros2/install/kobuki_ros_interfaces/include/kobuki_ros_interfaces/kobuki_ros_interfaces/msg/detail/digital_input_event__type_support.hpp
[0.437s] -- Up-to-date: /home/fbot/kobuki_base_ros2/install/kobuki_ros_interfaces/include/kobuki_ros_interfaces/kobuki_ros_interfaces/msg/detail/external_power__type_support.hpp
[0.437s] -- Up-to-date: /home/fbot/kobuki_base_ros2/install/kobuki_ros_interfaces/include/kobuki_ros_interfaces/kobuki_ros_interfaces/msg/detail/sound__struct.hpp
[0.437s] -- Up-to-date: /home/fbot/kobuki_base_ros2/install/kobuki_ros_interfaces/include/kobuki_ros_interfaces/kobuki_ros_interfaces/msg/button_event.hpp
[0.437s] -- Up-to-date: /home/fbot/kobuki_base_ros2/install/kobuki_ros_interfaces/include/kobuki_ros_interfaces/kobuki_ros_interfaces/msg/sensor_state.hpp
[0.437s] -- Up-to-date: /home/fbot/kobuki_base_ros2/install/kobuki_ros_interfaces/include/kobuki_ros_interfaces/kobuki_ros_interfaces/msg/sound.hpp
[0.437s] -- Up-to-date: /home/fbot/kobuki_base_ros2/install/kobuki_ros_interfaces/include/kobuki_ros_interfaces/kobuki_ros_interfaces/msg/controller_info.hpp
[0.437s] -- Up-to-date: /home/fbot/kobuki_base_ros2/install/kobuki_ros_interfaces/include/kobuki_ros_interfaces/kobuki_ros_interfaces/msg/cliff_event.hpp
[0.437s] -- Up-to-date: /home/fbot/kobuki_base_ros2/install/kobuki_ros_interfaces/include/kobuki_ros_interfaces/kobuki_ros_interfaces/msg/power_system_event.hpp
[0.437s] -- Up-to-date: /home/fbot/kobuki_base_ros2/install/kobuki_ros_interfaces/include/kobuki_ros_interfaces/kobuki_ros_interfaces/msg/digital_output.hpp
[0.437s] -- Up-to-date: /home/fbot/kobuki_base_ros2/install/kobuki_ros_interfaces/include/kobuki_ros_interfaces/kobuki_ros_interfaces/msg/keyboard_input.hpp
[0.437s] -- Up-to-date: /home/fbot/kobuki_base_ros2/install/kobuki_ros_interfaces/include/kobuki_ros_interfaces/kobuki_ros_interfaces/msg/motor_power.hpp
[0.438s] -- Up-to-date: /home/fbot/kobuki_base_ros2/install/kobuki_ros_interfaces/include/kobuki_ros_interfaces/kobuki_ros_interfaces/msg/external_power.hpp
[0.438s] -- Up-to-date: /home/fbot/kobuki_base_ros2/install/kobuki_ros_interfaces/include/kobuki_ros_interfaces/kobuki_ros_interfaces/msg/robot_state_event.hpp
[0.438s] -- Up-to-date: /home/fbot/kobuki_base_ros2/install/kobuki_ros_interfaces/include/kobuki_ros_interfaces/kobuki_ros_interfaces
[0.438s] -- Up-to-date: /home/fbot/kobuki_base_ros2/install/kobuki_ros_interfaces/include/kobuki_ros_interfaces/kobuki_ros_interfaces/action
[0.438s] -- Up-to-date: /home/fbot/kobuki_base_ros2/install/kobuki_ros_interfaces/include/kobuki_ros_interfaces/kobuki_ros_interfaces/action/detail
[0.438s] -- Up-to-date: /home/fbot/kobuki_base_ros2/install/kobuki_ros_interfaces/include/kobuki_ros_interfaces/kobuki_ros_interfaces/action/detail/dds_fastrtps
[0.438s] -- Up-to-date: /home/fbot/kobuki_base_ros2/install/kobuki_ros_interfaces/include/kobuki_ros_interfaces/kobuki_ros_interfaces/action/detail/auto_docking__rosidl_typesupport_fastrtps_cpp.hpp
[0.438s] -- Up-to-date: /home/fbot/kobuki_base_ros2/install/kobuki_ros_interfaces/include/kobuki_ros_interfaces/kobuki_ros_interfaces/msg
[0.438s] -- Up-to-date: /home/fbot/kobuki_base_ros2/install/kobuki_ros_interfaces/include/kobuki_ros_interfaces/kobuki_ros_interfaces/msg/detail
[0.438s] -- Up-to-date: /home/fbot/kobuki_base_ros2/install/kobuki_ros_interfaces/include/kobuki_ros_interfaces/kobuki_ros_interfaces/msg/detail/digital_input_event__rosidl_typesupport_fastrtps_cpp.hpp
[0.438s] -- Up-to-date: /home/fbot/kobuki_base_ros2/install/kobuki_ros_interfaces/include/kobuki_ros_interfaces/kobuki_ros_interfaces/msg/detail/keyboard_input__rosidl_typesupport_fastrtps_cpp.hpp
[0.438s] -- Up-to-date: /home/fbot/kobuki_base_ros2/install/kobuki_ros_interfaces/include/kobuki_ros_interfaces/kobuki_ros_interfaces/msg/detail/led__rosidl_typesupport_fastrtps_cpp.hpp
[0.438s] -- Up-to-date: /home/fbot/kobuki_base_ros2/install/kobuki_ros_interfaces/include/kobuki_ros_interfaces/kobuki_ros_interfaces/msg/detail/scan_angle__rosidl_typesupport_fastrtps_cpp.hpp
[0.438s] -- Up-to-date: /home/fbot/kobuki_base_ros2/install/kobuki_ros_interfaces/include/kobuki_ros_interfaces/kobuki_ros_interfaces/msg/detail/wheel_drop_event__rosidl_typesupport_fastrtps_cpp.hpp
[0.438s] -- Up-to-date: /home/fbot/kobuki_base_ros2/install/kobuki_ros_interfaces/include/kobuki_ros_interfaces/kobuki_ros_interfaces/msg/detail/digital_output__rosidl_typesupport_fastrtps_cpp.hpp
[0.438s] -- Up-to-date: /home/fbot/kobuki_base_ros2/install/kobuki_ros_interfaces/include/kobuki_ros_interfaces/kobuki_ros_interfaces/msg/detail/controller_info__rosidl_typesupport_fastrtps_cpp.hpp
[0.438s] -- Up-to-date: /home/fbot/kobuki_base_ros2/install/kobuki_ros_interfaces/include/kobuki_ros_interfaces/kobuki_ros_interfaces/msg/detail/bumper_event__rosidl_typesupport_fastrtps_cpp.hpp
[0.439s] -- Up-to-date: /home/fbot/kobuki_base_ros2/install/kobuki_ros_interfaces/include/kobuki_ros_interfaces/kobuki_ros_interfaces/msg/detail/dds_fastrtps
[0.439s] -- Up-to-date: /home/fbot/kobuki_base_ros2/install/kobuki_ros_interfaces/include/kobuki_ros_interfaces/kobuki_ros_interfaces/msg/detail/cliff_event__rosidl_typesupport_fastrtps_cpp.hpp
[0.439s] -- Up-to-date: /home/fbot/kobuki_base_ros2/install/kobuki_ros_interfaces/include/kobuki_ros_interfaces/kobuki_ros_interfaces/msg/detail/sensor_state__rosidl_typesupport_fastrtps_cpp.hpp
[0.439s] -- Up-to-date: /home/fbot/kobuki_base_ros2/install/kobuki_ros_interfaces/include/kobuki_ros_interfaces/kobuki_ros_interfaces/msg/detail/dock_infra_red__rosidl_typesupport_fastrtps_cpp.hpp
[0.439s] -- Up-to-date: /home/fbot/kobuki_base_ros2/install/kobuki_ros_interfaces/include/kobuki_ros_interfaces/kobuki_ros_interfaces/msg/detail/button_event__rosidl_typesupport_fastrtps_cpp.hpp
[0.439s] -- Up-to-date: /home/fbot/kobuki_base_ros2/install/kobuki_ros_interfaces/include/kobuki_ros_interfaces/kobuki_ros_interfaces/msg/detail/external_power__rosidl_typesupport_fastrtps_cpp.hpp
[0.439s] -- Up-to-date: /home/fbot/kobuki_base_ros2/install/kobuki_ros_interfaces/include/kobuki_ros_interfaces/kobuki_ros_interfaces/msg/detail/version_info__rosidl_typesupport_fastrtps_cpp.hpp
[0.439s] -- Up-to-date: /home/fbot/kobuki_base_ros2/install/kobuki_ros_interfaces/include/kobuki_ros_interfaces/kobuki_ros_interfaces/msg/detail/sound__rosidl_typesupport_fastrtps_cpp.hpp
[0.439s] -- Up-to-date: /home/fbot/kobuki_base_ros2/install/kobuki_ros_interfaces/include/kobuki_ros_interfaces/kobuki_ros_interfaces/msg/detail/motor_power__rosidl_typesupport_fastrtps_cpp.hpp
[0.439s] -- Up-to-date: /home/fbot/kobuki_base_ros2/install/kobuki_ros_interfaces/include/kobuki_ros_interfaces/kobuki_ros_interfaces/msg/detail/power_system_event__rosidl_typesupport_fastrtps_cpp.hpp
[0.439s] -- Up-to-date: /home/fbot/kobuki_base_ros2/install/kobuki_ros_interfaces/include/kobuki_ros_interfaces/kobuki_ros_interfaces/msg/detail/robot_state_event__rosidl_typesupport_fastrtps_cpp.hpp
[0.439s] -- Up-to-date: /home/fbot/kobuki_base_ros2/install/kobuki_ros_interfaces/include/kobuki_ros_interfaces/kobuki_ros_interfaces/msg/rosidl_typesupport_fastrtps_cpp__visibility_control.h
[0.440s] -- Up-to-date: /home/fbot/kobuki_base_ros2/install/kobuki_ros_interfaces/lib/libkobuki_ros_interfaces__rosidl_typesupport_fastrtps_cpp.so
[0.440s] -- Up-to-date: /home/fbot/kobuki_base_ros2/install/kobuki_ros_interfaces/include/kobuki_ros_interfaces/kobuki_ros_interfaces
[0.440s] -- Up-to-date: /home/fbot/kobuki_base_ros2/install/kobuki_ros_interfaces/include/kobuki_ros_interfaces/kobuki_ros_interfaces/action
[0.440s] -- Up-to-date: /home/fbot/kobuki_base_ros2/install/kobuki_ros_interfaces/include/kobuki_ros_interfaces/kobuki_ros_interfaces/action/detail
[0.440s] -- Up-to-date: /home/fbot/kobuki_base_ros2/install/kobuki_ros_interfaces/include/kobuki_ros_interfaces/kobuki_ros_interfaces/action/detail/auto_docking__rosidl_typesupport_introspection_c.h
[0.440s] -- Up-to-date: /home/fbot/kobuki_base_ros2/install/kobuki_ros_interfaces/include/kobuki_ros_interfaces/kobuki_ros_interfaces/action/detail/auto_docking__type_support.c
[0.440s] -- Up-to-date: /home/fbot/kobuki_base_ros2/install/kobuki_ros_interfaces/include/kobuki_ros_interfaces/kobuki_ros_interfaces/msg
[0.440s] -- Up-to-date: /home/fbot/kobuki_base_ros2/install/kobuki_ros_interfaces/include/kobuki_ros_interfaces/kobuki_ros_interfaces/msg/detail
[0.440s] -- Up-to-date: /home/fbot/kobuki_base_ros2/install/kobuki_ros_interfaces/include/kobuki_ros_interfaces/kobuki_ros_interfaces/msg/detail/external_power__rosidl_typesupport_introspection_c.h
[0.441s] -- Up-to-date: /home/fbot/kobuki_base_ros2/install/kobuki_ros_interfaces/include/kobuki_ros_interfaces/kobuki_ros_interfaces/msg/detail/digital_input_event__type_support.c
[0.441s] -- Up-to-date: /home/fbot/kobuki_base_ros2/install/kobuki_ros_interfaces/include/kobuki_ros_interfaces/kobuki_ros_interfaces/msg/detail/keyboard_input__type_support.c
[0.441s] -- Up-to-date: /home/fbot/kobuki_base_ros2/install/kobuki_ros_interfaces/include/kobuki_ros_interfaces/kobuki_ros_interfaces/msg/detail/button_event__rosidl_typesupport_introspection_c.h
[0.441s] -- Up-to-date: /home/fbot/kobuki_base_ros2/install/kobuki_ros_interfaces/include/kobuki_ros_interfaces/kobuki_ros_interfaces/msg/detail/version_info__rosidl_typesupport_introspection_c.h
[0.441s] -- Up-to-date: /home/fbot/kobuki_base_ros2/install/kobuki_ros_interfaces/include/kobuki_ros_interfaces/kobuki_ros_interfaces/msg/detail/led__type_support.c
[0.441s] -- Up-to-date: /home/fbot/kobuki_base_ros2/install/kobuki_ros_interfaces/include/kobuki_ros_interfaces/kobuki_ros_interfaces/msg/detail/wheel_drop_event__rosidl_typesupport_introspection_c.h
[0.441s] -- Up-to-date: /home/fbot/kobuki_base_ros2/install/kobuki_ros_interfaces/include/kobuki_ros_interfaces/kobuki_ros_interfaces/msg/detail/digital_output__type_support.c
[0.441s] -- Up-to-date: /home/fbot/kobuki_base_ros2/install/kobuki_ros_interfaces/include/kobuki_ros_interfaces/kobuki_ros_interfaces/msg/detail/motor_power__rosidl_typesupport_introspection_c.h
[0.441s] -- Up-to-date: /home/fbot/kobuki_base_ros2/install/kobuki_ros_interfaces/include/kobuki_ros_interfaces/kobuki_ros_interfaces/msg/detail/robot_state_event__type_support.c
[0.441s] -- Up-to-date: /home/fbot/kobuki_base_ros2/install/kobuki_ros_interfaces/include/kobuki_ros_interfaces/kobuki_ros_interfaces/msg/detail/led__rosidl_typesupport_introspection_c.h
[0.442s] -- Up-to-date: /home/fbot/kobuki_base_ros2/install/kobuki_ros_interfaces/include/kobuki_ros_interfaces/kobuki_ros_interfaces/msg/detail/version_info__type_support.c
[0.442s] -- Up-to-date: /home/fbot/kobuki_base_ros2/install/kobuki_ros_interfaces/include/kobuki_ros_interfaces/kobuki_ros_interfaces/msg/detail/sensor_state__rosidl_typesupport_introspection_c.h
[0.442s] -- Up-to-date: /home/fbot/kobuki_base_ros2/install/kobuki_ros_interfaces/include/kobuki_ros_interfaces/kobuki_ros_interfaces/msg/detail/keyboard_input__rosidl_typesupport_introspection_c.h
[0.442s] -- Up-to-date: /home/fbot/kobuki_base_ros2/install/kobuki_ros_interfaces/include/kobuki_ros_interfaces/kobuki_ros_interfaces/msg/detail/sound__type_support.c
[0.442s] -- Up-to-date: /home/fbot/kobuki_base_ros2/install/kobuki_ros_interfaces/include/kobuki_ros_interfaces/kobuki_ros_interfaces/msg/detail/power_system_event__rosidl_typesupport_introspection_c.h
[0.442s] -- Up-to-date: /home/fbot/kobuki_base_ros2/install/kobuki_ros_interfaces/include/kobuki_ros_interfaces/kobuki_ros_interfaces/msg/detail/sound__rosidl_typesupport_introspection_c.h
[0.442s] -- Up-to-date: /home/fbot/kobuki_base_ros2/install/kobuki_ros_interfaces/include/kobuki_ros_interfaces/kobuki_ros_interfaces/msg/detail/cliff_event__rosidl_typesupport_introspection_c.h
[0.442s] -- Up-to-date: /home/fbot/kobuki_base_ros2/install/kobuki_ros_interfaces/include/kobuki_ros_interfaces/kobuki_ros_interfaces/msg/detail/robot_state_event__rosidl_typesupport_introspection_c.h
[0.442s] -- Up-to-date: /home/fbot/kobuki_base_ros2/install/kobuki_ros_interfaces/include/kobuki_ros_interfaces/kobuki_ros_interfaces/msg/detail/external_power__type_support.c
[0.442s] -- Up-to-date: /home/fbot/kobuki_base_ros2/install/kobuki_ros_interfaces/include/kobuki_ros_interfaces/kobuki_ros_interfaces/msg/detail/wheel_drop_event__type_support.c
[0.442s] -- Up-to-date: /home/fbot/kobuki_base_ros2/install/kobuki_ros_interfaces/include/kobuki_ros_interfaces/kobuki_ros_interfaces/msg/detail/digital_output__rosidl_typesupport_introspection_c.h
[0.443s] -- Up-to-date: /home/fbot/kobuki_base_ros2/install/kobuki_ros_interfaces/include/kobuki_ros_interfaces/kobuki_ros_interfaces/msg/detail/bumper_event__rosidl_typesupport_introspection_c.h
[0.443s] -- Up-to-date: /home/fbot/kobuki_base_ros2/install/kobuki_ros_interfaces/include/kobuki_ros_interfaces/kobuki_ros_interfaces/msg/detail/scan_angle__type_support.c
[0.443s] -- Up-to-date: /home/fbot/kobuki_base_ros2/install/kobuki_ros_interfaces/include/kobuki_ros_interfaces/kobuki_ros_interfaces/msg/detail/motor_power__type_support.c
[0.443s] -- Up-to-date: /home/fbot/kobuki_base_ros2/install/kobuki_ros_interfaces/include/kobuki_ros_interfaces/kobuki_ros_interfaces/msg/detail/digital_input_event__rosidl_typesupport_introspection_c.h
[0.443s] -- Up-to-date: /home/fbot/kobuki_base_ros2/install/kobuki_ros_interfaces/include/kobuki_ros_interfaces/kobuki_ros_interfaces/msg/detail/scan_angle__rosidl_typesupport_introspection_c.h
[0.443s] -- Up-to-date: /home/fbot/kobuki_base_ros2/install/kobuki_ros_interfaces/include/kobuki_ros_interfaces/kobuki_ros_interfaces/msg/detail/button_event__type_support.c
[0.443s] -- Up-to-date: /home/fbot/kobuki_base_ros2/install/kobuki_ros_interfaces/include/kobuki_ros_interfaces/kobuki_ros_interfaces/msg/detail/bumper_event__type_support.c
[0.443s] -- Up-to-date: /home/fbot/kobuki_base_ros2/install/kobuki_ros_interfaces/include/kobuki_ros_interfaces/kobuki_ros_interfaces/msg/detail/dock_infra_red__type_support.c
[0.443s] -- Up-to-date: /home/fbot/kobuki_base_ros2/install/kobuki_ros_interfaces/include/kobuki_ros_interfaces/kobuki_ros_interfaces/msg/detail/dock_infra_red__rosidl_typesupport_introspection_c.h
[0.443s] -- Up-to-date: /home/fbot/kobuki_base_ros2/install/kobuki_ros_interfaces/include/kobuki_ros_interfaces/kobuki_ros_interfaces/msg/detail/cliff_event__type_support.c
[0.443s] -- Up-to-date: /home/fbot/kobuki_base_ros2/install/kobuki_ros_interfaces/include/kobuki_ros_interfaces/kobuki_ros_interfaces/msg/detail/sensor_state__type_support.c
[0.444s] -- Up-to-date: /home/fbot/kobuki_base_ros2/install/kobuki_ros_interfaces/include/kobuki_ros_interfaces/kobuki_ros_interfaces/msg/detail/controller_info__rosidl_typesupport_introspection_c.h
[0.444s] -- Up-to-date: /home/fbot/kobuki_base_ros2/install/kobuki_ros_interfaces/include/kobuki_ros_interfaces/kobuki_ros_interfaces/msg/detail/power_system_event__type_support.c
[0.444s] -- Up-to-date: /home/fbot/kobuki_base_ros2/install/kobuki_ros_interfaces/include/kobuki_ros_interfaces/kobuki_ros_interfaces/msg/detail/controller_info__type_support.c
[0.444s] -- Up-to-date: /home/fbot/kobuki_base_ros2/install/kobuki_ros_interfaces/include/kobuki_ros_interfaces/kobuki_ros_interfaces/msg/rosidl_typesupport_introspection_c__visibility_control.h
[0.444s] -- Up-to-date: /home/fbot/kobuki_base_ros2/install/kobuki_ros_interfaces/lib/libkobuki_ros_interfaces__rosidl_typesupport_introspection_c.so
[0.444s] -- Up-to-date: /home/fbot/kobuki_base_ros2/install/kobuki_ros_interfaces/lib/libkobuki_ros_interfaces__rosidl_typesupport_c.so
[0.444s] -- Up-to-date: /home/fbot/kobuki_base_ros2/install/kobuki_ros_interfaces/include/kobuki_ros_interfaces/kobuki_ros_interfaces
[0.444s] -- Up-to-date: /home/fbot/kobuki_base_ros2/install/kobuki_ros_interfaces/include/kobuki_ros_interfaces/kobuki_ros_interfaces/action
[0.444s] -- Up-to-date: /home/fbot/kobuki_base_ros2/install/kobuki_ros_interfaces/include/kobuki_ros_interfaces/kobuki_ros_interfaces/action/detail
[0.444s] -- Up-to-date: /home/fbot/kobuki_base_ros2/install/kobuki_ros_interfaces/include/kobuki_ros_interfaces/kobuki_ros_interfaces/action/detail/auto_docking__type_support.cpp
[0.444s] -- Up-to-date: /home/fbot/kobuki_base_ros2/install/kobuki_ros_interfaces/include/kobuki_ros_interfaces/kobuki_ros_interfaces/action/detail/auto_docking__rosidl_typesupport_introspection_cpp.hpp
[0.444s] -- Up-to-date: /home/fbot/kobuki_base_ros2/install/kobuki_ros_interfaces/include/kobuki_ros_interfaces/kobuki_ros_interfaces/msg
[0.444s] -- Up-to-date: /home/fbot/kobuki_base_ros2/install/kobuki_ros_interfaces/include/kobuki_ros_interfaces/kobuki_ros_interfaces/msg/detail
[0.444s] -- Up-to-date: /home/fbot/kobuki_base_ros2/install/kobuki_ros_interfaces/include/kobuki_ros_interfaces/kobuki_ros_interfaces/msg/detail/motor_power__type_support.cpp
[0.444s] -- Up-to-date: /home/fbot/kobuki_base_ros2/install/kobuki_ros_interfaces/include/kobuki_ros_interfaces/kobuki_ros_interfaces/msg/detail/cliff_event__type_support.cpp
[0.444s] -- Up-to-date: /home/fbot/kobuki_base_ros2/install/kobuki_ros_interfaces/include/kobuki_ros_interfaces/kobuki_ros_interfaces/msg/detail/digital_input_event__rosidl_typesupport_introspection_cpp.hpp
[0.444s] -- Up-to-date: /home/fbot/kobuki_base_ros2/install/kobuki_ros_interfaces/include/kobuki_ros_interfaces/kobuki_ros_interfaces/msg/detail/robot_state_event__rosidl_typesupport_introspection_cpp.hpp
[0.445s] -- Up-to-date: /home/fbot/kobuki_base_ros2/install/kobuki_ros_interfaces/include/kobuki_ros_interfaces/kobuki_ros_interfaces/msg/detail/led__type_support.cpp
[0.445s] -- Up-to-date: /home/fbot/kobuki_base_ros2/install/kobuki_ros_interfaces/include/kobuki_ros_interfaces/kobuki_ros_interfaces/msg/detail/scan_angle__type_support.cpp
[0.445s] -- Up-to-date: /home/fbot/kobuki_base_ros2/install/kobuki_ros_interfaces/include/kobuki_ros_interfaces/kobuki_ros_interfaces/msg/detail/bumper_event__rosidl_typesupport_introspection_cpp.hpp
[0.445s] -- Up-to-date: /home/fbot/kobuki_base_ros2/install/kobuki_ros_interfaces/include/kobuki_ros_interfaces/kobuki_ros_interfaces/msg/detail/button_event__rosidl_typesupport_introspection_cpp.hpp
[0.445s] -- Up-to-date: /home/fbot/kobuki_base_ros2/install/kobuki_ros_interfaces/include/kobuki_ros_interfaces/kobuki_ros_interfaces/msg/detail/keyboard_input__type_support.cpp
[0.445s] -- Up-to-date: /home/fbot/kobuki_base_ros2/install/kobuki_ros_interfaces/include/kobuki_ros_interfaces/kobuki_ros_interfaces/msg/detail/external_power__type_support.cpp
[0.445s] -- Up-to-date: /home/fbot/kobuki_base_ros2/install/kobuki_ros_interfaces/include/kobuki_ros_interfaces/kobuki_ros_interfaces/msg/detail/digital_output__type_support.cpp
[0.445s] -- Up-to-date: /home/fbot/kobuki_base_ros2/install/kobuki_ros_interfaces/include/kobuki_ros_interfaces/kobuki_ros_interfaces/msg/detail/scan_angle__rosidl_typesupport_introspection_cpp.hpp
[0.445s] -- Up-to-date: /home/fbot/kobuki_base_ros2/install/kobuki_ros_interfaces/include/kobuki_ros_interfaces/kobuki_ros_interfaces/msg/detail/wheel_drop_event__type_support.cpp
[0.445s] -- Up-to-date: /home/fbot/kobuki_base_ros2/install/kobuki_ros_interfaces/include/kobuki_ros_interfaces/kobuki_ros_interfaces/msg/detail/sensor_state__type_support.cpp
[0.445s] -- Up-to-date: /home/fbot/kobuki_base_ros2/install/kobuki_ros_interfaces/include/kobuki_ros_interfaces/kobuki_ros_interfaces/msg/detail/bumper_event__type_support.cpp
[0.445s] -- Up-to-date: /home/fbot/kobuki_base_ros2/install/kobuki_ros_interfaces/include/kobuki_ros_interfaces/kobuki_ros_interfaces/msg/detail/digital_input_event__type_support.cpp
[0.445s] -- Up-to-date: /home/fbot/kobuki_base_ros2/install/kobuki_ros_interfaces/include/kobuki_ros_interfaces/kobuki_ros_interfaces/msg/detail/dock_infra_red__type_support.cpp
[0.445s] -- Up-to-date: /home/fbot/kobuki_base_ros2/install/kobuki_ros_interfaces/include/kobuki_ros_interfaces/kobuki_ros_interfaces/msg/detail/led__rosidl_typesupport_introspection_cpp.hpp
[0.445s] -- Up-to-date: /home/fbot/kobuki_base_ros2/install/kobuki_ros_interfaces/include/kobuki_ros_interfaces/kobuki_ros_interfaces/msg/detail/robot_state_event__type_support.cpp
[0.445s] -- Up-to-date: /home/fbot/kobuki_base_ros2/install/kobuki_ros_interfaces/include/kobuki_ros_interfaces/kobuki_ros_interfaces/msg/detail/button_event__type_support.cpp
[0.445s] -- Up-to-date: /home/fbot/kobuki_base_ros2/install/kobuki_ros_interfaces/include/kobuki_ros_interfaces/kobuki_ros_interfaces/msg/detail/power_system_event__type_support.cpp
[0.445s] -- Up-to-date: /home/fbot/kobuki_base_ros2/install/kobuki_ros_interfaces/include/kobuki_ros_interfaces/kobuki_ros_interfaces/msg/detail/wheel_drop_event__rosidl_typesupport_introspection_cpp.hpp
[0.446s] -- Up-to-date: /home/fbot/kobuki_base_ros2/install/kobuki_ros_interfaces/include/kobuki_ros_interfaces/kobuki_ros_interfaces/msg/detail/motor_power__rosidl_typesupport_introspection_cpp.hpp
[0.446s] -- Up-to-date: /home/fbot/kobuki_base_ros2/install/kobuki_ros_interfaces/include/kobuki_ros_interfaces/kobuki_ros_interfaces/msg/detail/sound__rosidl_typesupport_introspection_cpp.hpp
[0.446s] -- Up-to-date: /home/fbot/kobuki_base_ros2/install/kobuki_ros_interfaces/include/kobuki_ros_interfaces/kobuki_ros_interfaces/msg/detail/dock_infra_red__rosidl_typesupport_introspection_cpp.hpp
[0.446s] -- Up-to-date: /home/fbot/kobuki_base_ros2/install/kobuki_ros_interfaces/include/kobuki_ros_interfaces/kobuki_ros_interfaces/msg/detail/sensor_state__rosidl_typesupport_introspection_cpp.hpp
[0.446s] -- Up-to-date: /home/fbot/kobuki_base_ros2/install/kobuki_ros_interfaces/include/kobuki_ros_interfaces/kobuki_ros_interfaces/msg/detail/digital_output__rosidl_typesupport_introspection_cpp.hpp
[0.446s] -- Up-to-date: /home/fbot/kobuki_base_ros2/install/kobuki_ros_interfaces/include/kobuki_ros_interfaces/kobuki_ros_interfaces/msg/detail/keyboard_input__rosidl_typesupport_introspection_cpp.hpp
[0.446s] -- Up-to-date: /home/fbot/kobuki_base_ros2/install/kobuki_ros_interfaces/include/kobuki_ros_interfaces/kobuki_ros_interfaces/msg/detail/sound__type_support.cpp
[0.446s] -- Up-to-date: /home/fbot/kobuki_base_ros2/install/kobuki_ros_interfaces/include/kobuki_ros_interfaces/kobuki_ros_interfaces/msg/detail/cliff_event__rosidl_typesupport_introspection_cpp.hpp
[0.446s] -- Up-to-date: /home/fbot/kobuki_base_ros2/install/kobuki_ros_interfaces/include/kobuki_ros_interfaces/kobuki_ros_interfaces/msg/detail/version_info__type_support.cpp
[0.446s] -- Up-to-date: /home/fbot/kobuki_base_ros2/install/kobuki_ros_interfaces/include/kobuki_ros_interfaces/kobuki_ros_interfaces/msg/detail/controller_info__rosidl_typesupport_introspection_cpp.hpp
[0.446s] -- Up-to-date: /home/fbot/kobuki_base_ros2/install/kobuki_ros_interfaces/include/kobuki_ros_interfaces/kobuki_ros_interfaces/msg/detail/power_system_event__rosidl_typesupport_introspection_cpp.hpp
[0.446s] -- Up-to-date: /home/fbot/kobuki_base_ros2/install/kobuki_ros_interfaces/include/kobuki_ros_interfaces/kobuki_ros_interfaces/msg/detail/external_power__rosidl_typesupport_introspection_cpp.hpp
[0.446s] -- Up-to-date: /home/fbot/kobuki_base_ros2/install/kobuki_ros_interfaces/include/kobuki_ros_interfaces/kobuki_ros_interfaces/msg/detail/controller_info__type_support.cpp
[0.446s] -- Up-to-date: /home/fbot/kobuki_base_ros2/install/kobuki_ros_interfaces/include/kobuki_ros_interfaces/kobuki_ros_interfaces/msg/detail/version_info__rosidl_typesupport_introspection_cpp.hpp
[0.446s] -- Up-to-date: /home/fbot/kobuki_base_ros2/install/kobuki_ros_interfaces/lib/libkobuki_ros_interfaces__rosidl_typesupport_introspection_cpp.so
[0.446s] -- Up-to-date: /home/fbot/kobuki_base_ros2/install/kobuki_ros_interfaces/lib/libkobuki_ros_interfaces__rosidl_typesupport_cpp.so
[0.446s] -- Up-to-date: /home/fbot/kobuki_base_ros2/install/kobuki_ros_interfaces/share/kobuki_ros_interfaces/environment/pythonpath.sh
[0.446s] -- Up-to-date: /home/fbot/kobuki_base_ros2/install/kobuki_ros_interfaces/share/kobuki_ros_interfaces/environment/pythonpath.dsv
[0.446s] -- Up-to-date: /home/fbot/kobuki_base_ros2/install/kobuki_ros_interfaces/local/lib/python3.10/dist-packages/kobuki_ros_interfaces-1.0.0-py3.10.egg-info
[0.447s] -- Installing: /home/fbot/kobuki_base_ros2/install/kobuki_ros_interfaces/local/lib/python3.10/dist-packages/kobuki_ros_interfaces-1.0.0-py3.10.egg-info/dependency_links.txt
[0.447s] -- Installing: /home/fbot/kobuki_base_ros2/install/kobuki_ros_interfaces/local/lib/python3.10/dist-packages/kobuki_ros_interfaces-1.0.0-py3.10.egg-info/SOURCES.txt
[0.447s] -- Installing: /home/fbot/kobuki_base_ros2/install/kobuki_ros_interfaces/local/lib/python3.10/dist-packages/kobuki_ros_interfaces-1.0.0-py3.10.egg-info/PKG-INFO
[0.447s] -- Installing: /home/fbot/kobuki_base_ros2/install/kobuki_ros_interfaces/local/lib/python3.10/dist-packages/kobuki_ros_interfaces-1.0.0-py3.10.egg-info/top_level.txt
[0.447s] -- Up-to-date: /home/fbot/kobuki_base_ros2/install/kobuki_ros_interfaces/local/lib/python3.10/dist-packages/kobuki_ros_interfaces
[0.447s] -- Up-to-date: /home/fbot/kobuki_base_ros2/install/kobuki_ros_interfaces/local/lib/python3.10/dist-packages/kobuki_ros_interfaces/_kobuki_ros_interfaces_s.ep.rosidl_typesupport_c.c
[0.447s] -- Up-to-date: /home/fbot/kobuki_base_ros2/install/kobuki_ros_interfaces/local/lib/python3.10/dist-packages/kobuki_ros_interfaces/_kobuki_ros_interfaces_s.ep.rosidl_typesupport_fastrtps_c.c
[0.447s] -- Up-to-date: /home/fbot/kobuki_base_ros2/install/kobuki_ros_interfaces/local/lib/python3.10/dist-packages/kobuki_ros_interfaces/_kobuki_ros_interfaces_s.ep.rosidl_typesupport_introspection_c.c
[0.447s] -- Up-to-date: /home/fbot/kobuki_base_ros2/install/kobuki_ros_interfaces/local/lib/python3.10/dist-packages/kobuki_ros_interfaces/kobuki_ros_interfaces_s__rosidl_typesupport_fastrtps_c.cpython-310-x86_64-linux-gnu.so
[0.447s] -- Up-to-date: /home/fbot/kobuki_base_ros2/install/kobuki_ros_interfaces/local/lib/python3.10/dist-packages/kobuki_ros_interfaces/__init__.py
[0.447s] -- Up-to-date: /home/fbot/kobuki_base_ros2/install/kobuki_ros_interfaces/local/lib/python3.10/dist-packages/kobuki_ros_interfaces/action
[0.447s] -- Up-to-date: /home/fbot/kobuki_base_ros2/install/kobuki_ros_interfaces/local/lib/python3.10/dist-packages/kobuki_ros_interfaces/action/__init__.py
[0.448s] -- Up-to-date: /home/fbot/kobuki_base_ros2/install/kobuki_ros_interfaces/local/lib/python3.10/dist-packages/kobuki_ros_interfaces/action/_auto_docking.py
[0.448s] -- Up-to-date: /home/fbot/kobuki_base_ros2/install/kobuki_ros_interfaces/local/lib/python3.10/dist-packages/kobuki_ros_interfaces/action/_auto_docking_s.c
[0.448s] -- Up-to-date: /home/fbot/kobuki_base_ros2/install/kobuki_ros_interfaces/local/lib/python3.10/dist-packages/kobuki_ros_interfaces/libkobuki_ros_interfaces__rosidl_generator_py.so
[0.448s] -- Up-to-date: /home/fbot/kobuki_base_ros2/install/kobuki_ros_interfaces/local/lib/python3.10/dist-packages/kobuki_ros_interfaces/msg
[0.448s] -- Up-to-date: /home/fbot/kobuki_base_ros2/install/kobuki_ros_interfaces/local/lib/python3.10/dist-packages/kobuki_ros_interfaces/msg/_wheel_drop_event.py
[0.448s] -- Up-to-date: /home/fbot/kobuki_base_ros2/install/kobuki_ros_interfaces/local/lib/python3.10/dist-packages/kobuki_ros_interfaces/msg/_keyboard_input_s.c
[0.448s] -- Up-to-date: /home/fbot/kobuki_base_ros2/install/kobuki_ros_interfaces/local/lib/python3.10/dist-packages/kobuki_ros_interfaces/msg/_button_event_s.c
[0.448s] -- Up-to-date: /home/fbot/kobuki_base_ros2/install/kobuki_ros_interfaces/local/lib/python3.10/dist-packages/kobuki_ros_interfaces/msg/_power_system_event_s.c
[0.448s] -- Up-to-date: /home/fbot/kobuki_base_ros2/install/kobuki_ros_interfaces/local/lib/python3.10/dist-packages/kobuki_ros_interfaces/msg/_button_event.py
[0.448s] -- Up-to-date: /home/fbot/kobuki_base_ros2/install/kobuki_ros_interfaces/local/lib/python3.10/dist-packages/kobuki_ros_interfaces/msg/_sound.py
[0.448s] -- Up-to-date: /home/fbot/kobuki_base_ros2/install/kobuki_ros_interfaces/local/lib/python3.10/dist-packages/kobuki_ros_interfaces/msg/_digital_output.py
[0.448s] -- Up-to-date: /home/fbot/kobuki_base_ros2/install/kobuki_ros_interfaces/local/lib/python3.10/dist-packages/kobuki_ros_interfaces/msg/_cliff_event.py
[0.448s] -- Up-to-date: /home/fbot/kobuki_base_ros2/install/kobuki_ros_interfaces/local/lib/python3.10/dist-packages/kobuki_ros_interfaces/msg/_wheel_drop_event_s.c
[0.449s] -- Up-to-date: /home/fbot/kobuki_base_ros2/install/kobuki_ros_interfaces/local/lib/python3.10/dist-packages/kobuki_ros_interfaces/msg/_sound_s.c
[0.449s] -- Up-to-date: /home/fbot/kobuki_base_ros2/install/kobuki_ros_interfaces/local/lib/python3.10/dist-packages/kobuki_ros_interfaces/msg/_motor_power_s.c
[0.449s] -- Up-to-date: /home/fbot/kobuki_base_ros2/install/kobuki_ros_interfaces/local/lib/python3.10/dist-packages/kobuki_ros_interfaces/msg/_bumper_event.py
[0.449s] -- Up-to-date: /home/fbot/kobuki_base_ros2/install/kobuki_ros_interfaces/local/lib/python3.10/dist-packages/kobuki_ros_interfaces/msg/_motor_power.py
[0.449s] -- Up-to-date: /home/fbot/kobuki_base_ros2/install/kobuki_ros_interfaces/local/lib/python3.10/dist-packages/kobuki_ros_interfaces/msg/_robot_state_event_s.c
[0.449s] -- Up-to-date: /home/fbot/kobuki_base_ros2/install/kobuki_ros_interfaces/local/lib/python3.10/dist-packages/kobuki_ros_interfaces/msg/_dock_infra_red_s.c
[0.449s] -- Up-to-date: /home/fbot/kobuki_base_ros2/install/kobuki_ros_interfaces/local/lib/python3.10/dist-packages/kobuki_ros_interfaces/msg/_digital_input_event.py
[0.449s] -- Up-to-date: /home/fbot/kobuki_base_ros2/install/kobuki_ros_interfaces/local/lib/python3.10/dist-packages/kobuki_ros_interfaces/msg/_cliff_event_s.c
[0.449s] -- Up-to-date: /home/fbot/kobuki_base_ros2/install/kobuki_ros_interfaces/local/lib/python3.10/dist-packages/kobuki_ros_interfaces/msg/_keyboard_input.py
[0.449s] -- Up-to-date: /home/fbot/kobuki_base_ros2/install/kobuki_ros_interfaces/local/lib/python3.10/dist-packages/kobuki_ros_interfaces/msg/_sensor_state.py
[0.449s] -- Up-to-date: /home/fbot/kobuki_base_ros2/install/kobuki_ros_interfaces/local/lib/python3.10/dist-packages/kobuki_ros_interfaces/msg/__init__.py
[0.449s] -- Up-to-date: /home/fbot/kobuki_base_ros2/install/kobuki_ros_interfaces/local/lib/python3.10/dist-packages/kobuki_ros_interfaces/msg/_power_system_event.py
[0.450s] -- Up-to-date: /home/fbot/kobuki_base_ros2/install/kobuki_ros_interfaces/local/lib/python3.10/dist-packages/kobuki_ros_interfaces/msg/_scan_angle.py
[0.450s] -- Up-to-date: /home/fbot/kobuki_base_ros2/install/kobuki_ros_interfaces/local/lib/python3.10/dist-packages/kobuki_ros_interfaces/msg/_version_info_s.c
[0.450s] -- Up-to-date: /home/fbot/kobuki_base_ros2/install/kobuki_ros_interfaces/local/lib/python3.10/dist-packages/kobuki_ros_interfaces/msg/_external_power_s.c
[0.450s] -- Up-to-date: /home/fbot/kobuki_base_ros2/install/kobuki_ros_interfaces/local/lib/python3.10/dist-packages/kobuki_ros_interfaces/msg/_controller_info_s.c
[0.450s] -- Up-to-date: /home/fbot/kobuki_base_ros2/install/kobuki_ros_interfaces/local/lib/python3.10/dist-packages/kobuki_ros_interfaces/msg/_controller_info.py
[0.450s] -- Up-to-date: /home/fbot/kobuki_base_ros2/install/kobuki_ros_interfaces/local/lib/python3.10/dist-packages/kobuki_ros_interfaces/msg/_robot_state_event.py
[0.450s] -- Up-to-date: /home/fbot/kobuki_base_ros2/install/kobuki_ros_interfaces/local/lib/python3.10/dist-packages/kobuki_ros_interfaces/msg/_dock_infra_red.py
[0.450s] -- Up-to-date: /home/fbot/kobuki_base_ros2/install/kobuki_ros_interfaces/local/lib/python3.10/dist-packages/kobuki_ros_interfaces/msg/_digital_input_event_s.c
[0.450s] -- Up-to-date: /home/fbot/kobuki_base_ros2/install/kobuki_ros_interfaces/local/lib/python3.10/dist-packages/kobuki_ros_interfaces/msg/_digital_output_s.c
[0.450s] -- Up-to-date: /home/fbot/kobuki_base_ros2/install/kobuki_ros_interfaces/local/lib/python3.10/dist-packages/kobuki_ros_interfaces/msg/_scan_angle_s.c
[0.450s] -- Up-to-date: /home/fbot/kobuki_base_ros2/install/kobuki_ros_interfaces/local/lib/python3.10/dist-packages/kobuki_ros_interfaces/msg/_sensor_state_s.c
[0.450s] -- Up-to-date: /home/fbot/kobuki_base_ros2/install/kobuki_ros_interfaces/local/lib/python3.10/dist-packages/kobuki_ros_interfaces/msg/_led_s.c
[0.450s] -- Up-to-date: /home/fbot/kobuki_base_ros2/install/kobuki_ros_interfaces/local/lib/python3.10/dist-packages/kobuki_ros_interfaces/msg/_external_power.py
[0.450s] -- Up-to-date: /home/fbot/kobuki_base_ros2/install/kobuki_ros_interfaces/local/lib/python3.10/dist-packages/kobuki_ros_interfaces/msg/_version_info.py
[0.451s] -- Up-to-date: /home/fbot/kobuki_base_ros2/install/kobuki_ros_interfaces/local/lib/python3.10/dist-packages/kobuki_ros_interfaces/msg/_bumper_event_s.c
[0.451s] -- Up-to-date: /home/fbot/kobuki_base_ros2/install/kobuki_ros_interfaces/local/lib/python3.10/dist-packages/kobuki_ros_interfaces/msg/_led.py
[0.451s] -- Up-to-date: /home/fbot/kobuki_base_ros2/install/kobuki_ros_interfaces/local/lib/python3.10/dist-packages/kobuki_ros_interfaces/kobuki_ros_interfaces_s__rosidl_typesupport_introspection_c.cpython-310-x86_64-linux-gnu.so
[0.451s] -- Up-to-date: /home/fbot/kobuki_base_ros2/install/kobuki_ros_interfaces/local/lib/python3.10/dist-packages/kobuki_ros_interfaces/kobuki_ros_interfaces_s__rosidl_typesupport_c.cpython-310-x86_64-linux-gnu.so
[0.456s] Listing '/home/fbot/kobuki_base_ros2/install/kobuki_ros_interfaces/local/lib/python3.10/dist-packages/kobuki_ros_interfaces'...
[0.456s] Listing '/home/fbot/kobuki_base_ros2/install/kobuki_ros_interfaces/local/lib/python3.10/dist-packages/kobuki_ros_interfaces/action'...
[0.457s] Listing '/home/fbot/kobuki_base_ros2/install/kobuki_ros_interfaces/local/lib/python3.10/dist-packages/kobuki_ros_interfaces/msg'...
[0.461s] -- Up-to-date: /home/fbot/kobuki_base_ros2/install/kobuki_ros_interfaces/local/lib/python3.10/dist-packages/kobuki_ros_interfaces/kobuki_ros_interfaces_s__rosidl_typesupport_fastrtps_c.cpython-310-x86_64-linux-gnu.so
[0.461s] -- Up-to-date: /home/fbot/kobuki_base_ros2/install/kobuki_ros_interfaces/local/lib/python3.10/dist-packages/kobuki_ros_interfaces/kobuki_ros_interfaces_s__rosidl_typesupport_introspection_c.cpython-310-x86_64-linux-gnu.so
[0.461s] -- Up-to-date: /home/fbot/kobuki_base_ros2/install/kobuki_ros_interfaces/local/lib/python3.10/dist-packages/kobuki_ros_interfaces/kobuki_ros_interfaces_s__rosidl_typesupport_c.cpython-310-x86_64-linux-gnu.so
[0.461s] -- Up-to-date: /home/fbot/kobuki_base_ros2/install/kobuki_ros_interfaces/lib/libkobuki_ros_interfaces__rosidl_generator_py.so
[0.462s] -- Up-to-date: /home/fbot/kobuki_base_ros2/install/kobuki_ros_interfaces/share/kobuki_ros_interfaces/msg/BumperEvent.idl
[0.462s] -- Up-to-date: /home/fbot/kobuki_base_ros2/install/kobuki_ros_interfaces/share/kobuki_ros_interfaces/msg/CliffEvent.idl
[0.462s] -- Up-to-date: /home/fbot/kobuki_base_ros2/install/kobuki_ros_interfaces/share/kobuki_ros_interfaces/msg/DigitalOutput.idl
[0.462s] -- Up-to-date: /home/fbot/kobuki_base_ros2/install/kobuki_ros_interfaces/share/kobuki_ros_interfaces/msg/ExternalPower.idl
[0.462s] -- Up-to-date: /home/fbot/kobuki_base_ros2/install/kobuki_ros_interfaces/share/kobuki_ros_interfaces/msg/Led.idl
[0.462s] -- Up-to-date: /home/fbot/kobuki_base_ros2/install/kobuki_ros_interfaces/share/kobuki_ros_interfaces/msg/PowerSystemEvent.idl
[0.462s] -- Up-to-date: /home/fbot/kobuki_base_ros2/install/kobuki_ros_interfaces/share/kobuki_ros_interfaces/msg/SensorState.idl
[0.462s] -- Up-to-date: /home/fbot/kobuki_base_ros2/install/kobuki_ros_interfaces/share/kobuki_ros_interfaces/msg/VersionInfo.idl
[0.462s] -- Up-to-date: /home/fbot/kobuki_base_ros2/install/kobuki_ros_interfaces/share/kobuki_ros_interfaces/msg/ControllerInfo.idl
[0.462s] -- Up-to-date: /home/fbot/kobuki_base_ros2/install/kobuki_ros_interfaces/share/kobuki_ros_interfaces/msg/ButtonEvent.idl
[0.463s] -- Up-to-date: /home/fbot/kobuki_base_ros2/install/kobuki_ros_interfaces/share/kobuki_ros_interfaces/msg/DigitalInputEvent.idl
[0.463s] -- Up-to-date: /home/fbot/kobuki_base_ros2/install/kobuki_ros_interfaces/share/kobuki_ros_interfaces/msg/DockInfraRed.idl
[0.463s] -- Up-to-date: /home/fbot/kobuki_base_ros2/install/kobuki_ros_interfaces/share/kobuki_ros_interfaces/msg/KeyboardInput.idl
[0.463s] -- Up-to-date: /home/fbot/kobuki_base_ros2/install/kobuki_ros_interfaces/share/kobuki_ros_interfaces/msg/MotorPower.idl
[0.463s] -- Up-to-date: /home/fbot/kobuki_base_ros2/install/kobuki_ros_interfaces/share/kobuki_ros_interfaces/msg/RobotStateEvent.idl
[0.463s] -- Up-to-date: /home/fbot/kobuki_base_ros2/install/kobuki_ros_interfaces/share/kobuki_ros_interfaces/msg/Sound.idl
[0.463s] -- Up-to-date: /home/fbot/kobuki_base_ros2/install/kobuki_ros_interfaces/share/kobuki_ros_interfaces/msg/ScanAngle.idl
[0.463s] -- Up-to-date: /home/fbot/kobuki_base_ros2/install/kobuki_ros_interfaces/share/kobuki_ros_interfaces/msg/WheelDropEvent.idl
[0.463s] -- Up-to-date: /home/fbot/kobuki_base_ros2/install/kobuki_ros_interfaces/share/kobuki_ros_interfaces/action/AutoDocking.idl
[0.463s] -- Up-to-date: /home/fbot/kobuki_base_ros2/install/kobuki_ros_interfaces/share/kobuki_ros_interfaces/msg/BumperEvent.msg
[0.463s] -- Up-to-date: /home/fbot/kobuki_base_ros2/install/kobuki_ros_interfaces/share/kobuki_ros_interfaces/msg/CliffEvent.msg
[0.463s] -- Up-to-date: /home/fbot/kobuki_base_ros2/install/kobuki_ros_interfaces/share/kobuki_ros_interfaces/msg/DigitalOutput.msg
[0.464s] -- Up-to-date: /home/fbot/kobuki_base_ros2/install/kobuki_ros_interfaces/share/kobuki_ros_interfaces/msg/ExternalPower.msg
[0.464s] -- Up-to-date: /home/fbot/kobuki_base_ros2/install/kobuki_ros_interfaces/share/kobuki_ros_interfaces/msg/Led.msg
[0.464s] -- Up-to-date: /home/fbot/kobuki_base_ros2/install/kobuki_ros_interfaces/share/kobuki_ros_interfaces/msg/PowerSystemEvent.msg
[0.464s] -- Up-to-date: /home/fbot/kobuki_base_ros2/install/kobuki_ros_interfaces/share/kobuki_ros_interfaces/msg/SensorState.msg
[0.464s] -- Up-to-date: /home/fbot/kobuki_base_ros2/install/kobuki_ros_interfaces/share/kobuki_ros_interfaces/msg/VersionInfo.msg
[0.464s] -- Up-to-date: /home/fbot/kobuki_base_ros2/install/kobuki_ros_interfaces/share/kobuki_ros_interfaces/msg/ControllerInfo.msg
[0.464s] -- Up-to-date: /home/fbot/kobuki_base_ros2/install/kobuki_ros_interfaces/share/kobuki_ros_interfaces/msg/ButtonEvent.msg
[0.464s] -- Up-to-date: /home/fbot/kobuki_base_ros2/install/kobuki_ros_interfaces/share/kobuki_ros_interfaces/msg/DigitalInputEvent.msg
[0.464s] -- Up-to-date: /home/fbot/kobuki_base_ros2/install/kobuki_ros_interfaces/share/kobuki_ros_interfaces/msg/DockInfraRed.msg
[0.464s] -- Up-to-date: /home/fbot/kobuki_base_ros2/install/kobuki_ros_interfaces/share/kobuki_ros_interfaces/msg/KeyboardInput.msg
[0.464s] -- Up-to-date: /home/fbot/kobuki_base_ros2/install/kobuki_ros_interfaces/share/kobuki_ros_interfaces/msg/MotorPower.msg
[0.464s] -- Up-to-date: /home/fbot/kobuki_base_ros2/install/kobuki_ros_interfaces/share/kobuki_ros_interfaces/msg/RobotStateEvent.msg
[0.464s] -- Up-to-date: /home/fbot/kobuki_base_ros2/install/kobuki_ros_interfaces/share/kobuki_ros_interfaces/msg/Sound.msg
[0.465s] -- Up-to-date: /home/fbot/kobuki_base_ros2/install/kobuki_ros_interfaces/share/kobuki_ros_interfaces/msg/ScanAngle.msg
[0.465s] -- Up-to-date: /home/fbot/kobuki_base_ros2/install/kobuki_ros_interfaces/share/kobuki_ros_interfaces/msg/WheelDropEvent.msg
[0.465s] -- Up-to-date: /home/fbot/kobuki_base_ros2/install/kobuki_ros_interfaces/share/kobuki_ros_interfaces/action/AutoDocking.action
[0.465s] -- Up-to-date: /home/fbot/kobuki_base_ros2/install/kobuki_ros_interfaces/share/ament_index/resource_index/package_run_dependencies/kobuki_ros_interfaces
[0.465s] -- Up-to-date: /home/fbot/kobuki_base_ros2/install/kobuki_ros_interfaces/share/ament_index/resource_index/parent_prefix_path/kobuki_ros_interfaces
[0.465s] -- Up-to-date: /home/fbot/kobuki_base_ros2/install/kobuki_ros_interfaces/share/kobuki_ros_interfaces/environment/ament_prefix_path.sh
[0.465s] -- Up-to-date: /home/fbot/kobuki_base_ros2/install/kobuki_ros_interfaces/share/kobuki_ros_interfaces/environment/ament_prefix_path.dsv
[0.465s] -- Up-to-date: /home/fbot/kobuki_base_ros2/install/kobuki_ros_interfaces/share/kobuki_ros_interfaces/environment/path.sh
[0.465s] -- Up-to-date: /home/fbot/kobuki_base_ros2/install/kobuki_ros_interfaces/share/kobuki_ros_interfaces/environment/path.dsv
[0.465s] -- Up-to-date: /home/fbot/kobuki_base_ros2/install/kobuki_ros_interfaces/share/kobuki_ros_interfaces/local_setup.bash
[0.465s] -- Up-to-date: /home/fbot/kobuki_base_ros2/install/kobuki_ros_interfaces/share/kobuki_ros_interfaces/local_setup.sh
[0.466s] -- Up-to-date: /home/fbot/kobuki_base_ros2/install/kobuki_ros_interfaces/share/kobuki_ros_interfaces/local_setup.zsh
[0.466s] -- Up-to-date: /home/fbot/kobuki_base_ros2/install/kobuki_ros_interfaces/share/kobuki_ros_interfaces/local_setup.dsv
[0.466s] -- Installing: /home/fbot/kobuki_base_ros2/install/kobuki_ros_interfaces/share/kobuki_ros_interfaces/package.dsv
[0.466s] -- Up-to-date: /home/fbot/kobuki_base_ros2/install/kobuki_ros_interfaces/share/ament_index/resource_index/packages/kobuki_ros_interfaces
[0.466s] -- Up-to-date: /home/fbot/kobuki_base_ros2/install/kobuki_ros_interfaces/share/kobuki_ros_interfaces/cmake/export_kobuki_ros_interfaces__rosidl_generator_cExport.cmake
[0.466s] -- Up-to-date: /home/fbot/kobuki_base_ros2/install/kobuki_ros_interfaces/share/kobuki_ros_interfaces/cmake/export_kobuki_ros_interfaces__rosidl_generator_cExport-noconfig.cmake
[0.466s] -- Up-to-date: /home/fbot/kobuki_base_ros2/install/kobuki_ros_interfaces/share/kobuki_ros_interfaces/cmake/export_kobuki_ros_interfaces__rosidl_typesupport_fastrtps_cExport.cmake
[0.466s] -- Up-to-date: /home/fbot/kobuki_base_ros2/install/kobuki_ros_interfaces/share/kobuki_ros_interfaces/cmake/export_kobuki_ros_interfaces__rosidl_typesupport_fastrtps_cExport-noconfig.cmake
[0.466s] -- Up-to-date: /home/fbot/kobuki_base_ros2/install/kobuki_ros_interfaces/share/kobuki_ros_interfaces/cmake/export_kobuki_ros_interfaces__rosidl_generator_cppExport.cmake
[0.466s] -- Up-to-date: /home/fbot/kobuki_base_ros2/install/kobuki_ros_interfaces/share/kobuki_ros_interfaces/cmake/export_kobuki_ros_interfaces__rosidl_typesupport_fastrtps_cppExport.cmake
[0.466s] -- Up-to-date: /home/fbot/kobuki_base_ros2/install/kobuki_ros_interfaces/share/kobuki_ros_interfaces/cmake/export_kobuki_ros_interfaces__rosidl_typesupport_fastrtps_cppExport-noconfig.cmake
[0.467s] -- Up-to-date: /home/fbot/kobuki_base_ros2/install/kobuki_ros_interfaces/share/kobuki_ros_interfaces/cmake/kobuki_ros_interfaces__rosidl_typesupport_introspection_cExport.cmake
[0.467s] -- Up-to-date: /home/fbot/kobuki_base_ros2/install/kobuki_ros_interfaces/share/kobuki_ros_interfaces/cmake/kobuki_ros_interfaces__rosidl_typesupport_introspection_cExport-noconfig.cmake
[0.467s] -- Up-to-date: /home/fbot/kobuki_base_ros2/install/kobuki_ros_interfaces/share/kobuki_ros_interfaces/cmake/kobuki_ros_interfaces__rosidl_typesupport_cExport.cmake
[0.467s] -- Up-to-date: /home/fbot/kobuki_base_ros2/install/kobuki_ros_interfaces/share/kobuki_ros_interfaces/cmake/kobuki_ros_interfaces__rosidl_typesupport_cExport-noconfig.cmake
[0.467s] -- Up-to-date: /home/fbot/kobuki_base_ros2/install/kobuki_ros_interfaces/share/kobuki_ros_interfaces/cmake/kobuki_ros_interfaces__rosidl_typesupport_introspection_cppExport.cmake
[0.467s] -- Up-to-date: /home/fbot/kobuki_base_ros2/install/kobuki_ros_interfaces/share/kobuki_ros_interfaces/cmake/kobuki_ros_interfaces__rosidl_typesupport_introspection_cppExport-noconfig.cmake
[0.467s] -- Up-to-date: /home/fbot/kobuki_base_ros2/install/kobuki_ros_interfaces/share/kobuki_ros_interfaces/cmake/kobuki_ros_interfaces__rosidl_typesupport_cppExport.cmake
[0.467s] -- Up-to-date: /home/fbot/kobuki_base_ros2/install/kobuki_ros_interfaces/share/kobuki_ros_interfaces/cmake/kobuki_ros_interfaces__rosidl_typesupport_cppExport-noconfig.cmake
[0.467s] -- Up-to-date: /home/fbot/kobuki_base_ros2/install/kobuki_ros_interfaces/share/kobuki_ros_interfaces/cmake/export_kobuki_ros_interfaces__rosidl_generator_pyExport.cmake
[0.468s] -- Up-to-date: /home/fbot/kobuki_base_ros2/install/kobuki_ros_interfaces/share/kobuki_ros_interfaces/cmake/export_kobuki_ros_interfaces__rosidl_generator_pyExport-noconfig.cmake
[0.468s] -- Up-to-date: /home/fbot/kobuki_base_ros2/install/kobuki_ros_interfaces/share/kobuki_ros_interfaces/cmake/rosidl_cmake-extras.cmake
[0.468s] -- Up-to-date: /home/fbot/kobuki_base_ros2/install/kobuki_ros_interfaces/share/kobuki_ros_interfaces/cmake/ament_cmake_export_dependencies-extras.cmake
[0.468s] -- Up-to-date: /home/fbot/kobuki_base_ros2/install/kobuki_ros_interfaces/share/kobuki_ros_interfaces/cmake/ament_cmake_export_include_directories-extras.cmake
[0.468s] -- Up-to-date: /home/fbot/kobuki_base_ros2/install/kobuki_ros_interfaces/share/kobuki_ros_interfaces/cmake/ament_cmake_export_libraries-extras.cmake
[0.468s] -- Up-to-date: /home/fbot/kobuki_base_ros2/install/kobuki_ros_interfaces/share/kobuki_ros_interfaces/cmake/ament_cmake_export_targets-extras.cmake
[0.468s] -- Up-to-date: /home/fbot/kobuki_base_ros2/install/kobuki_ros_interfaces/share/kobuki_ros_interfaces/cmake/rosidl_cmake_export_typesupport_targets-extras.cmake
[0.468s] -- Up-to-date: /home/fbot/kobuki_base_ros2/install/kobuki_ros_interfaces/share/kobuki_ros_interfaces/cmake/rosidl_cmake_export_typesupport_libraries-extras.cmake
[0.468s] -- Up-to-date: /home/fbot/kobuki_base_ros2/install/kobuki_ros_interfaces/share/kobuki_ros_interfaces/cmake/kobuki_ros_interfacesConfig.cmake
[0.468s] -- Up-to-date: /home/fbot/kobuki_base_ros2/install/kobuki_ros_interfaces/share/kobuki_ros_interfaces/cmake/kobuki_ros_interfacesConfig-version.cmake
[0.468s] -- Up-to-date: /home/fbot/kobuki_base_ros2/install/kobuki_ros_interfaces/share/kobuki_ros_interfaces/package.xml
[0.471s] Invoked command in '/home/fbot/kobuki_base_ros2/build/kobuki_ros_interfaces' returned '0': CMAKE_PREFIX_PATH=/opt/ros/humble /usr/bin/cmake --install /home/fbot/kobuki_base_ros2/build/kobuki_ros_interfaces
