[0.078s] Invoking command in '/home/fbot/kobuki_base_ros2/build/ecl_time_lite': AMENT_PREFIX_PATH=/home/fbot/kobuki_base_ros2/install/ecl_errors:/home/fbot/kobuki_base_ros2/install/ecl_config:${AMENT_PREFIX_PATH} CMAKE_PREFIX_PATH=/home/fbot/kobuki_base_ros2/install/ecl_errors:/home/fbot/kobuki_base_ros2/install/ecl_config:/opt/ros/humble LD_LIBRARY_PATH=/home/fbot/kobuki_base_ros2/install/ecl_errors/lib:${LD_LIBRARY_PATH} PATH=/home/fbot/kobuki_base_ros2/install/ecl_config/bin:${PATH} /usr/bin/cmake /home/fbot/kobuki_base_ros2/src/ecl_lite/ecl_time_lite -DCMAKE_INSTALL_PREFIX=/home/fbot/kobuki_base_ros2/install/ecl_time_lite
[0.266s] -- The C compiler identification is GNU 11.4.0
[0.482s] -- The CXX compiler identification is GNU 11.4.0
[0.522s] -- Detecting C compiler ABI info
[0.717s] -- Detecting C compiler ABI info - done
[0.740s] -- Check for working C compiler: /usr/bin/cc - skipped
[0.741s] -- Detecting C compile features
[0.741s] -- Detecting C compile features - done
[0.750s] -- Detecting CXX compiler ABI info
[0.969s] -- Detecting CXX compiler ABI info - done
[0.997s] -- Check for working CXX compiler: /usr/bin/c++ - skipped
[0.997s] -- Detecting CXX compile features
[0.998s] -- Detecting CXX compile features - done
[1.003s] -- Found ament_cmake_ros: 0.10.0 (/opt/ros/humble/share/ament_cmake_ros/cmake)
[1.444s] -- Found Python3: /usr/bin/python3 (found version "3.10.12") found components: Interpreter 
[1.633s] -- Found ecl_build: 1.0.3 (/opt/ros/humble/share/ecl_build/cmake)
[1.650s] -- Found ecl_config: 1.2.0 (/home/fbot/kobuki_base_ros2/install/ecl_config/share/ecl_config/cmake)
[1.652s] -- Found ecl_errors: 1.2.0 (/home/fbot/kobuki_base_ros2/install/ecl_errors/share/ecl_errors/cmake)
[1.770s] -- Looking for _POSIX_VERSION
[2.005s] -- Looking for _POSIX_VERSION - found
[2.005s] -- Looking for realpath in rt
[2.245s] -- Looking for realpath in rt - found
[2.245s] -- Looking for clock_nanosleep in rt
[2.452s] -- Looking for clock_nanosleep in rt - found
[2.453s] -- Looking for clock_gettime in rt
[2.616s] -- Looking for clock_gettime in rt - found
[2.616s] -- Looking for pthread_mutex_timedlock in pthread
[2.810s] -- Looking for pthread_mutex_timedlock in pthread - found
[2.810s] -- Looking for nanosleep in pthread
[3.006s] -- Looking for nanosleep in pthread - found
[3.006s] -- Looking for shm_open in rt
[3.179s] -- Looking for shm_open in rt - found
[3.179s] -- Looking for sched_setscheduler in pthread
[3.383s] -- Looking for sched_setscheduler in pthread - found
[3.383s] -- Looking for sem_timedwait in pthread
[3.530s] -- Looking for sem_timedwait in pthread - found
[3.530s] -- Looking for sem_init in pthread
[3.718s] -- Looking for sem_init in pthread - found
[3.718s] -- Looking for CLOCK_MONOTONIC
[3.880s] -- Looking for CLOCK_MONOTONIC - found
[3.880s] -- Looking for CLOCK_PROCESS_CPUTIME_ID
[4.068s] -- Looking for CLOCK_PROCESS_CPUTIME_ID - found
[4.070s] -- Looking for pthread.h
[4.258s] -- Looking for pthread.h - found
[4.258s] -- Performing Test CMAKE_HAVE_LIBC_PTHREAD
[4.402s] -- Performing Test CMAKE_HAVE_LIBC_PTHREAD - Success
[4.405s] -- Found Threads: TRUE  
[4.435s] -- Configuring done
[4.450s] -- Generating done
[4.455s] -- Build files have been written to: /home/fbot/kobuki_base_ros2/build/ecl_time_lite
[4.466s] Invoked command in '/home/fbot/kobuki_base_ros2/build/ecl_time_lite' returned '0': AMENT_PREFIX_PATH=/home/fbot/kobuki_base_ros2/install/ecl_errors:/home/fbot/kobuki_base_ros2/install/ecl_config:${AMENT_PREFIX_PATH} CMAKE_PREFIX_PATH=/home/fbot/kobuki_base_ros2/install/ecl_errors:/home/fbot/kobuki_base_ros2/install/ecl_config:/opt/ros/humble LD_LIBRARY_PATH=/home/fbot/kobuki_base_ros2/install/ecl_errors/lib:${LD_LIBRARY_PATH} PATH=/home/fbot/kobuki_base_ros2/install/ecl_config/bin:${PATH} /usr/bin/cmake /home/fbot/kobuki_base_ros2/src/ecl_lite/ecl_time_lite -DCMAKE_INSTALL_PREFIX=/home/fbot/kobuki_base_ros2/install/ecl_time_lite
[4.467s] Invoking command in '/home/fbot/kobuki_base_ros2/build/ecl_time_lite': AMENT_PREFIX_PATH=/home/fbot/kobuki_base_ros2/install/ecl_errors:/home/fbot/kobuki_base_ros2/install/ecl_config:${AMENT_PREFIX_PATH} CMAKE_PREFIX_PATH=/home/fbot/kobuki_base_ros2/install/ecl_errors:/home/fbot/kobuki_base_ros2/install/ecl_config:/opt/ros/humble LD_LIBRARY_PATH=/home/fbot/kobuki_base_ros2/install/ecl_errors/lib:${LD_LIBRARY_PATH} PATH=/home/fbot/kobuki_base_ros2/install/ecl_config/bin:${PATH} /usr/bin/cmake --build /home/fbot/kobuki_base_ros2/build/ecl_time_lite -- -j12 -l12
[4.571s] [ 11%] [32mBuilding CXX object src/lib/CMakeFiles/ecl_time_lite.dir/cpu_time.cpp.o[0m
[4.572s] [ 22%] [32mBuilding CXX object src/lib/CMakeFiles/ecl_time_lite.dir/date.cpp.o[0m
[4.575s] [ 33%] [32mBuilding CXX object src/lib/CMakeFiles/ecl_time_lite.dir/functions_pos.cpp.o[0m
[4.581s] [ 44%] [32mBuilding CXX object src/lib/CMakeFiles/ecl_time_lite.dir/functions_rt.cpp.o[0m
[4.583s] [ 55%] [32mBuilding CXX object src/lib/CMakeFiles/ecl_time_lite.dir/functions_win.cpp.o[0m
[4.595s] [ 66%] [32mBuilding CXX object src/lib/CMakeFiles/ecl_time_lite.dir/functions_mac.cpp.o[0m
[4.820s] [ 77%] [32m[1mLinking CXX shared library libecl_time_lite.so[0m
[4.962s] [ 77%] Built target ecl_time_lite
[4.985s] [ 88%] [32mBuilding CXX object src/examples/CMakeFiles/demo_time_functions.dir/time_functions.cpp.o[0m
[5.200s] [100%] [32m[1mLinking CXX executable demo_time_functions[0m
[5.274s] [100%] Built target demo_time_functions
[5.283s] Invoked command in '/home/fbot/kobuki_base_ros2/build/ecl_time_lite' returned '0': AMENT_PREFIX_PATH=/home/fbot/kobuki_base_ros2/install/ecl_errors:/home/fbot/kobuki_base_ros2/install/ecl_config:${AMENT_PREFIX_PATH} CMAKE_PREFIX_PATH=/home/fbot/kobuki_base_ros2/install/ecl_errors:/home/fbot/kobuki_base_ros2/install/ecl_config:/opt/ros/humble LD_LIBRARY_PATH=/home/fbot/kobuki_base_ros2/install/ecl_errors/lib:${LD_LIBRARY_PATH} PATH=/home/fbot/kobuki_base_ros2/install/ecl_config/bin:${PATH} /usr/bin/cmake --build /home/fbot/kobuki_base_ros2/build/ecl_time_lite -- -j12 -l12
[5.284s] Invoking command in '/home/fbot/kobuki_base_ros2/build/ecl_time_lite': AMENT_PREFIX_PATH=/home/fbot/kobuki_base_ros2/install/ecl_errors:/home/fbot/kobuki_base_ros2/install/ecl_config:${AMENT_PREFIX_PATH} CMAKE_PREFIX_PATH=/home/fbot/kobuki_base_ros2/install/ecl_errors:/home/fbot/kobuki_base_ros2/install/ecl_config:/opt/ros/humble LD_LIBRARY_PATH=/home/fbot/kobuki_base_ros2/install/ecl_errors/lib:${LD_LIBRARY_PATH} PATH=/home/fbot/kobuki_base_ros2/install/ecl_config/bin:${PATH} /usr/bin/cmake --install /home/fbot/kobuki_base_ros2/build/ecl_time_lite
[5.291s] -- Install configuration: ""
[5.291s] -- Installing: /home/fbot/kobuki_base_ros2/install/ecl_time_lite/share/ecl_time_lite/environment/library_path.sh
[5.291s] -- Installing: /home/fbot/kobuki_base_ros2/install/ecl_time_lite/share/ecl_time_lite/environment/library_path.dsv
[5.292s] -- Installing: /home/fbot/kobuki_base_ros2/install/ecl_time_lite/share/ament_index/resource_index/package_run_dependencies/ecl_time_lite
[5.292s] -- Installing: /home/fbot/kobuki_base_ros2/install/ecl_time_lite/share/ament_index/resource_index/parent_prefix_path/ecl_time_lite
[5.292s] -- Installing: /home/fbot/kobuki_base_ros2/install/ecl_time_lite/share/ecl_time_lite/environment/ament_prefix_path.sh
[5.292s] -- Installing: /home/fbot/kobuki_base_ros2/install/ecl_time_lite/share/ecl_time_lite/environment/ament_prefix_path.dsv
[5.292s] -- Installing: /home/fbot/kobuki_base_ros2/install/ecl_time_lite/share/ecl_time_lite/environment/path.sh
[5.292s] -- Installing: /home/fbot/kobuki_base_ros2/install/ecl_time_lite/share/ecl_time_lite/environment/path.dsv
[5.293s] -- Installing: /home/fbot/kobuki_base_ros2/install/ecl_time_lite/share/ecl_time_lite/local_setup.bash
[5.293s] -- Installing: /home/fbot/kobuki_base_ros2/install/ecl_time_lite/share/ecl_time_lite/local_setup.sh
[5.293s] -- Installing: /home/fbot/kobuki_base_ros2/install/ecl_time_lite/share/ecl_time_lite/local_setup.zsh
[5.293s] -- Installing: /home/fbot/kobuki_base_ros2/install/ecl_time_lite/share/ecl_time_lite/local_setup.dsv
[5.293s] -- Installing: /home/fbot/kobuki_base_ros2/install/ecl_time_lite/share/ecl_time_lite/package.dsv
[5.293s] -- Installing: /home/fbot/kobuki_base_ros2/install/ecl_time_lite/share/ament_index/resource_index/packages/ecl_time_lite
[5.293s] -- Installing: /home/fbot/kobuki_base_ros2/install/ecl_time_lite/share/ecl_time_lite/cmake/ecl_time_liteExport.cmake
[5.294s] -- Installing: /home/fbot/kobuki_base_ros2/install/ecl_time_lite/share/ecl_time_lite/cmake/ecl_time_liteExport-noconfig.cmake
[5.294s] -- Installing: /home/fbot/kobuki_base_ros2/install/ecl_time_lite/share/ecl_time_lite/cmake/ament_cmake_export_targets-extras.cmake
[5.294s] -- Installing: /home/fbot/kobuki_base_ros2/install/ecl_time_lite/share/ecl_time_lite/cmake/ament_cmake_export_include_directories-extras.cmake
[5.294s] -- Installing: /home/fbot/kobuki_base_ros2/install/ecl_time_lite/share/ecl_time_lite/cmake/ament_cmake_export_libraries-extras.cmake
[5.294s] -- Installing: /home/fbot/kobuki_base_ros2/install/ecl_time_lite/share/ecl_time_lite/cmake/ament_cmake_export_dependencies-extras.cmake
[5.294s] -- Installing: /home/fbot/kobuki_base_ros2/install/ecl_time_lite/share/ecl_time_lite/cmake/ecl_time_liteConfig.cmake
[5.294s] -- Installing: /home/fbot/kobuki_base_ros2/install/ecl_time_lite/share/ecl_time_lite/cmake/ecl_time_liteConfig-version.cmake
[5.295s] -- Installing: /home/fbot/kobuki_base_ros2/install/ecl_time_lite/share/ecl_time_lite/package.xml
[5.295s] -- Installing: /home/fbot/kobuki_base_ros2/install/ecl_time_lite/include/ecl/time_lite.hpp
[5.295s] -- Installing: /home/fbot/kobuki_base_ros2/install/ecl_time_lite/include/ecl/time_lite/cpu_time.hpp
[5.295s] -- Installing: /home/fbot/kobuki_base_ros2/install/ecl_time_lite/include/ecl/time_lite/date.hpp
[5.296s] -- Installing: /home/fbot/kobuki_base_ros2/install/ecl_time_lite/include/ecl/time_lite/errors.hpp
[5.296s] -- Installing: /home/fbot/kobuki_base_ros2/install/ecl_time_lite/include/ecl/time_lite/functions.hpp
[5.296s] -- Installing: /home/fbot/kobuki_base_ros2/install/ecl_time_lite/include/ecl/time_lite/functions_mac.hpp
[5.296s] -- Installing: /home/fbot/kobuki_base_ros2/install/ecl_time_lite/include/ecl/time_lite/functions_pos.hpp
[5.296s] -- Installing: /home/fbot/kobuki_base_ros2/install/ecl_time_lite/include/ecl/time_lite/functions_rt.hpp
[5.296s] -- Installing: /home/fbot/kobuki_base_ros2/install/ecl_time_lite/include/ecl/time_lite/functions_win.hpp
[5.296s] -- Installing: /home/fbot/kobuki_base_ros2/install/ecl_time_lite/include/ecl/time_lite/macros.hpp
[5.296s] -- Installing: /home/fbot/kobuki_base_ros2/install/ecl_time_lite/include/ecl/time_lite/types.hpp
[5.297s] -- Installing: /home/fbot/kobuki_base_ros2/install/ecl_time_lite/include/ecl/time_lite/types_pos.hpp
[5.297s] -- Installing: /home/fbot/kobuki_base_ros2/install/ecl_time_lite/include/ecl/time_lite/types_win.hpp
[5.297s] -- Installing: /home/fbot/kobuki_base_ros2/install/ecl_time_lite/include/ecl/time_lite/config.hpp
[5.297s] -- Installing: /home/fbot/kobuki_base_ros2/install/ecl_time_lite/lib/libecl_time_lite.so.1.2.0
[5.297s] -- Set runtime path of "/home/fbot/kobuki_base_ros2/install/ecl_time_lite/lib/libecl_time_lite.so.1.2.0" to ""
[5.298s] -- Installing: /home/fbot/kobuki_base_ros2/install/ecl_time_lite/lib/libecl_time_lite.so
[5.298s] -- Installing: /home/fbot/kobuki_base_ros2/install/ecl_time_lite/lib/ecl_time_lite/demo_time_functions
[5.298s] -- Set runtime path of "/home/fbot/kobuki_base_ros2/install/ecl_time_lite/lib/ecl_time_lite/demo_time_functions" to ""
[5.300s] Invoked command in '/home/fbot/kobuki_base_ros2/build/ecl_time_lite' returned '0': AMENT_PREFIX_PATH=/home/fbot/kobuki_base_ros2/install/ecl_errors:/home/fbot/kobuki_base_ros2/install/ecl_config:${AMENT_PREFIX_PATH} CMAKE_PREFIX_PATH=/home/fbot/kobuki_base_ros2/install/ecl_errors:/home/fbot/kobuki_base_ros2/install/ecl_config:/opt/ros/humble LD_LIBRARY_PATH=/home/fbot/kobuki_base_ros2/install/ecl_errors/lib:${LD_LIBRARY_PATH} PATH=/home/fbot/kobuki_base_ros2/install/ecl_config/bin:${PATH} /usr/bin/cmake --install /home/fbot/kobuki_base_ros2/build/ecl_time_lite
