[0.081s] Invoking command in '/home/fbot/kobuki_base_ros2/build/ecl_sigslots_lite': AMENT_PREFIX_PATH=/home/fbot/kobuki_base_ros2/install/ecl_errors:/home/fbot/kobuki_base_ros2/install/ecl_config:${AMENT_PREFIX_PATH} CMAKE_PREFIX_PATH=/home/fbot/kobuki_base_ros2/install/ecl_errors:/home/fbot/kobuki_base_ros2/install/ecl_config:/opt/ros/humble LD_LIBRARY_PATH=/home/fbot/kobuki_base_ros2/install/ecl_errors/lib:${LD_LIBRARY_PATH} PATH=/home/fbot/kobuki_base_ros2/install/ecl_config/bin:${PATH} /usr/bin/cmake --build /home/fbot/kobuki_base_ros2/build/ecl_sigslots_lite -- -j12 -l12
[0.104s] [35m[1mConsolidate compiler generated dependencies of target demo_sigslots_lite[0m
[0.118s] [100%] Built target demo_sigslots_lite
[0.161s] Invoked command in '/home/fbot/kobuki_base_ros2/build/ecl_sigslots_lite' returned '0': AMENT_PREFIX_PATH=/home/fbot/kobuki_base_ros2/install/ecl_errors:/home/fbot/kobuki_base_ros2/install/ecl_config:${AMENT_PREFIX_PATH} CMAKE_PREFIX_PATH=/home/fbot/kobuki_base_ros2/install/ecl_errors:/home/fbot/kobuki_base_ros2/install/ecl_config:/opt/ros/humble LD_LIBRARY_PATH=/home/fbot/kobuki_base_ros2/install/ecl_errors/lib:${LD_LIBRARY_PATH} PATH=/home/fbot/kobuki_base_ros2/install/ecl_config/bin:${PATH} /usr/bin/cmake --build /home/fbot/kobuki_base_ros2/build/ecl_sigslots_lite -- -j12 -l12
[0.161s] Invoking command in '/home/fbot/kobuki_base_ros2/build/ecl_sigslots_lite': AMENT_PREFIX_PATH=/home/fbot/kobuki_base_ros2/install/ecl_errors:/home/fbot/kobuki_base_ros2/install/ecl_config:${AMENT_PREFIX_PATH} CMAKE_PREFIX_PATH=/home/fbot/kobuki_base_ros2/install/ecl_errors:/home/fbot/kobuki_base_ros2/install/ecl_config:/opt/ros/humble LD_LIBRARY_PATH=/home/fbot/kobuki_base_ros2/install/ecl_errors/lib:${LD_LIBRARY_PATH} PATH=/home/fbot/kobuki_base_ros2/install/ecl_config/bin:${PATH} /usr/bin/cmake --install /home/fbot/kobuki_base_ros2/build/ecl_sigslots_lite
[0.171s] -- Install configuration: ""
[0.171s] -- Up-to-date: /home/fbot/kobuki_base_ros2/install/ecl_sigslots_lite/share/ament_index/resource_index/package_run_dependencies/ecl_sigslots_lite
[0.171s] -- Up-to-date: /home/fbot/kobuki_base_ros2/install/ecl_sigslots_lite/share/ament_index/resource_index/parent_prefix_path/ecl_sigslots_lite
[0.171s] -- Up-to-date: /home/fbot/kobuki_base_ros2/install/ecl_sigslots_lite/share/ecl_sigslots_lite/environment/ament_prefix_path.sh
[0.172s] -- Up-to-date: /home/fbot/kobuki_base_ros2/install/ecl_sigslots_lite/share/ecl_sigslots_lite/environment/ament_prefix_path.dsv
[0.172s] -- Up-to-date: /home/fbot/kobuki_base_ros2/install/ecl_sigslots_lite/share/ecl_sigslots_lite/environment/path.sh
[0.172s] -- Up-to-date: /home/fbot/kobuki_base_ros2/install/ecl_sigslots_lite/share/ecl_sigslots_lite/environment/path.dsv
[0.172s] -- Up-to-date: /home/fbot/kobuki_base_ros2/install/ecl_sigslots_lite/share/ecl_sigslots_lite/local_setup.bash
[0.172s] -- Up-to-date: /home/fbot/kobuki_base_ros2/install/ecl_sigslots_lite/share/ecl_sigslots_lite/local_setup.sh
[0.172s] -- Up-to-date: /home/fbot/kobuki_base_ros2/install/ecl_sigslots_lite/share/ecl_sigslots_lite/local_setup.zsh
[0.172s] -- Up-to-date: /home/fbot/kobuki_base_ros2/install/ecl_sigslots_lite/share/ecl_sigslots_lite/local_setup.dsv
[0.172s] -- Installing: /home/fbot/kobuki_base_ros2/install/ecl_sigslots_lite/share/ecl_sigslots_lite/package.dsv
[0.172s] -- Up-to-date: /home/fbot/kobuki_base_ros2/install/ecl_sigslots_lite/share/ament_index/resource_index/packages/ecl_sigslots_lite
[0.172s] -- Up-to-date: /home/fbot/kobuki_base_ros2/install/ecl_sigslots_lite/share/ecl_sigslots_lite/cmake/ecl_sigslots_liteExport.cmake
[0.172s] -- Up-to-date: /home/fbot/kobuki_base_ros2/install/ecl_sigslots_lite/share/ecl_sigslots_lite/cmake/ament_cmake_export_targets-extras.cmake
[0.173s] -- Up-to-date: /home/fbot/kobuki_base_ros2/install/ecl_sigslots_lite/share/ecl_sigslots_lite/cmake/ament_cmake_export_include_directories-extras.cmake
[0.173s] -- Up-to-date: /home/fbot/kobuki_base_ros2/install/ecl_sigslots_lite/share/ecl_sigslots_lite/cmake/ament_cmake_export_dependencies-extras.cmake
[0.173s] -- Up-to-date: /home/fbot/kobuki_base_ros2/install/ecl_sigslots_lite/share/ecl_sigslots_lite/cmake/ecl_sigslots_liteConfig.cmake
[0.173s] -- Up-to-date: /home/fbot/kobuki_base_ros2/install/ecl_sigslots_lite/share/ecl_sigslots_lite/cmake/ecl_sigslots_liteConfig-version.cmake
[0.173s] -- Up-to-date: /home/fbot/kobuki_base_ros2/install/ecl_sigslots_lite/share/ecl_sigslots_lite/package.xml
[0.173s] -- Up-to-date: /home/fbot/kobuki_base_ros2/install/ecl_sigslots_lite/include/ecl/sigslots_lite.hpp
[0.173s] -- Up-to-date: /home/fbot/kobuki_base_ros2/install/ecl_sigslots_lite/include/ecl/sigslots_lite/connect.hpp
[0.173s] -- Up-to-date: /home/fbot/kobuki_base_ros2/install/ecl_sigslots_lite/include/ecl/sigslots_lite/errors.hpp
[0.173s] -- Up-to-date: /home/fbot/kobuki_base_ros2/install/ecl_sigslots_lite/include/ecl/sigslots_lite/managers.hpp
[0.173s] -- Up-to-date: /home/fbot/kobuki_base_ros2/install/ecl_sigslots_lite/include/ecl/sigslots_lite/signal.hpp
[0.173s] -- Up-to-date: /home/fbot/kobuki_base_ros2/install/ecl_sigslots_lite/include/ecl/sigslots_lite/slot.hpp
[0.173s] -- Up-to-date: /home/fbot/kobuki_base_ros2/install/ecl_sigslots_lite/include/ecl/sigslots_lite/utilities.hpp
[0.176s] -- Up-to-date: /home/fbot/kobuki_base_ros2/install/ecl_sigslots_lite/lib/ecl_sigslots_lite/demo_sigslots_lite
[0.198s] Invoked command in '/home/fbot/kobuki_base_ros2/build/ecl_sigslots_lite' returned '0': AMENT_PREFIX_PATH=/home/fbot/kobuki_base_ros2/install/ecl_errors:/home/fbot/kobuki_base_ros2/install/ecl_config:${AMENT_PREFIX_PATH} CMAKE_PREFIX_PATH=/home/fbot/kobuki_base_ros2/install/ecl_errors:/home/fbot/kobuki_base_ros2/install/ecl_config:/opt/ros/humble LD_LIBRARY_PATH=/home/fbot/kobuki_base_ros2/install/ecl_errors/lib:${LD_LIBRARY_PATH} PATH=/home/fbot/kobuki_base_ros2/install/ecl_config/bin:${PATH} /usr/bin/cmake --install /home/fbot/kobuki_base_ros2/build/ecl_sigslots_lite
