[0.024s] Invoking command in '/home/fbot/kobuki_base_ros2/build/ecl_streams': AMENT_PREFIX_PATH=/home/fbot/kobuki_base_ros2/install/ecl_devices:/home/fbot/kobuki_base_ros2/install/ecl_containers:/home/fbot/kobuki_base_ros2/install/ecl_threads:/home/fbot/kobuki_base_ros2/install/ecl_formatters:/home/fbot/kobuki_base_ros2/install/ecl_utilities:/home/fbot/kobuki_base_ros2/install/ecl_time:/home/fbot/kobuki_base_ros2/install/ecl_converters:/home/fbot/kobuki_base_ros2/install/ecl_time_lite:/home/fbot/kobuki_base_ros2/install/ecl_exceptions:/home/fbot/kobuki_base_ros2/install/ecl_concepts:/home/fbot/kobuki_base_ros2/install/ecl_type_traits:/home/fbot/kobuki_base_ros2/install/ecl_errors:/home/fbot/kobuki_base_ros2/install/ecl_mpl:/home/fbot/kobuki_base_ros2/install/ecl_config:${AMENT_PREFIX_PATH} CMAKE_PREFIX_PATH=/home/fbot/kobuki_base_ros2/install/ecl_devices:/home/fbot/kobuki_base_ros2/install/ecl_containers:/home/fbot/kobuki_base_ros2/install/ecl_threads:/home/fbot/kobuki_base_ros2/install/ecl_formatters:/home/fbot/kobuki_base_ros2/install/ecl_utilities:/home/fbot/kobuki_base_ros2/install/ecl_time:/home/fbot/kobuki_base_ros2/install/ecl_converters:/home/fbot/kobuki_base_ros2/install/ecl_time_lite:/home/fbot/kobuki_base_ros2/install/ecl_exceptions:/home/fbot/kobuki_base_ros2/install/ecl_concepts:/home/fbot/kobuki_base_ros2/install/ecl_type_traits:/home/fbot/kobuki_base_ros2/install/ecl_errors:/home/fbot/kobuki_base_ros2/install/ecl_mpl:/home/fbot/kobuki_base_ros2/install/ecl_config:/opt/ros/humble LD_LIBRARY_PATH=/home/fbot/kobuki_base_ros2/install/ecl_devices/lib:/home/fbot/kobuki_base_ros2/install/ecl_threads/lib:/home/fbot/kobuki_base_ros2/install/ecl_formatters/lib:/home/fbot/kobuki_base_ros2/install/ecl_time/lib:/home/fbot/kobuki_base_ros2/install/ecl_time_lite/lib:/home/fbot/kobuki_base_ros2/install/ecl_exceptions/lib:/home/fbot/kobuki_base_ros2/install/ecl_type_traits/lib:/home/fbot/kobuki_base_ros2/install/ecl_errors/lib:${LD_LIBRARY_PATH} PATH=/home/fbot/kobuki_base_ros2/install/ecl_type_traits/bin:/home/fbot/kobuki_base_ros2/install/ecl_config/bin:${PATH} /usr/bin/cmake /home/fbot/kobuki_base_ros2/src/ecl_core/ecl_streams -DCMAKE_INSTALL_PREFIX=/home/fbot/kobuki_base_ros2/install/ecl_streams
[0.069s] -- The C compiler identification is GNU 11.4.0
[0.116s] -- The CXX compiler identification is GNU 11.4.0
[0.124s] -- Detecting C compiler ABI info
[0.179s] -- Detecting C compiler ABI info - done
[0.186s] -- Check for working C compiler: /usr/bin/cc - skipped
[0.186s] -- Detecting C compile features
[0.186s] -- Detecting C compile features - done
[0.189s] -- Detecting CXX compiler ABI info
[0.252s] -- Detecting CXX compiler ABI info - done
[0.264s] -- Check for working CXX compiler: /usr/bin/c++ - skipped
[0.265s] -- Detecting CXX compile features
[0.265s] -- Detecting CXX compile features - done
[0.269s] -- Found ament_cmake_ros: 0.10.0 (/opt/ros/humble/share/ament_cmake_ros/cmake)
[0.426s] -- Found Python3: /usr/bin/python3 (found version "3.10.12") found components: Interpreter 
[0.519s] -- Found ecl_build: 1.0.3 (/opt/ros/humble/share/ecl_build/cmake)
[0.526s] -- Found ecl_concepts: 1.2.1 (/home/fbot/kobuki_base_ros2/install/ecl_concepts/share/ecl_concepts/cmake)
[0.536s] -- Found ecl_converters: 1.2.1 (/home/fbot/kobuki_base_ros2/install/ecl_converters/share/ecl_converters/cmake)
[0.543s] -- Found ecl_devices: 1.2.1 (/home/fbot/kobuki_base_ros2/install/ecl_devices/share/ecl_devices/cmake)
[0.553s] -- Looking for pthread.h
[0.609s] -- Looking for pthread.h - found
[0.609s] -- Performing Test CMAKE_HAVE_LIBC_PTHREAD
[0.667s] -- Performing Test CMAKE_HAVE_LIBC_PTHREAD - Success
[0.668s] [33mCMake Warning (dev) at /usr/share/cmake-3.22/Modules/FindPackageHandleStandardArgs.cmake:438 (message):
[0.668s]   The package name passed to `find_package_handle_standard_args` (Threads)
[0.669s]   does not match the name of the calling package (ecl_threads).  This can
[0.669s]   lead to problems in calling code that expects `find_package` result
[0.669s]   variables (e.g., `_FOUND`) to follow a certain pattern.
[0.669s] Call Stack (most recent call first):
[0.669s]   /usr/share/cmake-3.22/Modules/FindThreads.cmake:238 (FIND_PACKAGE_HANDLE_STANDARD_ARGS)
[0.669s]   /opt/ros/humble/share/ecl_build/cmake/ecl_platform_detection.cmake:225 (include)
[0.669s]   /home/fbot/kobuki_base_ros2/install/ecl_threads/share/ecl_threads/cmake/ecl_threads-extras.cmake:4 (ecl_detect_threads)
[0.669s]   /home/fbot/kobuki_base_ros2/install/ecl_threads/share/ecl_threads/cmake/ecl_threadsConfig.cmake:41 (include)
[0.669s]   /home/fbot/kobuki_base_ros2/install/ecl_devices/share/ecl_devices/cmake/ament_cmake_export_dependencies-extras.cmake:21 (find_package)
[0.669s]   /home/fbot/kobuki_base_ros2/install/ecl_devices/share/ecl_devices/cmake/ecl_devicesConfig.cmake:41 (include)
[0.669s]   CMakeLists.txt:20 (find_package)
[0.669s] This warning is for project developers.  Use -Wno-dev to suppress it.
[0.669s] [0m
[0.669s] -- Found Threads: TRUE  
[0.745s] -- Found ament_lint_auto: 0.12.15 (/opt/ros/humble/share/ament_lint_auto/cmake)
[0.773s] -- Found gtest sources under '/opt/ros/humble/src/gtest_vendor': C++ tests using 'Google Test' will be built
[0.788s] -- Configuring done
[0.821s] -- Generating done
[0.833s] -- Build files have been written to: /home/fbot/kobuki_base_ros2/build/ecl_streams
[0.843s] Invoked command in '/home/fbot/kobuki_base_ros2/build/ecl_streams' returned '0': AMENT_PREFIX_PATH=/home/fbot/kobuki_base_ros2/install/ecl_devices:/home/fbot/kobuki_base_ros2/install/ecl_containers:/home/fbot/kobuki_base_ros2/install/ecl_threads:/home/fbot/kobuki_base_ros2/install/ecl_formatters:/home/fbot/kobuki_base_ros2/install/ecl_utilities:/home/fbot/kobuki_base_ros2/install/ecl_time:/home/fbot/kobuki_base_ros2/install/ecl_converters:/home/fbot/kobuki_base_ros2/install/ecl_time_lite:/home/fbot/kobuki_base_ros2/install/ecl_exceptions:/home/fbot/kobuki_base_ros2/install/ecl_concepts:/home/fbot/kobuki_base_ros2/install/ecl_type_traits:/home/fbot/kobuki_base_ros2/install/ecl_errors:/home/fbot/kobuki_base_ros2/install/ecl_mpl:/home/fbot/kobuki_base_ros2/install/ecl_config:${AMENT_PREFIX_PATH} CMAKE_PREFIX_PATH=/home/fbot/kobuki_base_ros2/install/ecl_devices:/home/fbot/kobuki_base_ros2/install/ecl_containers:/home/fbot/kobuki_base_ros2/install/ecl_threads:/home/fbot/kobuki_base_ros2/install/ecl_formatters:/home/fbot/kobuki_base_ros2/install/ecl_utilities:/home/fbot/kobuki_base_ros2/install/ecl_time:/home/fbot/kobuki_base_ros2/install/ecl_converters:/home/fbot/kobuki_base_ros2/install/ecl_time_lite:/home/fbot/kobuki_base_ros2/install/ecl_exceptions:/home/fbot/kobuki_base_ros2/install/ecl_concepts:/home/fbot/kobuki_base_ros2/install/ecl_type_traits:/home/fbot/kobuki_base_ros2/install/ecl_errors:/home/fbot/kobuki_base_ros2/install/ecl_mpl:/home/fbot/kobuki_base_ros2/install/ecl_config:/opt/ros/humble LD_LIBRARY_PATH=/home/fbot/kobuki_base_ros2/install/ecl_devices/lib:/home/fbot/kobuki_base_ros2/install/ecl_threads/lib:/home/fbot/kobuki_base_ros2/install/ecl_formatters/lib:/home/fbot/kobuki_base_ros2/install/ecl_time/lib:/home/fbot/kobuki_base_ros2/install/ecl_time_lite/lib:/home/fbot/kobuki_base_ros2/install/ecl_exceptions/lib:/home/fbot/kobuki_base_ros2/install/ecl_type_traits/lib:/home/fbot/kobuki_base_ros2/install/ecl_errors/lib:${LD_LIBRARY_PATH} PATH=/home/fbot/kobuki_base_ros2/install/ecl_type_traits/bin:/home/fbot/kobuki_base_ros2/install/ecl_config/bin:${PATH} /usr/bin/cmake /home/fbot/kobuki_base_ros2/src/ecl_core/ecl_streams -DCMAKE_INSTALL_PREFIX=/home/fbot/kobuki_base_ros2/install/ecl_streams
[0.852s] Invoking command in '/home/fbot/kobuki_base_ros2/build/ecl_streams': AMENT_PREFIX_PATH=/home/fbot/kobuki_base_ros2/install/ecl_devices:/home/fbot/kobuki_base_ros2/install/ecl_containers:/home/fbot/kobuki_base_ros2/install/ecl_threads:/home/fbot/kobuki_base_ros2/install/ecl_formatters:/home/fbot/kobuki_base_ros2/install/ecl_utilities:/home/fbot/kobuki_base_ros2/install/ecl_time:/home/fbot/kobuki_base_ros2/install/ecl_converters:/home/fbot/kobuki_base_ros2/install/ecl_time_lite:/home/fbot/kobuki_base_ros2/install/ecl_exceptions:/home/fbot/kobuki_base_ros2/install/ecl_concepts:/home/fbot/kobuki_base_ros2/install/ecl_type_traits:/home/fbot/kobuki_base_ros2/install/ecl_errors:/home/fbot/kobuki_base_ros2/install/ecl_mpl:/home/fbot/kobuki_base_ros2/install/ecl_config:${AMENT_PREFIX_PATH} CMAKE_PREFIX_PATH=/home/fbot/kobuki_base_ros2/install/ecl_devices:/home/fbot/kobuki_base_ros2/install/ecl_containers:/home/fbot/kobuki_base_ros2/install/ecl_threads:/home/fbot/kobuki_base_ros2/install/ecl_formatters:/home/fbot/kobuki_base_ros2/install/ecl_utilities:/home/fbot/kobuki_base_ros2/install/ecl_time:/home/fbot/kobuki_base_ros2/install/ecl_converters:/home/fbot/kobuki_base_ros2/install/ecl_time_lite:/home/fbot/kobuki_base_ros2/install/ecl_exceptions:/home/fbot/kobuki_base_ros2/install/ecl_concepts:/home/fbot/kobuki_base_ros2/install/ecl_type_traits:/home/fbot/kobuki_base_ros2/install/ecl_errors:/home/fbot/kobuki_base_ros2/install/ecl_mpl:/home/fbot/kobuki_base_ros2/install/ecl_config:/opt/ros/humble LD_LIBRARY_PATH=/home/fbot/kobuki_base_ros2/install/ecl_devices/lib:/home/fbot/kobuki_base_ros2/install/ecl_threads/lib:/home/fbot/kobuki_base_ros2/install/ecl_formatters/lib:/home/fbot/kobuki_base_ros2/install/ecl_time/lib:/home/fbot/kobuki_base_ros2/install/ecl_time_lite/lib:/home/fbot/kobuki_base_ros2/install/ecl_exceptions/lib:/home/fbot/kobuki_base_ros2/install/ecl_type_traits/lib:/home/fbot/kobuki_base_ros2/install/ecl_errors/lib:${LD_LIBRARY_PATH} PATH=/home/fbot/kobuki_base_ros2/install/ecl_type_traits/bin:/home/fbot/kobuki_base_ros2/install/ecl_config/bin:${PATH} /usr/bin/cmake --build /home/fbot/kobuki_base_ros2/build/ecl_streams -- -j12 -l12
[0.965s] [  6%] [32mBuilding CXX object src/lib/CMakeFiles/ecl_streams.dir/log_stream.cpp.o[0m
[0.972s] [ 13%] [32mBuilding CXX object src/lib/CMakeFiles/ecl_streams.dir/manipulators.cpp.o[0m
[0.972s] [ 20%] [32mBuilding CXX object gtest/CMakeFiles/gtest.dir/src/gtest-all.cc.o[0m
[0.975s] [ 26%] [32mBuilding CXX object gtest/CMakeFiles/gtest_main.dir/src/gtest_main.cc.o[0m
[2.240s] [ 33%] [32m[1mLinking CXX shared library libecl_streams.so[0m
[2.388s] [ 33%] Built target ecl_streams
[2.425s] [ 40%] [32mBuilding CXX object src/examples/CMakeFiles/ecl_time_example_console_streams.dir/console_streams.cpp.o[0m
[2.442s] [ 46%] [32mBuilding CXX object src/examples/CMakeFiles/ecl_time_example_log_streams.dir/log_streams.cpp.o[0m
[2.716s] [ 53%] [32m[1mLinking CXX static library libgtest_main.a[0m
[2.890s] [ 53%] Built target gtest_main
[3.396s] [ 60%] [32m[1mLinking CXX executable demo_log_streams[0m
[3.433s] [ 66%] [32m[1mLinking CXX executable demo_console_streams[0m
[3.613s] [ 66%] Built target ecl_time_example_log_streams
[3.789s] [ 66%] Built target ecl_time_example_console_streams
[6.049s] [ 73%] [32m[1mLinking CXX static library libgtest.a[0m
[6.273s] [ 73%] Built target gtest
[6.330s] [ 86%] [32mBuilding CXX object src/test/CMakeFiles/ecl_test_string_streams.dir/string_streams.cpp.o[0m
[6.335s] [ 86%] [32mBuilding CXX object src/test/CMakeFiles/ecl_test_file_streams.dir/file_streams.cpp.o[0m
[8.043s] [ 93%] [32m[1mLinking CXX executable ecl_test_file_streams[0m
[8.144s] [100%] [32m[1mLinking CXX executable ecl_test_string_streams[0m
[8.347s] [100%] Built target ecl_test_file_streams
[8.468s] [100%] Built target ecl_test_string_streams
[8.480s] Invoked command in '/home/fbot/kobuki_base_ros2/build/ecl_streams' returned '0': AMENT_PREFIX_PATH=/home/fbot/kobuki_base_ros2/install/ecl_devices:/home/fbot/kobuki_base_ros2/install/ecl_containers:/home/fbot/kobuki_base_ros2/install/ecl_threads:/home/fbot/kobuki_base_ros2/install/ecl_formatters:/home/fbot/kobuki_base_ros2/install/ecl_utilities:/home/fbot/kobuki_base_ros2/install/ecl_time:/home/fbot/kobuki_base_ros2/install/ecl_converters:/home/fbot/kobuki_base_ros2/install/ecl_time_lite:/home/fbot/kobuki_base_ros2/install/ecl_exceptions:/home/fbot/kobuki_base_ros2/install/ecl_concepts:/home/fbot/kobuki_base_ros2/install/ecl_type_traits:/home/fbot/kobuki_base_ros2/install/ecl_errors:/home/fbot/kobuki_base_ros2/install/ecl_mpl:/home/fbot/kobuki_base_ros2/install/ecl_config:${AMENT_PREFIX_PATH} CMAKE_PREFIX_PATH=/home/fbot/kobuki_base_ros2/install/ecl_devices:/home/fbot/kobuki_base_ros2/install/ecl_containers:/home/fbot/kobuki_base_ros2/install/ecl_threads:/home/fbot/kobuki_base_ros2/install/ecl_formatters:/home/fbot/kobuki_base_ros2/install/ecl_utilities:/home/fbot/kobuki_base_ros2/install/ecl_time:/home/fbot/kobuki_base_ros2/install/ecl_converters:/home/fbot/kobuki_base_ros2/install/ecl_time_lite:/home/fbot/kobuki_base_ros2/install/ecl_exceptions:/home/fbot/kobuki_base_ros2/install/ecl_concepts:/home/fbot/kobuki_base_ros2/install/ecl_type_traits:/home/fbot/kobuki_base_ros2/install/ecl_errors:/home/fbot/kobuki_base_ros2/install/ecl_mpl:/home/fbot/kobuki_base_ros2/install/ecl_config:/opt/ros/humble LD_LIBRARY_PATH=/home/fbot/kobuki_base_ros2/install/ecl_devices/lib:/home/fbot/kobuki_base_ros2/install/ecl_threads/lib:/home/fbot/kobuki_base_ros2/install/ecl_formatters/lib:/home/fbot/kobuki_base_ros2/install/ecl_time/lib:/home/fbot/kobuki_base_ros2/install/ecl_time_lite/lib:/home/fbot/kobuki_base_ros2/install/ecl_exceptions/lib:/home/fbot/kobuki_base_ros2/install/ecl_type_traits/lib:/home/fbot/kobuki_base_ros2/install/ecl_errors/lib:${LD_LIBRARY_PATH} PATH=/home/fbot/kobuki_base_ros2/install/ecl_type_traits/bin:/home/fbot/kobuki_base_ros2/install/ecl_config/bin:${PATH} /usr/bin/cmake --build /home/fbot/kobuki_base_ros2/build/ecl_streams -- -j12 -l12
[8.481s] Invoking command in '/home/fbot/kobuki_base_ros2/build/ecl_streams': AMENT_PREFIX_PATH=/home/fbot/kobuki_base_ros2/install/ecl_devices:/home/fbot/kobuki_base_ros2/install/ecl_containers:/home/fbot/kobuki_base_ros2/install/ecl_threads:/home/fbot/kobuki_base_ros2/install/ecl_formatters:/home/fbot/kobuki_base_ros2/install/ecl_utilities:/home/fbot/kobuki_base_ros2/install/ecl_time:/home/fbot/kobuki_base_ros2/install/ecl_converters:/home/fbot/kobuki_base_ros2/install/ecl_time_lite:/home/fbot/kobuki_base_ros2/install/ecl_exceptions:/home/fbot/kobuki_base_ros2/install/ecl_concepts:/home/fbot/kobuki_base_ros2/install/ecl_type_traits:/home/fbot/kobuki_base_ros2/install/ecl_errors:/home/fbot/kobuki_base_ros2/install/ecl_mpl:/home/fbot/kobuki_base_ros2/install/ecl_config:${AMENT_PREFIX_PATH} CMAKE_PREFIX_PATH=/home/fbot/kobuki_base_ros2/install/ecl_devices:/home/fbot/kobuki_base_ros2/install/ecl_containers:/home/fbot/kobuki_base_ros2/install/ecl_threads:/home/fbot/kobuki_base_ros2/install/ecl_formatters:/home/fbot/kobuki_base_ros2/install/ecl_utilities:/home/fbot/kobuki_base_ros2/install/ecl_time:/home/fbot/kobuki_base_ros2/install/ecl_converters:/home/fbot/kobuki_base_ros2/install/ecl_time_lite:/home/fbot/kobuki_base_ros2/install/ecl_exceptions:/home/fbot/kobuki_base_ros2/install/ecl_concepts:/home/fbot/kobuki_base_ros2/install/ecl_type_traits:/home/fbot/kobuki_base_ros2/install/ecl_errors:/home/fbot/kobuki_base_ros2/install/ecl_mpl:/home/fbot/kobuki_base_ros2/install/ecl_config:/opt/ros/humble LD_LIBRARY_PATH=/home/fbot/kobuki_base_ros2/install/ecl_devices/lib:/home/fbot/kobuki_base_ros2/install/ecl_threads/lib:/home/fbot/kobuki_base_ros2/install/ecl_formatters/lib:/home/fbot/kobuki_base_ros2/install/ecl_time/lib:/home/fbot/kobuki_base_ros2/install/ecl_time_lite/lib:/home/fbot/kobuki_base_ros2/install/ecl_exceptions/lib:/home/fbot/kobuki_base_ros2/install/ecl_type_traits/lib:/home/fbot/kobuki_base_ros2/install/ecl_errors/lib:${LD_LIBRARY_PATH} PATH=/home/fbot/kobuki_base_ros2/install/ecl_type_traits/bin:/home/fbot/kobuki_base_ros2/install/ecl_config/bin:${PATH} /usr/bin/cmake --install /home/fbot/kobuki_base_ros2/build/ecl_streams
[8.493s] -- Install configuration: ""
[8.493s] -- Installing: /home/fbot/kobuki_base_ros2/install/ecl_streams/share/ecl_streams/environment/library_path.sh
[8.493s] -- Installing: /home/fbot/kobuki_base_ros2/install/ecl_streams/share/ecl_streams/environment/library_path.dsv
[8.493s] -- Installing: /home/fbot/kobuki_base_ros2/install/ecl_streams/share/ament_index/resource_index/package_run_dependencies/ecl_streams
[8.493s] -- Installing: /home/fbot/kobuki_base_ros2/install/ecl_streams/share/ament_index/resource_index/parent_prefix_path/ecl_streams
[8.493s] -- Installing: /home/fbot/kobuki_base_ros2/install/ecl_streams/share/ecl_streams/environment/ament_prefix_path.sh
[8.494s] -- Installing: /home/fbot/kobuki_base_ros2/install/ecl_streams/share/ecl_streams/environment/ament_prefix_path.dsv
[8.496s] -- Installing: /home/fbot/kobuki_base_ros2/install/ecl_streams/share/ecl_streams/environment/path.sh
[8.496s] -- Installing: /home/fbot/kobuki_base_ros2/install/ecl_streams/share/ecl_streams/environment/path.dsv
[8.497s] -- Installing: /home/fbot/kobuki_base_ros2/install/ecl_streams/share/ecl_streams/local_setup.bash
[8.497s] -- Installing: /home/fbot/kobuki_base_ros2/install/ecl_streams/share/ecl_streams/local_setup.sh
[8.497s] -- Installing: /home/fbot/kobuki_base_ros2/install/ecl_streams/share/ecl_streams/local_setup.zsh
[8.497s] -- Installing: /home/fbot/kobuki_base_ros2/install/ecl_streams/share/ecl_streams/local_setup.dsv
[8.497s] -- Installing: /home/fbot/kobuki_base_ros2/install/ecl_streams/share/ecl_streams/package.dsv
[8.497s] -- Installing: /home/fbot/kobuki_base_ros2/install/ecl_streams/share/ament_index/resource_index/packages/ecl_streams
[8.497s] -- Installing: /home/fbot/kobuki_base_ros2/install/ecl_streams/share/ecl_streams/cmake/ecl_streamsExport.cmake
[8.499s] -- Installing: /home/fbot/kobuki_base_ros2/install/ecl_streams/share/ecl_streams/cmake/ecl_streamsExport-noconfig.cmake
[8.499s] -- Installing: /home/fbot/kobuki_base_ros2/install/ecl_streams/share/ecl_streams/cmake/ament_cmake_export_targets-extras.cmake
[8.499s] -- Installing: /home/fbot/kobuki_base_ros2/install/ecl_streams/share/ecl_streams/cmake/ament_cmake_export_include_directories-extras.cmake
[8.499s] -- Installing: /home/fbot/kobuki_base_ros2/install/ecl_streams/share/ecl_streams/cmake/ament_cmake_export_libraries-extras.cmake
[8.499s] -- Installing: /home/fbot/kobuki_base_ros2/install/ecl_streams/share/ecl_streams/cmake/ament_cmake_export_dependencies-extras.cmake
[8.499s] -- Installing: /home/fbot/kobuki_base_ros2/install/ecl_streams/share/ecl_streams/cmake/ecl_streamsConfig.cmake
[8.499s] -- Installing: /home/fbot/kobuki_base_ros2/install/ecl_streams/share/ecl_streams/cmake/ecl_streamsConfig-version.cmake
[8.500s] -- Installing: /home/fbot/kobuki_base_ros2/install/ecl_streams/share/ecl_streams/package.xml
[8.500s] -- Installing: /home/fbot/kobuki_base_ros2/install/ecl_streams/include/ecl/streams.hpp
[8.500s] -- Installing: /home/fbot/kobuki_base_ros2/install/ecl_streams/include/ecl/streams/console_streams.hpp
[8.500s] -- Installing: /home/fbot/kobuki_base_ros2/install/ecl_streams/include/ecl/streams/file_streams.hpp
[8.500s] -- Installing: /home/fbot/kobuki_base_ros2/install/ecl_streams/include/ecl/streams/log_stream.hpp
[8.500s] -- Installing: /home/fbot/kobuki_base_ros2/install/ecl_streams/include/ecl/streams/macros.hpp
[8.500s] -- Installing: /home/fbot/kobuki_base_ros2/install/ecl_streams/include/ecl/streams/manipulators.hpp
[8.500s] -- Installing: /home/fbot/kobuki_base_ros2/install/ecl_streams/include/ecl/streams/serial_stream.hpp
[8.504s] -- Installing: /home/fbot/kobuki_base_ros2/install/ecl_streams/include/ecl/streams/shared_file_stream.hpp
[8.504s] -- Installing: /home/fbot/kobuki_base_ros2/install/ecl_streams/include/ecl/streams/socket_streams.hpp
[8.504s] -- Installing: /home/fbot/kobuki_base_ros2/install/ecl_streams/include/ecl/streams/string_stream.hpp
[8.504s] -- Installing: /home/fbot/kobuki_base_ros2/install/ecl_streams/include/ecl/streams/text_stream.hpp
[8.504s] -- Installing: /home/fbot/kobuki_base_ros2/install/ecl_streams/include/ecl/streams/manipulators/clear_screen.hpp
[8.504s] -- Installing: /home/fbot/kobuki_base_ros2/install/ecl_streams/include/ecl/streams/manipulators/end_of_line.hpp
[8.504s] -- Installing: /home/fbot/kobuki_base_ros2/install/ecl_streams/include/ecl/streams/manipulators/manipulator.hpp
[8.504s] -- Installing: /home/fbot/kobuki_base_ros2/install/ecl_streams/include/ecl/streams/text_streams/base_text_stream.hpp
[8.504s] -- Installing: /home/fbot/kobuki_base_ros2/install/ecl_streams/include/ecl/streams/text_streams/input_text_stream.hpp
[8.505s] -- Installing: /home/fbot/kobuki_base_ros2/install/ecl_streams/include/ecl/streams/text_streams/output_text_stream.hpp
[8.505s] -- Installing: /home/fbot/kobuki_base_ros2/install/ecl_streams/lib/libecl_streams.so.1.2.1
[8.505s] -- Set runtime path of "/home/fbot/kobuki_base_ros2/install/ecl_streams/lib/libecl_streams.so.1.2.1" to ""
[8.505s] -- Installing: /home/fbot/kobuki_base_ros2/install/ecl_streams/lib/libecl_streams.so
[8.505s] -- Installing: /home/fbot/kobuki_base_ros2/install/ecl_streams/lib/ecl_streams/demo_console_streams
[8.505s] -- Set runtime path of "/home/fbot/kobuki_base_ros2/install/ecl_streams/lib/ecl_streams/demo_console_streams" to ""
[8.505s] -- Installing: /home/fbot/kobuki_base_ros2/install/ecl_streams/lib/ecl_streams/demo_log_streams
[8.505s] -- Set runtime path of "/home/fbot/kobuki_base_ros2/install/ecl_streams/lib/ecl_streams/demo_log_streams" to ""
[8.509s] Invoked command in '/home/fbot/kobuki_base_ros2/build/ecl_streams' returned '0': AMENT_PREFIX_PATH=/home/fbot/kobuki_base_ros2/install/ecl_devices:/home/fbot/kobuki_base_ros2/install/ecl_containers:/home/fbot/kobuki_base_ros2/install/ecl_threads:/home/fbot/kobuki_base_ros2/install/ecl_formatters:/home/fbot/kobuki_base_ros2/install/ecl_utilities:/home/fbot/kobuki_base_ros2/install/ecl_time:/home/fbot/kobuki_base_ros2/install/ecl_converters:/home/fbot/kobuki_base_ros2/install/ecl_time_lite:/home/fbot/kobuki_base_ros2/install/ecl_exceptions:/home/fbot/kobuki_base_ros2/install/ecl_concepts:/home/fbot/kobuki_base_ros2/install/ecl_type_traits:/home/fbot/kobuki_base_ros2/install/ecl_errors:/home/fbot/kobuki_base_ros2/install/ecl_mpl:/home/fbot/kobuki_base_ros2/install/ecl_config:${AMENT_PREFIX_PATH} CMAKE_PREFIX_PATH=/home/fbot/kobuki_base_ros2/install/ecl_devices:/home/fbot/kobuki_base_ros2/install/ecl_containers:/home/fbot/kobuki_base_ros2/install/ecl_threads:/home/fbot/kobuki_base_ros2/install/ecl_formatters:/home/fbot/kobuki_base_ros2/install/ecl_utilities:/home/fbot/kobuki_base_ros2/install/ecl_time:/home/fbot/kobuki_base_ros2/install/ecl_converters:/home/fbot/kobuki_base_ros2/install/ecl_time_lite:/home/fbot/kobuki_base_ros2/install/ecl_exceptions:/home/fbot/kobuki_base_ros2/install/ecl_concepts:/home/fbot/kobuki_base_ros2/install/ecl_type_traits:/home/fbot/kobuki_base_ros2/install/ecl_errors:/home/fbot/kobuki_base_ros2/install/ecl_mpl:/home/fbot/kobuki_base_ros2/install/ecl_config:/opt/ros/humble LD_LIBRARY_PATH=/home/fbot/kobuki_base_ros2/install/ecl_devices/lib:/home/fbot/kobuki_base_ros2/install/ecl_threads/lib:/home/fbot/kobuki_base_ros2/install/ecl_formatters/lib:/home/fbot/kobuki_base_ros2/install/ecl_time/lib:/home/fbot/kobuki_base_ros2/install/ecl_time_lite/lib:/home/fbot/kobuki_base_ros2/install/ecl_exceptions/lib:/home/fbot/kobuki_base_ros2/install/ecl_type_traits/lib:/home/fbot/kobuki_base_ros2/install/ecl_errors/lib:${LD_LIBRARY_PATH} PATH=/home/fbot/kobuki_base_ros2/install/ecl_type_traits/bin:/home/fbot/kobuki_base_ros2/install/ecl_config/bin:${PATH} /usr/bin/cmake --install /home/fbot/kobuki_base_ros2/build/ecl_streams
