-- The C compiler identification is GNU 11.4.0
-- The CXX compiler identification is GNU 11.4.0
-- Detecting C compiler ABI info
-- Detecting C compiler ABI info - done
-- Check for working C compiler: /usr/bin/cc - skipped
-- Detecting C compile features
-- Detecting C compile features - done
-- Detecting CXX compiler ABI info
-- Detecting CXX compiler ABI info - done
-- Check for working CXX compiler: /usr/bin/c++ - skipped
-- Detecting CXX compile features
-- Detecting CXX compile features - done
-- Found ament_cmake_ros: 0.10.0 (/opt/ros/humble/share/ament_cmake_ros/cmake)
-- Found Python3: /usr/bin/python3 (found version "3.10.12") found components: Interpreter 
-- Found ecl_build: 1.0.3 (/opt/ros/humble/share/ecl_build/cmake)
-- Found ecl_config: 1.2.0 (/home/fbot/kobuki_base_ros2/install/ecl_config/share/ecl_config/cmake)
-- Found ecl_linear_algebra: 1.2.1 (/home/fbot/kobuki_base_ros2/install/ecl_linear_algebra/share/ecl_linear_algebra/cmake)
-- Found ament_lint_auto: 0.12.15 (/opt/ros/humble/share/ament_lint_auto/cmake)
-- Found gtest sources under '/opt/ros/humble/src/gtest_vendor': C++ tests using 'Google Test' will be built
-- Found Threads: TRUE  
-- Configuring done
-- Generating done
-- Build files have been written to: /home/fbot/kobuki_base_ros2/build/ecl_statistics
[ 20%] [32mBuilding CXX object src/lib/CMakeFiles/ecl_statistics.dir/covariance_ellipsoid.cpp.o[0m
[ 20%] [32mBuilding CXX object gtest/CMakeFiles/gtest_main.dir/src/gtest_main.cc.o[0m
[ 30%] [32mBuilding CXX object gtest/CMakeFiles/gtest.dir/src/gtest-all.cc.o[0m
[ 40%] [32m[1mLinking CXX static library libgtest_main.a[0m
[ 40%] Built target gtest_main
[ 50%] [32m[1mLinking CXX static library libgtest.a[0m
[ 50%] Built target gtest
[ 60%] [32m[1mLinking CXX shared library libecl_statistics.so[0m
[ 60%] Built target ecl_statistics
[ 80%] [32mBuilding CXX object src/test/CMakeFiles/ecl_test_cumulative_statistics.dir/cumulative_statistics.cpp.o[0m
[ 80%] [32mBuilding CXX object src/test/CMakeFiles/ecl_test_covariance_ellipsoids.dir/covariance_ellipsoids.cpp.o[0m
[ 90%] [32m[1mLinking CXX executable ecl_test_cumulative_statistics[0m
[ 90%] Built target ecl_test_cumulative_statistics
[100%] [32m[1mLinking CXX executable ecl_test_covariance_ellipsoids[0m
[100%] Built target ecl_test_covariance_ellipsoids
-- Install configuration: ""
-- Installing: /home/fbot/kobuki_base_ros2/install/ecl_statistics/share/ecl_statistics/environment/library_path.sh
-- Installing: /home/fbot/kobuki_base_ros2/install/ecl_statistics/share/ecl_statistics/environment/library_path.dsv
-- Installing: /home/fbot/kobuki_base_ros2/install/ecl_statistics/share/ament_index/resource_index/package_run_dependencies/ecl_statistics
-- Installing: /home/fbot/kobuki_base_ros2/install/ecl_statistics/share/ament_index/resource_index/parent_prefix_path/ecl_statistics
-- Installing: /home/fbot/kobuki_base_ros2/install/ecl_statistics/share/ecl_statistics/environment/ament_prefix_path.sh
-- Installing: /home/fbot/kobuki_base_ros2/install/ecl_statistics/share/ecl_statistics/environment/ament_prefix_path.dsv
-- Installing: /home/fbot/kobuki_base_ros2/install/ecl_statistics/share/ecl_statistics/environment/path.sh
-- Installing: /home/fbot/kobuki_base_ros2/install/ecl_statistics/share/ecl_statistics/environment/path.dsv
-- Installing: /home/fbot/kobuki_base_ros2/install/ecl_statistics/share/ecl_statistics/local_setup.bash
-- Installing: /home/fbot/kobuki_base_ros2/install/ecl_statistics/share/ecl_statistics/local_setup.sh
-- Installing: /home/fbot/kobuki_base_ros2/install/ecl_statistics/share/ecl_statistics/local_setup.zsh
-- Installing: /home/fbot/kobuki_base_ros2/install/ecl_statistics/share/ecl_statistics/local_setup.dsv
-- Installing: /home/fbot/kobuki_base_ros2/install/ecl_statistics/share/ecl_statistics/package.dsv
-- Installing: /home/fbot/kobuki_base_ros2/install/ecl_statistics/share/ament_index/resource_index/packages/ecl_statistics
-- Installing: /home/fbot/kobuki_base_ros2/install/ecl_statistics/share/ecl_statistics/cmake/ecl_statisticsExport.cmake
-- Installing: /home/fbot/kobuki_base_ros2/install/ecl_statistics/share/ecl_statistics/cmake/ecl_statisticsExport-noconfig.cmake
-- Installing: /home/fbot/kobuki_base_ros2/install/ecl_statistics/share/ecl_statistics/cmake/ament_cmake_export_targets-extras.cmake
-- Installing: /home/fbot/kobuki_base_ros2/install/ecl_statistics/share/ecl_statistics/cmake/ament_cmake_export_include_directories-extras.cmake
-- Installing: /home/fbot/kobuki_base_ros2/install/ecl_statistics/share/ecl_statistics/cmake/ament_cmake_export_libraries-extras.cmake
-- Installing: /home/fbot/kobuki_base_ros2/install/ecl_statistics/share/ecl_statistics/cmake/ament_cmake_export_dependencies-extras.cmake
-- Installing: /home/fbot/kobuki_base_ros2/install/ecl_statistics/share/ecl_statistics/cmake/ecl_statisticsConfig.cmake
-- Installing: /home/fbot/kobuki_base_ros2/install/ecl_statistics/share/ecl_statistics/cmake/ecl_statisticsConfig-version.cmake
-- Installing: /home/fbot/kobuki_base_ros2/install/ecl_statistics/share/ecl_statistics/package.xml
-- Installing: /home/fbot/kobuki_base_ros2/install/ecl_statistics/include/ecl/statistics.hpp
-- Installing: /home/fbot/kobuki_base_ros2/install/ecl_statistics/include/ecl/statistics/covariance_ellipsoid.hpp
-- Installing: /home/fbot/kobuki_base_ros2/install/ecl_statistics/include/ecl/statistics/cumulative_statistics.hpp
-- Installing: /home/fbot/kobuki_base_ros2/install/ecl_statistics/lib/libecl_statistics.so.1.2.1
-- Set runtime path of "/home/fbot/kobuki_base_ros2/install/ecl_statistics/lib/libecl_statistics.so.1.2.1" to ""
-- Installing: /home/fbot/kobuki_base_ros2/install/ecl_statistics/lib/libecl_statistics.so
