[0.019s] Invoking command in '/home/fbot/kobuki_base_ros2/build/ecl_statistics': AMENT_PREFIX_PATH=/home/fbot/kobuki_base_ros2/install/ecl_linear_algebra:/home/fbot/kobuki_base_ros2/install/ecl_formatters:/home/fbot/kobuki_base_ros2/install/ecl_converters:/home/fbot/kobuki_base_ros2/install/ecl_math:/home/fbot/kobuki_base_ros2/install/ecl_exceptions:/home/fbot/kobuki_base_ros2/install/ecl_concepts:/home/fbot/kobuki_base_ros2/install/ecl_type_traits:/home/fbot/kobuki_base_ros2/install/ecl_errors:/home/fbot/kobuki_base_ros2/install/ecl_mpl:/home/fbot/kobuki_base_ros2/install/ecl_eigen:/home/fbot/kobuki_base_ros2/install/ecl_config:${AMENT_PREFIX_PATH} CMAKE_PREFIX_PATH=/home/fbot/kobuki_base_ros2/install/ecl_linear_algebra:/home/fbot/kobuki_base_ros2/install/ecl_formatters:/home/fbot/kobuki_base_ros2/install/ecl_converters:/home/fbot/kobuki_base_ros2/install/ecl_math:/home/fbot/kobuki_base_ros2/install/ecl_exceptions:/home/fbot/kobuki_base_ros2/install/ecl_concepts:/home/fbot/kobuki_base_ros2/install/ecl_type_traits:/home/fbot/kobuki_base_ros2/install/ecl_errors:/home/fbot/kobuki_base_ros2/install/ecl_mpl:/home/fbot/kobuki_base_ros2/install/ecl_eigen:/home/fbot/kobuki_base_ros2/install/ecl_config:/opt/ros/humble LD_LIBRARY_PATH=/home/fbot/kobuki_base_ros2/install/ecl_linear_algebra/lib:/home/fbot/kobuki_base_ros2/install/ecl_formatters/lib:/home/fbot/kobuki_base_ros2/install/ecl_exceptions/lib:/home/fbot/kobuki_base_ros2/install/ecl_type_traits/lib:/home/fbot/kobuki_base_ros2/install/ecl_errors/lib:${LD_LIBRARY_PATH} PATH=/home/fbot/kobuki_base_ros2/install/ecl_type_traits/bin:/home/fbot/kobuki_base_ros2/install/ecl_config/bin:${PATH} /usr/bin/cmake /home/fbot/kobuki_base_ros2/src/ecl_core/ecl_statistics -DCMAKE_INSTALL_PREFIX=/home/fbot/kobuki_base_ros2/install/ecl_statistics
[0.079s] -- The C compiler identification is GNU 11.4.0
[0.147s] -- The CXX compiler identification is GNU 11.4.0
[0.153s] -- Detecting C compiler ABI info
[0.207s] -- Detecting C compiler ABI info - done
[0.214s] -- Check for working C compiler: /usr/bin/cc - skipped
[0.214s] -- Detecting C compile features
[0.214s] -- Detecting C compile features - done
[0.217s] -- Detecting CXX compiler ABI info
[0.280s] -- Detecting CXX compiler ABI info - done
[0.293s] -- Check for working CXX compiler: /usr/bin/c++ - skipped
[0.293s] -- Detecting CXX compile features
[0.293s] -- Detecting CXX compile features - done
[0.296s] -- Found ament_cmake_ros: 0.10.0 (/opt/ros/humble/share/ament_cmake_ros/cmake)
[0.440s] -- Found Python3: /usr/bin/python3 (found version "3.10.12") found components: Interpreter 
[0.544s] -- Found ecl_build: 1.0.3 (/opt/ros/humble/share/ecl_build/cmake)
[0.553s] -- Found ecl_config: 1.2.0 (/home/fbot/kobuki_base_ros2/install/ecl_config/share/ecl_config/cmake)
[0.555s] -- Found ecl_linear_algebra: 1.2.1 (/home/fbot/kobuki_base_ros2/install/ecl_linear_algebra/share/ecl_linear_algebra/cmake)
[0.775s] -- Found ament_lint_auto: 0.12.15 (/opt/ros/humble/share/ament_lint_auto/cmake)
[0.794s] -- Found gtest sources under '/opt/ros/humble/src/gtest_vendor': C++ tests using 'Google Test' will be built
[0.796s] -- Found Threads: TRUE  
[0.806s] -- Configuring done
[0.821s] -- Generating done
[0.826s] -- Build files have been written to: /home/fbot/kobuki_base_ros2/build/ecl_statistics
[0.831s] Invoked command in '/home/fbot/kobuki_base_ros2/build/ecl_statistics' returned '0': AMENT_PREFIX_PATH=/home/fbot/kobuki_base_ros2/install/ecl_linear_algebra:/home/fbot/kobuki_base_ros2/install/ecl_formatters:/home/fbot/kobuki_base_ros2/install/ecl_converters:/home/fbot/kobuki_base_ros2/install/ecl_math:/home/fbot/kobuki_base_ros2/install/ecl_exceptions:/home/fbot/kobuki_base_ros2/install/ecl_concepts:/home/fbot/kobuki_base_ros2/install/ecl_type_traits:/home/fbot/kobuki_base_ros2/install/ecl_errors:/home/fbot/kobuki_base_ros2/install/ecl_mpl:/home/fbot/kobuki_base_ros2/install/ecl_eigen:/home/fbot/kobuki_base_ros2/install/ecl_config:${AMENT_PREFIX_PATH} CMAKE_PREFIX_PATH=/home/fbot/kobuki_base_ros2/install/ecl_linear_algebra:/home/fbot/kobuki_base_ros2/install/ecl_formatters:/home/fbot/kobuki_base_ros2/install/ecl_converters:/home/fbot/kobuki_base_ros2/install/ecl_math:/home/fbot/kobuki_base_ros2/install/ecl_exceptions:/home/fbot/kobuki_base_ros2/install/ecl_concepts:/home/fbot/kobuki_base_ros2/install/ecl_type_traits:/home/fbot/kobuki_base_ros2/install/ecl_errors:/home/fbot/kobuki_base_ros2/install/ecl_mpl:/home/fbot/kobuki_base_ros2/install/ecl_eigen:/home/fbot/kobuki_base_ros2/install/ecl_config:/opt/ros/humble LD_LIBRARY_PATH=/home/fbot/kobuki_base_ros2/install/ecl_linear_algebra/lib:/home/fbot/kobuki_base_ros2/install/ecl_formatters/lib:/home/fbot/kobuki_base_ros2/install/ecl_exceptions/lib:/home/fbot/kobuki_base_ros2/install/ecl_type_traits/lib:/home/fbot/kobuki_base_ros2/install/ecl_errors/lib:${LD_LIBRARY_PATH} PATH=/home/fbot/kobuki_base_ros2/install/ecl_type_traits/bin:/home/fbot/kobuki_base_ros2/install/ecl_config/bin:${PATH} /usr/bin/cmake /home/fbot/kobuki_base_ros2/src/ecl_core/ecl_statistics -DCMAKE_INSTALL_PREFIX=/home/fbot/kobuki_base_ros2/install/ecl_statistics
[0.832s] Invoking command in '/home/fbot/kobuki_base_ros2/build/ecl_statistics': AMENT_PREFIX_PATH=/home/fbot/kobuki_base_ros2/install/ecl_linear_algebra:/home/fbot/kobuki_base_ros2/install/ecl_formatters:/home/fbot/kobuki_base_ros2/install/ecl_converters:/home/fbot/kobuki_base_ros2/install/ecl_math:/home/fbot/kobuki_base_ros2/install/ecl_exceptions:/home/fbot/kobuki_base_ros2/install/ecl_concepts:/home/fbot/kobuki_base_ros2/install/ecl_type_traits:/home/fbot/kobuki_base_ros2/install/ecl_errors:/home/fbot/kobuki_base_ros2/install/ecl_mpl:/home/fbot/kobuki_base_ros2/install/ecl_eigen:/home/fbot/kobuki_base_ros2/install/ecl_config:${AMENT_PREFIX_PATH} CMAKE_PREFIX_PATH=/home/fbot/kobuki_base_ros2/install/ecl_linear_algebra:/home/fbot/kobuki_base_ros2/install/ecl_formatters:/home/fbot/kobuki_base_ros2/install/ecl_converters:/home/fbot/kobuki_base_ros2/install/ecl_math:/home/fbot/kobuki_base_ros2/install/ecl_exceptions:/home/fbot/kobuki_base_ros2/install/ecl_concepts:/home/fbot/kobuki_base_ros2/install/ecl_type_traits:/home/fbot/kobuki_base_ros2/install/ecl_errors:/home/fbot/kobuki_base_ros2/install/ecl_mpl:/home/fbot/kobuki_base_ros2/install/ecl_eigen:/home/fbot/kobuki_base_ros2/install/ecl_config:/opt/ros/humble LD_LIBRARY_PATH=/home/fbot/kobuki_base_ros2/install/ecl_linear_algebra/lib:/home/fbot/kobuki_base_ros2/install/ecl_formatters/lib:/home/fbot/kobuki_base_ros2/install/ecl_exceptions/lib:/home/fbot/kobuki_base_ros2/install/ecl_type_traits/lib:/home/fbot/kobuki_base_ros2/install/ecl_errors/lib:${LD_LIBRARY_PATH} PATH=/home/fbot/kobuki_base_ros2/install/ecl_type_traits/bin:/home/fbot/kobuki_base_ros2/install/ecl_config/bin:${PATH} /usr/bin/cmake --build /home/fbot/kobuki_base_ros2/build/ecl_statistics -- -j12 -l12
[0.870s] [ 20%] [32mBuilding CXX object src/lib/CMakeFiles/ecl_statistics.dir/covariance_ellipsoid.cpp.o[0m
[0.870s] [ 20%] [32mBuilding CXX object gtest/CMakeFiles/gtest_main.dir/src/gtest_main.cc.o[0m
[0.875s] [ 30%] [32mBuilding CXX object gtest/CMakeFiles/gtest.dir/src/gtest-all.cc.o[0m
[2.599s] [ 40%] [32m[1mLinking CXX static library libgtest_main.a[0m
[2.765s] [ 40%] Built target gtest_main
[5.468s] [ 50%] [32m[1mLinking CXX static library libgtest.a[0m
[5.540s] [ 50%] Built target gtest
[28.064s] [ 60%] [32m[1mLinking CXX shared library libecl_statistics.so[0m
[28.756s] [ 60%] Built target ecl_statistics
[28.774s] [ 80%] [32mBuilding CXX object src/test/CMakeFiles/ecl_test_cumulative_statistics.dir/cumulative_statistics.cpp.o[0m
[28.774s] [ 80%] [32mBuilding CXX object src/test/CMakeFiles/ecl_test_covariance_ellipsoids.dir/covariance_ellipsoids.cpp.o[0m
[29.391s] [ 90%] [32m[1mLinking CXX executable ecl_test_cumulative_statistics[0m
[29.525s] [ 90%] Built target ecl_test_cumulative_statistics
[30.549s] [100%] [32m[1mLinking CXX executable ecl_test_covariance_ellipsoids[0m
[30.747s] [100%] Built target ecl_test_covariance_ellipsoids
[30.757s] Invoked command in '/home/fbot/kobuki_base_ros2/build/ecl_statistics' returned '0': AMENT_PREFIX_PATH=/home/fbot/kobuki_base_ros2/install/ecl_linear_algebra:/home/fbot/kobuki_base_ros2/install/ecl_formatters:/home/fbot/kobuki_base_ros2/install/ecl_converters:/home/fbot/kobuki_base_ros2/install/ecl_math:/home/fbot/kobuki_base_ros2/install/ecl_exceptions:/home/fbot/kobuki_base_ros2/install/ecl_concepts:/home/fbot/kobuki_base_ros2/install/ecl_type_traits:/home/fbot/kobuki_base_ros2/install/ecl_errors:/home/fbot/kobuki_base_ros2/install/ecl_mpl:/home/fbot/kobuki_base_ros2/install/ecl_eigen:/home/fbot/kobuki_base_ros2/install/ecl_config:${AMENT_PREFIX_PATH} CMAKE_PREFIX_PATH=/home/fbot/kobuki_base_ros2/install/ecl_linear_algebra:/home/fbot/kobuki_base_ros2/install/ecl_formatters:/home/fbot/kobuki_base_ros2/install/ecl_converters:/home/fbot/kobuki_base_ros2/install/ecl_math:/home/fbot/kobuki_base_ros2/install/ecl_exceptions:/home/fbot/kobuki_base_ros2/install/ecl_concepts:/home/fbot/kobuki_base_ros2/install/ecl_type_traits:/home/fbot/kobuki_base_ros2/install/ecl_errors:/home/fbot/kobuki_base_ros2/install/ecl_mpl:/home/fbot/kobuki_base_ros2/install/ecl_eigen:/home/fbot/kobuki_base_ros2/install/ecl_config:/opt/ros/humble LD_LIBRARY_PATH=/home/fbot/kobuki_base_ros2/install/ecl_linear_algebra/lib:/home/fbot/kobuki_base_ros2/install/ecl_formatters/lib:/home/fbot/kobuki_base_ros2/install/ecl_exceptions/lib:/home/fbot/kobuki_base_ros2/install/ecl_type_traits/lib:/home/fbot/kobuki_base_ros2/install/ecl_errors/lib:${LD_LIBRARY_PATH} PATH=/home/fbot/kobuki_base_ros2/install/ecl_type_traits/bin:/home/fbot/kobuki_base_ros2/install/ecl_config/bin:${PATH} /usr/bin/cmake --build /home/fbot/kobuki_base_ros2/build/ecl_statistics -- -j12 -l12
[30.759s] Invoking command in '/home/fbot/kobuki_base_ros2/build/ecl_statistics': AMENT_PREFIX_PATH=/home/fbot/kobuki_base_ros2/install/ecl_linear_algebra:/home/fbot/kobuki_base_ros2/install/ecl_formatters:/home/fbot/kobuki_base_ros2/install/ecl_converters:/home/fbot/kobuki_base_ros2/install/ecl_math:/home/fbot/kobuki_base_ros2/install/ecl_exceptions:/home/fbot/kobuki_base_ros2/install/ecl_concepts:/home/fbot/kobuki_base_ros2/install/ecl_type_traits:/home/fbot/kobuki_base_ros2/install/ecl_errors:/home/fbot/kobuki_base_ros2/install/ecl_mpl:/home/fbot/kobuki_base_ros2/install/ecl_eigen:/home/fbot/kobuki_base_ros2/install/ecl_config:${AMENT_PREFIX_PATH} CMAKE_PREFIX_PATH=/home/fbot/kobuki_base_ros2/install/ecl_linear_algebra:/home/fbot/kobuki_base_ros2/install/ecl_formatters:/home/fbot/kobuki_base_ros2/install/ecl_converters:/home/fbot/kobuki_base_ros2/install/ecl_math:/home/fbot/kobuki_base_ros2/install/ecl_exceptions:/home/fbot/kobuki_base_ros2/install/ecl_concepts:/home/fbot/kobuki_base_ros2/install/ecl_type_traits:/home/fbot/kobuki_base_ros2/install/ecl_errors:/home/fbot/kobuki_base_ros2/install/ecl_mpl:/home/fbot/kobuki_base_ros2/install/ecl_eigen:/home/fbot/kobuki_base_ros2/install/ecl_config:/opt/ros/humble LD_LIBRARY_PATH=/home/fbot/kobuki_base_ros2/install/ecl_linear_algebra/lib:/home/fbot/kobuki_base_ros2/install/ecl_formatters/lib:/home/fbot/kobuki_base_ros2/install/ecl_exceptions/lib:/home/fbot/kobuki_base_ros2/install/ecl_type_traits/lib:/home/fbot/kobuki_base_ros2/install/ecl_errors/lib:${LD_LIBRARY_PATH} PATH=/home/fbot/kobuki_base_ros2/install/ecl_type_traits/bin:/home/fbot/kobuki_base_ros2/install/ecl_config/bin:${PATH} /usr/bin/cmake --install /home/fbot/kobuki_base_ros2/build/ecl_statistics
[30.766s] -- Install configuration: ""
[30.766s] -- Installing: /home/fbot/kobuki_base_ros2/install/ecl_statistics/share/ecl_statistics/environment/library_path.sh
[30.766s] -- Installing: /home/fbot/kobuki_base_ros2/install/ecl_statistics/share/ecl_statistics/environment/library_path.dsv
[30.766s] -- Installing: /home/fbot/kobuki_base_ros2/install/ecl_statistics/share/ament_index/resource_index/package_run_dependencies/ecl_statistics
[30.766s] -- Installing: /home/fbot/kobuki_base_ros2/install/ecl_statistics/share/ament_index/resource_index/parent_prefix_path/ecl_statistics
[30.766s] -- Installing: /home/fbot/kobuki_base_ros2/install/ecl_statistics/share/ecl_statistics/environment/ament_prefix_path.sh
[30.766s] -- Installing: /home/fbot/kobuki_base_ros2/install/ecl_statistics/share/ecl_statistics/environment/ament_prefix_path.dsv
[30.766s] -- Installing: /home/fbot/kobuki_base_ros2/install/ecl_statistics/share/ecl_statistics/environment/path.sh
[30.767s] -- Installing: /home/fbot/kobuki_base_ros2/install/ecl_statistics/share/ecl_statistics/environment/path.dsv
[30.767s] -- Installing: /home/fbot/kobuki_base_ros2/install/ecl_statistics/share/ecl_statistics/local_setup.bash
[30.767s] -- Installing: /home/fbot/kobuki_base_ros2/install/ecl_statistics/share/ecl_statistics/local_setup.sh
[30.767s] -- Installing: /home/fbot/kobuki_base_ros2/install/ecl_statistics/share/ecl_statistics/local_setup.zsh
[30.767s] -- Installing: /home/fbot/kobuki_base_ros2/install/ecl_statistics/share/ecl_statistics/local_setup.dsv
[30.767s] -- Installing: /home/fbot/kobuki_base_ros2/install/ecl_statistics/share/ecl_statistics/package.dsv
[30.767s] -- Installing: /home/fbot/kobuki_base_ros2/install/ecl_statistics/share/ament_index/resource_index/packages/ecl_statistics
[30.767s] -- Installing: /home/fbot/kobuki_base_ros2/install/ecl_statistics/share/ecl_statistics/cmake/ecl_statisticsExport.cmake
[30.767s] -- Installing: /home/fbot/kobuki_base_ros2/install/ecl_statistics/share/ecl_statistics/cmake/ecl_statisticsExport-noconfig.cmake
[30.768s] -- Installing: /home/fbot/kobuki_base_ros2/install/ecl_statistics/share/ecl_statistics/cmake/ament_cmake_export_targets-extras.cmake
[30.768s] -- Installing: /home/fbot/kobuki_base_ros2/install/ecl_statistics/share/ecl_statistics/cmake/ament_cmake_export_include_directories-extras.cmake
[30.768s] -- Installing: /home/fbot/kobuki_base_ros2/install/ecl_statistics/share/ecl_statistics/cmake/ament_cmake_export_libraries-extras.cmake
[30.768s] -- Installing: /home/fbot/kobuki_base_ros2/install/ecl_statistics/share/ecl_statistics/cmake/ament_cmake_export_dependencies-extras.cmake
[30.768s] -- Installing: /home/fbot/kobuki_base_ros2/install/ecl_statistics/share/ecl_statistics/cmake/ecl_statisticsConfig.cmake
[30.768s] -- Installing: /home/fbot/kobuki_base_ros2/install/ecl_statistics/share/ecl_statistics/cmake/ecl_statisticsConfig-version.cmake
[30.768s] -- Installing: /home/fbot/kobuki_base_ros2/install/ecl_statistics/share/ecl_statistics/package.xml
[30.769s] -- Installing: /home/fbot/kobuki_base_ros2/install/ecl_statistics/include/ecl/statistics.hpp
[30.769s] -- Installing: /home/fbot/kobuki_base_ros2/install/ecl_statistics/include/ecl/statistics/covariance_ellipsoid.hpp
[30.769s] -- Installing: /home/fbot/kobuki_base_ros2/install/ecl_statistics/include/ecl/statistics/cumulative_statistics.hpp
[30.769s] -- Installing: /home/fbot/kobuki_base_ros2/install/ecl_statistics/lib/libecl_statistics.so.1.2.1
[30.776s] -- Set runtime path of "/home/fbot/kobuki_base_ros2/install/ecl_statistics/lib/libecl_statistics.so.1.2.1" to ""
[30.776s] -- Installing: /home/fbot/kobuki_base_ros2/install/ecl_statistics/lib/libecl_statistics.so
[30.779s] Invoked command in '/home/fbot/kobuki_base_ros2/build/ecl_statistics' returned '0': AMENT_PREFIX_PATH=/home/fbot/kobuki_base_ros2/install/ecl_linear_algebra:/home/fbot/kobuki_base_ros2/install/ecl_formatters:/home/fbot/kobuki_base_ros2/install/ecl_converters:/home/fbot/kobuki_base_ros2/install/ecl_math:/home/fbot/kobuki_base_ros2/install/ecl_exceptions:/home/fbot/kobuki_base_ros2/install/ecl_concepts:/home/fbot/kobuki_base_ros2/install/ecl_type_traits:/home/fbot/kobuki_base_ros2/install/ecl_errors:/home/fbot/kobuki_base_ros2/install/ecl_mpl:/home/fbot/kobuki_base_ros2/install/ecl_eigen:/home/fbot/kobuki_base_ros2/install/ecl_config:${AMENT_PREFIX_PATH} CMAKE_PREFIX_PATH=/home/fbot/kobuki_base_ros2/install/ecl_linear_algebra:/home/fbot/kobuki_base_ros2/install/ecl_formatters:/home/fbot/kobuki_base_ros2/install/ecl_converters:/home/fbot/kobuki_base_ros2/install/ecl_math:/home/fbot/kobuki_base_ros2/install/ecl_exceptions:/home/fbot/kobuki_base_ros2/install/ecl_concepts:/home/fbot/kobuki_base_ros2/install/ecl_type_traits:/home/fbot/kobuki_base_ros2/install/ecl_errors:/home/fbot/kobuki_base_ros2/install/ecl_mpl:/home/fbot/kobuki_base_ros2/install/ecl_eigen:/home/fbot/kobuki_base_ros2/install/ecl_config:/opt/ros/humble LD_LIBRARY_PATH=/home/fbot/kobuki_base_ros2/install/ecl_linear_algebra/lib:/home/fbot/kobuki_base_ros2/install/ecl_formatters/lib:/home/fbot/kobuki_base_ros2/install/ecl_exceptions/lib:/home/fbot/kobuki_base_ros2/install/ecl_type_traits/lib:/home/fbot/kobuki_base_ros2/install/ecl_errors/lib:${LD_LIBRARY_PATH} PATH=/home/fbot/kobuki_base_ros2/install/ecl_type_traits/bin:/home/fbot/kobuki_base_ros2/install/ecl_config/bin:${PATH} /usr/bin/cmake --install /home/fbot/kobuki_base_ros2/build/ecl_statistics
