[0.016s] Invoking command in '/home/fbot/kobuki_base_ros2/build/ecl_console': AMENT_PREFIX_PATH=/home/fbot/kobuki_base_ros2/install/ecl_config:${AMENT_PREFIX_PATH} CMAKE_PREFIX_PATH=/home/fbot/kobuki_base_ros2/install/ecl_config:/opt/ros/humble PATH=/home/fbot/kobuki_base_ros2/install/ecl_config/bin:${PATH} /usr/bin/cmake /home/fbot/kobuki_base_ros2/src/ecl_lite/ecl_console -DCMAKE_INSTALL_PREFIX=/home/fbot/kobuki_base_ros2/install/ecl_console
[0.085s] -- The C compiler identification is GNU 11.4.0
[0.152s] -- The CXX compiler identification is GNU 11.4.0
[0.159s] -- Detecting C compiler ABI info
[0.231s] -- Detecting C compiler ABI info - done
[0.244s] -- Check for working C compiler: /usr/bin/cc - skipped
[0.246s] -- Detecting C compile features
[0.246s] -- Detecting C compile features - done
[0.249s] -- Detecting CXX compiler ABI info
[0.348s] -- Detecting CXX compiler ABI info - done
[0.361s] -- Check for working CXX compiler: /usr/bin/c++ - skipped
[0.361s] -- Detecting CXX compile features
[0.362s] -- Detecting CXX compile features - done
[0.369s] -- Found ament_cmake_ros: 0.10.0 (/opt/ros/humble/share/ament_cmake_ros/cmake)
[0.552s] -- Found Python3: /usr/bin/python3 (found version "3.10.12") found components: Interpreter 
[0.672s] -- Found ecl_build: 1.0.3 (/opt/ros/humble/share/ecl_build/cmake)
[0.681s] -- Found ecl_config: 1.2.0 (/home/fbot/kobuki_base_ros2/install/ecl_config/share/ecl_config/cmake)
[0.817s] -- Configuring done
[0.823s] -- Generating done
[0.825s] -- Build files have been written to: /home/fbot/kobuki_base_ros2/build/ecl_console
[0.846s] Invoked command in '/home/fbot/kobuki_base_ros2/build/ecl_console' returned '0': AMENT_PREFIX_PATH=/home/fbot/kobuki_base_ros2/install/ecl_config:${AMENT_PREFIX_PATH} CMAKE_PREFIX_PATH=/home/fbot/kobuki_base_ros2/install/ecl_config:/opt/ros/humble PATH=/home/fbot/kobuki_base_ros2/install/ecl_config/bin:${PATH} /usr/bin/cmake /home/fbot/kobuki_base_ros2/src/ecl_lite/ecl_console -DCMAKE_INSTALL_PREFIX=/home/fbot/kobuki_base_ros2/install/ecl_console
[0.847s] Invoking command in '/home/fbot/kobuki_base_ros2/build/ecl_console': AMENT_PREFIX_PATH=/home/fbot/kobuki_base_ros2/install/ecl_config:${AMENT_PREFIX_PATH} CMAKE_PREFIX_PATH=/home/fbot/kobuki_base_ros2/install/ecl_config:/opt/ros/humble PATH=/home/fbot/kobuki_base_ros2/install/ecl_config/bin:${PATH} /usr/bin/cmake --build /home/fbot/kobuki_base_ros2/build/ecl_console -- -j12 -l12
[0.919s] Invoked command in '/home/fbot/kobuki_base_ros2/build/ecl_console' returned '0': AMENT_PREFIX_PATH=/home/fbot/kobuki_base_ros2/install/ecl_config:${AMENT_PREFIX_PATH} CMAKE_PREFIX_PATH=/home/fbot/kobuki_base_ros2/install/ecl_config:/opt/ros/humble PATH=/home/fbot/kobuki_base_ros2/install/ecl_config/bin:${PATH} /usr/bin/cmake --build /home/fbot/kobuki_base_ros2/build/ecl_console -- -j12 -l12
[0.920s] Invoking command in '/home/fbot/kobuki_base_ros2/build/ecl_console': AMENT_PREFIX_PATH=/home/fbot/kobuki_base_ros2/install/ecl_config:${AMENT_PREFIX_PATH} CMAKE_PREFIX_PATH=/home/fbot/kobuki_base_ros2/install/ecl_config:/opt/ros/humble PATH=/home/fbot/kobuki_base_ros2/install/ecl_config/bin:${PATH} /usr/bin/cmake --install /home/fbot/kobuki_base_ros2/build/ecl_console
[0.931s] -- Install configuration: ""
[0.931s] -- Installing: /home/fbot/kobuki_base_ros2/install/ecl_console/include/ecl
[0.934s] -- Installing: /home/fbot/kobuki_base_ros2/install/ecl_console/include/ecl/console.hpp
[0.935s] -- Installing: /home/fbot/kobuki_base_ros2/install/ecl_console/share/ament_index/resource_index/package_run_dependencies/ecl_console
[0.935s] -- Installing: /home/fbot/kobuki_base_ros2/install/ecl_console/share/ament_index/resource_index/parent_prefix_path/ecl_console
[0.935s] -- Installing: /home/fbot/kobuki_base_ros2/install/ecl_console/share/ecl_console/environment/ament_prefix_path.sh
[0.935s] -- Installing: /home/fbot/kobuki_base_ros2/install/ecl_console/share/ecl_console/environment/ament_prefix_path.dsv
[0.935s] -- Installing: /home/fbot/kobuki_base_ros2/install/ecl_console/share/ecl_console/environment/path.sh
[0.935s] -- Installing: /home/fbot/kobuki_base_ros2/install/ecl_console/share/ecl_console/environment/path.dsv
[0.935s] -- Installing: /home/fbot/kobuki_base_ros2/install/ecl_console/share/ecl_console/local_setup.bash
[0.936s] -- Installing: /home/fbot/kobuki_base_ros2/install/ecl_console/share/ecl_console/local_setup.sh
[0.937s] -- Installing: /home/fbot/kobuki_base_ros2/install/ecl_console/share/ecl_console/local_setup.zsh
[0.938s] -- Installing: /home/fbot/kobuki_base_ros2/install/ecl_console/share/ecl_console/local_setup.dsv
[0.938s] -- Installing: /home/fbot/kobuki_base_ros2/install/ecl_console/share/ecl_console/package.dsv
[0.938s] -- Installing: /home/fbot/kobuki_base_ros2/install/ecl_console/share/ament_index/resource_index/packages/ecl_console
[0.938s] -- Installing: /home/fbot/kobuki_base_ros2/install/ecl_console/share/ecl_console/cmake/ecl_consoleExport.cmake
[0.938s] -- Installing: /home/fbot/kobuki_base_ros2/install/ecl_console/share/ecl_console/cmake/ament_cmake_export_targets-extras.cmake
[0.938s] -- Installing: /home/fbot/kobuki_base_ros2/install/ecl_console/share/ecl_console/cmake/ament_cmake_export_include_directories-extras.cmake
[0.938s] -- Installing: /home/fbot/kobuki_base_ros2/install/ecl_console/share/ecl_console/cmake/ament_cmake_export_dependencies-extras.cmake
[0.940s] -- Installing: /home/fbot/kobuki_base_ros2/install/ecl_console/share/ecl_console/cmake/ecl_consoleConfig.cmake
[0.940s] -- Installing: /home/fbot/kobuki_base_ros2/install/ecl_console/share/ecl_console/cmake/ecl_consoleConfig-version.cmake
[0.940s] -- Installing: /home/fbot/kobuki_base_ros2/install/ecl_console/share/ecl_console/package.xml
[0.953s] Invoked command in '/home/fbot/kobuki_base_ros2/build/ecl_console' returned '0': AMENT_PREFIX_PATH=/home/fbot/kobuki_base_ros2/install/ecl_config:${AMENT_PREFIX_PATH} CMAKE_PREFIX_PATH=/home/fbot/kobuki_base_ros2/install/ecl_config:/opt/ros/humble PATH=/home/fbot/kobuki_base_ros2/install/ecl_config/bin:${PATH} /usr/bin/cmake --install /home/fbot/kobuki_base_ros2/build/ecl_console
