[0.031s] Invoking command in '/home/fbot/kobuki_base_ros2/build/ecl_ipc': AMENT_PREFIX_PATH=/home/fbot/kobuki_base_ros2/install/ecl_threads:/home/fbot/kobuki_base_ros2/install/ecl_utilities:/home/fbot/kobuki_base_ros2/install/ecl_time:/home/fbot/kobuki_base_ros2/install/ecl_time_lite:/home/fbot/kobuki_base_ros2/install/ecl_exceptions:/home/fbot/kobuki_base_ros2/install/ecl_concepts:/home/fbot/kobuki_base_ros2/install/ecl_type_traits:/home/fbot/kobuki_base_ros2/install/ecl_errors:/home/fbot/kobuki_base_ros2/install/ecl_mpl:/home/fbot/kobuki_base_ros2/install/ecl_config:${AMENT_PREFIX_PATH} CMAKE_PREFIX_PATH=/home/fbot/kobuki_base_ros2/install/ecl_threads:/home/fbot/kobuki_base_ros2/install/ecl_utilities:/home/fbot/kobuki_base_ros2/install/ecl_time:/home/fbot/kobuki_base_ros2/install/ecl_time_lite:/home/fbot/kobuki_base_ros2/install/ecl_exceptions:/home/fbot/kobuki_base_ros2/install/ecl_concepts:/home/fbot/kobuki_base_ros2/install/ecl_type_traits:/home/fbot/kobuki_base_ros2/install/ecl_errors:/home/fbot/kobuki_base_ros2/install/ecl_mpl:/home/fbot/kobuki_base_ros2/install/ecl_config:/opt/ros/humble LD_LIBRARY_PATH=/home/fbot/kobuki_base_ros2/install/ecl_threads/lib:/home/fbot/kobuki_base_ros2/install/ecl_time/lib:/home/fbot/kobuki_base_ros2/install/ecl_time_lite/lib:/home/fbot/kobuki_base_ros2/install/ecl_exceptions/lib:/home/fbot/kobuki_base_ros2/install/ecl_type_traits/lib:/home/fbot/kobuki_base_ros2/install/ecl_errors/lib:${LD_LIBRARY_PATH} PATH=/home/fbot/kobuki_base_ros2/install/ecl_type_traits/bin:/home/fbot/kobuki_base_ros2/install/ecl_config/bin:${PATH} /usr/bin/cmake /home/fbot/kobuki_base_ros2/src/ecl_core/ecl_ipc -DCMAKE_INSTALL_PREFIX=/home/fbot/kobuki_base_ros2/install/ecl_ipc
[0.080s] -- The C compiler identification is GNU 11.4.0
[0.127s] -- The CXX compiler identification is GNU 11.4.0
[0.133s] -- Detecting C compiler ABI info
[0.188s] -- Detecting C compiler ABI info - done
[0.195s] -- Check for working C compiler: /usr/bin/cc - skipped
[0.195s] -- Detecting C compile features
[0.195s] -- Detecting C compile features - done
[0.197s] -- Detecting CXX compiler ABI info
[0.268s] -- Detecting CXX compiler ABI info - done
[0.275s] -- Check for working CXX compiler: /usr/bin/c++ - skipped
[0.275s] -- Detecting CXX compile features
[0.275s] -- Detecting CXX compile features - done
[0.277s] -- Found ament_cmake_ros: 0.10.0 (/opt/ros/humble/share/ament_cmake_ros/cmake)
[0.419s] -- Found Python3: /usr/bin/python3 (found version "3.10.12") found components: Interpreter 
[0.511s] -- Found ecl_build: 1.0.3 (/opt/ros/humble/share/ecl_build/cmake)
[0.519s] -- Found ecl_config: 1.2.0 (/home/fbot/kobuki_base_ros2/install/ecl_config/share/ecl_config/cmake)
[0.520s] -- Found ecl_errors: 1.2.0 (/home/fbot/kobuki_base_ros2/install/ecl_errors/share/ecl_errors/cmake)
[0.526s] -- Found ecl_time_lite: 1.2.0 (/home/fbot/kobuki_base_ros2/install/ecl_time_lite/share/ecl_time_lite/cmake)
[0.528s] -- Found ecl_exceptions: 1.2.1 (/home/fbot/kobuki_base_ros2/install/ecl_exceptions/share/ecl_exceptions/cmake)
[0.534s] -- Found ecl_threads: 1.2.1 (/home/fbot/kobuki_base_ros2/install/ecl_threads/share/ecl_threads/cmake)
[0.534s] -- Looking for pthread.h
[0.674s] -- Looking for pthread.h - found
[0.674s] -- Performing Test CMAKE_HAVE_LIBC_PTHREAD
[0.805s] -- Performing Test CMAKE_HAVE_LIBC_PTHREAD - Success
[0.809s] [33mCMake Warning (dev) at /usr/share/cmake-3.22/Modules/FindPackageHandleStandardArgs.cmake:438 (message):
[0.809s]   The package name passed to `find_package_handle_standard_args` (Threads)
[0.809s]   does not match the name of the calling package (ecl_threads).  This can
[0.809s]   lead to problems in calling code that expects `find_package` result
[0.809s]   variables (e.g., `_FOUND`) to follow a certain pattern.
[0.809s] Call Stack (most recent call first):
[0.809s]   /usr/share/cmake-3.22/Modules/FindThreads.cmake:238 (FIND_PACKAGE_HANDLE_STANDARD_ARGS)
[0.810s]   /opt/ros/humble/share/ecl_build/cmake/ecl_platform_detection.cmake:225 (include)
[0.810s]   /home/fbot/kobuki_base_ros2/install/ecl_threads/share/ecl_threads/cmake/ecl_threads-extras.cmake:4 (ecl_detect_threads)
[0.810s]   /home/fbot/kobuki_base_ros2/install/ecl_threads/share/ecl_threads/cmake/ecl_threadsConfig.cmake:41 (include)
[0.810s]   CMakeLists.txt:22 (find_package)
[0.810s] This warning is for project developers.  Use -Wno-dev to suppress it.
[0.810s] [0m
[0.810s] -- Found Threads: TRUE  
[0.934s] -- Found ament_lint_auto: 0.12.15 (/opt/ros/humble/share/ament_lint_auto/cmake)
[0.966s] -- Found gtest sources under '/opt/ros/humble/src/gtest_vendor': C++ tests using 'Google Test' will be built
[0.992s] -- Configuring done
[1.014s] -- Generating done
[1.022s] -- Build files have been written to: /home/fbot/kobuki_base_ros2/build/ecl_ipc
[1.033s] Invoked command in '/home/fbot/kobuki_base_ros2/build/ecl_ipc' returned '0': AMENT_PREFIX_PATH=/home/fbot/kobuki_base_ros2/install/ecl_threads:/home/fbot/kobuki_base_ros2/install/ecl_utilities:/home/fbot/kobuki_base_ros2/install/ecl_time:/home/fbot/kobuki_base_ros2/install/ecl_time_lite:/home/fbot/kobuki_base_ros2/install/ecl_exceptions:/home/fbot/kobuki_base_ros2/install/ecl_concepts:/home/fbot/kobuki_base_ros2/install/ecl_type_traits:/home/fbot/kobuki_base_ros2/install/ecl_errors:/home/fbot/kobuki_base_ros2/install/ecl_mpl:/home/fbot/kobuki_base_ros2/install/ecl_config:${AMENT_PREFIX_PATH} CMAKE_PREFIX_PATH=/home/fbot/kobuki_base_ros2/install/ecl_threads:/home/fbot/kobuki_base_ros2/install/ecl_utilities:/home/fbot/kobuki_base_ros2/install/ecl_time:/home/fbot/kobuki_base_ros2/install/ecl_time_lite:/home/fbot/kobuki_base_ros2/install/ecl_exceptions:/home/fbot/kobuki_base_ros2/install/ecl_concepts:/home/fbot/kobuki_base_ros2/install/ecl_type_traits:/home/fbot/kobuki_base_ros2/install/ecl_errors:/home/fbot/kobuki_base_ros2/install/ecl_mpl:/home/fbot/kobuki_base_ros2/install/ecl_config:/opt/ros/humble LD_LIBRARY_PATH=/home/fbot/kobuki_base_ros2/install/ecl_threads/lib:/home/fbot/kobuki_base_ros2/install/ecl_time/lib:/home/fbot/kobuki_base_ros2/install/ecl_time_lite/lib:/home/fbot/kobuki_base_ros2/install/ecl_exceptions/lib:/home/fbot/kobuki_base_ros2/install/ecl_type_traits/lib:/home/fbot/kobuki_base_ros2/install/ecl_errors/lib:${LD_LIBRARY_PATH} PATH=/home/fbot/kobuki_base_ros2/install/ecl_type_traits/bin:/home/fbot/kobuki_base_ros2/install/ecl_config/bin:${PATH} /usr/bin/cmake /home/fbot/kobuki_base_ros2/src/ecl_core/ecl_ipc -DCMAKE_INSTALL_PREFIX=/home/fbot/kobuki_base_ros2/install/ecl_ipc
[1.038s] Invoking command in '/home/fbot/kobuki_base_ros2/build/ecl_ipc': AMENT_PREFIX_PATH=/home/fbot/kobuki_base_ros2/install/ecl_threads:/home/fbot/kobuki_base_ros2/install/ecl_utilities:/home/fbot/kobuki_base_ros2/install/ecl_time:/home/fbot/kobuki_base_ros2/install/ecl_time_lite:/home/fbot/kobuki_base_ros2/install/ecl_exceptions:/home/fbot/kobuki_base_ros2/install/ecl_concepts:/home/fbot/kobuki_base_ros2/install/ecl_type_traits:/home/fbot/kobuki_base_ros2/install/ecl_errors:/home/fbot/kobuki_base_ros2/install/ecl_mpl:/home/fbot/kobuki_base_ros2/install/ecl_config:${AMENT_PREFIX_PATH} CMAKE_PREFIX_PATH=/home/fbot/kobuki_base_ros2/install/ecl_threads:/home/fbot/kobuki_base_ros2/install/ecl_utilities:/home/fbot/kobuki_base_ros2/install/ecl_time:/home/fbot/kobuki_base_ros2/install/ecl_time_lite:/home/fbot/kobuki_base_ros2/install/ecl_exceptions:/home/fbot/kobuki_base_ros2/install/ecl_concepts:/home/fbot/kobuki_base_ros2/install/ecl_type_traits:/home/fbot/kobuki_base_ros2/install/ecl_errors:/home/fbot/kobuki_base_ros2/install/ecl_mpl:/home/fbot/kobuki_base_ros2/install/ecl_config:/opt/ros/humble LD_LIBRARY_PATH=/home/fbot/kobuki_base_ros2/install/ecl_threads/lib:/home/fbot/kobuki_base_ros2/install/ecl_time/lib:/home/fbot/kobuki_base_ros2/install/ecl_time_lite/lib:/home/fbot/kobuki_base_ros2/install/ecl_exceptions/lib:/home/fbot/kobuki_base_ros2/install/ecl_type_traits/lib:/home/fbot/kobuki_base_ros2/install/ecl_errors/lib:${LD_LIBRARY_PATH} PATH=/home/fbot/kobuki_base_ros2/install/ecl_type_traits/bin:/home/fbot/kobuki_base_ros2/install/ecl_config/bin:${PATH} /usr/bin/cmake --build /home/fbot/kobuki_base_ros2/build/ecl_ipc -- -j12 -l12
[1.138s] [  7%] [32mBuilding CXX object src/lib/CMakeFiles/ecl_ipc.dir/shared_memory_pos.cpp.o[0m
[1.148s] [ 23%] [32mBuilding CXX object gtest/CMakeFiles/gtest.dir/src/gtest-all.cc.o[0m
[1.148s] [ 23%] [32mBuilding CXX object src/lib/CMakeFiles/ecl_ipc.dir/semaphore_pos.cpp.o[0m
[1.155s] [ 30%] [32mBuilding CXX object gtest/CMakeFiles/gtest_main.dir/src/gtest_main.cc.o[0m
[1.904s] [ 38%] [32m[1mLinking CXX shared library libecl_ipc.so[0m
[2.271s] [ 38%] Built target ecl_ipc
[2.576s] [ 46%] [32m[1mLinking CXX static library libgtest_main.a[0m
[2.718s] [ 46%] Built target gtest_main
[5.873s] [ 53%] [32m[1mLinking CXX static library libgtest.a[0m
[5.944s] [ 53%] Built target gtest
[5.966s] [ 61%] [32mBuilding CXX object src/test/CMakeFiles/ecl_test_semaphores.dir/semaphores.cpp.o[0m
[5.966s] [ 69%] [32mBuilding CXX object src/test/CMakeFiles/ecl_test_shared_memory.dir/shared_memory.cpp.o[0m
[5.967s] [ 76%] [32mBuilding CXX object src/test/CMakeFiles/ecl_test_semaphores_timed.dir/semaphores_timed.cpp.o[0m
[6.614s] [ 84%] [32m[1mLinking CXX executable ecl_test_semaphores[0m
[6.695s] [ 92%] [32m[1mLinking CXX executable ecl_test_shared_memory[0m
[6.762s] [ 92%] Built target ecl_test_semaphores
[6.837s] [ 92%] Built target ecl_test_shared_memory
[6.938s] [100%] [32m[1mLinking CXX executable ecl_test_semaphores_timed[0m
[7.055s] [100%] Built target ecl_test_semaphores_timed
[7.069s] Invoked command in '/home/fbot/kobuki_base_ros2/build/ecl_ipc' returned '0': AMENT_PREFIX_PATH=/home/fbot/kobuki_base_ros2/install/ecl_threads:/home/fbot/kobuki_base_ros2/install/ecl_utilities:/home/fbot/kobuki_base_ros2/install/ecl_time:/home/fbot/kobuki_base_ros2/install/ecl_time_lite:/home/fbot/kobuki_base_ros2/install/ecl_exceptions:/home/fbot/kobuki_base_ros2/install/ecl_concepts:/home/fbot/kobuki_base_ros2/install/ecl_type_traits:/home/fbot/kobuki_base_ros2/install/ecl_errors:/home/fbot/kobuki_base_ros2/install/ecl_mpl:/home/fbot/kobuki_base_ros2/install/ecl_config:${AMENT_PREFIX_PATH} CMAKE_PREFIX_PATH=/home/fbot/kobuki_base_ros2/install/ecl_threads:/home/fbot/kobuki_base_ros2/install/ecl_utilities:/home/fbot/kobuki_base_ros2/install/ecl_time:/home/fbot/kobuki_base_ros2/install/ecl_time_lite:/home/fbot/kobuki_base_ros2/install/ecl_exceptions:/home/fbot/kobuki_base_ros2/install/ecl_concepts:/home/fbot/kobuki_base_ros2/install/ecl_type_traits:/home/fbot/kobuki_base_ros2/install/ecl_errors:/home/fbot/kobuki_base_ros2/install/ecl_mpl:/home/fbot/kobuki_base_ros2/install/ecl_config:/opt/ros/humble LD_LIBRARY_PATH=/home/fbot/kobuki_base_ros2/install/ecl_threads/lib:/home/fbot/kobuki_base_ros2/install/ecl_time/lib:/home/fbot/kobuki_base_ros2/install/ecl_time_lite/lib:/home/fbot/kobuki_base_ros2/install/ecl_exceptions/lib:/home/fbot/kobuki_base_ros2/install/ecl_type_traits/lib:/home/fbot/kobuki_base_ros2/install/ecl_errors/lib:${LD_LIBRARY_PATH} PATH=/home/fbot/kobuki_base_ros2/install/ecl_type_traits/bin:/home/fbot/kobuki_base_ros2/install/ecl_config/bin:${PATH} /usr/bin/cmake --build /home/fbot/kobuki_base_ros2/build/ecl_ipc -- -j12 -l12
[7.070s] Invoking command in '/home/fbot/kobuki_base_ros2/build/ecl_ipc': AMENT_PREFIX_PATH=/home/fbot/kobuki_base_ros2/install/ecl_threads:/home/fbot/kobuki_base_ros2/install/ecl_utilities:/home/fbot/kobuki_base_ros2/install/ecl_time:/home/fbot/kobuki_base_ros2/install/ecl_time_lite:/home/fbot/kobuki_base_ros2/install/ecl_exceptions:/home/fbot/kobuki_base_ros2/install/ecl_concepts:/home/fbot/kobuki_base_ros2/install/ecl_type_traits:/home/fbot/kobuki_base_ros2/install/ecl_errors:/home/fbot/kobuki_base_ros2/install/ecl_mpl:/home/fbot/kobuki_base_ros2/install/ecl_config:${AMENT_PREFIX_PATH} CMAKE_PREFIX_PATH=/home/fbot/kobuki_base_ros2/install/ecl_threads:/home/fbot/kobuki_base_ros2/install/ecl_utilities:/home/fbot/kobuki_base_ros2/install/ecl_time:/home/fbot/kobuki_base_ros2/install/ecl_time_lite:/home/fbot/kobuki_base_ros2/install/ecl_exceptions:/home/fbot/kobuki_base_ros2/install/ecl_concepts:/home/fbot/kobuki_base_ros2/install/ecl_type_traits:/home/fbot/kobuki_base_ros2/install/ecl_errors:/home/fbot/kobuki_base_ros2/install/ecl_mpl:/home/fbot/kobuki_base_ros2/install/ecl_config:/opt/ros/humble LD_LIBRARY_PATH=/home/fbot/kobuki_base_ros2/install/ecl_threads/lib:/home/fbot/kobuki_base_ros2/install/ecl_time/lib:/home/fbot/kobuki_base_ros2/install/ecl_time_lite/lib:/home/fbot/kobuki_base_ros2/install/ecl_exceptions/lib:/home/fbot/kobuki_base_ros2/install/ecl_type_traits/lib:/home/fbot/kobuki_base_ros2/install/ecl_errors/lib:${LD_LIBRARY_PATH} PATH=/home/fbot/kobuki_base_ros2/install/ecl_type_traits/bin:/home/fbot/kobuki_base_ros2/install/ecl_config/bin:${PATH} /usr/bin/cmake --install /home/fbot/kobuki_base_ros2/build/ecl_ipc
[7.076s] -- Install configuration: ""
[7.076s] -- Installing: /home/fbot/kobuki_base_ros2/install/ecl_ipc/share/ecl_ipc/environment/library_path.sh
[7.077s] -- Installing: /home/fbot/kobuki_base_ros2/install/ecl_ipc/share/ecl_ipc/environment/library_path.dsv
[7.077s] -- Installing: /home/fbot/kobuki_base_ros2/install/ecl_ipc/share/ament_index/resource_index/package_run_dependencies/ecl_ipc
[7.077s] -- Installing: /home/fbot/kobuki_base_ros2/install/ecl_ipc/share/ament_index/resource_index/parent_prefix_path/ecl_ipc
[7.077s] -- Installing: /home/fbot/kobuki_base_ros2/install/ecl_ipc/share/ecl_ipc/environment/ament_prefix_path.sh
[7.077s] -- Installing: /home/fbot/kobuki_base_ros2/install/ecl_ipc/share/ecl_ipc/environment/ament_prefix_path.dsv
[7.077s] -- Installing: /home/fbot/kobuki_base_ros2/install/ecl_ipc/share/ecl_ipc/environment/path.sh
[7.077s] -- Installing: /home/fbot/kobuki_base_ros2/install/ecl_ipc/share/ecl_ipc/environment/path.dsv
[7.078s] -- Installing: /home/fbot/kobuki_base_ros2/install/ecl_ipc/share/ecl_ipc/local_setup.bash
[7.078s] -- Installing: /home/fbot/kobuki_base_ros2/install/ecl_ipc/share/ecl_ipc/local_setup.sh
[7.078s] -- Installing: /home/fbot/kobuki_base_ros2/install/ecl_ipc/share/ecl_ipc/local_setup.zsh
[7.078s] -- Installing: /home/fbot/kobuki_base_ros2/install/ecl_ipc/share/ecl_ipc/local_setup.dsv
[7.078s] -- Installing: /home/fbot/kobuki_base_ros2/install/ecl_ipc/share/ecl_ipc/package.dsv
[7.078s] -- Installing: /home/fbot/kobuki_base_ros2/install/ecl_ipc/share/ament_index/resource_index/packages/ecl_ipc
[7.078s] -- Installing: /home/fbot/kobuki_base_ros2/install/ecl_ipc/share/ecl_ipc/cmake/ecl_ipcExport.cmake
[7.079s] -- Installing: /home/fbot/kobuki_base_ros2/install/ecl_ipc/share/ecl_ipc/cmake/ecl_ipcExport-noconfig.cmake
[7.079s] -- Installing: /home/fbot/kobuki_base_ros2/install/ecl_ipc/share/ecl_ipc/cmake/ament_cmake_export_targets-extras.cmake
[7.079s] -- Installing: /home/fbot/kobuki_base_ros2/install/ecl_ipc/share/ecl_ipc/cmake/ament_cmake_export_include_directories-extras.cmake
[7.079s] -- Installing: /home/fbot/kobuki_base_ros2/install/ecl_ipc/share/ecl_ipc/cmake/ament_cmake_export_libraries-extras.cmake
[7.079s] -- Installing: /home/fbot/kobuki_base_ros2/install/ecl_ipc/share/ecl_ipc/cmake/ament_cmake_export_dependencies-extras.cmake
[7.079s] -- Installing: /home/fbot/kobuki_base_ros2/install/ecl_ipc/share/ecl_ipc/cmake/ecl_ipcConfig.cmake
[7.079s] -- Installing: /home/fbot/kobuki_base_ros2/install/ecl_ipc/share/ecl_ipc/cmake/ecl_ipcConfig-version.cmake
[7.079s] -- Installing: /home/fbot/kobuki_base_ros2/install/ecl_ipc/share/ecl_ipc/package.xml
[7.080s] -- Installing: /home/fbot/kobuki_base_ros2/install/ecl_ipc/include/ecl/ipc.hpp
[7.080s] -- Installing: /home/fbot/kobuki_base_ros2/install/ecl_ipc/include/ecl/ipc/semaphore.hpp
[7.080s] -- Installing: /home/fbot/kobuki_base_ros2/install/ecl_ipc/include/ecl/ipc/semaphore_pos.hpp
[7.080s] -- Installing: /home/fbot/kobuki_base_ros2/install/ecl_ipc/include/ecl/ipc/shared_memory.hpp
[7.080s] -- Installing: /home/fbot/kobuki_base_ros2/install/ecl_ipc/include/ecl/ipc/shared_memory_pos.hpp
[7.081s] -- Installing: /home/fbot/kobuki_base_ros2/install/ecl_ipc/lib/libecl_ipc.so.1.2.1
[7.081s] -- Set runtime path of "/home/fbot/kobuki_base_ros2/install/ecl_ipc/lib/libecl_ipc.so.1.2.1" to ""
[7.081s] -- Installing: /home/fbot/kobuki_base_ros2/install/ecl_ipc/lib/libecl_ipc.so
[7.083s] Invoked command in '/home/fbot/kobuki_base_ros2/build/ecl_ipc' returned '0': AMENT_PREFIX_PATH=/home/fbot/kobuki_base_ros2/install/ecl_threads:/home/fbot/kobuki_base_ros2/install/ecl_utilities:/home/fbot/kobuki_base_ros2/install/ecl_time:/home/fbot/kobuki_base_ros2/install/ecl_time_lite:/home/fbot/kobuki_base_ros2/install/ecl_exceptions:/home/fbot/kobuki_base_ros2/install/ecl_concepts:/home/fbot/kobuki_base_ros2/install/ecl_type_traits:/home/fbot/kobuki_base_ros2/install/ecl_errors:/home/fbot/kobuki_base_ros2/install/ecl_mpl:/home/fbot/kobuki_base_ros2/install/ecl_config:${AMENT_PREFIX_PATH} CMAKE_PREFIX_PATH=/home/fbot/kobuki_base_ros2/install/ecl_threads:/home/fbot/kobuki_base_ros2/install/ecl_utilities:/home/fbot/kobuki_base_ros2/install/ecl_time:/home/fbot/kobuki_base_ros2/install/ecl_time_lite:/home/fbot/kobuki_base_ros2/install/ecl_exceptions:/home/fbot/kobuki_base_ros2/install/ecl_concepts:/home/fbot/kobuki_base_ros2/install/ecl_type_traits:/home/fbot/kobuki_base_ros2/install/ecl_errors:/home/fbot/kobuki_base_ros2/install/ecl_mpl:/home/fbot/kobuki_base_ros2/install/ecl_config:/opt/ros/humble LD_LIBRARY_PATH=/home/fbot/kobuki_base_ros2/install/ecl_threads/lib:/home/fbot/kobuki_base_ros2/install/ecl_time/lib:/home/fbot/kobuki_base_ros2/install/ecl_time_lite/lib:/home/fbot/kobuki_base_ros2/install/ecl_exceptions/lib:/home/fbot/kobuki_base_ros2/install/ecl_type_traits/lib:/home/fbot/kobuki_base_ros2/install/ecl_errors/lib:${LD_LIBRARY_PATH} PATH=/home/fbot/kobuki_base_ros2/install/ecl_type_traits/bin:/home/fbot/kobuki_base_ros2/install/ecl_config/bin:${PATH} /usr/bin/cmake --install /home/fbot/kobuki_base_ros2/build/ecl_ipc
