[0.029s] Invoking command in '/home/fbot/kobuki_base_ros2/build/kobuki_core': AMENT_PREFIX_PATH=/home/fbot/kobuki_base_ros2/install/ecl_mobile_robot:/home/fbot/kobuki_base_ros2/install/ecl_geometry:/home/fbot/kobuki_base_ros2/install/ecl_devices:/home/fbot/kobuki_base_ros2/install/ecl_sigslots:/home/fbot/kobuki_base_ros2/install/ecl_linear_algebra:/home/fbot/kobuki_base_ros2/install/ecl_containers:/home/fbot/kobuki_base_ros2/install/ecl_threads:/home/fbot/kobuki_base_ros2/install/ecl_formatters:/home/fbot/kobuki_base_ros2/install/ecl_utilities:/home/fbot/kobuki_base_ros2/install/ecl_time:/home/fbot/kobuki_base_ros2/install/ecl_converters:/home/fbot/kobuki_base_ros2/install/ecl_time_lite:/home/fbot/kobuki_base_ros2/install/ecl_math:/home/fbot/kobuki_base_ros2/install/ecl_exceptions:/home/fbot/kobuki_base_ros2/install/ecl_concepts:/home/fbot/kobuki_base_ros2/install/ecl_type_traits:/home/fbot/kobuki_base_ros2/install/ecl_errors:/home/fbot/kobuki_base_ros2/install/ecl_console:/home/fbot/kobuki_base_ros2/install/ecl_mpl:/home/fbot/kobuki_base_ros2/install/ecl_eigen:/home/fbot/kobuki_base_ros2/install/ecl_config:/home/fbot/kobuki_base_ros2/install/ecl_command_line:${AMENT_PREFIX_PATH} CMAKE_PREFIX_PATH=/home/fbot/kobuki_base_ros2/install/ecl_mobile_robot:/home/fbot/kobuki_base_ros2/install/ecl_geometry:/home/fbot/kobuki_base_ros2/install/ecl_devices:/home/fbot/kobuki_base_ros2/install/ecl_sigslots:/home/fbot/kobuki_base_ros2/install/ecl_linear_algebra:/home/fbot/kobuki_base_ros2/install/ecl_containers:/home/fbot/kobuki_base_ros2/install/ecl_threads:/home/fbot/kobuki_base_ros2/install/ecl_formatters:/home/fbot/kobuki_base_ros2/install/ecl_utilities:/home/fbot/kobuki_base_ros2/install/ecl_time:/home/fbot/kobuki_base_ros2/install/ecl_converters:/home/fbot/kobuki_base_ros2/install/ecl_time_lite:/home/fbot/kobuki_base_ros2/install/ecl_math:/home/fbot/kobuki_base_ros2/install/ecl_exceptions:/home/fbot/kobuki_base_ros2/install/ecl_concepts:/home/fbot/kobuki_base_ros2/install/ecl_type_traits:/home/fbot/kobuki_base_ros2/install/ecl_errors:/home/fbot/kobuki_base_ros2/install/ecl_console:/home/fbot/kobuki_base_ros2/install/ecl_mpl:/home/fbot/kobuki_base_ros2/install/ecl_eigen:/home/fbot/kobuki_base_ros2/install/ecl_config:/home/fbot/kobuki_base_ros2/install/ecl_command_line:/opt/ros/humble LD_LIBRARY_PATH=/home/fbot/kobuki_base_ros2/install/ecl_mobile_robot/lib:/home/fbot/kobuki_base_ros2/install/ecl_geometry/lib:/home/fbot/kobuki_base_ros2/install/ecl_devices/lib:/home/fbot/kobuki_base_ros2/install/ecl_linear_algebra/lib:/home/fbot/kobuki_base_ros2/install/ecl_threads/lib:/home/fbot/kobuki_base_ros2/install/ecl_formatters/lib:/home/fbot/kobuki_base_ros2/install/ecl_time/lib:/home/fbot/kobuki_base_ros2/install/ecl_time_lite/lib:/home/fbot/kobuki_base_ros2/install/ecl_exceptions/lib:/home/fbot/kobuki_base_ros2/install/ecl_type_traits/lib:/home/fbot/kobuki_base_ros2/install/ecl_errors/lib:${LD_LIBRARY_PATH} PATH=/home/fbot/kobuki_base_ros2/install/ecl_type_traits/bin:/home/fbot/kobuki_base_ros2/install/ecl_config/bin:${PATH} /usr/bin/cmake /home/fbot/kobuki_base_ros2/src/kobuki_core -DCMAKE_INSTALL_PREFIX=/home/fbot/kobuki_base_ros2/install/kobuki_core
[0.072s] -- The C compiler identification is GNU 11.4.0
[0.118s] -- The CXX compiler identification is GNU 11.4.0
[0.124s] -- Detecting C compiler ABI info
[0.180s] -- Detecting C compiler ABI info - done
[0.186s] -- Check for working C compiler: /usr/bin/cc - skipped
[0.186s] -- Detecting C compile features
[0.187s] -- Detecting C compile features - done
[0.189s] -- Detecting CXX compiler ABI info
[0.258s] -- Detecting CXX compiler ABI info - done
[0.264s] -- Check for working CXX compiler: /usr/bin/c++ - skipped
[0.264s] -- Detecting CXX compile features
[0.265s] -- Detecting CXX compile features - done
[0.267s] -- Found ament_cmake_ros: 0.10.0 (/opt/ros/humble/share/ament_cmake_ros/cmake)
[0.408s] -- Found Python3: /usr/bin/python3 (found version "3.10.12") found components: Interpreter 
[0.504s] -- Found ecl_build: 1.0.3 (/opt/ros/humble/share/ecl_build/cmake)
[0.510s] -- Found ecl_command_line: 1.2.1 (/home/fbot/kobuki_base_ros2/install/ecl_command_line/share/ecl_command_line/cmake)
[0.513s] -- Found ecl_config: 1.2.0 (/home/fbot/kobuki_base_ros2/install/ecl_config/share/ecl_config/cmake)
[0.515s] -- Found ecl_console: 1.2.0 (/home/fbot/kobuki_base_ros2/install/ecl_console/share/ecl_console/cmake)
[0.517s] -- Found ecl_converters: 1.2.1 (/home/fbot/kobuki_base_ros2/install/ecl_converters/share/ecl_converters/cmake)
[0.534s] -- Found ecl_devices: 1.2.1 (/home/fbot/kobuki_base_ros2/install/ecl_devices/share/ecl_devices/cmake)
[0.545s] -- Looking for pthread.h
[0.603s] -- Looking for pthread.h - found
[0.603s] -- Performing Test CMAKE_HAVE_LIBC_PTHREAD
[0.662s] -- Performing Test CMAKE_HAVE_LIBC_PTHREAD - Success
[0.662s] [33mCMake Warning (dev) at /usr/share/cmake-3.22/Modules/FindPackageHandleStandardArgs.cmake:438 (message):
[0.663s]   The package name passed to `find_package_handle_standard_args` (Threads)
[0.663s]   does not match the name of the calling package (ecl_threads).  This can
[0.663s]   lead to problems in calling code that expects `find_package` result
[0.663s]   variables (e.g., `_FOUND`) to follow a certain pattern.
[0.663s] Call Stack (most recent call first):
[0.663s]   /usr/share/cmake-3.22/Modules/FindThreads.cmake:238 (FIND_PACKAGE_HANDLE_STANDARD_ARGS)
[0.663s]   /opt/ros/humble/share/ecl_build/cmake/ecl_platform_detection.cmake:225 (include)
[0.663s]   /home/fbot/kobuki_base_ros2/install/ecl_threads/share/ecl_threads/cmake/ecl_threads-extras.cmake:4 (ecl_detect_threads)
[0.663s]   /home/fbot/kobuki_base_ros2/install/ecl_threads/share/ecl_threads/cmake/ecl_threadsConfig.cmake:41 (include)
[0.663s]   /home/fbot/kobuki_base_ros2/install/ecl_devices/share/ecl_devices/cmake/ament_cmake_export_dependencies-extras.cmake:21 (find_package)
[0.663s]   /home/fbot/kobuki_base_ros2/install/ecl_devices/share/ecl_devices/cmake/ecl_devicesConfig.cmake:41 (include)
[0.664s]   CMakeLists.txt:23 (find_package)
[0.664s] This warning is for project developers.  Use -Wno-dev to suppress it.
[0.664s] [0m
[0.664s] -- Found Threads: TRUE  
[0.672s] -- Found ecl_geometry: 1.2.1 (/home/fbot/kobuki_base_ros2/install/ecl_geometry/share/ecl_geometry/cmake)
[0.711s] -- Found ecl_mobile_robot: 1.2.1 (/home/fbot/kobuki_base_ros2/install/ecl_mobile_robot/share/ecl_mobile_robot/cmake)
[0.713s] -- Found ecl_sigslots: 1.2.1 (/home/fbot/kobuki_base_ros2/install/ecl_sigslots/share/ecl_sigslots/cmake)
[0.778s] -- Configuring done
[0.809s] -- Generating done
[0.818s] -- Build files have been written to: /home/fbot/kobuki_base_ros2/build/kobuki_core
[0.823s] Invoked command in '/home/fbot/kobuki_base_ros2/build/kobuki_core' returned '0': AMENT_PREFIX_PATH=/home/fbot/kobuki_base_ros2/install/ecl_mobile_robot:/home/fbot/kobuki_base_ros2/install/ecl_geometry:/home/fbot/kobuki_base_ros2/install/ecl_devices:/home/fbot/kobuki_base_ros2/install/ecl_sigslots:/home/fbot/kobuki_base_ros2/install/ecl_linear_algebra:/home/fbot/kobuki_base_ros2/install/ecl_containers:/home/fbot/kobuki_base_ros2/install/ecl_threads:/home/fbot/kobuki_base_ros2/install/ecl_formatters:/home/fbot/kobuki_base_ros2/install/ecl_utilities:/home/fbot/kobuki_base_ros2/install/ecl_time:/home/fbot/kobuki_base_ros2/install/ecl_converters:/home/fbot/kobuki_base_ros2/install/ecl_time_lite:/home/fbot/kobuki_base_ros2/install/ecl_math:/home/fbot/kobuki_base_ros2/install/ecl_exceptions:/home/fbot/kobuki_base_ros2/install/ecl_concepts:/home/fbot/kobuki_base_ros2/install/ecl_type_traits:/home/fbot/kobuki_base_ros2/install/ecl_errors:/home/fbot/kobuki_base_ros2/install/ecl_console:/home/fbot/kobuki_base_ros2/install/ecl_mpl:/home/fbot/kobuki_base_ros2/install/ecl_eigen:/home/fbot/kobuki_base_ros2/install/ecl_config:/home/fbot/kobuki_base_ros2/install/ecl_command_line:${AMENT_PREFIX_PATH} CMAKE_PREFIX_PATH=/home/fbot/kobuki_base_ros2/install/ecl_mobile_robot:/home/fbot/kobuki_base_ros2/install/ecl_geometry:/home/fbot/kobuki_base_ros2/install/ecl_devices:/home/fbot/kobuki_base_ros2/install/ecl_sigslots:/home/fbot/kobuki_base_ros2/install/ecl_linear_algebra:/home/fbot/kobuki_base_ros2/install/ecl_containers:/home/fbot/kobuki_base_ros2/install/ecl_threads:/home/fbot/kobuki_base_ros2/install/ecl_formatters:/home/fbot/kobuki_base_ros2/install/ecl_utilities:/home/fbot/kobuki_base_ros2/install/ecl_time:/home/fbot/kobuki_base_ros2/install/ecl_converters:/home/fbot/kobuki_base_ros2/install/ecl_time_lite:/home/fbot/kobuki_base_ros2/install/ecl_math:/home/fbot/kobuki_base_ros2/install/ecl_exceptions:/home/fbot/kobuki_base_ros2/install/ecl_concepts:/home/fbot/kobuki_base_ros2/install/ecl_type_traits:/home/fbot/kobuki_base_ros2/install/ecl_errors:/home/fbot/kobuki_base_ros2/install/ecl_console:/home/fbot/kobuki_base_ros2/install/ecl_mpl:/home/fbot/kobuki_base_ros2/install/ecl_eigen:/home/fbot/kobuki_base_ros2/install/ecl_config:/home/fbot/kobuki_base_ros2/install/ecl_command_line:/opt/ros/humble LD_LIBRARY_PATH=/home/fbot/kobuki_base_ros2/install/ecl_mobile_robot/lib:/home/fbot/kobuki_base_ros2/install/ecl_geometry/lib:/home/fbot/kobuki_base_ros2/install/ecl_devices/lib:/home/fbot/kobuki_base_ros2/install/ecl_linear_algebra/lib:/home/fbot/kobuki_base_ros2/install/ecl_threads/lib:/home/fbot/kobuki_base_ros2/install/ecl_formatters/lib:/home/fbot/kobuki_base_ros2/install/ecl_time/lib:/home/fbot/kobuki_base_ros2/install/ecl_time_lite/lib:/home/fbot/kobuki_base_ros2/install/ecl_exceptions/lib:/home/fbot/kobuki_base_ros2/install/ecl_type_traits/lib:/home/fbot/kobuki_base_ros2/install/ecl_errors/lib:${LD_LIBRARY_PATH} PATH=/home/fbot/kobuki_base_ros2/install/ecl_type_traits/bin:/home/fbot/kobuki_base_ros2/install/ecl_config/bin:${PATH} /usr/bin/cmake /home/fbot/kobuki_base_ros2/src/kobuki_core -DCMAKE_INSTALL_PREFIX=/home/fbot/kobuki_base_ros2/install/kobuki_core
[0.825s] Invoking command in '/home/fbot/kobuki_base_ros2/build/kobuki_core': AMENT_PREFIX_PATH=/home/fbot/kobuki_base_ros2/install/ecl_mobile_robot:/home/fbot/kobuki_base_ros2/install/ecl_geometry:/home/fbot/kobuki_base_ros2/install/ecl_devices:/home/fbot/kobuki_base_ros2/install/ecl_sigslots:/home/fbot/kobuki_base_ros2/install/ecl_linear_algebra:/home/fbot/kobuki_base_ros2/install/ecl_containers:/home/fbot/kobuki_base_ros2/install/ecl_threads:/home/fbot/kobuki_base_ros2/install/ecl_formatters:/home/fbot/kobuki_base_ros2/install/ecl_utilities:/home/fbot/kobuki_base_ros2/install/ecl_time:/home/fbot/kobuki_base_ros2/install/ecl_converters:/home/fbot/kobuki_base_ros2/install/ecl_time_lite:/home/fbot/kobuki_base_ros2/install/ecl_math:/home/fbot/kobuki_base_ros2/install/ecl_exceptions:/home/fbot/kobuki_base_ros2/install/ecl_concepts:/home/fbot/kobuki_base_ros2/install/ecl_type_traits:/home/fbot/kobuki_base_ros2/install/ecl_errors:/home/fbot/kobuki_base_ros2/install/ecl_console:/home/fbot/kobuki_base_ros2/install/ecl_mpl:/home/fbot/kobuki_base_ros2/install/ecl_eigen:/home/fbot/kobuki_base_ros2/install/ecl_config:/home/fbot/kobuki_base_ros2/install/ecl_command_line:${AMENT_PREFIX_PATH} CMAKE_PREFIX_PATH=/home/fbot/kobuki_base_ros2/install/ecl_mobile_robot:/home/fbot/kobuki_base_ros2/install/ecl_geometry:/home/fbot/kobuki_base_ros2/install/ecl_devices:/home/fbot/kobuki_base_ros2/install/ecl_sigslots:/home/fbot/kobuki_base_ros2/install/ecl_linear_algebra:/home/fbot/kobuki_base_ros2/install/ecl_containers:/home/fbot/kobuki_base_ros2/install/ecl_threads:/home/fbot/kobuki_base_ros2/install/ecl_formatters:/home/fbot/kobuki_base_ros2/install/ecl_utilities:/home/fbot/kobuki_base_ros2/install/ecl_time:/home/fbot/kobuki_base_ros2/install/ecl_converters:/home/fbot/kobuki_base_ros2/install/ecl_time_lite:/home/fbot/kobuki_base_ros2/install/ecl_math:/home/fbot/kobuki_base_ros2/install/ecl_exceptions:/home/fbot/kobuki_base_ros2/install/ecl_concepts:/home/fbot/kobuki_base_ros2/install/ecl_type_traits:/home/fbot/kobuki_base_ros2/install/ecl_errors:/home/fbot/kobuki_base_ros2/install/ecl_console:/home/fbot/kobuki_base_ros2/install/ecl_mpl:/home/fbot/kobuki_base_ros2/install/ecl_eigen:/home/fbot/kobuki_base_ros2/install/ecl_config:/home/fbot/kobuki_base_ros2/install/ecl_command_line:/opt/ros/humble LD_LIBRARY_PATH=/home/fbot/kobuki_base_ros2/install/ecl_mobile_robot/lib:/home/fbot/kobuki_base_ros2/install/ecl_geometry/lib:/home/fbot/kobuki_base_ros2/install/ecl_devices/lib:/home/fbot/kobuki_base_ros2/install/ecl_linear_algebra/lib:/home/fbot/kobuki_base_ros2/install/ecl_threads/lib:/home/fbot/kobuki_base_ros2/install/ecl_formatters/lib:/home/fbot/kobuki_base_ros2/install/ecl_time/lib:/home/fbot/kobuki_base_ros2/install/ecl_time_lite/lib:/home/fbot/kobuki_base_ros2/install/ecl_exceptions/lib:/home/fbot/kobuki_base_ros2/install/ecl_type_traits/lib:/home/fbot/kobuki_base_ros2/install/ecl_errors/lib:${LD_LIBRARY_PATH} PATH=/home/fbot/kobuki_base_ros2/install/ecl_type_traits/bin:/home/fbot/kobuki_base_ros2/install/ecl_config/bin:${PATH} /usr/bin/cmake --build /home/fbot/kobuki_base_ros2/build/kobuki_core -- -j12 -l12
[0.872s] [  2%] [32mBuilding CXX object src/driver/CMakeFiles/kobuki_core.dir/command.cpp.o[0m
[0.872s] [  5%] [32mBuilding CXX object src/driver/CMakeFiles/kobuki_core.dir/core_sensors.cpp.o[0m
[0.872s] [ 14%] [32mBuilding CXX object src/driver/CMakeFiles/kobuki_core.dir/dock_drive_states.cpp.o[0m
[0.873s] [ 14%] [32mBuilding CXX object src/driver/CMakeFiles/kobuki_core.dir/dock_drive_debug.cpp.o[0m
[0.873s] [ 14%] [32mBuilding CXX object src/driver/CMakeFiles/kobuki_core.dir/event_manager.cpp.o[0m
[0.873s] [ 17%] [32mBuilding CXX object src/driver/CMakeFiles/kobuki_core.dir/firmware.cpp.o[0m
[0.873s] [ 20%] [32mBuilding CXX object src/driver/CMakeFiles/kobuki_core.dir/diff_drive.cpp.o[0m
[0.873s] [ 23%] [32mBuilding CXX object src/driver/CMakeFiles/kobuki_core.dir/dock_drive.cpp.o[0m
[0.873s] [ 26%] [32mBuilding CXX object src/driver/CMakeFiles/kobuki_core.dir/battery.cpp.o[0m
[0.880s] [ 29%] [32mBuilding CXX object src/driver/CMakeFiles/kobuki_core.dir/kobuki.cpp.o[0m
[0.881s] [ 32%] [32mBuilding CXX object src/driver/CMakeFiles/kobuki_core.dir/logging.cpp.o[0m
[0.881s] [ 35%] [32mBuilding CXX object src/driver/CMakeFiles/kobuki_core.dir/packet_finder.cpp.o[0m
[1.261s] [ 38%] [32mBuilding CXX object src/driver/CMakeFiles/kobuki_core.dir/__/__/version_info.cpp.o[0m
[5.715s] [ 41%] [32m[1mLinking CXX shared library libkobuki_core.so[0m
[5.928s] [ 41%] Built target kobuki_core
[5.952s] [ 44%] [32mBuilding CXX object src/demos/CMakeFiles/kobuki_core_demo_buttons.dir/buttons.cpp.o[0m
[5.952s] [ 47%] [32mBuilding CXX object src/demos/CMakeFiles/kobuki_core_demo_simple_loop.dir/simple_loop.cpp.o[0m
[5.953s] [ 61%] [32mBuilding CXX object src/demos/CMakeFiles/kobuki_core_demo_chirp.dir/chirp.cpp.o[0m
[5.953s] [ 61%] [32mBuilding CXX object src/demos/CMakeFiles/kobuki_core_demo_raw_data_stream.dir/raw_data_stream.cpp.o[0m
[5.953s] [ 61%] [32mBuilding CXX object src/demos/CMakeFiles/kobuki_core_demo_data_stream.dir/data_stream.cpp.o[0m
[5.953s] [ 64%] [32mBuilding CXX object src/demos/CMakeFiles/kobuki_core_demo_velocity_commands.dir/velocity_commands.cpp.o[0m
[5.953s] [ 67%] [32mBuilding CXX object src/tools/CMakeFiles/kobuki_core_tool_simple_keyop.dir/simple_keyop.cpp.o[0m
[5.953s] [ 61%] [32mBuilding CXX object src/demos/CMakeFiles/kobuki_core_demo_log_levels.dir/log_levels.cpp.o[0m
[5.953s] [ 61%] [32mBuilding CXX object src/demos/CMakeFiles/kobuki_core_demo_custom_logging.dir/custom_logging.cpp.o[0m
[5.959s] [ 70%] [32mBuilding CXX object src/tools/CMakeFiles/kobuki_core_tool_version_info.dir/version_info.cpp.o[0m
[6.319s] [ 73%] [32m[1mLinking CXX executable demo_velocity_commands[0m
[6.468s] [ 73%] Built target kobuki_core_demo_velocity_commands
[9.443s] [ 76%] [32m[1mLinking CXX executable demo_data_stream[0m
[9.557s] [ 79%] [32m[1mLinking CXX executable demo_chirp[0m
[9.674s] [ 79%] Built target kobuki_core_demo_data_stream
[9.724s] [ 82%] [32m[1mLinking CXX executable demo_log_levels[0m
[9.730s] [ 82%] Built target kobuki_core_demo_chirp
[9.775s] [ 85%] [32m[1mLinking CXX executable demo_buttons[0m
[9.832s] [ 88%] [32m[1mLinking CXX executable demo_simple_loop[0m
[9.890s] [ 88%] Built target kobuki_core_demo_log_levels
[9.949s] [ 88%] Built target kobuki_core_demo_buttons
[9.979s] [ 88%] Built target kobuki_core_demo_simple_loop
[10.120s] [ 91%] [32m[1mLinking CXX executable demo_raw_data_stream[0m
[10.163s] [ 94%] [32m[1mLinking CXX executable kobuki-simple-keyop[0m
[10.199s] [ 97%] [32m[1mLinking CXX executable demo_custom_logging[0m
[10.246s] [100%] [32m[1mLinking CXX executable kobuki-version-info[0m
[10.258s] [100%] Built target kobuki_core_demo_raw_data_stream
[10.320s] [100%] Built target kobuki_core_tool_simple_keyop
[10.342s] [100%] Built target kobuki_core_demo_custom_logging
[10.376s] [100%] Built target kobuki_core_tool_version_info
[10.386s] Invoked command in '/home/fbot/kobuki_base_ros2/build/kobuki_core' returned '0': AMENT_PREFIX_PATH=/home/fbot/kobuki_base_ros2/install/ecl_mobile_robot:/home/fbot/kobuki_base_ros2/install/ecl_geometry:/home/fbot/kobuki_base_ros2/install/ecl_devices:/home/fbot/kobuki_base_ros2/install/ecl_sigslots:/home/fbot/kobuki_base_ros2/install/ecl_linear_algebra:/home/fbot/kobuki_base_ros2/install/ecl_containers:/home/fbot/kobuki_base_ros2/install/ecl_threads:/home/fbot/kobuki_base_ros2/install/ecl_formatters:/home/fbot/kobuki_base_ros2/install/ecl_utilities:/home/fbot/kobuki_base_ros2/install/ecl_time:/home/fbot/kobuki_base_ros2/install/ecl_converters:/home/fbot/kobuki_base_ros2/install/ecl_time_lite:/home/fbot/kobuki_base_ros2/install/ecl_math:/home/fbot/kobuki_base_ros2/install/ecl_exceptions:/home/fbot/kobuki_base_ros2/install/ecl_concepts:/home/fbot/kobuki_base_ros2/install/ecl_type_traits:/home/fbot/kobuki_base_ros2/install/ecl_errors:/home/fbot/kobuki_base_ros2/install/ecl_console:/home/fbot/kobuki_base_ros2/install/ecl_mpl:/home/fbot/kobuki_base_ros2/install/ecl_eigen:/home/fbot/kobuki_base_ros2/install/ecl_config:/home/fbot/kobuki_base_ros2/install/ecl_command_line:${AMENT_PREFIX_PATH} CMAKE_PREFIX_PATH=/home/fbot/kobuki_base_ros2/install/ecl_mobile_robot:/home/fbot/kobuki_base_ros2/install/ecl_geometry:/home/fbot/kobuki_base_ros2/install/ecl_devices:/home/fbot/kobuki_base_ros2/install/ecl_sigslots:/home/fbot/kobuki_base_ros2/install/ecl_linear_algebra:/home/fbot/kobuki_base_ros2/install/ecl_containers:/home/fbot/kobuki_base_ros2/install/ecl_threads:/home/fbot/kobuki_base_ros2/install/ecl_formatters:/home/fbot/kobuki_base_ros2/install/ecl_utilities:/home/fbot/kobuki_base_ros2/install/ecl_time:/home/fbot/kobuki_base_ros2/install/ecl_converters:/home/fbot/kobuki_base_ros2/install/ecl_time_lite:/home/fbot/kobuki_base_ros2/install/ecl_math:/home/fbot/kobuki_base_ros2/install/ecl_exceptions:/home/fbot/kobuki_base_ros2/install/ecl_concepts:/home/fbot/kobuki_base_ros2/install/ecl_type_traits:/home/fbot/kobuki_base_ros2/install/ecl_errors:/home/fbot/kobuki_base_ros2/install/ecl_console:/home/fbot/kobuki_base_ros2/install/ecl_mpl:/home/fbot/kobuki_base_ros2/install/ecl_eigen:/home/fbot/kobuki_base_ros2/install/ecl_config:/home/fbot/kobuki_base_ros2/install/ecl_command_line:/opt/ros/humble LD_LIBRARY_PATH=/home/fbot/kobuki_base_ros2/install/ecl_mobile_robot/lib:/home/fbot/kobuki_base_ros2/install/ecl_geometry/lib:/home/fbot/kobuki_base_ros2/install/ecl_devices/lib:/home/fbot/kobuki_base_ros2/install/ecl_linear_algebra/lib:/home/fbot/kobuki_base_ros2/install/ecl_threads/lib:/home/fbot/kobuki_base_ros2/install/ecl_formatters/lib:/home/fbot/kobuki_base_ros2/install/ecl_time/lib:/home/fbot/kobuki_base_ros2/install/ecl_time_lite/lib:/home/fbot/kobuki_base_ros2/install/ecl_exceptions/lib:/home/fbot/kobuki_base_ros2/install/ecl_type_traits/lib:/home/fbot/kobuki_base_ros2/install/ecl_errors/lib:${LD_LIBRARY_PATH} PATH=/home/fbot/kobuki_base_ros2/install/ecl_type_traits/bin:/home/fbot/kobuki_base_ros2/install/ecl_config/bin:${PATH} /usr/bin/cmake --build /home/fbot/kobuki_base_ros2/build/kobuki_core -- -j12 -l12
[10.387s] Invoking command in '/home/fbot/kobuki_base_ros2/build/kobuki_core': AMENT_PREFIX_PATH=/home/fbot/kobuki_base_ros2/install/ecl_mobile_robot:/home/fbot/kobuki_base_ros2/install/ecl_geometry:/home/fbot/kobuki_base_ros2/install/ecl_devices:/home/fbot/kobuki_base_ros2/install/ecl_sigslots:/home/fbot/kobuki_base_ros2/install/ecl_linear_algebra:/home/fbot/kobuki_base_ros2/install/ecl_containers:/home/fbot/kobuki_base_ros2/install/ecl_threads:/home/fbot/kobuki_base_ros2/install/ecl_formatters:/home/fbot/kobuki_base_ros2/install/ecl_utilities:/home/fbot/kobuki_base_ros2/install/ecl_time:/home/fbot/kobuki_base_ros2/install/ecl_converters:/home/fbot/kobuki_base_ros2/install/ecl_time_lite:/home/fbot/kobuki_base_ros2/install/ecl_math:/home/fbot/kobuki_base_ros2/install/ecl_exceptions:/home/fbot/kobuki_base_ros2/install/ecl_concepts:/home/fbot/kobuki_base_ros2/install/ecl_type_traits:/home/fbot/kobuki_base_ros2/install/ecl_errors:/home/fbot/kobuki_base_ros2/install/ecl_console:/home/fbot/kobuki_base_ros2/install/ecl_mpl:/home/fbot/kobuki_base_ros2/install/ecl_eigen:/home/fbot/kobuki_base_ros2/install/ecl_config:/home/fbot/kobuki_base_ros2/install/ecl_command_line:${AMENT_PREFIX_PATH} CMAKE_PREFIX_PATH=/home/fbot/kobuki_base_ros2/install/ecl_mobile_robot:/home/fbot/kobuki_base_ros2/install/ecl_geometry:/home/fbot/kobuki_base_ros2/install/ecl_devices:/home/fbot/kobuki_base_ros2/install/ecl_sigslots:/home/fbot/kobuki_base_ros2/install/ecl_linear_algebra:/home/fbot/kobuki_base_ros2/install/ecl_containers:/home/fbot/kobuki_base_ros2/install/ecl_threads:/home/fbot/kobuki_base_ros2/install/ecl_formatters:/home/fbot/kobuki_base_ros2/install/ecl_utilities:/home/fbot/kobuki_base_ros2/install/ecl_time:/home/fbot/kobuki_base_ros2/install/ecl_converters:/home/fbot/kobuki_base_ros2/install/ecl_time_lite:/home/fbot/kobuki_base_ros2/install/ecl_math:/home/fbot/kobuki_base_ros2/install/ecl_exceptions:/home/fbot/kobuki_base_ros2/install/ecl_concepts:/home/fbot/kobuki_base_ros2/install/ecl_type_traits:/home/fbot/kobuki_base_ros2/install/ecl_errors:/home/fbot/kobuki_base_ros2/install/ecl_console:/home/fbot/kobuki_base_ros2/install/ecl_mpl:/home/fbot/kobuki_base_ros2/install/ecl_eigen:/home/fbot/kobuki_base_ros2/install/ecl_config:/home/fbot/kobuki_base_ros2/install/ecl_command_line:/opt/ros/humble LD_LIBRARY_PATH=/home/fbot/kobuki_base_ros2/install/ecl_mobile_robot/lib:/home/fbot/kobuki_base_ros2/install/ecl_geometry/lib:/home/fbot/kobuki_base_ros2/install/ecl_devices/lib:/home/fbot/kobuki_base_ros2/install/ecl_linear_algebra/lib:/home/fbot/kobuki_base_ros2/install/ecl_threads/lib:/home/fbot/kobuki_base_ros2/install/ecl_formatters/lib:/home/fbot/kobuki_base_ros2/install/ecl_time/lib:/home/fbot/kobuki_base_ros2/install/ecl_time_lite/lib:/home/fbot/kobuki_base_ros2/install/ecl_exceptions/lib:/home/fbot/kobuki_base_ros2/install/ecl_type_traits/lib:/home/fbot/kobuki_base_ros2/install/ecl_errors/lib:${LD_LIBRARY_PATH} PATH=/home/fbot/kobuki_base_ros2/install/ecl_type_traits/bin:/home/fbot/kobuki_base_ros2/install/ecl_config/bin:${PATH} /usr/bin/cmake --install /home/fbot/kobuki_base_ros2/build/kobuki_core
[10.393s] -- Install configuration: ""
[10.393s] -- Installing: /home/fbot/kobuki_base_ros2/install/kobuki_core/include
[10.394s] -- Installing: /home/fbot/kobuki_base_ros2/install/kobuki_core/include/CMakeLists.txt
[10.394s] -- Installing: /home/fbot/kobuki_base_ros2/install/kobuki_core/include/kobuki_core
[10.394s] -- Installing: /home/fbot/kobuki_base_ros2/install/kobuki_core/include/kobuki_core/version_info.hpp
[10.394s] -- Installing: /home/fbot/kobuki_base_ros2/install/kobuki_core/include/kobuki_core/modules.hpp
[10.394s] -- Installing: /home/fbot/kobuki_base_ros2/install/kobuki_core/include/kobuki_core/macros.hpp
[10.394s] -- Installing: /home/fbot/kobuki_base_ros2/install/kobuki_core/include/kobuki_core/event_manager.hpp
[10.394s] -- Installing: /home/fbot/kobuki_base_ros2/install/kobuki_core/include/kobuki_core/modules
[10.394s] -- Installing: /home/fbot/kobuki_base_ros2/install/kobuki_core/include/kobuki_core/modules/diff_drive.hpp
[10.394s] -- Installing: /home/fbot/kobuki_base_ros2/install/kobuki_core/include/kobuki_core/modules/led_array.hpp
[10.394s] -- Installing: /home/fbot/kobuki_base_ros2/install/kobuki_core/include/kobuki_core/modules/acceleration_limiter.hpp
[10.394s] -- Installing: /home/fbot/kobuki_base_ros2/install/kobuki_core/include/kobuki_core/modules/sound.hpp
[10.394s] -- Installing: /home/fbot/kobuki_base_ros2/install/kobuki_core/include/kobuki_core/modules/digital_output.hpp
[10.394s] -- Installing: /home/fbot/kobuki_base_ros2/install/kobuki_core/include/kobuki_core/modules/battery.hpp
[10.394s] -- Installing: /home/fbot/kobuki_base_ros2/install/kobuki_core/include/kobuki_core/command.hpp
[10.394s] -- Installing: /home/fbot/kobuki_base_ros2/install/kobuki_core/include/kobuki_core/kobuki.hpp
[10.394s] -- Installing: /home/fbot/kobuki_base_ros2/install/kobuki_core/include/kobuki_core/packets.hpp
[10.394s] -- Installing: /home/fbot/kobuki_base_ros2/install/kobuki_core/include/kobuki_core/logging.hpp
[10.395s] -- Installing: /home/fbot/kobuki_base_ros2/install/kobuki_core/include/kobuki_core/parameters.hpp
[10.395s] -- Installing: /home/fbot/kobuki_base_ros2/install/kobuki_core/include/kobuki_core/dock_drive.hpp
[10.395s] -- Installing: /home/fbot/kobuki_base_ros2/install/kobuki_core/include/kobuki_core/packets
[10.395s] -- Installing: /home/fbot/kobuki_base_ros2/install/kobuki_core/include/kobuki_core/packets/firmware.hpp
[10.395s] -- Installing: /home/fbot/kobuki_base_ros2/install/kobuki_core/include/kobuki_core/packets/dock_ir.hpp
[10.395s] -- Installing: /home/fbot/kobuki_base_ros2/install/kobuki_core/include/kobuki_core/packets/eeprom.hpp
[10.395s] -- Installing: /home/fbot/kobuki_base_ros2/install/kobuki_core/include/kobuki_core/packets/hardware.hpp
[10.395s] -- Installing: /home/fbot/kobuki_base_ros2/install/kobuki_core/include/kobuki_core/packets/unique_device_id.hpp
[10.395s] -- Installing: /home/fbot/kobuki_base_ros2/install/kobuki_core/include/kobuki_core/packets/gp_input.hpp
[10.395s] -- Installing: /home/fbot/kobuki_base_ros2/install/kobuki_core/include/kobuki_core/packets/cliff.hpp
[10.395s] -- Installing: /home/fbot/kobuki_base_ros2/install/kobuki_core/include/kobuki_core/packets/controller_info.hpp
[10.395s] -- Installing: /home/fbot/kobuki_base_ros2/install/kobuki_core/include/kobuki_core/packets/inertia.hpp
[10.395s] -- Installing: /home/fbot/kobuki_base_ros2/install/kobuki_core/include/kobuki_core/packets/current.hpp
[10.395s] -- Installing: /home/fbot/kobuki_base_ros2/install/kobuki_core/include/kobuki_core/packets/core_sensors.hpp
[10.395s] -- Installing: /home/fbot/kobuki_base_ros2/install/kobuki_core/include/kobuki_core/packets/three_axis_gyro.hpp
[10.395s] -- Installing: /home/fbot/kobuki_base_ros2/install/kobuki_core/include/kobuki_core/packet_handler
[10.395s] -- Installing: /home/fbot/kobuki_base_ros2/install/kobuki_core/include/kobuki_core/packet_handler/payload_base.hpp
[10.395s] -- Installing: /home/fbot/kobuki_base_ros2/install/kobuki_core/include/kobuki_core/packet_handler/packet_finder.hpp
[10.396s] -- Installing: /home/fbot/kobuki_base_ros2/install/kobuki_core/include/kobuki_core/packet_handler/payload_headers.hpp
[10.396s] -- Installing: /home/fbot/kobuki_base_ros2/install/kobuki_core/share/kobuki_core/environment/library_path.sh
[10.396s] -- Installing: /home/fbot/kobuki_base_ros2/install/kobuki_core/share/kobuki_core/environment/library_path.dsv
[10.396s] -- Installing: /home/fbot/kobuki_base_ros2/install/kobuki_core/share/ament_index/resource_index/package_run_dependencies/kobuki_core
[10.396s] -- Installing: /home/fbot/kobuki_base_ros2/install/kobuki_core/share/ament_index/resource_index/parent_prefix_path/kobuki_core
[10.396s] -- Installing: /home/fbot/kobuki_base_ros2/install/kobuki_core/share/kobuki_core/environment/ament_prefix_path.sh
[10.396s] -- Installing: /home/fbot/kobuki_base_ros2/install/kobuki_core/share/kobuki_core/environment/ament_prefix_path.dsv
[10.396s] -- Installing: /home/fbot/kobuki_base_ros2/install/kobuki_core/share/kobuki_core/environment/path.sh
[10.396s] -- Installing: /home/fbot/kobuki_base_ros2/install/kobuki_core/share/kobuki_core/environment/path.dsv
[10.396s] -- Installing: /home/fbot/kobuki_base_ros2/install/kobuki_core/share/kobuki_core/local_setup.bash
[10.396s] -- Installing: /home/fbot/kobuki_base_ros2/install/kobuki_core/share/kobuki_core/local_setup.sh
[10.397s] -- Installing: /home/fbot/kobuki_base_ros2/install/kobuki_core/share/kobuki_core/local_setup.zsh
[10.397s] -- Installing: /home/fbot/kobuki_base_ros2/install/kobuki_core/share/kobuki_core/local_setup.dsv
[10.397s] -- Installing: /home/fbot/kobuki_base_ros2/install/kobuki_core/share/kobuki_core/package.dsv
[10.397s] -- Installing: /home/fbot/kobuki_base_ros2/install/kobuki_core/share/ament_index/resource_index/packages/kobuki_core
[10.397s] -- Installing: /home/fbot/kobuki_base_ros2/install/kobuki_core/share/kobuki_core/cmake/kobuki_coreExport.cmake
[10.397s] -- Installing: /home/fbot/kobuki_base_ros2/install/kobuki_core/share/kobuki_core/cmake/kobuki_coreExport-noconfig.cmake
[10.397s] -- Installing: /home/fbot/kobuki_base_ros2/install/kobuki_core/share/kobuki_core/cmake/ament_cmake_export_targets-extras.cmake
[10.397s] -- Installing: /home/fbot/kobuki_base_ros2/install/kobuki_core/share/kobuki_core/cmake/ament_cmake_export_dependencies-extras.cmake
[10.397s] -- Installing: /home/fbot/kobuki_base_ros2/install/kobuki_core/share/kobuki_core/cmake/ament_cmake_export_include_directories-extras.cmake
[10.397s] -- Installing: /home/fbot/kobuki_base_ros2/install/kobuki_core/share/kobuki_core/cmake/ament_cmake_export_libraries-extras.cmake
[10.397s] -- Installing: /home/fbot/kobuki_base_ros2/install/kobuki_core/share/kobuki_core/cmake/kobuki_coreConfig.cmake
[10.398s] -- Installing: /home/fbot/kobuki_base_ros2/install/kobuki_core/share/kobuki_core/cmake/kobuki_coreConfig-version.cmake
[10.398s] -- Installing: /home/fbot/kobuki_base_ros2/install/kobuki_core/share/kobuki_core/package.xml
[10.398s] -- Up-to-date: /home/fbot/kobuki_base_ros2/install/kobuki_core/include/kobuki_core
[10.398s] -- Up-to-date: /home/fbot/kobuki_base_ros2/install/kobuki_core/include/kobuki_core/version_info.hpp
[10.398s] -- Up-to-date: /home/fbot/kobuki_base_ros2/install/kobuki_core/include/kobuki_core/modules.hpp
[10.398s] -- Up-to-date: /home/fbot/kobuki_base_ros2/install/kobuki_core/include/kobuki_core/macros.hpp
[10.398s] -- Up-to-date: /home/fbot/kobuki_base_ros2/install/kobuki_core/include/kobuki_core/event_manager.hpp
[10.398s] -- Up-to-date: /home/fbot/kobuki_base_ros2/install/kobuki_core/include/kobuki_core/modules
[10.398s] -- Up-to-date: /home/fbot/kobuki_base_ros2/install/kobuki_core/include/kobuki_core/modules/diff_drive.hpp
[10.398s] -- Up-to-date: /home/fbot/kobuki_base_ros2/install/kobuki_core/include/kobuki_core/modules/led_array.hpp
[10.398s] -- Up-to-date: /home/fbot/kobuki_base_ros2/install/kobuki_core/include/kobuki_core/modules/acceleration_limiter.hpp
[10.398s] -- Up-to-date: /home/fbot/kobuki_base_ros2/install/kobuki_core/include/kobuki_core/modules/sound.hpp
[10.398s] -- Up-to-date: /home/fbot/kobuki_base_ros2/install/kobuki_core/include/kobuki_core/modules/digital_output.hpp
[10.398s] -- Up-to-date: /home/fbot/kobuki_base_ros2/install/kobuki_core/include/kobuki_core/modules/battery.hpp
[10.398s] -- Up-to-date: /home/fbot/kobuki_base_ros2/install/kobuki_core/include/kobuki_core/command.hpp
[10.399s] -- Up-to-date: /home/fbot/kobuki_base_ros2/install/kobuki_core/include/kobuki_core/kobuki.hpp
[10.399s] -- Up-to-date: /home/fbot/kobuki_base_ros2/install/kobuki_core/include/kobuki_core/packets.hpp
[10.399s] -- Up-to-date: /home/fbot/kobuki_base_ros2/install/kobuki_core/include/kobuki_core/logging.hpp
[10.399s] -- Up-to-date: /home/fbot/kobuki_base_ros2/install/kobuki_core/include/kobuki_core/parameters.hpp
[10.399s] -- Up-to-date: /home/fbot/kobuki_base_ros2/install/kobuki_core/include/kobuki_core/dock_drive.hpp
[10.399s] -- Up-to-date: /home/fbot/kobuki_base_ros2/install/kobuki_core/include/kobuki_core/packets
[10.399s] -- Up-to-date: /home/fbot/kobuki_base_ros2/install/kobuki_core/include/kobuki_core/packets/firmware.hpp
[10.399s] -- Up-to-date: /home/fbot/kobuki_base_ros2/install/kobuki_core/include/kobuki_core/packets/dock_ir.hpp
[10.399s] -- Up-to-date: /home/fbot/kobuki_base_ros2/install/kobuki_core/include/kobuki_core/packets/eeprom.hpp
[10.399s] -- Up-to-date: /home/fbot/kobuki_base_ros2/install/kobuki_core/include/kobuki_core/packets/hardware.hpp
[10.399s] -- Up-to-date: /home/fbot/kobuki_base_ros2/install/kobuki_core/include/kobuki_core/packets/unique_device_id.hpp
[10.399s] -- Up-to-date: /home/fbot/kobuki_base_ros2/install/kobuki_core/include/kobuki_core/packets/gp_input.hpp
[10.399s] -- Up-to-date: /home/fbot/kobuki_base_ros2/install/kobuki_core/include/kobuki_core/packets/cliff.hpp
[10.399s] -- Up-to-date: /home/fbot/kobuki_base_ros2/install/kobuki_core/include/kobuki_core/packets/controller_info.hpp
[10.399s] -- Up-to-date: /home/fbot/kobuki_base_ros2/install/kobuki_core/include/kobuki_core/packets/inertia.hpp
[10.399s] -- Up-to-date: /home/fbot/kobuki_base_ros2/install/kobuki_core/include/kobuki_core/packets/current.hpp
[10.399s] -- Up-to-date: /home/fbot/kobuki_base_ros2/install/kobuki_core/include/kobuki_core/packets/core_sensors.hpp
[10.399s] -- Up-to-date: /home/fbot/kobuki_base_ros2/install/kobuki_core/include/kobuki_core/packets/three_axis_gyro.hpp
[10.399s] -- Up-to-date: /home/fbot/kobuki_base_ros2/install/kobuki_core/include/kobuki_core/packet_handler
[10.399s] -- Up-to-date: /home/fbot/kobuki_base_ros2/install/kobuki_core/include/kobuki_core/packet_handler/payload_base.hpp
[10.399s] -- Up-to-date: /home/fbot/kobuki_base_ros2/install/kobuki_core/include/kobuki_core/packet_handler/packet_finder.hpp
[10.400s] -- Up-to-date: /home/fbot/kobuki_base_ros2/install/kobuki_core/include/kobuki_core/packet_handler/payload_headers.hpp
[10.400s] -- Installing: /home/fbot/kobuki_base_ros2/install/kobuki_core/lib/libkobuki_core.so.1.4.0
[10.400s] -- Set runtime path of "/home/fbot/kobuki_base_ros2/install/kobuki_core/lib/libkobuki_core.so.1.4.0" to ""
[10.400s] -- Installing: /home/fbot/kobuki_base_ros2/install/kobuki_core/lib/libkobuki_core.so
[10.401s] -- Installing: /home/fbot/kobuki_base_ros2/install/kobuki_core/lib/kobuki_core/demo_buttons
[10.401s] -- Set runtime path of "/home/fbot/kobuki_base_ros2/install/kobuki_core/lib/kobuki_core/demo_buttons" to ""
[10.401s] -- Installing: /home/fbot/kobuki_base_ros2/install/kobuki_core/lib/kobuki_core/demo_chirp
[10.401s] -- Set runtime path of "/home/fbot/kobuki_base_ros2/install/kobuki_core/lib/kobuki_core/demo_chirp" to ""
[10.401s] -- Installing: /home/fbot/kobuki_base_ros2/install/kobuki_core/lib/kobuki_core/demo_custom_logging
[10.402s] -- Set runtime path of "/home/fbot/kobuki_base_ros2/install/kobuki_core/lib/kobuki_core/demo_custom_logging" to ""
[10.402s] -- Installing: /home/fbot/kobuki_base_ros2/install/kobuki_core/lib/kobuki_core/demo_data_stream
[10.402s] -- Set runtime path of "/home/fbot/kobuki_base_ros2/install/kobuki_core/lib/kobuki_core/demo_data_stream" to ""
[10.402s] -- Installing: /home/fbot/kobuki_base_ros2/install/kobuki_core/lib/kobuki_core/demo_log_levels
[10.403s] -- Set runtime path of "/home/fbot/kobuki_base_ros2/install/kobuki_core/lib/kobuki_core/demo_log_levels" to ""
[10.403s] -- Installing: /home/fbot/kobuki_base_ros2/install/kobuki_core/lib/kobuki_core/demo_raw_data_stream
[10.403s] -- Set runtime path of "/home/fbot/kobuki_base_ros2/install/kobuki_core/lib/kobuki_core/demo_raw_data_stream" to ""
[10.403s] -- Installing: /home/fbot/kobuki_base_ros2/install/kobuki_core/lib/kobuki_core/demo_simple_loop
[10.404s] -- Set runtime path of "/home/fbot/kobuki_base_ros2/install/kobuki_core/lib/kobuki_core/demo_simple_loop" to ""
[10.404s] -- Installing: /home/fbot/kobuki_base_ros2/install/kobuki_core/lib/kobuki_core/demo_velocity_commands
[10.404s] -- Set runtime path of "/home/fbot/kobuki_base_ros2/install/kobuki_core/lib/kobuki_core/demo_velocity_commands" to ""
[10.404s] -- Installing: /home/fbot/kobuki_base_ros2/install/kobuki_core/bin/kobuki-version-info
[10.405s] -- Set runtime path of "/home/fbot/kobuki_base_ros2/install/kobuki_core/bin/kobuki-version-info" to ""
[10.405s] -- Installing: /home/fbot/kobuki_base_ros2/install/kobuki_core/bin/kobuki-simple-keyop
[10.405s] -- Set runtime path of "/home/fbot/kobuki_base_ros2/install/kobuki_core/bin/kobuki-simple-keyop" to ""
[10.407s] Invoked command in '/home/fbot/kobuki_base_ros2/build/kobuki_core' returned '0': AMENT_PREFIX_PATH=/home/fbot/kobuki_base_ros2/install/ecl_mobile_robot:/home/fbot/kobuki_base_ros2/install/ecl_geometry:/home/fbot/kobuki_base_ros2/install/ecl_devices:/home/fbot/kobuki_base_ros2/install/ecl_sigslots:/home/fbot/kobuki_base_ros2/install/ecl_linear_algebra:/home/fbot/kobuki_base_ros2/install/ecl_containers:/home/fbot/kobuki_base_ros2/install/ecl_threads:/home/fbot/kobuki_base_ros2/install/ecl_formatters:/home/fbot/kobuki_base_ros2/install/ecl_utilities:/home/fbot/kobuki_base_ros2/install/ecl_time:/home/fbot/kobuki_base_ros2/install/ecl_converters:/home/fbot/kobuki_base_ros2/install/ecl_time_lite:/home/fbot/kobuki_base_ros2/install/ecl_math:/home/fbot/kobuki_base_ros2/install/ecl_exceptions:/home/fbot/kobuki_base_ros2/install/ecl_concepts:/home/fbot/kobuki_base_ros2/install/ecl_type_traits:/home/fbot/kobuki_base_ros2/install/ecl_errors:/home/fbot/kobuki_base_ros2/install/ecl_console:/home/fbot/kobuki_base_ros2/install/ecl_mpl:/home/fbot/kobuki_base_ros2/install/ecl_eigen:/home/fbot/kobuki_base_ros2/install/ecl_config:/home/fbot/kobuki_base_ros2/install/ecl_command_line:${AMENT_PREFIX_PATH} CMAKE_PREFIX_PATH=/home/fbot/kobuki_base_ros2/install/ecl_mobile_robot:/home/fbot/kobuki_base_ros2/install/ecl_geometry:/home/fbot/kobuki_base_ros2/install/ecl_devices:/home/fbot/kobuki_base_ros2/install/ecl_sigslots:/home/fbot/kobuki_base_ros2/install/ecl_linear_algebra:/home/fbot/kobuki_base_ros2/install/ecl_containers:/home/fbot/kobuki_base_ros2/install/ecl_threads:/home/fbot/kobuki_base_ros2/install/ecl_formatters:/home/fbot/kobuki_base_ros2/install/ecl_utilities:/home/fbot/kobuki_base_ros2/install/ecl_time:/home/fbot/kobuki_base_ros2/install/ecl_converters:/home/fbot/kobuki_base_ros2/install/ecl_time_lite:/home/fbot/kobuki_base_ros2/install/ecl_math:/home/fbot/kobuki_base_ros2/install/ecl_exceptions:/home/fbot/kobuki_base_ros2/install/ecl_concepts:/home/fbot/kobuki_base_ros2/install/ecl_type_traits:/home/fbot/kobuki_base_ros2/install/ecl_errors:/home/fbot/kobuki_base_ros2/install/ecl_console:/home/fbot/kobuki_base_ros2/install/ecl_mpl:/home/fbot/kobuki_base_ros2/install/ecl_eigen:/home/fbot/kobuki_base_ros2/install/ecl_config:/home/fbot/kobuki_base_ros2/install/ecl_command_line:/opt/ros/humble LD_LIBRARY_PATH=/home/fbot/kobuki_base_ros2/install/ecl_mobile_robot/lib:/home/fbot/kobuki_base_ros2/install/ecl_geometry/lib:/home/fbot/kobuki_base_ros2/install/ecl_devices/lib:/home/fbot/kobuki_base_ros2/install/ecl_linear_algebra/lib:/home/fbot/kobuki_base_ros2/install/ecl_threads/lib:/home/fbot/kobuki_base_ros2/install/ecl_formatters/lib:/home/fbot/kobuki_base_ros2/install/ecl_time/lib:/home/fbot/kobuki_base_ros2/install/ecl_time_lite/lib:/home/fbot/kobuki_base_ros2/install/ecl_exceptions/lib:/home/fbot/kobuki_base_ros2/install/ecl_type_traits/lib:/home/fbot/kobuki_base_ros2/install/ecl_errors/lib:${LD_LIBRARY_PATH} PATH=/home/fbot/kobuki_base_ros2/install/ecl_type_traits/bin:/home/fbot/kobuki_base_ros2/install/ecl_config/bin:${PATH} /usr/bin/cmake --install /home/fbot/kobuki_base_ros2/build/kobuki_core
