-- The C compiler identification is GNU 11.4.0
-- The CXX compiler identification is GNU 11.4.0
-- Detecting C compiler ABI info
-- Detecting C compiler ABI info - done
-- Check for working C compiler: /usr/bin/cc - skipped
-- Detecting C compile features
-- Detecting C compile features - done
-- Detecting CXX compiler ABI info
-- Detecting CXX compiler ABI info - done
-- Check for working CXX compiler: /usr/bin/c++ - skipped
-- Detecting CXX compile features
-- Detecting CXX compile features - done
-- Found ament_cmake_ros: 0.10.0 (/opt/ros/humble/share/ament_cmake_ros/cmake)
-- Found Python3: /usr/bin/python3 (found version "3.10.12") found components: Interpreter 
-- Found ecl_build: 1.0.3 (/opt/ros/humble/share/ecl_build/cmake)
-- Found ecl_eigen: 1.2.1 (/home/fbot/kobuki_base_ros2/install/ecl_eigen/share/ecl_eigen/cmake)
-- Found ecl_exceptions: 1.2.1 (/home/fbot/kobuki_base_ros2/install/ecl_exceptions/share/ecl_exceptions/cmake)
-- Found ecl_formatters: 1.2.1 (/home/fbot/kobuki_base_ros2/install/ecl_formatters/share/ecl_formatters/cmake)
-- Found ecl_math: 1.2.1 (/home/fbot/kobuki_base_ros2/install/ecl_math/share/ecl_math/cmake)
-- Looking for pthread.h
-- Looking for pthread.h - found
-- Performing Test CMAKE_HAVE_LIBC_PTHREAD
-- Performing Test CMAKE_HAVE_LIBC_PTHREAD - Success
-- Found Threads: TRUE  
-- Found required Ceres dependency: Eigen version 3.4.0 in /usr/include/eigen3
-- Found required Ceres dependency: glog
-- Found required Ceres dependency: gflags
-- Found Ceres version: 2.0.0 installed in: /usr with components: [EigenSparse, SparseLinearAlgebraLibrary, LAPACK, SuiteSparse, CXSparse, SchurSpecializations, Multithreading]
-- Found ament_lint_auto: 0.12.15 (/opt/ros/humble/share/ament_lint_auto/cmake)
-- Found gtest sources under '/opt/ros/humble/src/gtest_vendor': C++ tests using 'Google Test' will be built
-- Configuring done
-- Generating done
-- Build files have been written to: /home/fbot/kobuki_base_ros2/build/ecl_linear_algebra
[ 23%] [32mBuilding CXX object src/lib/CMakeFiles/ecl_linear_algebra.dir/sophus_interpolators.cpp.o[0m
[ 23%] [32mBuilding CXX object gtest/CMakeFiles/gtest.dir/src/gtest-all.cc.o[0m
[ 23%] [32mBuilding CXX object src/lib/CMakeFiles/ecl_linear_algebra.dir/sophus_helpers.cpp.o[0m
[ 30%] [32mBuilding CXX object gtest/CMakeFiles/gtest_main.dir/src/gtest_main.cc.o[0m
[ 38%] [32m[1mLinking CXX static library libgtest_main.a[0m
[ 38%] Built target gtest_main
[ 46%] [32m[1mLinking CXX static library libgtest.a[0m
[ 46%] Built target gtest
[ 53%] [32m[1mLinking CXX shared library libecl_linear_algebra.so[0m
[ 53%] Built target ecl_linear_algebra
[ 61%] [32mBuilding CXX object src/test/CMakeFiles/ecl_test_linear_algebra_formatters.dir/formatters.cpp.o[0m
[ 69%] [32mBuilding CXX object src/test/CMakeFiles/ecl_test_linear_algebra_plugin.dir/plugin.cpp.o[0m
[ 76%] [32mBuilding CXX object src/test/CMakeFiles/ecl_test_linear_algebra_interpolators.dir/interpolators.cpp.o[0m
[ 84%] [32m[1mLinking CXX executable ecl_test_linear_algebra_plugin[0m
[ 84%] Built target ecl_test_linear_algebra_plugin
[ 92%] [32m[1mLinking CXX executable ecl_test_linear_algebra_formatters[0m
[ 92%] Built target ecl_test_linear_algebra_formatters
[100%] [32m[1mLinking CXX executable ecl_test_linear_algebra_interpolators[0m
[100%] Built target ecl_test_linear_algebra_interpolators
-- Install configuration: ""
-- Installing: /home/fbot/kobuki_base_ros2/install/ecl_linear_algebra/share/ecl_linear_algebra/environment/library_path.sh
-- Installing: /home/fbot/kobuki_base_ros2/install/ecl_linear_algebra/share/ecl_linear_algebra/environment/library_path.dsv
-- Installing: /home/fbot/kobuki_base_ros2/install/ecl_linear_algebra/share/ament_index/resource_index/package_run_dependencies/ecl_linear_algebra
-- Installing: /home/fbot/kobuki_base_ros2/install/ecl_linear_algebra/share/ament_index/resource_index/parent_prefix_path/ecl_linear_algebra
-- Installing: /home/fbot/kobuki_base_ros2/install/ecl_linear_algebra/share/ecl_linear_algebra/environment/ament_prefix_path.sh
-- Installing: /home/fbot/kobuki_base_ros2/install/ecl_linear_algebra/share/ecl_linear_algebra/environment/ament_prefix_path.dsv
-- Installing: /home/fbot/kobuki_base_ros2/install/ecl_linear_algebra/share/ecl_linear_algebra/environment/path.sh
-- Installing: /home/fbot/kobuki_base_ros2/install/ecl_linear_algebra/share/ecl_linear_algebra/environment/path.dsv
-- Installing: /home/fbot/kobuki_base_ros2/install/ecl_linear_algebra/share/ecl_linear_algebra/local_setup.bash
-- Installing: /home/fbot/kobuki_base_ros2/install/ecl_linear_algebra/share/ecl_linear_algebra/local_setup.sh
-- Installing: /home/fbot/kobuki_base_ros2/install/ecl_linear_algebra/share/ecl_linear_algebra/local_setup.zsh
-- Installing: /home/fbot/kobuki_base_ros2/install/ecl_linear_algebra/share/ecl_linear_algebra/local_setup.dsv
-- Installing: /home/fbot/kobuki_base_ros2/install/ecl_linear_algebra/share/ecl_linear_algebra/package.dsv
-- Installing: /home/fbot/kobuki_base_ros2/install/ecl_linear_algebra/share/ament_index/resource_index/packages/ecl_linear_algebra
-- Installing: /home/fbot/kobuki_base_ros2/install/ecl_linear_algebra/share/ecl_linear_algebra/cmake/ecl_linear_algebraExport.cmake
-- Installing: /home/fbot/kobuki_base_ros2/install/ecl_linear_algebra/share/ecl_linear_algebra/cmake/ecl_linear_algebraExport-noconfig.cmake
-- Installing: /home/fbot/kobuki_base_ros2/install/ecl_linear_algebra/share/ecl_linear_algebra/cmake/ament_cmake_export_targets-extras.cmake
-- Installing: /home/fbot/kobuki_base_ros2/install/ecl_linear_algebra/share/ecl_linear_algebra/cmake/ament_cmake_export_include_directories-extras.cmake
-- Installing: /home/fbot/kobuki_base_ros2/install/ecl_linear_algebra/share/ecl_linear_algebra/cmake/ament_cmake_export_libraries-extras.cmake
-- Installing: /home/fbot/kobuki_base_ros2/install/ecl_linear_algebra/share/ecl_linear_algebra/cmake/ament_cmake_export_dependencies-extras.cmake
-- Installing: /home/fbot/kobuki_base_ros2/install/ecl_linear_algebra/share/ecl_linear_algebra/cmake/ecl_linear_algebraConfig.cmake
-- Installing: /home/fbot/kobuki_base_ros2/install/ecl_linear_algebra/share/ecl_linear_algebra/cmake/ecl_linear_algebraConfig-version.cmake
-- Installing: /home/fbot/kobuki_base_ros2/install/ecl_linear_algebra/share/ecl_linear_algebra/package.xml
-- Installing: /home/fbot/kobuki_base_ros2/install/ecl_linear_algebra/include/ecl/linear_algebra.hpp
-- Installing: /home/fbot/kobuki_base_ros2/install/ecl_linear_algebra/include/ecl/linear_algebra/eigen.hpp
-- Installing: /home/fbot/kobuki_base_ros2/install/ecl_linear_algebra/include/ecl/linear_algebra/sophus.hpp
-- Installing: /home/fbot/kobuki_base_ros2/install/ecl_linear_algebra/include/ecl/linear_algebra/eigen/formatters.hpp
-- Installing: /home/fbot/kobuki_base_ros2/install/ecl_linear_algebra/include/ecl/linear_algebra/eigen/plugin.hpp
-- Installing: /home/fbot/kobuki_base_ros2/install/ecl_linear_algebra/include/ecl/linear_algebra/eigen/unsupported/nonlinear_optimization.hpp
-- Installing: /home/fbot/kobuki_base_ros2/install/ecl_linear_algebra/include/ecl/linear_algebra/eigen/unsupported/numerical_diff.hpp
-- Installing: /home/fbot/kobuki_base_ros2/install/ecl_linear_algebra/include/ecl/linear_algebra/sophus/formatters.hpp
-- Installing: /home/fbot/kobuki_base_ros2/install/ecl_linear_algebra/include/ecl/linear_algebra/sophus/helpers.hpp
-- Installing: /home/fbot/kobuki_base_ros2/install/ecl_linear_algebra/include/ecl/linear_algebra/sophus/interpolators.hpp
-- Installing: /home/fbot/kobuki_base_ros2/install/ecl_linear_algebra/lib/libecl_linear_algebra.so.1.2.1
-- Set runtime path of "/home/fbot/kobuki_base_ros2/install/ecl_linear_algebra/lib/libecl_linear_algebra.so.1.2.1" to ""
-- Installing: /home/fbot/kobuki_base_ros2/install/ecl_linear_algebra/lib/libecl_linear_algebra.so
