[0.012s] Invoking command in '/home/fbot/kobuki_base_ros2/build/ecl_formatters': AMENT_PREFIX_PATH=/home/fbot/kobuki_base_ros2/install/ecl_converters:/home/fbot/kobuki_base_ros2/install/ecl_exceptions:/home/fbot/kobuki_base_ros2/install/ecl_concepts:/home/fbot/kobuki_base_ros2/install/ecl_type_traits:/home/fbot/kobuki_base_ros2/install/ecl_errors:/home/fbot/kobuki_base_ros2/install/ecl_mpl:/home/fbot/kobuki_base_ros2/install/ecl_config:${AMENT_PREFIX_PATH} CMAKE_PREFIX_PATH=/home/fbot/kobuki_base_ros2/install/ecl_converters:/home/fbot/kobuki_base_ros2/install/ecl_exceptions:/home/fbot/kobuki_base_ros2/install/ecl_concepts:/home/fbot/kobuki_base_ros2/install/ecl_type_traits:/home/fbot/kobuki_base_ros2/install/ecl_errors:/home/fbot/kobuki_base_ros2/install/ecl_mpl:/home/fbot/kobuki_base_ros2/install/ecl_config:/opt/ros/humble LD_LIBRARY_PATH=/home/fbot/kobuki_base_ros2/install/ecl_exceptions/lib:/home/fbot/kobuki_base_ros2/install/ecl_type_traits/lib:/home/fbot/kobuki_base_ros2/install/ecl_errors/lib:${LD_LIBRARY_PATH} PATH=/home/fbot/kobuki_base_ros2/install/ecl_type_traits/bin:/home/fbot/kobuki_base_ros2/install/ecl_config/bin:${PATH} /usr/bin/cmake /home/fbot/kobuki_base_ros2/src/ecl_core/ecl_formatters -DCMAKE_INSTALL_PREFIX=/home/fbot/kobuki_base_ros2/install/ecl_formatters
[0.057s] -- The C compiler identification is GNU 11.4.0
[0.103s] -- The CXX compiler identification is GNU 11.4.0
[0.109s] -- Detecting C compiler ABI info
[0.163s] -- Detecting C compiler ABI info - done
[0.170s] -- Check for working C compiler: /usr/bin/cc - skipped
[0.170s] -- Detecting C compile features
[0.170s] -- Detecting C compile features - done
[0.173s] -- Detecting CXX compiler ABI info
[0.236s] -- Detecting CXX compiler ABI info - done
[0.243s] -- Check for working CXX compiler: /usr/bin/c++ - skipped
[0.243s] -- Detecting CXX compile features
[0.243s] -- Detecting CXX compile features - done
[0.245s] -- Found ament_cmake_ros: 0.10.0 (/opt/ros/humble/share/ament_cmake_ros/cmake)
[0.390s] -- Found Python3: /usr/bin/python3 (found version "3.10.12") found components: Interpreter 
[0.475s] -- Found ecl_build: 1.0.3 (/opt/ros/humble/share/ecl_build/cmake)
[0.480s] -- Found ecl_config: 1.2.0 (/home/fbot/kobuki_base_ros2/install/ecl_config/share/ecl_config/cmake)
[0.481s] -- Found ecl_converters: 1.2.1 (/home/fbot/kobuki_base_ros2/install/ecl_converters/share/ecl_converters/cmake)
[0.575s] -- Configuring done
[0.584s] -- Generating done
[0.588s] -- Build files have been written to: /home/fbot/kobuki_base_ros2/build/ecl_formatters
[0.595s] Invoked command in '/home/fbot/kobuki_base_ros2/build/ecl_formatters' returned '0': AMENT_PREFIX_PATH=/home/fbot/kobuki_base_ros2/install/ecl_converters:/home/fbot/kobuki_base_ros2/install/ecl_exceptions:/home/fbot/kobuki_base_ros2/install/ecl_concepts:/home/fbot/kobuki_base_ros2/install/ecl_type_traits:/home/fbot/kobuki_base_ros2/install/ecl_errors:/home/fbot/kobuki_base_ros2/install/ecl_mpl:/home/fbot/kobuki_base_ros2/install/ecl_config:${AMENT_PREFIX_PATH} CMAKE_PREFIX_PATH=/home/fbot/kobuki_base_ros2/install/ecl_converters:/home/fbot/kobuki_base_ros2/install/ecl_exceptions:/home/fbot/kobuki_base_ros2/install/ecl_concepts:/home/fbot/kobuki_base_ros2/install/ecl_type_traits:/home/fbot/kobuki_base_ros2/install/ecl_errors:/home/fbot/kobuki_base_ros2/install/ecl_mpl:/home/fbot/kobuki_base_ros2/install/ecl_config:/opt/ros/humble LD_LIBRARY_PATH=/home/fbot/kobuki_base_ros2/install/ecl_exceptions/lib:/home/fbot/kobuki_base_ros2/install/ecl_type_traits/lib:/home/fbot/kobuki_base_ros2/install/ecl_errors/lib:${LD_LIBRARY_PATH} PATH=/home/fbot/kobuki_base_ros2/install/ecl_type_traits/bin:/home/fbot/kobuki_base_ros2/install/ecl_config/bin:${PATH} /usr/bin/cmake /home/fbot/kobuki_base_ros2/src/ecl_core/ecl_formatters -DCMAKE_INSTALL_PREFIX=/home/fbot/kobuki_base_ros2/install/ecl_formatters
[0.596s] Invoking command in '/home/fbot/kobuki_base_ros2/build/ecl_formatters': AMENT_PREFIX_PATH=/home/fbot/kobuki_base_ros2/install/ecl_converters:/home/fbot/kobuki_base_ros2/install/ecl_exceptions:/home/fbot/kobuki_base_ros2/install/ecl_concepts:/home/fbot/kobuki_base_ros2/install/ecl_type_traits:/home/fbot/kobuki_base_ros2/install/ecl_errors:/home/fbot/kobuki_base_ros2/install/ecl_mpl:/home/fbot/kobuki_base_ros2/install/ecl_config:${AMENT_PREFIX_PATH} CMAKE_PREFIX_PATH=/home/fbot/kobuki_base_ros2/install/ecl_converters:/home/fbot/kobuki_base_ros2/install/ecl_exceptions:/home/fbot/kobuki_base_ros2/install/ecl_concepts:/home/fbot/kobuki_base_ros2/install/ecl_type_traits:/home/fbot/kobuki_base_ros2/install/ecl_errors:/home/fbot/kobuki_base_ros2/install/ecl_mpl:/home/fbot/kobuki_base_ros2/install/ecl_config:/opt/ros/humble LD_LIBRARY_PATH=/home/fbot/kobuki_base_ros2/install/ecl_exceptions/lib:/home/fbot/kobuki_base_ros2/install/ecl_type_traits/lib:/home/fbot/kobuki_base_ros2/install/ecl_errors/lib:${LD_LIBRARY_PATH} PATH=/home/fbot/kobuki_base_ros2/install/ecl_type_traits/bin:/home/fbot/kobuki_base_ros2/install/ecl_config/bin:${PATH} /usr/bin/cmake --build /home/fbot/kobuki_base_ros2/build/ecl_formatters -- -j12 -l12
[0.653s] [ 25%] [32mBuilding CXX object src/lib/CMakeFiles/ecl_formatters.dir/strings.cpp.o[0m
[0.860s] [ 50%] [32m[1mLinking CXX shared library libecl_formatters.so[0m
[0.945s] [ 50%] Built target ecl_formatters
[0.969s] [ 75%] [32mBuilding CXX object src/examples/CMakeFiles/ecl_demo_formatters.dir/formatters.cpp.o[0m
[1.405s] [100%] [32m[1mLinking CXX executable demo_formatters[0m
[1.521s] [100%] Built target ecl_demo_formatters
[1.532s] Invoked command in '/home/fbot/kobuki_base_ros2/build/ecl_formatters' returned '0': AMENT_PREFIX_PATH=/home/fbot/kobuki_base_ros2/install/ecl_converters:/home/fbot/kobuki_base_ros2/install/ecl_exceptions:/home/fbot/kobuki_base_ros2/install/ecl_concepts:/home/fbot/kobuki_base_ros2/install/ecl_type_traits:/home/fbot/kobuki_base_ros2/install/ecl_errors:/home/fbot/kobuki_base_ros2/install/ecl_mpl:/home/fbot/kobuki_base_ros2/install/ecl_config:${AMENT_PREFIX_PATH} CMAKE_PREFIX_PATH=/home/fbot/kobuki_base_ros2/install/ecl_converters:/home/fbot/kobuki_base_ros2/install/ecl_exceptions:/home/fbot/kobuki_base_ros2/install/ecl_concepts:/home/fbot/kobuki_base_ros2/install/ecl_type_traits:/home/fbot/kobuki_base_ros2/install/ecl_errors:/home/fbot/kobuki_base_ros2/install/ecl_mpl:/home/fbot/kobuki_base_ros2/install/ecl_config:/opt/ros/humble LD_LIBRARY_PATH=/home/fbot/kobuki_base_ros2/install/ecl_exceptions/lib:/home/fbot/kobuki_base_ros2/install/ecl_type_traits/lib:/home/fbot/kobuki_base_ros2/install/ecl_errors/lib:${LD_LIBRARY_PATH} PATH=/home/fbot/kobuki_base_ros2/install/ecl_type_traits/bin:/home/fbot/kobuki_base_ros2/install/ecl_config/bin:${PATH} /usr/bin/cmake --build /home/fbot/kobuki_base_ros2/build/ecl_formatters -- -j12 -l12
[1.533s] Invoking command in '/home/fbot/kobuki_base_ros2/build/ecl_formatters': AMENT_PREFIX_PATH=/home/fbot/kobuki_base_ros2/install/ecl_converters:/home/fbot/kobuki_base_ros2/install/ecl_exceptions:/home/fbot/kobuki_base_ros2/install/ecl_concepts:/home/fbot/kobuki_base_ros2/install/ecl_type_traits:/home/fbot/kobuki_base_ros2/install/ecl_errors:/home/fbot/kobuki_base_ros2/install/ecl_mpl:/home/fbot/kobuki_base_ros2/install/ecl_config:${AMENT_PREFIX_PATH} CMAKE_PREFIX_PATH=/home/fbot/kobuki_base_ros2/install/ecl_converters:/home/fbot/kobuki_base_ros2/install/ecl_exceptions:/home/fbot/kobuki_base_ros2/install/ecl_concepts:/home/fbot/kobuki_base_ros2/install/ecl_type_traits:/home/fbot/kobuki_base_ros2/install/ecl_errors:/home/fbot/kobuki_base_ros2/install/ecl_mpl:/home/fbot/kobuki_base_ros2/install/ecl_config:/opt/ros/humble LD_LIBRARY_PATH=/home/fbot/kobuki_base_ros2/install/ecl_exceptions/lib:/home/fbot/kobuki_base_ros2/install/ecl_type_traits/lib:/home/fbot/kobuki_base_ros2/install/ecl_errors/lib:${LD_LIBRARY_PATH} PATH=/home/fbot/kobuki_base_ros2/install/ecl_type_traits/bin:/home/fbot/kobuki_base_ros2/install/ecl_config/bin:${PATH} /usr/bin/cmake --install /home/fbot/kobuki_base_ros2/build/ecl_formatters
[1.541s] -- Install configuration: ""
[1.542s] -- Installing: /home/fbot/kobuki_base_ros2/install/ecl_formatters/share/ecl_formatters/environment/library_path.sh
[1.542s] -- Installing: /home/fbot/kobuki_base_ros2/install/ecl_formatters/share/ecl_formatters/environment/library_path.dsv
[1.542s] -- Installing: /home/fbot/kobuki_base_ros2/install/ecl_formatters/share/ament_index/resource_index/package_run_dependencies/ecl_formatters
[1.542s] -- Installing: /home/fbot/kobuki_base_ros2/install/ecl_formatters/share/ament_index/resource_index/parent_prefix_path/ecl_formatters
[1.542s] -- Installing: /home/fbot/kobuki_base_ros2/install/ecl_formatters/share/ecl_formatters/environment/ament_prefix_path.sh
[1.542s] -- Installing: /home/fbot/kobuki_base_ros2/install/ecl_formatters/share/ecl_formatters/environment/ament_prefix_path.dsv
[1.542s] -- Installing: /home/fbot/kobuki_base_ros2/install/ecl_formatters/share/ecl_formatters/environment/path.sh
[1.543s] -- Installing: /home/fbot/kobuki_base_ros2/install/ecl_formatters/share/ecl_formatters/environment/path.dsv
[1.543s] -- Installing: /home/fbot/kobuki_base_ros2/install/ecl_formatters/share/ecl_formatters/local_setup.bash
[1.543s] -- Installing: /home/fbot/kobuki_base_ros2/install/ecl_formatters/share/ecl_formatters/local_setup.sh
[1.543s] -- Installing: /home/fbot/kobuki_base_ros2/install/ecl_formatters/share/ecl_formatters/local_setup.zsh
[1.543s] -- Installing: /home/fbot/kobuki_base_ros2/install/ecl_formatters/share/ecl_formatters/local_setup.dsv
[1.543s] -- Installing: /home/fbot/kobuki_base_ros2/install/ecl_formatters/share/ecl_formatters/package.dsv
[1.543s] -- Installing: /home/fbot/kobuki_base_ros2/install/ecl_formatters/share/ament_index/resource_index/packages/ecl_formatters
[1.544s] -- Installing: /home/fbot/kobuki_base_ros2/install/ecl_formatters/share/ecl_formatters/cmake/ecl_formattersExport.cmake
[1.544s] -- Installing: /home/fbot/kobuki_base_ros2/install/ecl_formatters/share/ecl_formatters/cmake/ecl_formattersExport-noconfig.cmake
[1.544s] -- Installing: /home/fbot/kobuki_base_ros2/install/ecl_formatters/share/ecl_formatters/cmake/ament_cmake_export_targets-extras.cmake
[1.544s] -- Installing: /home/fbot/kobuki_base_ros2/install/ecl_formatters/share/ecl_formatters/cmake/ament_cmake_export_include_directories-extras.cmake
[1.544s] -- Installing: /home/fbot/kobuki_base_ros2/install/ecl_formatters/share/ecl_formatters/cmake/ament_cmake_export_libraries-extras.cmake
[1.544s] -- Installing: /home/fbot/kobuki_base_ros2/install/ecl_formatters/share/ecl_formatters/cmake/ament_cmake_export_dependencies-extras.cmake
[1.544s] -- Installing: /home/fbot/kobuki_base_ros2/install/ecl_formatters/share/ecl_formatters/cmake/ecl_formattersConfig.cmake
[1.544s] -- Installing: /home/fbot/kobuki_base_ros2/install/ecl_formatters/share/ecl_formatters/cmake/ecl_formattersConfig-version.cmake
[1.544s] -- Installing: /home/fbot/kobuki_base_ros2/install/ecl_formatters/share/ecl_formatters/package.xml
[1.544s] -- Installing: /home/fbot/kobuki_base_ros2/install/ecl_formatters/include/ecl/formatters.hpp
[1.545s] -- Installing: /home/fbot/kobuki_base_ros2/install/ecl_formatters/include/ecl/formatters/common.hpp
[1.545s] -- Installing: /home/fbot/kobuki_base_ros2/install/ecl_formatters/include/ecl/formatters/floats.hpp
[1.545s] -- Installing: /home/fbot/kobuki_base_ros2/install/ecl_formatters/include/ecl/formatters/macros.hpp
[1.545s] -- Installing: /home/fbot/kobuki_base_ros2/install/ecl_formatters/include/ecl/formatters/number.hpp
[1.545s] -- Installing: /home/fbot/kobuki_base_ros2/install/ecl_formatters/include/ecl/formatters/strings.hpp
[1.545s] -- Installing: /home/fbot/kobuki_base_ros2/install/ecl_formatters/lib/libecl_formatters.so.1.2.1
[1.545s] -- Set runtime path of "/home/fbot/kobuki_base_ros2/install/ecl_formatters/lib/libecl_formatters.so.1.2.1" to ""
[1.545s] -- Installing: /home/fbot/kobuki_base_ros2/install/ecl_formatters/lib/libecl_formatters.so
[1.545s] -- Installing: /home/fbot/kobuki_base_ros2/install/ecl_formatters/lib/ecl_formatters/demo_formatters
[1.546s] -- Set runtime path of "/home/fbot/kobuki_base_ros2/install/ecl_formatters/lib/ecl_formatters/demo_formatters" to ""
[1.548s] Invoked command in '/home/fbot/kobuki_base_ros2/build/ecl_formatters' returned '0': AMENT_PREFIX_PATH=/home/fbot/kobuki_base_ros2/install/ecl_converters:/home/fbot/kobuki_base_ros2/install/ecl_exceptions:/home/fbot/kobuki_base_ros2/install/ecl_concepts:/home/fbot/kobuki_base_ros2/install/ecl_type_traits:/home/fbot/kobuki_base_ros2/install/ecl_errors:/home/fbot/kobuki_base_ros2/install/ecl_mpl:/home/fbot/kobuki_base_ros2/install/ecl_config:${AMENT_PREFIX_PATH} CMAKE_PREFIX_PATH=/home/fbot/kobuki_base_ros2/install/ecl_converters:/home/fbot/kobuki_base_ros2/install/ecl_exceptions:/home/fbot/kobuki_base_ros2/install/ecl_concepts:/home/fbot/kobuki_base_ros2/install/ecl_type_traits:/home/fbot/kobuki_base_ros2/install/ecl_errors:/home/fbot/kobuki_base_ros2/install/ecl_mpl:/home/fbot/kobuki_base_ros2/install/ecl_config:/opt/ros/humble LD_LIBRARY_PATH=/home/fbot/kobuki_base_ros2/install/ecl_exceptions/lib:/home/fbot/kobuki_base_ros2/install/ecl_type_traits/lib:/home/fbot/kobuki_base_ros2/install/ecl_errors/lib:${LD_LIBRARY_PATH} PATH=/home/fbot/kobuki_base_ros2/install/ecl_type_traits/bin:/home/fbot/kobuki_base_ros2/install/ecl_config/bin:${PATH} /usr/bin/cmake --install /home/fbot/kobuki_base_ros2/build/ecl_formatters
