-- The C compiler identification is GNU 11.4.0
-- The CXX compiler identification is GNU 11.4.0
-- Detecting C compiler ABI info
-- Detecting C compiler ABI info - done
-- Check for working C compiler: /usr/bin/cc - skipped
-- Detecting C compile features
-- Detecting C compile features - done
-- Detecting CXX compiler ABI info
-- Detecting CXX compiler ABI info - done
-- Check for working CXX compiler: /usr/bin/c++ - skipped
-- Detecting CXX compile features
-- Detecting CXX compile features - done
-- Found ament_cmake_ros: 0.10.0 (/opt/ros/humble/share/ament_cmake_ros/cmake)
-- Found Python3: /usr/bin/python3 (found version "3.10.12") found components: Interpreter 
-- Found ecl_build: 1.0.3 (/opt/ros/humble/share/ecl_build/cmake)
-- Found ecl_config: 1.2.0 (/home/fbot/kobuki_base_ros2/install/ecl_config/share/ecl_config/cmake)
-- Found ecl_errors: 1.2.0 (/home/fbot/kobuki_base_ros2/install/ecl_errors/share/ecl_errors/cmake)
-- Found ecl_exceptions: 1.2.1 (/home/fbot/kobuki_base_ros2/install/ecl_exceptions/share/ecl_exceptions/cmake)
-- Found ecl_time_lite: 1.2.0 (/home/fbot/kobuki_base_ros2/install/ecl_time_lite/share/ecl_time_lite/cmake)
-- Found ament_lint_auto: 0.12.15 (/opt/ros/humble/share/ament_lint_auto/cmake)
-- Found gtest sources under '/opt/ros/humble/src/gtest_vendor': C++ tests using 'Google Test' will be built
-- Looking for pthread.h
-- Looking for pthread.h - found
-- Performing Test CMAKE_HAVE_LIBC_PTHREAD
-- Performing Test CMAKE_HAVE_LIBC_PTHREAD - Success
-- Found Threads: TRUE  
-- Configuring done
-- Generating done
-- Build files have been written to: /home/fbot/kobuki_base_ros2/build/ecl_time
[  5%] [32mBuilding CXX object src/lib/CMakeFiles/ecl_time.dir/cpuwatch_rt.cpp.o[0m
[  5%] [32mBuilding CXX object gtest/CMakeFiles/gtest.dir/src/gtest-all.cc.o[0m
[  8%] [32mBuilding CXX object gtest/CMakeFiles/gtest_main.dir/src/gtest_main.cc.o[0m
[ 14%] [32mBuilding CXX object src/lib/CMakeFiles/ecl_time.dir/sleep_win.cpp.o[0m
[ 14%] [32mBuilding CXX object src/lib/CMakeFiles/ecl_time.dir/frequency.cpp.o[0m
[ 17%] [32mBuilding CXX object src/lib/CMakeFiles/ecl_time.dir/snooze_pos.cpp.o[0m
[ 20%] [32mBuilding CXX object src/lib/CMakeFiles/ecl_time.dir/snooze_win.cpp.o[0m
[ 23%] [32mBuilding CXX object src/lib/CMakeFiles/ecl_time.dir/stopwatch.cpp.o[0m
[ 26%] [32mBuilding CXX object src/lib/CMakeFiles/ecl_time.dir/sleep_pos.cpp.o[0m
[ 29%] [32mBuilding CXX object src/lib/CMakeFiles/ecl_time.dir/timestamp_pos.cpp.o[0m
[ 32%] [32mBuilding CXX object src/lib/CMakeFiles/ecl_time.dir/timestamp_base.cpp.o[0m
[ 35%] [32mBuilding CXX object src/lib/CMakeFiles/ecl_time.dir/timestamp_win.cpp.o[0m
[ 38%] [32mBuilding CXX object src/lib/CMakeFiles/ecl_time.dir/time_data.cpp.o[0m
[ 41%] [32m[1mLinking CXX shared library libecl_time.so[0m
[ 41%] Built target ecl_time
[ 47%] [32mBuilding CXX object src/examples/CMakeFiles/ecl_time_example_random_number_generator.dir/random_number_generator.cpp.o[0m
[ 47%] [32mBuilding CXX object src/examples/CMakeFiles/ecl_time_example_sleep.dir/sleep.cpp.o[0m
[ 50%] [32m[1mLinking CXX static library libgtest_main.a[0m
[ 50%] Built target gtest_main
[ 52%] [32m[1mLinking CXX executable demo_random_number_generator[0m
[ 55%] [32m[1mLinking CXX executable demo_sleep[0m
[ 55%] Built target ecl_time_example_sleep
[ 55%] Built target ecl_time_example_random_number_generator
[ 58%] [32m[1mLinking CXX static library libgtest.a[0m
[ 58%] Built target gtest
[ 61%] [32mBuilding CXX object src/test/CMakeFiles/ecl_test_time_data.dir/time_data.cpp.o[0m
[ 64%] [32mBuilding CXX object src/test/CMakeFiles/ecl_test_frequency.dir/frequency.cpp.o[0m
[ 67%] [32mBuilding CXX object src/test/CMakeFiles/ecl_test_sleep.dir/sleep.cpp.o[0m
[ 70%] [32mBuilding CXX object src/test/CMakeFiles/ecl_test_snooze.dir/snooze.cpp.o[0m
[ 76%] [32mBuilding CXX object src/test/CMakeFiles/ecl_test_timestamp.dir/timestamp.cpp.o[0m
[ 76%] [32mBuilding CXX object src/test/CMakeFiles/ecl_test_cpuwatch_rt.dir/cpuwatch_rt.cpp.o[0m
[ 79%] [32mBuilding CXX object src/test/CMakeFiles/ecl_test_stopwatch.dir/stopwatch.cpp.o[0m
[ 82%] [32m[1mLinking CXX executable ecl_test_frequency[0m
[ 85%] [32m[1mLinking CXX executable ecl_test_time_data[0m
[ 88%] [32m[1mLinking CXX executable ecl_test_cpuwatch_rt[0m
[ 91%] [32m[1mLinking CXX executable ecl_test_sleep[0m
[ 94%] [32m[1mLinking CXX executable ecl_test_stopwatch[0m
[ 97%] [32m[1mLinking CXX executable ecl_test_snooze[0m
[ 97%] Built target ecl_test_frequency
[ 97%] Built target ecl_test_time_data
[ 97%] Built target ecl_test_sleep
[ 97%] Built target ecl_test_cpuwatch_rt
[100%] [32m[1mLinking CXX executable ecl_test_timestamp[0m
[100%] Built target ecl_test_snooze
[100%] Built target ecl_test_stopwatch
[100%] Built target ecl_test_timestamp
-- Install configuration: ""
-- Installing: /home/fbot/kobuki_base_ros2/install/ecl_time/share/ecl_time/environment/library_path.sh
-- Installing: /home/fbot/kobuki_base_ros2/install/ecl_time/share/ecl_time/environment/library_path.dsv
-- Installing: /home/fbot/kobuki_base_ros2/install/ecl_time/share/ament_index/resource_index/package_run_dependencies/ecl_time
-- Installing: /home/fbot/kobuki_base_ros2/install/ecl_time/share/ament_index/resource_index/parent_prefix_path/ecl_time
-- Installing: /home/fbot/kobuki_base_ros2/install/ecl_time/share/ecl_time/environment/ament_prefix_path.sh
-- Installing: /home/fbot/kobuki_base_ros2/install/ecl_time/share/ecl_time/environment/ament_prefix_path.dsv
-- Installing: /home/fbot/kobuki_base_ros2/install/ecl_time/share/ecl_time/environment/path.sh
-- Installing: /home/fbot/kobuki_base_ros2/install/ecl_time/share/ecl_time/environment/path.dsv
-- Installing: /home/fbot/kobuki_base_ros2/install/ecl_time/share/ecl_time/local_setup.bash
-- Installing: /home/fbot/kobuki_base_ros2/install/ecl_time/share/ecl_time/local_setup.sh
-- Installing: /home/fbot/kobuki_base_ros2/install/ecl_time/share/ecl_time/local_setup.zsh
-- Installing: /home/fbot/kobuki_base_ros2/install/ecl_time/share/ecl_time/local_setup.dsv
-- Installing: /home/fbot/kobuki_base_ros2/install/ecl_time/share/ecl_time/package.dsv
-- Installing: /home/fbot/kobuki_base_ros2/install/ecl_time/share/ament_index/resource_index/packages/ecl_time
-- Installing: /home/fbot/kobuki_base_ros2/install/ecl_time/share/ecl_time/cmake/ecl_timeExport.cmake
-- Installing: /home/fbot/kobuki_base_ros2/install/ecl_time/share/ecl_time/cmake/ecl_timeExport-noconfig.cmake
-- Installing: /home/fbot/kobuki_base_ros2/install/ecl_time/share/ecl_time/cmake/ament_cmake_export_targets-extras.cmake
-- Installing: /home/fbot/kobuki_base_ros2/install/ecl_time/share/ecl_time/cmake/ament_cmake_export_include_directories-extras.cmake
-- Installing: /home/fbot/kobuki_base_ros2/install/ecl_time/share/ecl_time/cmake/ament_cmake_export_libraries-extras.cmake
-- Installing: /home/fbot/kobuki_base_ros2/install/ecl_time/share/ecl_time/cmake/ament_cmake_export_dependencies-extras.cmake
-- Installing: /home/fbot/kobuki_base_ros2/install/ecl_time/share/ecl_time/cmake/ecl_timeConfig.cmake
-- Installing: /home/fbot/kobuki_base_ros2/install/ecl_time/share/ecl_time/cmake/ecl_timeConfig-version.cmake
-- Installing: /home/fbot/kobuki_base_ros2/install/ecl_time/share/ecl_time/package.xml
-- Installing: /home/fbot/kobuki_base_ros2/install/ecl_time/include/ecl/time.hpp
-- Installing: /home/fbot/kobuki_base_ros2/install/ecl_time/include/ecl/time/cpuwatch.hpp
-- Installing: /home/fbot/kobuki_base_ros2/install/ecl_time/include/ecl/time/cpuwatch_rt.hpp
-- Installing: /home/fbot/kobuki_base_ros2/install/ecl_time/include/ecl/time/duration.hpp
-- Installing: /home/fbot/kobuki_base_ros2/install/ecl_time/include/ecl/time/frequency.hpp
-- Installing: /home/fbot/kobuki_base_ros2/install/ecl_time/include/ecl/time/macros.hpp
-- Installing: /home/fbot/kobuki_base_ros2/install/ecl_time/include/ecl/time/random_number_generator.hpp
-- Installing: /home/fbot/kobuki_base_ros2/install/ecl_time/include/ecl/time/sleep.hpp
-- Installing: /home/fbot/kobuki_base_ros2/install/ecl_time/include/ecl/time/sleep_pos.hpp
-- Installing: /home/fbot/kobuki_base_ros2/install/ecl_time/include/ecl/time/sleep_win.hpp
-- Installing: /home/fbot/kobuki_base_ros2/install/ecl_time/include/ecl/time/snooze.hpp
-- Installing: /home/fbot/kobuki_base_ros2/install/ecl_time/include/ecl/time/snooze_pos.hpp
-- Installing: /home/fbot/kobuki_base_ros2/install/ecl_time/include/ecl/time/snooze_win.hpp
-- Installing: /home/fbot/kobuki_base_ros2/install/ecl_time/include/ecl/time/stopwatch.hpp
-- Installing: /home/fbot/kobuki_base_ros2/install/ecl_time/include/ecl/time/time_data.hpp
-- Installing: /home/fbot/kobuki_base_ros2/install/ecl_time/include/ecl/time/timestamp.hpp
-- Installing: /home/fbot/kobuki_base_ros2/install/ecl_time/include/ecl/time/timestamp_base.hpp
-- Installing: /home/fbot/kobuki_base_ros2/install/ecl_time/include/ecl/time/timestamp_pos.hpp
-- Installing: /home/fbot/kobuki_base_ros2/install/ecl_time/include/ecl/time/timestamp_win.hpp
-- Installing: /home/fbot/kobuki_base_ros2/install/ecl_time/lib/libecl_time.so.1.2.1
-- Set runtime path of "/home/fbot/kobuki_base_ros2/install/ecl_time/lib/libecl_time.so.1.2.1" to ""
-- Installing: /home/fbot/kobuki_base_ros2/install/ecl_time/lib/libecl_time.so
-- Installing: /home/fbot/kobuki_base_ros2/install/ecl_time/lib/ecl_time/demo_random_number_generator
-- Set runtime path of "/home/fbot/kobuki_base_ros2/install/ecl_time/lib/ecl_time/demo_random_number_generator" to ""
-- Installing: /home/fbot/kobuki_base_ros2/install/ecl_time/lib/ecl_time/demo_sleep
-- Set runtime path of "/home/fbot/kobuki_base_ros2/install/ecl_time/lib/ecl_time/demo_sleep" to ""
