[0.010s] Invoking command in '/home/fbot/kobuki_base_ros2/build/ecl_time': AMENT_PREFIX_PATH=/home/fbot/kobuki_base_ros2/install/ecl_time_lite:/home/fbot/kobuki_base_ros2/install/ecl_exceptions:/home/fbot/kobuki_base_ros2/install/ecl_errors:/home/fbot/kobuki_base_ros2/install/ecl_config:${AMENT_PREFIX_PATH} CMAKE_PREFIX_PATH=/home/fbot/kobuki_base_ros2/install/ecl_time_lite:/home/fbot/kobuki_base_ros2/install/ecl_exceptions:/home/fbot/kobuki_base_ros2/install/ecl_errors:/home/fbot/kobuki_base_ros2/install/ecl_config:/opt/ros/humble LD_LIBRARY_PATH=/home/fbot/kobuki_base_ros2/install/ecl_time_lite/lib:/home/fbot/kobuki_base_ros2/install/ecl_exceptions/lib:/home/fbot/kobuki_base_ros2/install/ecl_errors/lib:${LD_LIBRARY_PATH} PATH=/home/fbot/kobuki_base_ros2/install/ecl_config/bin:${PATH} /usr/bin/cmake /home/fbot/kobuki_base_ros2/src/ecl_core/ecl_time -DCMAKE_INSTALL_PREFIX=/home/fbot/kobuki_base_ros2/install/ecl_time
[0.052s] -- The C compiler identification is GNU 11.4.0
[0.096s] -- The CXX compiler identification is GNU 11.4.0
[0.102s] -- Detecting C compiler ABI info
[0.155s] -- Detecting C compiler ABI info - done
[0.162s] -- Check for working C compiler: /usr/bin/cc - skipped
[0.162s] -- Detecting C compile features
[0.162s] -- Detecting C compile features - done
[0.166s] -- Detecting CXX compiler ABI info
[0.233s] -- Detecting CXX compiler ABI info - done
[0.240s] -- Check for working CXX compiler: /usr/bin/c++ - skipped
[0.240s] -- Detecting CXX compile features
[0.240s] -- Detecting CXX compile features - done
[0.242s] -- Found ament_cmake_ros: 0.10.0 (/opt/ros/humble/share/ament_cmake_ros/cmake)
[0.383s] -- Found Python3: /usr/bin/python3 (found version "3.10.12") found components: Interpreter 
[0.462s] -- Found ecl_build: 1.0.3 (/opt/ros/humble/share/ecl_build/cmake)
[0.467s] -- Found ecl_config: 1.2.0 (/home/fbot/kobuki_base_ros2/install/ecl_config/share/ecl_config/cmake)
[0.468s] -- Found ecl_errors: 1.2.0 (/home/fbot/kobuki_base_ros2/install/ecl_errors/share/ecl_errors/cmake)
[0.471s] -- Found ecl_exceptions: 1.2.1 (/home/fbot/kobuki_base_ros2/install/ecl_exceptions/share/ecl_exceptions/cmake)
[0.473s] -- Found ecl_time_lite: 1.2.0 (/home/fbot/kobuki_base_ros2/install/ecl_time_lite/share/ecl_time_lite/cmake)
[0.536s] -- Found ament_lint_auto: 0.12.15 (/opt/ros/humble/share/ament_lint_auto/cmake)
[0.551s] -- Found gtest sources under '/opt/ros/humble/src/gtest_vendor': C++ tests using 'Google Test' will be built
[0.553s] -- Looking for pthread.h
[0.615s] -- Looking for pthread.h - found
[0.615s] -- Performing Test CMAKE_HAVE_LIBC_PTHREAD
[0.693s] -- Performing Test CMAKE_HAVE_LIBC_PTHREAD - Success
[0.694s] -- Found Threads: TRUE  
[0.710s] -- Configuring done
[0.731s] -- Generating done
[0.741s] -- Build files have been written to: /home/fbot/kobuki_base_ros2/build/ecl_time
[0.748s] Invoked command in '/home/fbot/kobuki_base_ros2/build/ecl_time' returned '0': AMENT_PREFIX_PATH=/home/fbot/kobuki_base_ros2/install/ecl_time_lite:/home/fbot/kobuki_base_ros2/install/ecl_exceptions:/home/fbot/kobuki_base_ros2/install/ecl_errors:/home/fbot/kobuki_base_ros2/install/ecl_config:${AMENT_PREFIX_PATH} CMAKE_PREFIX_PATH=/home/fbot/kobuki_base_ros2/install/ecl_time_lite:/home/fbot/kobuki_base_ros2/install/ecl_exceptions:/home/fbot/kobuki_base_ros2/install/ecl_errors:/home/fbot/kobuki_base_ros2/install/ecl_config:/opt/ros/humble LD_LIBRARY_PATH=/home/fbot/kobuki_base_ros2/install/ecl_time_lite/lib:/home/fbot/kobuki_base_ros2/install/ecl_exceptions/lib:/home/fbot/kobuki_base_ros2/install/ecl_errors/lib:${LD_LIBRARY_PATH} PATH=/home/fbot/kobuki_base_ros2/install/ecl_config/bin:${PATH} /usr/bin/cmake /home/fbot/kobuki_base_ros2/src/ecl_core/ecl_time -DCMAKE_INSTALL_PREFIX=/home/fbot/kobuki_base_ros2/install/ecl_time
[0.749s] Invoking command in '/home/fbot/kobuki_base_ros2/build/ecl_time': AMENT_PREFIX_PATH=/home/fbot/kobuki_base_ros2/install/ecl_time_lite:/home/fbot/kobuki_base_ros2/install/ecl_exceptions:/home/fbot/kobuki_base_ros2/install/ecl_errors:/home/fbot/kobuki_base_ros2/install/ecl_config:${AMENT_PREFIX_PATH} CMAKE_PREFIX_PATH=/home/fbot/kobuki_base_ros2/install/ecl_time_lite:/home/fbot/kobuki_base_ros2/install/ecl_exceptions:/home/fbot/kobuki_base_ros2/install/ecl_errors:/home/fbot/kobuki_base_ros2/install/ecl_config:/opt/ros/humble LD_LIBRARY_PATH=/home/fbot/kobuki_base_ros2/install/ecl_time_lite/lib:/home/fbot/kobuki_base_ros2/install/ecl_exceptions/lib:/home/fbot/kobuki_base_ros2/install/ecl_errors/lib:${LD_LIBRARY_PATH} PATH=/home/fbot/kobuki_base_ros2/install/ecl_config/bin:${PATH} /usr/bin/cmake --build /home/fbot/kobuki_base_ros2/build/ecl_time -- -j12 -l12
[0.802s] [  5%] [32mBuilding CXX object src/lib/CMakeFiles/ecl_time.dir/cpuwatch_rt.cpp.o[0m
[0.802s] [  5%] [32mBuilding CXX object gtest/CMakeFiles/gtest.dir/src/gtest-all.cc.o[0m
[0.802s] [  8%] [32mBuilding CXX object gtest/CMakeFiles/gtest_main.dir/src/gtest_main.cc.o[0m
[0.802s] [ 14%] [32mBuilding CXX object src/lib/CMakeFiles/ecl_time.dir/sleep_win.cpp.o[0m
[0.802s] [ 14%] [32mBuilding CXX object src/lib/CMakeFiles/ecl_time.dir/frequency.cpp.o[0m
[0.806s] [ 17%] [32mBuilding CXX object src/lib/CMakeFiles/ecl_time.dir/snooze_pos.cpp.o[0m
[0.811s] [ 20%] [32mBuilding CXX object src/lib/CMakeFiles/ecl_time.dir/snooze_win.cpp.o[0m
[0.811s] [ 23%] [32mBuilding CXX object src/lib/CMakeFiles/ecl_time.dir/stopwatch.cpp.o[0m
[0.811s] [ 26%] [32mBuilding CXX object src/lib/CMakeFiles/ecl_time.dir/sleep_pos.cpp.o[0m
[0.821s] [ 29%] [32mBuilding CXX object src/lib/CMakeFiles/ecl_time.dir/timestamp_pos.cpp.o[0m
[0.829s] [ 32%] [32mBuilding CXX object src/lib/CMakeFiles/ecl_time.dir/timestamp_base.cpp.o[0m
[0.845s] [ 35%] [32mBuilding CXX object src/lib/CMakeFiles/ecl_time.dir/timestamp_win.cpp.o[0m
[0.889s] [ 38%] [32mBuilding CXX object src/lib/CMakeFiles/ecl_time.dir/time_data.cpp.o[0m
[1.357s] [ 41%] [32m[1mLinking CXX shared library libecl_time.so[0m
[1.515s] [ 41%] Built target ecl_time
[1.538s] [ 47%] [32mBuilding CXX object src/examples/CMakeFiles/ecl_time_example_random_number_generator.dir/random_number_generator.cpp.o[0m
[1.538s] [ 47%] [32mBuilding CXX object src/examples/CMakeFiles/ecl_time_example_sleep.dir/sleep.cpp.o[0m
[1.647s] [ 50%] [32m[1mLinking CXX static library libgtest_main.a[0m
[1.732s] [ 50%] Built target gtest_main
[1.835s] [ 52%] [32m[1mLinking CXX executable demo_random_number_generator[0m
[1.841s] [ 55%] [32m[1mLinking CXX executable demo_sleep[0m
[1.928s] [ 55%] Built target ecl_time_example_sleep
[1.965s] [ 55%] Built target ecl_time_example_random_number_generator
[3.883s] [ 58%] [32m[1mLinking CXX static library libgtest.a[0m
[3.949s] [ 58%] Built target gtest
[3.967s] [ 61%] [32mBuilding CXX object src/test/CMakeFiles/ecl_test_time_data.dir/time_data.cpp.o[0m
[3.968s] [ 64%] [32mBuilding CXX object src/test/CMakeFiles/ecl_test_frequency.dir/frequency.cpp.o[0m
[3.968s] [ 67%] [32mBuilding CXX object src/test/CMakeFiles/ecl_test_sleep.dir/sleep.cpp.o[0m
[3.968s] [ 70%] [32mBuilding CXX object src/test/CMakeFiles/ecl_test_snooze.dir/snooze.cpp.o[0m
[3.969s] [ 76%] [32mBuilding CXX object src/test/CMakeFiles/ecl_test_timestamp.dir/timestamp.cpp.o[0m
[3.969s] [ 76%] [32mBuilding CXX object src/test/CMakeFiles/ecl_test_cpuwatch_rt.dir/cpuwatch_rt.cpp.o[0m
[3.972s] [ 79%] [32mBuilding CXX object src/test/CMakeFiles/ecl_test_stopwatch.dir/stopwatch.cpp.o[0m
[5.034s] [ 82%] [32m[1mLinking CXX executable ecl_test_frequency[0m
[5.101s] [ 85%] [32m[1mLinking CXX executable ecl_test_time_data[0m
[5.107s] [ 88%] [32m[1mLinking CXX executable ecl_test_cpuwatch_rt[0m
[5.129s] [ 91%] [32m[1mLinking CXX executable ecl_test_sleep[0m
[5.144s] [ 94%] [32m[1mLinking CXX executable ecl_test_stopwatch[0m
[5.169s] [ 97%] [32m[1mLinking CXX executable ecl_test_snooze[0m
[5.282s] [ 97%] Built target ecl_test_frequency
[5.327s] [ 97%] Built target ecl_test_time_data
[5.338s] [ 97%] Built target ecl_test_sleep
[5.338s] [ 97%] Built target ecl_test_cpuwatch_rt
[5.352s] [100%] [32m[1mLinking CXX executable ecl_test_timestamp[0m
[5.370s] [100%] Built target ecl_test_snooze
[5.371s] [100%] Built target ecl_test_stopwatch
[5.486s] [100%] Built target ecl_test_timestamp
[5.500s] Invoked command in '/home/fbot/kobuki_base_ros2/build/ecl_time' returned '0': AMENT_PREFIX_PATH=/home/fbot/kobuki_base_ros2/install/ecl_time_lite:/home/fbot/kobuki_base_ros2/install/ecl_exceptions:/home/fbot/kobuki_base_ros2/install/ecl_errors:/home/fbot/kobuki_base_ros2/install/ecl_config:${AMENT_PREFIX_PATH} CMAKE_PREFIX_PATH=/home/fbot/kobuki_base_ros2/install/ecl_time_lite:/home/fbot/kobuki_base_ros2/install/ecl_exceptions:/home/fbot/kobuki_base_ros2/install/ecl_errors:/home/fbot/kobuki_base_ros2/install/ecl_config:/opt/ros/humble LD_LIBRARY_PATH=/home/fbot/kobuki_base_ros2/install/ecl_time_lite/lib:/home/fbot/kobuki_base_ros2/install/ecl_exceptions/lib:/home/fbot/kobuki_base_ros2/install/ecl_errors/lib:${LD_LIBRARY_PATH} PATH=/home/fbot/kobuki_base_ros2/install/ecl_config/bin:${PATH} /usr/bin/cmake --build /home/fbot/kobuki_base_ros2/build/ecl_time -- -j12 -l12
[5.502s] Invoking command in '/home/fbot/kobuki_base_ros2/build/ecl_time': AMENT_PREFIX_PATH=/home/fbot/kobuki_base_ros2/install/ecl_time_lite:/home/fbot/kobuki_base_ros2/install/ecl_exceptions:/home/fbot/kobuki_base_ros2/install/ecl_errors:/home/fbot/kobuki_base_ros2/install/ecl_config:${AMENT_PREFIX_PATH} CMAKE_PREFIX_PATH=/home/fbot/kobuki_base_ros2/install/ecl_time_lite:/home/fbot/kobuki_base_ros2/install/ecl_exceptions:/home/fbot/kobuki_base_ros2/install/ecl_errors:/home/fbot/kobuki_base_ros2/install/ecl_config:/opt/ros/humble LD_LIBRARY_PATH=/home/fbot/kobuki_base_ros2/install/ecl_time_lite/lib:/home/fbot/kobuki_base_ros2/install/ecl_exceptions/lib:/home/fbot/kobuki_base_ros2/install/ecl_errors/lib:${LD_LIBRARY_PATH} PATH=/home/fbot/kobuki_base_ros2/install/ecl_config/bin:${PATH} /usr/bin/cmake --install /home/fbot/kobuki_base_ros2/build/ecl_time
[5.510s] -- Install configuration: ""
[5.510s] -- Installing: /home/fbot/kobuki_base_ros2/install/ecl_time/share/ecl_time/environment/library_path.sh
[5.510s] -- Installing: /home/fbot/kobuki_base_ros2/install/ecl_time/share/ecl_time/environment/library_path.dsv
[5.510s] -- Installing: /home/fbot/kobuki_base_ros2/install/ecl_time/share/ament_index/resource_index/package_run_dependencies/ecl_time
[5.510s] -- Installing: /home/fbot/kobuki_base_ros2/install/ecl_time/share/ament_index/resource_index/parent_prefix_path/ecl_time
[5.510s] -- Installing: /home/fbot/kobuki_base_ros2/install/ecl_time/share/ecl_time/environment/ament_prefix_path.sh
[5.510s] -- Installing: /home/fbot/kobuki_base_ros2/install/ecl_time/share/ecl_time/environment/ament_prefix_path.dsv
[5.511s] -- Installing: /home/fbot/kobuki_base_ros2/install/ecl_time/share/ecl_time/environment/path.sh
[5.511s] -- Installing: /home/fbot/kobuki_base_ros2/install/ecl_time/share/ecl_time/environment/path.dsv
[5.511s] -- Installing: /home/fbot/kobuki_base_ros2/install/ecl_time/share/ecl_time/local_setup.bash
[5.511s] -- Installing: /home/fbot/kobuki_base_ros2/install/ecl_time/share/ecl_time/local_setup.sh
[5.511s] -- Installing: /home/fbot/kobuki_base_ros2/install/ecl_time/share/ecl_time/local_setup.zsh
[5.511s] -- Installing: /home/fbot/kobuki_base_ros2/install/ecl_time/share/ecl_time/local_setup.dsv
[5.511s] -- Installing: /home/fbot/kobuki_base_ros2/install/ecl_time/share/ecl_time/package.dsv
[5.512s] -- Installing: /home/fbot/kobuki_base_ros2/install/ecl_time/share/ament_index/resource_index/packages/ecl_time
[5.512s] -- Installing: /home/fbot/kobuki_base_ros2/install/ecl_time/share/ecl_time/cmake/ecl_timeExport.cmake
[5.512s] -- Installing: /home/fbot/kobuki_base_ros2/install/ecl_time/share/ecl_time/cmake/ecl_timeExport-noconfig.cmake
[5.512s] -- Installing: /home/fbot/kobuki_base_ros2/install/ecl_time/share/ecl_time/cmake/ament_cmake_export_targets-extras.cmake
[5.512s] -- Installing: /home/fbot/kobuki_base_ros2/install/ecl_time/share/ecl_time/cmake/ament_cmake_export_include_directories-extras.cmake
[5.512s] -- Installing: /home/fbot/kobuki_base_ros2/install/ecl_time/share/ecl_time/cmake/ament_cmake_export_libraries-extras.cmake
[5.513s] -- Installing: /home/fbot/kobuki_base_ros2/install/ecl_time/share/ecl_time/cmake/ament_cmake_export_dependencies-extras.cmake
[5.513s] -- Installing: /home/fbot/kobuki_base_ros2/install/ecl_time/share/ecl_time/cmake/ecl_timeConfig.cmake
[5.513s] -- Installing: /home/fbot/kobuki_base_ros2/install/ecl_time/share/ecl_time/cmake/ecl_timeConfig-version.cmake
[5.513s] -- Installing: /home/fbot/kobuki_base_ros2/install/ecl_time/share/ecl_time/package.xml
[5.513s] -- Installing: /home/fbot/kobuki_base_ros2/install/ecl_time/include/ecl/time.hpp
[5.514s] -- Installing: /home/fbot/kobuki_base_ros2/install/ecl_time/include/ecl/time/cpuwatch.hpp
[5.514s] -- Installing: /home/fbot/kobuki_base_ros2/install/ecl_time/include/ecl/time/cpuwatch_rt.hpp
[5.514s] -- Installing: /home/fbot/kobuki_base_ros2/install/ecl_time/include/ecl/time/duration.hpp
[5.514s] -- Installing: /home/fbot/kobuki_base_ros2/install/ecl_time/include/ecl/time/frequency.hpp
[5.514s] -- Installing: /home/fbot/kobuki_base_ros2/install/ecl_time/include/ecl/time/macros.hpp
[5.514s] -- Installing: /home/fbot/kobuki_base_ros2/install/ecl_time/include/ecl/time/random_number_generator.hpp
[5.515s] -- Installing: /home/fbot/kobuki_base_ros2/install/ecl_time/include/ecl/time/sleep.hpp
[5.515s] -- Installing: /home/fbot/kobuki_base_ros2/install/ecl_time/include/ecl/time/sleep_pos.hpp
[5.515s] -- Installing: /home/fbot/kobuki_base_ros2/install/ecl_time/include/ecl/time/sleep_win.hpp
[5.515s] -- Installing: /home/fbot/kobuki_base_ros2/install/ecl_time/include/ecl/time/snooze.hpp
[5.515s] -- Installing: /home/fbot/kobuki_base_ros2/install/ecl_time/include/ecl/time/snooze_pos.hpp
[5.515s] -- Installing: /home/fbot/kobuki_base_ros2/install/ecl_time/include/ecl/time/snooze_win.hpp
[5.515s] -- Installing: /home/fbot/kobuki_base_ros2/install/ecl_time/include/ecl/time/stopwatch.hpp
[5.515s] -- Installing: /home/fbot/kobuki_base_ros2/install/ecl_time/include/ecl/time/time_data.hpp
[5.515s] -- Installing: /home/fbot/kobuki_base_ros2/install/ecl_time/include/ecl/time/timestamp.hpp
[5.515s] -- Installing: /home/fbot/kobuki_base_ros2/install/ecl_time/include/ecl/time/timestamp_base.hpp
[5.516s] -- Installing: /home/fbot/kobuki_base_ros2/install/ecl_time/include/ecl/time/timestamp_pos.hpp
[5.516s] -- Installing: /home/fbot/kobuki_base_ros2/install/ecl_time/include/ecl/time/timestamp_win.hpp
[5.516s] -- Installing: /home/fbot/kobuki_base_ros2/install/ecl_time/lib/libecl_time.so.1.2.1
[5.517s] -- Set runtime path of "/home/fbot/kobuki_base_ros2/install/ecl_time/lib/libecl_time.so.1.2.1" to ""
[5.517s] -- Installing: /home/fbot/kobuki_base_ros2/install/ecl_time/lib/libecl_time.so
[5.517s] -- Installing: /home/fbot/kobuki_base_ros2/install/ecl_time/lib/ecl_time/demo_random_number_generator
[5.518s] -- Set runtime path of "/home/fbot/kobuki_base_ros2/install/ecl_time/lib/ecl_time/demo_random_number_generator" to ""
[5.518s] -- Installing: /home/fbot/kobuki_base_ros2/install/ecl_time/lib/ecl_time/demo_sleep
[5.518s] -- Set runtime path of "/home/fbot/kobuki_base_ros2/install/ecl_time/lib/ecl_time/demo_sleep" to ""
[5.521s] Invoked command in '/home/fbot/kobuki_base_ros2/build/ecl_time' returned '0': AMENT_PREFIX_PATH=/home/fbot/kobuki_base_ros2/install/ecl_time_lite:/home/fbot/kobuki_base_ros2/install/ecl_exceptions:/home/fbot/kobuki_base_ros2/install/ecl_errors:/home/fbot/kobuki_base_ros2/install/ecl_config:${AMENT_PREFIX_PATH} CMAKE_PREFIX_PATH=/home/fbot/kobuki_base_ros2/install/ecl_time_lite:/home/fbot/kobuki_base_ros2/install/ecl_exceptions:/home/fbot/kobuki_base_ros2/install/ecl_errors:/home/fbot/kobuki_base_ros2/install/ecl_config:/opt/ros/humble LD_LIBRARY_PATH=/home/fbot/kobuki_base_ros2/install/ecl_time_lite/lib:/home/fbot/kobuki_base_ros2/install/ecl_exceptions/lib:/home/fbot/kobuki_base_ros2/install/ecl_errors/lib:${LD_LIBRARY_PATH} PATH=/home/fbot/kobuki_base_ros2/install/ecl_config/bin:${PATH} /usr/bin/cmake --install /home/fbot/kobuki_base_ros2/build/ecl_time
