-- The C compiler identification is GNU 11.4.0
-- The CXX compiler identification is GNU 11.4.0
-- Detecting C compiler ABI info
-- Detecting C compiler ABI info - done
-- Check for working C compiler: /usr/bin/cc - skipped
-- Detecting C compile features
-- Detecting C compile features - done
-- Detecting CXX compiler ABI info
-- Detecting CXX compiler ABI info - done
-- Check for working CXX compiler: /usr/bin/c++ - skipped
-- Detecting CXX compile features
-- Detecting CXX compile features - done
-- Found ament_cmake_ros: 0.10.0 (/opt/ros/humble/share/ament_cmake_ros/cmake)
-- Found Python3: /usr/bin/python3 (found version "3.10.12") found components: Interpreter 
-- Found ecl_build: 1.0.3 (/opt/ros/humble/share/ecl_build/cmake)
-- Found ecl_config: 1.2.0 (/home/fbot/kobuki_base_ros2/install/ecl_config/share/ecl_config/cmake)
-- Found ecl_concepts: 1.2.1 (/home/fbot/kobuki_base_ros2/install/ecl_concepts/share/ecl_concepts/cmake)
-- Found ecl_errors: 1.2.0 (/home/fbot/kobuki_base_ros2/install/ecl_errors/share/ecl_errors/cmake)
-- Found ecl_exceptions: 1.2.1 (/home/fbot/kobuki_base_ros2/install/ecl_exceptions/share/ecl_exceptions/cmake)
-- Found ament_lint_auto: 0.12.15 (/opt/ros/humble/share/ament_lint_auto/cmake)
-- Found gtest sources under '/opt/ros/humble/src/gtest_vendor': C++ tests using 'Google Test' will be built
-- Looking for pthread.h
-- Looking for pthread.h - found
-- Performing Test CMAKE_HAVE_LIBC_PTHREAD
-- Performing Test CMAKE_HAVE_LIBC_PTHREAD - Success
-- Found Threads: TRUE  
-- Configuring done
-- Generating done
-- Build files have been written to: /home/fbot/kobuki_base_ros2/build/ecl_converters
[ 10%] [32mBuilding CXX object src/examples/CMakeFiles/demo_float_converters.dir/float_converters.cpp.o[0m
[ 30%] [32mBuilding CXX object gtest/CMakeFiles/gtest.dir/src/gtest-all.cc.o[0m
[ 30%] [32mBuilding CXX object gtest/CMakeFiles/gtest_main.dir/src/gtest_main.cc.o[0m
[ 40%] [32m[1mLinking CXX executable demo_float_converters[0m
[ 40%] Built target demo_float_converters
[ 50%] [32m[1mLinking CXX static library libgtest_main.a[0m
[ 50%] Built target gtest_main
[ 60%] [32m[1mLinking CXX static library libgtest.a[0m
[ 60%] Built target gtest
[ 70%] [32mBuilding CXX object src/test/CMakeFiles/ecl_test_converters.dir/converters.cpp.o[0m
[ 80%] [32mBuilding CXX object src/test/CMakeFiles/ecl_test_byte_array_converters.dir/byte_array_converters.cpp.o[0m
[ 90%] [32m[1mLinking CXX executable ecl_test_byte_array_converters[0m
[100%] [32m[1mLinking CXX executable ecl_test_converters[0m
[100%] Built target ecl_test_converters
[100%] Built target ecl_test_byte_array_converters
-- Install configuration: ""
-- Installing: /home/fbot/kobuki_base_ros2/install/ecl_converters/share/ament_index/resource_index/package_run_dependencies/ecl_converters
-- Installing: /home/fbot/kobuki_base_ros2/install/ecl_converters/share/ament_index/resource_index/parent_prefix_path/ecl_converters
-- Installing: /home/fbot/kobuki_base_ros2/install/ecl_converters/share/ecl_converters/environment/ament_prefix_path.sh
-- Installing: /home/fbot/kobuki_base_ros2/install/ecl_converters/share/ecl_converters/environment/ament_prefix_path.dsv
-- Installing: /home/fbot/kobuki_base_ros2/install/ecl_converters/share/ecl_converters/environment/path.sh
-- Installing: /home/fbot/kobuki_base_ros2/install/ecl_converters/share/ecl_converters/environment/path.dsv
-- Installing: /home/fbot/kobuki_base_ros2/install/ecl_converters/share/ecl_converters/local_setup.bash
-- Installing: /home/fbot/kobuki_base_ros2/install/ecl_converters/share/ecl_converters/local_setup.sh
-- Installing: /home/fbot/kobuki_base_ros2/install/ecl_converters/share/ecl_converters/local_setup.zsh
-- Installing: /home/fbot/kobuki_base_ros2/install/ecl_converters/share/ecl_converters/local_setup.dsv
-- Installing: /home/fbot/kobuki_base_ros2/install/ecl_converters/share/ecl_converters/package.dsv
-- Installing: /home/fbot/kobuki_base_ros2/install/ecl_converters/share/ament_index/resource_index/packages/ecl_converters
-- Installing: /home/fbot/kobuki_base_ros2/install/ecl_converters/share/ecl_converters/cmake/ecl_convertersExport.cmake
-- Installing: /home/fbot/kobuki_base_ros2/install/ecl_converters/share/ecl_converters/cmake/ament_cmake_export_targets-extras.cmake
-- Installing: /home/fbot/kobuki_base_ros2/install/ecl_converters/share/ecl_converters/cmake/ament_cmake_export_include_directories-extras.cmake
-- Installing: /home/fbot/kobuki_base_ros2/install/ecl_converters/share/ecl_converters/cmake/ament_cmake_export_dependencies-extras.cmake
-- Installing: /home/fbot/kobuki_base_ros2/install/ecl_converters/share/ecl_converters/cmake/ecl_convertersConfig.cmake
-- Installing: /home/fbot/kobuki_base_ros2/install/ecl_converters/share/ecl_converters/cmake/ecl_convertersConfig-version.cmake
-- Installing: /home/fbot/kobuki_base_ros2/install/ecl_converters/share/ecl_converters/package.xml
-- Installing: /home/fbot/kobuki_base_ros2/install/ecl_converters/include/ecl/converters.hpp
-- Installing: /home/fbot/kobuki_base_ros2/install/ecl_converters/include/ecl/converters/char.hpp
-- Installing: /home/fbot/kobuki_base_ros2/install/ecl_converters/include/ecl/converters/char_strings.hpp
-- Installing: /home/fbot/kobuki_base_ros2/install/ecl_converters/include/ecl/converters/converter.hpp
-- Installing: /home/fbot/kobuki_base_ros2/install/ecl_converters/include/ecl/converters/from_byte_array.hpp
-- Installing: /home/fbot/kobuki_base_ros2/install/ecl_converters/include/ecl/converters/integers.hpp
-- Installing: /home/fbot/kobuki_base_ros2/install/ecl_converters/include/ecl/converters/string.hpp
-- Installing: /home/fbot/kobuki_base_ros2/install/ecl_converters/include/ecl/converters/to_byte_array.hpp
-- Installing: /home/fbot/kobuki_base_ros2/install/ecl_converters/lib/ecl_converters/demo_float_converters
-- Set runtime path of "/home/fbot/kobuki_base_ros2/install/ecl_converters/lib/ecl_converters/demo_float_converters" to ""
