[0.017s] Invoking command in '/home/fbot/kobuki_base_ros2/build/ecl_converters': AMENT_PREFIX_PATH=/home/fbot/kobuki_base_ros2/install/ecl_exceptions:/home/fbot/kobuki_base_ros2/install/ecl_concepts:/home/fbot/kobuki_base_ros2/install/ecl_type_traits:/home/fbot/kobuki_base_ros2/install/ecl_errors:/home/fbot/kobuki_base_ros2/install/ecl_mpl:/home/fbot/kobuki_base_ros2/install/ecl_config:${AMENT_PREFIX_PATH} CMAKE_PREFIX_PATH=/home/fbot/kobuki_base_ros2/install/ecl_exceptions:/home/fbot/kobuki_base_ros2/install/ecl_concepts:/home/fbot/kobuki_base_ros2/install/ecl_type_traits:/home/fbot/kobuki_base_ros2/install/ecl_errors:/home/fbot/kobuki_base_ros2/install/ecl_mpl:/home/fbot/kobuki_base_ros2/install/ecl_config:/opt/ros/humble LD_LIBRARY_PATH=/home/fbot/kobuki_base_ros2/install/ecl_exceptions/lib:/home/fbot/kobuki_base_ros2/install/ecl_type_traits/lib:/home/fbot/kobuki_base_ros2/install/ecl_errors/lib:${LD_LIBRARY_PATH} PATH=/home/fbot/kobuki_base_ros2/install/ecl_type_traits/bin:/home/fbot/kobuki_base_ros2/install/ecl_config/bin:${PATH} /usr/bin/cmake /home/fbot/kobuki_base_ros2/src/ecl_core/ecl_converters -DCMAKE_INSTALL_PREFIX=/home/fbot/kobuki_base_ros2/install/ecl_converters
[0.083s] -- The C compiler identification is GNU 11.4.0
[0.139s] -- The CXX compiler identification is GNU 11.4.0
[0.149s] -- Detecting C compiler ABI info
[0.221s] -- Detecting C compiler ABI info - done
[0.227s] -- Check for working C compiler: /usr/bin/cc - skipped
[0.227s] -- Detecting C compile features
[0.228s] -- Detecting C compile features - done
[0.231s] -- Detecting CXX compiler ABI info
[0.316s] -- Detecting CXX compiler ABI info - done
[0.328s] -- Check for working CXX compiler: /usr/bin/c++ - skipped
[0.329s] -- Detecting CXX compile features
[0.329s] -- Detecting CXX compile features - done
[0.332s] -- Found ament_cmake_ros: 0.10.0 (/opt/ros/humble/share/ament_cmake_ros/cmake)
[0.554s] -- Found Python3: /usr/bin/python3 (found version "3.10.12") found components: Interpreter 
[0.688s] -- Found ecl_build: 1.0.3 (/opt/ros/humble/share/ecl_build/cmake)
[0.693s] -- Found ecl_config: 1.2.0 (/home/fbot/kobuki_base_ros2/install/ecl_config/share/ecl_config/cmake)
[0.695s] -- Found ecl_concepts: 1.2.1 (/home/fbot/kobuki_base_ros2/install/ecl_concepts/share/ecl_concepts/cmake)
[0.705s] -- Found ecl_errors: 1.2.0 (/home/fbot/kobuki_base_ros2/install/ecl_errors/share/ecl_errors/cmake)
[0.708s] -- Found ecl_exceptions: 1.2.1 (/home/fbot/kobuki_base_ros2/install/ecl_exceptions/share/ecl_exceptions/cmake)
[0.813s] -- Found ament_lint_auto: 0.12.15 (/opt/ros/humble/share/ament_lint_auto/cmake)
[0.839s] -- Found gtest sources under '/opt/ros/humble/src/gtest_vendor': C++ tests using 'Google Test' will be built
[0.841s] -- Looking for pthread.h
[0.935s] -- Looking for pthread.h - found
[0.935s] -- Performing Test CMAKE_HAVE_LIBC_PTHREAD
[1.028s] -- Performing Test CMAKE_HAVE_LIBC_PTHREAD - Success
[1.029s] -- Found Threads: TRUE  
[1.039s] -- Configuring done
[1.056s] -- Generating done
[1.063s] -- Build files have been written to: /home/fbot/kobuki_base_ros2/build/ecl_converters
[1.070s] Invoked command in '/home/fbot/kobuki_base_ros2/build/ecl_converters' returned '0': AMENT_PREFIX_PATH=/home/fbot/kobuki_base_ros2/install/ecl_exceptions:/home/fbot/kobuki_base_ros2/install/ecl_concepts:/home/fbot/kobuki_base_ros2/install/ecl_type_traits:/home/fbot/kobuki_base_ros2/install/ecl_errors:/home/fbot/kobuki_base_ros2/install/ecl_mpl:/home/fbot/kobuki_base_ros2/install/ecl_config:${AMENT_PREFIX_PATH} CMAKE_PREFIX_PATH=/home/fbot/kobuki_base_ros2/install/ecl_exceptions:/home/fbot/kobuki_base_ros2/install/ecl_concepts:/home/fbot/kobuki_base_ros2/install/ecl_type_traits:/home/fbot/kobuki_base_ros2/install/ecl_errors:/home/fbot/kobuki_base_ros2/install/ecl_mpl:/home/fbot/kobuki_base_ros2/install/ecl_config:/opt/ros/humble LD_LIBRARY_PATH=/home/fbot/kobuki_base_ros2/install/ecl_exceptions/lib:/home/fbot/kobuki_base_ros2/install/ecl_type_traits/lib:/home/fbot/kobuki_base_ros2/install/ecl_errors/lib:${LD_LIBRARY_PATH} PATH=/home/fbot/kobuki_base_ros2/install/ecl_type_traits/bin:/home/fbot/kobuki_base_ros2/install/ecl_config/bin:${PATH} /usr/bin/cmake /home/fbot/kobuki_base_ros2/src/ecl_core/ecl_converters -DCMAKE_INSTALL_PREFIX=/home/fbot/kobuki_base_ros2/install/ecl_converters
[1.072s] Invoking command in '/home/fbot/kobuki_base_ros2/build/ecl_converters': AMENT_PREFIX_PATH=/home/fbot/kobuki_base_ros2/install/ecl_exceptions:/home/fbot/kobuki_base_ros2/install/ecl_concepts:/home/fbot/kobuki_base_ros2/install/ecl_type_traits:/home/fbot/kobuki_base_ros2/install/ecl_errors:/home/fbot/kobuki_base_ros2/install/ecl_mpl:/home/fbot/kobuki_base_ros2/install/ecl_config:${AMENT_PREFIX_PATH} CMAKE_PREFIX_PATH=/home/fbot/kobuki_base_ros2/install/ecl_exceptions:/home/fbot/kobuki_base_ros2/install/ecl_concepts:/home/fbot/kobuki_base_ros2/install/ecl_type_traits:/home/fbot/kobuki_base_ros2/install/ecl_errors:/home/fbot/kobuki_base_ros2/install/ecl_mpl:/home/fbot/kobuki_base_ros2/install/ecl_config:/opt/ros/humble LD_LIBRARY_PATH=/home/fbot/kobuki_base_ros2/install/ecl_exceptions/lib:/home/fbot/kobuki_base_ros2/install/ecl_type_traits/lib:/home/fbot/kobuki_base_ros2/install/ecl_errors/lib:${LD_LIBRARY_PATH} PATH=/home/fbot/kobuki_base_ros2/install/ecl_type_traits/bin:/home/fbot/kobuki_base_ros2/install/ecl_config/bin:${PATH} /usr/bin/cmake --build /home/fbot/kobuki_base_ros2/build/ecl_converters -- -j12 -l12
[1.136s] [ 10%] [32mBuilding CXX object src/examples/CMakeFiles/demo_float_converters.dir/float_converters.cpp.o[0m
[1.142s] [ 30%] [32mBuilding CXX object gtest/CMakeFiles/gtest.dir/src/gtest-all.cc.o[0m
[1.142s] [ 30%] [32mBuilding CXX object gtest/CMakeFiles/gtest_main.dir/src/gtest_main.cc.o[0m
[1.601s] [ 40%] [32m[1mLinking CXX executable demo_float_converters[0m
[1.807s] [ 40%] Built target demo_float_converters
[2.167s] [ 50%] [32m[1mLinking CXX static library libgtest_main.a[0m
[2.244s] [ 50%] Built target gtest_main
[5.063s] [ 60%] [32m[1mLinking CXX static library libgtest.a[0m
[5.166s] [ 60%] Built target gtest
[5.193s] [ 70%] [32mBuilding CXX object src/test/CMakeFiles/ecl_test_converters.dir/converters.cpp.o[0m
[5.194s] [ 80%] [32mBuilding CXX object src/test/CMakeFiles/ecl_test_byte_array_converters.dir/byte_array_converters.cpp.o[0m
[6.320s] [ 90%] [32m[1mLinking CXX executable ecl_test_byte_array_converters[0m
[6.335s] [100%] [32m[1mLinking CXX executable ecl_test_converters[0m
[6.490s] [100%] Built target ecl_test_converters
[6.537s] [100%] Built target ecl_test_byte_array_converters
[6.546s] Invoked command in '/home/fbot/kobuki_base_ros2/build/ecl_converters' returned '0': AMENT_PREFIX_PATH=/home/fbot/kobuki_base_ros2/install/ecl_exceptions:/home/fbot/kobuki_base_ros2/install/ecl_concepts:/home/fbot/kobuki_base_ros2/install/ecl_type_traits:/home/fbot/kobuki_base_ros2/install/ecl_errors:/home/fbot/kobuki_base_ros2/install/ecl_mpl:/home/fbot/kobuki_base_ros2/install/ecl_config:${AMENT_PREFIX_PATH} CMAKE_PREFIX_PATH=/home/fbot/kobuki_base_ros2/install/ecl_exceptions:/home/fbot/kobuki_base_ros2/install/ecl_concepts:/home/fbot/kobuki_base_ros2/install/ecl_type_traits:/home/fbot/kobuki_base_ros2/install/ecl_errors:/home/fbot/kobuki_base_ros2/install/ecl_mpl:/home/fbot/kobuki_base_ros2/install/ecl_config:/opt/ros/humble LD_LIBRARY_PATH=/home/fbot/kobuki_base_ros2/install/ecl_exceptions/lib:/home/fbot/kobuki_base_ros2/install/ecl_type_traits/lib:/home/fbot/kobuki_base_ros2/install/ecl_errors/lib:${LD_LIBRARY_PATH} PATH=/home/fbot/kobuki_base_ros2/install/ecl_type_traits/bin:/home/fbot/kobuki_base_ros2/install/ecl_config/bin:${PATH} /usr/bin/cmake --build /home/fbot/kobuki_base_ros2/build/ecl_converters -- -j12 -l12
[6.548s] Invoking command in '/home/fbot/kobuki_base_ros2/build/ecl_converters': AMENT_PREFIX_PATH=/home/fbot/kobuki_base_ros2/install/ecl_exceptions:/home/fbot/kobuki_base_ros2/install/ecl_concepts:/home/fbot/kobuki_base_ros2/install/ecl_type_traits:/home/fbot/kobuki_base_ros2/install/ecl_errors:/home/fbot/kobuki_base_ros2/install/ecl_mpl:/home/fbot/kobuki_base_ros2/install/ecl_config:${AMENT_PREFIX_PATH} CMAKE_PREFIX_PATH=/home/fbot/kobuki_base_ros2/install/ecl_exceptions:/home/fbot/kobuki_base_ros2/install/ecl_concepts:/home/fbot/kobuki_base_ros2/install/ecl_type_traits:/home/fbot/kobuki_base_ros2/install/ecl_errors:/home/fbot/kobuki_base_ros2/install/ecl_mpl:/home/fbot/kobuki_base_ros2/install/ecl_config:/opt/ros/humble LD_LIBRARY_PATH=/home/fbot/kobuki_base_ros2/install/ecl_exceptions/lib:/home/fbot/kobuki_base_ros2/install/ecl_type_traits/lib:/home/fbot/kobuki_base_ros2/install/ecl_errors/lib:${LD_LIBRARY_PATH} PATH=/home/fbot/kobuki_base_ros2/install/ecl_type_traits/bin:/home/fbot/kobuki_base_ros2/install/ecl_config/bin:${PATH} /usr/bin/cmake --install /home/fbot/kobuki_base_ros2/build/ecl_converters
[6.554s] -- Install configuration: ""
[6.556s] -- Installing: /home/fbot/kobuki_base_ros2/install/ecl_converters/share/ament_index/resource_index/package_run_dependencies/ecl_converters
[6.556s] -- Installing: /home/fbot/kobuki_base_ros2/install/ecl_converters/share/ament_index/resource_index/parent_prefix_path/ecl_converters
[6.556s] -- Installing: /home/fbot/kobuki_base_ros2/install/ecl_converters/share/ecl_converters/environment/ament_prefix_path.sh
[6.556s] -- Installing: /home/fbot/kobuki_base_ros2/install/ecl_converters/share/ecl_converters/environment/ament_prefix_path.dsv
[6.557s] -- Installing: /home/fbot/kobuki_base_ros2/install/ecl_converters/share/ecl_converters/environment/path.sh
[6.557s] -- Installing: /home/fbot/kobuki_base_ros2/install/ecl_converters/share/ecl_converters/environment/path.dsv
[6.557s] -- Installing: /home/fbot/kobuki_base_ros2/install/ecl_converters/share/ecl_converters/local_setup.bash
[6.557s] -- Installing: /home/fbot/kobuki_base_ros2/install/ecl_converters/share/ecl_converters/local_setup.sh
[6.557s] -- Installing: /home/fbot/kobuki_base_ros2/install/ecl_converters/share/ecl_converters/local_setup.zsh
[6.557s] -- Installing: /home/fbot/kobuki_base_ros2/install/ecl_converters/share/ecl_converters/local_setup.dsv
[6.557s] -- Installing: /home/fbot/kobuki_base_ros2/install/ecl_converters/share/ecl_converters/package.dsv
[6.558s] -- Installing: /home/fbot/kobuki_base_ros2/install/ecl_converters/share/ament_index/resource_index/packages/ecl_converters
[6.558s] -- Installing: /home/fbot/kobuki_base_ros2/install/ecl_converters/share/ecl_converters/cmake/ecl_convertersExport.cmake
[6.558s] -- Installing: /home/fbot/kobuki_base_ros2/install/ecl_converters/share/ecl_converters/cmake/ament_cmake_export_targets-extras.cmake
[6.558s] -- Installing: /home/fbot/kobuki_base_ros2/install/ecl_converters/share/ecl_converters/cmake/ament_cmake_export_include_directories-extras.cmake
[6.558s] -- Installing: /home/fbot/kobuki_base_ros2/install/ecl_converters/share/ecl_converters/cmake/ament_cmake_export_dependencies-extras.cmake
[6.558s] -- Installing: /home/fbot/kobuki_base_ros2/install/ecl_converters/share/ecl_converters/cmake/ecl_convertersConfig.cmake
[6.558s] -- Installing: /home/fbot/kobuki_base_ros2/install/ecl_converters/share/ecl_converters/cmake/ecl_convertersConfig-version.cmake
[6.559s] -- Installing: /home/fbot/kobuki_base_ros2/install/ecl_converters/share/ecl_converters/package.xml
[6.559s] -- Installing: /home/fbot/kobuki_base_ros2/install/ecl_converters/include/ecl/converters.hpp
[6.559s] -- Installing: /home/fbot/kobuki_base_ros2/install/ecl_converters/include/ecl/converters/char.hpp
[6.559s] -- Installing: /home/fbot/kobuki_base_ros2/install/ecl_converters/include/ecl/converters/char_strings.hpp
[6.559s] -- Installing: /home/fbot/kobuki_base_ros2/install/ecl_converters/include/ecl/converters/converter.hpp
[6.559s] -- Installing: /home/fbot/kobuki_base_ros2/install/ecl_converters/include/ecl/converters/from_byte_array.hpp
[6.559s] -- Installing: /home/fbot/kobuki_base_ros2/install/ecl_converters/include/ecl/converters/integers.hpp
[6.559s] -- Installing: /home/fbot/kobuki_base_ros2/install/ecl_converters/include/ecl/converters/string.hpp
[6.560s] -- Installing: /home/fbot/kobuki_base_ros2/install/ecl_converters/include/ecl/converters/to_byte_array.hpp
[6.560s] -- Installing: /home/fbot/kobuki_base_ros2/install/ecl_converters/lib/ecl_converters/demo_float_converters
[6.560s] -- Set runtime path of "/home/fbot/kobuki_base_ros2/install/ecl_converters/lib/ecl_converters/demo_float_converters" to ""
[6.562s] Invoked command in '/home/fbot/kobuki_base_ros2/build/ecl_converters' returned '0': AMENT_PREFIX_PATH=/home/fbot/kobuki_base_ros2/install/ecl_exceptions:/home/fbot/kobuki_base_ros2/install/ecl_concepts:/home/fbot/kobuki_base_ros2/install/ecl_type_traits:/home/fbot/kobuki_base_ros2/install/ecl_errors:/home/fbot/kobuki_base_ros2/install/ecl_mpl:/home/fbot/kobuki_base_ros2/install/ecl_config:${AMENT_PREFIX_PATH} CMAKE_PREFIX_PATH=/home/fbot/kobuki_base_ros2/install/ecl_exceptions:/home/fbot/kobuki_base_ros2/install/ecl_concepts:/home/fbot/kobuki_base_ros2/install/ecl_type_traits:/home/fbot/kobuki_base_ros2/install/ecl_errors:/home/fbot/kobuki_base_ros2/install/ecl_mpl:/home/fbot/kobuki_base_ros2/install/ecl_config:/opt/ros/humble LD_LIBRARY_PATH=/home/fbot/kobuki_base_ros2/install/ecl_exceptions/lib:/home/fbot/kobuki_base_ros2/install/ecl_type_traits/lib:/home/fbot/kobuki_base_ros2/install/ecl_errors/lib:${LD_LIBRARY_PATH} PATH=/home/fbot/kobuki_base_ros2/install/ecl_type_traits/bin:/home/fbot/kobuki_base_ros2/install/ecl_config/bin:${PATH} /usr/bin/cmake --install /home/fbot/kobuki_base_ros2/build/ecl_converters
