[0.016s] Invoking command in '/home/fbot/kobuki_base_ros2/build/ecl_linear_algebra': AMENT_PREFIX_PATH=/home/fbot/kobuki_base_ros2/install/ecl_formatters:/home/fbot/kobuki_base_ros2/install/ecl_converters:/home/fbot/kobuki_base_ros2/install/ecl_math:/home/fbot/kobuki_base_ros2/install/ecl_exceptions:/home/fbot/kobuki_base_ros2/install/ecl_concepts:/home/fbot/kobuki_base_ros2/install/ecl_type_traits:/home/fbot/kobuki_base_ros2/install/ecl_errors:/home/fbot/kobuki_base_ros2/install/ecl_mpl:/home/fbot/kobuki_base_ros2/install/ecl_eigen:/home/fbot/kobuki_base_ros2/install/ecl_config:${AMENT_PREFIX_PATH} CMAKE_PREFIX_PATH=/home/fbot/kobuki_base_ros2/install/ecl_formatters:/home/fbot/kobuki_base_ros2/install/ecl_converters:/home/fbot/kobuki_base_ros2/install/ecl_math:/home/fbot/kobuki_base_ros2/install/ecl_exceptions:/home/fbot/kobuki_base_ros2/install/ecl_concepts:/home/fbot/kobuki_base_ros2/install/ecl_type_traits:/home/fbot/kobuki_base_ros2/install/ecl_errors:/home/fbot/kobuki_base_ros2/install/ecl_mpl:/home/fbot/kobuki_base_ros2/install/ecl_eigen:/home/fbot/kobuki_base_ros2/install/ecl_config:/opt/ros/humble LD_LIBRARY_PATH=/home/fbot/kobuki_base_ros2/install/ecl_formatters/lib:/home/fbot/kobuki_base_ros2/install/ecl_exceptions/lib:/home/fbot/kobuki_base_ros2/install/ecl_type_traits/lib:/home/fbot/kobuki_base_ros2/install/ecl_errors/lib:${LD_LIBRARY_PATH} PATH=/home/fbot/kobuki_base_ros2/install/ecl_type_traits/bin:/home/fbot/kobuki_base_ros2/install/ecl_config/bin:${PATH} /usr/bin/cmake --build /home/fbot/kobuki_base_ros2/build/ecl_linear_algebra -- -j12 -l12
[0.045s] [35m[1mConsolidate compiler generated dependencies of target gtest_main[0m
[0.045s] [35m[1mConsolidate compiler generated dependencies of target gtest[0m
[0.047s] [35m[1mConsolidate compiler generated dependencies of target ecl_linear_algebra[0m
[0.056s] [ 15%] Built target gtest_main
[0.057s] [ 30%] Built target gtest
[0.064s] [ 53%] Built target ecl_linear_algebra
[0.076s] [35m[1mConsolidate compiler generated dependencies of target ecl_test_linear_algebra_plugin[0m
[0.077s] [35m[1mConsolidate compiler generated dependencies of target ecl_test_linear_algebra_formatters[0m
[0.077s] [35m[1mConsolidate compiler generated dependencies of target ecl_test_linear_algebra_interpolators[0m
[0.090s] [ 69%] Built target ecl_test_linear_algebra_interpolators
[0.091s] [ 84%] Built target ecl_test_linear_algebra_formatters
[0.091s] [100%] Built target ecl_test_linear_algebra_plugin
[0.102s] Invoked command in '/home/fbot/kobuki_base_ros2/build/ecl_linear_algebra' returned '0': AMENT_PREFIX_PATH=/home/fbot/kobuki_base_ros2/install/ecl_formatters:/home/fbot/kobuki_base_ros2/install/ecl_converters:/home/fbot/kobuki_base_ros2/install/ecl_math:/home/fbot/kobuki_base_ros2/install/ecl_exceptions:/home/fbot/kobuki_base_ros2/install/ecl_concepts:/home/fbot/kobuki_base_ros2/install/ecl_type_traits:/home/fbot/kobuki_base_ros2/install/ecl_errors:/home/fbot/kobuki_base_ros2/install/ecl_mpl:/home/fbot/kobuki_base_ros2/install/ecl_eigen:/home/fbot/kobuki_base_ros2/install/ecl_config:${AMENT_PREFIX_PATH} CMAKE_PREFIX_PATH=/home/fbot/kobuki_base_ros2/install/ecl_formatters:/home/fbot/kobuki_base_ros2/install/ecl_converters:/home/fbot/kobuki_base_ros2/install/ecl_math:/home/fbot/kobuki_base_ros2/install/ecl_exceptions:/home/fbot/kobuki_base_ros2/install/ecl_concepts:/home/fbot/kobuki_base_ros2/install/ecl_type_traits:/home/fbot/kobuki_base_ros2/install/ecl_errors:/home/fbot/kobuki_base_ros2/install/ecl_mpl:/home/fbot/kobuki_base_ros2/install/ecl_eigen:/home/fbot/kobuki_base_ros2/install/ecl_config:/opt/ros/humble LD_LIBRARY_PATH=/home/fbot/kobuki_base_ros2/install/ecl_formatters/lib:/home/fbot/kobuki_base_ros2/install/ecl_exceptions/lib:/home/fbot/kobuki_base_ros2/install/ecl_type_traits/lib:/home/fbot/kobuki_base_ros2/install/ecl_errors/lib:${LD_LIBRARY_PATH} PATH=/home/fbot/kobuki_base_ros2/install/ecl_type_traits/bin:/home/fbot/kobuki_base_ros2/install/ecl_config/bin:${PATH} /usr/bin/cmake --build /home/fbot/kobuki_base_ros2/build/ecl_linear_algebra -- -j12 -l12
[0.105s] Invoking command in '/home/fbot/kobuki_base_ros2/build/ecl_linear_algebra': AMENT_PREFIX_PATH=/home/fbot/kobuki_base_ros2/install/ecl_formatters:/home/fbot/kobuki_base_ros2/install/ecl_converters:/home/fbot/kobuki_base_ros2/install/ecl_math:/home/fbot/kobuki_base_ros2/install/ecl_exceptions:/home/fbot/kobuki_base_ros2/install/ecl_concepts:/home/fbot/kobuki_base_ros2/install/ecl_type_traits:/home/fbot/kobuki_base_ros2/install/ecl_errors:/home/fbot/kobuki_base_ros2/install/ecl_mpl:/home/fbot/kobuki_base_ros2/install/ecl_eigen:/home/fbot/kobuki_base_ros2/install/ecl_config:${AMENT_PREFIX_PATH} CMAKE_PREFIX_PATH=/home/fbot/kobuki_base_ros2/install/ecl_formatters:/home/fbot/kobuki_base_ros2/install/ecl_converters:/home/fbot/kobuki_base_ros2/install/ecl_math:/home/fbot/kobuki_base_ros2/install/ecl_exceptions:/home/fbot/kobuki_base_ros2/install/ecl_concepts:/home/fbot/kobuki_base_ros2/install/ecl_type_traits:/home/fbot/kobuki_base_ros2/install/ecl_errors:/home/fbot/kobuki_base_ros2/install/ecl_mpl:/home/fbot/kobuki_base_ros2/install/ecl_eigen:/home/fbot/kobuki_base_ros2/install/ecl_config:/opt/ros/humble LD_LIBRARY_PATH=/home/fbot/kobuki_base_ros2/install/ecl_formatters/lib:/home/fbot/kobuki_base_ros2/install/ecl_exceptions/lib:/home/fbot/kobuki_base_ros2/install/ecl_type_traits/lib:/home/fbot/kobuki_base_ros2/install/ecl_errors/lib:${LD_LIBRARY_PATH} PATH=/home/fbot/kobuki_base_ros2/install/ecl_type_traits/bin:/home/fbot/kobuki_base_ros2/install/ecl_config/bin:${PATH} /usr/bin/cmake --install /home/fbot/kobuki_base_ros2/build/ecl_linear_algebra
[0.111s] -- Install configuration: ""
[0.112s] -- Up-to-date: /home/fbot/kobuki_base_ros2/install/ecl_linear_algebra/share/ecl_linear_algebra/environment/library_path.sh
[0.112s] -- Up-to-date: /home/fbot/kobuki_base_ros2/install/ecl_linear_algebra/share/ecl_linear_algebra/environment/library_path.dsv
[0.112s] -- Up-to-date: /home/fbot/kobuki_base_ros2/install/ecl_linear_algebra/share/ament_index/resource_index/package_run_dependencies/ecl_linear_algebra
[0.112s] -- Up-to-date: /home/fbot/kobuki_base_ros2/install/ecl_linear_algebra/share/ament_index/resource_index/parent_prefix_path/ecl_linear_algebra
[0.112s] -- Up-to-date: /home/fbot/kobuki_base_ros2/install/ecl_linear_algebra/share/ecl_linear_algebra/environment/ament_prefix_path.sh
[0.112s] -- Up-to-date: /home/fbot/kobuki_base_ros2/install/ecl_linear_algebra/share/ecl_linear_algebra/environment/ament_prefix_path.dsv
[0.112s] -- Up-to-date: /home/fbot/kobuki_base_ros2/install/ecl_linear_algebra/share/ecl_linear_algebra/environment/path.sh
[0.112s] -- Up-to-date: /home/fbot/kobuki_base_ros2/install/ecl_linear_algebra/share/ecl_linear_algebra/environment/path.dsv
[0.112s] -- Up-to-date: /home/fbot/kobuki_base_ros2/install/ecl_linear_algebra/share/ecl_linear_algebra/local_setup.bash
[0.112s] -- Up-to-date: /home/fbot/kobuki_base_ros2/install/ecl_linear_algebra/share/ecl_linear_algebra/local_setup.sh
[0.112s] -- Up-to-date: /home/fbot/kobuki_base_ros2/install/ecl_linear_algebra/share/ecl_linear_algebra/local_setup.zsh
[0.113s] -- Up-to-date: /home/fbot/kobuki_base_ros2/install/ecl_linear_algebra/share/ecl_linear_algebra/local_setup.dsv
[0.113s] -- Installing: /home/fbot/kobuki_base_ros2/install/ecl_linear_algebra/share/ecl_linear_algebra/package.dsv
[0.113s] -- Up-to-date: /home/fbot/kobuki_base_ros2/install/ecl_linear_algebra/share/ament_index/resource_index/packages/ecl_linear_algebra
[0.113s] -- Up-to-date: /home/fbot/kobuki_base_ros2/install/ecl_linear_algebra/share/ecl_linear_algebra/cmake/ecl_linear_algebraExport.cmake
[0.113s] -- Up-to-date: /home/fbot/kobuki_base_ros2/install/ecl_linear_algebra/share/ecl_linear_algebra/cmake/ecl_linear_algebraExport-noconfig.cmake
[0.113s] -- Up-to-date: /home/fbot/kobuki_base_ros2/install/ecl_linear_algebra/share/ecl_linear_algebra/cmake/ament_cmake_export_targets-extras.cmake
[0.113s] -- Up-to-date: /home/fbot/kobuki_base_ros2/install/ecl_linear_algebra/share/ecl_linear_algebra/cmake/ament_cmake_export_include_directories-extras.cmake
[0.113s] -- Up-to-date: /home/fbot/kobuki_base_ros2/install/ecl_linear_algebra/share/ecl_linear_algebra/cmake/ament_cmake_export_libraries-extras.cmake
[0.113s] -- Up-to-date: /home/fbot/kobuki_base_ros2/install/ecl_linear_algebra/share/ecl_linear_algebra/cmake/ament_cmake_export_dependencies-extras.cmake
[0.113s] -- Up-to-date: /home/fbot/kobuki_base_ros2/install/ecl_linear_algebra/share/ecl_linear_algebra/cmake/ecl_linear_algebraConfig.cmake
[0.114s] -- Up-to-date: /home/fbot/kobuki_base_ros2/install/ecl_linear_algebra/share/ecl_linear_algebra/cmake/ecl_linear_algebraConfig-version.cmake
[0.114s] -- Up-to-date: /home/fbot/kobuki_base_ros2/install/ecl_linear_algebra/share/ecl_linear_algebra/package.xml
[0.114s] -- Up-to-date: /home/fbot/kobuki_base_ros2/install/ecl_linear_algebra/include/ecl/linear_algebra.hpp
[0.114s] -- Up-to-date: /home/fbot/kobuki_base_ros2/install/ecl_linear_algebra/include/ecl/linear_algebra/eigen.hpp
[0.114s] -- Up-to-date: /home/fbot/kobuki_base_ros2/install/ecl_linear_algebra/include/ecl/linear_algebra/sophus.hpp
[0.114s] -- Up-to-date: /home/fbot/kobuki_base_ros2/install/ecl_linear_algebra/include/ecl/linear_algebra/eigen/formatters.hpp
[0.115s] -- Up-to-date: /home/fbot/kobuki_base_ros2/install/ecl_linear_algebra/include/ecl/linear_algebra/eigen/plugin.hpp
[0.115s] -- Up-to-date: /home/fbot/kobuki_base_ros2/install/ecl_linear_algebra/include/ecl/linear_algebra/eigen/unsupported/nonlinear_optimization.hpp
[0.115s] -- Up-to-date: /home/fbot/kobuki_base_ros2/install/ecl_linear_algebra/include/ecl/linear_algebra/eigen/unsupported/numerical_diff.hpp
[0.115s] -- Up-to-date: /home/fbot/kobuki_base_ros2/install/ecl_linear_algebra/include/ecl/linear_algebra/sophus/formatters.hpp
[0.115s] -- Up-to-date: /home/fbot/kobuki_base_ros2/install/ecl_linear_algebra/include/ecl/linear_algebra/sophus/helpers.hpp
[0.116s] -- Up-to-date: /home/fbot/kobuki_base_ros2/install/ecl_linear_algebra/include/ecl/linear_algebra/sophus/interpolators.hpp
[0.116s] -- Up-to-date: /home/fbot/kobuki_base_ros2/install/ecl_linear_algebra/lib/libecl_linear_algebra.so.1.2.1
[0.116s] -- Up-to-date: /home/fbot/kobuki_base_ros2/install/ecl_linear_algebra/lib/libecl_linear_algebra.so
[0.130s] Invoked command in '/home/fbot/kobuki_base_ros2/build/ecl_linear_algebra' returned '0': AMENT_PREFIX_PATH=/home/fbot/kobuki_base_ros2/install/ecl_formatters:/home/fbot/kobuki_base_ros2/install/ecl_converters:/home/fbot/kobuki_base_ros2/install/ecl_math:/home/fbot/kobuki_base_ros2/install/ecl_exceptions:/home/fbot/kobuki_base_ros2/install/ecl_concepts:/home/fbot/kobuki_base_ros2/install/ecl_type_traits:/home/fbot/kobuki_base_ros2/install/ecl_errors:/home/fbot/kobuki_base_ros2/install/ecl_mpl:/home/fbot/kobuki_base_ros2/install/ecl_eigen:/home/fbot/kobuki_base_ros2/install/ecl_config:${AMENT_PREFIX_PATH} CMAKE_PREFIX_PATH=/home/fbot/kobuki_base_ros2/install/ecl_formatters:/home/fbot/kobuki_base_ros2/install/ecl_converters:/home/fbot/kobuki_base_ros2/install/ecl_math:/home/fbot/kobuki_base_ros2/install/ecl_exceptions:/home/fbot/kobuki_base_ros2/install/ecl_concepts:/home/fbot/kobuki_base_ros2/install/ecl_type_traits:/home/fbot/kobuki_base_ros2/install/ecl_errors:/home/fbot/kobuki_base_ros2/install/ecl_mpl:/home/fbot/kobuki_base_ros2/install/ecl_eigen:/home/fbot/kobuki_base_ros2/install/ecl_config:/opt/ros/humble LD_LIBRARY_PATH=/home/fbot/kobuki_base_ros2/install/ecl_formatters/lib:/home/fbot/kobuki_base_ros2/install/ecl_exceptions/lib:/home/fbot/kobuki_base_ros2/install/ecl_type_traits/lib:/home/fbot/kobuki_base_ros2/install/ecl_errors/lib:${LD_LIBRARY_PATH} PATH=/home/fbot/kobuki_base_ros2/install/ecl_type_traits/bin:/home/fbot/kobuki_base_ros2/install/ecl_config/bin:${PATH} /usr/bin/cmake --install /home/fbot/kobuki_base_ros2/build/ecl_linear_algebra
