-- The C compiler identification is GNU 11.4.0
-- The CXX compiler identification is GNU 11.4.0
-- Detecting C compiler ABI info
-- Detecting C compiler ABI info - done
-- Check for working C compiler: /usr/bin/cc - skipped
-- Detecting C compile features
-- Detecting C compile features - done
-- Detecting CXX compiler ABI info
-- Detecting CXX compiler ABI info - done
-- Check for working CXX compiler: /usr/bin/c++ - skipped
-- Detecting CXX compile features
-- Detecting CXX compile features - done
-- Found ament_cmake_ros: 0.10.0 (/opt/ros/humble/share/ament_cmake_ros/cmake)
-- Found Python3: /usr/bin/python3 (found version "3.10.12") found components: Interpreter 
-- Found ecl_build: 1.0.3 (/opt/ros/humble/share/ecl_build/cmake)
-- Found ecl_config: 1.2.0 (/home/fbot/kobuki_base_ros2/install/ecl_config/share/ecl_config/cmake)
-- Found ecl_linear_algebra: 1.2.1 (/home/fbot/kobuki_base_ros2/install/ecl_linear_algebra/share/ecl_linear_algebra/cmake)
-- Found ecl_command_line: 1.2.1 (/home/fbot/kobuki_base_ros2/install/ecl_command_line/share/ecl_command_line/cmake)
-- Found ecl_containers: 1.2.1 (/home/fbot/kobuki_base_ros2/install/ecl_containers/share/ecl_containers/cmake)
-- Found ecl_devices: 1.2.1 (/home/fbot/kobuki_base_ros2/install/ecl_devices/share/ecl_devices/cmake)
-- Found Threads: TRUE  
-- Found ecl_geometry: 1.2.1 (/home/fbot/kobuki_base_ros2/install/ecl_geometry/share/ecl_geometry/cmake)
-- Found ecl_ipc: 1.2.1 (/home/fbot/kobuki_base_ros2/install/ecl_ipc/share/ecl_ipc/cmake)
-- Found ecl_sigslots: 1.2.1 (/home/fbot/kobuki_base_ros2/install/ecl_sigslots/share/ecl_sigslots/cmake)
-- Found ecl_streams: 1.2.1 (/home/fbot/kobuki_base_ros2/install/ecl_streams/share/ecl_streams/cmake)
-- Configuring done
-- Generating done
-- Build files have been written to: /home/fbot/kobuki_base_ros2/build/ecl_core_apps
[  2%] [32mBuilding CXX object src/benchmarks/CMakeFiles/ecl_bench_files.dir/files.cpp.o[0m
[  5%] [32mBuilding CXX object src/benchmarks/CMakeFiles/ecl_bench_exceptions.dir/exceptions.cpp.o[0m
[  8%] [32mBuilding CXX object src/benchmarks/CMakeFiles/ecl_bench_containers.dir/containers.cpp.o[0m
[ 11%] [32mBuilding CXX object src/benchmarks/CMakeFiles/ecl_bench_flops.dir/flops.cpp.o[0m
[ 14%] [32mBuilding CXX object src/benchmarks/CMakeFiles/ecl_bench_string_conversions.dir/string_conversions.cpp.o[0m
[ 17%] [32mBuilding CXX object src/benchmarks/CMakeFiles/ecl_bench_streams.dir/streams.cpp.o[0m
[ 20%] [32mBuilding CXX object src/benchmarks/CMakeFiles/ecl_bench_eigen3_inverse.dir/eigen3_inverse.cpp.o[0m
[ 23%] [32mBuilding CXX object src/benchmarks/CMakeFiles/ecl_bench_snooze.dir/snooze.cpp.o[0m
[ 26%] [32mBuilding CXX object src/utils/CMakeFiles/ecl_hex.dir/hex.cpp.o[0m
[ 29%] [32mBuilding CXX object src/benchmarks/CMakeFiles/ecl_bench_eigen3_transforms.dir/eigen3_transforms.cpp.o[0m
[ 35%] [32mBuilding CXX object src/utils/CMakeFiles/ecl_serial.dir/serial.cpp.o[0m
[ 35%] [32mBuilding CXX object src/benchmarks/CMakeFiles/ecl_bench_eigen3_decompositions.dir/eigen3_decompositions.cpp.o[0m
[ 38%] [32m[1mLinking CXX executable ecl_bench_exceptions[0m
[ 41%] [32m[1mLinking CXX executable ecl_bench_snooze[0m
[ 44%] [32m[1mLinking CXX executable ecl_bench_string_conversions[0m
[ 44%] Built target ecl_bench_exceptions
[ 47%] [32mBuilding CXX object src/utils/CMakeFiles/ecl_socket_client.dir/socket_client.cpp.o[0m
[ 47%] Built target ecl_bench_string_conversions
[ 47%] Built target ecl_bench_snooze
[ 50%] [32mBuilding CXX object src/utils/CMakeFiles/ecl_process_statistics.dir/process_statistics.cpp.o[0m
[ 52%] [32mBuilding CXX object src/utils/CMakeFiles/ecl_socket_server.dir/socket_server.cpp.o[0m
[ 55%] [32m[1mLinking CXX executable ecl_bench_streams[0m
[ 55%] Built target ecl_bench_streams
[ 58%] [32mBuilding CXX object src/utils/CMakeFiles/ecl_quaternion2yaw.dir/quaternion2yaw.cpp.o[0m
[ 61%] [32m[1mLinking CXX executable ecl_bench_containers[0m
[ 64%] [32m[1mLinking CXX executable ecl_bench_files[0m
[ 67%] [32m[1mLinking CXX executable bin/ecl_process_statistics[0m
[ 67%] Built target ecl_bench_containers
[ 67%] Built target ecl_bench_files
[ 70%] [32mBuilding CXX object src/utils/CMakeFiles/ecl_yaw2quaternion.dir/yaw2quaternion.cpp.o[0m
[ 70%] Built target ecl_process_statistics
[ 73%] [32m[1mLinking CXX executable ecl_bench_flops[0m
[ 76%] [32m[1mLinking CXX executable ecl_hex[0m
[ 76%] Built target ecl_bench_flops
[ 76%] Built target ecl_hex
[ 79%] [32m[1mLinking CXX executable ecl_serial[0m
[ 79%] Built target ecl_serial
[ 82%] [32m[1mLinking CXX executable ecl_socket_client[0m
[ 85%] [32m[1mLinking CXX executable ecl_socket_server[0m
[ 85%] Built target ecl_socket_client
[ 85%] Built target ecl_socket_server
[ 88%] [32m[1mLinking CXX executable bin/ecl_quaternion2yaw[0m
[ 88%] Built target ecl_quaternion2yaw
[ 91%] [32m[1mLinking CXX executable bin/ecl_yaw2quaternion[0m
[ 91%] Built target ecl_yaw2quaternion
[ 94%] [32m[1mLinking CXX executable ecl_bench_eigen3_inverse[0m
[ 94%] Built target ecl_bench_eigen3_inverse
[ 97%] [32m[1mLinking CXX executable ecl_bench_eigen3_transforms[0m
[ 97%] Built target ecl_bench_eigen3_transforms
[100%] [32m[1mLinking CXX executable ecl_bench_eigen3_decompositions[0m
[100%] Built target ecl_bench_eigen3_decompositions
-- Install configuration: ""
-- Installing: /home/fbot/kobuki_base_ros2/install/ecl_core_apps/share/ament_index/resource_index/package_run_dependencies/ecl_core_apps
-- Installing: /home/fbot/kobuki_base_ros2/install/ecl_core_apps/share/ament_index/resource_index/parent_prefix_path/ecl_core_apps
-- Installing: /home/fbot/kobuki_base_ros2/install/ecl_core_apps/share/ecl_core_apps/environment/ament_prefix_path.sh
-- Installing: /home/fbot/kobuki_base_ros2/install/ecl_core_apps/share/ecl_core_apps/environment/ament_prefix_path.dsv
-- Installing: /home/fbot/kobuki_base_ros2/install/ecl_core_apps/share/ecl_core_apps/environment/path.sh
-- Installing: /home/fbot/kobuki_base_ros2/install/ecl_core_apps/share/ecl_core_apps/environment/path.dsv
-- Installing: /home/fbot/kobuki_base_ros2/install/ecl_core_apps/share/ecl_core_apps/local_setup.bash
-- Installing: /home/fbot/kobuki_base_ros2/install/ecl_core_apps/share/ecl_core_apps/local_setup.sh
-- Installing: /home/fbot/kobuki_base_ros2/install/ecl_core_apps/share/ecl_core_apps/local_setup.zsh
-- Installing: /home/fbot/kobuki_base_ros2/install/ecl_core_apps/share/ecl_core_apps/local_setup.dsv
-- Installing: /home/fbot/kobuki_base_ros2/install/ecl_core_apps/share/ecl_core_apps/package.dsv
-- Installing: /home/fbot/kobuki_base_ros2/install/ecl_core_apps/share/ament_index/resource_index/packages/ecl_core_apps
-- Installing: /home/fbot/kobuki_base_ros2/install/ecl_core_apps/share/ecl_core_apps/cmake/ecl_core_appsConfig.cmake
-- Installing: /home/fbot/kobuki_base_ros2/install/ecl_core_apps/share/ecl_core_apps/cmake/ecl_core_appsConfig-version.cmake
-- Installing: /home/fbot/kobuki_base_ros2/install/ecl_core_apps/share/ecl_core_apps/package.xml
-- Installing: /home/fbot/kobuki_base_ros2/install/ecl_core_apps/bin/ecl_bench_containers
-- Set runtime path of "/home/fbot/kobuki_base_ros2/install/ecl_core_apps/bin/ecl_bench_containers" to ""
-- Installing: /home/fbot/kobuki_base_ros2/install/ecl_core_apps/bin/ecl_bench_files
-- Set runtime path of "/home/fbot/kobuki_base_ros2/install/ecl_core_apps/bin/ecl_bench_files" to ""
-- Installing: /home/fbot/kobuki_base_ros2/install/ecl_core_apps/bin/ecl_bench_flops
-- Set runtime path of "/home/fbot/kobuki_base_ros2/install/ecl_core_apps/bin/ecl_bench_flops" to ""
-- Installing: /home/fbot/kobuki_base_ros2/install/ecl_core_apps/bin/ecl_bench_exceptions
-- Set runtime path of "/home/fbot/kobuki_base_ros2/install/ecl_core_apps/bin/ecl_bench_exceptions" to ""
-- Installing: /home/fbot/kobuki_base_ros2/install/ecl_core_apps/bin/ecl_bench_snooze
-- Set runtime path of "/home/fbot/kobuki_base_ros2/install/ecl_core_apps/bin/ecl_bench_snooze" to ""
-- Installing: /home/fbot/kobuki_base_ros2/install/ecl_core_apps/bin/ecl_bench_streams
-- Set runtime path of "/home/fbot/kobuki_base_ros2/install/ecl_core_apps/bin/ecl_bench_streams" to ""
-- Installing: /home/fbot/kobuki_base_ros2/install/ecl_core_apps/bin/ecl_bench_string_conversions
-- Set runtime path of "/home/fbot/kobuki_base_ros2/install/ecl_core_apps/bin/ecl_bench_string_conversions" to ""
-- Installing: /home/fbot/kobuki_base_ros2/install/ecl_core_apps/bin/ecl_bench_eigen3_inverse
-- Set runtime path of "/home/fbot/kobuki_base_ros2/install/ecl_core_apps/bin/ecl_bench_eigen3_inverse" to ""
-- Installing: /home/fbot/kobuki_base_ros2/install/ecl_core_apps/bin/ecl_bench_eigen3_decompositions
-- Set runtime path of "/home/fbot/kobuki_base_ros2/install/ecl_core_apps/bin/ecl_bench_eigen3_decompositions" to ""
-- Installing: /home/fbot/kobuki_base_ros2/install/ecl_core_apps/bin/ecl_bench_eigen3_transforms
-- Set runtime path of "/home/fbot/kobuki_base_ros2/install/ecl_core_apps/bin/ecl_bench_eigen3_transforms" to ""
-- Installing: /home/fbot/kobuki_base_ros2/install/ecl_core_apps/lib/ecl_core_apps/ecl_hex
-- Set runtime path of "/home/fbot/kobuki_base_ros2/install/ecl_core_apps/lib/ecl_core_apps/ecl_hex" to ""
-- Installing: /home/fbot/kobuki_base_ros2/install/ecl_core_apps/lib/ecl_core_apps/ecl_serial
-- Set runtime path of "/home/fbot/kobuki_base_ros2/install/ecl_core_apps/lib/ecl_core_apps/ecl_serial" to ""
-- Installing: /home/fbot/kobuki_base_ros2/install/ecl_core_apps/lib/ecl_core_apps/ecl_socket_client
-- Set runtime path of "/home/fbot/kobuki_base_ros2/install/ecl_core_apps/lib/ecl_core_apps/ecl_socket_client" to ""
-- Installing: /home/fbot/kobuki_base_ros2/install/ecl_core_apps/lib/ecl_core_apps/ecl_socket_server
-- Set runtime path of "/home/fbot/kobuki_base_ros2/install/ecl_core_apps/lib/ecl_core_apps/ecl_socket_server" to ""
-- Installing: /home/fbot/kobuki_base_ros2/install/ecl_core_apps/bin/ecl_process_statistics
-- Set runtime path of "/home/fbot/kobuki_base_ros2/install/ecl_core_apps/bin/ecl_process_statistics" to ""
-- Installing: /home/fbot/kobuki_base_ros2/install/ecl_core_apps/bin/ecl_quaternion2yaw
-- Set runtime path of "/home/fbot/kobuki_base_ros2/install/ecl_core_apps/bin/ecl_quaternion2yaw" to ""
-- Installing: /home/fbot/kobuki_base_ros2/install/ecl_core_apps/bin/ecl_yaw2quaternion
-- Set runtime path of "/home/fbot/kobuki_base_ros2/install/ecl_core_apps/bin/ecl_yaw2quaternion" to ""
