[0.031s] Invoking command in '/home/fbot/kobuki_base_ros2/build/ecl_core_apps': AMENT_PREFIX_PATH=/home/fbot/kobuki_base_ros2/install/ecl_streams:/home/fbot/kobuki_base_ros2/install/ecl_geometry:/home/fbot/kobuki_base_ros2/install/ecl_devices:/home/fbot/kobuki_base_ros2/install/ecl_sigslots:/home/fbot/kobuki_base_ros2/install/ecl_linear_algebra:/home/fbot/kobuki_base_ros2/install/ecl_ipc:/home/fbot/kobuki_base_ros2/install/ecl_containers:/home/fbot/kobuki_base_ros2/install/ecl_threads:/home/fbot/kobuki_base_ros2/install/ecl_formatters:/home/fbot/kobuki_base_ros2/install/ecl_utilities:/home/fbot/kobuki_base_ros2/install/ecl_time:/home/fbot/kobuki_base_ros2/install/ecl_converters:/home/fbot/kobuki_base_ros2/install/ecl_time_lite:/home/fbot/kobuki_base_ros2/install/ecl_math:/home/fbot/kobuki_base_ros2/install/ecl_exceptions:/home/fbot/kobuki_base_ros2/install/ecl_concepts:/home/fbot/kobuki_base_ros2/install/ecl_type_traits:/home/fbot/kobuki_base_ros2/install/ecl_errors:/home/fbot/kobuki_base_ros2/install/ecl_mpl:/home/fbot/kobuki_base_ros2/install/ecl_eigen:/home/fbot/kobuki_base_ros2/install/ecl_config:/home/fbot/kobuki_base_ros2/install/ecl_command_line:${AMENT_PREFIX_PATH} CMAKE_PREFIX_PATH=/home/fbot/kobuki_base_ros2/install/ecl_streams:/home/fbot/kobuki_base_ros2/install/ecl_geometry:/home/fbot/kobuki_base_ros2/install/ecl_devices:/home/fbot/kobuki_base_ros2/install/ecl_sigslots:/home/fbot/kobuki_base_ros2/install/ecl_linear_algebra:/home/fbot/kobuki_base_ros2/install/ecl_ipc:/home/fbot/kobuki_base_ros2/install/ecl_containers:/home/fbot/kobuki_base_ros2/install/ecl_threads:/home/fbot/kobuki_base_ros2/install/ecl_formatters:/home/fbot/kobuki_base_ros2/install/ecl_utilities:/home/fbot/kobuki_base_ros2/install/ecl_time:/home/fbot/kobuki_base_ros2/install/ecl_converters:/home/fbot/kobuki_base_ros2/install/ecl_time_lite:/home/fbot/kobuki_base_ros2/install/ecl_math:/home/fbot/kobuki_base_ros2/install/ecl_exceptions:/home/fbot/kobuki_base_ros2/install/ecl_concepts:/home/fbot/kobuki_base_ros2/install/ecl_type_traits:/home/fbot/kobuki_base_ros2/install/ecl_errors:/home/fbot/kobuki_base_ros2/install/ecl_mpl:/home/fbot/kobuki_base_ros2/install/ecl_eigen:/home/fbot/kobuki_base_ros2/install/ecl_config:/home/fbot/kobuki_base_ros2/install/ecl_command_line:/opt/ros/humble LD_LIBRARY_PATH=/home/fbot/kobuki_base_ros2/install/ecl_streams/lib:/home/fbot/kobuki_base_ros2/install/ecl_geometry/lib:/home/fbot/kobuki_base_ros2/install/ecl_devices/lib:/home/fbot/kobuki_base_ros2/install/ecl_linear_algebra/lib:/home/fbot/kobuki_base_ros2/install/ecl_ipc/lib:/home/fbot/kobuki_base_ros2/install/ecl_threads/lib:/home/fbot/kobuki_base_ros2/install/ecl_formatters/lib:/home/fbot/kobuki_base_ros2/install/ecl_time/lib:/home/fbot/kobuki_base_ros2/install/ecl_time_lite/lib:/home/fbot/kobuki_base_ros2/install/ecl_exceptions/lib:/home/fbot/kobuki_base_ros2/install/ecl_type_traits/lib:/home/fbot/kobuki_base_ros2/install/ecl_errors/lib:${LD_LIBRARY_PATH} PATH=/home/fbot/kobuki_base_ros2/install/ecl_type_traits/bin:/home/fbot/kobuki_base_ros2/install/ecl_config/bin:${PATH} /usr/bin/cmake /home/fbot/kobuki_base_ros2/src/ecl_core/ecl_core_apps -DCMAKE_INSTALL_PREFIX=/home/fbot/kobuki_base_ros2/install/ecl_core_apps
[0.077s] -- The C compiler identification is GNU 11.4.0
[0.124s] -- The CXX compiler identification is GNU 11.4.0
[0.130s] -- Detecting C compiler ABI info
[0.185s] -- Detecting C compiler ABI info - done
[0.193s] -- Check for working C compiler: /usr/bin/cc - skipped
[0.194s] -- Detecting C compile features
[0.194s] -- Detecting C compile features - done
[0.196s] -- Detecting CXX compiler ABI info
[0.259s] -- Detecting CXX compiler ABI info - done
[0.266s] -- Check for working CXX compiler: /usr/bin/c++ - skipped
[0.266s] -- Detecting CXX compile features
[0.266s] -- Detecting CXX compile features - done
[0.269s] -- Found ament_cmake_ros: 0.10.0 (/opt/ros/humble/share/ament_cmake_ros/cmake)
[0.404s] -- Found Python3: /usr/bin/python3 (found version "3.10.12") found components: Interpreter 
[0.491s] -- Found ecl_build: 1.0.3 (/opt/ros/humble/share/ecl_build/cmake)
[0.497s] -- Found ecl_config: 1.2.0 (/home/fbot/kobuki_base_ros2/install/ecl_config/share/ecl_config/cmake)
[0.498s] -- Found ecl_linear_algebra: 1.2.1 (/home/fbot/kobuki_base_ros2/install/ecl_linear_algebra/share/ecl_linear_algebra/cmake)
[0.670s] -- Found ecl_command_line: 1.2.1 (/home/fbot/kobuki_base_ros2/install/ecl_command_line/share/ecl_command_line/cmake)
[0.672s] -- Found ecl_containers: 1.2.1 (/home/fbot/kobuki_base_ros2/install/ecl_containers/share/ecl_containers/cmake)
[0.677s] -- Found ecl_devices: 1.2.1 (/home/fbot/kobuki_base_ros2/install/ecl_devices/share/ecl_devices/cmake)
[0.681s] [33mCMake Warning (dev) at /usr/share/cmake-3.22/Modules/FindPackageHandleStandardArgs.cmake:438 (message):
[0.681s]   The package name passed to `find_package_handle_standard_args` (Threads)
[0.681s]   does not match the name of the calling package (ecl_threads).  This can
[0.681s]   lead to problems in calling code that expects `find_package` result
[0.682s]   variables (e.g., `_FOUND`) to follow a certain pattern.
[0.682s] Call Stack (most recent call first):
[0.682s]   /usr/share/cmake-3.22/Modules/FindThreads.cmake:238 (FIND_PACKAGE_HANDLE_STANDARD_ARGS)
[0.682s]   /opt/ros/humble/share/ecl_build/cmake/ecl_platform_detection.cmake:225 (include)
[0.682s]   /home/fbot/kobuki_base_ros2/install/ecl_threads/share/ecl_threads/cmake/ecl_threads-extras.cmake:4 (ecl_detect_threads)
[0.682s]   /home/fbot/kobuki_base_ros2/install/ecl_threads/share/ecl_threads/cmake/ecl_threadsConfig.cmake:41 (include)
[0.682s]   /home/fbot/kobuki_base_ros2/install/ecl_devices/share/ecl_devices/cmake/ament_cmake_export_dependencies-extras.cmake:21 (find_package)
[0.682s]   /home/fbot/kobuki_base_ros2/install/ecl_devices/share/ecl_devices/cmake/ecl_devicesConfig.cmake:41 (include)
[0.682s]   CMakeLists.txt:26 (find_package)
[0.682s] This warning is for project developers.  Use -Wno-dev to suppress it.
[0.682s] [0m
[0.682s] -- Found Threads: TRUE  
[0.691s] -- Found ecl_geometry: 1.2.1 (/home/fbot/kobuki_base_ros2/install/ecl_geometry/share/ecl_geometry/cmake)
[0.694s] -- Found ecl_ipc: 1.2.1 (/home/fbot/kobuki_base_ros2/install/ecl_ipc/share/ecl_ipc/cmake)
[0.697s] -- Found ecl_sigslots: 1.2.1 (/home/fbot/kobuki_base_ros2/install/ecl_sigslots/share/ecl_sigslots/cmake)
[0.699s] -- Found ecl_streams: 1.2.1 (/home/fbot/kobuki_base_ros2/install/ecl_streams/share/ecl_streams/cmake)
[0.761s] -- Configuring done
[0.807s] -- Generating done
[0.829s] -- Build files have been written to: /home/fbot/kobuki_base_ros2/build/ecl_core_apps
[0.838s] Invoked command in '/home/fbot/kobuki_base_ros2/build/ecl_core_apps' returned '0': AMENT_PREFIX_PATH=/home/fbot/kobuki_base_ros2/install/ecl_streams:/home/fbot/kobuki_base_ros2/install/ecl_geometry:/home/fbot/kobuki_base_ros2/install/ecl_devices:/home/fbot/kobuki_base_ros2/install/ecl_sigslots:/home/fbot/kobuki_base_ros2/install/ecl_linear_algebra:/home/fbot/kobuki_base_ros2/install/ecl_ipc:/home/fbot/kobuki_base_ros2/install/ecl_containers:/home/fbot/kobuki_base_ros2/install/ecl_threads:/home/fbot/kobuki_base_ros2/install/ecl_formatters:/home/fbot/kobuki_base_ros2/install/ecl_utilities:/home/fbot/kobuki_base_ros2/install/ecl_time:/home/fbot/kobuki_base_ros2/install/ecl_converters:/home/fbot/kobuki_base_ros2/install/ecl_time_lite:/home/fbot/kobuki_base_ros2/install/ecl_math:/home/fbot/kobuki_base_ros2/install/ecl_exceptions:/home/fbot/kobuki_base_ros2/install/ecl_concepts:/home/fbot/kobuki_base_ros2/install/ecl_type_traits:/home/fbot/kobuki_base_ros2/install/ecl_errors:/home/fbot/kobuki_base_ros2/install/ecl_mpl:/home/fbot/kobuki_base_ros2/install/ecl_eigen:/home/fbot/kobuki_base_ros2/install/ecl_config:/home/fbot/kobuki_base_ros2/install/ecl_command_line:${AMENT_PREFIX_PATH} CMAKE_PREFIX_PATH=/home/fbot/kobuki_base_ros2/install/ecl_streams:/home/fbot/kobuki_base_ros2/install/ecl_geometry:/home/fbot/kobuki_base_ros2/install/ecl_devices:/home/fbot/kobuki_base_ros2/install/ecl_sigslots:/home/fbot/kobuki_base_ros2/install/ecl_linear_algebra:/home/fbot/kobuki_base_ros2/install/ecl_ipc:/home/fbot/kobuki_base_ros2/install/ecl_containers:/home/fbot/kobuki_base_ros2/install/ecl_threads:/home/fbot/kobuki_base_ros2/install/ecl_formatters:/home/fbot/kobuki_base_ros2/install/ecl_utilities:/home/fbot/kobuki_base_ros2/install/ecl_time:/home/fbot/kobuki_base_ros2/install/ecl_converters:/home/fbot/kobuki_base_ros2/install/ecl_time_lite:/home/fbot/kobuki_base_ros2/install/ecl_math:/home/fbot/kobuki_base_ros2/install/ecl_exceptions:/home/fbot/kobuki_base_ros2/install/ecl_concepts:/home/fbot/kobuki_base_ros2/install/ecl_type_traits:/home/fbot/kobuki_base_ros2/install/ecl_errors:/home/fbot/kobuki_base_ros2/install/ecl_mpl:/home/fbot/kobuki_base_ros2/install/ecl_eigen:/home/fbot/kobuki_base_ros2/install/ecl_config:/home/fbot/kobuki_base_ros2/install/ecl_command_line:/opt/ros/humble LD_LIBRARY_PATH=/home/fbot/kobuki_base_ros2/install/ecl_streams/lib:/home/fbot/kobuki_base_ros2/install/ecl_geometry/lib:/home/fbot/kobuki_base_ros2/install/ecl_devices/lib:/home/fbot/kobuki_base_ros2/install/ecl_linear_algebra/lib:/home/fbot/kobuki_base_ros2/install/ecl_ipc/lib:/home/fbot/kobuki_base_ros2/install/ecl_threads/lib:/home/fbot/kobuki_base_ros2/install/ecl_formatters/lib:/home/fbot/kobuki_base_ros2/install/ecl_time/lib:/home/fbot/kobuki_base_ros2/install/ecl_time_lite/lib:/home/fbot/kobuki_base_ros2/install/ecl_exceptions/lib:/home/fbot/kobuki_base_ros2/install/ecl_type_traits/lib:/home/fbot/kobuki_base_ros2/install/ecl_errors/lib:${LD_LIBRARY_PATH} PATH=/home/fbot/kobuki_base_ros2/install/ecl_type_traits/bin:/home/fbot/kobuki_base_ros2/install/ecl_config/bin:${PATH} /usr/bin/cmake /home/fbot/kobuki_base_ros2/src/ecl_core/ecl_core_apps -DCMAKE_INSTALL_PREFIX=/home/fbot/kobuki_base_ros2/install/ecl_core_apps
[0.840s] Invoking command in '/home/fbot/kobuki_base_ros2/build/ecl_core_apps': AMENT_PREFIX_PATH=/home/fbot/kobuki_base_ros2/install/ecl_streams:/home/fbot/kobuki_base_ros2/install/ecl_geometry:/home/fbot/kobuki_base_ros2/install/ecl_devices:/home/fbot/kobuki_base_ros2/install/ecl_sigslots:/home/fbot/kobuki_base_ros2/install/ecl_linear_algebra:/home/fbot/kobuki_base_ros2/install/ecl_ipc:/home/fbot/kobuki_base_ros2/install/ecl_containers:/home/fbot/kobuki_base_ros2/install/ecl_threads:/home/fbot/kobuki_base_ros2/install/ecl_formatters:/home/fbot/kobuki_base_ros2/install/ecl_utilities:/home/fbot/kobuki_base_ros2/install/ecl_time:/home/fbot/kobuki_base_ros2/install/ecl_converters:/home/fbot/kobuki_base_ros2/install/ecl_time_lite:/home/fbot/kobuki_base_ros2/install/ecl_math:/home/fbot/kobuki_base_ros2/install/ecl_exceptions:/home/fbot/kobuki_base_ros2/install/ecl_concepts:/home/fbot/kobuki_base_ros2/install/ecl_type_traits:/home/fbot/kobuki_base_ros2/install/ecl_errors:/home/fbot/kobuki_base_ros2/install/ecl_mpl:/home/fbot/kobuki_base_ros2/install/ecl_eigen:/home/fbot/kobuki_base_ros2/install/ecl_config:/home/fbot/kobuki_base_ros2/install/ecl_command_line:${AMENT_PREFIX_PATH} CMAKE_PREFIX_PATH=/home/fbot/kobuki_base_ros2/install/ecl_streams:/home/fbot/kobuki_base_ros2/install/ecl_geometry:/home/fbot/kobuki_base_ros2/install/ecl_devices:/home/fbot/kobuki_base_ros2/install/ecl_sigslots:/home/fbot/kobuki_base_ros2/install/ecl_linear_algebra:/home/fbot/kobuki_base_ros2/install/ecl_ipc:/home/fbot/kobuki_base_ros2/install/ecl_containers:/home/fbot/kobuki_base_ros2/install/ecl_threads:/home/fbot/kobuki_base_ros2/install/ecl_formatters:/home/fbot/kobuki_base_ros2/install/ecl_utilities:/home/fbot/kobuki_base_ros2/install/ecl_time:/home/fbot/kobuki_base_ros2/install/ecl_converters:/home/fbot/kobuki_base_ros2/install/ecl_time_lite:/home/fbot/kobuki_base_ros2/install/ecl_math:/home/fbot/kobuki_base_ros2/install/ecl_exceptions:/home/fbot/kobuki_base_ros2/install/ecl_concepts:/home/fbot/kobuki_base_ros2/install/ecl_type_traits:/home/fbot/kobuki_base_ros2/install/ecl_errors:/home/fbot/kobuki_base_ros2/install/ecl_mpl:/home/fbot/kobuki_base_ros2/install/ecl_eigen:/home/fbot/kobuki_base_ros2/install/ecl_config:/home/fbot/kobuki_base_ros2/install/ecl_command_line:/opt/ros/humble LD_LIBRARY_PATH=/home/fbot/kobuki_base_ros2/install/ecl_streams/lib:/home/fbot/kobuki_base_ros2/install/ecl_geometry/lib:/home/fbot/kobuki_base_ros2/install/ecl_devices/lib:/home/fbot/kobuki_base_ros2/install/ecl_linear_algebra/lib:/home/fbot/kobuki_base_ros2/install/ecl_ipc/lib:/home/fbot/kobuki_base_ros2/install/ecl_threads/lib:/home/fbot/kobuki_base_ros2/install/ecl_formatters/lib:/home/fbot/kobuki_base_ros2/install/ecl_time/lib:/home/fbot/kobuki_base_ros2/install/ecl_time_lite/lib:/home/fbot/kobuki_base_ros2/install/ecl_exceptions/lib:/home/fbot/kobuki_base_ros2/install/ecl_type_traits/lib:/home/fbot/kobuki_base_ros2/install/ecl_errors/lib:${LD_LIBRARY_PATH} PATH=/home/fbot/kobuki_base_ros2/install/ecl_type_traits/bin:/home/fbot/kobuki_base_ros2/install/ecl_config/bin:${PATH} /usr/bin/cmake --build /home/fbot/kobuki_base_ros2/build/ecl_core_apps -- -j12 -l12
[0.914s] [  2%] [32mBuilding CXX object src/benchmarks/CMakeFiles/ecl_bench_files.dir/files.cpp.o[0m
[0.914s] [  5%] [32mBuilding CXX object src/benchmarks/CMakeFiles/ecl_bench_exceptions.dir/exceptions.cpp.o[0m
[0.915s] [  8%] [32mBuilding CXX object src/benchmarks/CMakeFiles/ecl_bench_containers.dir/containers.cpp.o[0m
[0.928s] [ 11%] [32mBuilding CXX object src/benchmarks/CMakeFiles/ecl_bench_flops.dir/flops.cpp.o[0m
[0.938s] [ 14%] [32mBuilding CXX object src/benchmarks/CMakeFiles/ecl_bench_string_conversions.dir/string_conversions.cpp.o[0m
[0.938s] [ 17%] [32mBuilding CXX object src/benchmarks/CMakeFiles/ecl_bench_streams.dir/streams.cpp.o[0m
[0.938s] [ 20%] [32mBuilding CXX object src/benchmarks/CMakeFiles/ecl_bench_eigen3_inverse.dir/eigen3_inverse.cpp.o[0m
[0.938s] [ 23%] [32mBuilding CXX object src/benchmarks/CMakeFiles/ecl_bench_snooze.dir/snooze.cpp.o[0m
[0.943s] [ 26%] [32mBuilding CXX object src/utils/CMakeFiles/ecl_hex.dir/hex.cpp.o[0m
[0.944s] [ 29%] [32mBuilding CXX object src/benchmarks/CMakeFiles/ecl_bench_eigen3_transforms.dir/eigen3_transforms.cpp.o[0m
[0.949s] [ 35%] [32mBuilding CXX object src/utils/CMakeFiles/ecl_serial.dir/serial.cpp.o[0m
[0.954s] [ 35%] [32mBuilding CXX object src/benchmarks/CMakeFiles/ecl_bench_eigen3_decompositions.dir/eigen3_decompositions.cpp.o[0m
[1.469s] [ 38%] [32m[1mLinking CXX executable ecl_bench_exceptions[0m
[1.782s] [ 41%] [32m[1mLinking CXX executable ecl_bench_snooze[0m
[1.799s] [ 44%] [32m[1mLinking CXX executable ecl_bench_string_conversions[0m
[1.803s] [ 44%] Built target ecl_bench_exceptions
[1.854s] [ 47%] [32mBuilding CXX object src/utils/CMakeFiles/ecl_socket_client.dir/socket_client.cpp.o[0m
[2.024s] [ 47%] Built target ecl_bench_string_conversions
[2.042s] [ 47%] Built target ecl_bench_snooze
[2.077s] [ 50%] [32mBuilding CXX object src/utils/CMakeFiles/ecl_process_statistics.dir/process_statistics.cpp.o[0m
[2.087s] [ 52%] [32mBuilding CXX object src/utils/CMakeFiles/ecl_socket_server.dir/socket_server.cpp.o[0m
[2.111s] [ 55%] [32m[1mLinking CXX executable ecl_bench_streams[0m
[2.263s] [ 55%] Built target ecl_bench_streams
[2.308s] [ 58%] [32mBuilding CXX object src/utils/CMakeFiles/ecl_quaternion2yaw.dir/quaternion2yaw.cpp.o[0m
[2.314s] [ 61%] [32m[1mLinking CXX executable ecl_bench_containers[0m
[2.317s] [ 64%] [32m[1mLinking CXX executable ecl_bench_files[0m
[2.470s] [ 67%] [32m[1mLinking CXX executable bin/ecl_process_statistics[0m
[2.560s] [ 67%] Built target ecl_bench_containers
[2.566s] [ 67%] Built target ecl_bench_files
[2.617s] [ 70%] [32mBuilding CXX object src/utils/CMakeFiles/ecl_yaw2quaternion.dir/yaw2quaternion.cpp.o[0m
[2.658s] [ 70%] Built target ecl_process_statistics
[3.096s] [ 73%] [32m[1mLinking CXX executable ecl_bench_flops[0m
[3.217s] [ 76%] [32m[1mLinking CXX executable ecl_hex[0m
[3.349s] [ 76%] Built target ecl_bench_flops
[3.480s] [ 76%] Built target ecl_hex
[3.557s] [ 79%] [32m[1mLinking CXX executable ecl_serial[0m
[3.753s] [ 79%] Built target ecl_serial
[3.819s] [ 82%] [32m[1mLinking CXX executable ecl_socket_client[0m
[3.981s] [ 85%] [32m[1mLinking CXX executable ecl_socket_server[0m
[3.988s] [ 85%] Built target ecl_socket_client
[4.151s] [ 85%] Built target ecl_socket_server
[4.960s] [ 88%] [32m[1mLinking CXX executable bin/ecl_quaternion2yaw[0m
[5.069s] [ 88%] Built target ecl_quaternion2yaw
[5.645s] [ 91%] [32m[1mLinking CXX executable bin/ecl_yaw2quaternion[0m
[5.819s] [ 91%] Built target ecl_yaw2quaternion
[7.816s] [ 94%] [32m[1mLinking CXX executable ecl_bench_eigen3_inverse[0m
[7.969s] [ 94%] Built target ecl_bench_eigen3_inverse
[10.149s] [ 97%] [32m[1mLinking CXX executable ecl_bench_eigen3_transforms[0m
[10.505s] [ 97%] Built target ecl_bench_eigen3_transforms
[15.011s] [100%] [32m[1mLinking CXX executable ecl_bench_eigen3_decompositions[0m
[15.501s] [100%] Built target ecl_bench_eigen3_decompositions
[15.515s] Invoked command in '/home/fbot/kobuki_base_ros2/build/ecl_core_apps' returned '0': AMENT_PREFIX_PATH=/home/fbot/kobuki_base_ros2/install/ecl_streams:/home/fbot/kobuki_base_ros2/install/ecl_geometry:/home/fbot/kobuki_base_ros2/install/ecl_devices:/home/fbot/kobuki_base_ros2/install/ecl_sigslots:/home/fbot/kobuki_base_ros2/install/ecl_linear_algebra:/home/fbot/kobuki_base_ros2/install/ecl_ipc:/home/fbot/kobuki_base_ros2/install/ecl_containers:/home/fbot/kobuki_base_ros2/install/ecl_threads:/home/fbot/kobuki_base_ros2/install/ecl_formatters:/home/fbot/kobuki_base_ros2/install/ecl_utilities:/home/fbot/kobuki_base_ros2/install/ecl_time:/home/fbot/kobuki_base_ros2/install/ecl_converters:/home/fbot/kobuki_base_ros2/install/ecl_time_lite:/home/fbot/kobuki_base_ros2/install/ecl_math:/home/fbot/kobuki_base_ros2/install/ecl_exceptions:/home/fbot/kobuki_base_ros2/install/ecl_concepts:/home/fbot/kobuki_base_ros2/install/ecl_type_traits:/home/fbot/kobuki_base_ros2/install/ecl_errors:/home/fbot/kobuki_base_ros2/install/ecl_mpl:/home/fbot/kobuki_base_ros2/install/ecl_eigen:/home/fbot/kobuki_base_ros2/install/ecl_config:/home/fbot/kobuki_base_ros2/install/ecl_command_line:${AMENT_PREFIX_PATH} CMAKE_PREFIX_PATH=/home/fbot/kobuki_base_ros2/install/ecl_streams:/home/fbot/kobuki_base_ros2/install/ecl_geometry:/home/fbot/kobuki_base_ros2/install/ecl_devices:/home/fbot/kobuki_base_ros2/install/ecl_sigslots:/home/fbot/kobuki_base_ros2/install/ecl_linear_algebra:/home/fbot/kobuki_base_ros2/install/ecl_ipc:/home/fbot/kobuki_base_ros2/install/ecl_containers:/home/fbot/kobuki_base_ros2/install/ecl_threads:/home/fbot/kobuki_base_ros2/install/ecl_formatters:/home/fbot/kobuki_base_ros2/install/ecl_utilities:/home/fbot/kobuki_base_ros2/install/ecl_time:/home/fbot/kobuki_base_ros2/install/ecl_converters:/home/fbot/kobuki_base_ros2/install/ecl_time_lite:/home/fbot/kobuki_base_ros2/install/ecl_math:/home/fbot/kobuki_base_ros2/install/ecl_exceptions:/home/fbot/kobuki_base_ros2/install/ecl_concepts:/home/fbot/kobuki_base_ros2/install/ecl_type_traits:/home/fbot/kobuki_base_ros2/install/ecl_errors:/home/fbot/kobuki_base_ros2/install/ecl_mpl:/home/fbot/kobuki_base_ros2/install/ecl_eigen:/home/fbot/kobuki_base_ros2/install/ecl_config:/home/fbot/kobuki_base_ros2/install/ecl_command_line:/opt/ros/humble LD_LIBRARY_PATH=/home/fbot/kobuki_base_ros2/install/ecl_streams/lib:/home/fbot/kobuki_base_ros2/install/ecl_geometry/lib:/home/fbot/kobuki_base_ros2/install/ecl_devices/lib:/home/fbot/kobuki_base_ros2/install/ecl_linear_algebra/lib:/home/fbot/kobuki_base_ros2/install/ecl_ipc/lib:/home/fbot/kobuki_base_ros2/install/ecl_threads/lib:/home/fbot/kobuki_base_ros2/install/ecl_formatters/lib:/home/fbot/kobuki_base_ros2/install/ecl_time/lib:/home/fbot/kobuki_base_ros2/install/ecl_time_lite/lib:/home/fbot/kobuki_base_ros2/install/ecl_exceptions/lib:/home/fbot/kobuki_base_ros2/install/ecl_type_traits/lib:/home/fbot/kobuki_base_ros2/install/ecl_errors/lib:${LD_LIBRARY_PATH} PATH=/home/fbot/kobuki_base_ros2/install/ecl_type_traits/bin:/home/fbot/kobuki_base_ros2/install/ecl_config/bin:${PATH} /usr/bin/cmake --build /home/fbot/kobuki_base_ros2/build/ecl_core_apps -- -j12 -l12
[15.517s] Invoking command in '/home/fbot/kobuki_base_ros2/build/ecl_core_apps': AMENT_PREFIX_PATH=/home/fbot/kobuki_base_ros2/install/ecl_streams:/home/fbot/kobuki_base_ros2/install/ecl_geometry:/home/fbot/kobuki_base_ros2/install/ecl_devices:/home/fbot/kobuki_base_ros2/install/ecl_sigslots:/home/fbot/kobuki_base_ros2/install/ecl_linear_algebra:/home/fbot/kobuki_base_ros2/install/ecl_ipc:/home/fbot/kobuki_base_ros2/install/ecl_containers:/home/fbot/kobuki_base_ros2/install/ecl_threads:/home/fbot/kobuki_base_ros2/install/ecl_formatters:/home/fbot/kobuki_base_ros2/install/ecl_utilities:/home/fbot/kobuki_base_ros2/install/ecl_time:/home/fbot/kobuki_base_ros2/install/ecl_converters:/home/fbot/kobuki_base_ros2/install/ecl_time_lite:/home/fbot/kobuki_base_ros2/install/ecl_math:/home/fbot/kobuki_base_ros2/install/ecl_exceptions:/home/fbot/kobuki_base_ros2/install/ecl_concepts:/home/fbot/kobuki_base_ros2/install/ecl_type_traits:/home/fbot/kobuki_base_ros2/install/ecl_errors:/home/fbot/kobuki_base_ros2/install/ecl_mpl:/home/fbot/kobuki_base_ros2/install/ecl_eigen:/home/fbot/kobuki_base_ros2/install/ecl_config:/home/fbot/kobuki_base_ros2/install/ecl_command_line:${AMENT_PREFIX_PATH} CMAKE_PREFIX_PATH=/home/fbot/kobuki_base_ros2/install/ecl_streams:/home/fbot/kobuki_base_ros2/install/ecl_geometry:/home/fbot/kobuki_base_ros2/install/ecl_devices:/home/fbot/kobuki_base_ros2/install/ecl_sigslots:/home/fbot/kobuki_base_ros2/install/ecl_linear_algebra:/home/fbot/kobuki_base_ros2/install/ecl_ipc:/home/fbot/kobuki_base_ros2/install/ecl_containers:/home/fbot/kobuki_base_ros2/install/ecl_threads:/home/fbot/kobuki_base_ros2/install/ecl_formatters:/home/fbot/kobuki_base_ros2/install/ecl_utilities:/home/fbot/kobuki_base_ros2/install/ecl_time:/home/fbot/kobuki_base_ros2/install/ecl_converters:/home/fbot/kobuki_base_ros2/install/ecl_time_lite:/home/fbot/kobuki_base_ros2/install/ecl_math:/home/fbot/kobuki_base_ros2/install/ecl_exceptions:/home/fbot/kobuki_base_ros2/install/ecl_concepts:/home/fbot/kobuki_base_ros2/install/ecl_type_traits:/home/fbot/kobuki_base_ros2/install/ecl_errors:/home/fbot/kobuki_base_ros2/install/ecl_mpl:/home/fbot/kobuki_base_ros2/install/ecl_eigen:/home/fbot/kobuki_base_ros2/install/ecl_config:/home/fbot/kobuki_base_ros2/install/ecl_command_line:/opt/ros/humble LD_LIBRARY_PATH=/home/fbot/kobuki_base_ros2/install/ecl_streams/lib:/home/fbot/kobuki_base_ros2/install/ecl_geometry/lib:/home/fbot/kobuki_base_ros2/install/ecl_devices/lib:/home/fbot/kobuki_base_ros2/install/ecl_linear_algebra/lib:/home/fbot/kobuki_base_ros2/install/ecl_ipc/lib:/home/fbot/kobuki_base_ros2/install/ecl_threads/lib:/home/fbot/kobuki_base_ros2/install/ecl_formatters/lib:/home/fbot/kobuki_base_ros2/install/ecl_time/lib:/home/fbot/kobuki_base_ros2/install/ecl_time_lite/lib:/home/fbot/kobuki_base_ros2/install/ecl_exceptions/lib:/home/fbot/kobuki_base_ros2/install/ecl_type_traits/lib:/home/fbot/kobuki_base_ros2/install/ecl_errors/lib:${LD_LIBRARY_PATH} PATH=/home/fbot/kobuki_base_ros2/install/ecl_type_traits/bin:/home/fbot/kobuki_base_ros2/install/ecl_config/bin:${PATH} /usr/bin/cmake --install /home/fbot/kobuki_base_ros2/build/ecl_core_apps
[15.528s] -- Install configuration: ""
[15.528s] -- Installing: /home/fbot/kobuki_base_ros2/install/ecl_core_apps/share/ament_index/resource_index/package_run_dependencies/ecl_core_apps
[15.528s] -- Installing: /home/fbot/kobuki_base_ros2/install/ecl_core_apps/share/ament_index/resource_index/parent_prefix_path/ecl_core_apps
[15.528s] -- Installing: /home/fbot/kobuki_base_ros2/install/ecl_core_apps/share/ecl_core_apps/environment/ament_prefix_path.sh
[15.528s] -- Installing: /home/fbot/kobuki_base_ros2/install/ecl_core_apps/share/ecl_core_apps/environment/ament_prefix_path.dsv
[15.528s] -- Installing: /home/fbot/kobuki_base_ros2/install/ecl_core_apps/share/ecl_core_apps/environment/path.sh
[15.529s] -- Installing: /home/fbot/kobuki_base_ros2/install/ecl_core_apps/share/ecl_core_apps/environment/path.dsv
[15.529s] -- Installing: /home/fbot/kobuki_base_ros2/install/ecl_core_apps/share/ecl_core_apps/local_setup.bash
[15.529s] -- Installing: /home/fbot/kobuki_base_ros2/install/ecl_core_apps/share/ecl_core_apps/local_setup.sh
[15.529s] -- Installing: /home/fbot/kobuki_base_ros2/install/ecl_core_apps/share/ecl_core_apps/local_setup.zsh
[15.529s] -- Installing: /home/fbot/kobuki_base_ros2/install/ecl_core_apps/share/ecl_core_apps/local_setup.dsv
[15.529s] -- Installing: /home/fbot/kobuki_base_ros2/install/ecl_core_apps/share/ecl_core_apps/package.dsv
[15.529s] -- Installing: /home/fbot/kobuki_base_ros2/install/ecl_core_apps/share/ament_index/resource_index/packages/ecl_core_apps
[15.530s] -- Installing: /home/fbot/kobuki_base_ros2/install/ecl_core_apps/share/ecl_core_apps/cmake/ecl_core_appsConfig.cmake
[15.530s] -- Installing: /home/fbot/kobuki_base_ros2/install/ecl_core_apps/share/ecl_core_apps/cmake/ecl_core_appsConfig-version.cmake
[15.530s] -- Installing: /home/fbot/kobuki_base_ros2/install/ecl_core_apps/share/ecl_core_apps/package.xml
[15.531s] -- Installing: /home/fbot/kobuki_base_ros2/install/ecl_core_apps/bin/ecl_bench_containers
[15.531s] -- Set runtime path of "/home/fbot/kobuki_base_ros2/install/ecl_core_apps/bin/ecl_bench_containers" to ""
[15.531s] -- Installing: /home/fbot/kobuki_base_ros2/install/ecl_core_apps/bin/ecl_bench_files
[15.532s] -- Set runtime path of "/home/fbot/kobuki_base_ros2/install/ecl_core_apps/bin/ecl_bench_files" to ""
[15.532s] -- Installing: /home/fbot/kobuki_base_ros2/install/ecl_core_apps/bin/ecl_bench_flops
[15.532s] -- Set runtime path of "/home/fbot/kobuki_base_ros2/install/ecl_core_apps/bin/ecl_bench_flops" to ""
[15.532s] -- Installing: /home/fbot/kobuki_base_ros2/install/ecl_core_apps/bin/ecl_bench_exceptions
[15.533s] -- Set runtime path of "/home/fbot/kobuki_base_ros2/install/ecl_core_apps/bin/ecl_bench_exceptions" to ""
[15.533s] -- Installing: /home/fbot/kobuki_base_ros2/install/ecl_core_apps/bin/ecl_bench_snooze
[15.533s] -- Set runtime path of "/home/fbot/kobuki_base_ros2/install/ecl_core_apps/bin/ecl_bench_snooze" to ""
[15.533s] -- Installing: /home/fbot/kobuki_base_ros2/install/ecl_core_apps/bin/ecl_bench_streams
[15.534s] -- Set runtime path of "/home/fbot/kobuki_base_ros2/install/ecl_core_apps/bin/ecl_bench_streams" to ""
[15.534s] -- Installing: /home/fbot/kobuki_base_ros2/install/ecl_core_apps/bin/ecl_bench_string_conversions
[15.534s] -- Set runtime path of "/home/fbot/kobuki_base_ros2/install/ecl_core_apps/bin/ecl_bench_string_conversions" to ""
[15.534s] -- Installing: /home/fbot/kobuki_base_ros2/install/ecl_core_apps/bin/ecl_bench_eigen3_inverse
[15.536s] -- Set runtime path of "/home/fbot/kobuki_base_ros2/install/ecl_core_apps/bin/ecl_bench_eigen3_inverse" to ""
[15.536s] -- Installing: /home/fbot/kobuki_base_ros2/install/ecl_core_apps/bin/ecl_bench_eigen3_decompositions
[15.539s] -- Set runtime path of "/home/fbot/kobuki_base_ros2/install/ecl_core_apps/bin/ecl_bench_eigen3_decompositions" to ""
[15.539s] -- Installing: /home/fbot/kobuki_base_ros2/install/ecl_core_apps/bin/ecl_bench_eigen3_transforms
[15.541s] -- Set runtime path of "/home/fbot/kobuki_base_ros2/install/ecl_core_apps/bin/ecl_bench_eigen3_transforms" to ""
[15.542s] -- Installing: /home/fbot/kobuki_base_ros2/install/ecl_core_apps/lib/ecl_core_apps/ecl_hex
[15.542s] -- Set runtime path of "/home/fbot/kobuki_base_ros2/install/ecl_core_apps/lib/ecl_core_apps/ecl_hex" to ""
[15.542s] -- Installing: /home/fbot/kobuki_base_ros2/install/ecl_core_apps/lib/ecl_core_apps/ecl_serial
[15.543s] -- Set runtime path of "/home/fbot/kobuki_base_ros2/install/ecl_core_apps/lib/ecl_core_apps/ecl_serial" to ""
[15.543s] -- Installing: /home/fbot/kobuki_base_ros2/install/ecl_core_apps/lib/ecl_core_apps/ecl_socket_client
[15.544s] -- Set runtime path of "/home/fbot/kobuki_base_ros2/install/ecl_core_apps/lib/ecl_core_apps/ecl_socket_client" to ""
[15.544s] -- Installing: /home/fbot/kobuki_base_ros2/install/ecl_core_apps/lib/ecl_core_apps/ecl_socket_server
[15.544s] -- Set runtime path of "/home/fbot/kobuki_base_ros2/install/ecl_core_apps/lib/ecl_core_apps/ecl_socket_server" to ""
[15.544s] -- Installing: /home/fbot/kobuki_base_ros2/install/ecl_core_apps/bin/ecl_process_statistics
[15.545s] -- Set runtime path of "/home/fbot/kobuki_base_ros2/install/ecl_core_apps/bin/ecl_process_statistics" to ""
[15.545s] -- Installing: /home/fbot/kobuki_base_ros2/install/ecl_core_apps/bin/ecl_quaternion2yaw
[15.548s] -- Set runtime path of "/home/fbot/kobuki_base_ros2/install/ecl_core_apps/bin/ecl_quaternion2yaw" to ""
[15.549s] -- Installing: /home/fbot/kobuki_base_ros2/install/ecl_core_apps/bin/ecl_yaw2quaternion
[15.549s] -- Set runtime path of "/home/fbot/kobuki_base_ros2/install/ecl_core_apps/bin/ecl_yaw2quaternion" to ""
[15.550s] Invoked command in '/home/fbot/kobuki_base_ros2/build/ecl_core_apps' returned '0': AMENT_PREFIX_PATH=/home/fbot/kobuki_base_ros2/install/ecl_streams:/home/fbot/kobuki_base_ros2/install/ecl_geometry:/home/fbot/kobuki_base_ros2/install/ecl_devices:/home/fbot/kobuki_base_ros2/install/ecl_sigslots:/home/fbot/kobuki_base_ros2/install/ecl_linear_algebra:/home/fbot/kobuki_base_ros2/install/ecl_ipc:/home/fbot/kobuki_base_ros2/install/ecl_containers:/home/fbot/kobuki_base_ros2/install/ecl_threads:/home/fbot/kobuki_base_ros2/install/ecl_formatters:/home/fbot/kobuki_base_ros2/install/ecl_utilities:/home/fbot/kobuki_base_ros2/install/ecl_time:/home/fbot/kobuki_base_ros2/install/ecl_converters:/home/fbot/kobuki_base_ros2/install/ecl_time_lite:/home/fbot/kobuki_base_ros2/install/ecl_math:/home/fbot/kobuki_base_ros2/install/ecl_exceptions:/home/fbot/kobuki_base_ros2/install/ecl_concepts:/home/fbot/kobuki_base_ros2/install/ecl_type_traits:/home/fbot/kobuki_base_ros2/install/ecl_errors:/home/fbot/kobuki_base_ros2/install/ecl_mpl:/home/fbot/kobuki_base_ros2/install/ecl_eigen:/home/fbot/kobuki_base_ros2/install/ecl_config:/home/fbot/kobuki_base_ros2/install/ecl_command_line:${AMENT_PREFIX_PATH} CMAKE_PREFIX_PATH=/home/fbot/kobuki_base_ros2/install/ecl_streams:/home/fbot/kobuki_base_ros2/install/ecl_geometry:/home/fbot/kobuki_base_ros2/install/ecl_devices:/home/fbot/kobuki_base_ros2/install/ecl_sigslots:/home/fbot/kobuki_base_ros2/install/ecl_linear_algebra:/home/fbot/kobuki_base_ros2/install/ecl_ipc:/home/fbot/kobuki_base_ros2/install/ecl_containers:/home/fbot/kobuki_base_ros2/install/ecl_threads:/home/fbot/kobuki_base_ros2/install/ecl_formatters:/home/fbot/kobuki_base_ros2/install/ecl_utilities:/home/fbot/kobuki_base_ros2/install/ecl_time:/home/fbot/kobuki_base_ros2/install/ecl_converters:/home/fbot/kobuki_base_ros2/install/ecl_time_lite:/home/fbot/kobuki_base_ros2/install/ecl_math:/home/fbot/kobuki_base_ros2/install/ecl_exceptions:/home/fbot/kobuki_base_ros2/install/ecl_concepts:/home/fbot/kobuki_base_ros2/install/ecl_type_traits:/home/fbot/kobuki_base_ros2/install/ecl_errors:/home/fbot/kobuki_base_ros2/install/ecl_mpl:/home/fbot/kobuki_base_ros2/install/ecl_eigen:/home/fbot/kobuki_base_ros2/install/ecl_config:/home/fbot/kobuki_base_ros2/install/ecl_command_line:/opt/ros/humble LD_LIBRARY_PATH=/home/fbot/kobuki_base_ros2/install/ecl_streams/lib:/home/fbot/kobuki_base_ros2/install/ecl_geometry/lib:/home/fbot/kobuki_base_ros2/install/ecl_devices/lib:/home/fbot/kobuki_base_ros2/install/ecl_linear_algebra/lib:/home/fbot/kobuki_base_ros2/install/ecl_ipc/lib:/home/fbot/kobuki_base_ros2/install/ecl_threads/lib:/home/fbot/kobuki_base_ros2/install/ecl_formatters/lib:/home/fbot/kobuki_base_ros2/install/ecl_time/lib:/home/fbot/kobuki_base_ros2/install/ecl_time_lite/lib:/home/fbot/kobuki_base_ros2/install/ecl_exceptions/lib:/home/fbot/kobuki_base_ros2/install/ecl_type_traits/lib:/home/fbot/kobuki_base_ros2/install/ecl_errors/lib:${LD_LIBRARY_PATH} PATH=/home/fbot/kobuki_base_ros2/install/ecl_type_traits/bin:/home/fbot/kobuki_base_ros2/install/ecl_config/bin:${PATH} /usr/bin/cmake --install /home/fbot/kobuki_base_ros2/build/ecl_core_apps
