-- The C compiler identification is GNU 11.4.0
-- The CXX compiler identification is GNU 11.4.0
-- Detecting C compiler ABI info
-- Detecting C compiler ABI info - done
-- Check for working C compiler: /usr/bin/cc - skipped
-- Detecting C compile features
-- Detecting C compile features - done
-- Detecting CXX compiler ABI info
-- Detecting CXX compiler ABI info - done
-- Check for working CXX compiler: /usr/bin/c++ - skipped
-- Detecting CXX compile features
-- Detecting CXX compile features - done
-- Found ament_cmake_ros: 0.10.0 (/opt/ros/humble/share/ament_cmake_ros/cmake)
-- Found Python3: /usr/bin/python3 (found version "3.10.12") found components: Interpreter 
-- Found ecl_build: 1.0.3 (/opt/ros/humble/share/ecl_build/cmake)
-- Found ecl_config: 1.2.0 (/home/fbot/kobuki_base_ros2/install/ecl_config/share/ecl_config/cmake)
-- Found ecl_mpl: 1.2.1 (/home/fbot/kobuki_base_ros2/install/ecl_mpl/share/ecl_mpl/cmake)
-- Found ament_lint_auto: 0.12.15 (/opt/ros/humble/share/ament_lint_auto/cmake)
-- Found gtest sources under '/opt/ros/humble/src/gtest_vendor': C++ tests using 'Google Test' will be built
-- Looking for pthread.h
-- Looking for pthread.h - found
-- Performing Test CMAKE_HAVE_LIBC_PTHREAD
-- Performing Test CMAKE_HAVE_LIBC_PTHREAD - Success
-- Found Threads: TRUE  
-- Configuring done
-- Generating done
-- Build files have been written to: /home/fbot/kobuki_base_ros2/build/ecl_type_traits
[  8%] [32mBuilding CXX object src/lib/CMakeFiles/ecl_type_traits.dir/numeric_limits.cpp.o[0m
[ 16%] [32mBuilding CXX object gtest/CMakeFiles/gtest.dir/src/gtest-all.cc.o[0m
[ 25%] [32mBuilding CXX object gtest/CMakeFiles/gtest_main.dir/src/gtest_main.cc.o[0m
[ 33%] [32m[1mLinking CXX shared library libecl_type_traits.so[0m
[ 33%] Built target ecl_type_traits
[ 41%] [32mBuilding CXX object src/utils/CMakeFiles/ecl_detect_sizes.dir/detect_sizes.cpp.o[0m
[ 50%] [32m[1mLinking CXX static library libgtest_main.a[0m
[ 58%] [32m[1mLinking CXX executable bin/ecl_detect_sizes[0m
[ 58%] Built target gtest_main
[ 58%] Built target ecl_detect_sizes
[ 66%] [32m[1mLinking CXX static library libgtest.a[0m
[ 66%] Built target gtest
[ 75%] [32mBuilding CXX object src/test/CMakeFiles/test_fundamental_types.dir/fundamental_types.cpp.o[0m
[ 83%] [32mBuilding CXX object src/test/CMakeFiles/test_numeric_limits.dir/numeric_limits.cpp.o[0m
[ 91%] [32m[1mLinking CXX executable test_numeric_limits[0m
[100%] [32m[1mLinking CXX executable test_fundamental_types[0m
[100%] Built target test_numeric_limits
[100%] Built target test_fundamental_types
-- Install configuration: ""
-- Installing: /home/fbot/kobuki_base_ros2/install/ecl_type_traits/share/ecl_type_traits/environment/library_path.sh
-- Installing: /home/fbot/kobuki_base_ros2/install/ecl_type_traits/share/ecl_type_traits/environment/library_path.dsv
-- Installing: /home/fbot/kobuki_base_ros2/install/ecl_type_traits/share/ament_index/resource_index/package_run_dependencies/ecl_type_traits
-- Installing: /home/fbot/kobuki_base_ros2/install/ecl_type_traits/share/ament_index/resource_index/parent_prefix_path/ecl_type_traits
-- Installing: /home/fbot/kobuki_base_ros2/install/ecl_type_traits/share/ecl_type_traits/environment/ament_prefix_path.sh
-- Installing: /home/fbot/kobuki_base_ros2/install/ecl_type_traits/share/ecl_type_traits/environment/ament_prefix_path.dsv
-- Installing: /home/fbot/kobuki_base_ros2/install/ecl_type_traits/share/ecl_type_traits/environment/path.sh
-- Installing: /home/fbot/kobuki_base_ros2/install/ecl_type_traits/share/ecl_type_traits/environment/path.dsv
-- Installing: /home/fbot/kobuki_base_ros2/install/ecl_type_traits/share/ecl_type_traits/local_setup.bash
-- Installing: /home/fbot/kobuki_base_ros2/install/ecl_type_traits/share/ecl_type_traits/local_setup.sh
-- Installing: /home/fbot/kobuki_base_ros2/install/ecl_type_traits/share/ecl_type_traits/local_setup.zsh
-- Installing: /home/fbot/kobuki_base_ros2/install/ecl_type_traits/share/ecl_type_traits/local_setup.dsv
-- Installing: /home/fbot/kobuki_base_ros2/install/ecl_type_traits/share/ecl_type_traits/package.dsv
-- Installing: /home/fbot/kobuki_base_ros2/install/ecl_type_traits/share/ament_index/resource_index/packages/ecl_type_traits
-- Installing: /home/fbot/kobuki_base_ros2/install/ecl_type_traits/share/ecl_type_traits/cmake/ecl_type_traitsExport.cmake
-- Installing: /home/fbot/kobuki_base_ros2/install/ecl_type_traits/share/ecl_type_traits/cmake/ecl_type_traitsExport-noconfig.cmake
-- Installing: /home/fbot/kobuki_base_ros2/install/ecl_type_traits/share/ecl_type_traits/cmake/ament_cmake_export_targets-extras.cmake
-- Installing: /home/fbot/kobuki_base_ros2/install/ecl_type_traits/share/ecl_type_traits/cmake/ament_cmake_export_include_directories-extras.cmake
-- Installing: /home/fbot/kobuki_base_ros2/install/ecl_type_traits/share/ecl_type_traits/cmake/ament_cmake_export_libraries-extras.cmake
-- Installing: /home/fbot/kobuki_base_ros2/install/ecl_type_traits/share/ecl_type_traits/cmake/ament_cmake_export_dependencies-extras.cmake
-- Installing: /home/fbot/kobuki_base_ros2/install/ecl_type_traits/share/ecl_type_traits/cmake/ecl_type_traitsConfig.cmake
-- Installing: /home/fbot/kobuki_base_ros2/install/ecl_type_traits/share/ecl_type_traits/cmake/ecl_type_traitsConfig-version.cmake
-- Installing: /home/fbot/kobuki_base_ros2/install/ecl_type_traits/share/ecl_type_traits/package.xml
-- Installing: /home/fbot/kobuki_base_ros2/install/ecl_type_traits/include/ecl/type_traits.hpp
-- Installing: /home/fbot/kobuki_base_ros2/install/ecl_type_traits/include/ecl/type_traits/fundamental_types.hpp
-- Installing: /home/fbot/kobuki_base_ros2/install/ecl_type_traits/include/ecl/type_traits/macros.hpp
-- Installing: /home/fbot/kobuki_base_ros2/install/ecl_type_traits/include/ecl/type_traits/numeric_limits.hpp
-- Installing: /home/fbot/kobuki_base_ros2/install/ecl_type_traits/include/ecl/type_traits/traits.hpp
-- Installing: /home/fbot/kobuki_base_ros2/install/ecl_type_traits/lib/libecl_type_traits.so.1.2.1
-- Installing: /home/fbot/kobuki_base_ros2/install/ecl_type_traits/lib/libecl_type_traits.so
-- Installing: /home/fbot/kobuki_base_ros2/install/ecl_type_traits/bin/ecl_detect_sizes
-- Set runtime path of "/home/fbot/kobuki_base_ros2/install/ecl_type_traits/bin/ecl_detect_sizes" to ""
