[0.018s] Invoking command in '/home/fbot/kobuki_base_ros2/build/ecl_type_traits': AMENT_PREFIX_PATH=/home/fbot/kobuki_base_ros2/install/ecl_mpl:/home/fbot/kobuki_base_ros2/install/ecl_config:${AMENT_PREFIX_PATH} CMAKE_PREFIX_PATH=/home/fbot/kobuki_base_ros2/install/ecl_mpl:/home/fbot/kobuki_base_ros2/install/ecl_config:/opt/ros/humble PATH=/home/fbot/kobuki_base_ros2/install/ecl_config/bin:${PATH} /usr/bin/cmake /home/fbot/kobuki_base_ros2/src/ecl_core/ecl_type_traits -DCMAKE_INSTALL_PREFIX=/home/fbot/kobuki_base_ros2/install/ecl_type_traits
[0.100s] -- The C compiler identification is GNU 11.4.0
[0.167s] -- The CXX compiler identification is GNU 11.4.0
[0.177s] -- Detecting C compiler ABI info
[0.248s] -- Detecting C compiler ABI info - done
[0.256s] -- Check for working C compiler: /usr/bin/cc - skipped
[0.258s] -- Detecting C compile features
[0.258s] -- Detecting C compile features - done
[0.259s] -- Detecting CXX compiler ABI info
[0.350s] -- Detecting CXX compiler ABI info - done
[0.362s] -- Check for working CXX compiler: /usr/bin/c++ - skipped
[0.362s] -- Detecting CXX compile features
[0.363s] -- Detecting CXX compile features - done
[0.365s] -- Found ament_cmake_ros: 0.10.0 (/opt/ros/humble/share/ament_cmake_ros/cmake)
[0.560s] -- Found Python3: /usr/bin/python3 (found version "3.10.12") found components: Interpreter 
[0.687s] -- Found ecl_build: 1.0.3 (/opt/ros/humble/share/ecl_build/cmake)
[0.697s] -- Found ecl_config: 1.2.0 (/home/fbot/kobuki_base_ros2/install/ecl_config/share/ecl_config/cmake)
[0.700s] -- Found ecl_mpl: 1.2.1 (/home/fbot/kobuki_base_ros2/install/ecl_mpl/share/ecl_mpl/cmake)
[0.793s] -- Found ament_lint_auto: 0.12.15 (/opt/ros/humble/share/ament_lint_auto/cmake)
[0.815s] -- Found gtest sources under '/opt/ros/humble/src/gtest_vendor': C++ tests using 'Google Test' will be built
[0.817s] -- Looking for pthread.h
[0.993s] -- Looking for pthread.h - found
[0.995s] -- Performing Test CMAKE_HAVE_LIBC_PTHREAD
[1.179s] -- Performing Test CMAKE_HAVE_LIBC_PTHREAD - Success
[1.179s] -- Found Threads: TRUE  
[1.204s] -- Configuring done
[1.235s] -- Generating done
[1.243s] -- Build files have been written to: /home/fbot/kobuki_base_ros2/build/ecl_type_traits
[1.252s] Invoked command in '/home/fbot/kobuki_base_ros2/build/ecl_type_traits' returned '0': AMENT_PREFIX_PATH=/home/fbot/kobuki_base_ros2/install/ecl_mpl:/home/fbot/kobuki_base_ros2/install/ecl_config:${AMENT_PREFIX_PATH} CMAKE_PREFIX_PATH=/home/fbot/kobuki_base_ros2/install/ecl_mpl:/home/fbot/kobuki_base_ros2/install/ecl_config:/opt/ros/humble PATH=/home/fbot/kobuki_base_ros2/install/ecl_config/bin:${PATH} /usr/bin/cmake /home/fbot/kobuki_base_ros2/src/ecl_core/ecl_type_traits -DCMAKE_INSTALL_PREFIX=/home/fbot/kobuki_base_ros2/install/ecl_type_traits
[1.253s] Invoking command in '/home/fbot/kobuki_base_ros2/build/ecl_type_traits': AMENT_PREFIX_PATH=/home/fbot/kobuki_base_ros2/install/ecl_mpl:/home/fbot/kobuki_base_ros2/install/ecl_config:${AMENT_PREFIX_PATH} CMAKE_PREFIX_PATH=/home/fbot/kobuki_base_ros2/install/ecl_mpl:/home/fbot/kobuki_base_ros2/install/ecl_config:/opt/ros/humble PATH=/home/fbot/kobuki_base_ros2/install/ecl_config/bin:${PATH} /usr/bin/cmake --build /home/fbot/kobuki_base_ros2/build/ecl_type_traits -- -j12 -l12
[1.363s] [  8%] [32mBuilding CXX object src/lib/CMakeFiles/ecl_type_traits.dir/numeric_limits.cpp.o[0m
[1.365s] [ 16%] [32mBuilding CXX object gtest/CMakeFiles/gtest.dir/src/gtest-all.cc.o[0m
[1.369s] [ 25%] [32mBuilding CXX object gtest/CMakeFiles/gtest_main.dir/src/gtest_main.cc.o[0m
[1.454s] [ 33%] [32m[1mLinking CXX shared library libecl_type_traits.so[0m
[1.597s] [ 33%] Built target ecl_type_traits
[1.654s] [ 41%] [32mBuilding CXX object src/utils/CMakeFiles/ecl_detect_sizes.dir/detect_sizes.cpp.o[0m
[2.559s] [ 50%] [32m[1mLinking CXX static library libgtest_main.a[0m
[2.590s] [ 58%] [32m[1mLinking CXX executable bin/ecl_detect_sizes[0m
[2.696s] [ 58%] Built target gtest_main
[2.763s] [ 58%] Built target ecl_detect_sizes
[7.720s] [ 66%] [32m[1mLinking CXX static library libgtest.a[0m
[7.788s] [ 66%] Built target gtest
[7.805s] [ 75%] [32mBuilding CXX object src/test/CMakeFiles/test_fundamental_types.dir/fundamental_types.cpp.o[0m
[7.809s] [ 83%] [32mBuilding CXX object src/test/CMakeFiles/test_numeric_limits.dir/numeric_limits.cpp.o[0m
[8.639s] [ 91%] [32m[1mLinking CXX executable test_numeric_limits[0m
[8.682s] [100%] [32m[1mLinking CXX executable test_fundamental_types[0m
[8.885s] [100%] Built target test_numeric_limits
[8.933s] [100%] Built target test_fundamental_types
[8.948s] Invoked command in '/home/fbot/kobuki_base_ros2/build/ecl_type_traits' returned '0': AMENT_PREFIX_PATH=/home/fbot/kobuki_base_ros2/install/ecl_mpl:/home/fbot/kobuki_base_ros2/install/ecl_config:${AMENT_PREFIX_PATH} CMAKE_PREFIX_PATH=/home/fbot/kobuki_base_ros2/install/ecl_mpl:/home/fbot/kobuki_base_ros2/install/ecl_config:/opt/ros/humble PATH=/home/fbot/kobuki_base_ros2/install/ecl_config/bin:${PATH} /usr/bin/cmake --build /home/fbot/kobuki_base_ros2/build/ecl_type_traits -- -j12 -l12
[8.950s] Invoking command in '/home/fbot/kobuki_base_ros2/build/ecl_type_traits': AMENT_PREFIX_PATH=/home/fbot/kobuki_base_ros2/install/ecl_mpl:/home/fbot/kobuki_base_ros2/install/ecl_config:${AMENT_PREFIX_PATH} CMAKE_PREFIX_PATH=/home/fbot/kobuki_base_ros2/install/ecl_mpl:/home/fbot/kobuki_base_ros2/install/ecl_config:/opt/ros/humble PATH=/home/fbot/kobuki_base_ros2/install/ecl_config/bin:${PATH} /usr/bin/cmake --install /home/fbot/kobuki_base_ros2/build/ecl_type_traits
[8.959s] -- Install configuration: ""
[8.959s] -- Installing: /home/fbot/kobuki_base_ros2/install/ecl_type_traits/share/ecl_type_traits/environment/library_path.sh
[8.959s] -- Installing: /home/fbot/kobuki_base_ros2/install/ecl_type_traits/share/ecl_type_traits/environment/library_path.dsv
[8.959s] -- Installing: /home/fbot/kobuki_base_ros2/install/ecl_type_traits/share/ament_index/resource_index/package_run_dependencies/ecl_type_traits
[8.959s] -- Installing: /home/fbot/kobuki_base_ros2/install/ecl_type_traits/share/ament_index/resource_index/parent_prefix_path/ecl_type_traits
[8.960s] -- Installing: /home/fbot/kobuki_base_ros2/install/ecl_type_traits/share/ecl_type_traits/environment/ament_prefix_path.sh
[8.960s] -- Installing: /home/fbot/kobuki_base_ros2/install/ecl_type_traits/share/ecl_type_traits/environment/ament_prefix_path.dsv
[8.960s] -- Installing: /home/fbot/kobuki_base_ros2/install/ecl_type_traits/share/ecl_type_traits/environment/path.sh
[8.960s] -- Installing: /home/fbot/kobuki_base_ros2/install/ecl_type_traits/share/ecl_type_traits/environment/path.dsv
[8.960s] -- Installing: /home/fbot/kobuki_base_ros2/install/ecl_type_traits/share/ecl_type_traits/local_setup.bash
[8.960s] -- Installing: /home/fbot/kobuki_base_ros2/install/ecl_type_traits/share/ecl_type_traits/local_setup.sh
[8.960s] -- Installing: /home/fbot/kobuki_base_ros2/install/ecl_type_traits/share/ecl_type_traits/local_setup.zsh
[8.961s] -- Installing: /home/fbot/kobuki_base_ros2/install/ecl_type_traits/share/ecl_type_traits/local_setup.dsv
[8.961s] -- Installing: /home/fbot/kobuki_base_ros2/install/ecl_type_traits/share/ecl_type_traits/package.dsv
[8.961s] -- Installing: /home/fbot/kobuki_base_ros2/install/ecl_type_traits/share/ament_index/resource_index/packages/ecl_type_traits
[8.961s] -- Installing: /home/fbot/kobuki_base_ros2/install/ecl_type_traits/share/ecl_type_traits/cmake/ecl_type_traitsExport.cmake
[8.961s] -- Installing: /home/fbot/kobuki_base_ros2/install/ecl_type_traits/share/ecl_type_traits/cmake/ecl_type_traitsExport-noconfig.cmake
[8.961s] -- Installing: /home/fbot/kobuki_base_ros2/install/ecl_type_traits/share/ecl_type_traits/cmake/ament_cmake_export_targets-extras.cmake
[8.962s] -- Installing: /home/fbot/kobuki_base_ros2/install/ecl_type_traits/share/ecl_type_traits/cmake/ament_cmake_export_include_directories-extras.cmake
[8.962s] -- Installing: /home/fbot/kobuki_base_ros2/install/ecl_type_traits/share/ecl_type_traits/cmake/ament_cmake_export_libraries-extras.cmake
[8.962s] -- Installing: /home/fbot/kobuki_base_ros2/install/ecl_type_traits/share/ecl_type_traits/cmake/ament_cmake_export_dependencies-extras.cmake
[8.962s] -- Installing: /home/fbot/kobuki_base_ros2/install/ecl_type_traits/share/ecl_type_traits/cmake/ecl_type_traitsConfig.cmake
[8.962s] -- Installing: /home/fbot/kobuki_base_ros2/install/ecl_type_traits/share/ecl_type_traits/cmake/ecl_type_traitsConfig-version.cmake
[8.962s] -- Installing: /home/fbot/kobuki_base_ros2/install/ecl_type_traits/share/ecl_type_traits/package.xml
[8.963s] -- Installing: /home/fbot/kobuki_base_ros2/install/ecl_type_traits/include/ecl/type_traits.hpp
[8.963s] -- Installing: /home/fbot/kobuki_base_ros2/install/ecl_type_traits/include/ecl/type_traits/fundamental_types.hpp
[8.963s] -- Installing: /home/fbot/kobuki_base_ros2/install/ecl_type_traits/include/ecl/type_traits/macros.hpp
[8.963s] -- Installing: /home/fbot/kobuki_base_ros2/install/ecl_type_traits/include/ecl/type_traits/numeric_limits.hpp
[8.964s] -- Installing: /home/fbot/kobuki_base_ros2/install/ecl_type_traits/include/ecl/type_traits/traits.hpp
[8.964s] -- Installing: /home/fbot/kobuki_base_ros2/install/ecl_type_traits/lib/libecl_type_traits.so.1.2.1
[8.964s] -- Installing: /home/fbot/kobuki_base_ros2/install/ecl_type_traits/lib/libecl_type_traits.so
[8.965s] -- Installing: /home/fbot/kobuki_base_ros2/install/ecl_type_traits/bin/ecl_detect_sizes
[8.965s] -- Set runtime path of "/home/fbot/kobuki_base_ros2/install/ecl_type_traits/bin/ecl_detect_sizes" to ""
[8.968s] Invoked command in '/home/fbot/kobuki_base_ros2/build/ecl_type_traits' returned '0': AMENT_PREFIX_PATH=/home/fbot/kobuki_base_ros2/install/ecl_mpl:/home/fbot/kobuki_base_ros2/install/ecl_config:${AMENT_PREFIX_PATH} CMAKE_PREFIX_PATH=/home/fbot/kobuki_base_ros2/install/ecl_mpl:/home/fbot/kobuki_base_ros2/install/ecl_config:/opt/ros/humble PATH=/home/fbot/kobuki_base_ros2/install/ecl_config/bin:${PATH} /usr/bin/cmake --install /home/fbot/kobuki_base_ros2/build/ecl_type_traits
