[0.059s] Invoking command in '/home/fbot/kobuki_base_ros2/build/ecl_io': AMENT_PREFIX_PATH=/home/fbot/kobuki_base_ros2/install/ecl_errors:/home/fbot/kobuki_base_ros2/install/ecl_config:${AMENT_PREFIX_PATH} CMAKE_PREFIX_PATH=/home/fbot/kobuki_base_ros2/install/ecl_errors:/home/fbot/kobuki_base_ros2/install/ecl_config:/opt/ros/humble LD_LIBRARY_PATH=/home/fbot/kobuki_base_ros2/install/ecl_errors/lib:${LD_LIBRARY_PATH} PATH=/home/fbot/kobuki_base_ros2/install/ecl_config/bin:${PATH} /usr/bin/cmake /home/fbot/kobuki_base_ros2/src/ecl_lite/ecl_io -DCMAKE_INSTALL_PREFIX=/home/fbot/kobuki_base_ros2/install/ecl_io
[0.226s] -- The C compiler identification is GNU 11.4.0
[0.379s] -- The CXX compiler identification is GNU 11.4.0
[0.399s] -- Detecting C compiler ABI info
[0.577s] -- Detecting C compiler ABI info - done
[0.594s] -- Check for working C compiler: /usr/bin/cc - skipped
[0.594s] -- Detecting C compile features
[0.595s] -- Detecting C compile features - done
[0.599s] -- Detecting CXX compiler ABI info
[0.811s] -- Detecting CXX compiler ABI info - done
[0.847s] -- Check for working CXX compiler: /usr/bin/c++ - skipped
[0.847s] -- Detecting CXX compile features
[0.851s] -- Detecting CXX compile features - done
[0.858s] -- Found ament_cmake_ros: 0.10.0 (/opt/ros/humble/share/ament_cmake_ros/cmake)
[1.313s] -- Found Python3: /usr/bin/python3 (found version "3.10.12") found components: Interpreter 
[1.461s] -- Found ecl_build: 1.0.3 (/opt/ros/humble/share/ecl_build/cmake)
[1.472s] -- Found ecl_config: 1.2.0 (/home/fbot/kobuki_base_ros2/install/ecl_config/share/ecl_config/cmake)
[1.476s] -- Found ecl_errors: 1.2.0 (/home/fbot/kobuki_base_ros2/install/ecl_errors/share/ecl_errors/cmake)
[1.673s] -- Configuring done
[1.704s] -- Generating done
[1.717s] -- Build files have been written to: /home/fbot/kobuki_base_ros2/build/ecl_io
[1.737s] Invoked command in '/home/fbot/kobuki_base_ros2/build/ecl_io' returned '0': AMENT_PREFIX_PATH=/home/fbot/kobuki_base_ros2/install/ecl_errors:/home/fbot/kobuki_base_ros2/install/ecl_config:${AMENT_PREFIX_PATH} CMAKE_PREFIX_PATH=/home/fbot/kobuki_base_ros2/install/ecl_errors:/home/fbot/kobuki_base_ros2/install/ecl_config:/opt/ros/humble LD_LIBRARY_PATH=/home/fbot/kobuki_base_ros2/install/ecl_errors/lib:${LD_LIBRARY_PATH} PATH=/home/fbot/kobuki_base_ros2/install/ecl_config/bin:${PATH} /usr/bin/cmake /home/fbot/kobuki_base_ros2/src/ecl_lite/ecl_io -DCMAKE_INSTALL_PREFIX=/home/fbot/kobuki_base_ros2/install/ecl_io
[1.742s] Invoking command in '/home/fbot/kobuki_base_ros2/build/ecl_io': AMENT_PREFIX_PATH=/home/fbot/kobuki_base_ros2/install/ecl_errors:/home/fbot/kobuki_base_ros2/install/ecl_config:${AMENT_PREFIX_PATH} CMAKE_PREFIX_PATH=/home/fbot/kobuki_base_ros2/install/ecl_errors:/home/fbot/kobuki_base_ros2/install/ecl_config:/opt/ros/humble LD_LIBRARY_PATH=/home/fbot/kobuki_base_ros2/install/ecl_errors/lib:${LD_LIBRARY_PATH} PATH=/home/fbot/kobuki_base_ros2/install/ecl_config/bin:${PATH} /usr/bin/cmake --build /home/fbot/kobuki_base_ros2/build/ecl_io -- -j12 -l12
[1.875s] [ 10%] [32mBuilding CXX object src/lib/CMakeFiles/ecl_io.dir/poll.cpp.o[0m
[1.885s] [ 20%] [32mBuilding CXX object src/lib/CMakeFiles/ecl_io.dir/socketpair.cpp.o[0m
[1.886s] [ 30%] [32mBuilding CXX object src/lib/CMakeFiles/ecl_io.dir/sockets.cpp.o[0m
[2.629s] [ 40%] [32m[1mLinking CXX shared library libecl_io.so[0m
[2.984s] [ 40%] Built target ecl_io
[3.034s] [ 50%] [32mBuilding CXX object src/examples/CMakeFiles/ecl_io_example_socketpair.dir/socketpair.cpp.o[0m
[3.034s] [ 60%] [32mBuilding CXX object src/examples/CMakeFiles/ecl_io_example_sockets.dir/sockets.cpp.o[0m
[3.041s] [ 70%] [32mBuilding CXX object src/examples/CMakeFiles/ecl_io_example_poll.dir/poll.cpp.o[0m
[3.422s] [ 80%] [32m[1mLinking CXX executable demo_sockets[0m
[3.557s] [ 90%] [32m[1mLinking CXX executable demo_poll[0m
[3.663s] [ 90%] Built target ecl_io_example_sockets
[3.776s] [ 90%] Built target ecl_io_example_poll
[4.047s] [100%] [32m[1mLinking CXX executable demo_socketpair[0m
[4.288s] [100%] Built target ecl_io_example_socketpair
[4.371s] Invoked command in '/home/fbot/kobuki_base_ros2/build/ecl_io' returned '0': AMENT_PREFIX_PATH=/home/fbot/kobuki_base_ros2/install/ecl_errors:/home/fbot/kobuki_base_ros2/install/ecl_config:${AMENT_PREFIX_PATH} CMAKE_PREFIX_PATH=/home/fbot/kobuki_base_ros2/install/ecl_errors:/home/fbot/kobuki_base_ros2/install/ecl_config:/opt/ros/humble LD_LIBRARY_PATH=/home/fbot/kobuki_base_ros2/install/ecl_errors/lib:${LD_LIBRARY_PATH} PATH=/home/fbot/kobuki_base_ros2/install/ecl_config/bin:${PATH} /usr/bin/cmake --build /home/fbot/kobuki_base_ros2/build/ecl_io -- -j12 -l12
[4.376s] Invoking command in '/home/fbot/kobuki_base_ros2/build/ecl_io': AMENT_PREFIX_PATH=/home/fbot/kobuki_base_ros2/install/ecl_errors:/home/fbot/kobuki_base_ros2/install/ecl_config:${AMENT_PREFIX_PATH} CMAKE_PREFIX_PATH=/home/fbot/kobuki_base_ros2/install/ecl_errors:/home/fbot/kobuki_base_ros2/install/ecl_config:/opt/ros/humble LD_LIBRARY_PATH=/home/fbot/kobuki_base_ros2/install/ecl_errors/lib:${LD_LIBRARY_PATH} PATH=/home/fbot/kobuki_base_ros2/install/ecl_config/bin:${PATH} /usr/bin/cmake --install /home/fbot/kobuki_base_ros2/build/ecl_io
[4.394s] -- Install configuration: ""
[4.394s] -- Installing: /home/fbot/kobuki_base_ros2/install/ecl_io/share/ecl_io/environment/library_path.sh
[4.394s] -- Installing: /home/fbot/kobuki_base_ros2/install/ecl_io/share/ecl_io/environment/library_path.dsv
[4.394s] -- Installing: /home/fbot/kobuki_base_ros2/install/ecl_io/share/ament_index/resource_index/package_run_dependencies/ecl_io
[4.395s] -- Installing: /home/fbot/kobuki_base_ros2/install/ecl_io/share/ament_index/resource_index/parent_prefix_path/ecl_io
[4.398s] -- Installing: /home/fbot/kobuki_base_ros2/install/ecl_io/share/ecl_io/environment/ament_prefix_path.sh
[4.398s] -- Installing: /home/fbot/kobuki_base_ros2/install/ecl_io/share/ecl_io/environment/ament_prefix_path.dsv
[4.398s] -- Installing: /home/fbot/kobuki_base_ros2/install/ecl_io/share/ecl_io/environment/path.sh
[4.398s] -- Installing: /home/fbot/kobuki_base_ros2/install/ecl_io/share/ecl_io/environment/path.dsv
[4.398s] -- Installing: /home/fbot/kobuki_base_ros2/install/ecl_io/share/ecl_io/local_setup.bash
[4.398s] -- Installing: /home/fbot/kobuki_base_ros2/install/ecl_io/share/ecl_io/local_setup.sh
[4.399s] -- Installing: /home/fbot/kobuki_base_ros2/install/ecl_io/share/ecl_io/local_setup.zsh
[4.399s] -- Installing: /home/fbot/kobuki_base_ros2/install/ecl_io/share/ecl_io/local_setup.dsv
[4.399s] -- Installing: /home/fbot/kobuki_base_ros2/install/ecl_io/share/ecl_io/package.dsv
[4.399s] -- Installing: /home/fbot/kobuki_base_ros2/install/ecl_io/share/ament_index/resource_index/packages/ecl_io
[4.399s] -- Installing: /home/fbot/kobuki_base_ros2/install/ecl_io/share/ecl_io/cmake/ecl_ioExport.cmake
[4.399s] -- Installing: /home/fbot/kobuki_base_ros2/install/ecl_io/share/ecl_io/cmake/ecl_ioExport-noconfig.cmake
[4.399s] -- Installing: /home/fbot/kobuki_base_ros2/install/ecl_io/share/ecl_io/cmake/ament_cmake_export_targets-extras.cmake
[4.399s] -- Installing: /home/fbot/kobuki_base_ros2/install/ecl_io/share/ecl_io/cmake/ament_cmake_export_include_directories-extras.cmake
[4.399s] -- Installing: /home/fbot/kobuki_base_ros2/install/ecl_io/share/ecl_io/cmake/ament_cmake_export_libraries-extras.cmake
[4.403s] -- Installing: /home/fbot/kobuki_base_ros2/install/ecl_io/share/ecl_io/cmake/ament_cmake_export_dependencies-extras.cmake
[4.403s] -- Installing: /home/fbot/kobuki_base_ros2/install/ecl_io/share/ecl_io/cmake/ecl_ioConfig.cmake
[4.403s] -- Installing: /home/fbot/kobuki_base_ros2/install/ecl_io/share/ecl_io/cmake/ecl_ioConfig-version.cmake
[4.404s] -- Installing: /home/fbot/kobuki_base_ros2/install/ecl_io/share/ecl_io/package.xml
[4.404s] -- Installing: /home/fbot/kobuki_base_ros2/install/ecl_io/include/ecl/io.hpp
[4.404s] -- Installing: /home/fbot/kobuki_base_ros2/install/ecl_io/include/ecl/sockets/macros.hpp
[4.404s] -- Installing: /home/fbot/kobuki_base_ros2/install/ecl_io/include/ecl/sockets/poll.hpp
[4.404s] -- Installing: /home/fbot/kobuki_base_ros2/install/ecl_io/include/ecl/sockets/socketpair.hpp
[4.404s] -- Installing: /home/fbot/kobuki_base_ros2/install/ecl_io/include/ecl/sockets/sockets.hpp
[4.404s] -- Installing: /home/fbot/kobuki_base_ros2/install/ecl_io/lib/libecl_io.so.1.2.0
[4.404s] -- Set runtime path of "/home/fbot/kobuki_base_ros2/install/ecl_io/lib/libecl_io.so.1.2.0" to ""
[4.405s] -- Installing: /home/fbot/kobuki_base_ros2/install/ecl_io/lib/libecl_io.so
[4.405s] -- Installing: /home/fbot/kobuki_base_ros2/install/ecl_io/lib/ecl_io/demo_sockets
[4.408s] -- Set runtime path of "/home/fbot/kobuki_base_ros2/install/ecl_io/lib/ecl_io/demo_sockets" to ""
[4.408s] -- Installing: /home/fbot/kobuki_base_ros2/install/ecl_io/lib/ecl_io/demo_socketpair
[4.408s] -- Set runtime path of "/home/fbot/kobuki_base_ros2/install/ecl_io/lib/ecl_io/demo_socketpair" to ""
[4.408s] -- Installing: /home/fbot/kobuki_base_ros2/install/ecl_io/lib/ecl_io/demo_poll
[4.408s] -- Set runtime path of "/home/fbot/kobuki_base_ros2/install/ecl_io/lib/ecl_io/demo_poll" to ""
[4.412s] Invoked command in '/home/fbot/kobuki_base_ros2/build/ecl_io' returned '0': AMENT_PREFIX_PATH=/home/fbot/kobuki_base_ros2/install/ecl_errors:/home/fbot/kobuki_base_ros2/install/ecl_config:${AMENT_PREFIX_PATH} CMAKE_PREFIX_PATH=/home/fbot/kobuki_base_ros2/install/ecl_errors:/home/fbot/kobuki_base_ros2/install/ecl_config:/opt/ros/humble LD_LIBRARY_PATH=/home/fbot/kobuki_base_ros2/install/ecl_errors/lib:${LD_LIBRARY_PATH} PATH=/home/fbot/kobuki_base_ros2/install/ecl_config/bin:${PATH} /usr/bin/cmake --install /home/fbot/kobuki_base_ros2/build/ecl_io
