[0.021s] Invoking command in '/home/fbot/kobuki_base_ros2/build/ecl_sigslots': AMENT_PREFIX_PATH=/home/fbot/kobuki_base_ros2/install/ecl_threads:/home/fbot/kobuki_base_ros2/install/ecl_utilities:/home/fbot/kobuki_base_ros2/install/ecl_time:/home/fbot/kobuki_base_ros2/install/ecl_time_lite:/home/fbot/kobuki_base_ros2/install/ecl_exceptions:/home/fbot/kobuki_base_ros2/install/ecl_concepts:/home/fbot/kobuki_base_ros2/install/ecl_type_traits:/home/fbot/kobuki_base_ros2/install/ecl_errors:/home/fbot/kobuki_base_ros2/install/ecl_mpl:/home/fbot/kobuki_base_ros2/install/ecl_config:${AMENT_PREFIX_PATH} CMAKE_PREFIX_PATH=/home/fbot/kobuki_base_ros2/install/ecl_threads:/home/fbot/kobuki_base_ros2/install/ecl_utilities:/home/fbot/kobuki_base_ros2/install/ecl_time:/home/fbot/kobuki_base_ros2/install/ecl_time_lite:/home/fbot/kobuki_base_ros2/install/ecl_exceptions:/home/fbot/kobuki_base_ros2/install/ecl_concepts:/home/fbot/kobuki_base_ros2/install/ecl_type_traits:/home/fbot/kobuki_base_ros2/install/ecl_errors:/home/fbot/kobuki_base_ros2/install/ecl_mpl:/home/fbot/kobuki_base_ros2/install/ecl_config:/opt/ros/humble LD_LIBRARY_PATH=/home/fbot/kobuki_base_ros2/install/ecl_threads/lib:/home/fbot/kobuki_base_ros2/install/ecl_time/lib:/home/fbot/kobuki_base_ros2/install/ecl_time_lite/lib:/home/fbot/kobuki_base_ros2/install/ecl_exceptions/lib:/home/fbot/kobuki_base_ros2/install/ecl_type_traits/lib:/home/fbot/kobuki_base_ros2/install/ecl_errors/lib:${LD_LIBRARY_PATH} PATH=/home/fbot/kobuki_base_ros2/install/ecl_type_traits/bin:/home/fbot/kobuki_base_ros2/install/ecl_config/bin:${PATH} /usr/bin/cmake --build /home/fbot/kobuki_base_ros2/build/ecl_sigslots -- -j12 -l12
[0.060s] [35m[1mConsolidate compiler generated dependencies of target ecl_demo_sigslots[0m
[0.060s] [35m[1mConsolidate compiler generated dependencies of target gtest[0m
[0.060s] [35m[1mConsolidate compiler generated dependencies of target ecl_demo_sigslots_manager[0m
[0.060s] [35m[1mConsolidate compiler generated dependencies of target gtest_main[0m
[0.070s] [ 20%] Built target gtest
[0.071s] [ 40%] Built target ecl_demo_sigslots
[0.072s] [ 60%] Built target ecl_demo_sigslots_manager
[0.073s] [ 80%] Built target gtest_main
[0.084s] [35m[1mConsolidate compiler generated dependencies of target ecl_test_sigslots[0m
[0.092s] [100%] Built target ecl_test_sigslots
[0.122s] Invoked command in '/home/fbot/kobuki_base_ros2/build/ecl_sigslots' returned '0': AMENT_PREFIX_PATH=/home/fbot/kobuki_base_ros2/install/ecl_threads:/home/fbot/kobuki_base_ros2/install/ecl_utilities:/home/fbot/kobuki_base_ros2/install/ecl_time:/home/fbot/kobuki_base_ros2/install/ecl_time_lite:/home/fbot/kobuki_base_ros2/install/ecl_exceptions:/home/fbot/kobuki_base_ros2/install/ecl_concepts:/home/fbot/kobuki_base_ros2/install/ecl_type_traits:/home/fbot/kobuki_base_ros2/install/ecl_errors:/home/fbot/kobuki_base_ros2/install/ecl_mpl:/home/fbot/kobuki_base_ros2/install/ecl_config:${AMENT_PREFIX_PATH} CMAKE_PREFIX_PATH=/home/fbot/kobuki_base_ros2/install/ecl_threads:/home/fbot/kobuki_base_ros2/install/ecl_utilities:/home/fbot/kobuki_base_ros2/install/ecl_time:/home/fbot/kobuki_base_ros2/install/ecl_time_lite:/home/fbot/kobuki_base_ros2/install/ecl_exceptions:/home/fbot/kobuki_base_ros2/install/ecl_concepts:/home/fbot/kobuki_base_ros2/install/ecl_type_traits:/home/fbot/kobuki_base_ros2/install/ecl_errors:/home/fbot/kobuki_base_ros2/install/ecl_mpl:/home/fbot/kobuki_base_ros2/install/ecl_config:/opt/ros/humble LD_LIBRARY_PATH=/home/fbot/kobuki_base_ros2/install/ecl_threads/lib:/home/fbot/kobuki_base_ros2/install/ecl_time/lib:/home/fbot/kobuki_base_ros2/install/ecl_time_lite/lib:/home/fbot/kobuki_base_ros2/install/ecl_exceptions/lib:/home/fbot/kobuki_base_ros2/install/ecl_type_traits/lib:/home/fbot/kobuki_base_ros2/install/ecl_errors/lib:${LD_LIBRARY_PATH} PATH=/home/fbot/kobuki_base_ros2/install/ecl_type_traits/bin:/home/fbot/kobuki_base_ros2/install/ecl_config/bin:${PATH} /usr/bin/cmake --build /home/fbot/kobuki_base_ros2/build/ecl_sigslots -- -j12 -l12
[0.124s] Invoking command in '/home/fbot/kobuki_base_ros2/build/ecl_sigslots': AMENT_PREFIX_PATH=/home/fbot/kobuki_base_ros2/install/ecl_threads:/home/fbot/kobuki_base_ros2/install/ecl_utilities:/home/fbot/kobuki_base_ros2/install/ecl_time:/home/fbot/kobuki_base_ros2/install/ecl_time_lite:/home/fbot/kobuki_base_ros2/install/ecl_exceptions:/home/fbot/kobuki_base_ros2/install/ecl_concepts:/home/fbot/kobuki_base_ros2/install/ecl_type_traits:/home/fbot/kobuki_base_ros2/install/ecl_errors:/home/fbot/kobuki_base_ros2/install/ecl_mpl:/home/fbot/kobuki_base_ros2/install/ecl_config:${AMENT_PREFIX_PATH} CMAKE_PREFIX_PATH=/home/fbot/kobuki_base_ros2/install/ecl_threads:/home/fbot/kobuki_base_ros2/install/ecl_utilities:/home/fbot/kobuki_base_ros2/install/ecl_time:/home/fbot/kobuki_base_ros2/install/ecl_time_lite:/home/fbot/kobuki_base_ros2/install/ecl_exceptions:/home/fbot/kobuki_base_ros2/install/ecl_concepts:/home/fbot/kobuki_base_ros2/install/ecl_type_traits:/home/fbot/kobuki_base_ros2/install/ecl_errors:/home/fbot/kobuki_base_ros2/install/ecl_mpl:/home/fbot/kobuki_base_ros2/install/ecl_config:/opt/ros/humble LD_LIBRARY_PATH=/home/fbot/kobuki_base_ros2/install/ecl_threads/lib:/home/fbot/kobuki_base_ros2/install/ecl_time/lib:/home/fbot/kobuki_base_ros2/install/ecl_time_lite/lib:/home/fbot/kobuki_base_ros2/install/ecl_exceptions/lib:/home/fbot/kobuki_base_ros2/install/ecl_type_traits/lib:/home/fbot/kobuki_base_ros2/install/ecl_errors/lib:${LD_LIBRARY_PATH} PATH=/home/fbot/kobuki_base_ros2/install/ecl_type_traits/bin:/home/fbot/kobuki_base_ros2/install/ecl_config/bin:${PATH} /usr/bin/cmake --install /home/fbot/kobuki_base_ros2/build/ecl_sigslots
[0.130s] -- Install configuration: ""
[0.130s] -- Up-to-date: /home/fbot/kobuki_base_ros2/install/ecl_sigslots/share/ament_index/resource_index/package_run_dependencies/ecl_sigslots
[0.131s] -- Up-to-date: /home/fbot/kobuki_base_ros2/install/ecl_sigslots/share/ament_index/resource_index/parent_prefix_path/ecl_sigslots
[0.131s] -- Up-to-date: /home/fbot/kobuki_base_ros2/install/ecl_sigslots/share/ecl_sigslots/environment/ament_prefix_path.sh
[0.131s] -- Up-to-date: /home/fbot/kobuki_base_ros2/install/ecl_sigslots/share/ecl_sigslots/environment/ament_prefix_path.dsv
[0.131s] -- Up-to-date: /home/fbot/kobuki_base_ros2/install/ecl_sigslots/share/ecl_sigslots/environment/path.sh
[0.131s] -- Up-to-date: /home/fbot/kobuki_base_ros2/install/ecl_sigslots/share/ecl_sigslots/environment/path.dsv
[0.131s] -- Up-to-date: /home/fbot/kobuki_base_ros2/install/ecl_sigslots/share/ecl_sigslots/local_setup.bash
[0.131s] -- Up-to-date: /home/fbot/kobuki_base_ros2/install/ecl_sigslots/share/ecl_sigslots/local_setup.sh
[0.131s] -- Up-to-date: /home/fbot/kobuki_base_ros2/install/ecl_sigslots/share/ecl_sigslots/local_setup.zsh
[0.131s] -- Up-to-date: /home/fbot/kobuki_base_ros2/install/ecl_sigslots/share/ecl_sigslots/local_setup.dsv
[0.131s] -- Installing: /home/fbot/kobuki_base_ros2/install/ecl_sigslots/share/ecl_sigslots/package.dsv
[0.131s] -- Up-to-date: /home/fbot/kobuki_base_ros2/install/ecl_sigslots/share/ament_index/resource_index/packages/ecl_sigslots
[0.131s] -- Up-to-date: /home/fbot/kobuki_base_ros2/install/ecl_sigslots/share/ecl_sigslots/cmake/ecl_sigslotsExport.cmake
[0.132s] -- Up-to-date: /home/fbot/kobuki_base_ros2/install/ecl_sigslots/share/ecl_sigslots/cmake/ament_cmake_export_targets-extras.cmake
[0.132s] -- Up-to-date: /home/fbot/kobuki_base_ros2/install/ecl_sigslots/share/ecl_sigslots/cmake/ament_cmake_export_include_directories-extras.cmake
[0.132s] -- Up-to-date: /home/fbot/kobuki_base_ros2/install/ecl_sigslots/share/ecl_sigslots/cmake/ament_cmake_export_dependencies-extras.cmake
[0.132s] -- Up-to-date: /home/fbot/kobuki_base_ros2/install/ecl_sigslots/share/ecl_sigslots/cmake/ecl_sigslotsConfig.cmake
[0.132s] -- Up-to-date: /home/fbot/kobuki_base_ros2/install/ecl_sigslots/share/ecl_sigslots/cmake/ecl_sigslotsConfig-version.cmake
[0.132s] -- Up-to-date: /home/fbot/kobuki_base_ros2/install/ecl_sigslots/share/ecl_sigslots/package.xml
[0.132s] -- Up-to-date: /home/fbot/kobuki_base_ros2/install/ecl_sigslots/include/ecl/sigslots.hpp
[0.132s] -- Up-to-date: /home/fbot/kobuki_base_ros2/install/ecl_sigslots/include/ecl/sigslots/macros.hpp
[0.133s] -- Up-to-date: /home/fbot/kobuki_base_ros2/install/ecl_sigslots/include/ecl/sigslots/manager.hpp
[0.133s] -- Up-to-date: /home/fbot/kobuki_base_ros2/install/ecl_sigslots/include/ecl/sigslots/signal.hpp
[0.133s] -- Up-to-date: /home/fbot/kobuki_base_ros2/install/ecl_sigslots/include/ecl/sigslots/sigslot.hpp
[0.133s] -- Up-to-date: /home/fbot/kobuki_base_ros2/install/ecl_sigslots/include/ecl/sigslots/slot.hpp
[0.133s] -- Up-to-date: /home/fbot/kobuki_base_ros2/install/ecl_sigslots/include/ecl/sigslots/topic.hpp
[0.133s] -- Up-to-date: /home/fbot/kobuki_base_ros2/install/ecl_sigslots/lib/ecl_sigslots/demo_sigslots
[0.133s] -- Up-to-date: /home/fbot/kobuki_base_ros2/install/ecl_sigslots/lib/ecl_sigslots/demo_sigslots_manager
[0.141s] Invoked command in '/home/fbot/kobuki_base_ros2/build/ecl_sigslots' returned '0': AMENT_PREFIX_PATH=/home/fbot/kobuki_base_ros2/install/ecl_threads:/home/fbot/kobuki_base_ros2/install/ecl_utilities:/home/fbot/kobuki_base_ros2/install/ecl_time:/home/fbot/kobuki_base_ros2/install/ecl_time_lite:/home/fbot/kobuki_base_ros2/install/ecl_exceptions:/home/fbot/kobuki_base_ros2/install/ecl_concepts:/home/fbot/kobuki_base_ros2/install/ecl_type_traits:/home/fbot/kobuki_base_ros2/install/ecl_errors:/home/fbot/kobuki_base_ros2/install/ecl_mpl:/home/fbot/kobuki_base_ros2/install/ecl_config:${AMENT_PREFIX_PATH} CMAKE_PREFIX_PATH=/home/fbot/kobuki_base_ros2/install/ecl_threads:/home/fbot/kobuki_base_ros2/install/ecl_utilities:/home/fbot/kobuki_base_ros2/install/ecl_time:/home/fbot/kobuki_base_ros2/install/ecl_time_lite:/home/fbot/kobuki_base_ros2/install/ecl_exceptions:/home/fbot/kobuki_base_ros2/install/ecl_concepts:/home/fbot/kobuki_base_ros2/install/ecl_type_traits:/home/fbot/kobuki_base_ros2/install/ecl_errors:/home/fbot/kobuki_base_ros2/install/ecl_mpl:/home/fbot/kobuki_base_ros2/install/ecl_config:/opt/ros/humble LD_LIBRARY_PATH=/home/fbot/kobuki_base_ros2/install/ecl_threads/lib:/home/fbot/kobuki_base_ros2/install/ecl_time/lib:/home/fbot/kobuki_base_ros2/install/ecl_time_lite/lib:/home/fbot/kobuki_base_ros2/install/ecl_exceptions/lib:/home/fbot/kobuki_base_ros2/install/ecl_type_traits/lib:/home/fbot/kobuki_base_ros2/install/ecl_errors/lib:${LD_LIBRARY_PATH} PATH=/home/fbot/kobuki_base_ros2/install/ecl_type_traits/bin:/home/fbot/kobuki_base_ros2/install/ecl_config/bin:${PATH} /usr/bin/cmake --install /home/fbot/kobuki_base_ros2/build/ecl_sigslots
