[35m[1mConsolidate compiler generated dependencies of target ecl_bench_containers[0m
[35m[1mConsolidate compiler generated dependencies of target ecl_bench_files[0m
[35m[1mConsolidate compiler generated dependencies of target ecl_bench_snooze[0m
[35m[1mConsolidate compiler generated dependencies of target ecl_bench_flops[0m
[35m[1mConsolidate compiler generated dependencies of target ecl_bench_eigen3_decompositions[0m
[35m[1mConsolidate compiler generated dependencies of target ecl_bench_streams[0m
[35m[1mConsolidate compiler generated dependencies of target ecl_bench_string_conversions[0m
[35m[1mConsolidate compiler generated dependencies of target ecl_bench_eigen3_transforms[0m
[35m[1mConsolidate compiler generated dependencies of target ecl_hex[0m
[35m[1mConsolidate compiler generated dependencies of target ecl_bench_exceptions[0m
[35m[1mConsolidate compiler generated dependencies of target ecl_bench_eigen3_inverse[0m
[35m[1mConsolidate compiler generated dependencies of target ecl_serial[0m
[ 23%] Built target ecl_bench_containers
[ 23%] Built target ecl_bench_files
[ 23%] Built target ecl_bench_flops
[ 23%] Built target ecl_bench_snooze
[ 29%] Built target ecl_bench_string_conversions
[ 35%] Built target ecl_bench_streams
[ 47%] Built target ecl_bench_eigen3_decompositions
[ 47%] Built target ecl_bench_eigen3_transforms
[ 58%] Built target ecl_bench_exceptions
[ 58%] Built target ecl_hex
[35m[1mConsolidate compiler generated dependencies of target ecl_socket_client[0m
[35m[1mConsolidate compiler generated dependencies of target ecl_socket_server[0m
[ 64%] Built target ecl_bench_eigen3_inverse
[35m[1mConsolidate compiler generated dependencies of target ecl_process_statistics[0m
[35m[1mConsolidate compiler generated dependencies of target ecl_quaternion2yaw[0m
[ 70%] Built target ecl_serial
[35m[1mConsolidate compiler generated dependencies of target ecl_yaw2quaternion[0m
[ 82%] Built target ecl_socket_client
[ 82%] Built target ecl_process_statistics
[ 88%] Built target ecl_socket_server
[100%] Built target ecl_quaternion2yaw
[100%] Built target ecl_yaw2quaternion
-- Install configuration: ""
-- Up-to-date: /home/fbot/kobuki_base_ros2/install/ecl_core_apps/share/ament_index/resource_index/package_run_dependencies/ecl_core_apps
-- Up-to-date: /home/fbot/kobuki_base_ros2/install/ecl_core_apps/share/ament_index/resource_index/parent_prefix_path/ecl_core_apps
-- Up-to-date: /home/fbot/kobuki_base_ros2/install/ecl_core_apps/share/ecl_core_apps/environment/ament_prefix_path.sh
-- Up-to-date: /home/fbot/kobuki_base_ros2/install/ecl_core_apps/share/ecl_core_apps/environment/ament_prefix_path.dsv
-- Up-to-date: /home/fbot/kobuki_base_ros2/install/ecl_core_apps/share/ecl_core_apps/environment/path.sh
-- Up-to-date: /home/fbot/kobuki_base_ros2/install/ecl_core_apps/share/ecl_core_apps/environment/path.dsv
-- Up-to-date: /home/fbot/kobuki_base_ros2/install/ecl_core_apps/share/ecl_core_apps/local_setup.bash
-- Up-to-date: /home/fbot/kobuki_base_ros2/install/ecl_core_apps/share/ecl_core_apps/local_setup.sh
-- Up-to-date: /home/fbot/kobuki_base_ros2/install/ecl_core_apps/share/ecl_core_apps/local_setup.zsh
-- Up-to-date: /home/fbot/kobuki_base_ros2/install/ecl_core_apps/share/ecl_core_apps/local_setup.dsv
-- Installing: /home/fbot/kobuki_base_ros2/install/ecl_core_apps/share/ecl_core_apps/package.dsv
-- Up-to-date: /home/fbot/kobuki_base_ros2/install/ecl_core_apps/share/ament_index/resource_index/packages/ecl_core_apps
-- Up-to-date: /home/fbot/kobuki_base_ros2/install/ecl_core_apps/share/ecl_core_apps/cmake/ecl_core_appsConfig.cmake
-- Up-to-date: /home/fbot/kobuki_base_ros2/install/ecl_core_apps/share/ecl_core_apps/cmake/ecl_core_appsConfig-version.cmake
-- Up-to-date: /home/fbot/kobuki_base_ros2/install/ecl_core_apps/share/ecl_core_apps/package.xml
-- Up-to-date: /home/fbot/kobuki_base_ros2/install/ecl_core_apps/bin/ecl_bench_containers
-- Up-to-date: /home/fbot/kobuki_base_ros2/install/ecl_core_apps/bin/ecl_bench_files
-- Up-to-date: /home/fbot/kobuki_base_ros2/install/ecl_core_apps/bin/ecl_bench_flops
-- Up-to-date: /home/fbot/kobuki_base_ros2/install/ecl_core_apps/bin/ecl_bench_exceptions
-- Up-to-date: /home/fbot/kobuki_base_ros2/install/ecl_core_apps/bin/ecl_bench_snooze
-- Up-to-date: /home/fbot/kobuki_base_ros2/install/ecl_core_apps/bin/ecl_bench_streams
-- Up-to-date: /home/fbot/kobuki_base_ros2/install/ecl_core_apps/bin/ecl_bench_string_conversions
-- Up-to-date: /home/fbot/kobuki_base_ros2/install/ecl_core_apps/bin/ecl_bench_eigen3_inverse
-- Up-to-date: /home/fbot/kobuki_base_ros2/install/ecl_core_apps/bin/ecl_bench_eigen3_decompositions
-- Up-to-date: /home/fbot/kobuki_base_ros2/install/ecl_core_apps/bin/ecl_bench_eigen3_transforms
-- Up-to-date: /home/fbot/kobuki_base_ros2/install/ecl_core_apps/lib/ecl_core_apps/ecl_hex
-- Up-to-date: /home/fbot/kobuki_base_ros2/install/ecl_core_apps/lib/ecl_core_apps/ecl_serial
-- Up-to-date: /home/fbot/kobuki_base_ros2/install/ecl_core_apps/lib/ecl_core_apps/ecl_socket_client
-- Up-to-date: /home/fbot/kobuki_base_ros2/install/ecl_core_apps/lib/ecl_core_apps/ecl_socket_server
-- Up-to-date: /home/fbot/kobuki_base_ros2/install/ecl_core_apps/bin/ecl_process_statistics
-- Up-to-date: /home/fbot/kobuki_base_ros2/install/ecl_core_apps/bin/ecl_quaternion2yaw
-- Up-to-date: /home/fbot/kobuki_base_ros2/install/ecl_core_apps/bin/ecl_yaw2quaternion
