[0.045s] Invoking command in '/home/fbot/kobuki_base_ros2/build/ecl_core_apps': AMENT_PREFIX_PATH=/home/fbot/kobuki_base_ros2/install/ecl_streams:/home/fbot/kobuki_base_ros2/install/ecl_geometry:/home/fbot/kobuki_base_ros2/install/ecl_devices:/home/fbot/kobuki_base_ros2/install/ecl_sigslots:/home/fbot/kobuki_base_ros2/install/ecl_linear_algebra:/home/fbot/kobuki_base_ros2/install/ecl_ipc:/home/fbot/kobuki_base_ros2/install/ecl_containers:/home/fbot/kobuki_base_ros2/install/ecl_threads:/home/fbot/kobuki_base_ros2/install/ecl_formatters:/home/fbot/kobuki_base_ros2/install/ecl_utilities:/home/fbot/kobuki_base_ros2/install/ecl_time:/home/fbot/kobuki_base_ros2/install/ecl_converters:/home/fbot/kobuki_base_ros2/install/ecl_time_lite:/home/fbot/kobuki_base_ros2/install/ecl_math:/home/fbot/kobuki_base_ros2/install/ecl_exceptions:/home/fbot/kobuki_base_ros2/install/ecl_concepts:/home/fbot/kobuki_base_ros2/install/ecl_type_traits:/home/fbot/kobuki_base_ros2/install/ecl_errors:/home/fbot/kobuki_base_ros2/install/ecl_mpl:/home/fbot/kobuki_base_ros2/install/ecl_eigen:/home/fbot/kobuki_base_ros2/install/ecl_config:/home/fbot/kobuki_base_ros2/install/ecl_command_line:${AMENT_PREFIX_PATH} CMAKE_PREFIX_PATH=/home/fbot/kobuki_base_ros2/install/ecl_streams:/home/fbot/kobuki_base_ros2/install/ecl_geometry:/home/fbot/kobuki_base_ros2/install/ecl_devices:/home/fbot/kobuki_base_ros2/install/ecl_sigslots:/home/fbot/kobuki_base_ros2/install/ecl_linear_algebra:/home/fbot/kobuki_base_ros2/install/ecl_ipc:/home/fbot/kobuki_base_ros2/install/ecl_containers:/home/fbot/kobuki_base_ros2/install/ecl_threads:/home/fbot/kobuki_base_ros2/install/ecl_formatters:/home/fbot/kobuki_base_ros2/install/ecl_utilities:/home/fbot/kobuki_base_ros2/install/ecl_time:/home/fbot/kobuki_base_ros2/install/ecl_converters:/home/fbot/kobuki_base_ros2/install/ecl_time_lite:/home/fbot/kobuki_base_ros2/install/ecl_math:/home/fbot/kobuki_base_ros2/install/ecl_exceptions:/home/fbot/kobuki_base_ros2/install/ecl_concepts:/home/fbot/kobuki_base_ros2/install/ecl_type_traits:/home/fbot/kobuki_base_ros2/install/ecl_errors:/home/fbot/kobuki_base_ros2/install/ecl_mpl:/home/fbot/kobuki_base_ros2/install/ecl_eigen:/home/fbot/kobuki_base_ros2/install/ecl_config:/home/fbot/kobuki_base_ros2/install/ecl_command_line:/opt/ros/humble LD_LIBRARY_PATH=/home/fbot/kobuki_base_ros2/install/ecl_streams/lib:/home/fbot/kobuki_base_ros2/install/ecl_geometry/lib:/home/fbot/kobuki_base_ros2/install/ecl_devices/lib:/home/fbot/kobuki_base_ros2/install/ecl_linear_algebra/lib:/home/fbot/kobuki_base_ros2/install/ecl_ipc/lib:/home/fbot/kobuki_base_ros2/install/ecl_threads/lib:/home/fbot/kobuki_base_ros2/install/ecl_formatters/lib:/home/fbot/kobuki_base_ros2/install/ecl_time/lib:/home/fbot/kobuki_base_ros2/install/ecl_time_lite/lib:/home/fbot/kobuki_base_ros2/install/ecl_exceptions/lib:/home/fbot/kobuki_base_ros2/install/ecl_type_traits/lib:/home/fbot/kobuki_base_ros2/install/ecl_errors/lib:${LD_LIBRARY_PATH} PATH=/home/fbot/kobuki_base_ros2/install/ecl_type_traits/bin:/home/fbot/kobuki_base_ros2/install/ecl_config/bin:${PATH} /usr/bin/cmake --build /home/fbot/kobuki_base_ros2/build/ecl_core_apps -- -j12 -l12
[0.081s] [35m[1mConsolidate compiler generated dependencies of target ecl_bench_containers[0m
[0.082s] [35m[1mConsolidate compiler generated dependencies of target ecl_bench_files[0m
[0.082s] [35m[1mConsolidate compiler generated dependencies of target ecl_bench_snooze[0m
[0.082s] [35m[1mConsolidate compiler generated dependencies of target ecl_bench_flops[0m
[0.082s] [35m[1mConsolidate compiler generated dependencies of target ecl_bench_eigen3_decompositions[0m
[0.082s] [35m[1mConsolidate compiler generated dependencies of target ecl_bench_streams[0m
[0.082s] [35m[1mConsolidate compiler generated dependencies of target ecl_bench_string_conversions[0m
[0.082s] [35m[1mConsolidate compiler generated dependencies of target ecl_bench_eigen3_transforms[0m
[0.082s] [35m[1mConsolidate compiler generated dependencies of target ecl_hex[0m
[0.085s] [35m[1mConsolidate compiler generated dependencies of target ecl_bench_exceptions[0m
[0.086s] [35m[1mConsolidate compiler generated dependencies of target ecl_bench_eigen3_inverse[0m
[0.090s] [35m[1mConsolidate compiler generated dependencies of target ecl_serial[0m
[0.098s] [ 23%] Built target ecl_bench_containers
[0.098s] [ 23%] Built target ecl_bench_files
[0.098s] [ 23%] Built target ecl_bench_flops
[0.098s] [ 23%] Built target ecl_bench_snooze
[0.098s] [ 29%] Built target ecl_bench_string_conversions
[0.098s] [ 35%] Built target ecl_bench_streams
[0.101s] [ 47%] Built target ecl_bench_eigen3_decompositions
[0.101s] [ 47%] Built target ecl_bench_eigen3_transforms
[0.106s] [ 58%] Built target ecl_bench_exceptions
[0.106s] [ 58%] Built target ecl_hex
[0.107s] [35m[1mConsolidate compiler generated dependencies of target ecl_socket_client[0m
[0.108s] [35m[1mConsolidate compiler generated dependencies of target ecl_socket_server[0m
[0.108s] [ 64%] Built target ecl_bench_eigen3_inverse
[0.109s] [35m[1mConsolidate compiler generated dependencies of target ecl_process_statistics[0m
[0.110s] [35m[1mConsolidate compiler generated dependencies of target ecl_quaternion2yaw[0m
[0.111s] [ 70%] Built target ecl_serial
[0.111s] [35m[1mConsolidate compiler generated dependencies of target ecl_yaw2quaternion[0m
[0.118s] [ 82%] Built target ecl_socket_client
[0.118s] [ 82%] Built target ecl_process_statistics
[0.119s] [ 88%] Built target ecl_socket_server
[0.124s] [100%] Built target ecl_quaternion2yaw
[0.124s] [100%] Built target ecl_yaw2quaternion
[0.133s] Invoked command in '/home/fbot/kobuki_base_ros2/build/ecl_core_apps' returned '0': AMENT_PREFIX_PATH=/home/fbot/kobuki_base_ros2/install/ecl_streams:/home/fbot/kobuki_base_ros2/install/ecl_geometry:/home/fbot/kobuki_base_ros2/install/ecl_devices:/home/fbot/kobuki_base_ros2/install/ecl_sigslots:/home/fbot/kobuki_base_ros2/install/ecl_linear_algebra:/home/fbot/kobuki_base_ros2/install/ecl_ipc:/home/fbot/kobuki_base_ros2/install/ecl_containers:/home/fbot/kobuki_base_ros2/install/ecl_threads:/home/fbot/kobuki_base_ros2/install/ecl_formatters:/home/fbot/kobuki_base_ros2/install/ecl_utilities:/home/fbot/kobuki_base_ros2/install/ecl_time:/home/fbot/kobuki_base_ros2/install/ecl_converters:/home/fbot/kobuki_base_ros2/install/ecl_time_lite:/home/fbot/kobuki_base_ros2/install/ecl_math:/home/fbot/kobuki_base_ros2/install/ecl_exceptions:/home/fbot/kobuki_base_ros2/install/ecl_concepts:/home/fbot/kobuki_base_ros2/install/ecl_type_traits:/home/fbot/kobuki_base_ros2/install/ecl_errors:/home/fbot/kobuki_base_ros2/install/ecl_mpl:/home/fbot/kobuki_base_ros2/install/ecl_eigen:/home/fbot/kobuki_base_ros2/install/ecl_config:/home/fbot/kobuki_base_ros2/install/ecl_command_line:${AMENT_PREFIX_PATH} CMAKE_PREFIX_PATH=/home/fbot/kobuki_base_ros2/install/ecl_streams:/home/fbot/kobuki_base_ros2/install/ecl_geometry:/home/fbot/kobuki_base_ros2/install/ecl_devices:/home/fbot/kobuki_base_ros2/install/ecl_sigslots:/home/fbot/kobuki_base_ros2/install/ecl_linear_algebra:/home/fbot/kobuki_base_ros2/install/ecl_ipc:/home/fbot/kobuki_base_ros2/install/ecl_containers:/home/fbot/kobuki_base_ros2/install/ecl_threads:/home/fbot/kobuki_base_ros2/install/ecl_formatters:/home/fbot/kobuki_base_ros2/install/ecl_utilities:/home/fbot/kobuki_base_ros2/install/ecl_time:/home/fbot/kobuki_base_ros2/install/ecl_converters:/home/fbot/kobuki_base_ros2/install/ecl_time_lite:/home/fbot/kobuki_base_ros2/install/ecl_math:/home/fbot/kobuki_base_ros2/install/ecl_exceptions:/home/fbot/kobuki_base_ros2/install/ecl_concepts:/home/fbot/kobuki_base_ros2/install/ecl_type_traits:/home/fbot/kobuki_base_ros2/install/ecl_errors:/home/fbot/kobuki_base_ros2/install/ecl_mpl:/home/fbot/kobuki_base_ros2/install/ecl_eigen:/home/fbot/kobuki_base_ros2/install/ecl_config:/home/fbot/kobuki_base_ros2/install/ecl_command_line:/opt/ros/humble LD_LIBRARY_PATH=/home/fbot/kobuki_base_ros2/install/ecl_streams/lib:/home/fbot/kobuki_base_ros2/install/ecl_geometry/lib:/home/fbot/kobuki_base_ros2/install/ecl_devices/lib:/home/fbot/kobuki_base_ros2/install/ecl_linear_algebra/lib:/home/fbot/kobuki_base_ros2/install/ecl_ipc/lib:/home/fbot/kobuki_base_ros2/install/ecl_threads/lib:/home/fbot/kobuki_base_ros2/install/ecl_formatters/lib:/home/fbot/kobuki_base_ros2/install/ecl_time/lib:/home/fbot/kobuki_base_ros2/install/ecl_time_lite/lib:/home/fbot/kobuki_base_ros2/install/ecl_exceptions/lib:/home/fbot/kobuki_base_ros2/install/ecl_type_traits/lib:/home/fbot/kobuki_base_ros2/install/ecl_errors/lib:${LD_LIBRARY_PATH} PATH=/home/fbot/kobuki_base_ros2/install/ecl_type_traits/bin:/home/fbot/kobuki_base_ros2/install/ecl_config/bin:${PATH} /usr/bin/cmake --build /home/fbot/kobuki_base_ros2/build/ecl_core_apps -- -j12 -l12
[0.134s] Invoking command in '/home/fbot/kobuki_base_ros2/build/ecl_core_apps': AMENT_PREFIX_PATH=/home/fbot/kobuki_base_ros2/install/ecl_streams:/home/fbot/kobuki_base_ros2/install/ecl_geometry:/home/fbot/kobuki_base_ros2/install/ecl_devices:/home/fbot/kobuki_base_ros2/install/ecl_sigslots:/home/fbot/kobuki_base_ros2/install/ecl_linear_algebra:/home/fbot/kobuki_base_ros2/install/ecl_ipc:/home/fbot/kobuki_base_ros2/install/ecl_containers:/home/fbot/kobuki_base_ros2/install/ecl_threads:/home/fbot/kobuki_base_ros2/install/ecl_formatters:/home/fbot/kobuki_base_ros2/install/ecl_utilities:/home/fbot/kobuki_base_ros2/install/ecl_time:/home/fbot/kobuki_base_ros2/install/ecl_converters:/home/fbot/kobuki_base_ros2/install/ecl_time_lite:/home/fbot/kobuki_base_ros2/install/ecl_math:/home/fbot/kobuki_base_ros2/install/ecl_exceptions:/home/fbot/kobuki_base_ros2/install/ecl_concepts:/home/fbot/kobuki_base_ros2/install/ecl_type_traits:/home/fbot/kobuki_base_ros2/install/ecl_errors:/home/fbot/kobuki_base_ros2/install/ecl_mpl:/home/fbot/kobuki_base_ros2/install/ecl_eigen:/home/fbot/kobuki_base_ros2/install/ecl_config:/home/fbot/kobuki_base_ros2/install/ecl_command_line:${AMENT_PREFIX_PATH} CMAKE_PREFIX_PATH=/home/fbot/kobuki_base_ros2/install/ecl_streams:/home/fbot/kobuki_base_ros2/install/ecl_geometry:/home/fbot/kobuki_base_ros2/install/ecl_devices:/home/fbot/kobuki_base_ros2/install/ecl_sigslots:/home/fbot/kobuki_base_ros2/install/ecl_linear_algebra:/home/fbot/kobuki_base_ros2/install/ecl_ipc:/home/fbot/kobuki_base_ros2/install/ecl_containers:/home/fbot/kobuki_base_ros2/install/ecl_threads:/home/fbot/kobuki_base_ros2/install/ecl_formatters:/home/fbot/kobuki_base_ros2/install/ecl_utilities:/home/fbot/kobuki_base_ros2/install/ecl_time:/home/fbot/kobuki_base_ros2/install/ecl_converters:/home/fbot/kobuki_base_ros2/install/ecl_time_lite:/home/fbot/kobuki_base_ros2/install/ecl_math:/home/fbot/kobuki_base_ros2/install/ecl_exceptions:/home/fbot/kobuki_base_ros2/install/ecl_concepts:/home/fbot/kobuki_base_ros2/install/ecl_type_traits:/home/fbot/kobuki_base_ros2/install/ecl_errors:/home/fbot/kobuki_base_ros2/install/ecl_mpl:/home/fbot/kobuki_base_ros2/install/ecl_eigen:/home/fbot/kobuki_base_ros2/install/ecl_config:/home/fbot/kobuki_base_ros2/install/ecl_command_line:/opt/ros/humble LD_LIBRARY_PATH=/home/fbot/kobuki_base_ros2/install/ecl_streams/lib:/home/fbot/kobuki_base_ros2/install/ecl_geometry/lib:/home/fbot/kobuki_base_ros2/install/ecl_devices/lib:/home/fbot/kobuki_base_ros2/install/ecl_linear_algebra/lib:/home/fbot/kobuki_base_ros2/install/ecl_ipc/lib:/home/fbot/kobuki_base_ros2/install/ecl_threads/lib:/home/fbot/kobuki_base_ros2/install/ecl_formatters/lib:/home/fbot/kobuki_base_ros2/install/ecl_time/lib:/home/fbot/kobuki_base_ros2/install/ecl_time_lite/lib:/home/fbot/kobuki_base_ros2/install/ecl_exceptions/lib:/home/fbot/kobuki_base_ros2/install/ecl_type_traits/lib:/home/fbot/kobuki_base_ros2/install/ecl_errors/lib:${LD_LIBRARY_PATH} PATH=/home/fbot/kobuki_base_ros2/install/ecl_type_traits/bin:/home/fbot/kobuki_base_ros2/install/ecl_config/bin:${PATH} /usr/bin/cmake --install /home/fbot/kobuki_base_ros2/build/ecl_core_apps
[0.140s] -- Install configuration: ""
[0.140s] -- Up-to-date: /home/fbot/kobuki_base_ros2/install/ecl_core_apps/share/ament_index/resource_index/package_run_dependencies/ecl_core_apps
[0.140s] -- Up-to-date: /home/fbot/kobuki_base_ros2/install/ecl_core_apps/share/ament_index/resource_index/parent_prefix_path/ecl_core_apps
[0.140s] -- Up-to-date: /home/fbot/kobuki_base_ros2/install/ecl_core_apps/share/ecl_core_apps/environment/ament_prefix_path.sh
[0.140s] -- Up-to-date: /home/fbot/kobuki_base_ros2/install/ecl_core_apps/share/ecl_core_apps/environment/ament_prefix_path.dsv
[0.140s] -- Up-to-date: /home/fbot/kobuki_base_ros2/install/ecl_core_apps/share/ecl_core_apps/environment/path.sh
[0.140s] -- Up-to-date: /home/fbot/kobuki_base_ros2/install/ecl_core_apps/share/ecl_core_apps/environment/path.dsv
[0.140s] -- Up-to-date: /home/fbot/kobuki_base_ros2/install/ecl_core_apps/share/ecl_core_apps/local_setup.bash
[0.140s] -- Up-to-date: /home/fbot/kobuki_base_ros2/install/ecl_core_apps/share/ecl_core_apps/local_setup.sh
[0.140s] -- Up-to-date: /home/fbot/kobuki_base_ros2/install/ecl_core_apps/share/ecl_core_apps/local_setup.zsh
[0.140s] -- Up-to-date: /home/fbot/kobuki_base_ros2/install/ecl_core_apps/share/ecl_core_apps/local_setup.dsv
[0.140s] -- Installing: /home/fbot/kobuki_base_ros2/install/ecl_core_apps/share/ecl_core_apps/package.dsv
[0.141s] -- Up-to-date: /home/fbot/kobuki_base_ros2/install/ecl_core_apps/share/ament_index/resource_index/packages/ecl_core_apps
[0.141s] -- Up-to-date: /home/fbot/kobuki_base_ros2/install/ecl_core_apps/share/ecl_core_apps/cmake/ecl_core_appsConfig.cmake
[0.141s] -- Up-to-date: /home/fbot/kobuki_base_ros2/install/ecl_core_apps/share/ecl_core_apps/cmake/ecl_core_appsConfig-version.cmake
[0.141s] -- Up-to-date: /home/fbot/kobuki_base_ros2/install/ecl_core_apps/share/ecl_core_apps/package.xml
[0.141s] -- Up-to-date: /home/fbot/kobuki_base_ros2/install/ecl_core_apps/bin/ecl_bench_containers
[0.141s] -- Up-to-date: /home/fbot/kobuki_base_ros2/install/ecl_core_apps/bin/ecl_bench_files
[0.141s] -- Up-to-date: /home/fbot/kobuki_base_ros2/install/ecl_core_apps/bin/ecl_bench_flops
[0.141s] -- Up-to-date: /home/fbot/kobuki_base_ros2/install/ecl_core_apps/bin/ecl_bench_exceptions
[0.142s] -- Up-to-date: /home/fbot/kobuki_base_ros2/install/ecl_core_apps/bin/ecl_bench_snooze
[0.142s] -- Up-to-date: /home/fbot/kobuki_base_ros2/install/ecl_core_apps/bin/ecl_bench_streams
[0.142s] -- Up-to-date: /home/fbot/kobuki_base_ros2/install/ecl_core_apps/bin/ecl_bench_string_conversions
[0.142s] -- Up-to-date: /home/fbot/kobuki_base_ros2/install/ecl_core_apps/bin/ecl_bench_eigen3_inverse
[0.142s] -- Up-to-date: /home/fbot/kobuki_base_ros2/install/ecl_core_apps/bin/ecl_bench_eigen3_decompositions
[0.142s] -- Up-to-date: /home/fbot/kobuki_base_ros2/install/ecl_core_apps/bin/ecl_bench_eigen3_transforms
[0.143s] -- Up-to-date: /home/fbot/kobuki_base_ros2/install/ecl_core_apps/lib/ecl_core_apps/ecl_hex
[0.143s] -- Up-to-date: /home/fbot/kobuki_base_ros2/install/ecl_core_apps/lib/ecl_core_apps/ecl_serial
[0.143s] -- Up-to-date: /home/fbot/kobuki_base_ros2/install/ecl_core_apps/lib/ecl_core_apps/ecl_socket_client
[0.143s] -- Up-to-date: /home/fbot/kobuki_base_ros2/install/ecl_core_apps/lib/ecl_core_apps/ecl_socket_server
[0.144s] -- Up-to-date: /home/fbot/kobuki_base_ros2/install/ecl_core_apps/bin/ecl_process_statistics
[0.144s] -- Up-to-date: /home/fbot/kobuki_base_ros2/install/ecl_core_apps/bin/ecl_quaternion2yaw
[0.144s] -- Up-to-date: /home/fbot/kobuki_base_ros2/install/ecl_core_apps/bin/ecl_yaw2quaternion
[0.146s] Invoked command in '/home/fbot/kobuki_base_ros2/build/ecl_core_apps' returned '0': AMENT_PREFIX_PATH=/home/fbot/kobuki_base_ros2/install/ecl_streams:/home/fbot/kobuki_base_ros2/install/ecl_geometry:/home/fbot/kobuki_base_ros2/install/ecl_devices:/home/fbot/kobuki_base_ros2/install/ecl_sigslots:/home/fbot/kobuki_base_ros2/install/ecl_linear_algebra:/home/fbot/kobuki_base_ros2/install/ecl_ipc:/home/fbot/kobuki_base_ros2/install/ecl_containers:/home/fbot/kobuki_base_ros2/install/ecl_threads:/home/fbot/kobuki_base_ros2/install/ecl_formatters:/home/fbot/kobuki_base_ros2/install/ecl_utilities:/home/fbot/kobuki_base_ros2/install/ecl_time:/home/fbot/kobuki_base_ros2/install/ecl_converters:/home/fbot/kobuki_base_ros2/install/ecl_time_lite:/home/fbot/kobuki_base_ros2/install/ecl_math:/home/fbot/kobuki_base_ros2/install/ecl_exceptions:/home/fbot/kobuki_base_ros2/install/ecl_concepts:/home/fbot/kobuki_base_ros2/install/ecl_type_traits:/home/fbot/kobuki_base_ros2/install/ecl_errors:/home/fbot/kobuki_base_ros2/install/ecl_mpl:/home/fbot/kobuki_base_ros2/install/ecl_eigen:/home/fbot/kobuki_base_ros2/install/ecl_config:/home/fbot/kobuki_base_ros2/install/ecl_command_line:${AMENT_PREFIX_PATH} CMAKE_PREFIX_PATH=/home/fbot/kobuki_base_ros2/install/ecl_streams:/home/fbot/kobuki_base_ros2/install/ecl_geometry:/home/fbot/kobuki_base_ros2/install/ecl_devices:/home/fbot/kobuki_base_ros2/install/ecl_sigslots:/home/fbot/kobuki_base_ros2/install/ecl_linear_algebra:/home/fbot/kobuki_base_ros2/install/ecl_ipc:/home/fbot/kobuki_base_ros2/install/ecl_containers:/home/fbot/kobuki_base_ros2/install/ecl_threads:/home/fbot/kobuki_base_ros2/install/ecl_formatters:/home/fbot/kobuki_base_ros2/install/ecl_utilities:/home/fbot/kobuki_base_ros2/install/ecl_time:/home/fbot/kobuki_base_ros2/install/ecl_converters:/home/fbot/kobuki_base_ros2/install/ecl_time_lite:/home/fbot/kobuki_base_ros2/install/ecl_math:/home/fbot/kobuki_base_ros2/install/ecl_exceptions:/home/fbot/kobuki_base_ros2/install/ecl_concepts:/home/fbot/kobuki_base_ros2/install/ecl_type_traits:/home/fbot/kobuki_base_ros2/install/ecl_errors:/home/fbot/kobuki_base_ros2/install/ecl_mpl:/home/fbot/kobuki_base_ros2/install/ecl_eigen:/home/fbot/kobuki_base_ros2/install/ecl_config:/home/fbot/kobuki_base_ros2/install/ecl_command_line:/opt/ros/humble LD_LIBRARY_PATH=/home/fbot/kobuki_base_ros2/install/ecl_streams/lib:/home/fbot/kobuki_base_ros2/install/ecl_geometry/lib:/home/fbot/kobuki_base_ros2/install/ecl_devices/lib:/home/fbot/kobuki_base_ros2/install/ecl_linear_algebra/lib:/home/fbot/kobuki_base_ros2/install/ecl_ipc/lib:/home/fbot/kobuki_base_ros2/install/ecl_threads/lib:/home/fbot/kobuki_base_ros2/install/ecl_formatters/lib:/home/fbot/kobuki_base_ros2/install/ecl_time/lib:/home/fbot/kobuki_base_ros2/install/ecl_time_lite/lib:/home/fbot/kobuki_base_ros2/install/ecl_exceptions/lib:/home/fbot/kobuki_base_ros2/install/ecl_type_traits/lib:/home/fbot/kobuki_base_ros2/install/ecl_errors/lib:${LD_LIBRARY_PATH} PATH=/home/fbot/kobuki_base_ros2/install/ecl_type_traits/bin:/home/fbot/kobuki_base_ros2/install/ecl_config/bin:${PATH} /usr/bin/cmake --install /home/fbot/kobuki_base_ros2/build/ecl_core_apps
