[0.031s] Invoking command in '/home/fbot/kobuki_base_ros2/build/kobuki_node': AMENT_PREFIX_PATH=/home/fbot/kobuki_base_ros2/install/kobuki_core:/home/fbot/kobuki_base_ros2/install/ecl_mobile_robot:/home/fbot/kobuki_base_ros2/install/ecl_geometry:/home/fbot/kobuki_base_ros2/install/ecl_devices:/home/fbot/kobuki_base_ros2/install/ecl_sigslots:/home/fbot/kobuki_base_ros2/install/ecl_linear_algebra:/home/fbot/kobuki_base_ros2/install/ecl_containers:/home/fbot/kobuki_base_ros2/install/ecl_threads:/home/fbot/kobuki_base_ros2/install/ecl_formatters:/home/fbot/kobuki_base_ros2/install/ecl_utilities:/home/fbot/kobuki_base_ros2/install/ecl_time:/home/fbot/kobuki_base_ros2/install/ecl_converters:/home/fbot/kobuki_base_ros2/install/ecl_time_lite:/home/fbot/kobuki_base_ros2/install/ecl_math:/home/fbot/kobuki_base_ros2/install/ecl_exceptions:/home/fbot/kobuki_base_ros2/install/ecl_concepts:/home/fbot/kobuki_base_ros2/install/ecl_type_traits:/home/fbot/kobuki_base_ros2/install/ecl_errors:/home/fbot/kobuki_base_ros2/install/ecl_console:/home/fbot/kobuki_base_ros2/install/kobuki_ros_interfaces:/home/fbot/kobuki_base_ros2/install/ecl_mpl:/home/fbot/kobuki_base_ros2/install/ecl_eigen:/home/fbot/kobuki_base_ros2/install/ecl_config:/home/fbot/kobuki_base_ros2/install/ecl_command_line:${AMENT_PREFIX_PATH} CMAKE_PREFIX_PATH=/home/fbot/kobuki_base_ros2/install/kobuki_core:/home/fbot/kobuki_base_ros2/install/ecl_mobile_robot:/home/fbot/kobuki_base_ros2/install/ecl_geometry:/home/fbot/kobuki_base_ros2/install/ecl_devices:/home/fbot/kobuki_base_ros2/install/ecl_sigslots:/home/fbot/kobuki_base_ros2/install/ecl_linear_algebra:/home/fbot/kobuki_base_ros2/install/ecl_containers:/home/fbot/kobuki_base_ros2/install/ecl_threads:/home/fbot/kobuki_base_ros2/install/ecl_formatters:/home/fbot/kobuki_base_ros2/install/ecl_utilities:/home/fbot/kobuki_base_ros2/install/ecl_time:/home/fbot/kobuki_base_ros2/install/ecl_converters:/home/fbot/kobuki_base_ros2/install/ecl_time_lite:/home/fbot/kobuki_base_ros2/install/ecl_math:/home/fbot/kobuki_base_ros2/install/ecl_exceptions:/home/fbot/kobuki_base_ros2/install/ecl_concepts:/home/fbot/kobuki_base_ros2/install/ecl_type_traits:/home/fbot/kobuki_base_ros2/install/ecl_errors:/home/fbot/kobuki_base_ros2/install/ecl_console:/home/fbot/kobuki_base_ros2/install/kobuki_ros_interfaces:/home/fbot/kobuki_base_ros2/install/ecl_mpl:/home/fbot/kobuki_base_ros2/install/ecl_eigen:/home/fbot/kobuki_base_ros2/install/ecl_config:/home/fbot/kobuki_base_ros2/install/ecl_command_line:/opt/ros/humble LD_LIBRARY_PATH=/home/fbot/kobuki_base_ros2/install/kobuki_core/lib:/home/fbot/kobuki_base_ros2/install/ecl_mobile_robot/lib:/home/fbot/kobuki_base_ros2/install/ecl_geometry/lib:/home/fbot/kobuki_base_ros2/install/ecl_devices/lib:/home/fbot/kobuki_base_ros2/install/ecl_linear_algebra/lib:/home/fbot/kobuki_base_ros2/install/ecl_threads/lib:/home/fbot/kobuki_base_ros2/install/ecl_formatters/lib:/home/fbot/kobuki_base_ros2/install/ecl_time/lib:/home/fbot/kobuki_base_ros2/install/ecl_time_lite/lib:/home/fbot/kobuki_base_ros2/install/ecl_exceptions/lib:/home/fbot/kobuki_base_ros2/install/ecl_type_traits/lib:/home/fbot/kobuki_base_ros2/install/ecl_errors/lib:/home/fbot/kobuki_base_ros2/install/kobuki_ros_interfaces/lib:${LD_LIBRARY_PATH} PATH=/home/fbot/kobuki_base_ros2/install/kobuki_core/bin:/home/fbot/kobuki_base_ros2/install/ecl_type_traits/bin:/home/fbot/kobuki_base_ros2/install/ecl_config/bin:${PATH} PYTHONPATH=/home/fbot/kobuki_base_ros2/install/kobuki_ros_interfaces/local/lib/python3.10/dist-packages:${PYTHONPATH} /usr/bin/cmake /home/fbot/kobuki_base_ros2/src/kobuki_ros/kobuki_node -DCMAKE_INSTALL_PREFIX=/home/fbot/kobuki_base_ros2/install/kobuki_node
[0.073s] -- The C compiler identification is GNU 11.4.0
[0.116s] -- The CXX compiler identification is GNU 11.4.0
[0.122s] -- Detecting C compiler ABI info
[0.176s] -- Detecting C compiler ABI info - done
[0.182s] -- Check for working C compiler: /usr/bin/cc - skipped
[0.182s] -- Detecting C compile features
[0.183s] -- Detecting C compile features - done
[0.185s] -- Detecting CXX compiler ABI info
[0.249s] -- Detecting CXX compiler ABI info - done
[0.255s] -- Check for working CXX compiler: /usr/bin/c++ - skipped
[0.255s] -- Detecting CXX compile features
[0.256s] -- Detecting CXX compile features - done
[0.259s] -- Found ament_cmake_ros: 0.10.0 (/opt/ros/humble/share/ament_cmake_ros/cmake)
[0.399s] -- Found Python3: /usr/bin/python3 (found version "3.10.12") found components: Interpreter 
[0.492s] -- Found angles: 1.15.0 (/opt/ros/humble/share/angles/cmake)
[0.495s] -- Found diagnostic_msgs: 4.9.1 (/opt/ros/humble/share/diagnostic_msgs/cmake)
[0.535s] -- Found rosidl_generator_c: 3.1.8 (/opt/ros/humble/share/rosidl_generator_c/cmake)
[0.542s] -- Found rosidl_adapter: 3.1.8 (/opt/ros/humble/share/rosidl_adapter/cmake)
[0.551s] -- Found rosidl_generator_cpp: 3.1.8 (/opt/ros/humble/share/rosidl_generator_cpp/cmake)
[0.564s] -- Using all available rosidl_typesupport_c: rosidl_typesupport_fastrtps_c;rosidl_typesupport_introspection_c
[0.581s] -- Using all available rosidl_typesupport_cpp: rosidl_typesupport_fastrtps_cpp;rosidl_typesupport_introspection_cpp
[0.619s] -- Found diagnostic_updater: 4.0.6 (/opt/ros/humble/share/diagnostic_updater/cmake)
[0.665s] -- Found rmw_implementation_cmake: 6.1.2 (/opt/ros/humble/share/rmw_implementation_cmake/cmake)
[0.669s] -- Found rmw_fastrtps_cpp: 6.2.10 (/opt/ros/humble/share/rmw_fastrtps_cpp/cmake)
[0.742s] -- Found OpenSSL: /usr/lib/x86_64-linux-gnu/libcrypto.so (found version "3.0.2")  
[0.765s] -- Found FastRTPS: /opt/ros/humble/include  
[0.800s] -- Using RMW implementation 'rmw_fastrtps_cpp' as default
[0.811s] -- Looking for pthread.h
[0.868s] -- Looking for pthread.h - found
[0.868s] -- Performing Test CMAKE_HAVE_LIBC_PTHREAD
[0.927s] -- Performing Test CMAKE_HAVE_LIBC_PTHREAD - Success
[0.929s] -- Found Threads: TRUE  
[0.985s] -- Found ecl_build: 1.0.3 (/opt/ros/humble/share/ecl_build/cmake)
[0.991s] -- Found ecl_errors: 1.2.0 (/home/fbot/kobuki_base_ros2/install/ecl_errors/share/ecl_errors/cmake)
[0.996s] -- Found ecl_exceptions: 1.2.1 (/home/fbot/kobuki_base_ros2/install/ecl_exceptions/share/ecl_exceptions/cmake)
[0.998s] -- Found ecl_geometry: 1.2.1 (/home/fbot/kobuki_base_ros2/install/ecl_geometry/share/ecl_geometry/cmake)
[1.047s] -- Found ecl_sigslots: 1.2.1 (/home/fbot/kobuki_base_ros2/install/ecl_sigslots/share/ecl_sigslots/cmake)
[1.051s] [33mCMake Warning (dev) at /usr/share/cmake-3.22/Modules/FindPackageHandleStandardArgs.cmake:438 (message):
[1.051s]   The package name passed to `find_package_handle_standard_args` (Threads)
[1.051s]   does not match the name of the calling package (ecl_threads).  This can
[1.051s]   lead to problems in calling code that expects `find_package` result
[1.051s]   variables (e.g., `_FOUND`) to follow a certain pattern.
[1.051s] Call Stack (most recent call first):
[1.051s]   /usr/share/cmake-3.22/Modules/FindThreads.cmake:238 (FIND_PACKAGE_HANDLE_STANDARD_ARGS)
[1.051s]   /opt/ros/humble/share/ecl_build/cmake/ecl_platform_detection.cmake:225 (include)
[1.051s]   /home/fbot/kobuki_base_ros2/install/ecl_threads/share/ecl_threads/cmake/ecl_threads-extras.cmake:4 (ecl_detect_threads)
[1.051s]   /home/fbot/kobuki_base_ros2/install/ecl_threads/share/ecl_threads/cmake/ecl_threadsConfig.cmake:41 (include)
[1.051s]   /home/fbot/kobuki_base_ros2/install/ecl_sigslots/share/ecl_sigslots/cmake/ament_cmake_export_dependencies-extras.cmake:21 (find_package)
[1.051s]   /home/fbot/kobuki_base_ros2/install/ecl_sigslots/share/ecl_sigslots/cmake/ecl_sigslotsConfig.cmake:41 (include)
[1.052s]   CMakeLists.txt:13 (find_package)
[1.052s] This warning is for project developers.  Use -Wno-dev to suppress it.
[1.052s] [0m
[1.062s] -- Found geometry_msgs: 4.9.1 (/opt/ros/humble/share/geometry_msgs/cmake)
[1.072s] -- Found kobuki_core: 1.4.0 (/home/fbot/kobuki_base_ros2/install/kobuki_core/share/kobuki_core/cmake)
[1.084s] -- Found kobuki_ros_interfaces: 1.0.0 (/home/fbot/kobuki_base_ros2/install/kobuki_ros_interfaces/share/kobuki_ros_interfaces/cmake)
[1.124s] -- Found nav_msgs: 4.9.1 (/opt/ros/humble/share/nav_msgs/cmake)
[1.140s] -- Found rclcpp_components: 16.0.18 (/opt/ros/humble/share/rclcpp_components/cmake)
[1.166s] -- Found sensor_msgs: 4.9.1 (/opt/ros/humble/share/sensor_msgs/cmake)
[1.183s] -- Found tf2: 0.25.19 (/opt/ros/humble/share/tf2/cmake)
[1.187s] -- Found tf2_ros: 0.25.19 (/opt/ros/humble/share/tf2_ros/cmake)
[1.291s] -- Configuring done
[1.310s] -- Generating done
[1.315s] -- Build files have been written to: /home/fbot/kobuki_base_ros2/build/kobuki_node
[1.326s] Invoked command in '/home/fbot/kobuki_base_ros2/build/kobuki_node' returned '0': AMENT_PREFIX_PATH=/home/fbot/kobuki_base_ros2/install/kobuki_core:/home/fbot/kobuki_base_ros2/install/ecl_mobile_robot:/home/fbot/kobuki_base_ros2/install/ecl_geometry:/home/fbot/kobuki_base_ros2/install/ecl_devices:/home/fbot/kobuki_base_ros2/install/ecl_sigslots:/home/fbot/kobuki_base_ros2/install/ecl_linear_algebra:/home/fbot/kobuki_base_ros2/install/ecl_containers:/home/fbot/kobuki_base_ros2/install/ecl_threads:/home/fbot/kobuki_base_ros2/install/ecl_formatters:/home/fbot/kobuki_base_ros2/install/ecl_utilities:/home/fbot/kobuki_base_ros2/install/ecl_time:/home/fbot/kobuki_base_ros2/install/ecl_converters:/home/fbot/kobuki_base_ros2/install/ecl_time_lite:/home/fbot/kobuki_base_ros2/install/ecl_math:/home/fbot/kobuki_base_ros2/install/ecl_exceptions:/home/fbot/kobuki_base_ros2/install/ecl_concepts:/home/fbot/kobuki_base_ros2/install/ecl_type_traits:/home/fbot/kobuki_base_ros2/install/ecl_errors:/home/fbot/kobuki_base_ros2/install/ecl_console:/home/fbot/kobuki_base_ros2/install/kobuki_ros_interfaces:/home/fbot/kobuki_base_ros2/install/ecl_mpl:/home/fbot/kobuki_base_ros2/install/ecl_eigen:/home/fbot/kobuki_base_ros2/install/ecl_config:/home/fbot/kobuki_base_ros2/install/ecl_command_line:${AMENT_PREFIX_PATH} CMAKE_PREFIX_PATH=/home/fbot/kobuki_base_ros2/install/kobuki_core:/home/fbot/kobuki_base_ros2/install/ecl_mobile_robot:/home/fbot/kobuki_base_ros2/install/ecl_geometry:/home/fbot/kobuki_base_ros2/install/ecl_devices:/home/fbot/kobuki_base_ros2/install/ecl_sigslots:/home/fbot/kobuki_base_ros2/install/ecl_linear_algebra:/home/fbot/kobuki_base_ros2/install/ecl_containers:/home/fbot/kobuki_base_ros2/install/ecl_threads:/home/fbot/kobuki_base_ros2/install/ecl_formatters:/home/fbot/kobuki_base_ros2/install/ecl_utilities:/home/fbot/kobuki_base_ros2/install/ecl_time:/home/fbot/kobuki_base_ros2/install/ecl_converters:/home/fbot/kobuki_base_ros2/install/ecl_time_lite:/home/fbot/kobuki_base_ros2/install/ecl_math:/home/fbot/kobuki_base_ros2/install/ecl_exceptions:/home/fbot/kobuki_base_ros2/install/ecl_concepts:/home/fbot/kobuki_base_ros2/install/ecl_type_traits:/home/fbot/kobuki_base_ros2/install/ecl_errors:/home/fbot/kobuki_base_ros2/install/ecl_console:/home/fbot/kobuki_base_ros2/install/kobuki_ros_interfaces:/home/fbot/kobuki_base_ros2/install/ecl_mpl:/home/fbot/kobuki_base_ros2/install/ecl_eigen:/home/fbot/kobuki_base_ros2/install/ecl_config:/home/fbot/kobuki_base_ros2/install/ecl_command_line:/opt/ros/humble LD_LIBRARY_PATH=/home/fbot/kobuki_base_ros2/install/kobuki_core/lib:/home/fbot/kobuki_base_ros2/install/ecl_mobile_robot/lib:/home/fbot/kobuki_base_ros2/install/ecl_geometry/lib:/home/fbot/kobuki_base_ros2/install/ecl_devices/lib:/home/fbot/kobuki_base_ros2/install/ecl_linear_algebra/lib:/home/fbot/kobuki_base_ros2/install/ecl_threads/lib:/home/fbot/kobuki_base_ros2/install/ecl_formatters/lib:/home/fbot/kobuki_base_ros2/install/ecl_time/lib:/home/fbot/kobuki_base_ros2/install/ecl_time_lite/lib:/home/fbot/kobuki_base_ros2/install/ecl_exceptions/lib:/home/fbot/kobuki_base_ros2/install/ecl_type_traits/lib:/home/fbot/kobuki_base_ros2/install/ecl_errors/lib:/home/fbot/kobuki_base_ros2/install/kobuki_ros_interfaces/lib:${LD_LIBRARY_PATH} PATH=/home/fbot/kobuki_base_ros2/install/kobuki_core/bin:/home/fbot/kobuki_base_ros2/install/ecl_type_traits/bin:/home/fbot/kobuki_base_ros2/install/ecl_config/bin:${PATH} PYTHONPATH=/home/fbot/kobuki_base_ros2/install/kobuki_ros_interfaces/local/lib/python3.10/dist-packages:${PYTHONPATH} /usr/bin/cmake /home/fbot/kobuki_base_ros2/src/kobuki_ros/kobuki_node -DCMAKE_INSTALL_PREFIX=/home/fbot/kobuki_base_ros2/install/kobuki_node
[1.328s] Invoking command in '/home/fbot/kobuki_base_ros2/build/kobuki_node': AMENT_PREFIX_PATH=/home/fbot/kobuki_base_ros2/install/kobuki_core:/home/fbot/kobuki_base_ros2/install/ecl_mobile_robot:/home/fbot/kobuki_base_ros2/install/ecl_geometry:/home/fbot/kobuki_base_ros2/install/ecl_devices:/home/fbot/kobuki_base_ros2/install/ecl_sigslots:/home/fbot/kobuki_base_ros2/install/ecl_linear_algebra:/home/fbot/kobuki_base_ros2/install/ecl_containers:/home/fbot/kobuki_base_ros2/install/ecl_threads:/home/fbot/kobuki_base_ros2/install/ecl_formatters:/home/fbot/kobuki_base_ros2/install/ecl_utilities:/home/fbot/kobuki_base_ros2/install/ecl_time:/home/fbot/kobuki_base_ros2/install/ecl_converters:/home/fbot/kobuki_base_ros2/install/ecl_time_lite:/home/fbot/kobuki_base_ros2/install/ecl_math:/home/fbot/kobuki_base_ros2/install/ecl_exceptions:/home/fbot/kobuki_base_ros2/install/ecl_concepts:/home/fbot/kobuki_base_ros2/install/ecl_type_traits:/home/fbot/kobuki_base_ros2/install/ecl_errors:/home/fbot/kobuki_base_ros2/install/ecl_console:/home/fbot/kobuki_base_ros2/install/kobuki_ros_interfaces:/home/fbot/kobuki_base_ros2/install/ecl_mpl:/home/fbot/kobuki_base_ros2/install/ecl_eigen:/home/fbot/kobuki_base_ros2/install/ecl_config:/home/fbot/kobuki_base_ros2/install/ecl_command_line:${AMENT_PREFIX_PATH} CMAKE_PREFIX_PATH=/home/fbot/kobuki_base_ros2/install/kobuki_core:/home/fbot/kobuki_base_ros2/install/ecl_mobile_robot:/home/fbot/kobuki_base_ros2/install/ecl_geometry:/home/fbot/kobuki_base_ros2/install/ecl_devices:/home/fbot/kobuki_base_ros2/install/ecl_sigslots:/home/fbot/kobuki_base_ros2/install/ecl_linear_algebra:/home/fbot/kobuki_base_ros2/install/ecl_containers:/home/fbot/kobuki_base_ros2/install/ecl_threads:/home/fbot/kobuki_base_ros2/install/ecl_formatters:/home/fbot/kobuki_base_ros2/install/ecl_utilities:/home/fbot/kobuki_base_ros2/install/ecl_time:/home/fbot/kobuki_base_ros2/install/ecl_converters:/home/fbot/kobuki_base_ros2/install/ecl_time_lite:/home/fbot/kobuki_base_ros2/install/ecl_math:/home/fbot/kobuki_base_ros2/install/ecl_exceptions:/home/fbot/kobuki_base_ros2/install/ecl_concepts:/home/fbot/kobuki_base_ros2/install/ecl_type_traits:/home/fbot/kobuki_base_ros2/install/ecl_errors:/home/fbot/kobuki_base_ros2/install/ecl_console:/home/fbot/kobuki_base_ros2/install/kobuki_ros_interfaces:/home/fbot/kobuki_base_ros2/install/ecl_mpl:/home/fbot/kobuki_base_ros2/install/ecl_eigen:/home/fbot/kobuki_base_ros2/install/ecl_config:/home/fbot/kobuki_base_ros2/install/ecl_command_line:/opt/ros/humble LD_LIBRARY_PATH=/home/fbot/kobuki_base_ros2/install/kobuki_core/lib:/home/fbot/kobuki_base_ros2/install/ecl_mobile_robot/lib:/home/fbot/kobuki_base_ros2/install/ecl_geometry/lib:/home/fbot/kobuki_base_ros2/install/ecl_devices/lib:/home/fbot/kobuki_base_ros2/install/ecl_linear_algebra/lib:/home/fbot/kobuki_base_ros2/install/ecl_threads/lib:/home/fbot/kobuki_base_ros2/install/ecl_formatters/lib:/home/fbot/kobuki_base_ros2/install/ecl_time/lib:/home/fbot/kobuki_base_ros2/install/ecl_time_lite/lib:/home/fbot/kobuki_base_ros2/install/ecl_exceptions/lib:/home/fbot/kobuki_base_ros2/install/ecl_type_traits/lib:/home/fbot/kobuki_base_ros2/install/ecl_errors/lib:/home/fbot/kobuki_base_ros2/install/kobuki_ros_interfaces/lib:${LD_LIBRARY_PATH} PATH=/home/fbot/kobuki_base_ros2/install/kobuki_core/bin:/home/fbot/kobuki_base_ros2/install/ecl_type_traits/bin:/home/fbot/kobuki_base_ros2/install/ecl_config/bin:${PATH} PYTHONPATH=/home/fbot/kobuki_base_ros2/install/kobuki_ros_interfaces/local/lib/python3.10/dist-packages:${PYTHONPATH} /usr/bin/cmake --build /home/fbot/kobuki_base_ros2/build/kobuki_node -- -j12 -l12
[1.370s] [ 50%] [32mBuilding CXX object CMakeFiles/kobuki_ros.dir/src/diagnostics.cpp.o[0m
[1.370s] [ 50%] [32mBuilding CXX object CMakeFiles/kobuki_ros_node.dir/rclcpp_components/node_main_kobuki_ros_node.cpp.o[0m
[1.370s] [ 50%] [32mBuilding CXX object CMakeFiles/kobuki_ros.dir/src/kobuki_ros.cpp.o[0m
[1.373s] [ 66%] [32mBuilding CXX object CMakeFiles/kobuki_ros.dir/src/odometry.cpp.o[0m
[4.248s] [ 83%] [32m[1mLinking CXX executable kobuki_ros_node[0m
[4.371s] [ 83%] Built target kobuki_ros_node
[35.635s] [100%] [32m[1mLinking CXX shared library libkobuki_ros.so[0m
[38.125s] [100%] Built target kobuki_ros
[38.133s] Invoked command in '/home/fbot/kobuki_base_ros2/build/kobuki_node' returned '0': AMENT_PREFIX_PATH=/home/fbot/kobuki_base_ros2/install/kobuki_core:/home/fbot/kobuki_base_ros2/install/ecl_mobile_robot:/home/fbot/kobuki_base_ros2/install/ecl_geometry:/home/fbot/kobuki_base_ros2/install/ecl_devices:/home/fbot/kobuki_base_ros2/install/ecl_sigslots:/home/fbot/kobuki_base_ros2/install/ecl_linear_algebra:/home/fbot/kobuki_base_ros2/install/ecl_containers:/home/fbot/kobuki_base_ros2/install/ecl_threads:/home/fbot/kobuki_base_ros2/install/ecl_formatters:/home/fbot/kobuki_base_ros2/install/ecl_utilities:/home/fbot/kobuki_base_ros2/install/ecl_time:/home/fbot/kobuki_base_ros2/install/ecl_converters:/home/fbot/kobuki_base_ros2/install/ecl_time_lite:/home/fbot/kobuki_base_ros2/install/ecl_math:/home/fbot/kobuki_base_ros2/install/ecl_exceptions:/home/fbot/kobuki_base_ros2/install/ecl_concepts:/home/fbot/kobuki_base_ros2/install/ecl_type_traits:/home/fbot/kobuki_base_ros2/install/ecl_errors:/home/fbot/kobuki_base_ros2/install/ecl_console:/home/fbot/kobuki_base_ros2/install/kobuki_ros_interfaces:/home/fbot/kobuki_base_ros2/install/ecl_mpl:/home/fbot/kobuki_base_ros2/install/ecl_eigen:/home/fbot/kobuki_base_ros2/install/ecl_config:/home/fbot/kobuki_base_ros2/install/ecl_command_line:${AMENT_PREFIX_PATH} CMAKE_PREFIX_PATH=/home/fbot/kobuki_base_ros2/install/kobuki_core:/home/fbot/kobuki_base_ros2/install/ecl_mobile_robot:/home/fbot/kobuki_base_ros2/install/ecl_geometry:/home/fbot/kobuki_base_ros2/install/ecl_devices:/home/fbot/kobuki_base_ros2/install/ecl_sigslots:/home/fbot/kobuki_base_ros2/install/ecl_linear_algebra:/home/fbot/kobuki_base_ros2/install/ecl_containers:/home/fbot/kobuki_base_ros2/install/ecl_threads:/home/fbot/kobuki_base_ros2/install/ecl_formatters:/home/fbot/kobuki_base_ros2/install/ecl_utilities:/home/fbot/kobuki_base_ros2/install/ecl_time:/home/fbot/kobuki_base_ros2/install/ecl_converters:/home/fbot/kobuki_base_ros2/install/ecl_time_lite:/home/fbot/kobuki_base_ros2/install/ecl_math:/home/fbot/kobuki_base_ros2/install/ecl_exceptions:/home/fbot/kobuki_base_ros2/install/ecl_concepts:/home/fbot/kobuki_base_ros2/install/ecl_type_traits:/home/fbot/kobuki_base_ros2/install/ecl_errors:/home/fbot/kobuki_base_ros2/install/ecl_console:/home/fbot/kobuki_base_ros2/install/kobuki_ros_interfaces:/home/fbot/kobuki_base_ros2/install/ecl_mpl:/home/fbot/kobuki_base_ros2/install/ecl_eigen:/home/fbot/kobuki_base_ros2/install/ecl_config:/home/fbot/kobuki_base_ros2/install/ecl_command_line:/opt/ros/humble LD_LIBRARY_PATH=/home/fbot/kobuki_base_ros2/install/kobuki_core/lib:/home/fbot/kobuki_base_ros2/install/ecl_mobile_robot/lib:/home/fbot/kobuki_base_ros2/install/ecl_geometry/lib:/home/fbot/kobuki_base_ros2/install/ecl_devices/lib:/home/fbot/kobuki_base_ros2/install/ecl_linear_algebra/lib:/home/fbot/kobuki_base_ros2/install/ecl_threads/lib:/home/fbot/kobuki_base_ros2/install/ecl_formatters/lib:/home/fbot/kobuki_base_ros2/install/ecl_time/lib:/home/fbot/kobuki_base_ros2/install/ecl_time_lite/lib:/home/fbot/kobuki_base_ros2/install/ecl_exceptions/lib:/home/fbot/kobuki_base_ros2/install/ecl_type_traits/lib:/home/fbot/kobuki_base_ros2/install/ecl_errors/lib:/home/fbot/kobuki_base_ros2/install/kobuki_ros_interfaces/lib:${LD_LIBRARY_PATH} PATH=/home/fbot/kobuki_base_ros2/install/kobuki_core/bin:/home/fbot/kobuki_base_ros2/install/ecl_type_traits/bin:/home/fbot/kobuki_base_ros2/install/ecl_config/bin:${PATH} PYTHONPATH=/home/fbot/kobuki_base_ros2/install/kobuki_ros_interfaces/local/lib/python3.10/dist-packages:${PYTHONPATH} /usr/bin/cmake --build /home/fbot/kobuki_base_ros2/build/kobuki_node -- -j12 -l12
[38.135s] Invoking command in '/home/fbot/kobuki_base_ros2/build/kobuki_node': AMENT_PREFIX_PATH=/home/fbot/kobuki_base_ros2/install/kobuki_core:/home/fbot/kobuki_base_ros2/install/ecl_mobile_robot:/home/fbot/kobuki_base_ros2/install/ecl_geometry:/home/fbot/kobuki_base_ros2/install/ecl_devices:/home/fbot/kobuki_base_ros2/install/ecl_sigslots:/home/fbot/kobuki_base_ros2/install/ecl_linear_algebra:/home/fbot/kobuki_base_ros2/install/ecl_containers:/home/fbot/kobuki_base_ros2/install/ecl_threads:/home/fbot/kobuki_base_ros2/install/ecl_formatters:/home/fbot/kobuki_base_ros2/install/ecl_utilities:/home/fbot/kobuki_base_ros2/install/ecl_time:/home/fbot/kobuki_base_ros2/install/ecl_converters:/home/fbot/kobuki_base_ros2/install/ecl_time_lite:/home/fbot/kobuki_base_ros2/install/ecl_math:/home/fbot/kobuki_base_ros2/install/ecl_exceptions:/home/fbot/kobuki_base_ros2/install/ecl_concepts:/home/fbot/kobuki_base_ros2/install/ecl_type_traits:/home/fbot/kobuki_base_ros2/install/ecl_errors:/home/fbot/kobuki_base_ros2/install/ecl_console:/home/fbot/kobuki_base_ros2/install/kobuki_ros_interfaces:/home/fbot/kobuki_base_ros2/install/ecl_mpl:/home/fbot/kobuki_base_ros2/install/ecl_eigen:/home/fbot/kobuki_base_ros2/install/ecl_config:/home/fbot/kobuki_base_ros2/install/ecl_command_line:${AMENT_PREFIX_PATH} CMAKE_PREFIX_PATH=/home/fbot/kobuki_base_ros2/install/kobuki_core:/home/fbot/kobuki_base_ros2/install/ecl_mobile_robot:/home/fbot/kobuki_base_ros2/install/ecl_geometry:/home/fbot/kobuki_base_ros2/install/ecl_devices:/home/fbot/kobuki_base_ros2/install/ecl_sigslots:/home/fbot/kobuki_base_ros2/install/ecl_linear_algebra:/home/fbot/kobuki_base_ros2/install/ecl_containers:/home/fbot/kobuki_base_ros2/install/ecl_threads:/home/fbot/kobuki_base_ros2/install/ecl_formatters:/home/fbot/kobuki_base_ros2/install/ecl_utilities:/home/fbot/kobuki_base_ros2/install/ecl_time:/home/fbot/kobuki_base_ros2/install/ecl_converters:/home/fbot/kobuki_base_ros2/install/ecl_time_lite:/home/fbot/kobuki_base_ros2/install/ecl_math:/home/fbot/kobuki_base_ros2/install/ecl_exceptions:/home/fbot/kobuki_base_ros2/install/ecl_concepts:/home/fbot/kobuki_base_ros2/install/ecl_type_traits:/home/fbot/kobuki_base_ros2/install/ecl_errors:/home/fbot/kobuki_base_ros2/install/ecl_console:/home/fbot/kobuki_base_ros2/install/kobuki_ros_interfaces:/home/fbot/kobuki_base_ros2/install/ecl_mpl:/home/fbot/kobuki_base_ros2/install/ecl_eigen:/home/fbot/kobuki_base_ros2/install/ecl_config:/home/fbot/kobuki_base_ros2/install/ecl_command_line:/opt/ros/humble LD_LIBRARY_PATH=/home/fbot/kobuki_base_ros2/install/kobuki_core/lib:/home/fbot/kobuki_base_ros2/install/ecl_mobile_robot/lib:/home/fbot/kobuki_base_ros2/install/ecl_geometry/lib:/home/fbot/kobuki_base_ros2/install/ecl_devices/lib:/home/fbot/kobuki_base_ros2/install/ecl_linear_algebra/lib:/home/fbot/kobuki_base_ros2/install/ecl_threads/lib:/home/fbot/kobuki_base_ros2/install/ecl_formatters/lib:/home/fbot/kobuki_base_ros2/install/ecl_time/lib:/home/fbot/kobuki_base_ros2/install/ecl_time_lite/lib:/home/fbot/kobuki_base_ros2/install/ecl_exceptions/lib:/home/fbot/kobuki_base_ros2/install/ecl_type_traits/lib:/home/fbot/kobuki_base_ros2/install/ecl_errors/lib:/home/fbot/kobuki_base_ros2/install/kobuki_ros_interfaces/lib:${LD_LIBRARY_PATH} PATH=/home/fbot/kobuki_base_ros2/install/kobuki_core/bin:/home/fbot/kobuki_base_ros2/install/ecl_type_traits/bin:/home/fbot/kobuki_base_ros2/install/ecl_config/bin:${PATH} PYTHONPATH=/home/fbot/kobuki_base_ros2/install/kobuki_ros_interfaces/local/lib/python3.10/dist-packages:${PYTHONPATH} /usr/bin/cmake --install /home/fbot/kobuki_base_ros2/build/kobuki_node
[38.140s] -- Install configuration: ""
[38.140s] -- Installing: /home/fbot/kobuki_base_ros2/install/kobuki_node/lib/kobuki_node/kobuki_ros_node
[38.141s] -- Set runtime path of "/home/fbot/kobuki_base_ros2/install/kobuki_node/lib/kobuki_node/kobuki_ros_node" to ""
[38.141s] -- Installing: /home/fbot/kobuki_base_ros2/install/kobuki_node/lib/libkobuki_ros.so
[38.162s] -- Set runtime path of "/home/fbot/kobuki_base_ros2/install/kobuki_node/lib/libkobuki_ros.so" to ""
[38.162s] -- Installing: /home/fbot/kobuki_base_ros2/install/kobuki_node/include/kobuki_node
[38.162s] -- Installing: /home/fbot/kobuki_base_ros2/install/kobuki_node/include/kobuki_node/odometry.hpp
[38.162s] -- Installing: /home/fbot/kobuki_base_ros2/install/kobuki_node/include/kobuki_node/kobuki_ros.hpp
[38.162s] -- Installing: /home/fbot/kobuki_base_ros2/install/kobuki_node/include/kobuki_node/diagnostics.hpp
[38.162s] -- Installing: /home/fbot/kobuki_base_ros2/install/kobuki_node/share/kobuki_node/config
[38.162s] -- Installing: /home/fbot/kobuki_base_ros2/install/kobuki_node/share/kobuki_node/config/kobuki_node_params.yaml
[38.162s] -- Installing: /home/fbot/kobuki_base_ros2/install/kobuki_node/share/kobuki_node/launch
[38.162s] -- Installing: /home/fbot/kobuki_base_ros2/install/kobuki_node/share/kobuki_node/launch/kobuki_node-launch.py
[38.162s] -- Installing: /home/fbot/kobuki_base_ros2/install/kobuki_node/share/kobuki_node/launch/kobuki_node-composed-launch.py
[38.163s] -- Installing: /home/fbot/kobuki_base_ros2/install/kobuki_node/share/ament_index/resource_index/package_run_dependencies/kobuki_node
[38.163s] -- Installing: /home/fbot/kobuki_base_ros2/install/kobuki_node/share/ament_index/resource_index/parent_prefix_path/kobuki_node
[38.163s] -- Installing: /home/fbot/kobuki_base_ros2/install/kobuki_node/share/kobuki_node/environment/ament_prefix_path.sh
[38.163s] -- Installing: /home/fbot/kobuki_base_ros2/install/kobuki_node/share/kobuki_node/environment/ament_prefix_path.dsv
[38.163s] -- Installing: /home/fbot/kobuki_base_ros2/install/kobuki_node/share/kobuki_node/environment/path.sh
[38.163s] -- Installing: /home/fbot/kobuki_base_ros2/install/kobuki_node/share/kobuki_node/environment/path.dsv
[38.163s] -- Installing: /home/fbot/kobuki_base_ros2/install/kobuki_node/share/kobuki_node/local_setup.bash
[38.163s] -- Installing: /home/fbot/kobuki_base_ros2/install/kobuki_node/share/kobuki_node/local_setup.sh
[38.163s] -- Installing: /home/fbot/kobuki_base_ros2/install/kobuki_node/share/kobuki_node/local_setup.zsh
[38.163s] -- Installing: /home/fbot/kobuki_base_ros2/install/kobuki_node/share/kobuki_node/local_setup.dsv
[38.163s] -- Installing: /home/fbot/kobuki_base_ros2/install/kobuki_node/share/kobuki_node/package.dsv
[38.163s] -- Installing: /home/fbot/kobuki_base_ros2/install/kobuki_node/share/ament_index/resource_index/packages/kobuki_node
[38.163s] -- Installing: /home/fbot/kobuki_base_ros2/install/kobuki_node/share/ament_index/resource_index/rclcpp_components/kobuki_node
[38.163s] -- Installing: /home/fbot/kobuki_base_ros2/install/kobuki_node/share/kobuki_node/cmake/kobuki_nodeConfig.cmake
[38.164s] -- Installing: /home/fbot/kobuki_base_ros2/install/kobuki_node/share/kobuki_node/cmake/kobuki_nodeConfig-version.cmake
[38.164s] -- Installing: /home/fbot/kobuki_base_ros2/install/kobuki_node/share/kobuki_node/package.xml
[38.165s] Invoked command in '/home/fbot/kobuki_base_ros2/build/kobuki_node' returned '0': AMENT_PREFIX_PATH=/home/fbot/kobuki_base_ros2/install/kobuki_core:/home/fbot/kobuki_base_ros2/install/ecl_mobile_robot:/home/fbot/kobuki_base_ros2/install/ecl_geometry:/home/fbot/kobuki_base_ros2/install/ecl_devices:/home/fbot/kobuki_base_ros2/install/ecl_sigslots:/home/fbot/kobuki_base_ros2/install/ecl_linear_algebra:/home/fbot/kobuki_base_ros2/install/ecl_containers:/home/fbot/kobuki_base_ros2/install/ecl_threads:/home/fbot/kobuki_base_ros2/install/ecl_formatters:/home/fbot/kobuki_base_ros2/install/ecl_utilities:/home/fbot/kobuki_base_ros2/install/ecl_time:/home/fbot/kobuki_base_ros2/install/ecl_converters:/home/fbot/kobuki_base_ros2/install/ecl_time_lite:/home/fbot/kobuki_base_ros2/install/ecl_math:/home/fbot/kobuki_base_ros2/install/ecl_exceptions:/home/fbot/kobuki_base_ros2/install/ecl_concepts:/home/fbot/kobuki_base_ros2/install/ecl_type_traits:/home/fbot/kobuki_base_ros2/install/ecl_errors:/home/fbot/kobuki_base_ros2/install/ecl_console:/home/fbot/kobuki_base_ros2/install/kobuki_ros_interfaces:/home/fbot/kobuki_base_ros2/install/ecl_mpl:/home/fbot/kobuki_base_ros2/install/ecl_eigen:/home/fbot/kobuki_base_ros2/install/ecl_config:/home/fbot/kobuki_base_ros2/install/ecl_command_line:${AMENT_PREFIX_PATH} CMAKE_PREFIX_PATH=/home/fbot/kobuki_base_ros2/install/kobuki_core:/home/fbot/kobuki_base_ros2/install/ecl_mobile_robot:/home/fbot/kobuki_base_ros2/install/ecl_geometry:/home/fbot/kobuki_base_ros2/install/ecl_devices:/home/fbot/kobuki_base_ros2/install/ecl_sigslots:/home/fbot/kobuki_base_ros2/install/ecl_linear_algebra:/home/fbot/kobuki_base_ros2/install/ecl_containers:/home/fbot/kobuki_base_ros2/install/ecl_threads:/home/fbot/kobuki_base_ros2/install/ecl_formatters:/home/fbot/kobuki_base_ros2/install/ecl_utilities:/home/fbot/kobuki_base_ros2/install/ecl_time:/home/fbot/kobuki_base_ros2/install/ecl_converters:/home/fbot/kobuki_base_ros2/install/ecl_time_lite:/home/fbot/kobuki_base_ros2/install/ecl_math:/home/fbot/kobuki_base_ros2/install/ecl_exceptions:/home/fbot/kobuki_base_ros2/install/ecl_concepts:/home/fbot/kobuki_base_ros2/install/ecl_type_traits:/home/fbot/kobuki_base_ros2/install/ecl_errors:/home/fbot/kobuki_base_ros2/install/ecl_console:/home/fbot/kobuki_base_ros2/install/kobuki_ros_interfaces:/home/fbot/kobuki_base_ros2/install/ecl_mpl:/home/fbot/kobuki_base_ros2/install/ecl_eigen:/home/fbot/kobuki_base_ros2/install/ecl_config:/home/fbot/kobuki_base_ros2/install/ecl_command_line:/opt/ros/humble LD_LIBRARY_PATH=/home/fbot/kobuki_base_ros2/install/kobuki_core/lib:/home/fbot/kobuki_base_ros2/install/ecl_mobile_robot/lib:/home/fbot/kobuki_base_ros2/install/ecl_geometry/lib:/home/fbot/kobuki_base_ros2/install/ecl_devices/lib:/home/fbot/kobuki_base_ros2/install/ecl_linear_algebra/lib:/home/fbot/kobuki_base_ros2/install/ecl_threads/lib:/home/fbot/kobuki_base_ros2/install/ecl_formatters/lib:/home/fbot/kobuki_base_ros2/install/ecl_time/lib:/home/fbot/kobuki_base_ros2/install/ecl_time_lite/lib:/home/fbot/kobuki_base_ros2/install/ecl_exceptions/lib:/home/fbot/kobuki_base_ros2/install/ecl_type_traits/lib:/home/fbot/kobuki_base_ros2/install/ecl_errors/lib:/home/fbot/kobuki_base_ros2/install/kobuki_ros_interfaces/lib:${LD_LIBRARY_PATH} PATH=/home/fbot/kobuki_base_ros2/install/kobuki_core/bin:/home/fbot/kobuki_base_ros2/install/ecl_type_traits/bin:/home/fbot/kobuki_base_ros2/install/ecl_config/bin:${PATH} PYTHONPATH=/home/fbot/kobuki_base_ros2/install/kobuki_ros_interfaces/local/lib/python3.10/dist-packages:${PYTHONPATH} /usr/bin/cmake --install /home/fbot/kobuki_base_ros2/build/kobuki_node
