[0.026s] Invoking command in '/home/fbot/kobuki_base_ros2/build/ecl_config': CMAKE_PREFIX_PATH=/opt/ros/humble /usr/bin/cmake --build /home/fbot/kobuki_base_ros2/build/ecl_config -- -j12 -l12
[0.313s] [35m[1mConsolidate compiler generated dependencies of target ecl_detect_endian[0m
[0.313s] [35m[1mConsolidate compiler generated dependencies of target gtest[0m
[0.313s] [35m[1mConsolidate compiler generated dependencies of target ecl_detect_posix[0m
[0.313s] [35m[1mConsolidate compiler generated dependencies of target gtest_main[0m
[0.313s] [ 12%] Built target ecl_detect_endian
[0.313s] [ 25%] Built target gtest
[0.313s] [ 37%] Built target ecl_detect_posix
[0.313s] [ 50%] Built target gtest_main
[0.313s] [35m[1mConsolidate compiler generated dependencies of target ecl_test_macros[0m
[0.313s] [35m[1mConsolidate compiler generated dependencies of target ecl_test_char_sign[0m
[0.313s] [35m[1mConsolidate compiler generated dependencies of target ecl_test_endianness[0m
[0.314s] [35m[1mConsolidate compiler generated dependencies of target ecl_test_portable_types[0m
[0.314s] [ 62%] Built target ecl_test_macros
[0.314s] [ 75%] Built target ecl_test_char_sign
[0.314s] [ 93%] Built target ecl_test_endianness
[0.314s] [100%] Built target ecl_test_portable_types
[0.332s] Invoked command in '/home/fbot/kobuki_base_ros2/build/ecl_config' returned '0': CMAKE_PREFIX_PATH=/opt/ros/humble /usr/bin/cmake --build /home/fbot/kobuki_base_ros2/build/ecl_config -- -j12 -l12
[0.340s] Invoking command in '/home/fbot/kobuki_base_ros2/build/ecl_config': CMAKE_PREFIX_PATH=/opt/ros/humble /usr/bin/cmake --install /home/fbot/kobuki_base_ros2/build/ecl_config
[0.345s] -- Install configuration: ""
[0.345s] -- Up-to-date: /home/fbot/kobuki_base_ros2/install/ecl_config/share/ament_index/resource_index/package_run_dependencies/ecl_config
[0.345s] -- Up-to-date: /home/fbot/kobuki_base_ros2/install/ecl_config/share/ament_index/resource_index/parent_prefix_path/ecl_config
[0.345s] -- Up-to-date: /home/fbot/kobuki_base_ros2/install/ecl_config/share/ecl_config/environment/ament_prefix_path.sh
[0.345s] -- Up-to-date: /home/fbot/kobuki_base_ros2/install/ecl_config/share/ecl_config/environment/ament_prefix_path.dsv
[0.345s] -- Up-to-date: /home/fbot/kobuki_base_ros2/install/ecl_config/share/ecl_config/environment/path.sh
[0.345s] -- Up-to-date: /home/fbot/kobuki_base_ros2/install/ecl_config/share/ecl_config/environment/path.dsv
[0.345s] -- Up-to-date: /home/fbot/kobuki_base_ros2/install/ecl_config/share/ecl_config/local_setup.bash
[0.345s] -- Up-to-date: /home/fbot/kobuki_base_ros2/install/ecl_config/share/ecl_config/local_setup.sh
[0.345s] -- Up-to-date: /home/fbot/kobuki_base_ros2/install/ecl_config/share/ecl_config/local_setup.zsh
[0.345s] -- Up-to-date: /home/fbot/kobuki_base_ros2/install/ecl_config/share/ecl_config/local_setup.dsv
[0.345s] -- Installing: /home/fbot/kobuki_base_ros2/install/ecl_config/share/ecl_config/package.dsv
[0.345s] -- Up-to-date: /home/fbot/kobuki_base_ros2/install/ecl_config/share/ament_index/resource_index/packages/ecl_config
[0.346s] -- Up-to-date: /home/fbot/kobuki_base_ros2/install/ecl_config/share/ecl_config/cmake/ecl_configExport.cmake
[0.346s] -- Up-to-date: /home/fbot/kobuki_base_ros2/install/ecl_config/share/ecl_config/cmake/ament_cmake_export_targets-extras.cmake
[0.346s] -- Up-to-date: /home/fbot/kobuki_base_ros2/install/ecl_config/share/ecl_config/cmake/ament_cmake_export_include_directories-extras.cmake
[0.346s] -- Up-to-date: /home/fbot/kobuki_base_ros2/install/ecl_config/share/ecl_config/cmake/ecl_configConfig.cmake
[0.346s] -- Up-to-date: /home/fbot/kobuki_base_ros2/install/ecl_config/share/ecl_config/cmake/ecl_configConfig-version.cmake
[0.346s] -- Up-to-date: /home/fbot/kobuki_base_ros2/install/ecl_config/share/ecl_config/package.xml
[0.346s] -- Up-to-date: /home/fbot/kobuki_base_ros2/install/ecl_config/include/ecl/config.hpp
[0.346s] -- Up-to-date: /home/fbot/kobuki_base_ros2/install/ecl_config/include/ecl/config/ecl.hpp
[0.346s] -- Up-to-date: /home/fbot/kobuki_base_ros2/install/ecl_config/include/ecl/config/char_sign.hpp
[0.346s] -- Up-to-date: /home/fbot/kobuki_base_ros2/install/ecl_config/include/ecl/config/ecl_unknown.hpp
[0.346s] -- Up-to-date: /home/fbot/kobuki_base_ros2/install/ecl_config/include/ecl/config/endianness.hpp
[0.346s] -- Up-to-date: /home/fbot/kobuki_base_ros2/install/ecl_config/include/ecl/config/macros.hpp
[0.346s] -- Up-to-date: /home/fbot/kobuki_base_ros2/install/ecl_config/include/ecl/config/portable_types.hpp
[0.346s] -- Up-to-date: /home/fbot/kobuki_base_ros2/install/ecl_config/include/ecl/config/windows.hpp
[0.346s] -- Up-to-date: /home/fbot/kobuki_base_ros2/install/ecl_config/bin/ecl_detect_endian
[0.346s] -- Up-to-date: /home/fbot/kobuki_base_ros2/install/ecl_config/bin/ecl_detect_posix
[0.396s] Invoked command in '/home/fbot/kobuki_base_ros2/build/ecl_config' returned '0': CMAKE_PREFIX_PATH=/opt/ros/humble /usr/bin/cmake --install /home/fbot/kobuki_base_ros2/build/ecl_config
