[0.340s] Invoking command in '/home/fbot/kobuki_base_ros2/build/kobuki_description': CMAKE_PREFIX_PATH=/opt/ros/humble /usr/bin/cmake /home/fbot/kobuki_base_ros2/src/kobuki_ros/kobuki_description -DCMAKE_INSTALL_PREFIX=/home/fbot/kobuki_base_ros2/install/kobuki_description
[0.398s] -- The C compiler identification is GNU 11.4.0
[0.450s] -- The CXX compiler identification is GNU 11.4.0
[0.458s] -- Detecting C compiler ABI info
[0.526s] -- Detecting C compiler ABI info - done
[0.534s] -- Check for working C compiler: /usr/bin/cc - skipped
[0.534s] -- Detecting C compile features
[0.535s] -- Detecting C compile features - done
[0.537s] -- Detecting CXX compiler ABI info
[0.605s] -- Detecting CXX compiler ABI info - done
[0.617s] -- Check for working CXX compiler: /usr/bin/c++ - skipped
[0.617s] -- Detecting CXX compile features
[0.618s] -- Detecting CXX compile features - done
[0.620s] -- Found ament_cmake: 1.3.13 (/opt/ros/humble/share/ament_cmake/cmake)
[0.776s] -- Found Python3: /usr/bin/python3 (found version "3.10.12") found components: Interpreter 
[0.854s] -- Found ament_lint_auto: 0.12.15 (/opt/ros/humble/share/ament_lint_auto/cmake)
[0.932s] -- Added test 'copyright' to check source files copyright and LICENSE
[0.935s] -- Added test 'flake8' to check Python code syntax and style conventions
[0.936s] -- Added test 'lint_cmake' to check CMake code style
[0.937s] -- Added test 'pep257' to check Python code against some of the docstring style conventions in PEP 257
[0.939s] -- Added test 'xmllint' to check XML markup files
[0.941s] -- Configuring done
[0.944s] -- Generating done
[0.946s] -- Build files have been written to: /home/fbot/kobuki_base_ros2/build/kobuki_description
[0.951s] Invoked command in '/home/fbot/kobuki_base_ros2/build/kobuki_description' returned '0': CMAKE_PREFIX_PATH=/opt/ros/humble /usr/bin/cmake /home/fbot/kobuki_base_ros2/src/kobuki_ros/kobuki_description -DCMAKE_INSTALL_PREFIX=/home/fbot/kobuki_base_ros2/install/kobuki_description
[0.953s] Invoking command in '/home/fbot/kobuki_base_ros2/build/kobuki_description': CMAKE_PREFIX_PATH=/opt/ros/humble /usr/bin/cmake --build /home/fbot/kobuki_base_ros2/build/kobuki_description -- -j12 -l12
[0.989s] Invoked command in '/home/fbot/kobuki_base_ros2/build/kobuki_description' returned '0': CMAKE_PREFIX_PATH=/opt/ros/humble /usr/bin/cmake --build /home/fbot/kobuki_base_ros2/build/kobuki_description -- -j12 -l12
[0.991s] Invoking command in '/home/fbot/kobuki_base_ros2/build/kobuki_description': CMAKE_PREFIX_PATH=/opt/ros/humble /usr/bin/cmake --install /home/fbot/kobuki_base_ros2/build/kobuki_description
[0.999s] -- Install configuration: ""
[0.999s] -- Installing: /home/fbot/kobuki_base_ros2/install/kobuki_description/share/kobuki_description/launch
[0.999s] -- Installing: /home/fbot/kobuki_base_ros2/install/kobuki_description/share/kobuki_description/launch/robot_description.launch.py
[0.999s] -- Installing: /home/fbot/kobuki_base_ros2/install/kobuki_description/share/kobuki_description/meshes
[0.999s] -- Installing: /home/fbot/kobuki_base_ros2/install/kobuki_description/share/kobuki_description/meshes/wheel.dae
[0.999s] -- Installing: /home/fbot/kobuki_base_ros2/install/kobuki_description/share/kobuki_description/meshes/main_body.dae
[1.000s] -- Installing: /home/fbot/kobuki_base_ros2/install/kobuki_description/share/kobuki_description/meshes/images
[1.000s] -- Installing: /home/fbot/kobuki_base_ros2/install/kobuki_description/share/kobuki_description/meshes/images/wheel.jpg
[1.000s] -- Installing: /home/fbot/kobuki_base_ros2/install/kobuki_description/share/kobuki_description/meshes/images/main_body.jpg
[1.000s] -- Installing: /home/fbot/kobuki_base_ros2/install/kobuki_description/share/kobuki_description/rviz
[1.001s] -- Installing: /home/fbot/kobuki_base_ros2/install/kobuki_description/share/kobuki_description/rviz/model.rviz
[1.001s] -- Installing: /home/fbot/kobuki_base_ros2/install/kobuki_description/share/kobuki_description/urdf
[1.001s] -- Installing: /home/fbot/kobuki_base_ros2/install/kobuki_description/share/kobuki_description/urdf/kobuki.urdf.xacro
[1.001s] -- Installing: /home/fbot/kobuki_base_ros2/install/kobuki_description/share/kobuki_description/urdf/kobuki_standalone.urdf.xacro
[1.001s] -- Installing: /home/fbot/kobuki_base_ros2/install/kobuki_description/share/kobuki_description/urdf/kobuki_gazebo.urdf.xacro
[1.001s] -- Installing: /home/fbot/kobuki_base_ros2/install/kobuki_description/share/kobuki_description/urdf/common_properties.urdf.xacro
[1.001s] -- Installing: /home/fbot/kobuki_base_ros2/install/kobuki_description/share/ament_index/resource_index/package_run_dependencies/kobuki_description
[1.001s] -- Installing: /home/fbot/kobuki_base_ros2/install/kobuki_description/share/ament_index/resource_index/parent_prefix_path/kobuki_description
[1.002s] -- Installing: /home/fbot/kobuki_base_ros2/install/kobuki_description/share/kobuki_description/environment/ament_prefix_path.sh
[1.002s] -- Installing: /home/fbot/kobuki_base_ros2/install/kobuki_description/share/kobuki_description/environment/ament_prefix_path.dsv
[1.002s] -- Installing: /home/fbot/kobuki_base_ros2/install/kobuki_description/share/kobuki_description/environment/path.sh
[1.002s] -- Installing: /home/fbot/kobuki_base_ros2/install/kobuki_description/share/kobuki_description/environment/path.dsv
[1.002s] -- Installing: /home/fbot/kobuki_base_ros2/install/kobuki_description/share/kobuki_description/local_setup.bash
[1.002s] -- Installing: /home/fbot/kobuki_base_ros2/install/kobuki_description/share/kobuki_description/local_setup.sh
[1.002s] -- Installing: /home/fbot/kobuki_base_ros2/install/kobuki_description/share/kobuki_description/local_setup.zsh
[1.002s] -- Installing: /home/fbot/kobuki_base_ros2/install/kobuki_description/share/kobuki_description/local_setup.dsv
[1.003s] -- Installing: /home/fbot/kobuki_base_ros2/install/kobuki_description/share/kobuki_description/package.dsv
[1.003s] -- Installing: /home/fbot/kobuki_base_ros2/install/kobuki_description/share/ament_index/resource_index/packages/kobuki_description
[1.003s] -- Installing: /home/fbot/kobuki_base_ros2/install/kobuki_description/share/kobuki_description/cmake/kobuki_descriptionConfig.cmake
[1.003s] -- Installing: /home/fbot/kobuki_base_ros2/install/kobuki_description/share/kobuki_description/cmake/kobuki_descriptionConfig-version.cmake
[1.003s] -- Installing: /home/fbot/kobuki_base_ros2/install/kobuki_description/share/kobuki_description/package.xml
[1.005s] Invoked command in '/home/fbot/kobuki_base_ros2/build/kobuki_description' returned '0': CMAKE_PREFIX_PATH=/opt/ros/humble /usr/bin/cmake --install /home/fbot/kobuki_base_ros2/build/kobuki_description
