[0.748s] Invoking command in '/home/fbot/kobuki_base_ros2/src/imu_serial': PYTHONPATH=/home/fbot/kobuki_base_ros2/build/imu_serial/prefix_override:/usr/lib/python3/dist-packages/colcon_core/task/python/colcon_distutils_commands:/home/fbot/kobuki_base_ros2/install/imu_serial/lib/python3.10/site-packages:${PYTHONPATH} /usr/bin/python3 -W ignore:setup.py install is deprecated -W ignore:easy_install command is deprecated setup.py egg_info --egg-base ../../build/imu_serial build --build-base /home/fbot/kobuki_base_ros2/build/imu_serial/build install --record /home/fbot/kobuki_base_ros2/build/imu_serial/install.log --single-version-externally-managed install_data
[1.005s] running egg_info
[1.005s] writing ../../build/imu_serial/imu_serial.egg-info/PKG-INFO
[1.005s] writing dependency_links to ../../build/imu_serial/imu_serial.egg-info/dependency_links.txt
[1.005s] writing entry points to ../../build/imu_serial/imu_serial.egg-info/entry_points.txt
[1.006s] writing requirements to ../../build/imu_serial/imu_serial.egg-info/requires.txt
[1.006s] writing top-level names to ../../build/imu_serial/imu_serial.egg-info/top_level.txt
[1.007s] reading manifest file '../../build/imu_serial/imu_serial.egg-info/SOURCES.txt'
[1.008s] writing manifest file '../../build/imu_serial/imu_serial.egg-info/SOURCES.txt'
[1.008s] running build
[1.008s] running build_py
[1.008s] running install
[1.008s] running install_lib
[1.009s] running install_data
[1.009s] running install_egg_info
[1.011s] removing '/home/fbot/kobuki_base_ros2/install/imu_serial/lib/python3.10/site-packages/imu_serial-0.0.0-py3.10.egg-info' (and everything under it)
[1.011s] Copying ../../build/imu_serial/imu_serial.egg-info to /home/fbot/kobuki_base_ros2/install/imu_serial/lib/python3.10/site-packages/imu_serial-0.0.0-py3.10.egg-info
[1.012s] running install_scripts
[1.029s] Installing imu_node script to /home/fbot/kobuki_base_ros2/install/imu_serial/lib/imu_serial
[1.029s] writing list of installed files to '/home/fbot/kobuki_base_ros2/build/imu_serial/install.log'
[1.051s] Invoked command in '/home/fbot/kobuki_base_ros2/src/imu_serial' returned '0': PYTHONPATH=/home/fbot/kobuki_base_ros2/build/imu_serial/prefix_override:/usr/lib/python3/dist-packages/colcon_core/task/python/colcon_distutils_commands:/home/fbot/kobuki_base_ros2/install/imu_serial/lib/python3.10/site-packages:${PYTHONPATH} /usr/bin/python3 -W ignore:setup.py install is deprecated -W ignore:easy_install command is deprecated setup.py egg_info --egg-base ../../build/imu_serial build --build-base /home/fbot/kobuki_base_ros2/build/imu_serial/build install --record /home/fbot/kobuki_base_ros2/build/imu_serial/install.log --single-version-externally-managed install_data
