[0.014s] Invoking command in '/home/fbot/kobuki_base_ros2/build/kobuki_safety_controller': AMENT_PREFIX_PATH=/home/fbot/kobuki_base_ros2/install/kobuki_ros_interfaces:${AMENT_PREFIX_PATH} CMAKE_PREFIX_PATH=/home/fbot/kobuki_base_ros2/install/kobuki_ros_interfaces:/opt/ros/humble LD_LIBRARY_PATH=/home/fbot/kobuki_base_ros2/install/kobuki_ros_interfaces/lib:${LD_LIBRARY_PATH} PYTHONPATH=/home/fbot/kobuki_base_ros2/install/kobuki_ros_interfaces/local/lib/python3.10/dist-packages:${PYTHONPATH} /usr/bin/cmake /home/fbot/kobuki_base_ros2/src/kobuki_ros/kobuki_safety_controller -DCMAKE_INSTALL_PREFIX=/home/fbot/kobuki_base_ros2/install/kobuki_safety_controller
[0.070s] -- The C compiler identification is GNU 11.4.0
[0.126s] -- The CXX compiler identification is GNU 11.4.0
[0.132s] -- Detecting C compiler ABI info
[0.186s] -- Detecting C compiler ABI info - done
[0.193s] -- Check for working C compiler: /usr/bin/cc - skipped
[0.193s] -- Detecting C compile features
[0.193s] -- Detecting C compile features - done
[0.197s] -- Detecting CXX compiler ABI info
[0.262s] -- Detecting CXX compiler ABI info - done
[0.270s] -- Check for working CXX compiler: /usr/bin/c++ - skipped
[0.270s] -- Detecting CXX compile features
[0.271s] -- Detecting CXX compile features - done
[0.272s] -- Found ament_cmake_ros: 0.10.0 (/opt/ros/humble/share/ament_cmake_ros/cmake)
[0.431s] -- Found Python3: /usr/bin/python3 (found version "3.10.12") found components: Interpreter 
[0.513s] -- Found ecl_build: 1.0.3 (/opt/ros/humble/share/ecl_build/cmake)
[0.518s] -- Found geometry_msgs: 4.9.1 (/opt/ros/humble/share/geometry_msgs/cmake)
[0.545s] -- Found rosidl_generator_c: 3.1.8 (/opt/ros/humble/share/rosidl_generator_c/cmake)
[0.549s] -- Found rosidl_adapter: 3.1.8 (/opt/ros/humble/share/rosidl_adapter/cmake)
[0.556s] -- Found rosidl_generator_cpp: 3.1.8 (/opt/ros/humble/share/rosidl_generator_cpp/cmake)
[0.565s] -- Using all available rosidl_typesupport_c: rosidl_typesupport_fastrtps_c;rosidl_typesupport_introspection_c
[0.580s] -- Using all available rosidl_typesupport_cpp: rosidl_typesupport_fastrtps_cpp;rosidl_typesupport_introspection_cpp
[0.614s] -- Found kobuki_ros_interfaces: 1.0.0 (/home/fbot/kobuki_base_ros2/install/kobuki_ros_interfaces/share/kobuki_ros_interfaces/cmake)
[0.651s] -- Found rclcpp: 16.0.18 (/opt/ros/humble/share/rclcpp/cmake)
[0.680s] -- Found rmw_implementation_cmake: 6.1.2 (/opt/ros/humble/share/rmw_implementation_cmake/cmake)
[0.682s] -- Found rmw_fastrtps_cpp: 6.2.10 (/opt/ros/humble/share/rmw_fastrtps_cpp/cmake)
[0.746s] -- Found OpenSSL: /usr/lib/x86_64-linux-gnu/libcrypto.so (found version "3.0.2")  
[0.768s] -- Found FastRTPS: /opt/ros/humble/include  
[0.803s] -- Using RMW implementation 'rmw_fastrtps_cpp' as default
[0.809s] -- Looking for pthread.h
[0.868s] -- Looking for pthread.h - found
[0.868s] -- Performing Test CMAKE_HAVE_LIBC_PTHREAD
[0.933s] -- Performing Test CMAKE_HAVE_LIBC_PTHREAD - Success
[0.935s] -- Found Threads: TRUE  
[0.972s] -- Found rclcpp_components: 16.0.18 (/opt/ros/humble/share/rclcpp_components/cmake)
[1.069s] -- Configuring done
[1.087s] -- Generating done
[1.091s] -- Build files have been written to: /home/fbot/kobuki_base_ros2/build/kobuki_safety_controller
[1.102s] Invoked command in '/home/fbot/kobuki_base_ros2/build/kobuki_safety_controller' returned '0': AMENT_PREFIX_PATH=/home/fbot/kobuki_base_ros2/install/kobuki_ros_interfaces:${AMENT_PREFIX_PATH} CMAKE_PREFIX_PATH=/home/fbot/kobuki_base_ros2/install/kobuki_ros_interfaces:/opt/ros/humble LD_LIBRARY_PATH=/home/fbot/kobuki_base_ros2/install/kobuki_ros_interfaces/lib:${LD_LIBRARY_PATH} PYTHONPATH=/home/fbot/kobuki_base_ros2/install/kobuki_ros_interfaces/local/lib/python3.10/dist-packages:${PYTHONPATH} /usr/bin/cmake /home/fbot/kobuki_base_ros2/src/kobuki_ros/kobuki_safety_controller -DCMAKE_INSTALL_PREFIX=/home/fbot/kobuki_base_ros2/install/kobuki_safety_controller
[1.103s] Invoking command in '/home/fbot/kobuki_base_ros2/build/kobuki_safety_controller': AMENT_PREFIX_PATH=/home/fbot/kobuki_base_ros2/install/kobuki_ros_interfaces:${AMENT_PREFIX_PATH} CMAKE_PREFIX_PATH=/home/fbot/kobuki_base_ros2/install/kobuki_ros_interfaces:/opt/ros/humble LD_LIBRARY_PATH=/home/fbot/kobuki_base_ros2/install/kobuki_ros_interfaces/lib:${LD_LIBRARY_PATH} PYTHONPATH=/home/fbot/kobuki_base_ros2/install/kobuki_ros_interfaces/local/lib/python3.10/dist-packages:${PYTHONPATH} /usr/bin/cmake --build /home/fbot/kobuki_base_ros2/build/kobuki_safety_controller -- -j12 -l12
[1.155s] [ 25%] [32mBuilding CXX object CMakeFiles/kobuki_safety_controller_node.dir/rclcpp_components/node_main_kobuki_safety_controller_node.cpp.o[0m
[1.156s] [ 50%] [32mBuilding CXX object CMakeFiles/kobuki_safety_controller.dir/src/safety_controller.cpp.o[0m
[5.174s] [ 75%] [32m[1mLinking CXX executable kobuki_safety_controller_node[0m
[5.356s] [ 75%] Built target kobuki_safety_controller_node
[22.075s] [100%] [32m[1mLinking CXX shared library libkobuki_safety_controller.so[0m
[23.808s] [100%] Built target kobuki_safety_controller
[23.835s] Invoked command in '/home/fbot/kobuki_base_ros2/build/kobuki_safety_controller' returned '0': AMENT_PREFIX_PATH=/home/fbot/kobuki_base_ros2/install/kobuki_ros_interfaces:${AMENT_PREFIX_PATH} CMAKE_PREFIX_PATH=/home/fbot/kobuki_base_ros2/install/kobuki_ros_interfaces:/opt/ros/humble LD_LIBRARY_PATH=/home/fbot/kobuki_base_ros2/install/kobuki_ros_interfaces/lib:${LD_LIBRARY_PATH} PYTHONPATH=/home/fbot/kobuki_base_ros2/install/kobuki_ros_interfaces/local/lib/python3.10/dist-packages:${PYTHONPATH} /usr/bin/cmake --build /home/fbot/kobuki_base_ros2/build/kobuki_safety_controller -- -j12 -l12
[23.836s] Invoking command in '/home/fbot/kobuki_base_ros2/build/kobuki_safety_controller': AMENT_PREFIX_PATH=/home/fbot/kobuki_base_ros2/install/kobuki_ros_interfaces:${AMENT_PREFIX_PATH} CMAKE_PREFIX_PATH=/home/fbot/kobuki_base_ros2/install/kobuki_ros_interfaces:/opt/ros/humble LD_LIBRARY_PATH=/home/fbot/kobuki_base_ros2/install/kobuki_ros_interfaces/lib:${LD_LIBRARY_PATH} PYTHONPATH=/home/fbot/kobuki_base_ros2/install/kobuki_ros_interfaces/local/lib/python3.10/dist-packages:${PYTHONPATH} /usr/bin/cmake --install /home/fbot/kobuki_base_ros2/build/kobuki_safety_controller
[23.843s] -- Install configuration: ""
[23.843s] -- Installing: /home/fbot/kobuki_base_ros2/install/kobuki_safety_controller/lib/kobuki_safety_controller/kobuki_safety_controller_node
[23.843s] -- Set runtime path of "/home/fbot/kobuki_base_ros2/install/kobuki_safety_controller/lib/kobuki_safety_controller/kobuki_safety_controller_node" to ""
[23.843s] -- Installing: /home/fbot/kobuki_base_ros2/install/kobuki_safety_controller/lib/libkobuki_safety_controller.so
[23.860s] -- Set runtime path of "/home/fbot/kobuki_base_ros2/install/kobuki_safety_controller/lib/libkobuki_safety_controller.so" to ""
[23.861s] -- Installing: /home/fbot/kobuki_base_ros2/install/kobuki_safety_controller/include/kobuki_safety_controller
[23.861s] -- Installing: /home/fbot/kobuki_base_ros2/install/kobuki_safety_controller/include/kobuki_safety_controller/safety_controller.hpp
[23.861s] -- Installing: /home/fbot/kobuki_base_ros2/install/kobuki_safety_controller/share/kobuki_safety_controller/config
[23.861s] -- Installing: /home/fbot/kobuki_base_ros2/install/kobuki_safety_controller/share/kobuki_safety_controller/config/safety_controller_params.yaml
[23.861s] -- Installing: /home/fbot/kobuki_base_ros2/install/kobuki_safety_controller/share/kobuki_safety_controller/launch
[23.861s] -- Installing: /home/fbot/kobuki_base_ros2/install/kobuki_safety_controller/share/kobuki_safety_controller/launch/safety_controller-composed-launch.py
[23.861s] -- Installing: /home/fbot/kobuki_base_ros2/install/kobuki_safety_controller/share/kobuki_safety_controller/launch/safety_controller-launch.py
[23.861s] -- Installing: /home/fbot/kobuki_base_ros2/install/kobuki_safety_controller/share/ament_index/resource_index/package_run_dependencies/kobuki_safety_controller
[23.861s] -- Installing: /home/fbot/kobuki_base_ros2/install/kobuki_safety_controller/share/ament_index/resource_index/parent_prefix_path/kobuki_safety_controller
[23.861s] -- Installing: /home/fbot/kobuki_base_ros2/install/kobuki_safety_controller/share/kobuki_safety_controller/environment/ament_prefix_path.sh
[23.862s] -- Installing: /home/fbot/kobuki_base_ros2/install/kobuki_safety_controller/share/kobuki_safety_controller/environment/ament_prefix_path.dsv
[23.862s] -- Installing: /home/fbot/kobuki_base_ros2/install/kobuki_safety_controller/share/kobuki_safety_controller/environment/path.sh
[23.862s] -- Installing: /home/fbot/kobuki_base_ros2/install/kobuki_safety_controller/share/kobuki_safety_controller/environment/path.dsv
[23.862s] -- Installing: /home/fbot/kobuki_base_ros2/install/kobuki_safety_controller/share/kobuki_safety_controller/local_setup.bash
[23.862s] -- Installing: /home/fbot/kobuki_base_ros2/install/kobuki_safety_controller/share/kobuki_safety_controller/local_setup.sh
[23.862s] -- Installing: /home/fbot/kobuki_base_ros2/install/kobuki_safety_controller/share/kobuki_safety_controller/local_setup.zsh
[23.862s] -- Installing: /home/fbot/kobuki_base_ros2/install/kobuki_safety_controller/share/kobuki_safety_controller/local_setup.dsv
[23.862s] -- Installing: /home/fbot/kobuki_base_ros2/install/kobuki_safety_controller/share/kobuki_safety_controller/package.dsv
[23.862s] -- Installing: /home/fbot/kobuki_base_ros2/install/kobuki_safety_controller/share/ament_index/resource_index/packages/kobuki_safety_controller
[23.863s] -- Installing: /home/fbot/kobuki_base_ros2/install/kobuki_safety_controller/share/ament_index/resource_index/rclcpp_components/kobuki_safety_controller
[23.863s] -- Installing: /home/fbot/kobuki_base_ros2/install/kobuki_safety_controller/share/kobuki_safety_controller/cmake/kobuki_safety_controllerConfig.cmake
[23.863s] -- Installing: /home/fbot/kobuki_base_ros2/install/kobuki_safety_controller/share/kobuki_safety_controller/cmake/kobuki_safety_controllerConfig-version.cmake
[23.863s] -- Installing: /home/fbot/kobuki_base_ros2/install/kobuki_safety_controller/share/kobuki_safety_controller/package.xml
[23.864s] Invoked command in '/home/fbot/kobuki_base_ros2/build/kobuki_safety_controller' returned '0': AMENT_PREFIX_PATH=/home/fbot/kobuki_base_ros2/install/kobuki_ros_interfaces:${AMENT_PREFIX_PATH} CMAKE_PREFIX_PATH=/home/fbot/kobuki_base_ros2/install/kobuki_ros_interfaces:/opt/ros/humble LD_LIBRARY_PATH=/home/fbot/kobuki_base_ros2/install/kobuki_ros_interfaces/lib:${LD_LIBRARY_PATH} PYTHONPATH=/home/fbot/kobuki_base_ros2/install/kobuki_ros_interfaces/local/lib/python3.10/dist-packages:${PYTHONPATH} /usr/bin/cmake --install /home/fbot/kobuki_base_ros2/build/kobuki_safety_controller
