[0.031s] Invoking command in '/home/fbot/kobuki_base_ros2/build/kobuki_core': AMENT_PREFIX_PATH=/home/fbot/kobuki_base_ros2/install/ecl_mobile_robot:/home/fbot/kobuki_base_ros2/install/ecl_geometry:/home/fbot/kobuki_base_ros2/install/ecl_devices:/home/fbot/kobuki_base_ros2/install/ecl_sigslots:/home/fbot/kobuki_base_ros2/install/ecl_linear_algebra:/home/fbot/kobuki_base_ros2/install/ecl_containers:/home/fbot/kobuki_base_ros2/install/ecl_threads:/home/fbot/kobuki_base_ros2/install/ecl_formatters:/home/fbot/kobuki_base_ros2/install/ecl_utilities:/home/fbot/kobuki_base_ros2/install/ecl_time:/home/fbot/kobuki_base_ros2/install/ecl_converters:/home/fbot/kobuki_base_ros2/install/ecl_time_lite:/home/fbot/kobuki_base_ros2/install/ecl_math:/home/fbot/kobuki_base_ros2/install/ecl_exceptions:/home/fbot/kobuki_base_ros2/install/ecl_concepts:/home/fbot/kobuki_base_ros2/install/ecl_type_traits:/home/fbot/kobuki_base_ros2/install/ecl_errors:/home/fbot/kobuki_base_ros2/install/ecl_console:/home/fbot/kobuki_base_ros2/install/ecl_mpl:/home/fbot/kobuki_base_ros2/install/ecl_eigen:/home/fbot/kobuki_base_ros2/install/ecl_config:/home/fbot/kobuki_base_ros2/install/ecl_command_line:${AMENT_PREFIX_PATH} CMAKE_PREFIX_PATH=/home/fbot/kobuki_base_ros2/install/ecl_mobile_robot:/home/fbot/kobuki_base_ros2/install/ecl_geometry:/home/fbot/kobuki_base_ros2/install/ecl_devices:/home/fbot/kobuki_base_ros2/install/ecl_sigslots:/home/fbot/kobuki_base_ros2/install/ecl_linear_algebra:/home/fbot/kobuki_base_ros2/install/ecl_containers:/home/fbot/kobuki_base_ros2/install/ecl_threads:/home/fbot/kobuki_base_ros2/install/ecl_formatters:/home/fbot/kobuki_base_ros2/install/ecl_utilities:/home/fbot/kobuki_base_ros2/install/ecl_time:/home/fbot/kobuki_base_ros2/install/ecl_converters:/home/fbot/kobuki_base_ros2/install/ecl_time_lite:/home/fbot/kobuki_base_ros2/install/ecl_math:/home/fbot/kobuki_base_ros2/install/ecl_exceptions:/home/fbot/kobuki_base_ros2/install/ecl_concepts:/home/fbot/kobuki_base_ros2/install/ecl_type_traits:/home/fbot/kobuki_base_ros2/install/ecl_errors:/home/fbot/kobuki_base_ros2/install/ecl_console:/home/fbot/kobuki_base_ros2/install/ecl_mpl:/home/fbot/kobuki_base_ros2/install/ecl_eigen:/home/fbot/kobuki_base_ros2/install/ecl_config:/home/fbot/kobuki_base_ros2/install/ecl_command_line:/opt/ros/humble LD_LIBRARY_PATH=/home/fbot/kobuki_base_ros2/install/ecl_mobile_robot/lib:/home/fbot/kobuki_base_ros2/install/ecl_geometry/lib:/home/fbot/kobuki_base_ros2/install/ecl_devices/lib:/home/fbot/kobuki_base_ros2/install/ecl_linear_algebra/lib:/home/fbot/kobuki_base_ros2/install/ecl_threads/lib:/home/fbot/kobuki_base_ros2/install/ecl_formatters/lib:/home/fbot/kobuki_base_ros2/install/ecl_time/lib:/home/fbot/kobuki_base_ros2/install/ecl_time_lite/lib:/home/fbot/kobuki_base_ros2/install/ecl_exceptions/lib:/home/fbot/kobuki_base_ros2/install/ecl_type_traits/lib:/home/fbot/kobuki_base_ros2/install/ecl_errors/lib:${LD_LIBRARY_PATH} PATH=/home/fbot/kobuki_base_ros2/install/ecl_type_traits/bin:/home/fbot/kobuki_base_ros2/install/ecl_config/bin:${PATH} /usr/bin/cmake --build /home/fbot/kobuki_base_ros2/build/kobuki_core -- -j12 -l12
[0.081s] [35m[1mConsolidate compiler generated dependencies of target kobuki_core[0m
[0.105s] [ 41%] Built target kobuki_core
[0.118s] [35m[1mConsolidate compiler generated dependencies of target kobuki_core_demo_simple_loop[0m
[0.118s] [35m[1mConsolidate compiler generated dependencies of target kobuki_core_demo_data_stream[0m
[0.118s] [35m[1mConsolidate compiler generated dependencies of target kobuki_core_demo_chirp[0m
[0.118s] [35m[1mConsolidate compiler generated dependencies of target kobuki_core_demo_buttons[0m
[0.118s] [35m[1mConsolidate compiler generated dependencies of target kobuki_core_demo_velocity_commands[0m
[0.118s] [35m[1mConsolidate compiler generated dependencies of target kobuki_core_demo_custom_logging[0m
[0.118s] [35m[1mConsolidate compiler generated dependencies of target kobuki_core_demo_raw_data_stream[0m
[0.119s] [35m[1mConsolidate compiler generated dependencies of target kobuki_core_tool_version_info[0m
[0.119s] [35m[1mConsolidate compiler generated dependencies of target kobuki_core_demo_log_levels[0m
[0.119s] [35m[1mConsolidate compiler generated dependencies of target kobuki_core_tool_simple_keyop[0m
[0.132s] [ 47%] Built target kobuki_core_demo_velocity_commands
[0.137s] [ 67%] Built target kobuki_core_demo_simple_loop
[0.137s] [ 67%] Built target kobuki_core_demo_log_levels
[0.137s] [ 67%] Built target kobuki_core_demo_chirp
[0.137s] [ 70%] Built target kobuki_core_demo_raw_data_stream
[0.137s] [ 76%] Built target kobuki_core_demo_custom_logging
[0.138s] [ 88%] Built target kobuki_core_demo_buttons
[0.138s] [ 88%] Built target kobuki_core_demo_data_stream
[0.141s] [ 94%] Built target kobuki_core_tool_simple_keyop
[0.141s] [100%] Built target kobuki_core_tool_version_info
[0.150s] Invoked command in '/home/fbot/kobuki_base_ros2/build/kobuki_core' returned '0': AMENT_PREFIX_PATH=/home/fbot/kobuki_base_ros2/install/ecl_mobile_robot:/home/fbot/kobuki_base_ros2/install/ecl_geometry:/home/fbot/kobuki_base_ros2/install/ecl_devices:/home/fbot/kobuki_base_ros2/install/ecl_sigslots:/home/fbot/kobuki_base_ros2/install/ecl_linear_algebra:/home/fbot/kobuki_base_ros2/install/ecl_containers:/home/fbot/kobuki_base_ros2/install/ecl_threads:/home/fbot/kobuki_base_ros2/install/ecl_formatters:/home/fbot/kobuki_base_ros2/install/ecl_utilities:/home/fbot/kobuki_base_ros2/install/ecl_time:/home/fbot/kobuki_base_ros2/install/ecl_converters:/home/fbot/kobuki_base_ros2/install/ecl_time_lite:/home/fbot/kobuki_base_ros2/install/ecl_math:/home/fbot/kobuki_base_ros2/install/ecl_exceptions:/home/fbot/kobuki_base_ros2/install/ecl_concepts:/home/fbot/kobuki_base_ros2/install/ecl_type_traits:/home/fbot/kobuki_base_ros2/install/ecl_errors:/home/fbot/kobuki_base_ros2/install/ecl_console:/home/fbot/kobuki_base_ros2/install/ecl_mpl:/home/fbot/kobuki_base_ros2/install/ecl_eigen:/home/fbot/kobuki_base_ros2/install/ecl_config:/home/fbot/kobuki_base_ros2/install/ecl_command_line:${AMENT_PREFIX_PATH} CMAKE_PREFIX_PATH=/home/fbot/kobuki_base_ros2/install/ecl_mobile_robot:/home/fbot/kobuki_base_ros2/install/ecl_geometry:/home/fbot/kobuki_base_ros2/install/ecl_devices:/home/fbot/kobuki_base_ros2/install/ecl_sigslots:/home/fbot/kobuki_base_ros2/install/ecl_linear_algebra:/home/fbot/kobuki_base_ros2/install/ecl_containers:/home/fbot/kobuki_base_ros2/install/ecl_threads:/home/fbot/kobuki_base_ros2/install/ecl_formatters:/home/fbot/kobuki_base_ros2/install/ecl_utilities:/home/fbot/kobuki_base_ros2/install/ecl_time:/home/fbot/kobuki_base_ros2/install/ecl_converters:/home/fbot/kobuki_base_ros2/install/ecl_time_lite:/home/fbot/kobuki_base_ros2/install/ecl_math:/home/fbot/kobuki_base_ros2/install/ecl_exceptions:/home/fbot/kobuki_base_ros2/install/ecl_concepts:/home/fbot/kobuki_base_ros2/install/ecl_type_traits:/home/fbot/kobuki_base_ros2/install/ecl_errors:/home/fbot/kobuki_base_ros2/install/ecl_console:/home/fbot/kobuki_base_ros2/install/ecl_mpl:/home/fbot/kobuki_base_ros2/install/ecl_eigen:/home/fbot/kobuki_base_ros2/install/ecl_config:/home/fbot/kobuki_base_ros2/install/ecl_command_line:/opt/ros/humble LD_LIBRARY_PATH=/home/fbot/kobuki_base_ros2/install/ecl_mobile_robot/lib:/home/fbot/kobuki_base_ros2/install/ecl_geometry/lib:/home/fbot/kobuki_base_ros2/install/ecl_devices/lib:/home/fbot/kobuki_base_ros2/install/ecl_linear_algebra/lib:/home/fbot/kobuki_base_ros2/install/ecl_threads/lib:/home/fbot/kobuki_base_ros2/install/ecl_formatters/lib:/home/fbot/kobuki_base_ros2/install/ecl_time/lib:/home/fbot/kobuki_base_ros2/install/ecl_time_lite/lib:/home/fbot/kobuki_base_ros2/install/ecl_exceptions/lib:/home/fbot/kobuki_base_ros2/install/ecl_type_traits/lib:/home/fbot/kobuki_base_ros2/install/ecl_errors/lib:${LD_LIBRARY_PATH} PATH=/home/fbot/kobuki_base_ros2/install/ecl_type_traits/bin:/home/fbot/kobuki_base_ros2/install/ecl_config/bin:${PATH} /usr/bin/cmake --build /home/fbot/kobuki_base_ros2/build/kobuki_core -- -j12 -l12
[0.151s] Invoking command in '/home/fbot/kobuki_base_ros2/build/kobuki_core': AMENT_PREFIX_PATH=/home/fbot/kobuki_base_ros2/install/ecl_mobile_robot:/home/fbot/kobuki_base_ros2/install/ecl_geometry:/home/fbot/kobuki_base_ros2/install/ecl_devices:/home/fbot/kobuki_base_ros2/install/ecl_sigslots:/home/fbot/kobuki_base_ros2/install/ecl_linear_algebra:/home/fbot/kobuki_base_ros2/install/ecl_containers:/home/fbot/kobuki_base_ros2/install/ecl_threads:/home/fbot/kobuki_base_ros2/install/ecl_formatters:/home/fbot/kobuki_base_ros2/install/ecl_utilities:/home/fbot/kobuki_base_ros2/install/ecl_time:/home/fbot/kobuki_base_ros2/install/ecl_converters:/home/fbot/kobuki_base_ros2/install/ecl_time_lite:/home/fbot/kobuki_base_ros2/install/ecl_math:/home/fbot/kobuki_base_ros2/install/ecl_exceptions:/home/fbot/kobuki_base_ros2/install/ecl_concepts:/home/fbot/kobuki_base_ros2/install/ecl_type_traits:/home/fbot/kobuki_base_ros2/install/ecl_errors:/home/fbot/kobuki_base_ros2/install/ecl_console:/home/fbot/kobuki_base_ros2/install/ecl_mpl:/home/fbot/kobuki_base_ros2/install/ecl_eigen:/home/fbot/kobuki_base_ros2/install/ecl_config:/home/fbot/kobuki_base_ros2/install/ecl_command_line:${AMENT_PREFIX_PATH} CMAKE_PREFIX_PATH=/home/fbot/kobuki_base_ros2/install/ecl_mobile_robot:/home/fbot/kobuki_base_ros2/install/ecl_geometry:/home/fbot/kobuki_base_ros2/install/ecl_devices:/home/fbot/kobuki_base_ros2/install/ecl_sigslots:/home/fbot/kobuki_base_ros2/install/ecl_linear_algebra:/home/fbot/kobuki_base_ros2/install/ecl_containers:/home/fbot/kobuki_base_ros2/install/ecl_threads:/home/fbot/kobuki_base_ros2/install/ecl_formatters:/home/fbot/kobuki_base_ros2/install/ecl_utilities:/home/fbot/kobuki_base_ros2/install/ecl_time:/home/fbot/kobuki_base_ros2/install/ecl_converters:/home/fbot/kobuki_base_ros2/install/ecl_time_lite:/home/fbot/kobuki_base_ros2/install/ecl_math:/home/fbot/kobuki_base_ros2/install/ecl_exceptions:/home/fbot/kobuki_base_ros2/install/ecl_concepts:/home/fbot/kobuki_base_ros2/install/ecl_type_traits:/home/fbot/kobuki_base_ros2/install/ecl_errors:/home/fbot/kobuki_base_ros2/install/ecl_console:/home/fbot/kobuki_base_ros2/install/ecl_mpl:/home/fbot/kobuki_base_ros2/install/ecl_eigen:/home/fbot/kobuki_base_ros2/install/ecl_config:/home/fbot/kobuki_base_ros2/install/ecl_command_line:/opt/ros/humble LD_LIBRARY_PATH=/home/fbot/kobuki_base_ros2/install/ecl_mobile_robot/lib:/home/fbot/kobuki_base_ros2/install/ecl_geometry/lib:/home/fbot/kobuki_base_ros2/install/ecl_devices/lib:/home/fbot/kobuki_base_ros2/install/ecl_linear_algebra/lib:/home/fbot/kobuki_base_ros2/install/ecl_threads/lib:/home/fbot/kobuki_base_ros2/install/ecl_formatters/lib:/home/fbot/kobuki_base_ros2/install/ecl_time/lib:/home/fbot/kobuki_base_ros2/install/ecl_time_lite/lib:/home/fbot/kobuki_base_ros2/install/ecl_exceptions/lib:/home/fbot/kobuki_base_ros2/install/ecl_type_traits/lib:/home/fbot/kobuki_base_ros2/install/ecl_errors/lib:${LD_LIBRARY_PATH} PATH=/home/fbot/kobuki_base_ros2/install/ecl_type_traits/bin:/home/fbot/kobuki_base_ros2/install/ecl_config/bin:${PATH} /usr/bin/cmake --install /home/fbot/kobuki_base_ros2/build/kobuki_core
[0.158s] -- Install configuration: ""
[0.158s] -- Up-to-date: /home/fbot/kobuki_base_ros2/install/kobuki_core/include
[0.158s] -- Up-to-date: /home/fbot/kobuki_base_ros2/install/kobuki_core/include/CMakeLists.txt
[0.158s] -- Up-to-date: /home/fbot/kobuki_base_ros2/install/kobuki_core/include/kobuki_core
[0.158s] -- Up-to-date: /home/fbot/kobuki_base_ros2/install/kobuki_core/include/kobuki_core/version_info.hpp
[0.158s] -- Up-to-date: /home/fbot/kobuki_base_ros2/install/kobuki_core/include/kobuki_core/modules.hpp
[0.158s] -- Up-to-date: /home/fbot/kobuki_base_ros2/install/kobuki_core/include/kobuki_core/macros.hpp
[0.158s] -- Up-to-date: /home/fbot/kobuki_base_ros2/install/kobuki_core/include/kobuki_core/event_manager.hpp
[0.158s] -- Up-to-date: /home/fbot/kobuki_base_ros2/install/kobuki_core/include/kobuki_core/modules
[0.158s] -- Up-to-date: /home/fbot/kobuki_base_ros2/install/kobuki_core/include/kobuki_core/modules/diff_drive.hpp
[0.158s] -- Up-to-date: /home/fbot/kobuki_base_ros2/install/kobuki_core/include/kobuki_core/modules/led_array.hpp
[0.158s] -- Up-to-date: /home/fbot/kobuki_base_ros2/install/kobuki_core/include/kobuki_core/modules/acceleration_limiter.hpp
[0.158s] -- Up-to-date: /home/fbot/kobuki_base_ros2/install/kobuki_core/include/kobuki_core/modules/sound.hpp
[0.159s] -- Up-to-date: /home/fbot/kobuki_base_ros2/install/kobuki_core/include/kobuki_core/modules/digital_output.hpp
[0.159s] -- Up-to-date: /home/fbot/kobuki_base_ros2/install/kobuki_core/include/kobuki_core/modules/battery.hpp
[0.159s] -- Up-to-date: /home/fbot/kobuki_base_ros2/install/kobuki_core/include/kobuki_core/command.hpp
[0.159s] -- Up-to-date: /home/fbot/kobuki_base_ros2/install/kobuki_core/include/kobuki_core/kobuki.hpp
[0.159s] -- Up-to-date: /home/fbot/kobuki_base_ros2/install/kobuki_core/include/kobuki_core/packets.hpp
[0.159s] -- Up-to-date: /home/fbot/kobuki_base_ros2/install/kobuki_core/include/kobuki_core/logging.hpp
[0.159s] -- Up-to-date: /home/fbot/kobuki_base_ros2/install/kobuki_core/include/kobuki_core/parameters.hpp
[0.159s] -- Up-to-date: /home/fbot/kobuki_base_ros2/install/kobuki_core/include/kobuki_core/dock_drive.hpp
[0.159s] -- Up-to-date: /home/fbot/kobuki_base_ros2/install/kobuki_core/include/kobuki_core/packets
[0.159s] -- Up-to-date: /home/fbot/kobuki_base_ros2/install/kobuki_core/include/kobuki_core/packets/firmware.hpp
[0.159s] -- Up-to-date: /home/fbot/kobuki_base_ros2/install/kobuki_core/include/kobuki_core/packets/dock_ir.hpp
[0.159s] -- Up-to-date: /home/fbot/kobuki_base_ros2/install/kobuki_core/include/kobuki_core/packets/eeprom.hpp
[0.159s] -- Up-to-date: /home/fbot/kobuki_base_ros2/install/kobuki_core/include/kobuki_core/packets/hardware.hpp
[0.159s] -- Up-to-date: /home/fbot/kobuki_base_ros2/install/kobuki_core/include/kobuki_core/packets/unique_device_id.hpp
[0.159s] -- Up-to-date: /home/fbot/kobuki_base_ros2/install/kobuki_core/include/kobuki_core/packets/gp_input.hpp
[0.160s] -- Up-to-date: /home/fbot/kobuki_base_ros2/install/kobuki_core/include/kobuki_core/packets/cliff.hpp
[0.160s] -- Up-to-date: /home/fbot/kobuki_base_ros2/install/kobuki_core/include/kobuki_core/packets/controller_info.hpp
[0.160s] -- Up-to-date: /home/fbot/kobuki_base_ros2/install/kobuki_core/include/kobuki_core/packets/inertia.hpp
[0.160s] -- Up-to-date: /home/fbot/kobuki_base_ros2/install/kobuki_core/include/kobuki_core/packets/current.hpp
[0.160s] -- Up-to-date: /home/fbot/kobuki_base_ros2/install/kobuki_core/include/kobuki_core/packets/core_sensors.hpp
[0.160s] -- Up-to-date: /home/fbot/kobuki_base_ros2/install/kobuki_core/include/kobuki_core/packets/three_axis_gyro.hpp
[0.160s] -- Up-to-date: /home/fbot/kobuki_base_ros2/install/kobuki_core/include/kobuki_core/packet_handler
[0.160s] -- Up-to-date: /home/fbot/kobuki_base_ros2/install/kobuki_core/include/kobuki_core/packet_handler/payload_base.hpp
[0.160s] -- Up-to-date: /home/fbot/kobuki_base_ros2/install/kobuki_core/include/kobuki_core/packet_handler/packet_finder.hpp
[0.160s] -- Up-to-date: /home/fbot/kobuki_base_ros2/install/kobuki_core/include/kobuki_core/packet_handler/payload_headers.hpp
[0.160s] -- Up-to-date: /home/fbot/kobuki_base_ros2/install/kobuki_core/share/kobuki_core/environment/library_path.sh
[0.160s] -- Up-to-date: /home/fbot/kobuki_base_ros2/install/kobuki_core/share/kobuki_core/environment/library_path.dsv
[0.160s] -- Up-to-date: /home/fbot/kobuki_base_ros2/install/kobuki_core/share/ament_index/resource_index/package_run_dependencies/kobuki_core
[0.160s] -- Up-to-date: /home/fbot/kobuki_base_ros2/install/kobuki_core/share/ament_index/resource_index/parent_prefix_path/kobuki_core
[0.160s] -- Up-to-date: /home/fbot/kobuki_base_ros2/install/kobuki_core/share/kobuki_core/environment/ament_prefix_path.sh
[0.160s] -- Up-to-date: /home/fbot/kobuki_base_ros2/install/kobuki_core/share/kobuki_core/environment/ament_prefix_path.dsv
[0.160s] -- Up-to-date: /home/fbot/kobuki_base_ros2/install/kobuki_core/share/kobuki_core/environment/path.sh
[0.160s] -- Up-to-date: /home/fbot/kobuki_base_ros2/install/kobuki_core/share/kobuki_core/environment/path.dsv
[0.160s] -- Up-to-date: /home/fbot/kobuki_base_ros2/install/kobuki_core/share/kobuki_core/local_setup.bash
[0.160s] -- Up-to-date: /home/fbot/kobuki_base_ros2/install/kobuki_core/share/kobuki_core/local_setup.sh
[0.161s] -- Up-to-date: /home/fbot/kobuki_base_ros2/install/kobuki_core/share/kobuki_core/local_setup.zsh
[0.161s] -- Up-to-date: /home/fbot/kobuki_base_ros2/install/kobuki_core/share/kobuki_core/local_setup.dsv
[0.161s] -- Installing: /home/fbot/kobuki_base_ros2/install/kobuki_core/share/kobuki_core/package.dsv
[0.161s] -- Up-to-date: /home/fbot/kobuki_base_ros2/install/kobuki_core/share/ament_index/resource_index/packages/kobuki_core
[0.161s] -- Up-to-date: /home/fbot/kobuki_base_ros2/install/kobuki_core/share/kobuki_core/cmake/kobuki_coreExport.cmake
[0.161s] -- Up-to-date: /home/fbot/kobuki_base_ros2/install/kobuki_core/share/kobuki_core/cmake/kobuki_coreExport-noconfig.cmake
[0.161s] -- Up-to-date: /home/fbot/kobuki_base_ros2/install/kobuki_core/share/kobuki_core/cmake/ament_cmake_export_targets-extras.cmake
[0.161s] -- Up-to-date: /home/fbot/kobuki_base_ros2/install/kobuki_core/share/kobuki_core/cmake/ament_cmake_export_dependencies-extras.cmake
[0.161s] -- Up-to-date: /home/fbot/kobuki_base_ros2/install/kobuki_core/share/kobuki_core/cmake/ament_cmake_export_include_directories-extras.cmake
[0.161s] -- Up-to-date: /home/fbot/kobuki_base_ros2/install/kobuki_core/share/kobuki_core/cmake/ament_cmake_export_libraries-extras.cmake
[0.161s] -- Up-to-date: /home/fbot/kobuki_base_ros2/install/kobuki_core/share/kobuki_core/cmake/kobuki_coreConfig.cmake
[0.161s] -- Up-to-date: /home/fbot/kobuki_base_ros2/install/kobuki_core/share/kobuki_core/cmake/kobuki_coreConfig-version.cmake
[0.161s] -- Up-to-date: /home/fbot/kobuki_base_ros2/install/kobuki_core/share/kobuki_core/package.xml
[0.161s] -- Up-to-date: /home/fbot/kobuki_base_ros2/install/kobuki_core/include/kobuki_core
[0.161s] -- Up-to-date: /home/fbot/kobuki_base_ros2/install/kobuki_core/include/kobuki_core/version_info.hpp
[0.161s] -- Up-to-date: /home/fbot/kobuki_base_ros2/install/kobuki_core/include/kobuki_core/modules.hpp
[0.161s] -- Up-to-date: /home/fbot/kobuki_base_ros2/install/kobuki_core/include/kobuki_core/macros.hpp
[0.161s] -- Up-to-date: /home/fbot/kobuki_base_ros2/install/kobuki_core/include/kobuki_core/event_manager.hpp
[0.161s] -- Up-to-date: /home/fbot/kobuki_base_ros2/install/kobuki_core/include/kobuki_core/modules
[0.162s] -- Up-to-date: /home/fbot/kobuki_base_ros2/install/kobuki_core/include/kobuki_core/modules/diff_drive.hpp
[0.162s] -- Up-to-date: /home/fbot/kobuki_base_ros2/install/kobuki_core/include/kobuki_core/modules/led_array.hpp
[0.162s] -- Up-to-date: /home/fbot/kobuki_base_ros2/install/kobuki_core/include/kobuki_core/modules/acceleration_limiter.hpp
[0.162s] -- Up-to-date: /home/fbot/kobuki_base_ros2/install/kobuki_core/include/kobuki_core/modules/sound.hpp
[0.162s] -- Up-to-date: /home/fbot/kobuki_base_ros2/install/kobuki_core/include/kobuki_core/modules/digital_output.hpp
[0.162s] -- Up-to-date: /home/fbot/kobuki_base_ros2/install/kobuki_core/include/kobuki_core/modules/battery.hpp
[0.162s] -- Up-to-date: /home/fbot/kobuki_base_ros2/install/kobuki_core/include/kobuki_core/command.hpp
[0.162s] -- Up-to-date: /home/fbot/kobuki_base_ros2/install/kobuki_core/include/kobuki_core/kobuki.hpp
[0.162s] -- Up-to-date: /home/fbot/kobuki_base_ros2/install/kobuki_core/include/kobuki_core/packets.hpp
[0.162s] -- Up-to-date: /home/fbot/kobuki_base_ros2/install/kobuki_core/include/kobuki_core/logging.hpp
[0.162s] -- Up-to-date: /home/fbot/kobuki_base_ros2/install/kobuki_core/include/kobuki_core/parameters.hpp
[0.162s] -- Up-to-date: /home/fbot/kobuki_base_ros2/install/kobuki_core/include/kobuki_core/dock_drive.hpp
[0.162s] -- Up-to-date: /home/fbot/kobuki_base_ros2/install/kobuki_core/include/kobuki_core/packets
[0.162s] -- Up-to-date: /home/fbot/kobuki_base_ros2/install/kobuki_core/include/kobuki_core/packets/firmware.hpp
[0.162s] -- Up-to-date: /home/fbot/kobuki_base_ros2/install/kobuki_core/include/kobuki_core/packets/dock_ir.hpp
[0.162s] -- Up-to-date: /home/fbot/kobuki_base_ros2/install/kobuki_core/include/kobuki_core/packets/eeprom.hpp
[0.162s] -- Up-to-date: /home/fbot/kobuki_base_ros2/install/kobuki_core/include/kobuki_core/packets/hardware.hpp
[0.162s] -- Up-to-date: /home/fbot/kobuki_base_ros2/install/kobuki_core/include/kobuki_core/packets/unique_device_id.hpp
[0.162s] -- Up-to-date: /home/fbot/kobuki_base_ros2/install/kobuki_core/include/kobuki_core/packets/gp_input.hpp
[0.162s] -- Up-to-date: /home/fbot/kobuki_base_ros2/install/kobuki_core/include/kobuki_core/packets/cliff.hpp
[0.163s] -- Up-to-date: /home/fbot/kobuki_base_ros2/install/kobuki_core/include/kobuki_core/packets/controller_info.hpp
[0.163s] -- Up-to-date: /home/fbot/kobuki_base_ros2/install/kobuki_core/include/kobuki_core/packets/inertia.hpp
[0.163s] -- Up-to-date: /home/fbot/kobuki_base_ros2/install/kobuki_core/include/kobuki_core/packets/current.hpp
[0.163s] -- Up-to-date: /home/fbot/kobuki_base_ros2/install/kobuki_core/include/kobuki_core/packets/core_sensors.hpp
[0.163s] -- Up-to-date: /home/fbot/kobuki_base_ros2/install/kobuki_core/include/kobuki_core/packets/three_axis_gyro.hpp
[0.163s] -- Up-to-date: /home/fbot/kobuki_base_ros2/install/kobuki_core/include/kobuki_core/packet_handler
[0.163s] -- Up-to-date: /home/fbot/kobuki_base_ros2/install/kobuki_core/include/kobuki_core/packet_handler/payload_base.hpp
[0.163s] -- Up-to-date: /home/fbot/kobuki_base_ros2/install/kobuki_core/include/kobuki_core/packet_handler/packet_finder.hpp
[0.163s] -- Up-to-date: /home/fbot/kobuki_base_ros2/install/kobuki_core/include/kobuki_core/packet_handler/payload_headers.hpp
[0.163s] -- Up-to-date: /home/fbot/kobuki_base_ros2/install/kobuki_core/lib/libkobuki_core.so.1.4.0
[0.163s] -- Up-to-date: /home/fbot/kobuki_base_ros2/install/kobuki_core/lib/libkobuki_core.so
[0.163s] -- Up-to-date: /home/fbot/kobuki_base_ros2/install/kobuki_core/lib/kobuki_core/demo_buttons
[0.163s] -- Up-to-date: /home/fbot/kobuki_base_ros2/install/kobuki_core/lib/kobuki_core/demo_chirp
[0.163s] -- Up-to-date: /home/fbot/kobuki_base_ros2/install/kobuki_core/lib/kobuki_core/demo_custom_logging
[0.163s] -- Up-to-date: /home/fbot/kobuki_base_ros2/install/kobuki_core/lib/kobuki_core/demo_data_stream
[0.163s] -- Up-to-date: /home/fbot/kobuki_base_ros2/install/kobuki_core/lib/kobuki_core/demo_log_levels
[0.163s] -- Up-to-date: /home/fbot/kobuki_base_ros2/install/kobuki_core/lib/kobuki_core/demo_raw_data_stream
[0.163s] -- Up-to-date: /home/fbot/kobuki_base_ros2/install/kobuki_core/lib/kobuki_core/demo_simple_loop
[0.164s] -- Up-to-date: /home/fbot/kobuki_base_ros2/install/kobuki_core/lib/kobuki_core/demo_velocity_commands
[0.164s] -- Up-to-date: /home/fbot/kobuki_base_ros2/install/kobuki_core/bin/kobuki-version-info
[0.164s] -- Up-to-date: /home/fbot/kobuki_base_ros2/install/kobuki_core/bin/kobuki-simple-keyop
[0.165s] Invoked command in '/home/fbot/kobuki_base_ros2/build/kobuki_core' returned '0': AMENT_PREFIX_PATH=/home/fbot/kobuki_base_ros2/install/ecl_mobile_robot:/home/fbot/kobuki_base_ros2/install/ecl_geometry:/home/fbot/kobuki_base_ros2/install/ecl_devices:/home/fbot/kobuki_base_ros2/install/ecl_sigslots:/home/fbot/kobuki_base_ros2/install/ecl_linear_algebra:/home/fbot/kobuki_base_ros2/install/ecl_containers:/home/fbot/kobuki_base_ros2/install/ecl_threads:/home/fbot/kobuki_base_ros2/install/ecl_formatters:/home/fbot/kobuki_base_ros2/install/ecl_utilities:/home/fbot/kobuki_base_ros2/install/ecl_time:/home/fbot/kobuki_base_ros2/install/ecl_converters:/home/fbot/kobuki_base_ros2/install/ecl_time_lite:/home/fbot/kobuki_base_ros2/install/ecl_math:/home/fbot/kobuki_base_ros2/install/ecl_exceptions:/home/fbot/kobuki_base_ros2/install/ecl_concepts:/home/fbot/kobuki_base_ros2/install/ecl_type_traits:/home/fbot/kobuki_base_ros2/install/ecl_errors:/home/fbot/kobuki_base_ros2/install/ecl_console:/home/fbot/kobuki_base_ros2/install/ecl_mpl:/home/fbot/kobuki_base_ros2/install/ecl_eigen:/home/fbot/kobuki_base_ros2/install/ecl_config:/home/fbot/kobuki_base_ros2/install/ecl_command_line:${AMENT_PREFIX_PATH} CMAKE_PREFIX_PATH=/home/fbot/kobuki_base_ros2/install/ecl_mobile_robot:/home/fbot/kobuki_base_ros2/install/ecl_geometry:/home/fbot/kobuki_base_ros2/install/ecl_devices:/home/fbot/kobuki_base_ros2/install/ecl_sigslots:/home/fbot/kobuki_base_ros2/install/ecl_linear_algebra:/home/fbot/kobuki_base_ros2/install/ecl_containers:/home/fbot/kobuki_base_ros2/install/ecl_threads:/home/fbot/kobuki_base_ros2/install/ecl_formatters:/home/fbot/kobuki_base_ros2/install/ecl_utilities:/home/fbot/kobuki_base_ros2/install/ecl_time:/home/fbot/kobuki_base_ros2/install/ecl_converters:/home/fbot/kobuki_base_ros2/install/ecl_time_lite:/home/fbot/kobuki_base_ros2/install/ecl_math:/home/fbot/kobuki_base_ros2/install/ecl_exceptions:/home/fbot/kobuki_base_ros2/install/ecl_concepts:/home/fbot/kobuki_base_ros2/install/ecl_type_traits:/home/fbot/kobuki_base_ros2/install/ecl_errors:/home/fbot/kobuki_base_ros2/install/ecl_console:/home/fbot/kobuki_base_ros2/install/ecl_mpl:/home/fbot/kobuki_base_ros2/install/ecl_eigen:/home/fbot/kobuki_base_ros2/install/ecl_config:/home/fbot/kobuki_base_ros2/install/ecl_command_line:/opt/ros/humble LD_LIBRARY_PATH=/home/fbot/kobuki_base_ros2/install/ecl_mobile_robot/lib:/home/fbot/kobuki_base_ros2/install/ecl_geometry/lib:/home/fbot/kobuki_base_ros2/install/ecl_devices/lib:/home/fbot/kobuki_base_ros2/install/ecl_linear_algebra/lib:/home/fbot/kobuki_base_ros2/install/ecl_threads/lib:/home/fbot/kobuki_base_ros2/install/ecl_formatters/lib:/home/fbot/kobuki_base_ros2/install/ecl_time/lib:/home/fbot/kobuki_base_ros2/install/ecl_time_lite/lib:/home/fbot/kobuki_base_ros2/install/ecl_exceptions/lib:/home/fbot/kobuki_base_ros2/install/ecl_type_traits/lib:/home/fbot/kobuki_base_ros2/install/ecl_errors/lib:${LD_LIBRARY_PATH} PATH=/home/fbot/kobuki_base_ros2/install/ecl_type_traits/bin:/home/fbot/kobuki_base_ros2/install/ecl_config/bin:${PATH} /usr/bin/cmake --install /home/fbot/kobuki_base_ros2/build/kobuki_core
