[0.022s] Invoking command in '/home/fbot/kobuki_base_ros2/build/ecl_command_line': CMAKE_PREFIX_PATH=/opt/ros/humble /usr/bin/cmake /home/fbot/kobuki_base_ros2/src/ecl_core/ecl_command_line -DCMAKE_INSTALL_PREFIX=/home/fbot/kobuki_base_ros2/install/ecl_command_line
[0.359s] -- The C compiler identification is GNU 11.4.0
[0.359s] -- The CXX compiler identification is GNU 11.4.0
[0.359s] -- Detecting C compiler ABI info
[0.359s] -- Detecting C compiler ABI info - done
[0.359s] -- Check for working C compiler: /usr/bin/cc - skipped
[0.360s] -- Detecting C compile features
[0.360s] -- Detecting C compile features - done
[0.360s] -- Detecting CXX compiler ABI info
[0.360s] -- Detecting CXX compiler ABI info - done
[0.360s] -- Check for working CXX compiler: /usr/bin/c++ - skipped
[0.360s] -- Detecting CXX compile features
[0.360s] -- Detecting CXX compile features - done
[0.360s] -- Found ament_cmake_ros: 0.10.0 (/opt/ros/humble/share/ament_cmake_ros/cmake)
[0.426s] -- Found Python3: /usr/bin/python3 (found version "3.10.12") found components: Interpreter 
[0.509s] -- Found ecl_build: 1.0.3 (/opt/ros/humble/share/ecl_build/cmake)
[0.601s] -- Found ament_lint_auto: 0.12.15 (/opt/ros/humble/share/ament_lint_auto/cmake)
[0.624s] -- Configuring done
[0.632s] -- Generating done
[0.636s] -- Build files have been written to: /home/fbot/kobuki_base_ros2/build/ecl_command_line
[0.650s] Invoked command in '/home/fbot/kobuki_base_ros2/build/ecl_command_line' returned '0': CMAKE_PREFIX_PATH=/opt/ros/humble /usr/bin/cmake /home/fbot/kobuki_base_ros2/src/ecl_core/ecl_command_line -DCMAKE_INSTALL_PREFIX=/home/fbot/kobuki_base_ros2/install/ecl_command_line
[0.651s] Invoking command in '/home/fbot/kobuki_base_ros2/build/ecl_command_line': CMAKE_PREFIX_PATH=/opt/ros/humble /usr/bin/cmake --build /home/fbot/kobuki_base_ros2/build/ecl_command_line -- -j12 -l12
[0.694s] [ 50%] [32mBuilding CXX object src/examples/CMakeFiles/ecl_demo_command_line.dir/command_line.cpp.o[0m
[1.553s] [100%] [32m[1mLinking CXX executable demo_command_line[0m
[1.638s] [100%] Built target ecl_demo_command_line
[1.647s] Invoked command in '/home/fbot/kobuki_base_ros2/build/ecl_command_line' returned '0': CMAKE_PREFIX_PATH=/opt/ros/humble /usr/bin/cmake --build /home/fbot/kobuki_base_ros2/build/ecl_command_line -- -j12 -l12
[1.649s] Invoking command in '/home/fbot/kobuki_base_ros2/build/ecl_command_line': CMAKE_PREFIX_PATH=/opt/ros/humble /usr/bin/cmake --install /home/fbot/kobuki_base_ros2/build/ecl_command_line
[1.655s] -- Install configuration: ""
[1.655s] -- Installing: /home/fbot/kobuki_base_ros2/install/ecl_command_line/share/ament_index/resource_index/package_run_dependencies/ecl_command_line
[1.655s] -- Installing: /home/fbot/kobuki_base_ros2/install/ecl_command_line/share/ament_index/resource_index/parent_prefix_path/ecl_command_line
[1.656s] -- Installing: /home/fbot/kobuki_base_ros2/install/ecl_command_line/share/ecl_command_line/environment/ament_prefix_path.sh
[1.656s] -- Installing: /home/fbot/kobuki_base_ros2/install/ecl_command_line/share/ecl_command_line/environment/ament_prefix_path.dsv
[1.656s] -- Installing: /home/fbot/kobuki_base_ros2/install/ecl_command_line/share/ecl_command_line/environment/path.sh
[1.656s] -- Installing: /home/fbot/kobuki_base_ros2/install/ecl_command_line/share/ecl_command_line/environment/path.dsv
[1.656s] -- Installing: /home/fbot/kobuki_base_ros2/install/ecl_command_line/share/ecl_command_line/local_setup.bash
[1.656s] -- Installing: /home/fbot/kobuki_base_ros2/install/ecl_command_line/share/ecl_command_line/local_setup.sh
[1.656s] -- Installing: /home/fbot/kobuki_base_ros2/install/ecl_command_line/share/ecl_command_line/local_setup.zsh
[1.656s] -- Installing: /home/fbot/kobuki_base_ros2/install/ecl_command_line/share/ecl_command_line/local_setup.dsv
[1.657s] -- Installing: /home/fbot/kobuki_base_ros2/install/ecl_command_line/share/ecl_command_line/package.dsv
[1.657s] -- Installing: /home/fbot/kobuki_base_ros2/install/ecl_command_line/share/ament_index/resource_index/packages/ecl_command_line
[1.657s] -- Installing: /home/fbot/kobuki_base_ros2/install/ecl_command_line/share/ecl_command_line/cmake/ecl_command_lineExport.cmake
[1.657s] -- Installing: /home/fbot/kobuki_base_ros2/install/ecl_command_line/share/ecl_command_line/cmake/ament_cmake_export_targets-extras.cmake
[1.657s] -- Installing: /home/fbot/kobuki_base_ros2/install/ecl_command_line/share/ecl_command_line/cmake/ament_cmake_export_include_directories-extras.cmake
[1.657s] -- Installing: /home/fbot/kobuki_base_ros2/install/ecl_command_line/share/ecl_command_line/cmake/ecl_command_lineConfig.cmake
[1.657s] -- Installing: /home/fbot/kobuki_base_ros2/install/ecl_command_line/share/ecl_command_line/cmake/ecl_command_lineConfig-version.cmake
[1.657s] -- Installing: /home/fbot/kobuki_base_ros2/install/ecl_command_line/share/ecl_command_line/package.xml
[1.658s] -- Installing: /home/fbot/kobuki_base_ros2/install/ecl_command_line/include/ecl/command_line.hpp
[1.658s] -- Installing: /home/fbot/kobuki_base_ros2/install/ecl_command_line/include/ecl/command_line/arg.hpp
[1.658s] -- Installing: /home/fbot/kobuki_base_ros2/install/ecl_command_line/include/ecl/command_line/arg_exception.hpp
[1.658s] -- Installing: /home/fbot/kobuki_base_ros2/install/ecl_command_line/include/ecl/command_line/cmd_line.hpp
[1.658s] -- Installing: /home/fbot/kobuki_base_ros2/install/ecl_command_line/include/ecl/command_line/cmd_line_interface.hpp
[1.658s] -- Installing: /home/fbot/kobuki_base_ros2/install/ecl_command_line/include/ecl/command_line/cmd_line_output.hpp
[1.658s] -- Installing: /home/fbot/kobuki_base_ros2/install/ecl_command_line/include/ecl/command_line/constraint.hpp
[1.658s] -- Installing: /home/fbot/kobuki_base_ros2/install/ecl_command_line/include/ecl/command_line/docbook_output.hpp
[1.659s] -- Installing: /home/fbot/kobuki_base_ros2/install/ecl_command_line/include/ecl/command_line/help_visitor.hpp
[1.659s] -- Installing: /home/fbot/kobuki_base_ros2/install/ecl_command_line/include/ecl/command_line/ignore_rest_visitor.hpp
[1.659s] -- Installing: /home/fbot/kobuki_base_ros2/install/ecl_command_line/include/ecl/command_line/multi_arg.hpp
[1.659s] -- Installing: /home/fbot/kobuki_base_ros2/install/ecl_command_line/include/ecl/command_line/multi_switch_arg.hpp
[1.659s] -- Installing: /home/fbot/kobuki_base_ros2/install/ecl_command_line/include/ecl/command_line/optional_unlabeled_tracker.hpp
[1.659s] -- Installing: /home/fbot/kobuki_base_ros2/install/ecl_command_line/include/ecl/command_line/std_output.hpp
[1.659s] -- Installing: /home/fbot/kobuki_base_ros2/install/ecl_command_line/include/ecl/command_line/switch_arg.hpp
[1.659s] -- Installing: /home/fbot/kobuki_base_ros2/install/ecl_command_line/include/ecl/command_line/unlabeled_multi_arg.hpp
[1.659s] -- Installing: /home/fbot/kobuki_base_ros2/install/ecl_command_line/include/ecl/command_line/unlabeled_value_arg.hpp
[1.660s] -- Installing: /home/fbot/kobuki_base_ros2/install/ecl_command_line/include/ecl/command_line/value_arg.hpp
[1.660s] -- Installing: /home/fbot/kobuki_base_ros2/install/ecl_command_line/include/ecl/command_line/values_constraint.hpp
[1.660s] -- Installing: /home/fbot/kobuki_base_ros2/install/ecl_command_line/include/ecl/command_line/version_visitor.hpp
[1.660s] -- Installing: /home/fbot/kobuki_base_ros2/install/ecl_command_line/include/ecl/command_line/visitor.hpp
[1.660s] -- Installing: /home/fbot/kobuki_base_ros2/install/ecl_command_line/include/ecl/command_line/xor_handler.hpp
[1.660s] -- Installing: /home/fbot/kobuki_base_ros2/install/ecl_command_line/lib/ecl_command_line/demo_command_line
[1.662s] Invoked command in '/home/fbot/kobuki_base_ros2/build/ecl_command_line' returned '0': CMAKE_PREFIX_PATH=/opt/ros/humble /usr/bin/cmake --install /home/fbot/kobuki_base_ros2/build/ecl_command_line
